-13936 -19384 15044
-3536 14712 5296
20224 -8140 32767
-11040 3472 -13856
3396 1236 16272
3356 -5628 22668
-6152 -8924 31520
27004 -8504 25064
-7236 2876 -15336
20604 4240 10180
17704 24004 16148
-13784 -1744 17540
1864 -11484 20532
-6964 -10712 21092
3332 1932 10292
2924 13620 4668
-15272 9564 24516
-432 2268 20152
6884 -360 11964
744 -800 5268
-5640 7900 23768
5328 -8992 17788
19792 3796 -8344
1680 12076 -16420
584 6504 24436
24964 3024 26844
-4516 -11836 24744
-5356 1716 3644
13364 596 6076
-10800 9584 11132
13984 2140 15248
11556 17540 -212
5664 4736 8780
17580 -16972 32767
-11572 -15408 24424
6908 3812 28120
-8404 -5576 4992
7952 1564 4832
23432 9652 2364
-6492 1308 7320
-26560 -15580 32767
-5708 8128 -4072
21300 -3452 4
17640 18272 -18364
-15960 3740 29964
32767 -18172 32767
7248 -11436 -8404
9004 22968 32767
-8248 -8104 18008
18812 -10964 9356
-11368 -468 17080
-10128 4324 32767
9888 4020 14504
-18344 -4368 32767
5536 920 23664
-1600 -5488 -4832
20128 -6768 5076
-12344 4736 21084
-560 -6304 31372
18896 -6128 19464
1940 -16012 -10892
32767 2420 17788
-19540 6424 22580
-6320 -1060 32767
23784 -6048 2528
-17952 -1956 -8324
6992 -15556 32767
-4712 4540 12032
-7072 536 4824
19512 5664 17100
-5544 356 3796
6152 -6536 13636
-4824 -2216 31400
-8916 -7524 32767
6232 -344 20852
3620 -120 -5372
2224 8748 12852
-552 6596 11372
3608 -380 24628
9940 -2980 3460
-316 -5248 15648
8584 3732 18948
6404 660 18776
-956 -436 11340
112 2324 15512
-268 328 7780
6156 548 12164
6440 -5408 24540
4976 -2636 3516
6492 1392 26204
-5496 8300 -1088
6432 1372 32767
6564 -436 26748
10768 -5976 5692
13332 5468 -2400
-21892 -2772 27264
13652 -27776 32767
-4524 14240 -21736
17844 27148 3276
-4084 20432 24700
3224 -17464 23340
17880 -17360 15340
-20048 -3372 18992
25556 3600 32767
-4432 -2000 -5608
-52 15148 -5900
-6820 7524 1160
25876 4044 6812
-2348 2288 2992
-104 -6668 19984
4628 -7092 32767
-12436 -11676 -6932
23688 9484 -340
728 17052 -1532
-200 620 15668
8512 -17136 32767
-21716 -10740 -160
23156 -13016 32767
-19384 7924 -8280
22120 8760 16064
-2152 11340 11644
8492 972 22380
-5804 -9748 32767
4076 -1784 4492
24308 -404 13836
-18788 22240 18904
2796 -1228 17684
31076 -9536 21072
-32768 5356 11292
16356 -12068 32767
-8396 3436 -21304
1808 3064 4472
-31860 -772 32767
23496 -18236 11592
7092 264 -1104
-3268 17788 26700
708 -2972 25492
19512 -14576 14540
21988 2968 -1564
-15212 1844 22408
8452 6288 32767
-1268 -6532 3536
4940 -4304 -100
276 1488 32767
4012 -1188 10292
-16496 -6812 2424
-3088 -3920 26788
12312 -6152 18988
-11068 6948 7852
8032 2120 1944
18332 2988 7608
18896 6424 5612
-3640 3400 23280
-6472 -9332 32767
6892 -18648 16572
3708 4860 18688
-7988 1328 24164
32767 -1244 27820
2776 11700 56
-1684 11148 -6916
-8220 -4524 30596
4148 -6528 26760
15640 -2492 7932
-21360 6076 7284
2892 -3224 32767
9968 384 32767
-4172 152 1268
15988 404 7272
9732 11116 6760
-18736 4092 26192
9608 -9364 30812
-6220 -2424 14508
13132 2852 8784
7896 13940 10456
16188 3260 13164
-9892 1356 13764
10408 -14904 12336
-2344 -1808 17672
5976 -3656 14316
3916 4260 24836
-4952 -11432 10716
22988 4304 8444
-600 16952 6360
-14364 6468 13868
22812 -11684 21536
-2568 -10244 -1588
-2096 -1000 32767
-2724 -3876 25772
13584 -7168 10988
9096 7836 832
12772 9344 5320
1580 2040 32767
-22472 -8340 30556
14484 -9872 9488
7508 -276 5432
7412 10708 11212
-5112 1584 28372
2684 -7920 32767
784 -8104 8684
5376 -4420 12764
5916 14964 14616
8260 -584 16260
-10524 11252 23024
572 -6604 2992
1552 -3456 11136
5076 -684 26956
5532 2544 10656
5268 3460 8740
-1908 1316 6788
380 -7116 20896
480 -7948 7892
8196 6716 31572
3508 12880 -2848
8632 -1260 21172
-9352 -7032 32767
10676 -6092 10684
12284 8812 -6668
-12124 1780 18768
2560 -1416 32767
4120 -22992 19336
-4600 8184 3312
13044 8616 5700
-6432 6604 6144
-7880 -5040 12084
20580 2500 18372
-2752 6148 8876
-5196 -7908 9472
22780 3272 17896
3220 5612 -6152
3968 7320 2720
-23732 -5252 32767
26044 -7140 -1224
-14488 4048 8448
11572 -1020 10124
-2516 2160 15584
8348 -6316 13144
7300 9496 22916
-8 1888 21252
-8296 -6020 20488
21780 -3324 23364
-15808 1876 3512
10448 -716 5528
19676 16636 10472
-29028 764 22296
11560 -22116 24772
12852 2044 26396
-8272 9512 -7160
4772 0 14812
11448 2420 32767
-10844 -15308 14272
15076 -6128 6004
5220 12004 9872
2228 2088 1740
-5248 5540 10384
7380 -17144 25300
9396 4528 6108
-732 3568 32767
11000 5048 940
-1496 5424 10028
15824 -944 15936
-17976 -1684 6892
19916 -19296 32767
-18896 1900 8980
17660 -3824 5896
-4644 7800 2980
-6160 236 32767
11568 -2688 24760
12840 -2880 -11348
-12580 7352 -11556
6724 -752 28440
8060 -4676 18892
-12004 10956 14648
23696 56 5868
3728 2196 20500
-10432 -4496 32767
9676 328 9008
8824 8712 9548
-2464 21320 13052
-3344 -332 16872
2032 -4336 26648
3136 -5032 4112
-4224 -792 5164
-5752 -4136 11792
13652 2136 640
-3516 8564 22580
6060 -3484 15096
4328 -1896 8856
628 1548 -1648
11948 2788 15324
3128 4776 32767
16604 -4708 -8996
11348 -3464 32767
-5392 -6688 8904
20860 -908 15764
-7656 7884 -3496
-18308 1960 32767
20588 -10316 22528
-5272 -13384 13828
12980 14756 13320
7668 -10436 5452
3408 2856 9168
-18540 2708 14040
19268 -10508 32767
2092 6020 9872
-3980 6816 11716
-1712 -4748 28508
3880 -2548 27424
3844 -9248 28972
-13544 -1968 22592
28652 7328 372
5200 13396 -15052
-7468 12204 12104
-16044 -11868 32767
9448 -4324 21964
10324 -17508 -4712
-4904 1960 9932
5308 10144 19816
17564 -2872 7244
-15536 -176 7816
3428 -5920 32767
18992 -7120 2636
-4644 748 23348
8432 -8864 19396
-11052 -2920 32767
11848 2076 4456
6704 17356 -3940
18900 13772 -11788
-31100 5908 32767
-156 -32768 32767
3032 -3600 -7716
12296 5136 5784
12080 -240 32767
-23660 -2800 11640
30948 -17708 15860
1748 16052 -6036
3352 9756 -9176
5020 -4780 13632
8508 -10532 22732
336 1480 14168
-1288 -144 10876
2056 6132 25496
16392 4236 16584
-14196 5536 5728
13108 -3652 15688
-13260 -6424 32360
884 -4420 12804
13036 856 30456
-1912 4152 14076
-11440 -2768 28244
31056 8472 9412
-2020 -244 2280
-48 4336 8488
-21724 -436 32767
2572 -6224 28184
6756 -13216 3292
15256 7756 -9220
-9776 11012 32340
6672 8180 14512
-4788 -8376 32767
-772 -1252 7728
8980 -6096 6756
20292 5276 -10804
13140 12624 -4992
13628 -7040 32767
15824 -816 484
4068 5508 -5188
-19964 2644 26580
-5272 4468 31372
-1888 -3100 9436
6160 10492 32767
-1444 -744 9444
8788 -9788 8404
-7408 -5160 -3144
-16852 -5964 32767
1912 -2336 17756
15808 14800 -3100
4564 12600 1156
-9896 -4316 12236
8048 -9692 32767
1620 -18544 -9388
8276 -4812 -10628
-5348 18636 7052
3800 -5780 27520
11620 2288 -1476
27196 17396 -1812
-14908 15944 26112
28864 -13812 32767
-23528 4120 5104
5040 1928 11964
-3976 7108 29196
-16912 664 8340
15360 -3996 9696
-5048 -5996 18704
776 2020 12036
14780 -296 11568
260 1292 6232
9192 -352 10176
7676 -9924 23592
-7432 -780 32112
-1292 -8100 23992
10336 1392 -4696
9012 9140 2300
-28364 7332 32767
1572 -15296 32767
20264 4084 408
-5008 11644 -7264
7060 -2056 5900
11132 1272 30988
-1924 628 23684
8416 2772 -3104
12220 1204 1636
-384 -2620 14724
1424 -6548 32767
5456 840 11152
156 -1340 184
3728 10460 12996
2692 5740 17668
10056 -12512 16256
292 608 19992
-5012 1556 13300
1648 -2076 4808
2032 1788 20824
3216 3824 4832
-616 -4748 28584
-19608 -6496 29128
13332 -3404 7152
-1188 -292 24808
-2116 -3172 6240
19120 8184 14108
-8788 1464 22380
-2560 -12300 6408
32767 9376 2172
1640 12572 -3140
-32768 6808 32767
19456 -18904 20508
3156 -9760 -5764
11180 -1024 32292
-12308 1184 23372
16988 -15976 32767
-6016 -6648 -828
16928 4836 2124
-8516 3228 8180
-5760 -11964 20320
14340 -8524 20708
1924 -448 -8340
-1388 3576 17504
-320 -984 29832
7736 -15760 21800
2880 3864 -476
-2240 320 15144
28672 -1424 13988
-10344 7860 10572
2708 -19972 28224
19860 -2292 15788
7188 -76 6740
3844 -168 12856
4128 2524 19884
152 1160 22152
8536 -5384 21740
-2756 4056 20380
4816 13360 6376
12776 13104 4352
-15700 2168 32767
7832 -7808 25756
456 -7436 26384
-8828 -4392 10724
11596 632 8784
20976 9548 15812
-22764 1764 30516
8932 -3276 25364
10884 -2624 -280
4440 -1428 -2076
12204 7704 21176
-20360 -9948 32767
15648 -7216 9796
9164 -1684 -876
-2028 14200 6180
12236 628 8952
3492 -2756 15788
-5988 4100 12224
-160 -10396 23876
9076 -6916 20208
-444 -4728 22868
10748 -3336 -1340
-22352 3280 30104
8608 1420 32767
-5468 -9156 2272
24944 1708 1916
5368 14532 10288
-17360 -15444 32767
688 4308 22452
7800 -13316 14224
25496 13316 -3336
-3324 16752 -5020
-11940 -4032 32767
4384 -13276 22016
8172 -9108 5116
-12564 -2420 -1500
21288 8432 5792
-2448 6712 -5576
-2840 -3752 32767
3072 -1204 24660
6456 -15596 4836
1800 17436 32767
-3888 -10056 22448
14172 1152 8916
2332 18544 4376
15248 1228 10936
-1320 -11676 -2760
-19040 -15916 32360
-2068 -7216 32767
7292 7512 7376
-3452 14476 5948
-7588 5644 7704
11864 -7652 9864
8340 -2280 6532
15528 -624 10420
-15696 -860 32767
5592 -12028 176
25448 1172 -6496
9412 17888 -4312
-1132 9336 24840
8140 -12740 12620
15840 -6708 18904
-12484 3340 25892
6836 -6468 9212
12612 8180 12096
-18980 -3612 27624
-3332 -1724 12600
8832 3008 1044
-6376 4540 5988
6092 -1604 9644
9476 416 19640
-8084 -7580 26020
2804 -19604 32767
4360 360 -6304
10344 2928 -4468
8532 17408 30136
-14376 -4656 32040
9572 -4956 20672
13204 -6200 8512
-968 8964 32276
-8684 -1528 9508
14772 -3572 20704
3436 5452 3164
-2172 8216 -924
-6424 620 23028
-8840 -10960 32767
16868 -11468 13636
-5084 716 12912
-1816 -3612 12376
29324 4320 14440
-7080 944 -608
1168 -2320 15780
14292 1764 26608
-2492 -7784 28568
11752 7096 9264
3768 5380 408
13124 660 8660
8244 -2360 24604
-3912 504 20188
14396 -5748 10980
-2700 -5232 -3140
-408 -10204 32767
1300 1192 25036
11860 180 5000
-5132 6172 10276
18276 5068 12452
-4660 1532 17540
-4240 -9760 22488
14668 -4332 15332
-1664 1156 10468
-7188 -932 18664
9548 -1716 15936
-444 3312 19468
2828 4724 6448
-2812 124 24804
2348 -8400 25216
-1360 -404 16756
9956 864 10820
-2416 2172 17644
5728 -2296 13388
2284 8888 16744
936 -8792 20676
4184 10620 29032
-16948 -4468 13844
15576 -4764 6524
18680 11776 -968
-23220 6260 14436
2420 -17232 32767
4220 1292 2256
8504 -48 8412
4672 16000 -648
6692 5236 12468
-6596 -1580 24828
2660 -23012 25176
-3140 -4920 32632
-1912 -2892 28192
11016 -4020 276
14920 12968 9608
11992 3936 1632
-2320 -7144 7552
7360 -2772 28596
-8376 -6364 22332
16000 2688 1416
2576 8940 -5364
8000 6800 6384
-10792 -6576 32767
-3532 -16584 21476
21036 16556 4596
-7732 16676 1120
16388 -4808 3492
-5968 -1192 18368
7204 -3068 22776
-8304 3564 15908
21684 -1600 11028
-3320 -788 7304
10256 -10056 32767
-132 1608 14556
-11568 -7300 31884
10796 -1208 12564
-9792 6700 32767
2308 5524 23244
7428 -9648 9768
360 2668 16016
7216 3736 1552
11220 4100 480
224 1428 10184
3312 -768 -356
-6744 -4260 32767
17892 -14892 -4248
6888 -10816 -2188
-17868 7492 -2564
7260 260 27380
9116 -5712 32767
-5920 17696 8192
11088 -1588 -6068
4972 -5896 20300
-23372 2416 26640
16084 -17740 32767
-4208 -7380 13064
23628 1144 11288
-11220 8944 10716
7884 -6612 32767
-4504 -416 17200
9932 2424 4296
-4924 9136 464
-8484 1784 19668
19204 -8132 22156
10172 -3564 -720
7688 1584 9244
196 -4864 32767
6672 5164 25020
4496 -3136 -2740
17832 1500 -2136
-4512 -13392 21436
1596 -11988 23008
14180 -13948 13880
-10928 9720 10320
12040 -9024 32767
-2844 2516 -4096
8000 592 9832
12188 4680 7860
176 -288 25592
-1380 -12348 5852
1444 -528 11396
16668 1052 12472
-5016 -2408 32432
-3364 -116 27892
4836 7300 22500
3872 1296 9444
23892 3552 -548
-2788 9296 20788
-19532 -11776 32767
22472 3748 18556
-6128 2180 14764
7928 5456 32372
5148 -2100 -1484
19996 -5084 -3636
-6636 8056 8856
13104 -3668 4812
1304 -6752 26772
5912 1608 12640
-4476 632 13620
-3380 2380 6308
11416 964 2376
-1236 -3168 32767
-384 6080 32767
-4664 -6392 32068
-2148 -912 10888
13648 -2928 -940
15524 11588 18092
3316 7104 11848
-220 -13384 32767
2912 -1736 2908
8160 -2604 17884
-7504 14088 18356
2468 -8336 17948
13124 -3664 7052
-7628 -15392 32767
-776 -7124 1912
16576 4684 -1808
-3712 12060 5548
-12004 -6480 32767
15244 -15016 -2656
14108 3260 -4756
-13656 3400 32767
24212 2068 4496
15928 4508 -3536
-32768 -15384 32767
10328 -14716 20536
-1860 6184 2884
12752 12308 29112
-4044 7296 5096
-9152 1028 20644
5624 -20728 29480
-1212 -3976 12844
12780 3468 5580
-7340 5668 -2088
18992 11116 8996
-11452 564 24100
2772 -11820 26628
5400 -7520 23084
3232 -344 6896
19556 716 16972
-1800 9348 8816
1872 -4192 4272
8524 -14436 32767
7540 -5404 13048
-4640 1416 11496
9488 -1036 28972
-6032 5820 32767
-16092 -2524 19708
10592 -12544 9820
4756 8788 2504
7416 15932 3804
5832 -1184 8796
-328 -12032 30300
6308 -4500 22276
4992 -3748 3484
7968 8592 5400
-7032 -6704 32767
14456 -1392 14016
19192 7416 5592
-20476 21912 13724
2636 -16916 32767
5620 -6196 16392
-17372 -720 7004
5104 -13368 32624
7072 1600 1280
5988 7324 -1648
1828 4084 31508
-9852 10724 17620
6436 -21536 29912
15660 5908 4808
3020 7704 -7256
-3016 3876 27296
240 -7328 26388
2808 -7936 11028
3652 548 10164
10556 9180 5124
-13000 3612 32767
3488 -14776 32767
8924 -6880 20444
-3184 5968 -8160
12088 2136 10180
-8692 -4568 20108
-4400 -13652 32767
24676 -1812 1120
-32 4904 7704
-17136 9808 26120
32767 -13584 18168
-5208 9940 -10716
-13328 4156 32767
16496 4840 4828
-3300 -4364 -10872
21824 -10404 32767
-1212 6932 -1204
-3408 -5764 32767
6436 -4200 27136
2300 3456 -10136
-3684 21156 -5272
-3920 -2396 18120
-5016 -6636 31704
7140 4764 14580
6076 9020 -1124
-8620 11756 15580
-88 -13332 32056
1800 -13028 32767
-5024 -524 -3008
11656 8064 11540
15576 24268 -3132
-10412 -9576 9504
7300 -7612 32767
-5692 -23724 -2656
22712 -12660 19528
-16988 25068 14488
9736 -4604 8936
21052 2056 2608
-6844 -4244 32767
-4600 -676 23504
6580 -9220 4996
5128 -7188 2156
-96 -12140 32767
-10368 4180 28384
6852 -17744 21664
-1512 5948 1456
22112 3652 13148
-9684 388 1020
-10452 -12588 9832
-4068 4868 30272
-9768 2636 32508
8636 -8784 9952
8420 11156 -1020
16860 5216 12304
1888 5328 14496
-7572 -3852 19604
17864 1816 9136
-7784 1000 7064
21928 -5520 9124
15868 6752 -4516
-9848 13240 11696
5900 -6848 16780
6408 6700 -264
-7844 3124 5820
14900 9768 27052
-28684 -1084 24896
-11936 -20068 23740
10812 -5464 7964
900 3752 -10580
2512 14436 -11480
-22352 -6880 11120
10752 -7440 32767
10336 -7308 -6156
12144 -3300 -6340
1136 10024 32767
-1264 1880 29544
14412 -2852 -4080
2056 4 10744
-1688 -7096 32767
14908 -4436 17584
3216 -5260 32767
-12700 1856 14652
15332 4328 17708
-2356 6052 14028
-6160 -1200 -1172
29568 -7900 14704
-32768 544 23996
14568 -9504 24500
-2004 -2904 -2108
-17552 4848 26356
9224 -2284 15132
27808 6352 12060
-22996 688 27844
22044 -7196 31276
740 -1320 8036
-356 2896 2540
-4464 10004 32767
2788 -4424 23372
184 -8924 -2956
23568 9288 700
7556 10864 -3088
-18160 6536 19612
2728 -9884 22972
5220 -3076 -2136
9368 -116 13344
8056 4020 1948
-1504 -5412 -7004
-6604 -10260 32767
5092 10920 12004
22752 1988 -1224
-16152 -6220 -5976
24368 -3560 32767
-15076 -8836 32767
5648 2292 9032
624 8100 18488
9780 -2308 32384
1512 -6156 -8096
852 -2988 27340
508 5948 -1136
-4308 8520 16576
5268 -7168 18780
-7200 128 30796
-7152 -12600 27300
3408 -4044 9632
5784 -4072 19208
-8100 2828 884
12092 -1644 8932
18312 4764 5660
-3716 6084 4536
-7700 -17128 32767
9508 1452 3036
3592 -9536 9644
13624 956 8224
3036 16972 4108
23308 1772 6740
-6524 -8060 32767
-2036 -13096 28364
12448 -7876 7716
2688 -4496 -2840
16000 17764 27116
-2708 2436 17476
5368 -8404 17336
5612 -708 1656
756 -704 2684
-1960 4416 32767
8080 -4044 4780
732 -940 18688
940 1440 19572
5420 1624 16816
-1884 -1244 17944
-10156 -8388 32767
5816 -3796 26780
-52 600 18500
17324 -1768 7124
2496 11208 -324
8808 12444 11324
-1212 2768 21900
12996 -2988 11484
-1420 2840 6408
-4380 -5228 16072
2156 -3488 31688
-1384 120 9884
12172 5896 3044
2192 4860 -5004
-5564 9980 32767
2332 -8476 32767
6544 -9584 -1064
12692 -8576 972
-2916 2952 28264
6216 -4476 17880
2900 -2660 28728
1620 -800 20076
5164 -2996 4656
-3384 -10700 32767
-4856 1204 -2236
12544 10508 32767
-24832 2912 21156
20888 -10448 -16368
13268 -1724 11436
-4012 11448 8684
16008 -228 6012
7184 4520 2908
-18896 -8664 27440
5440 -1204 27948
20432 4528 8160
7064 4248 5464
-10596 1460 12416
25940 -8372 12536
6284 12508 1704
-16040 -2772 32767
3156 -1860 13192
26892 892 10768
26608 -7320 1524
-19204 6452 -10696
2900 -3040 32767
8872 -5036 4500
4852 2172 -15348
-7544 -1748 32767
-21068 9788 32767
10320 -23236 20184
-7468 3600 -5260
30196 14900 32767
-10056 4604 -10960
-1656 -10068 32767
-10500 -10164 3544
7492 -6168 11412
8860 6596 3216
-9872 3064 -4496
8516 552 32767
1588 -2128 18800
23832 -9056 -6104
-9356 828 32767
-14040 -11480 26948
31880 8916 3436
-6392 2860 -2004
19632 -4740 12388
652 -1912 20564
-11880 -8356 15276
21792 -2084 17052
-15740 -352 15768
15712 -6836 17544
-5188 4040 11520
-1392 -444 26556
6476 -1636 20828
13796 -6140 7700
4652 -2668 14648
-13276 -948 17116
16156 -412 21272
-9820 4276 13368
14016 -4724 3168
5512 -13956 32767
-13928 -1984 11832
21480 -8428 8132
13556 14156 2620
-12224 3104 18508
18948 -3732 14632
-6052 -4104 18316
68 824 13076
12712 -1736 5572
5080 -92 15992
-2904 5236 4812
-7296 -336 12608
13816 -7068 18248
-1376 -7532 -1692
-2892 3276 22660
3912 3624 22612
18712 2052 2520
536 2724 12100
-2292 6044 7804
15944 -2484 32767
-7932 -6776 10360
2688 640 25160
-4580 4860 18400
-896 -3992 26752
7576 -1752 15776
-7432 -3320 6108
16104 3772 15848
-3628 -4596 30280
-5912 -3800 11920
26836 2828 -48
3576 12696 5632
-1592 4624 9804
-2800 -10356 32767
-8676 4108 6684
16844 -16596 5728
19324 17064 -11448
-32768 -5176 31204
22048 -13888 32767
-552 -400 -9104
-6496 10540 -19756
-3912 8604 32767
4208 -10380 7816
15272 1732 21524
1364 -688 -2492
-7904 1036 13276
-5196 -1084 32767
26588 3340 8056
5772 1168 -7272
-2036 12604 3380
-3064 -6952 32767
5236 -7256 4024
11088 -10112 -3876
8440 3180 32767
-21080 736 17276
15612 -10620 8328
11168 4288 604
16224 10600 -4872
-5912 1532 -648
4300 -10560 32767
10996 -24280 6116
-7884 -7288 11936
13672 5716 15772
-12900 7376 15252
-3320 -8224 32767
12616 704 22152
11580 184 6424
2420 5272 -2200
9704 -1036 24580
8416 -9148 10096
-3896 -6200 32767
11452 7548 5744
-3476 2596 7468
4556 4684 22332
4028 -4308 31604
-6884 4120 7612
12552 -8732 228
13408 4408 4732
-16984 988 25556
6020 -14476 16008
7896 4460 -92
7096 4476 11944
2880 -1352 17592
13800 1508 8076
10384 -7824 32767
-4608 -7368 32184
-6784 -4448 11292
23704 2436 10640
3356 8276 620
2372 15580 -1532
-16896 -14948 32767
3676 2836 9768
-728 -8320 -3276
5496 6300 3956
-14384 5908 26388
11456 -3112 15884
-1136 -1528 12808
11496 3484 6380
-764 -7540 8228
12664 472 26976
4228 -9548 -9460
15740 13084 956
5576 11508 512
-5064 1616 32212
-5992 -5448 32767
1520 -800 8088
5968 1880 8316
-8072 2288 32767
2796 3928 13720
19572 4224 7124
-6812 5816 -1684
1260 -7956 19256
-11112 -5664 32767
9432 -18244 8948
16052 -6056 12132
13444 19192 -9008
-8740 12764 26432
-9588 -12576 32767
9216 -6056 3372
9304 2200 10868
-9672 3320 2060
13936 7940 12688
8708 11368 15340
-6940 -7076 11832
23852 7148 15040
14084 9040 -9564
7336 408 -6572
-1804 -13792 32767
11224 -4436 -18952
4260 1016 -3968
-14192 14660 32767
26872 -24100 27680
-7244 7120 -17896
-3224 31500 3316
19308 -1248 13796
11284 -19112 14308
-8272 2592 16020
14608 -3120 6304
-18008 7912 13680
-8208 5564 23844
8508 -14408 32767
-392 -3332 2524
1468 5220 6092
-4964 9948 28324
5200 -18428 17164
-3888 -1536 32767
5420 3692 21000
7956 3116 5032
1304 1416 9184
7484 704 13932
28536 -1176 14596
-7640 212 26272
-7372 -11444 12484
17368 -12740 32767
1592 756 2932
-2644 -2076 -708
24648 21712 5260
368 12396 -3968
-9096 -15232 9768
19312 -340 14684
-13080 -524 18100
-6612 -6004 19908
12604 -2212 11980
-4492 -5144 17760
-7920 4324 32767
24664 -3252 10904
-5892 -4428 -8596
12576 8012 32767
-12952 13000 8724
7200 8240 5260
-1192 -4952 9428
-9752 -12688 32767
4976 -9280 232
5596 -3532 14364
7532 7820 12820
-12556 -12972 5292
5236 7560 29632
-10596 -5332 25856
8832 -6588 9172
3236 3544 5848
7272 -2448 2608
22504 2284 30872
24228 12184 452
5048 -4104 -4548
-10680 -10940 31644
-4704 -5712 32767
18044 -5224 5584
-9328 7136 26488
9056 1940 15596
-1384 4428 26756
-7148 -4644 23556
-9748 -15036 22300
11448 -5912 788
3320 6396 7484
8840 -2708 8716
236 3720 7596
7504 6832 18452
8096 -2620 8664
-4852 -4428 11020
15916 -3564 9488
10216 5612 7152
-3944 5320 15148
-1368 -136 32184
260 -4828 10144
1632 -6540 4364
21340 3676 20712
-15644 3260 20564
13708 -8676 32767
936 -1288 3812
7004 -10716 9012
6392 10348 27328
-14616 5256 18796
4096 -7960 16380
4508 448 8584
-16076 8168 12304
6968 -7572 22840
-8160 1620 8880
-3248 -5388 20660
15480 8016 5820
-13104 8960 7640
-700 -10392 24932
14276 -1248 5588
14700 1840 -748
-9208 -2688 24276
-1056 -4048 23028
22560 -4000 8084
6044 -5512 4408
3812 3912 13588
10104 -396 15092
1848 -7484 32767
-3356 916 19504
6216 1692 14596
11776 8776 -2340
-14888 6092 12348
7440 -11776 32767
-5780 1880 16248
2364 -3404 -5208
376 7432 9304
-20424 7708 31128
20384 -6992 15884
-4444 -4424 12664
-3420 -3416 24984
8380 632 6228
22508 776 4204
8692 10388 3416
-1516 2472 15044
6808 -1180 32767
12168 -11840 9724
5612 -1380 -1972
-4296 12028 18916
7620 6068 29864
-12060 -7592 29896
3076 4008 9144
8788 -1380 13576
4268 10248 14512
-3828 1664 17008
6956 -11008 23884
164 -1548 12072
5260 6112 6284
1580 1032 9392
2460 -2344 22212
496 888 13148
12688 -2280 13600
12692 -4272 19888
-12024 -4952 32767
12936 -232 2824
14444 5392 2840
6868 15876 18692
6952 2844 11132
8296 -8412 26364
11620 -3804 5084
-6456 -3964 16424
3240 -3644 23436
1356 -604 24632
-6060 1208 15020
7708 1776 10620
-104 4132 13024
-14580 -3276 32767
7084 -9728 19816
6924 -8120 7312
3296 3888 7164
5772 732 10136
4356 -92 23748
3844 -1412 10300
4712 2296 15256
5040 -316 19832
8664 -4564 19800
8052 4972 14372
-17440 2652 19608
13240 -4692 21356
-3432 -1876 11464
8548 2672 2272
10988 6004 4192
-11224 -28 32767
2532 2976 18456
3156 -13924 11328
-5692 -4904 28636
-3156 -2936 18644
8076 -1412 11840
2248 4012 16620
412 5572 11524
6348 -940 17908
2936 1976 13596
4032 -2008 22708
5148 -268 16792
5216 -820 10620
15168 2648 11272
-1736 1168 23920
5404 -2064 17584
828 -4280 16616
5640 656 11632
6236 5640 10452
2752 1308 8552
-376 1564 13448
12048 -184 4760
-12852 4316 12920
14284 -6512 32767
1204 -6152 6984
7064 -4616 6136
5932 -3980 24500
6128 3224 11036
3628 752 15664
6960 8204 12388
-13440 5260 23624
16368 -7272 27532
5388 -2972 7008
3300 3544 11784
6668 4868 15896
-1424 -168 20360
16096 2272 13460
10128 7328 -15608
-2964 6024 368
-11744 788 32767
1836 -5488 21512
-3488 -2208 18476
17700 5796 28872
7728 7528 -12552
9476 2576 4444
1896 -7292 18844
-888 -4368 21644
7348 3668 10424
-6540 -2316 28632
18356 5640 15840
5364 5016 2456
9048 -4268 400
-13192 -12716 32767
11676 -8988 5204
6108 6944 -4324
-10756 -8 19368
-6156 360 32767
8272 -6144 28008
-4760 -52 21052
13904 -8080 6412
10884 5896 14680
4812 7028 13124
-3092 -2412 30332
13560 -5552 1644
7004 -2044 9356
-1212 7568 32767
10912 -3424 3444
16192 3196 -9492
-10824 160 20664
4492 -5424 32767
9256 -1456 280
-1276 -8808 4912
9380 -9728 32767
1796 2640 -4800
-3580 -8644 14040
17296 2356 12456
-2364 476 3076
-1392 60 32767
11824 1568 14552
6116 2516 -10244
-684 1308 -644
-29156 3680 32767
12908 -27208 31936
16852 17460 -13964
-12116 25944 -4012
5556 -12604 32767
4160 -2632 -2948
8832 -10864 8700
-6004 9512 29160
-3516 -6456 23468
18008 8080 4348
1212 1204 7168
-5012 1392 32767
25372 -2004 11708
-7828 4560 4224
-2756 -1020 14768
14760 756 17172
-20856 -2920 10596
5008 -4472 31996
15636 2068 3000
7252 -1360 972
-1520 -4704 32767
6404 -3528 20780
5840 -8920 8960
5140 -6604 31032
-2956 4556 4116
21252 6076 3728
464 5028 14192
-12372 -7432 32767
1160 -13060 18316
8764 -7120 15908
3880 2868 4876
-6768 -1384 11028
3048 -5280 27472
740 2360 18976
4712 3724 3520
14964 4296 4036
-5932 4868 22132
2868 -4672 24664
11168 -8416 2616
16944 5548 -9176
-3324 14548 3008
7020 5408 32248
19240 -5768 16740
-20668 -11268 21128
17176 2404 21164
2672 16216 10904
-6024 440 20768
11340 1440 15192
-20528 -3960 32767
12776 -2416 2612
6956 2912 -3632
-684 -2928 28084
-14120 -556 29112
14248 -7716 10272
3396 -2952 5128
-684 -2240 24332
8656 1532 15888
-868 1068 21080
-1212 2104 12004
19872 -7652 7316
-2316 -3100 6856
2684 1104 32767
19844 6128 18932
-14140 -1172 19552
19884 684 22776
4492 -7828 2404
-2896 -2776 11512
8508 5400 14284
-15256 3904 31008
6864 -1868 24300
10772 -5596 7908
-1668 -2312 4784
10836 3544 1316
-7136 -1468 32767
2072 -5320 32767
11148 -4836 5756
3288 2860 -860
11880 4172 8600
4272 7028 2484
4152 -804 10976
10600 -3908 24424
4544 880 3076
-1952 9356 20436
-3560 1816 32767
8740 3852 3784
2192 11364 15744
-9492 -1548 15712
-808 -13300 23028
13200 4124 22236
-5116 -3660 -5156
10828 11948 136
3184 4760 20296
-9416 -8668 32767
10160 -4536 13512
-320 780 1912
6608 5420 7368
2908 7016 31600
-14116 -7636 32767
15764 1732 -3024
14032 1556 18004
-956 15212 10596
2096 268 1604
27812 9172 19220
-1380 3276 -9792
612 -5316 16968
-4040 8308 32767
13404 -1976 5016
1248 -6428 1852
-5224 -656 32767
2000 -8648 19520
6936 -6036 21316
-1552 7692 11788
6176 -3208 184
-8464 2460 21684
348 -9376 25220
17100 -2564 828
7732 -4220 -8076
-11016 544 23640
8516 -1452 32767
4012 -10464 1000
-6628 -5100 -7676
4976 7712 21260
-8564 -2256 20136
15872 -3220 24468
-22516 324 27604
31404 -6240 7176
2624 11580 -20
12436 3564 -7868
1404 4944 14612
-14848 -5292 32767
14924 -11968 14052
-3192 1608 -6264
6864 2540 5732
-1868 2736 32767
-15976 -6788 21020
5428 -10268 11256
22412 -6288 7784
9392 13760 -14448
2488 10872 756
-18400 -940 32767
6292 -20156 29312
14468 6968 -8452
-7320 4196 7864
-6908 -6264 32767
3728 -4904 -7920
-1584 -4108 3220
13744 10236 17656
-6092 4624 60
11272 -5804 13092
-3884 -5144 19288
1148 -6536 17968
20052 -5668 23620
-11016 7460 3684
16528 -3548 13332
14676 -432 -8464
-4816 8884 16164
-6968 -7996 32767
22192 -3964 -3716
4144 -4788 20020
-7756 11188 15464
4604 1576 23504
11912 -12116 5244
1924 -6008 24536
20 -12396 8076
4312 -2720 11088
7000 3288 16660
-5296 2688 26892
11376 -964 11876
14616 -6340 19488
-12100 1532 14160
14476 -4716 17692
7224 1232 -2016
-13524 520 10808
4008 -7400 32328
-5840 488 22104
4364 -2716 25624
-872 -5196 19428
9548 296 -596
15024 11220 4040
5196 7824 12452
-5792 76 30252
23436 -11044 21736
-196 -3820 3588
-3400 -4652 25440
6152 432 29416
2584 -5792 16652
-2008 -10540 26020
-1380 2008 30204
-2404 3064 19992
2148 1592 24744
7468 3360 10784
4052 -1044 -1288
9772 -1208 8088
7228 2040 17212
-3884 -1784 18568
19876 1448 20024
-2872 1560 13008
1040 -8400 23728
-2728 -1324 16032
19760 -384 15584
11044 -3036 10832
9640 -2236 -324
4504 12556 26636
408 5584 17952
5460 6600 3852
15900 1104 19824
-9996 -5600 16232
12432 -5704 12652
-26728 -1948 30788
7488 -9168 15108
3000 5864 6776
3184 14868 11440
-6784 1344 24764
344 -6156 32767
5140 -9932 10740
9192 -4584 2880
4132 6816 6432
-3436 7232 17296
4076 -7476 21716
9684 1264 12700
-9100 -2308 9972
5724 -4528 19556
15164 5948 16904
692 -1432 3612
11472 6300 22924
2564 3048 140
10580 60 12408
-10644 -1376 32767
-3528 -10580 32767
20592 -1524 10336
-15284 4032 -10952
14928 10308 12864
-4820 -5788 8968
4604 -6240 8684
8108 -7644 29856
-12412 6444 23048
7700 -12208 24904
11172 1236 2120
3864 3132 9564
-7092 -3408 32767
4592 7204 1596
19512 -8612 8848
1896 6596 21132
7560 5116 784
15792 316 10032
3652 1672 -940
-11516 -6480 552
-32216 -732 32767
18644 -972 32767
-3480 568 2384
-1416 -11308 13772
9584 6680 17820
7568 8912 908
1804 -4736 27452
-1708 364 22836
15696 1748 5428
-164 -3012 14396
-6656 7464 24172
1136 4372 6832
-4932 -3636 16444
11056 -3276 23820
-5704 -836 17076
-15688 -8640 29424
8700 9420 9440
-4168 9520 25412
10728 7092 14604
3460 6840 -8208
-596 -264 -22124
-9988 -8912 19788
10944 -6140 17736
7208 -2388 26224
25356 14816 7980
-6012 6096 -1536
13492 624 -9096
12240 7360 25592
2796 -14392 388
9788 7104 11948
10932 -7276 16000
-7840 3912 21040
16376 760 12636
-7348 3396 7860
2040 -12668 28920
-1608 -7364 13296
4648 -2988 12328
-7276 -3200 25092
4448 -8932 5836
16556 5368 144
-2236 9272 17604
-11556 -8268 32767
22256 -11496 4500
-2916 -2972 5268
-2960 2056 9484
6296 2212 21912
4672 -5240 24608
-13040 4424 13696
3688 2184 7764
14384 -60 15128
6124 1976 14332
-480 -744 4300
7912 -3676 16492
112 40 21452
13220 -10868 31864
-8396 -6900 9040
12140 868 14408
-4468 2804 24188
7928 -352 7088
22728 8936 12088
-11116 2940 30824
8796 12596 8216
6992 -2540 19736
1612 6144 9376
-11892 188 14332
7344 4268 21676
-1888 -484 11756
-172 -6112 20960
7948 -2008 14692
-8 2940 20824
9420 -3568 19840
-324 5032 6740
3132 3780 7584
10908 -2928 31376
1712 -3644 10068
18260 -7404 22616
-5244 328 5068
1048 4620 23660
1004 6080 20076
-2180 -7560 31668
8564 -7616 6432
-6088 -4152 32767
4804 -1416 11120
5416 2608 5224
8740 2280 11984
4600 -3088 17444
-2420 -4000 18416
7116 -9108 24328
5352 -3948 11740
-4040 688 19560
884 -4160 28936
13620 3132 14200
-1516 7380 9272
11300 -3712 2812
6768 2360 17480
-4180 3784 8136
1448 -2124 20460
4532 1952 19856
4648 1192 8160
816 -3140 12396
13080 3472 15788
424 -156 5948
6676 4400 -120
-4548 2492 17628
-2992 -1096 9348
7964 -896 20876
12396 -9832 10740
288 8532 24348
3212 -9500 16864
11072 -280 24404
-5392 -3960 18028
6004 1548 13428
8660 6968 15688
1284 5796 9980
8908 -616 9536
-7216 -3144 8064
-3028 -2856 32767
768 -2096 29100
8988 1348 880
-560 1684 7952
4712 7496 23228
8648 -1292 16332
2056 -2692 15560
-11944 -10572 25568
11060 -288 11944
6604 5360 8828
8992 6236 16772
7788 6656 8804
-2332 -872 14704
4888 -5188 11028
2352 -8072 16312
3916 2020 8736
7304 -2624 12800
-2988 3588 19444
-552 -2096 28824
5788 -808 6796
5660 536 14000
2404 5920 1360
6344 -644 7732
10340 -11012 9804
56 -4700 32767
-8272 -2268 32767
12092 -2604 4604
11696 12724 -220
-11644 7332 27580
8188 -12324 32767
-2632 -4508 13592
7476 7304 7812
2656 5920 10804
5624 -1220 19532
160 348 9076
5328 -40 14232
-1232 6548 13748
960 1984 17104
-4872 -1624 16820
1284 -7436 32767
-4408 -5780 11964
7300 1652 7484
5080 7848 15408
3756 4072 8988
5712 704 13748
2068 -7336 20620
9672 -1764 13136
10120 1452 17232
9448 720 4184
-776 1868 7196
1528 -6008 32767
6760 -7380 12780
4092 -4096 7376
576 788 15580
-1456 3256 16456
2868 -6672 27868
1600 -2908 13648
2384 4808 13856
5308 3440 14976
-1456 -4664 17288
-768 -7988 32767
5448 -2292 10964
-4060 -440 4844
4640 -1680 8636
-5348 2212 21632
1532 -5840 27580
-3972 -824 22956
8244 4768 5312
6816 -944 9700
6672 2892 14544
10260 -2060 732
2412 968 29100
-5812 -10504 20292
4504 -4140 9188
7224 1064 16840
-3576 5212 26492
568 3992 14644
11860 1112 7752
13144 -1336 16596
6316 3428 -6112
3736 3632 15316
-4424 -588 32767
360 -7212 22584
-3160 -480 20140
4508 -52 9488
11716 11204 3440
-10956 8848 12872
5736 -8504 25292
6036 -1440 9092
8296 9192 1740
-29796 7760 9640
13716 -19712 27988
7816 -8808 4956
8032 8740 -6284
8392 8204 6976
-1364 -184 32767
-816 -7744 29736
12796 -10124 6740
-12264 7824 18452
11432 -1908 6392
-3576 5128 26648
7752 -2808 26020
4476 5744 9692
-7928 2728 13808
8784 -8280 19260
4844 4288 -848
1180 6832 5284
-7608 -4800 12880
-1380 -904 15704
9412 -2588 18320
-4276 3172 15380
-588 -5304 12424
11396 -1236 7656
3136 6712 14076
-6984 2864 16328
8236 1804 11044
9000 -4468 25980
6932 -1684 19792
-4472 -7056 24972
9476 -1012 9064
64 672 14528
3644 1652 21164
4776 5776 14784
2608 -968 9428
1448 -5188 32767
10200 -720 7620
180 148 7888
1036 476 13392
-9724 -9380 32767
2704 -2536 32600
-836 2400 2680
9816 6980 14128
1148 10516 13920
2520 -6632 12576
6716 -5540 16032
1408 2484 5184
-1588 464 23708
11884 584 19164
-10940 -1236 30236
10100 -3256 2540
14876 6032 7064
1916 4000 28772
1712 -2456 16084
5704 -1144 19356
13144 -744 4960
-5260 -1072 16172
7304 -9508 32767
-5900 -1648 16396
10356 -1924 16048
1920 3168 7004
6864 -2292 8028
8152 1076 19364
-13808 -1596 25316
13308 -10464 14388
1432 -1136 8748
-4272 3072 32156
4388 1168 12144
5604 -888 16188
2144 2884 7356
4404 10232 14752
3636 -5020 30136
1340 -5180 10516
5392 7020 11252
8248 2076 11656
6816 1084 28176
-6960 -3204 19388
9276 -2312 6160
1148 11856 16436
-6768 1092 11256
11440 -1212 10988
-484 -3376 11940
776 -5616 13936
1868 320 14068
-908 1204 11804
6400 -7828 32767
-6948 1564 18180
9992 -3116 9900
12204 7504 7316
-9352 5284 20100
6580 -7476 12716
-2580 -5356 32767
5504 -800 9628
-12508 -6948 11188
11364 4 31020
-3952 5280 14944
2052 -2416 23928
16452 4644 12100
11000 3712 -8112
10028 -1944 8812
-13692 -4940 32767
2372 -264 8724
8168 -8136 11400
4672 4064 16404
-6312 2656 17540
11772 -2624 11216
8220 -164 -5248
12364 7400 -8292
-15748 -5352 32767
-1284 -3740 18088
12248 -6192 7016
52 436 13864
-4344 3820 21352
20232 8704 12664
-15212 -2940 5288
9924 1368 18308
4700 3336 26608
4256 -9244 -3120
7760 -5756 13968
-19100 -792 32767
4344 -1604 20648
3704 1644 3392
19984 10900 12348
-17464 -3432 10312
16336 -12868 23068
4520 -3672 11956
-9520 3268 676
9820 7600 14992
-92 1312 12616
-4660 3460 9144
23800 -6952 32767
-26156 -1092 22268
21660 -15532 9388
5540 -4052 14176
-8832 -96 18428
3484 -3344 18672
9140 3404 9980
20388 404 11368
-8940 1340 26964
-4828 -5908 13068
26360 -7156 24792
-1104 868 7028
5080 -4756 3960
-7956 3748 32767
2048 4316 11824
5328 3576 14020
7880 840 10252
11376 6856 16284
1100 -2536 17952
9528 -720 5004
15512 7680 200
-7652 9388 17468
-6820 -14056 32767
9720 -5152 21392
5424 -1500 -3388
-10440 1208 28704
6852 -6892 32767
-2084 32 19708
-148 -2752 15288
8388 3936 12316
6212 -2108 11652
-1892 -8056 30980
860 -4916 9164
4236 -3492 12396
1764 4576 15092
4232 2856 17812
-1092 900 10260
8760 -3396 25896
-2820 3156 16600
6804 -292 19148
2628 -2924 8588
-888 2412 16520
616 4236 21240
7392 1532 18956
-1240 1200 16560
6172 5544 12616
-6812 -5908 5928
13132 -1800 22200
-2288 6112 11040
792 5788 10044
-4496 -1308 17676
-5744 -8772 22828
12676 -5856 19312
6168 3512 3336
2284 7108 5948
9240 -4712 32767
8868 -3484 7668
-3136 -3424 12388
2876 2208 32696
7116 1016 5484
2680 1452 18656
4072 3224 7812
1056 1512 14996
1160 4276 13608
212 -3364 25536
-4092 -4356 26468
11504 8284 19444
-940 -7688 -2512
-3316 31540 32767
-10664 -20940 20328
21812 -3600 32767
-16152 -5892 10044
32767 14436 27392
-16756 -4908 9724
20292 -2404 32328
-7904 -3488 7404
2516 -5528 23880
-3164 -928 12596
5276 -3768 6756
14540 -1740 26348
8172 -512 6932
-8076 -7900 14520
2744 -2508 17892
5528 -3056 1728
236 2640 29396
4964 100 9392
2460 -3200 9032
8012 -5280 16928
-2520 -2352 6708
1300 -904 32767
-704 -9816 22300
1880 -2876 9268
6452 1760 10460
388 7956 28628
7068 4880 12632
1656 -752 19136
1108 -52 14184
2792 396 16508
2924 -1008 5096
3460 3900 13324
-1468 960 9204
-5676 -176 28212
2036 208 12284
-2624 -3848 30404
6788 -1832 8008
1316 4896 15020
-2756 2740 15176
4520 -8860 15416
5952 1312 20160
1272 -4816 21156
1588 -860 16776
6556 264 10204
5064 752 21132
2864 964 7124
14188 764 12320
-11556 -4864 25980
9648 -4708 23288
3912 476 20736
-4216 -1420 1308
4156 -1128 19736
5060 3972 25884
-5164 -1924 19932
7916 -3296 13104
-3004 -4596 32767
3164 960 3148
96 692 1840
6180 -8900 11844
4948 5140 26660
3828 2124 1780
-12276 -10716 22084
13492 -5292 16020
-1168 -792 14108
3596 1332 7764
3892 -820 32767
-6828 1628 20692
-408 -1952 15636
2516 7180 15664
11132 -6532 14096
-1932 -988 4132
2564 -484 19416
468 -260 20472
-7312 2348 15856
1068 1576 16608
2408 4412 14356
3788 2848 20020
-2200 1076 10764
6500 -124 12724
-604 -5548 16388
-4988 -1908 15036
4780 -308 14824
12028 3084 20336
-1172 268 13736
4672 1500 15400
3720 -652 12552
-948 -4056 23484
5128 3036 17548
1692 1608 16148
-3460 -456 13600
8040 -1896 19052
2600 -2856 14156
-1800 -1612 17056
-296 -1568 24752
-484 -1304 15232
6144 -3572 21636
4072 812 10916
-1104 2348 14740
5472 3284 12672
6584 580 6704
-3248 168 15520
-88 -2692 19460
8852 -3144 17492
-556 -4 12076
6132 472 12264
4380 -1004 17096
4944 -428 18940
4660 3596 14056
1964 1324 18320
3936 1388 16100
3980 1676 11556
440 -1412 13024
2420 1892 19612
1088 -2188 11668
520 12 19220
5216 2676 21948
3404 -1228 7652
-1060 700 13984
6060 -804 16832
-2792 -2000 10912
6240 2960 14552
1188 348 8328
-5592 1220 24056
8380 2348 17816
1652 324 9856
-1884 1600 16892
6240 3560 20468
-3512 -4640 13840
15108 -1276 18580
3412 -916 15620
3904 2668 13900
2872 -1684 13276
4340 3428 17464
7144 6432 22936
-2824 380 9444
-1508 -272 9972
-12 -2632 20240
6192 -6156 18076
1300 -488 17588
2360 2708 10284
4048 2472 7404
-5704 7456 32767
5336 -6132 8552
-1284 -5456 12596
5004 124 14924
-304 1196 -2180
-3484 2720 12836
8844 -2832 32392
-1880 -7284 6064
-3752 380 13932
10820 4212 7608
-556 -1328 6884
16648 7028 14604
-2276 2468 23600
-3132 -1528 7036
-3220 -3768 32767
5196 -4548 8896
-6952 2284 15164
5844 700 29096
7576 1300 17644
-7984 212 12816
7196 -8256 24196
2088 1144 3772
-556 728 9740
-1268 2160 32767
7692 -8272 7508
-5724 -320 19824
9272 1600 10864
-1612 -3468 5408
12288 -2352 14140
4344 820 15180
1160 2984 13172
-1476 4740 16172
1372 -592 24124
5080 2256 12344
4732 2164 1632
-2112 3852 16096
-5620 8660 17924
-7168 -4848 12412
3328 -4088 18628
6280 144 17552
-160 52 19104
3984 -3780 14100
-3704 -5576 736
4840 -1020 13412
136 3388 17260
-3148 376 21144
15228 1892 18544
-13672 -1432 5928
-8500 4940 17620
3688 856 28364
14996 7188 25948
-2616 9816 24600
-424 -220 752
8332 -2632 15712
8084 -2104 21364
7664 -1536 17756
-8244 -12708 15048
-6132 3364 15792
2272 -3892 25924
2800 3056 10848
2036 2468 8200
-7956 7100 18036
4576 -3220 4888
5756 176 8420
-8468 -2168 32068
10540 -11076 20268
9752 2536 11192
-1676 8808 6580
2300 -5716 14608
10932 -2548 25604
-860 -2344 19384
-14064 -1608 14500
8508 -5304 11140
-3280 344 20296
1392 -9660 21116
2732 -8264 10596
-496 3480 17088
3848 864 17828
6296 -3292 19892
-1672 4540 9496
8992 3896 15556
132 5012 5468
4752 916 9688
3140 6028 17772
5336 228 5052
1088 1196 14784
5048 2428 13636
-3800 -2992 10824
14400 7728 18408
-3020 404 16556
2772 7212 16252
348 -5856 17516
-92 -2388 19668
-11208 732 32256
-3404 -7728 13220
1540 -7576 12468
3516 3464 15176
2680 5328 11668
540 -1632 15460
5632 -3100 21032
-240 -6044 17768
3772 -368 14140
7832 64 10636
556 5744 15184
-1232 3784 25012
9608 -5504 11368
60 -11880 15272
-3348 -4532 31948
-1136 7876 10260
-4824 -2872 15352
2700 -5484 24496
6448 1900 9824
4888 3940 14568
2280 4000 16688
-1176 -1708 22168
-656 1780 11608
-1200 696 16712
10920 952 9436
-764 -224 9584
-232 -700 32767
-696 -184 6276
-1648 1888 6136
9904 7224 7896
8252 -3272 -2156
-10576 1228 17256
408 -5608 30440
-1900 -16868 14848
-3128 2808 31424
1204 -6256 12856
6248 -276 15220
8028 3844 9568
10632 7508 13208
-2892 6524 10332
10800 -1736 9196
-4468 4632 19488
-1556 -3124 22724
792 -9756 12536
9860 -10256 20544
-48 4020 26260
9176 -2856 19820
-4588 876 6352
5160 3352 17164
4472 7096 17536
1308 -4208 10164
-5964 -6496 24580
3044 -7408 17732
1112 -5160 12796
7400 5796 17504
1508 -2260 14008
636 2924 8304
6652 -4388 11364
7724 664 18788
1440 3276 26180
-4692 2028 19580
-1808 1244 12924
5800 4052 22476
7432 -848 16348
5764 60 13808
6632 -788 15632
5028 760 14396
-892 -1424 15544
12116 -6080 17732
4244 -6904 11156
-668 -3552 13048
18352 -3380 21888
-7804 -4064 20584
3456 -4068 2252
7568 9544 16832
-1376 4756 14120
3880 -14676 25664
-3440 820 25324
8756 9740 9404
5824 7648 9336
-496 4188 14976
13956 -2184 6984
-1440 -680 17556
2364 8532 17524
-3240 -1060 22160
5560 -256 11344
-2316 -844 20400
-1604 -2216 19612
2824 -5540 12936
-6280 3196 28520
7448 -6248 25528
4020 -3528 7112
9568 7356 9068
264 1996 19252
-6848 252 21496
3728 -7676 15884
644 3632 7880
5976 -4028 8200
16220 -3056 3584
-11352 -12724 32767
10112 -12820 9920
7404 8904 1268
6928 4744 10340
-7764 -6916 23988
12176 -1360 32767
-1088 -1704 7592
15200 996 1716
5632 -1996 7596
-252 -3308 20852
-568 548 23616
1236 -1652 18488
8028 4476 16696
-2716 660 21576
2432 -5716 9460
7888 -4992 14232
3968 620 15440
4952 -3888 15752
3060 -1576 8888
4044 -3156 32767
160 -2700 14388
2680 -3936 8684
7596 1756 15172
2860 -6472 17284
4644 -4788 14384
5628 432 14388
6632 336 11800
100 -2340 11376
7884 -724 14648
6448 -3632 11700
6952 -600 11164
3376 -5352 16280
2984 -7508 30392
14352 -3696 3352
-1600 2544 7832
6312 -2276 32767
14672 80 3784
-6452 1788 11276
13428 -8800 32767
-4888 -2120 15128
8136 -2500 14888
-6116 -172 17912
-2868 -1304 19280
10480 -2384 8940
3588 1692 -7068
-1388 432 12664
-6596 -3992 32767
5360 -1528 9580
1228 1356 6592
16712 1600 5388
1540 928 15356
3044 1800 16380
8628 -3112 19052
6416 -1708 8176
920 -548 11748
2172 -132 24376
-696 -1928 25796
7812 4208 10168
2812 100 11796
5288 -2908 19408
-6432 -6236 19812
12272 2476 25308
-1076 720 12404
11732 -800 4812
10896 -876 7288
14008 -4200 23472
-11464 -6200 28688
7728 1332 11100
2432 3256 11740
10636 -356 18728
5124 960 13140
12260 -2000 9768
3652 -496 3836
-7184 400 23924
9244 -2964 19144
3612 -1416 9384
1288 1484 -2380
3956 4944 13556
-640 -2084 24844
7668 -3748 13348
11916 -5352 9404
4916 7160 17528
2404 3752 20416
7336 4148 13816
11208 -4428 10968
6476 -5200 9664
4448 -4140 11040
1416 1240 20392
136 4480 21528
5008 -480 28524
2112 -4752 13580
9660 -2052 2064
3272 -4124 9912
3052 1944 26392
-9576 -2180 27252
11140 1884 8568
16648 -3596 9236
-572 -312 -2144
-6060 -3284 25936
8256 -676 24704
1880 3096 11248
8688 36 10604
7524 -756 20020
5224 1436 6440
1636 -2524 21352
3048 2968 21564
3676 -1920 13320
9432 -416 8688
2072 1228 18808
-8584 -1724 18892
5348 -5272 11248
1120 3668 8080
-5284 -6936 32767
-1408 3376 15572
4820 1684 14168
8620 2696 12412
2780 -2256 26308
1564 2780 15312
7964 -2152 6584
15212 5664 12700
-4196 -3328 12800
2644 -4592 18904
11852 2216 17296
6296 1796 5972
5076 9624 7180
1300 -116 -520
-7452 -1060 16848
-2104 -8240 27664
3980 -4932 692
14164 10004 6340
-2648 1500 32767
1128 2788 2516
14200 -6300 11756
10584 3368 4860
9676 -584 408
8904 1500 -1484
-12024 2916 12072
-324 -6860 24460
5832 -3956 1856
9416 5428 -300
-17268 5584 32767
13704 -144 32767
-1236 -1108 1456
9300 3920 7388
-780 -5228 19824
10168 -4960 17524
1744 -2280 20952
7276 -3552 2000
12208 12 1900
7448 1944 21220
-8648 44 32767
15488 -11084 13204
3560 5760 12808
124 -1400 1932
-4284 3040 12776
8860 -1820 11468
-17808 -2796 31488
11420 -8728 17228
4076 2668 628
11944 2196 5556
-5032 -6752 32767
1452 -2344 9456
1956 -1544 6748
22236 1572 6832
-13876 -3612 32767
10764 -2304 16720
10724 8736 3920
9728 12904 -3724
40 6488 32767
4376 -1980 4780
11632 392 6644
11504 -424 26088
-27652 -6100 31904
17820 -5668 20704
-18412 15792 15332
6048 -2332 15768
-2204 1468 31384
9868 -740 15276
8400 4444 9276
-7412 -712 12856
15648 3764 20800
-3456 2236 6604
8496 1984 22172
3148 -4300 18168
-5408 -2436 11948
23204 3300 12364
6524 7816 22080
-14392 8 18828
24508 -6188 19160
-6672 -2892 4088
-11052 -1680 18544
12796 -144 11868
1252 -1932 15052
11952 11460 2684
-5620 3440 10052
3460 -11820 32767
-3156 2492 7040
7792 -3024 12660
9924 3896 9516
4984 -244 -1416
2876 -7368 32767
-2188 8396 14996
7460 600 11780
13868 1092 9672
-3288 -4032 9688
-3400 -12792 32767
-268 -752 17820
10132 4124 9976
-3560 -6376 32767
8916 -1312 488
7356 708 3796
-4988 916 19840
-17988 -7088 32767
5488 1520 20400
9816 7108 448
5380 3944 12560
1032 2852 9968
13580 -1024 18116
-5548 2828 12024
11100 -7020 8848
996 3824 24404
748 5196 15792
16536 4156 5500
3152 2536 11244
2216 -5636 26284
3980 804 14096
1956 92 10240
7992 4184 7476
4264 -2248 25868
-2708 -5188 25056
12628 -5360 5980
-9532 8448 5648
976 968 11776
5072 -5904 25904
8212 -192 25748
3880 -1048 6148
18492 2012 7568
2832 6084 664
-10276 -10080 27592
-380 -3860 32767
5364 -2084 692
4692 -496 2100
8516 1096 31972
6248 4448 9004
-5104 -3680 21068
10936 -12792 23476
11956 -10352 19652
-6296 -2332 6732
17504 -10764 27084
720 5564 13648
776 2276 -5408
1868 -5576 4456
-11784 -10132 32767
1036 -316 14476
12748 3652 13092
3484 19628 -124
412 1216 22368
12392 -15888 32767
4448 -4836 6976
15960 2788 12064
2696 3928 4524
8952 264 13844
12072 444 11632
-9028 -3636 21692
19492 -3628 19652
-7028 -2000 15580
27144 4644 9632
-13396 3912 8616
-796 -7360 32767
2128 1432 11668
-11876 5788 7588
20716 3640 10084
-10508 -612 11132
5888 44 16628
13372 -2504 9244
7024 2268 4828
6364 -2644 22204
72 -7560 13464
1832 1444 14004
11260 -1288 14984
-4264 5508 10612
8812 -8216 19132
-5984 20 23352
8792 -1668 18648
-4840 -572 15552
9260 1192 14096
6880 1808 18940
-13012 1292 22468
14720 0 16104
7836 -3160 12452
6488 140 10536
12244 -492 6808
4356 1972 12448
-6732 -1168 31792
9416 -6632 28788
4920 712 7060
15916 6932 -5988
8948 3216 1100
1232 -3112 32767
192 444 28328
-11376 3440 11028
22864 2096 25136
-7268 2876 36
-9404 9420 3684
12680 -2244 27916
3764 5360 7700
1308 7404 9844
-688 6768 17536
284 -368 20260
8696 -5756 19452
2508 608 11444
4532 4928 14452
3004 1580 14196
9224 3808 29776
-15360 -2012 23576
4612 -8624 15856
27328 15652 -1880
-12472 16824 8800
6996 -16884 20544
7332 4344 4788
8548 6084 10304
4128 -3984 11516
8764 2992 8752
9524 -300 32767
-9216 3180 4356
8148 -17084 28676
-2076 6636 7124
2688 -2412 2252
3176 -5828 26836
-1460 -6668 30900
-3464 12268 13048
14736 872 6428
6252 2844 9636
4320 -6804 4204
5752 2748 13488
-2216 -6036 32767
-9868 -4716 13972
12700 2048 7324
1672 12464 5308
600 -6812 6564
12064 -3856 13220
-6784 -2272 17144
9136 3156 24440
-4604 -3860 16936
11644 -1992 13340
11144 9008 6856
-3100 -5416 28412
9976 -844 8888
11284 2444 -3220
-1040 -2104 32767
-2676 -8176 32767
-7236 4692 -1104
11024 1368 8760
21516 6488 16992
-5168 -7724 5720
-6684 -18516 32767
11192 -6176 18176
7584 4864 -6272
-2584 472 14736
-148 -1544 16200
8340 -4056 17704
-4900 -2644 18632
14732 -4296 9080
2956 4084 16692
-11564 -9064 9736
20164 400 19904
-2416 4280 4920
6192 88 11888
11944 280 26484
-6720 -3164 7492
7776 -7172 16496
2100 1804 13400
-8440 -8540 30096
7012 -7408 18848
-3552 -308 20488
10212 6776 21804
-3184 1992 2972
8980 764 9268
18452 -3716 11264
-4432 -7016 8520
968 -4776 31972
15916 3296 18060
15364 8972 1372
-5776 1092 11820
500 -6544 21516
3264 2000 15424
-824 4048 6968
408 -1772 17544
-7672 1472 32767
17664 3132 14408
-3216 3420 980
10532 8052 -1100
7952 3584 4372
5364 5212 6880
7308 -3048 23964
6420 2568 9264
2132 -8636 32767
11300 -3104 23588
-8504 -1960 7092
-2096 -716 19172
13196 2620 20948
3740 3436 12500
8564 -2880 10588
7760 84 17436
7988 4840 13912
-5664 -2400 19620
13972 -2108 14020
-384 -1684 4060
4180 -3488 9696
8220 -8 14976
4960 -4420 28764
5492 -4408 13392
332 -372 18048
5208 2928 17992
-4980 1884 19564
12036 2264 18572
7260 4440 9944
11828 1356 12316
-4140 668 7072
1560 -3088 8784
-344 1476 16424
-228 -1148 20128
11368 6568 8748
-4628 5256 11832
-2092 -1364 18028
-1536 -1420 26064
8164 72 10048
13960 4232 9392
-11904 4172 24528
4608 -8144 22924
10740 2572 13396
2140 436 2592
6856 -16 15792
816 1580 23880
6952 -4592 15180
5156 624 14016
4284 1840 14932
-3648 -1852 17752
3768 -3396 14284
-3796 140 14688
9744 -4324 15164
3428 -1900 4708
13912 3352 11876
816 -688 -532
7992 -628 -1340
-4080 -9396 32767
3840 7752 18788
-1372 -3740 21304
12376 3196 1492
-4504 3244 10156
17056 -7856 18636
-6952 -5960 21080
11568 824 20320
-2320 6104 6528
-2876 -1084 19164
6220 1588 32767
6536 3076 -3268
11428 -6816 6052
7356 2544 6648
-772 -5036 14284
11740 -7660 14836
-1760 6060 12504
-7608 -14020 32767
12888 -10516 5772
2020 7680 13496
996 -16828 28828
5404 -2884 13500
7928 4672 15112
-8760 -1808 10084
5744 -9252 31900
13024 -2992 16252
-3364 132 -7732
11756 4800 11076
-12888 3392 4720
1652 -6792 11048
11864 9604 15428
-2240 -1784 22216
5600 -2224 5548
-700 1792 5824
6464 -1568 -816
8004 -1132 4492
-6720 -2664 32767
9036 -4064 21944
14532 6392 684
-6176 3504 11700
-28 -8844 32288
9880 180 19896
-3152 4800 10812
-8608 4464 29220
9688 6256 7276
15692 1056 8540
5364 -2988 14980
9328 -1292 -1928
2432 5396 14020
4676 -700 16932
12548 -540 28844
-3888 2572 696
7920 4628 2148
13644 -5516 32767
-13152 -944 4112
3092 -2492 20956
-15220 472 32767
18840 1284 8020
22796 3556 3156
-15172 -3972 12720
3692 -652 25804
17932 -10480 17556
-6280 2380 -2636
3284 -1372 19968
916 8908 17632
6576 2488 8756
2916 188 14044
-9448 -7580 25372
-1476 -5136 23916
13316 5564 11388
6420 2296 8468
14600 4056 2132
6320 2396 7676
-4764 -4516 15040
-6952 -156 32767
-6432 -4804 14488
10480 -1124 14072
17036 8696 1012
22176 472 2096
-3644 -4108 32767
480 -13192 27912
12612 7400 4404
-5084 1736 8748
4364 -672 20072
2292 2312 26808
4544 -1416 4244
5608 -5168 11452
8100 7392 14036
3304 -3332 18660
16320 -772 4264
-6188 -4616 11268
20744 -548 11736
3084 -1760 14668
724 -1300 11952
7664 -9804 32767
-284 2072 5580
3996 1500 4640
2324 7824 17784
-15744 -2100 14516
7040 -6884 26480
-10236 5644 19748
3992 3356 19676
5412 5300 14620
9832 4248 3316
10664 576 -996
2624 -856 9140
5908 -6080 22744
-3932 -3056 23868
4588 2152 7628
6564 5476 11128
7652 5180 14636
556 4252 18868
1620 -3672 13012
7568 2672 11752
2456 7960 17700
6776 4764 16064
3948 1792 19656
5912 -952 13920
-3220 -1616 30160
916 1144 17040
4896 4092 13036
4660 5456 1920
3868 2240 15180
484 -720 14788
688 -5220 29480