4968 -7132 13624
8440 -1892 12584
9400 -5760 14840
6168 -4820 15596
5720 -4172 11852
2692 -4984 9436
6832 -1128 15716
3652 -6460 13628
1104 -948 23944
6656 -3180 28764
10944 -3668 14156
5020 2476 5388
9260 2688 9276
13284 -812 11852
12988 -1944 23180
11884 -3040 10264
-8276 2376 10412
3128 -6716 25596
12712 -7028 15528
4760 -8636 6184
-5380 -11740 27244
2712 -9296 12520
6664 -14600 19120
3832 -9624 18120
-956 -8528 12804
2408 -8568 15520
4712 -10032 13708
5092 -8564 13380
2992 -5820 14096
-5364 -3780 23496
4360 4436 15136
3680 15452 3444
7616 2724 30116
-5696 12696 25820
-6532 6776 4624
5128 5320 -4100
-3528 -3220 13000
4244 3960 32648
1556 -8920 19628
-1292 -5024 9172
6956 -1908 13168
4920 -9148 16824
304 -3712 12016
-5444 840 25036
2472 3044 14364
-1460 -900 12664
768 -416 21032
-1352 -7000 21796
3204 -3908 16556
4800 -1512 13488
5016 1748 12116
5024 -1156 15792
7832 -4200 14176
8212 -2552 14628
9192 -4140 15684
9044 -7780 17144
10688 908 11608
7476 -124 13516
4472 7852 10988
7416 3952 13284
6132 -3276 19608
8568 -7944 17704
2916 -6216 14236
596 -328 14476
4132 -492 17100
1740 516 16164
2916 -1312 20600
228 2608 14708
1104 -536 14632
3964 -3704 16052
3364 -3596 15688
5608 -2912 14424
9076 -3884 16204
8020 -5172 18456
9168 -384 12680
10928 1660 9624
8312 -1300 11920
5068 -1888 15148
10696 -244 17608
3680 -10108 15572
-916 -3772 11208
4580 -5324 23684
7428 -140 16820
3424 -1972 15124
1428 -732 12740
4120 -2132 16724
-832 -6172 18188
3036 712 17800
3804 2468 15056
3056 5568 12952
4252 3328 15760
5544 -2352 13280
10720 -2252 12140
7120 -6320 20540
4404 -3832 22112
7596 1264 11432
5948 344 10356
4124 -4276 23984
6956 -2996 15288
1696 -2052 14076
6132 -3544 21912
11576 -4288 9840
2784 -1160 7892
4460 800 8400
7392 -7112 32264
5532 948 19216
584 -160 12700
5880 2044 5896
13156 -2276 12288
3752 -6516 14900
5028 -3884 20248
5124 -1080 15824
5632 3060 10900
5072 1176 18020
4456 -960 12960
7488 424 12268
7144 -3716 18720
-2048 -6600 27376
1132 3028 14904
48 -3576 22632
2956 436 14124
11752 -884 8448
9204 -4520 9804
1180 -2988 13976
2120 3532 20300
11316 -484 11480
9760 -3632 8996
6024 -8468 22784
-784 -4104 25872
-1336 2000 10420
4820 3136 7556
13528 -4180 9160
21004 -1624 14980
6516 -1820 21420
7732 -556 19316
3196 -3924 9380
2980 -4316 9572
15420 -3892 14388
6676 -8744 24388
7888 752 12272
5516 6036 3888
-260 6268 8100
13416 -9176 32767
-2948 -2748 12780
2404 2760 8356
9256 -8336 32767
-3376 232 12360
1100 -1216 4808
-4872 -3996 23156
8752 -3544 16576
3528 -4392 9596
2596 120 5712
12896 -2400 9344
10204 -1968 7004
3436 -4968 29080
3700 4568 14568
-4248 -508 23904
-3772 40 21740
7016 432 8320
-3408 -1476 18688
7560 884 22628
1008 1788 7852
-5980 -2504 9728
6744 828 29328
4276 -1240 12852
2908 732 10252
3968 -2636 9920
2436 -1852 15756
1240 -4884 18336
4656 -1000 14892
4664 704 6496
-3480 -4808 17456
7156 -3680 14200
-416 -8908 22672
-3936 -2604 9300
10456 -4232 15632
-7084 5072 15872
3008 -9332 28152
5332 -592 9464
500 -4812 10836
3192 -1020 10400
10252 -2244 11564
3304 -1488 13064
1172 -624 15392
6216 -4816 21892
8192 -6448 17224
1312 -2800 8352
8992 -7580 18600
9552 -2996 14884
7864 -3816 8432
9312 704 11900
5500 1004 16612
4292 964 7232
7772 2784 8856
7376 -3772 24080
-2456 -1128 23852
-2620 2484 10116
6840 1752 7076
10764 -600 10796
10324 -11240 24760
4460 -2900 17468
3056 2824 5652
6596 2260 12712
-1904 -9056 30848
9620 -4056 8876
10640 248 17376
4032 -5692 18392
1264 -888 9216
4708 360 14100
18684 5032 12696
5252 -1040 20612
-3620 -1420 9412
2040 508 12040
15132 -8604 29488
5088 -6604 3564
-7348 -1768 10196
12384 -1564 18480
8124 -2152 15816
9928 -4184 19660
7516 168 3620
-6488 7384 15084
7432 3808 31216
6272 2120 12104
4068 792 30544
-652 -1392 18772
-1752 3800 2956
20900 1944 7176
7400 -140 22168
-6904 -3036 25736
-1500 5816 1156
6332 -5080 8416
23948 -4244 10640
8520 -7416 18800
-5224 -7476 11196
6836 -4668 30728
768 8324 10252
8968 -12924 10436
3940 -2648 14628
9108 -19824 14908
820 4264 5512
8568 -11344 -3448
9472 -7096 10856
-7572 -5024 11384
9584 1004 27704
-21472 6152 17024
4304 12436 19928
8352 5228 23692
9572 384 3812
-15976 -6316 13932
2568 -10348 25880
1508 2844 12432
7564 2100 11520
3320 -724 21536
-2700 -544 24484
1080 -1900 13392
6792 2700 13816
21060 -4260 19752
1372 -3444 1924
12968 -8044 10968
7728 -2256 13912
-12072 -6896 26748
7328 6360 17272
11304 -532 19884
-856 -736 7760
1656 -4044 7848
4196 -3948 28356
4220 780 11044
2800 -332 10964
9560 4520 18664
5384 412 4620
4836 740 12932
9332 1932 13336
-5216 -7184 15224
6432 6724 18324
764 -6052 7580
9344 -140 32767
4916 660 5752
-2600 960 7304
8064 -3852 32767
13940 2092 7648
-3580 -10588 9692
14352 6904 17492
6812 -588 9680
4404 -2460 9568
3488 -1776 9328
-1316 -13980 31552
2968 936 7084
-1884 -3092 18492
10492 8088 11200
-6940 -1792 9696
9068 -2716 26556
-2408 -3144 14536
1512 -1936 12828
16316 1340 16328
-1552 -5456 20844
-192 7708 22440
-4008 -12132 4920
9312 4228 14296
1624 3780 3288
10936 6324 11592
7512 -10188 17616
-6620 -11512 25704
12676 -2424 3068
5832 11132 7068
-12172 -16656 32767
10040 -244 30740
1136 1412 7000
4196 -4376 21696
10880 5704 25584
-960 3672 7820
5040 -2924 16016
4992 1148 13432
1608 6428 22776
7484 -12196 5856
2588 7760 11416
5876 904 10296
11276 8128 22168
-6948 -14916 22096
4704 -1124 22312
-1212 1728 5612
5140 -8644 32767
-4704 436 19144
324 -10116 14220
18116 6500 4968
3980 -1292 -872
5868 2560 9120
6588 -516 32767
2920 -3264 13836
8868 4176 14168
10468 -1144 15516
11488 1576 1644
5064 3272 12628
-3224 2116 20032
-4740 -956 28484
-396 -280 15412
3276 -508 7472
3268 -4996 5308
1272 -10920 21732
-8000 -4648 19588
7284 -772 20480
-1568 7164 7084
18372 4504 3472
13832 2848 3608
-1948 -9096 9420
7688 -10380 29868
10832 -3088 12256
1364 3016 12364
8084 3264 15116
-2272 -624 22768
4420 -10572 19860
13108 3116 -4568
14756 -132 10660
-17776 -9628 29056
6580 384 25136
4924 60 29060
7376 -4232 13732
-4300 3688 -2020
5312 -1248 10192
7648 -1540 4236
-3420 976 3280
7724 -4384 32767
-7692 -9476 21108
7688 5052 8888
7320 -2088 8948
-11692 864 13308
16116 -3716 21144
4460 1844 4496
-7868 5516 3984
-1356 -8364 32767
-24 -2540 15492
2476 4192 996
3084 12260 -2976
-22832 12972 27196
636 -11136 32767
-6304 -6564 -4224
32767 5920 3072
11680 13960 788
-20720 -9472 30648
11740 -14524 32767
13604 6116 1168
1232 9056 -6248
6936 852 3920
-6640 -1736 32767
5492 -7472 25132
14148 3040 840
7336 3776 1516
8432 1592 2852
-4736 -4932 31320
5840 -10300 32767
3432 -1836 -1448
18740 3184 -4752
-3268 -1976 25740
-10328 -6132 17432
10416 3836 20624
18460 9032 -4760
-11876 -1692 3532
3560 -8044 32767
10324 -868 23856
6508 4388 -7336
22240 7764 3288
-9620 168 31608
-4612 -9484 14464
23884 -6160 25044
-10152 4076 -5612
10196 6228 -8676
-6308 2176 23988
-4816 -11624 5404
8356 -6212 18868
7140 -48 13960
584 -4996 32767
4608 -1328 10292
-9976 -11452 32767
7320 5780 6412
11756 6480 6396
8424 4524 5908
-10164 -2624 19448
-6116 -8852 32767
6920 3376 -2868
8712 3232 -328
7964 4260 32767
-7628 -4540 20004
10140 -5908 18708
-260 5356 11544
2448 -1632 848
15484 4108 1344
-10844 -5704 12336
4100 -11352 32767
492 6300 23700
-5532 2532 4124
19272 1420 13392
-8812 232 26756
8788 -9120 24092
-1152 -808 6776
16372 3396 1116
-5364 3964 4108
-1548 -2516 12952
6332 -12692 25684
11424 7740 18956
-10616 2472 9908
12856 -3852 16352
-2432 -6804 21508
2552 -4448 16512
1936 -5316 23140
14068 -1124 1704
22472 796 -3184
-2280 -2732 -6488
-6880 -9780 6000
25324 -6560 32767
-3292 6960 3312
12844 1476 1340
5976 -18308 32767
-9676 -7528 16496
32767 588 8928
-10152 -108 -1288
2156 -304 18236
7728 -8072 32767
-5188 -828 5532
15504 4484 4188
10724 -792 25252
-5976 -6492 21708
11720 -12980 28880
-2040 -7152 11088
6496 -1044 15336
-7196 2304 18628
556 316 6236
17412 -800 6404
-8056 788 18820
7556 -8764 11288
6268 -3672 18984
-1652 -1464 5044
13988 2484 15896
-260 -1760 26196
9940 116 8876
32 2224 10496
2804 -6196 28292
12976 6164 2528
-9320 1356 31136
3160 -3756 4304
-6536 3700 6592
31920 0 23988
-28400 2704 600
12384 1052 10884
7008 4424 1128
-1156 7576 -972
14848 -2252 21472
-8688 -6724 17956
4396 -5884 17416
19196 -1724 30548
-6576 4216 2344
7360 -348 6880
15740 -4844 9384
-7120 -12580 32767
8132 -228 7572
13616 344 -5788
16016 6348 8000
-22704 1172 16272
6100 -6948 32767
4288 -3336 25312
-7996 920 1920
11996 8052 6780
-1008 7892 19160
656 -5000 11608
19300 -6636 16244
-14576 -2068 32767
4164 6268 17264
-28 4844 13200
25728 4976 32767
-3528 -3392 -576
3356 1704 -7228
15068 -4804 9328
-2492 3288 15936
-3888 8020 21164
8232 -8 -352
11736 88 16564
-2472 -2172 28240
-11208 -12628 32348
13208 2816 26892
-2652 1552 -2352
9260 1752 21552
4508 10860 22900
-5252 -4356 24456
29880 -11532 32767
-2520 7944 -13228
256 -2380 27356
18792 -4044 32767
-6500 1520 -304
3164 2472 -12404
6956 5712 11232
-11116 3284 3136
-3764 -24532 32767
8860 -4908 19200
2484 -1344 11284
6784 388 13892
9404 2532 13000
2096 3680 16768
2960 -7472 12844
10412 -1032 14792
2940 1192 20372
-4848 -1488 12256
8720 2180 16904
-1852 -240 22388
-5408 -176 16396
-1928 -7432 32668
12884 8520 3712
-504 -412 15388
8496 428 16768
-4696 -4152 14164
6752 -9784 18860
-4532 -1744 14344
3884 -208 15096
9212 1400 21416
2244 -5292 15716
20384 6416 2936
1840 8512 12348
3148 -1992 19204
12228 -7540 17276
-5332 -5588 9588
-616 -9424 32767
12612 5256 8896
-3056 5064 11620
11804 -1800 11172
6700 -9052 14052
21836 -2456 17540
-11864 3520 9024
-276 -6044 11036
6696 5616 10216
-4536 -2348 12188
18136 -2700 28448
-3772 -3824 6624
5120 -68 11492
13364 1812 6896
-3100 1292 7164
10488 2232 17824
-6336 -3716 9616
472 -10032 32767
-3152 -5076 18840
1492 -196 12004
11364 1940 24660
8120 -232 5912
5280 -6976 32767
5832 -2304 444
7484 3916 14612
18664 4320 7420
-10096 -8800 19372
4308 -4360 18060
13072 4328 25224
-12872 2548 9168
6368 -9296 32767
15272 11340 6688
-6084 -1260 6112
24956 -14184 32767
-8492 -2200 7164
1772 1524 13320
3408 4916 10628
7248 700 12528
-17560 -14592 32767
16548 -5272 9380
-3348 3736 16356
64 -2248 23704
6000 -4900 14932
5860 4228 15076
232 1692 7952
17880 -5456 3852
-3528 -16980 25328
16272 1728 20276
-6044 -876 -16868
-8644 440 24700
6256 -7476 32767
-8352 6860 23888
17292 6996 6120
5024 6380 2308
8468 -1712 6424
-3172 -15952 26928
2060 -1440 27268
4656 -8040 7024
16088 -1604 12320
1216 -932 16824
3252 8324 20212
-412 -9168 31372
-5180 2024 6712
2768 -17020 32767
4560 -2672 17344
10548 2560 11612
10316 11972 1496
-152 -4420 17416
3576 -11948 32767
-936 -4180 8676
-1052 -9732 31700
6824 12108 23936
596 3504 -5568
2652 -4524 17308
3244 -3352 21928
14404 552 2256
-3252 388 18248
8844 9932 21096
10572 2992 24436
-3656 -4092 9252
6992 -7396 29928
2824 -3584 9748
13072 -3952 24428
14372 -1916 -804
6500 -4224 540
-7156 11788 28544
-5076 -26116 31708
6132 10956 5404
-5332 -3404 6292
15348 -12692 32767
2824 -608 3712
-2952 -5044 14740
-4188 -4900 28552
-3488 1440 17616
23472 580 9544
6884 8952 6932
8100 -1188 -804
1376 -10600 32767
2072 -964 25980
8764 -4012 2052
17708 -4924 6244
-16696 4620 8536
15208 -3824 22296
2908 6004 17448
-6136 3848 9344
6564 -13496 32767
176 -996 5284
10464 3616 11400
-1140 -608 28900
704 -4844 17460
24316 -6224 17816
-148 -1220 -1348
6516 -624 14180
8848 -6876 32440
-5244 -2604 7872
4712 -2932 32767
-4360 2248 29388
-764 -224 12180
12288 3652 9220
6740 -1200 17452
1764 -20724 22460
-5216 1524 9980
-1916 3852 32767
11060 5464 4228
6836 4260 -7564
-224 2556 1524
64 -14028 30476
2424 -12172 20788
6312 -5028 11072
6440 8280 8948
-5828 5132 16036
12264 1388 16788
3944 -444 13092
-1028 -12888 25072
-580 -3680 17740
7296 5292 12268
-2376 -1016 22684
4776 -904 20784
11336 -788 9800
2048 680 8312
6184 -5460 18388
-760 -932 7216
4284 -5532 16212
7516 -716 17824
-4216 4780 -152
17772 8972 11688
-15560 -2316 32767
2492 -1728 15996
-1184 -7500 20964
5720 2816 7408
11580 5872 8828
7512 -4088 32767
-2068 -5900 16072
10132 -1556 16708
2172 1900 10340
3436 2024 5888
1252 7228 12004
3392 -7172 17844
-12 -6704 16096
4476 -1516 9180
-1604 2476 14084
-1296 -3612 29000
5944 4236 18340
4492 2784 11596
1456 -6568 29512
4028 -8548 13392
17604 360 4668
3992 436 532
-11796 -1784 23772
2556 -2120 13024
16992 1828 11156
3664 -336 12396
-12332 -1708 29244
15772 6884 20556
6920 -364 -812
-1988 -4988 14864
2052 -9756 30052
-1340 1256 13332
14540 -7676 15704
-13432 3352 21904
-712 -1052 26212
13324 -5592 11676
15156 1640 -2208
108 2568 25624
-5968 -8448 32767
3468 -1556 4272
9688 -516 17556
-360 1708 12996
4412 576 19120
-2048 -4060 9732
-2916 -15556 32767
2364 2556 3372
-1728 3624 16080
10428 -6248 14128
11780 -3616 14340
-4072 -1972 12212
6816 3360 5324
2172 404 13964
2956 -5040 26096
12220 -6536 5908
4440 932 2588
6612 -6452 14460
-23468 -68 32767
2860 -1992 15764
7496 -132 8688
13896 13976 11040
-5524 -8192 22476
-604 -14564 12812
10984 -2872 10048
-10036 -1760 12044
11684 -1872 31960
-3172 -1116 12432
12996 4348 2980
22920 3080 5780
6528 68 11952
-7992 -6528 7476
22060 -19672 29752
-18160 1404 7624
5220 -7472 10720
2488 2492 27892
440 568 9224
4904 -1248 10888
3932 -3864 12468
-1432 -5944 26488
8576 -4964 17568
1204 -3408 8860
16356 -7224 17068
-280 -7280 6320
-2820 -5308 32767
13144 7484 9956
-4644 -7324 10736
12300 -4248 8236
356 -3068 21820
2744 -4240 25064
9640 4964 9864
2000 2228 14324
2128 -4976 10708
624 -1580 26452
1684 -6820 17804
-56 -3772 5828
16724 5160 4632
5412 4236 7136
-9112 -7480 31792
7728 -3708 24284
6624 -3544 10056
-4476 -4128 19636
10372 960 18284
-1532 -5804 32767
-2932 5168 7556
20688 -1228 6132
716 3956 9380
-11056 -2232 22604
13832 -4964 29484
-372 -9624 14384
6480 -3264 652
-1732 3012 21844
5844 -4488 27964
9052 4500 7304
10580 -464 9496
5212 544 11920
4000 -7036 32767
-3068 -9400 26144
6692 -2916 7280
14440 5356 11108
-2408 9200 19984
7500 6000 9276
-5688 -1584 28344
7652 -2964 9572
3160 -444 7124
6136 10060 16872
-12364 -1924 14908
4332 -2576 30956
-5056 -4372 20132
10228 4768 9900
12568 14872 8564
15972 2516 5876
-1128 -6892 13408
2596 -11048 2288
15904 -2496 17104
-840 5248 9984
4260 1028 6280
1856 -4816 32767
-3524 -9412 15240
14084 496 10704
3772 13700 20040
-7580 1456 29500
-192 -11316 32767
3024 8420 1752
11308 -516 15808
17984 5920 8924
11108 -212 6668
-9068 -17280 32767
-708 -516 9704
3752 -12704 27912
-900 9056 17552
-1664 188 -2408
15888 4776 10040
1168 3944 -7332
-2680 -6696 6828
-3020 5708 28548
2208 -7460 32767
20100 10160 6940
-16748 10524 -1224
28208 -23052 31420
-13088 6908 7488
8232 -19068 24904
13684 12428 16352
-2316 -1472 4364
27644 -7168 32767
-16304 -3292 11076
-6532 -5120 27188
-6452 1112 14612
5544 7328 22092
11116 6648 12324
2336 -4760 9932
200 -12608 22156
11556 -1108 16704
-10416 -7560 12692
14720 6016 18380
-964 1860 -1708
5304 -8848 14444
-5120 -4392 32767
-2536 -2912 -3512
14932 3884 10256
10516 -1644 232
6556 -2300 19580
-1056 -8652 20032
-1092 -8080 8976
17816 -5368 22444
-5908 60 13472
-2236 -3044 12012
4828 -10776 32767
4340 6836 9668
2116 -11164 10628
20196 -392 2252
1376 10912 1716
904 -7892 32767
1608 492 12308
14792 -13692 7676
22116 -3428 4604
-14852 10352 11040
8668 -5664 26152
-8172 3948 9688
10640 -3412 14092
-10676 -5332 32767
9324 -3792 14736
-2988 -5520 16296
4000 48 18972
10932 -3348 14700
18636 3792 -4456
-14744 2024 12564
13544 -11628 25928
-12308 -332 1800
11416 -6692 9284
6880 2332 21724
-1704 4872 32736
-4068 -5728 32767
10432 176 1308
11376 544 2216
1052 -2192 13796
-8000 -6820 27976
-4392 2508 17916
12480 -2084 17988
2168 -1784 10196
1132 -10004 16640
11876 -96 8352
-10248 808 11732
7452 -8900 26840
4116 1800 -608
2936 5472 14332
7688 1604 21260
7740 -2796 12476
-948 4644 21568
5628 964 16864
-4552 -5136 20152
10608 -9812 25252
180 3128 1188
9008 11328 6948
-3852 7292 18196
892 -12248 32767
2964 -7588 6704
13576 5336 1008
-5288 7212 11224
-3476 -4284 32188
11652 -9284 15972
5024 664 11248
9196 -932 18660
2128 -768 9948
2612 -296 8940
2316 -7628 18188
6116 -1928 8368
428 -1796 9920
-5700 540 22848
6480 -4548 22616
17528 1192 6648
-3128 4420 -3688
-4256 -3992 24952
10228 -9076 32767
5088 720 3440
1720 4796 6420
7868 -3744 30552
-364 -3496 27216
11756 1904 13380
4148 5008 13108
5224 -3332 13520
3924 -2224 13056
9164 -1144 22596
-940 1652 16532
-8928 856 25016
12384 -4860 14996
1532 -832 6712
-6332 2588 21148
6448 -7932 28412
4536 -1452 5460
11388 -312 4544
21656 1216 24580
-13860 5492 8920
5320 -19264 26980
4600 3048 6880
7636 -6448 8412
9544 5992 4356
1052 5068 2204
-2440 5332 13584
-4700 -5956 29412
1316 2348 14264
-9584 -6076 20952
20272 2344 14688
-2304 8808 9984
952 248 31748
9204 340 14436
3396 1308 2248
10216 -196 9532
2272 12 14648
-17748 -10140 32764
15164 952 22716
8584 6524 -840
3368 7100 11584
3380 -7120 22848
12696 -6532 15164
-1916 -812 7288
-828 -6080 29692
-7692 -6396 32767
13364 740 724
2408 8512 2920
9192 13928 -5132
-4536 -1572 -1812
-15904 -16980 32767
-8240 -2448 11196
14728 892 5980
8636 9572 8816
-1552 -4956 15344
21816 -1484 15760
-1628 328 4444
2780 1168 3208
4716 -1744 30572
-8504 -12848 32767
7968 -20320 31760
5652 -4276 4000
15828 16584 -3152
7576 20992 -7204
3940 -1896 11596
-900 -22976 32767
-5428 -18588 32767
16272 -3036 888
20704 9688 -8080
3092 3840 -13248
6328 -6552 17084
1172 -2892 25068
6036 -12580 4216
4408 28 452
-10268 3596 30044
11396 -13020 32360
-5156 -8916 23964
19428 -5248 -2928
3136 7552 -9564
-13888 -244 19244
7420 -3212 19436
564 4684 8924
6540 984 -184
7208 -16364 19792
-12124 -6052 16512
11300 -3084 14408
-13788 10404 11848
6300 748 18892
-2116 -872 16684
15076 1236 7348
4920 -12792 2256
9300 8124 11740
1236 -8672 32767
-5544 5292 10304
20280 4376 6484
-10208 8872 32767
4604 -19540 23108
-472 2908 11580
6444 7656 13028
8228 8112 3788
68 -2144 26288
-3484 -11780 22448
528 -7888 24716
832 1148 25908
2684 1708 9332
4900 8676 5432
19132 9992 7372
1328 3996 2476
-9088 -8748 24032
10104 -11024 23128
7220 1356 -1168
8728 5748 4972
5224 13760 4296
4316 96 20936
180 -2832 27836
-1868 -11776 16612
14704 4472 3968
11596 7308 8732
-28616 2304 27376
13668 -4104 26024
-784 -1348 28412
12556 -2972 2740
3700 7276 6648
15092 4372 12940
-7256 -4712 23604
7280 -7000 7628
1956 -6140 4484
5288 2120 16356
10968 7140 19836
-1716 -556 25504
13108 4828 520
1200 5168 3624
8876 -752 15252
1456 -2444 5460
16748 -5328 4340
10288 5672 4236
-23840 -2816 23900
8128 -9584 32767
-4328 1852 13940
11212 3028 9484
684 2936 32767
-3192 -2496 15064
16876 -7224 7732
-4020 -3512 27988
-1676 368 32767
-11504 4728 30392
14752 8968 8464
11844 4976 14460
3452 -4336 7772
364 -4892 4500
15960 -4500 3900
-9728 5732 22908
-8204 -14364 32767
4628 14692 4960
0 5956 9272
4196 3012 16052
-3044 -7280 16288
2548 -10888 21140
17476 1676 1200
1616 328 10120
7068 -1208 22364
-5448 -4952 28684
6952 1508 15684
21788 540 6184
2472 960 -3100
-22216 -9460 32767
13524 -10728 32767
7100 972 -1136
8148 8404 11024
9500 8276 1104
5460 -7780 9148
-368 -5576 27456
-824 -9696 17436
8940 4996 15220
6880 7436 3412
7952 4660 12900
4748 -10628 32767
10564 -11868 10520
10464 -5196 -508
3772 -3392 15516
-1448 4904 9672
-13344 -8756 32767
6000 5000 8760
17824 -5584 7960
6476 7648 2844
6288 -4900 22316
-2128 2464 26760
-1488 -20956 29348
22880 3340 -8952
11168 13816 -2648
-9880 488 28176
-7032 -17336 32767
8780 -8452 -712
7860 1560 -4772
-8008 4952 6812
-16100 -10444 32767
11244 -3756 -6164
7812 -7252 4152
24004 296 6524
-9944 2064 10196
-7340 -20116 32767
16504 192 9748
240 228 11524
3568 2756 27096
6232 -14204 27440
-4812 -5844 22740
8572 4460 3072
22788 3040 6372
11044 8588 -4596
-1820 516 12080
1220 -25952 32767
-8908 -3332 14324
12188 2328 8064
9072 7640 26172
-12040 11272 13124
16336 -8512 31900
-7636 -8152 15352
2140 -15560 23324
2892 -8968 12700
16828 11996 4692
-2708 19396 -60
-732 3828 30952
-996 -15756 32767
4268 -6260 4992
13600 3872 10232
1580 -2048 11172
7128 2420 20064
2652 -3736 11960
-1896 1896 9200
15340 -2260 6956
3708 1508 15144
-2252 -1584 21764
-1216 -1588 28312
10948 -5040 13624
4992 2680 7088
13228 3136 11132
2940 1704 10848
-1552 -12476 30024
-616 -5424 26984
2356 2172 9572
1696 10212 13756
10028 -2036 20412
-536 -2192 18408
548 -1352 -1404
648 -208 -5124
-1892 -88 14216
11188 -2104 12300
-1268 -9164 26040
-4192 -900 13292
5816 -2784 32767
20652 12496 2504
-8792 -2500 2024
-1976 -21516 32767
25124 -332 -5608
7676 6184 4316
-11528 -11064 32767
3440 -4408 22244
9704 5040 7352
27784 6216 8556
6616 -4544 10844
16568 -7128 21488
-2028 -8624 30980
6900 4144 -3388
22984 5284 8780
9200 5500 22212
-14392 -10004 30592
9456 -3500 8300
25616 -2316 4828
-8600 -1456 3924
-2564 -4880 32767
15872 1756 -872
9676 1872 3576
-6940 -5916 32767
-8464 -9408 32767
9688 -5088 12160
6556 6428 -1204
16660 21132 -11628
10284 3904 -9180
-24564 -17376 32767
-5312 -784 20024
-16472 -1948 7640
20028 -424 32767
-21320 -9620 -1892
3140 -20808 32767
-11608 2284 1480
16356 1836 22956
3500 3804 17732
-7900 -7228 3304
9436 -16004 32767
2264 1360 -14060
12512 -968 128
4948 12392 16844
-4284 -20436 23768
13132 10176 8040
-10440 16304 5236
-8280 -5792 15836
20004 -3216 31384
-3404 -2308 -2924
5176 -9388 12568
2516 88 32767
5308 -4104 29744
13352 4588 1676
7420 4324 4208
-8968 -7684 31976
2692 -4032 26668
-6884 -5932 21924
5812 -404 11856
4492 -10204 15632
4608 -6900 9508
8104 -1656 11064
3084 324 15712
2440 -9948 18444
10032 -3644 11440
12932 -4156 15724
-680 -2464 10116
7704 1472 15132
7796 3480 17012
4228 -9752 11016
4588 -8304 23540
8552 1828 16412
1096 428 12192
-2160 3432 16936
-284 -5480 17928
7404 -1100 17136
812 -5816 13044
-3844 -5644 13292
5376 -6712 15864
9332 -4756 11544
-5188 -9896 19272
2844 -4584 19752
9640 -660 9076
11084 6500 9724
2420 988 10744
5080 -3692 12988
7512 -3644 8980
-1196 -1444 17820
-4740 -3088 22168
1288 -384 22924
2080 1608 16468
3568 1500 11364
2656 972 10744
5500 -1828 18176
2020 -4376 14852
8608 -1528 8464
5692 3160 10808
-3344 -9020 32767
5760 -2908 7980
6124 912 8808
564 -3856 23828
1456 -24 24424
-1980 -1880 19136
8332 -1404 11780
7700 -1924 8704
2256 -2784 14104
-6724 -7764 31692
4512 -3356 22632
-880 -1692 11900
4292 1368 15652
5592 672 15104
9260 -1424 17444
3064 3452 16480
9572 3100 4376
-368 2220 17004
9220 -3440 23096
4464 -8424 12144
20428 2480 -2128
-432 4380 12460
-452 -4724 26588
2364 -9700 23680
26416 2720 -5232
6476 9124 -8844
3784 3380 15284
3896 -216 32767
-14876 -14628 32767
12624 1628 18628
18920 -2460 1360
-10976 6024 4732
4032 -15640 32767
8956 6340 5092
19672 6732 -444
-21676 -2004 16576
-2552 -9248 32767
5656 -2748 2236
7460 2896 1240
14048 4256 13720
-11496 2440 9340
11092 3832 2952
-696 -3892 13044
-22552 -8120 32767
6392 800 16256
84 3260 2580
1348 9252 16312
13264 -1864 16108
-6144 1852 13664
8620 -5832 8632
-4252 -5228 12092
5308 -1440 18904
-6080 2540 8408
3700 5676 20592
1216 4040 14840
-4552 -2000 18400
1788 -10808 16664
12368 -808 11400
-4772 1156 7872
5992 -2144 11856
12692 -3644 21512
6932 -2556 1976
-6112 -7408 14232
8056 -928 32767
8 1628 9860
9356 2636 3480
8520 2160 2520
-8984 -2556 9716
8284 -8100 27828
8860 -2776 12580
14924 4752 2284
3972 -3180 1324
-5344 -14452 17904
6144 -2020 32767
1688 3428 5968
268 -5856 10716
15120 -2648 9040
4656 36 12472
7896 -324 9276
-140 -4456 20172
880 520 32767
5804 -6016 6088
11636 -7696 -1792
6032 -2176 11532
-6552 -36 24844
3960 -7412 32767
-2284 -8416 14064
27264 8484 1796
-7492 8752 -15300
1580 3576 -6128
6400 -8768 32767
12548 -1956 -2556
4296 8860 -16564
-2680 88 -1760
-4772 -5912 16568
10284 -10668 32767
2928 4088 -9544
-6888 -80 13868
9596 -3128 22400
-3784 -5116 9964
9840 1572 15604
-12616 -6752 11656
19632 -16348 23244
-9328 -6064 1828
848 -16608 32767
-1656 8448 18024
10496 2072 10508
17576 1528 10252
-4500 -5128 13820
10488 -9620 25580
-1140 -268 7160
6888 4400 8620
12620 900 19620
992 -2332 17120
3316 -288 17084
12272 480 6992
-9432 2212 21220
-8748 -2564 22280
9152 -2024 24576
3560 1832 9896
-3152 -844 -2860
1512 -5888 13488
-2908 -11928 22876
616 -11188 19496
4296 2332 9344
12476 9716 8488
10720 2588 18244
5620 -9328 19264
-6676 -9784 30268
13332 2092 15496
17272 -7752 8040
-120 -4216 -9160
3888 -1028 1292
9696 -20 15640
-5084 4416 7668
-748 -3032 14544
8276 3340 12588
-5472 -7916 14872
2896 -2120 30424
1076 4092 14048
-580 5420 14580
18028 2776 10164
816 3548 8504
12240 -1128 1012
-9808 -10056 14656
7808 -1724 22016
10104 12528 4580
7472 9972 5340
8156 -13064 29688
9184 -4672 2248
-9172 -12604 32767
-1392 -8692 18608
8424 6088 12324
9864 3224 6076
-2144 7420 22016
4820 -5968 21020
8164 -4704 7748
1232 -1832 4596
8880 -2968 5656
-5668 9520 24752
6492 704 10056
6904 1880 13044
1448 -2840 14424
4744 -1424 8288
3908 -6688 32767
9164 1724 11720
6056 1672 9472
12556 4444 25500
-2620 300 11736
-8296 -2212 9176
12380 1228 32767
-776 -6288 26556
7476 -11456 13652
-5492 2760 18232
15120 2476 5352
-3660 11736 8640
-1696 -21704 26832
-2380 -7180 11448
6020 -5160 19812
100 912 18532
9864 4568 7428
16 -1356 11268
-1644 -13776 32767
9236 -3112 27028
3540 -2880 4272
8188 1972 6488
23084 -2376 11876
-2604 -4192 788
2548 668 3456
13464 -7580 12920
-6056 -5000 16924
-10428 2496 30420
4092 -6644 14100
9400 76 3180
-14224 8160 -1612
-6652 -908 25520
6148 -7420 1608
11120 -1164 6180
-1500 -4396 16488
3320 5344 18552
-4052 -7084 23776
10964 252 10936
4996 5060 14804
4928 2544 11060
-2024 -10656 28756
-4848 -3380 5996
15696 1876 17372
7084 5180 -8
-4948 1180 6640
-5364 -6108 32767
5980 -92 17388
9348 4108 2388
13960 -4224 5856
-8768 -8240 19004
1892 -5912 26276
18028 -4564 16508
-15088 2668 17620
8704 -4324 18784
7824 -1676 7476
6868 -3608 6260
1080 -9140 25612
2648 -780 23848
1812 -716 22948
7504 -2644 5764
5592 992 10224
11664 -1900 27272
-6032 6060 14516
3420 568 17216
544 -4008 21584
3740 -5196 18400
8540 -3916 18088
-776 4140 11892
-2584 512 17152
6072 -1372 22112
3340 -3228 12804
7980 228 11228
9680 -320 22748
-7572 -1976 15208
-4744 -7764 32767
5180 784 10428
9880 -4496 24364
6792 13500 4812
-2376 3384 10652
10672 -7020 23136
6572 -1244 8752
1464 -5524 2596
6672 -2668 10044
-6748 -14196 32767
6056 2752 7476
8800 3528 1276
5828 1820 3148
3116 -3360 4212
-780 -8968 29624
5252 -8420 30648
4048 432 9548
4860 6960 8544
544 5344 15184
-4640 -1668 30832
3872 -1444 23756
6400 -3492 13620
14388 1732 10152
4656 624 5684
3236 -5032 25868
15096 4368 10756
-17156 -776 12004
-200 -9000 28224
-7680 5408 16836
11316 4540 14312
5616 4440 7368
-1724 -7332 10464
11384 -6272 10168
7600 -624 4008
2300 2096 8936
-2528 -1536 22848
2664 60 19792
10704 456 16188
2196 656 15684
5548 -1688 4456
5816 -2820 20736
7420 -5916 18264
1940 -7352 20828
9464 -432 1812
5080 492 21716
4216 -3296 12104
-7320 -1380 32767
5424 -7044 18620
-4760 -1400 9444
6396 -5444 26164
444 168 12128
1112 -5788 8740
5016 -6816 12868
-3564 -1276 17156
6296 3788 12148
6276 3044 12008
6304 2268 4948
8884 -2916 8340
6964 -1924 10720
-4908 -4236 21232
1028 -420 24112
12360 280 24156
1712 2436 17156
11696 -6592 9992
3624 -6664 24344
4668 -5992 4748
2928 -1600 3316
-5568 -5288 8324
-11624 -8852 32767
1064 700 19424
5556 2404 13748
-14000 -12836 26860
3528 -1600 6280
-896 -1856 20040
9900 -964 12664
4384 2492 5048
3212 1748 9284
2324 -6184 14648
12548 -2240 8428
10180 -9312 23496
4224 -3596 10472
1932 1244 8024
20044 -3344 30388
1760 -812 18888
-3364 -128 6988
9308 1452 6740
-7240 -124 19728
-1416 8 23764
-2112 4348 16952
7216 3704 18028
1228 -1292 13920
3784 -4880 14256
4876 -3660 15676
3432 -3536 13384
4732 -588 16188
3892 -2804 14760
4408 -2348 16052
8080 -420 14616
5168 1168 13596
4524 -560 14788
3124 -304 12924
1888 856 17512
6964 3592 16240
1236 -1580 15356
3348 -1000 18736
3128 -2800 13904
3024 -3440 13316
3864 -3080 18592
908 -1760 14248
2364 192 15316
4584 -112 18472
3020 -1064 14324
5636 -1600 16040
5996 -2224 15084
4948 -1772 15108
7104 -4088 13608
4056 -4072 14164
2660 -1160 17180
2076 -1008 17860
4644 780 12632
3972 -3208 15284
3388 -2740 14560
352 -104 16272
2940 -460 16208
3108 -1640 15484
1980 -1216 16136
908 -1052 16684
3944 -1324 14576
4396 520 15624
4644 -1080 15476
1856 480 10900
3856 1488 15988
3316 -4 19104
1516 -5068 16696
5640 1480 16356
4452 828 18304
7044 -680 18652
7544 500 14444
4672 1232 15952
6200 744 11192
2816 316 13356
1252 -584 19468
308 -376 17828
5312 -1420 13196
5660 628 17376
2624 -4660 13968
2396 -936 22216
8884 -3868 8676
540 48 10420
7256 -6740 18420
-1776 -1532 22032
-116 -856 27496
10468 -4256 12356
7784 -344 8192
2576 -3324 14588
5672 -4604 16428
9288 -932 5868
4244 1464 12060
-1080 -40 16324
856 -416 18280
5120 -5548 17396
236 -272 15036
1256 -1456 15460
5492 -1020 25904
1160 1316 15428
10868 -2540 16660
904 -3548 13840
6900 -4788 13176
8100 -464 16348
-4232 -4464 24444
6936 1412 10964
5900 1712 20568
4856 -1308 14492
2784 1740 7824
1480 1692 17244
12704 -3024 11076
-12488 1428 5052
2356 668 9588
-8316 -3148 10916
11128 6948 13960
2816 2184 10604
8672 -7792 17252
-2104 -4128 10588
6184 1364 6740
-6596 -6408 32767
1400 -1652 24004
3936 -7748 30172
6016 -2436 9528
-140 -2732 26580
21516 -624 2092
8140 -8972 2100
11008 -10440 9888
-3696 -828 9852
-25628 -5912 31228
15816 6832 9844
-1832 -952 4208
-6200 1164 21056
3512 -10884 32767
8028 -660 13188
7524 -176 7208
-1868 -7784 11324
9468 292 25380
-7632 -1444 8084
15028 9036 1380
11940 7836 4996
-12900 -5116 25056
660 -10344 32767
17416 8964 3748
-36 224 27136
-5612 -6004 15520
14124 -2868 20824
7600 3700 7248
-8004 -2640 -5680
104 1800 22308
68 -1780 26464
-5776 -2776 21328
8568 28 17556
2116 -252 14236
9736 -2736 22684
11480 -2876 -848
5604 3004 3936
5120 -13984 19424
376 -10820 28464
11644 11072 16428
11928 -7844 17552
-2512 2728 8980
10832 -204 2492
-17012 -10428 32767
-1848 -7464 32767
6816 -1200 -556
5336 -928 19164
3724 -9128 29496
-4836 -3844 -312
9696 7908 -296
1788 4048 19236
-8572 -10524 15952
12216 -5164 11216
3716 -3168 9784
1708 -5060 31260
8004 -1580 15808
10452 -2352 12192
4604 6880 19368
2384 -2008 11452
7680 232 14792
3844 -2516 18456
4288 -1176 928
2368 -1280 9048
8232 312 26948
-9832 -1924 15288
1524 -808 19900
11900 -216 18188
-1076 140 6080
-3840 -1760 8548
7232 532 24724
0 -7868 25660
5948 -160 11444
7432 216 11872
296 -304 21556
7612 -3420 14916
-2360 -240 17956
9856 -1028 15800
7012 -3080 16160
-284 -3832 9020
420 3536 31900
-7752 -12524 20348
14644 5180 9740
7852 4184 8588
4384 504 7660
-1632 -3308 12044
2580 4044 13984
3096 -7064 17144
8328 -220 9068
1092 -2308 17752
-3400 -3976 32767
5168 4276 11680
2944 -592 29616
10060 152 7880
964 -48 8216
8800 -8212 7816
5624 -7620 19240
-10960 -268 27332
9056 6784 14184
7072 -2692 12536
8548 -6748 16352
-3256 -5720 31428
8096 -716 11252
18032 900 7836
3316 -328 1460
408 -8212 15180
2836 1228 28640
816 2032 13496
7524 -732 14012
-6388 2480 18752
3320 -5012 18400
6784 -5392 21432
568 -7520 22168
7872 -2936 20972
5820 1436 14764
13392 -9184 19376
-756 -1548 8024
8832 1756 9172
-7712 -3792 32767
2424 736 9964
-2208 4520 17248
16904 -5216 13488
7956 -6588 1840
-96 -3804 3736
-2864 -5044 28308
284 6568 32736
-2076 2408 19244
10808 -4492 15416
-236 -6160 18008
-36 1256 9104
5024 2244 17496
-7164 764 19444
14724 584 14352
88 -7724 11772
9832 -716 13736
8308 -2284 10492
-5112 -1212 13024
2660 2620 12944
-2144 3448 5580
11756 1832 22608
-5960 -8844 32767
8292 -2732 4100
860 2812 14620
17608 -5628 23636
-5096 3280 6816
3604 4156 7364
-4160 1292 20308
4696 -1172 18288
5588 -16 17036
9424 -3460 17032
-2172 2896 10132
14980 -3112 14944
4512 132 32767
2016 -7092 10300
8740 -2220 2520
4372 -4280 32767
112 -2252 3040
2968 -5440 21028
-3724 6368 17940
8740 -3604 29268
-5748 3280 11832
6392 -9488 32767
-3804 -2892 12692
9704 -7424 17976
4172 -3728 9620
5012 -596 7352
2096 -1256 15480
-944 168 22800
3664 -80 19324
4724 -1328 11904
3200 -600 18080
4136 -3172 14872
3340 -4760 9516
5996 524 16972
3692 -156 29604
2792 -1416 9004
1100 -3308 15928
19960 5692 9060
1728 -2036 -3652
-3316 -436 9996
-5028 3512 18432
2592 -4816 24924
16616 -1696 9692
-19112 -268 29116
13044 2724 24152
-11724 -9088 14144
30104 2652 280
-716 -7652 7696
4184 -4724 11192
4596 -556 13880
1984 -9924 16160
1332 9592 32767
-208 -16128 19412
7296 148 4664
7524 5232 4400
3252 -1368 6648
4532 -364 14416
-2064 -4864 10588
8356 4776 15220
-340 -6280 26188
10480 -5192 22704
-412 2948 6860
1336 11348 13876
1196 -696 10360
11160 -2896 24420
-392 712 7584
2104 -3800 10736
11128 2908 18276
-4112 960 17664
-2912 -2612 24132
-1136 -5128 17436
5944 -920 20936
3668 -6032 14052
10284 412 7796
1880 -688 10620
-496 896 13524
-344 1188 32767
1568 -6356 10416
-1180 -6908 14452
9748 1372 17592
7432 3152 8340
5012 5532 2052
8600 2852 13572
-6620 4532 14132
3320 4380 16364
-564 -8080 17696
10240 -180 10172
3932 -1952 8380
-7700 2968 17560
780 2272 19760
-6408 -3720 15244
4268 48 32144
8468 1748 9236
4692 -5068 8336
2752 -1872 16632
2676 -3760 20564
-2016 1404 15052
7328 2944 15412
3808 1044 15892
5948 -576 12464
3920 -1420 16552
11440 -2304 18336
11348 1364 8588
-11932 96 18232
5280 -1380 14896
-2500 -4260 9300
9488 664 17604
14188 -3196 12344
-9328 -172 11952
6852 -6704 11448
2200 -3380 9384
-10948 -6488 32767
9856 -2988 17200
1672 -10832 15320
6188 7280 14444
1484 -4484 11604
15332 5492 12116
-14500 628 25152
7268 9136 17956
1360 -8992 8892
-2016 6236 12444
4860 -4652 16016
13940 -2864 12044
7956 -2880 4088
-2544 -17016 28476
9040 5968 6656
6560 -3404 13968
8596 5524 5064
-2676 -13476 32767
5124 -11360 23376
676 6772 9948
-9320 -5372 14332
7072 -808 23880
7516 2396 15316
-4060 -7252 17640
-3352 -404 32767
-5124 -8212 6124
-116 -11784 24220
6548 980 20016
8156 6120 5524
9052 7732 3996
3276 1344 17164
12980 3508 10476
-424 1428 29540
-1220 7372 26552
-704 -12844 -1376
-4552 -13508 32767
4840 -3756 13304
-9600 -9868 19556
2556 -4540 23144
-3796 -8648 15368
7044 6792 12812
-2268 892 15292
6936 2808 12100
3300 -100 9704
9040 -3392 17740
416 4148 13844
4148 44 6844
-1940 -48 32767
-5228 -536 20688
4172 -13240 16616
-5280 444 27144
52 -12212 12224
6048 -11620 22040
3112 8008 15540
6452 7684 7776
-2140 -4152 23988
8132 5684 1020
-752 -3676 5412
8468 6620 12408
10488 -920 11128
7664 564 7536
-10672 -44 32767
-1436 1608 20376
2284 -2372 15284
2408 12612 19380
-780 3440 5796
-8008 -8584 24392
5472 -3792 15344
-2532 -7332 7052
4556 -6708 28076
9612 -732 18876
88 348 6320
3204 1180 14760
3996 13184 17068
-928 992 10588
-820 -5008 29280
7260 -3360 27968
-9436 1892 14832
672 -4056 9532
9324 -6100 9584
13932 1708 18548
-8840 -5168 17368
-7788 -12464 3756
4100 -11704 23212
-4232 -5260 13048
7572 -6940 13576
576 -4644 17332
7356 -3876 14616
-4716 1720 19276
5044 -2204 12312
4992 -1224 10652
10560 1060 6860
924 3016 24128
1916 -11284 22820
-4828 -8020 -2064
-3556 -4164 32767
3480 -7368 12576
3832 -9504 5916
4220 6416 19336
9024 -9128 12716
2816 680 13016
-1276 -11340 20892
3736 -5428 9764
3564 356 17896
10916 4576 14828
1456 -812 7116
-4716 -1148 28268
1964 4184 14024
-1520 -7284 11128
5792 3868 28400
1924 -4044 7380
2512 -4640 9496
7072 -2192 15504
4352 -1636 7968
-4396 -6036 32767
4048 -7664 13180
3904 -1280 14492
4768 388 19052
6844 -416 8448
17904 -1372 2404
-2312 3992 20840
-2728 264 28228
-1616 -5592 11004
16988 -2880 12432
-5180 -2900 12532
6440 -160 17176
756 -1612 12092
-1636 1744 15956
3952 -6512 26996
5680 708 11140
3244 -1768 8064
1904 -2780 24092
-1456 6908 13024
8068 -5444 13012
4488 408 14240
10220 -3436 11992
-2668 2984 5268
12364 -1120 -76
-7196 -17452 32767
-6176 -3480 -4600
21840 11624 -10324
11176 3952 4956
10416 -2672 6784
10180 2772 8604
6272 -2632 7324
-29048 -12148 32767
16316 -1924 1556
7416 2052 6388
7868 -4836 32767
-1924 -2572 20240
9016 1748 9760
5776 14024 13776
72 -8416 9388
1760 -348 -144
-9752 -2012 24076
9440 -2916 32767
13944 -10420 10576
-7444 948 9684
3208 -3360 32767
1660 3660 21224
2256 -3244 21828
9068 -5660 12272
6604 -4252 6064
7400 -5264 9600
4212 5384 15376
-8068 1160 26696
844 2392 12112
5992 -5928 14732
17244 5300 13844
-300 -4320 4832
-808 -108 -1996
-928 3532 16340
-1148 -7376 22548
7560 -8864 28816
11128 4920 8456
-18384 9256 17212
15332 7396 13596
-3296 -4888 552
6876 -5600 11876
-2376 -17384 29280
-1128 -2940 8460
3252 -224 21300
4240 -304 7372
13216 3572 18116
3596 5748 244
-8004 2828 6816
4768 -3916 32767
10428 768 16228
-7220 -5500 4752
2808 2980 7808
2408 -2212 20264
4056 -3088 14092
2144 1004 20332
9176 240 15908
228 32 8252
-9096 -4260 27936
5020 -2096 21392
-1072 828 9068
4164 488 12192
9256 -6328 7508
7116 2920 22132
3372 592 19908
8364 1024 -3372
8352 -2640 17052
10776 2684 21108
-5808 -4788 1900
-4640 -2244 32767
2376 -1272 32767
-516 -6740 4012
7704 -3644 4252
9116 -328 6124
-2824 -6676 32767
-1596 1216 17200
8348 -5524 4708
2548 -2108 14232
8960 1276 8328
-6980 -932 14668
720 4168 20828
15988 -404 7064
6620 -6944 -1200
-4892 -13536 32767
22916 164 12188
7256 -6848 3284
1044 -668 5452
-18700 -11324 32767
5636 4916 24260
-1648 4536 6884
2164 -1828 26336
-4200 16 28464
4664 3968 9908
16760 -668 12072
-5440 -7436 7412
-13236 -3648 17640
26332 -4328 26852
392 -3352 11316
2356 -9936 6384
5008 7328 15808
5376 6820 16384
14216 692 9256
2944 -4784 14828
7208 992 7116
17752 24 852
-1648 76 9240
-5608 -3632 32767
12596 5512 7884
-3148 -2552 5620
788 -8184 22944
6944 7944 20216
-6516 -6992 7896
13804 -1336 21472
-884 444 10332
-6864 -3316 5636
6992 4632 32767
-2192 -4412 12844
12624 -4968 6196
-2672 -6992 32767
5792 -2092 4124
14392 68 22640
-564 -9136 12924
2376 5212 4872
-2908 6680 15932
-5740 -2816 21252
25056 -3660 25408
-12920 -12656 8532
3596 1500 15768
5188 7036 18064
2556 4352 9100
-8976 -2756 21484
-2400 3220 17640
16792 -2024 23508
-4664 -11024 64
3520 -2996 11464
14980 2652 8048
7320 2708 11480
-25528 -396 32767
6164 -496 -6852
15776 6076 13080
17784 -27092 4032
-10272 -1628 18164
11176 4568 25692
-14148 7132 32767
22196 -6628 14092
-16380 -2296 6028
15032 -984 372
-7220 -6744 32212
-5644 6012 23912
-3264 -5316 23708
20500 -2316 10044
1992 -5224 -2608
10676 5164 10980
-3584 7132 23848
-4496 -7052 14748
14800 2872 32364
-1372 -8980 10476
-688 2660 12688
10276 132 24724
-7324 -4620 17112
11772 2424 32767
-6728 236 10056
10728 368 15176
-564 -732 12664
2632 -4280 5288
520 -3040 32767
7948 1944 12560
2796 -1776 7328
4556 772 3352
20924 -6212 -596
-3236 -6392 -3480
-21912 5396 12528
26220 -2144 32767
-4920 384 8376
-9196 -8536 3948
3300 -3072 30336
2092 -3172 15812
7948 -9724 8776
11104 1016 17452
6520 4168 8844
8336 4224 -6792
3428 152 9692
-13588 4 32767
14652 1916 5824
-1104 -6560 11556
11384 -11436 15396
8432 -568 -152
2248 -4716 32767
-8000 4448 15552
-868 4436 11040
18452 -5112 23816
8952 -2648 -1296
-14456 10292 22440
5212 -1108 18876
832 -3500 -108
12428 -15308 12260
-4692 2936 24000
-9832 4068 14384
22304 3644 11488
5836 -15496 1788
6324 -8924 2196
9048 -6644 32168
-2092 5092 21992
604 2060 22628
4612 -4500 14416
4676 108 5260
8780 1616 19224
-1452 1636 14552
-3956 -32 17312
-8888 4 12224
6904 -1992 15644
10108 -4444 15472
7972 -9820 6656
-11900 2528 3720
12912 2968 25144
8476 -2888 21268
-1776 588 3708
7840 3688 16628
14252 -12688 8572
1984 -6320 5492
1600 15120 32767
7364 1328 11496
1128 -2312 24632
-1544 -1288 7764
-4100 7076 32767
6548 -4976 17660
2160 -1120 1812
6848 -4600 11428
-4452 -1156 32767
960 -13932 11000
-9824 -6732 18760
-1524 264 22016
9652 -2096 27468
9056 -148 6580
4948 -5812 4180
-976 2296 22124
10048 7860 23768
-768 -2836 10628
8772 8076 9736
10136 -5640 11252
-4700 -696 6192
8532 -4268 17816
2800 3412 20584
-2708 2604 9448
5392 -4720 24884
9748 -344 8228
-1056 -2336 13776
-1624 5092 14956
8280 5028 12716
2520 3780 9108
9976 -68 9684
-22840 -7952 32767
-1588 -4604 25600
10364 3356 15272
16356 -7264 7384
8080 -12936 -716
-976 -1732 18396
-5584 15244 32767
11932 -3924 10600
3624 -2864 5604
6160 -8176 7248
7336 -3320 10992
6940 1020 8436
-16156 -2404 32767
3512 -1340 27964
2144 5732 10940
16524 -5136 13260
-6120 -6752 10316
8472 2068 9636
-12724 -2060 21468
8032 -792 14712
-7368 -2848 21860
6624 4128 12536
6584 1516 10848
-3464 1104 16468
17940 4356 12908
-4888 -7192 13108
-380 -8152 31428
9116 988 10696
4364 6164 11304
4344 4648 28052
-2600 376 13540
14764 -1000 22292
-9500 2672 6544
-6804 -1748 9592
10776 -6484 32767
228 -1936 6988
-2276 6768 7032
5340 2380 7156
17260 1080 4692
2996 -916 4264
-3464 -9904 32767
84 6940 10680
-8572 -580 24656
23520 -2828 6728
3872 -4480 -3040
-2120 328 5924
10352 6580 32767
-7528 -3612 11984
3996 3276 17880
3952 1696 9820
11988 -1944 5028
5468 -8512 24728
-11052 -4196 10148
7896 2268 26184
1164 4068 13348
1116 2056 10032
-8412 776 14956
9300 -5784 32767
3856 48 16640
-3760 -4380 11624
6244 284 19084
5812 1560 16380
7248 -16216 23248
-1964 -2044 13872
8112 1060 20088
4416 2688 7316
10472 9860 11204
-7288 -2692 12348
18984 -7416 11608
-7040 -5852 3252
-11060 3276 27480
13352 -3296 28672
-6892 2148 26056
11272 -3244 16052
-6700 -4552 23468
19120 -1544 11744
-4136 6472 -3348
14768 -228 8392
2192 -6124 11616
-27752 -11080 32767
32767 1564 4744
-9828 -5792 1996
17996 -8640 3576
-9496 996 19416
-12468 5456 21392
25652 9436 5324
-4084 -4968 14240
5532 -5444 4508
3420 3944 22208
5456 -8288 27800
8164 11120 7588
-4772 -2956 4912
11348 1796 25556
-10388 812 18544
11656 -10656 24856
-3056 1664 7704
6128 -104 5612
16688 -160 9256
880 4128 6344
-19492 2480 25716
6668 -12368 32767
3992 9248 4536
-4372 7784 18684
25868 440 16224
-2500 -7824 19200
1808 1028 980
1744 4064 11152
1012 -1248 3964
-7792 -10264 32767
1024 16 17028
-5548 644 -796
21172 -884 14744
-30268 -13956 32767
12040 680 18508
-900 584 7652
-1456 -816 11308
7340 2356 19912
7156 -5440 12896
1080 1784 17696
6700 -332 17916
5304 1472 14296
204 -4368 26164
6496 -2700 7484
11312 -3288 24824
7972 -2880 7508
4932 128 4720
-3512 1448 26440
-5196 -3396 20712
-1008 -3460 10080
9792 -516 17276
-872 2336 17984
-1912 2684 24012
15540 2336 24380
-236 2684 4344
-4880 -2564 20320
18372 -2588 14476
-864 -2900 6472
2196 -1204 15904
-4024 -4060 22692
14716 -3092 9324
-9836 -208 21884
10968 2600 16708
6256 -1032 19000
7316 -2032 6436
-1976 -5148 20408
-620 10596 25708
-6836 -4628 30260
7100 808 8432
5536 620 5040
4020 1184 18016
-6292 808 15100
4968 -3160 5564
12900 -1296 32212
3192 -5068 8892
-3360 -3108 14276
18812 -3180 18340
-12788 612 12672
16328 -2192 16264
-10128 4504 1868
16868 -532 13636
-7544 3888 9092
3756 24 14104
3720 -11024 19028
-784 392 7184
4920 3128 20636
-1580 6360 14228
-5208 3536 23536
12144 -3868 24708
5416 3132 16284
4136 -6760 11960
2216 4980 13156
3700 -100 12484
12012 -884 12124
-352 -4684 15284
11256 -4744 13492
-688 6692 8104
5704 2464 7928
7244 5216 20228
-4316 1004 18404
5380 -880 15468
8156 -960 18548
-3104 -1172 12100
-1352 368 14464
-8796 3564 17188
9552 -6968 14936
3476 -2204 16628
2388 1156 10148
-5040 -676 8008
8812 -444 15608
2644 7740 32767
3436 -3580 3828
10444 -1068 32767
2348 1200 10876
2300 -848 14952
1072 3080 26248
-2904 -5264 17200
8324 268 12248
-1128 -140 12128
940 -3168 13096
9704 2824 25972
-8104 -3452 18160
10928 -1848 10524
3708 -4100 14224
1324 4712 12092
6928 -4204 18612
-4364 -668 20500
9712 3188 6456
280 596 16512
4528 2560 12736
7612 -2464 24824
9672 -892 4772
-2052 376 17988
7372 -592 14912
-476 -2956 20188
12344 316 12628
3696 1960 12896
-7380 2888 30524
-3356 2512 19912
8212 24 13200
9968 6292 14360
-9320 -7144 17984
1324 1276 16648
5716 -5580 18256
1380 -3400 12464
7004 -10212 22292
-3456 2388 7192
11304 -4396 32767
28 7096 8440
-7832 4796 9864
12048 2780 11860
-192 -9924 22120
2528 -4284 7620
8736 -2136 16004
-3192 1872 11496
-900 -2956 13660
13384 3160 14624
-1152 -7536 16012
15196 3528 15148
-2784 4532 16220
11532 -4884 13260
-4636 -2880 5784
-44 4192 28036
11880 5636 27220
5196 1356 6516
11428 -3384 32767
-4256 -11400 26196
848 152 16524
17148 2352 32767
7480 -2692 16020
-5708 -6756 3996
6936 3100 27964
-3892 6972 10896
5568 2836 16728
1916 5260 7556
-1628 -420 10860
2192 -1600 19360
1624 -2564 14260
4716 -3928 -900
-3948 -1040 20728
2160 408 12388
6200 -4384 15992
14580 2048 6780
-252 -2484 13532
4 -1828 11316
8196 2452 19124
892 1296 17620
9948 -1376 12000
-6360 -1960 10448
4052 -2632 15128
-1896 -452 32767
-3064 -7776 7872
21656 1068 -1468
4512 -1736 15940
-28696 -2528 32767
32767 2144 9676
-5996 -7920 -408
996 -480 9628
-4576 -9484 32767
20620 -2564 17360
236 9036 11720
6180 -5424 11440
-1944 5248 24780
7572 -844 14588
-2336 2940 20660
4264 -184 25288
-56 -424 17928
6724 -320 11144
5984 8 5508
5684 600 19576
-13904 3104 32767
10520 4660 12028
-5176 2592 19096
12496 -6356 13268
9320 10100 9644
-5324 2640 32767
8660 6896 9300
5260 -3944 17580
9088 2740 13612
-7448 2756 14796
-6048 3500 22660
-1508 1176 16580
-1552 -7100 16868
5364 -1608 25260
-8956 -252 18440
18976 -13188 9852
656 -12904 8596
7888 2284 18140
476 6844 15816
9804 -13732 11308
-2728 -4904 27340
9108 -4152 20012
4480 -8104 14680
88 -8580 16728
14332 -600 19892
8248 4844 3584
-3148 1772 3980
-7540 -1988 32767
12356 -2880 10948
-924 -3264 -188
8784 8792 5344
-26520 -1476 29404
19972 444 16296
-796 -10356 16124
6420 3280 12588
-132 516 15612
8120 56 15056
11040 -1888 16988
-10388 -1908 17108
6964 -948 22096
-3092 -336 7940
15424 -3716 14332
-11964 -3400 7916
11652 72 12684
6376 3172 12124
9268 -1748 10360
-1824 124 5888
15800 -2784 17228
-15340 -5796 19396
8916 -7508 19792
4932 -324 13356
4132 -40 18540
1496 -4004 20372
4244 6348 15248
-748 -2652 24440
8600 656 19964
-1124 412 12220
1648 -612 15780
1216 -2224 11308
-3016 -16 11840
6036 -1304 19592
-5032 -4948 18252
11744 628 17836
3424 -116 17164
268 -1060 12604
17456 1468 9064
-3588 -3136 21332
13768 1132 9576
-2396 -2968 30000
9108 -3188 10480
3096 2492 16828
-348 4364 9652
6204 -3680 32767
-2232 -360 6700
-1932 2704 31832
1068 960 19048
-4844 -3932 11132
6288 4112 18484
-4196 -8696 25596
9092 -2228 6944
8412 -3464 10460
-10848 6636 17652
-5460 -7160 30352
5800 1036 15568
5656 -1716 15752
11748 -5472 8440
-5484 -1300 23636
12504 1124 32767
-2776 -132 -2668
6696 6284 11088
20340 -864 11424
-22352 -4840 20492
17440 2316 18612
3364 1496 10608
3852 -1212 5968
1836 -976 7228
1596 -3128 30944
4268 328 11652
648 -1776 26860
2016 1916 14304
10224 -5364 18280
180 2440 17184
7632 2348 18736
-1172 164 18620
7924 1092 16996
3620 -1772 19632
4904 -2308 8072
8176 -3836 30816
-10304 -2056 13804
11444 -4256 14300
7312 -4136 14748
-3800 -2600 8900
8908 4988 16072
-6016 0 21756
4472 -1416 25644
8832 -1088 11596
1540 -1556 21988
4072 -1196 17508
3292 -3696 18056
5232 2596 21624
2040 3284 13708
3528 -2424 15388
2708 -1552 15824
-12 1260 20076
-2844 -2204 23736
5232 -2604 18624
4836 -300 6940
7124 -1436 12612
-2596 -1976 17020
2852 8260 13192
6372 -1260 9284
14052 -4000 5004
-6856 -5028 16924
6708 -492 14552
1260 4144 24144
4412 -6348 6568
5760 2764 11596
5712 5848 22380
-9296 -1028 16092
24676 4656 27304
-16904 -5296 6708
9600 -1664 19640
5444 192 14900
-17036 -7272 11756
20984 4984 29648
-2116 1776 1020
3488 3180 9224
-2124 3168 23168
10836 -3684 17032
-2192 4768 17312
2212 -2452 12060
13364 3524 28504
-1096 -5296 16436
16332 520 7704
3792 -3260 32767
-4240 2356 928
19476 1976 3628
-8108 -5500 11672
1744 -868 25492
8264 -2564 20464
-9352 -1944 25704
14324 4072 13808
-584 4064 7696
12176 -7388 10036
-6952 -3660 32767
11116 -420 21760
10532 2688 712
-6540 1500 5080
-7520 632 14960
1136 -2900 17100
4264 1324 15096
20476 -852 14640
-17344 -5664 18460
11988 768 27752
12796 2728 9852
-712 -696 -6488
16112 696 6816
5328 -2408 16904
-17984 -10204 32767
21072 1308 18892
-4688 80 2020
10840 -1308 19548
-6556 -6140 21580
19228 -7220 24184
-10428 6260 20892
10772 -2868 4068
6476 2232 28444
-1604 -860 12136
1976 -8 32767
4536 3644 17436
-11360 -2876 10260
7632 7416 10116
-9540 -1660 15068
6520 -1416 19076
5844 3628 16356
6236 -3808 9744
5056 8888 6840
8516 5416 4068
-2968 -1416 15448
-4272 628 27168
11696 5044 17984
-2552 -916 32767
900 -2220 13232
7952 3200 15112
9676 -352 5712
-9104 -8968 32767
1036 -3036 25616
11828 1300 12060
5016 1132 7572
284 3884 31040
-3328 -5084 6280
13556 -3684 16100
-18660 -1676 12972
1600 -7868 27004
5648 3092 28576
-5904 -11620 11092
10320 -5844 22724
112 -3168 14804
8408 1452 20096
15740 1720 20636
236 -1668 8876
6044 -356 10720
8172 -1356 20468
-5388 -1404 17328
10716 -1400 13924
-300 -7040 22056
9572 -4664 7144
2708 3244 -2536
1484 -56 11796
-9224 -4136 32767
22164 -4848 19936
-6160 5020 3404
10752 6680 2252
9520 -1188 15404
2292 -2528 4208
12296 -4 32072
8 -3844 21640
8792 936 8400
9912 2736 5944
3700 1652 2900
-11148 2200 13268
-4700 3320 32767
5500 -380 11412
11412 -8520 15744
-3908 -5108 4728
5872 -10088 27824
868 -7124 14732
-992 2224 9612
10192 -3108 10048
4124 -20 -6928
11236 -260 2536
-7972 -15624 32767
21116 -1180 -352
-6892 1200 -12156
11564 -1772 32767
-14208 1420 7968
2380 3432 32767
-9748 -1480 9632
3856 3324 19252
9992 -2876 14068
-1320 7028 21740
-4960 -4192 9316
10100 -5296 27632
14160 -7652 3300
-10556 -4404 4264
-2908 4352 32767
13848 -6532 10604
7384 -1560 1088
17104 -16864 26964
-1844 2192 19788
11876 1704 31496
4940 8584 7360
-1808 2100 4460
11540 -6424 32767
-13360 3336 8784
652 7384 10004
10872 -720 16776
-10456 -1304 4748
2680 -10456 31736
-1332 852 20744
12300 -2840 15088
3540 8048 16488
2292 -8636 17388
11332 13408 20496
6364 -9108 10844
23404 -2400 3964
6828 4796 2276
-13688 2884 32767
-2512 -10400 32767
2592 3308 8664
1244 10840 32767
284 -16000 29064
-616 7632 21700
19316 -13032 32767
-5716 5376 312
6204 6104 32767
-744 -10116 22928
2752 15468 8160
-100 -12320 21904
10340 -3860 10148
24096 -3452 5164
-17176 1604 -12828
17980 -3288 32767
-23340 -3836 -3420
4316 992 22600
4952 -1848 24148
-1996 -6752 28656
2116 -3240 19832
3488 -3776 7084
21044 -4052 15996
-12980 11408 -1744
-7808 64 32767
11248 -4272 28624
-1852 6580 2468
9156 1368 8884
-6704 -1376 15292
10440 -4176 7772
-1448 468 16240
3020 -508 8528
9560 -3548 30188
636 -256 9520
-292 -3956 2328
5872 -2396 29820
-6356 3952 11024
14588 2192 13668
-900 -4068 6836
-984 1164 8136
16996 1816 15944
-10232 164 27964
11104 1636 3856
-2856 -6336 32767
9120 -84 10204
-272 1452 18816
22848 -3980 14456
-13524 5256 -1420
-15816 -8084 32767
14712 9408 22340
-3768 -1872 13388
8316 1368 22568
3576 -5424 19852
18556 -6960 6608
-1476 5168 5780
6592 -2496 32767
-348 -2424 15868
11256 5416 4936
6872 1092 13960
6172 2164 -3704
-2564 6452 -6020
-6768 1272 9668
4732 -196 21216
-3560 -7596 24536
-1160 -7180 13164
30796 -344 14400
-13036 5432 21792
-4024 -2804 13068
14412 -2968 32767
17296 -3188 -4772
-10196 5556 12556
13128 -1552 14308
-8920 -2064 25380
10216 -9780 31004
-12792 7352 16764
13192 1084 19060
-6412 1468 8032
5832 1280 3160
-9424 8696 32767
-5224 -3600 22172
10392 -2192 17592
4196 600 12740
-5644 -6928 13524
23276 -3780 21468
-9820 4576 5448
5824 -6232 9564
-4400 5708 32767
23104 -744 21284
-4416 352 -1904
9020 2704 7180
17296 -11504 16540
-6476 -992 11148
-5972 1872 32767
14300 -4092 11072
3288 -9204 2820
4696 -3340 7520
-2344 612 21712
5720 -2768 26172
-992 -3204 19884
17612 3948 19844
7376 -4872 748
348 -8012 13212
5088 3556 22044
2268 3580 9556
-14604 -444 22132
9660 5096 20724
1280 1860 23604
13196 -616 19260
-10404 100 1464
12368 -956 -1748
-22836 2552 22440
5356 -5628 20144
-8604 -376 21016
24864 4680 19600
-8648 -5180 3748
7696 1160 16912
22788 10560 20552
-14952 -12520 19060
19052 9632 16184
-11216 12524 16028
-1004 1324 8692
-13020 4496 25512
-7308 -2424 20092
16056 -8044 13324
9056 -3156 19268
9144 136 -8768
5044 -6776 6996
-17840 2872 29300
7672 -6984 14864
-5528 -1224 13024
-452 -1748 20868
-192 -8552 19612
19288 -4940 14600
-5624 -1748 15696
3228 -3620 30992
7008 928 23216
-5904 1124 23544
10116 844 9208
15556 -3944 32767
5660 5588 13080
-17228 1888 8336
14980 1688 26340
-4160 -6784 44
10284 6164 12444
-5724 764 19640
3976 -5808 20372
10624 5116 17564
988 -3492 12596
36 -132 21372
3376 -1112 16616
5180 -2180 18800
9592 1208 24524
-17120 1588 6596
12228 -520 21232
-72 1752 18464
-3128 -3912 10856
-1900 2912 18992
14784 -5772 16240
2800 -6948 8924
-10424 72 16740
16832 -1140 10576
-1600 -2692 7900
2012 1860 23404
3668 -4532 1012
5840 -4416 24056
9996 1488 10520
-1240 -2604 -3944
7760 -8964 21668
-2492 -1836 19128
8716 1268 20124
-4656 -1632 31856
7488 -7408 13684
12400 2504 21180
10172 3380 2140
6768 1036 5064
-6332 -680 14988
-5520 4956 32767
15064 1020 19028
-244 -6964 18108
18392 -4176 1980
-2724 -4676 2724
-15400 -3220 32767
2892 11840 15388
9856 -8028 3568
-68 -6504 12524
-5016 4484 29612
17128 -1024 15248
-876 -2096 16780
5112 244 8352
9448 1472 25472
1528 -1720 9536
10804 -1852 8916
-4760 1292 29044
788 -4568 17632
-5584 3312 17492
14424 -6212 23564
-4620 3172 17676
5108 -2992 13924
1140 3400 13244
12824 -2380 20112
-6520 -7436 8764
2592 460 11572
7388 -10604 24864
2176 2024 17816
7212 -5504 8752
1868 784 18224
5144 -4416 15028
1556 -3508 29728
6092 -3228 12064
-1228 -2468 29316
5516 -296 8116
1628 -3600 12548
11972 -9312 31256
-10544 -6956 29744
9916 -3968 20164
-8712 -4204 23008
14504 -3680 8012
18876 5264 4332
-10732 824 2788
-5120 -3636 12844
9860 528 11516
-7676 2768 32767
13172 -26088 27756
3036 6676 -12536
4552 -8192 14644
-13384 252 32767
12616 656 15212
16844 -17432 30436
-15916 8336 7620
21260 1428 -8112
-22804 -5168 22200
21068 -1300 9636
-5988 -5808 7832
-2588 -4440 32767
12260 -8292 21260
-13628 5700 2324
15068 7636 -7852
412 1580 15776
-1008 6204 4488
-8420 3412 -4676
2680 4112 15876
21372 -9724 22168
432 -13728 8340
-9344 4624 14620
14776 -1052 17380
-448 536 9180
15160 5864 15572
12492 -6488 14568
-1224 328 4904
-10004 -2880 32767
-2980 6540 12948
8300 -888 3496
10840 2392 30176
-12580 -2716 13764
4188 2728 24560
1160 4760 1020
9488 1332 32767
4708 -10072 9324
-7956 -1612 720
18880 2964 11892
-13484 1504 3524
10344 3716 24120
548 6784 19368
6632 -3184 2392
17648 6872 7108
-10096 -2592 16344
-1272 -12256 31164
-1360 4232 5980
-6592 4236 32767
3484 2236 15808
-5836 1000 12348
13084 -580 21868
-8620 -3100 15668
4648 1380 8744
5408 -1464 13996
-3592 -1436 7864
12884 -2328 13332
848 392 19280
7908 -4940 1060
5076 4280 7320
19836 2264 10852
-13376 5968 8612
5332 2120 11432
12704 9776 32767
-9244 -11248 19872
-6792 3704 14188
10284 -8964 11472
13104 13756 3748
-16736 4228 16440
3996 -8456 32767
-5220 -13280 3980
-13156 2360 23176
20272 -2492 20604
748 -10156 30264
-4256 -4140 8336
11840 8972 16224
2188 11048 18916
-640 -6220 8100
1664 2768 6844
-836 6136 22376
-420 1888 18004
-1448 -9976 16160
8412 876 14472
6740 -5692 8164
-2428 980 20516
9108 2880 6400
7788 15652 -3628
-10260 2820 13512
5508 -12008 30716
6352 -13788 7436
20952 6692 -2664
-5972 13188 8652
13212 -2668 19312
18456 -1772 -116
-8000 -7372 32767
-7676 -4156 28876
16424 -4192 18200
-11356 -5472 32767
3804 -3908 2216
23192 16372 8856
-15116 4296 13260
5100 -23388 22388
-160 -9472 20512
13100 -13360 1892
-1120 8768 -9452
1644 12028 17456
21900 -4892 26640
-4040 -7464 18776
14924 -9308 31232
-16756 -11196 -7320
10788 3196 17008
14344 592 11788
-5132 2124 4116
1124 984 16128
3152 -6076 28772
-7284 1212 14496
17784 -7108 23304
-15632 2064 6380
14264 2008 1176
640 3136 756
-10152 2884 17848
-3544 -7760 32767
2596 -7216 4896
12800 -3588 3392
15428 13256 9776
-13060 11048 15156
13788 -10632 31032
3924 456 4932
-13968 -4348 11460
22340 -2064 32767
-11516 -11832 4740
4456 -1312 20856
12292 10532 15296
-2516 1244 19876
-1576 -2076 20200
516 -2392 8512
-2100 2600 13236
-148 -2116 29264
-5056 2540 7624
-3444 -5288 18768
5496 -10204 22020
11740 2532 936
-10148 -5416 32767
14672 4024 6328
-1168 -3076 22492
7000 5336 -2628
11856 20 25392
-796 2692 24852
6656 -11236 13788
12124 5968 4460
8708 -1340 9348
-6660 720 19252
324 -5864 32767
-4240 8952 18176
2728 -8520 11416
5364 2440 14340
-9468 60 13036
12040 -9548 23760
-468 -7504 5432
-3080 -13544 31004
4460 312 19112
13440 -1380 18012
-932 7868 -2256
8636 5800 9496
8164 -716 21300
-448 -12828 23760
1676 -9320 21920
3828 7148 2780
2388 1012 14052
15924 9876 32767
-1876 -1800 -7720
2824 -7184 20736
-776 3888 32767
3780 -4696 13332
1048 7772 3104
8584 1112 6340
22888 -3964 2732
-15888 -716 22248
-5420 -3128 27176
11048 -7472 20916
5484 -5676 3480
-3204 -1216 11884
4640 8172 11452
9652 7672 14392
2652 10692 -4368
-2276 736 10060
-5400 -15604 32767
9092 -5188 984
2080 -168 -2456
1236 9192 16016
-2432 3056 28100
-3868 -188 32767
8048 132 10712
7536 4032 2340
11504 6648 2916
432 1440 13452
-2500 -9684 21576
8556 -360 16080
-2356 11972 4244
-1212 68 15084
16352 1056 22212
-5872 -6224 27004
7464 -316 17308
1944 -4324 16496
6572 -2620 8056
13736 1032 10392
-15792 1052 32767
5272 -18304 5240
15068 756 2656
8672 9452 -2876
-12500 -6700 24524
11044 -6956 29384
-3220 6244 12392
6080 1644 4076
19644 12132 -876
-4668 -9560 17788
-4900 -16044 32767
15060 -6520 4520
-360 -24 26056
-20644 2044 19992
12360 132 15940
1800 6332 7552
-10288 6228 5808
2956 -14600 25352
5872 -2448 25828
2564 -1456 20020
-18144 -16192 24452
26044 5192 3488
6644 5696 2056
13104 11772 6788
-1984 -1364 2068
-7996 -13408 31548
22088 3260 14256
-3320 -3156 -7960
17100 7016 8560
-32768 -10044 32767
11252 -10508 24656
9004 200 2236
9084 14136 -7556
-24600 72 15880
3480 -7592 29824
3852 -5776 16640
4768 -648 3116
-5912 -2972 16376
18204 -5712 15356
-9084 -2596 21404
13344 -7640 24452
-4772 -588 4768
16748 2112 1260
15108 18384 -280
-21940 496 32767
12520 -11852 32767
-5752 -3492 5968
8812 2708 7668
16788 7564 12696
-7368 -1560 21260
7996 -11844 11776
9796 12300 10940
-1852 1572 7572
2880 -7832 30076
536 -10800 24080
8220 4160 13276
13188 5916 11164
2240 6876 6900
-14232 3868 9872
17116 -2452 23472
-10888 -4836 12964
16756 -444 13800
-15600 -13208 27484
23580 1064 21072
-17084 8504 20016
5028 -2120 17440
10232 -8956 32767
6332 -3324 -5364
8540 -3708 14328
-10188 -3472 28808
9780 5664 18200
4136 1844 4868
-408 -5296 19116
11336 2208 13416
7572 5644 -128
-44 3384 11392
13164 -3364 32767
-9860 64 23176
2952 -7320 18268
-2772 2196 7040
14760 9236 2364
5128 12008 22436
-21024 -13560 26584
20792 -12384 24624
1384 2216 6456
3368 10680 3484
2140 6600 7168
-1744 -952 16132
-1108 -5128 12808
6432 -2172 9080
3424 6100 11060
-948 -912 21028
-10244 2344 18176
15432 3420 14036
-3988 3608 3268
-10556 -5080 32767
668 -932 15996
3304 -2400 22524
3592 8816 9052
11468 3064 4632
14276 12088 3196
-4968 -5868 25032
-272 -8808 32767
-3384 -9844 10044
16272 2692 14416
-1292 3980 31828
2680 -4340 9308
19924 2020 9852
-3184 4672 21912
-7904 -10412 19984
6292 -10672 8816
-9728 -7636 31020
-4336 -9516 25872
9312 6792 7652
-4948 6924 -8228
-3096 -236 22896
-2100 -11996 31228
3776 -7728 16832
3864 -5604 8824
13228 1924 8612
-3208 7116 15244
15168 -4028 16404
-716 7480 11584
8252 -980 16408
18480 4020 17632
-13864 192 31352
10372 -8148 10340
5100 11020 9712
-9636 -5164 13276
11920 -4380 20964
-16976 -4648 24764
-2508 -2444 23120
2624 1464 5828
5444 -1876 14460
2300 1368 19164
-9128 -9284 23596
10576 -5624 8576
5924 908 9824
9528 6016 5088
8876 3416 10200
-2096 -5912 12144
10896 -10148 32767
900 6488 7312
-9008 -12340 6252
16056 540 23448
-1500 4992 25448
3652 -5764 21740
-7396 12076 14852
9792 -21892 30420
-2744 872 10756
-1448 -280 17776
17476 -12144 23240
-4940 2660 -1200
1740 -1200 6536
-13012 3024 22656
5528 -15916 26224
3012 2736 4088
-12520 2460 8812
29464 -5964 30536
-17420 3260 1944
17664 -6420 7332
128 -2792 8328
8728 -6492 12048
-1332 -9584 15256
9476 -7988 8576
16220 1176 8876
-13060 -5172 20636
-10384 -15056 32767
11460 -636 -2312
24936 10332 -784
-5704 3224 10920
-6636 -13796 28888
21300 -748 14792
-1568 10164 988
9188 3600 17028
-7600 -3968 9428
1608 -1336 18064
1516 1544 16832
-13812 -10888 23544
20872 108 11364
-4580 3932 -572
-12040 13992 19664
13956 -5752 11432
-7660 7844 20728
25692 404 15660
-12136 -3328 9232
5864 -7536 19884
-4848 6248 5684
-5496 3880 24576
4532 -4920 17316
11932 -2152 8952
9056 -7956 20048
-12620 -4748 24996
27556 5068 14500
7292 1576 -4804
540 -4100 11948
3816 -1448 20388
-2216 -9944 18500
25340 1512 13532
-21936 -8920 21212
12916 -1088 32767
-1740 4896 9372
3024 672 -2080
8780 -9272 32767
436 -3968 8156
-22432 -7720 32767
7012 -1444 9784
5948 6960 13120
5024 9928 2148
6828 6056 -3700
-5656 -1220 32767
-3496 -7060 10508
14444 216 9336
6812 8740 5460
-10780 -2028 19060
15368 -14880 32767
-9408 6632 -6060
9948 4440 16184
5412 11536 26392
1748 -768 9152
3228 2712 6800
-6124 -7032 23116
5872 -7360 14624
9724 -9284 13352
4368 5592 8704
632 -1032 7824
8932 -6416 32767
-3088 260 26992
2284 -16796 4376
21456 6524 2840
1420 6004 6680
-10472 -8540 21352
3960 1284 18744
9844 4676 18896
-14756 -4848 32767
3052 -6772 15316
12456 8532 8392
8820 7412 5704
-8572 4852 10772
-7760 -15828 32767
9644 -3608 11800
4632 4700 -3808
6516 5860 -380
-14480 -640 19768
5136 -21520 32767
12632 -4928 -2120
6976 19756 4908
1080 9516 6504
196 -6384 32767
7196 -11940 32767
-5884 -3724 -4116
15900 2544 8428
6356 9208 980
-10512 -3184 13144
4472 -10360 32767
-6728 -6672 11088
15112 68 23228
464 4888 4576
2960 4312 8676
-1476 -1992 23728
-4684 -11136 22584
17340 6760 18448
-8824 4200 13004
-3516 -3332 18080
11048 1208 11176
3292 -4208 12432
7512 8076 11616
-6344 -276 16476
6808 -7284 22020
2360 -9696 16444
9476 2492 3188
-632 4712 11128
7732 -3612 16664
-6248 -1128 30960
7024 -8444 9268
13436 4200 4880
1192 1384 32767
1668 -3260 6608
-1364 -2532 5356
4736 6020 21424
-4912 -8964 7396
12152 -7764 22568
-6224 2632 17304
-7680 -10328 18040
16412 5420 17944
-5356 8876 7576
7652 -2088 13716
-5160 -5404 25820
-5184 -10604 25904
4092 -1244 7532
1972 4568 17684
15888 4212 14656
-7728 4448 13948
3516 -16456 20668
496 4476 16720
-96 -7420 19896
4356 4660 6828
3760 -2396 12408
15428 -2892 19560
-3412 -3948 3444
4456 -1312 16136
-5516 -9112 32767
-1316 -3108 21508
7304 2388 13948
3020 8596 10596
5000 -1248 7284
2464 -3752 20600
-1608 -7560 14572
-5360 -5444 14252
4700 -7404 27236
2972 7080 14488
-2304 2620 21888
-3556 4 15356
612 -2668 9380
15004 4060 17064
6908 2076 9536
-6452 -1596 8788
10120 -14088 32767
-3908 3012 15180
-2024 6376 8588
-1128 4416 7084
7300 4860 20548
-2552 -3660 23656
1724 -12048 11492
4652 -5280 24580
-5720 2440 12144
2672 -4568 16572
6912 -2644 17128
1116 2536 15120
7924 -1368 13464
6052 1932 7768
-5388 -2320 14620
12980 -5780 18232
-4112 4616 13628
3944 -5072 32767
-2760 1628 15448
1256 3252 20808
2376 -1448 15316
3800 -3968 10492
9128 -4684 14328
-2600 -6432 24740
8056 -3420 17720
-4608 608 14972
-1060 -4036 16484
4568 10808 7968
-2968 8812 18892
3392 -5644 20216
-3892 1580 15784
-7916 -9236 21048
7312 -3128 9208
-3240 2024 12284
9912 -304 14424
5800 -3240 10320
5972 -428 5228
6408 1144 17176
-2776 -4748 20768
2528 6028 9664
3600 -6276 20052
7128 -6416 13200
5692 -5544 16960
5008 -1456 5804
-7672 -3872 32767
5780 -2920 15032
1764 6436 6824
8612 3456 11704
2044 -3484 17544
-3352 -9836 22344
-364 -948 11796
-964 576 11632
2064 -10776 32568
4196 6628 9964
5328 4024 3828
-336 -2368 32767
804 3116 16520
3124 -5764 23588
-1952 -2536 16396
-724 744 16860
2928 -552 12028
-5768 5060 23540
7880 -3148 15912
-3044 1976 5644
-1060 -6356 14344
-2540 -3716 15200
2860 -4988 19356
4060 1220 5884
4684 1764 7192
7008 -7388 27624
636 -4756 18220
92 -972 20188
6564 -4760 14936
4296 -2248 9524
-5256 -964 20260
3316 -3424 22036
3576 5048 6872
12192 2056 10232
3952 7368 14192
-2128 -3944 22084
-2408 772 14428
-2404 -620 13768
-3412 132 22996
7128 -4060 20088
1104 268 10064
3716 -220 12448
-4524 -2420 22368
2896 -3228 20888
3500 2784 8256
-184 32 11320
-6016 568 19136
-1776 -7052 26460
2360 -2844 13840
3436 1016 9400
4704 -1180 10136
1488 -5740 16984
1856 -6816 27868
9636 1672 8272
12136 9076 3896
7648 928 12360
416 -3360 17448
-2384 -10028 22912
5852 4788 12416
2240 8592 8320
-6748 668 15032
-1328 -5708 32767
10984 2600 9640
6020 6588 3168
-1400 -2704 17068
1072 -6056 21268
-428 -7092 21016
3116 716 6480
-1520 4036 6504
1580 3160 23260
-3736 -3952 28252
4068 -3296 8632
876 1160 6548
-3072 -1824 14812
-1744 -3704 23644
4732 1172 9396
9952 7228 9648
7324 512 15004
-464 -1184 16340
5268 -4828 20984
4544 -3220 11676
2716 3336 10596
-6648 3336 17352
5712 -684 21764
-1620 -2212 17668
-80 -3788 19276
2360 520 16868
8888 -16 9384
2680 -4784 12204
-3504 -3660 32767
10648 -2720 6120
740 572 6292
2896 3524 16060
4872 1312 14808
4920 -460 13076
8 -1744 14720
2680 -5716 178