908 -32768 -5072
16124 -11644 2864
7700 13120 9812
-10604 1872 7044
-2252 -19116 -15216
-1720 -30028 -20612
428 -6532 13756
4620 964 -3588
-2988 -11316 -7680
10868 -32768 -5700
7588 -22220 16568
12768 -7704 -2328
-5240 88 2224
3628 -22836 -3704
4064 -23660 17212
3492 -8324 4640
11076 648 -1956
-1816 -32768 -11760
9304 -32768 7896
5928 -6916 5228
4224 5612 -484
4752 2056 4128
4040 -6552 0
2808 -21716 -2908
10108 -24240 9948
1176 -14572 500
10500 -11264 -5060
168 -22192 6996
3392 -32532 -7736
19880 -18756 16524
480 3552 10308
5924 -1232 -5684
364 -13892 6976
9664 -28140 -15160
1988 -14556 21480
4092 -3120 -6092
-5288 -24992 -5740
16796 -32768 -7272
5620 -6984 676
-5172 2464 6000
11528 -11284 -5928
2616 -24568 -7684
12456 -28084 -224
8600 -5304 6232
-500 -8896 -5252
21068 -6224 -9836
5652 4128 -2116
-12620 -11588 -4404
6108 -32768 -24620
6768 -22128 29044
-7068 -15128 -2544
14448 -6356 -948
9632 -8708 -7420
-3584 -21104 -6060
9220 -30548 7924
2868 -11544 3136
4244 -6692 -2940
3924 -24464 -7524
7656 -21816 2916
7712 -4760 984
-4068 -6788 -304
6048 -32768 -5200
6584 -10428 5096
-4928 -4228 1828
14912 -13948 -1508
4748 -15680 -960
-1672 -22892 -3196
16896 -24464 6472
-152 -4800 5948
-108 -15876 -9888
23580 -5108 28820
4816 7632 15528
-4484 -17676 4768
15308 -32768 -14860
5076 -10208 2572
-7392 9396 10852
-1260 4924 2344
-1248 -15048 -16320
8068 -32768 -7084
8192 -17388 6584
6416 8372 8560
-1460 -3484 -9540
-1584 -17524 -25836
7096 -11164 5168
-4196 -22420 8844
3976 -11188 -2596
14292 -12280 240
-13696 -17396 3180
19008 -23380 -3496
624 -10504 13852
4568 -9216 -6540
11744 -7324 9920
-18364 -28824 760
19832 -24788 996
10328 -15164 264
976 -6536 -4904
14636 -544 7032
-10268 -7312 3640
-1216 -28532 -3560
10712 -32768 7524
11224 -8248 -3988
11604 5448 2012
-6468 -1060 1704
14452 -11524 -18420
8584 -11844 11616
-2080 -8364 -7988
4344 -28428 2332
5392 -32768 -8260
6248 -10080 5720
9244 -2480 -1508
-1860 -17456 -1768
13960 -21952 6236
-260 -17188 5144
3008 -2696 -2432
2632 -13616 -524
820 -23780 6592
13552 -10320 2100
7232 832 1380
-18188 -18320 -5280
19684 -32768 -532
2536 -16676 9756
-3844 -8756 636
19400 -4316 11704
9444 -12792 3084
18540 -2768 5312
1664 2636 14568
-1492 -13804 2444
2008 -32768 -1156
9028 -26812 5824
6396 3180 2748
-7000 9892 11260
1960 -12232 2452
14132 -17480 15024
-4780 -22220 7672
-4564 -21212 -972
18648 -27960 1628
9368 -12992 -3740
13568 -488 7848
4296 -14248 6052
596 -28416 -4488
6876 -30212 7848
260 -14224 796
8316 -9548 5804
5556 -10764 6212
6076 -11020 2248
6760 -15860 1428
996 -12992 -8048
10484 -13696 -6156
-5800 -13288 -5924
12136 -8764 612
2940 -16788 4552
6288 -25240 -4636
12936 -14580 1544
1004 -14092 -5856
10156 -17748 -2056
11932 -17004 2672
6408 -11112 3300
8292 -18196 5640
-2604 -18148 -1116
6992 -21816 744
-36 -17196 -248
1056 -10676 3032
6020 -14332 2048
4212 -13436 2776
6676 -11304 1488
5152 -13836 132
6516 -15028 1436
7044 -12728 2404
7196 -9776 3344
9876 -8364 3268
6952 -6516 952
2872 -13128 728
4604 -25628 -636
8940 -32768 -2148
3552 -21268 -1340
8288 -5536 5564
3136 -1884 7960
1268 -14740 2188
3140 -26168 -2472
1244 -23288 -3092
2476 -9992 -2316
1400 -13948 1120
4096 -23596 864
8636 -17868 2192
7064 -5336 1580
5500 -1576 4576
-1084 -32680 -2500
9028 -32768 2224
8772 -9000 4064
5784 4840 6500
10836 7552 11256
12760 -6112 8956
8488 -19928 3940
5584 -32768 -2084
5440 -21612 4116
3312 -7540 1252
4532 -10660 2488
7080 -20308 -3184
4288 -11228 -160
3208 -20032 1336
7456 -22132 -2872
4768 -8212 -4756
9100 -7176 -2572
3020 -28948 4584
5640 -30460 -2896
6296 -10120 -308
100 -7896 -1116
6136 -15656 632
12568 -19048 5076
-5080 -11308 4208
9576 -9556 3172
11252 -19288 4312
-1912 -18976 -3036
7260 -7644 -712
7404 -12028 7260
-5244 -17492 -2016
17708 -8776 -536
4012 -12508 3720
1036 -17920 -3676
6332 -14924 784
72 -19632 -892
6192 -14888 2744
756 -23408 -2060
4484 -28076 -164
4224 -16136 2916
4176 -7704 3804
6200 -9800 3432
4604 -18132 784
5504 -13928 1608
3904 -10952 2280
4036 -9936 3216
4284 -16688 2756
4544 -23088 924
5100 -17536 1412
6308 -10660 3392
4396 -13832 4900
5944 -18184 3088
8560 -16752 1800
8648 -11564 3692
6944 -9632 3688
9072 -12920 1700
10068 -16096 2188
6004 -15012 484
4104 -16556 256
1700 -18848 -608
1348 -21264 644
3128 -18556 -412
1848 -15660 -404
372 -22396 624
8248 -15268 692
3304 -6608 1312
7320 -13156 -1576
604 -16020 3988
4848 -23708 -1080
13076 -19068 4900
4464 -616 -1712
5428 -3308 1856
228 -26560 5340
15696 -21492 7052
5772 -1616 1980
-4068 -3416 1860
6880 -24004 1616
7684 -32768 2488
4640 -12396 -820
600 -2692 1804
5060 -12840 -1272
3544 -17788 3824
-1280 -30764 -1272
11672 -12740 8100
5540 920 2892
6956 1528 5376
5000 -11200 4668
-1608 -26360 -6128
16936 -15208 19416
-10440 -20840 1456
18892 -13396 -560
-2260 -11944 -3800
16600 -11756 5996
3372 -18176 1944
2724 -18336 4424
10832 -9120 1308
3940 -7764 -2036
7536 -23808 2612
-48 -32768 -8768
21056 -6056 10800
-8720 -17124 2628
11600 -3560 -504
15008 -60 1452
4176 -12920 3776
-15816 -32768 -7536
16480 -32680 5068
16288 5840 11012
-10300 1716 3240
20284 748 -4548
6776 -11384 14676
-2012 -25284 -13356
3304 -30148 7468
5288 -18276 -5496
5804 -8724 3968
-448 -17920 5348
13704 -15284 7868
-24 -11048 3336
13080 -17032 1208
6684 -3356 2772
-9828 -21236 -6620
11916 -32768 5968
1864 -13924 1920
-14008 -6236 2196
13088 -6636 -180
11120 -20704 10436
-4104 -14412 -152
14892 -3484 2192
3068 -16832 -20
5556 -20320 2992
2716 -18028 4312
1332 -12372 3056
10528 -14372 3248
9036 -4536 4088
-5420 -15480 -3624
15280 -24588 6132
-1332 -20624 -3052
13784 -4448 4140
2348 -6776 -4256
8020 -22224 -2572
-668 -29256 -1036
11312 -13128 -2060
-100 -6988 7456
-4168 -15152 -1612
18148 -20620 -2140
-180 -26364 -9192
6476 -22456 -5788
6080 -3960 7676
1888 -3020 3716
8896 -13124 4680
-104 -18500 1176
13140 -23016 -2372
5872 -5204 248
2984 1080 -3972
-1360 -8944 7164
4144 -32768 -4048
1800 -32768 22868
1948 -2536 4592
2760 -924 1584
5700 -19264 -5036
3512 -30576 396
9844 -13864 4072
-3464 -6648 2608
8888 -11080 4460
3088 -7992 12772
-2300 -25232 -4944
3540 -32768 -700
6272 -7372 -2492
16212 9496 -252
-3532 2376 11428
5576 -5596 -7704
1648 -16372 5904
6356 -32768 -15008
3308 -26404 796
13256 -6760 7476
-11808 -10160 4392
11980 -26448 -4548
10908 -12080 1596
7264 -2536 2028
10124 4552 3084
-5624 -18172 -9948
20112 -30176 -14144
-5872 -15568 -3984
-2628 -3172 1536
1800 -17364 6016
6388 -31324 -2788
5628 -14852 4364
10284 -7804 552
3744 -10052 -5320
-7872 -20396 -1980
11340 -32768 -8900
3488 -12364 2624
-5692 2552 8808
10312 10740 2680
20432 -3780 3908
-2472 -24088 -1632
15044 -32768 -2368
8860 -4844 -2944
-8 -3952 -2248
10472 -9620 2284
6680 -3332 2812
5360 -13628 7972
2760 -28100 -2708
10828 -25232 1968
-968 -16876 -3736
6572 -9260 48
5764 -19240 532
2056 -7128 4184
-1760 -13436 -1628
10012 -15204 9584
-4084 -8268 2140
9760 -31864 -2800
-376 -27212 1768
-376 -10468 -2540
1000 -11908 3692
9888 -21404 3304
6300 -16080 8680
-4772 -9104 -2936
13800 -12812 4568
3164 -23280 5132
876 -18804 -1904
10460 -10764 12332
-480 -11588 -52
16536 -10184 3208
7756 -21376 10516
10384 -6192 3068
16992 -9364 -92
8932 -14124 -232
12424 -17452 352
11448 -9544 2356
-4820 -6088 856
8624 -7204 1848
10696 -13972 -1012
-6304 -31408 -12076
10464 -26784 -6012
-1028 -8848 2600
2440 -10448 296
5656 -32768 -1720
12600 -28452 200
9000 -9436 876
7108 -5684 144
6832 -18700 1180
7460 -25496 2672
11320 -11552 5436
7372 204 4488
6980 3280 3368
2216 -11832 1920
9112 -14880 4504
2088 -4792 -748
-6148 -25020 -5020
13808 -32768 10564
8668 -16516 1840
5644 -916 5236
11500 -7516 2492
16700 -20748 5236
7316 -14388 9100
3272 -21512 -1004
3820 -31712 4164
7352 -23348 -356
1764 -10404 -2032
8436 -13400 3948
-1144 -22296 -5568
3264 -31044 3048
-2456 -21892 -1764
3260 -9012 -2012
5904 2844 15928
7320 -12384 -2684
29480 -4768 -8568
12836 6688 22308
-15500 -16596 -7480
15324 -32768 -6388
7764 -32768 -11580
2460 -20932 6948
-3292 -16828 -1172
3488 -8512 3040
11200 -7032 -436
-6260 -16900 -10900
5392 -23060 1280
2644 -26072 13252
800 -18564 -504
10956 -13292 1408
6476 -4916 948
12844 4944 1604
7316 6328 -392
-9348 -25036 -10068
19512 -32768 -16852
14708 -136 7300
2412 12756 2164
5944 5504 -8828
12144 -860 -14800
1108 -3960 -3740
-11616 -2360 -876
-19232 -32768 -14296
-2756 -32768 13720
32196 -4356 -11504
15472 13784 -14560
8188 -5120 2496
9300 -7436 24896
11512 -13684 -4932
7852 1720 -2584
5916 -23728 -1916
2604 -32108 18532
10048 -10384 -3404
2816 124 -1292
6676 3128 -2924
5924 -19104 -4252
-4092 -32768 -6976
14244 -20476 8476
10612 2816 2556
1492 11916 6668
5688 11416 6692
24716 19144 5100
29672 -32768 -22204
-13312 -32768 16264
-9888 -7628 6176
-1968 -16296 -536
4488 -26072 8860
-5424 -32768 7580
19952 -11072 14184
1496 -5304 2060
13744 936 5668
11792 7720 5876
-584 -17140 -6404
11484 -31224 -4584
11408 -6724 -168
1428 1636 -552
-2676 -15300 -2664
20500 -28648 16660
-19536 -24092 -2496
16280 -15124 -6492
18676 -6712 12132
3984 -3824 14548
-76 -4888 3204
14540 -8480 -5324
-2496 -30340 -6556
12052 -26360 -2524
16376 36 3020
-9324 -6816 6948
1040 -26728 2460
9844 -27640 8008
7072 -11644 -2204
-2340 -24368 1184
1880 -27756 5176
5084 -6472 7592
11316 -5592 3656
18436 -6228 7496
-2448 -18888 -3772
17812 -20388 10980
7260 -2012 8784
7684 -492 3096
-1240 5284 -4088
-9088 -16556 -11120
10312 -24260 -17840
-11408 -25232 -6220
19252 -26372 11480
-2832 -10104 -728
14420 -1300 4968
12736 5492 26316
-7048 -20876 -12184
10388 -32768 -32768
11756 -9320 -7176
11712 6740 5256
2448 14972 4628
-4356 -14696 -12420
13184 -32768 -12548
8772 -26516 -860
-18464 -12104 -952
12336 -5632 1004
9148 -18824 5260
2712 -23860 -5004
7456 -15296 5556
7612 -8408 -1304
14360 -952 6556
3236 1404 1756
-516 -11944 -10168
6500 -32768 172
14096 -31824 16712
-656 -212 -872
464 5144 6364
2924 -11568 -6744
17096 -26136 -5408
-4828 -27460 5224
3604 -11360 3672
15408 -22116 12452
-5020 -23464 -7076
24512 -4200 5060
5476 3380 -704
8104 2416 -12964
-9548 -20496 -2364
11336 -32768 -9784
4500 -31268 3508
5888 -2088 -2736
19024 2660 5300
9260 9220 9480
-17028 -22644 -24928
22088 -32768 -32768
15760 -9940 -3676
-3472 -808 6248
10600 12988 1864
18136 2700 3148
-2528 -13340 -1020
16624 -32768 10176
9736 -15120 2964
8936 -6328 -9316
5524 -4048 -9344
3748 -23180 -4880
6060 -4424 13732
-6964 -16312 -1288
13860 -31044 -13212
5588 -11488 48
-6844 -9168 1444
4760 -27708 -6188
13860 -27456 3376
13080 -1860 10288
1284 1176 4636
9536 -640 -4160
-2592 -20164 -2092
1452 -32768 -5388
24308 -15060 -168
776 -52 4156
-18020 -4640 1988
9192 -19548 -16972
4376 -32768 8840
4424 -13960 -1020
9824 -7884 3276
-2520 -7184 -1432
21660 -17948 2620
14444 396 9060
36 1740 -552
17300 348 -6536
-2152 -26932 -6368
24360 -32768 1364
-1440 -9304 -816
-5964 -1800 -2336
2596 -9084 456
5956 -29500 6288
6868 -32768 9264
5820 -12340 352
2740 -6360 -800
23300 2408 -3728
-6648 648 -1072
2776 8980 -7532
11612 -32768 -12416
-6924 -32768 28316
-2684 -9544 3572
-392 -8476 -9244
4236 -19488 18684
4404 -20064 3544
4744 -11820 -2664
18004 -8368 -9544
-8488 -5844 -3424
-92 -29708 -9852
19868 -23324 32767
1056 -148 9492
4272 5876 2096
-144 -12640 4220
19296 -31148 -3140
5204 -30008 10296
-5340 -11120 8584
840 -540 7440
4444 -9100 -224
15900 -22836 -5332
9248 -26028 192
7088 -3512 14608
2692 -17876 -5748
-272 -32768 -11744
5332 -10468 20476
4140 1168 -1388
7748 3272 -9876
-3660 -10880 -16380
-3016 -30020 -26892
5668 -22932 14292
8284 -124 7684
8892 6656 -6088
3492 1988 -10024
11760 -17964 3444
5648 -32768 -1532
15204 -16312 6324
-88 -2852 2300
13160 3988 -4372
8208 -10384 1632
-3172 -32768 -5100
18988 -16832 5904
-4752 -4372 5684
-10648 -21164 -5220
11412 -32768 -14128
960 -12904 340
2112 4344 2764
12560 9872 -260
-4324 6168 1956
10636 -12828 -23720
11248 -32296 1616
-1740 -17468 -7316
-836 -12504 -280
18452 -11164 11628
5092 -7184 2996
2228 -15680 -5100
-1120 -32768 -13692
568 -25028 7436
9964 -6304 -916
8892 -5500 5320
1292 -5684 3228
8520 -1000 620
7992 -18640 -2912
-5808 -30676 -12568
15776 -8752 10736
-11640 -2816 5816
13424 2596 -912
7592 -17776 -13628
6824 -32768 -2148
18872 -10604 5392
-1092 4856 -308
3428 2200 -1552
3964 -19580 -6216
17024 -32768 -20756
10380 -8656 4004
-4020 3676 1996
-5404 -13880 256
-10884 -32768 -9012
14912 -28840 18432
2764 -7252 4044
5696 -5260 -1232
-588 -13888 -1752
5732 -15748 -1796
1428 -27272 360
-5420 -32768 -3288
10196 -4912 -4712
10788 5416 5116
16676 14304 8880
14396 -10212 -1328
2956 -32768 -30184
6688 -32768 17276
24828 -472 6216
10188 3140 2584
6024 6944 4800
3464 -13528 -5588
-8088 -32768 -12252
21808 -27872 24720
-14828 4740 11504
-8608 -7396 -8552
2124 -22264 -17656
10548 -27608 23728
524 -8848 288
-1588 -19896 -1336
3316 -19048 1588
8116 -15232 2052
7848 -13892 -1704
6424 -19324 -5100
11872 -7612 1132
13840 568 13520
1548 -14216 5828
-2292 -27972 -4496
11940 -24708 8428
6856 -9124 1440
1596 -5688 6124
456 -13692 7768
2256 -11432 2348
6796 -24584 2732
2636 -31224 -5980
11492 -5744 3764
2604 1072 7956
1444 -10640 -2124
11432 -23836 -400
-7360 -31252 -5280
12160 -15388 5424
11456 -5056 4544
2048 -7148 1796
7908 -17592 1592
12236 -14264 -3580
-328 -26944 -4844
16412 -19576 7720
8864 -536 4308
140 2756 3248
-852 -12228 -2796
9288 -32768 -8048
7504 -16432 -224
4648 -1388 1980
4420 -3280 5216
-3148 -24976 -1636
5032 -29032 -16948
8860 -2448 -1884
10036 4900 308
4228 -11360 -1004
14064 -31600 -7400
8612 -11396 6992
-7328 -3988 2328
11088 -14312 -1412
9392 -29256 -1608
10228 -14860 1640
3016 -4980 5448
-768 -19264 3672
1744 -29676 820
6216 -15048 2948
6828 -4804 6940
-380 -10088 5576
7720 -22984 -6264
10428 -19448 -344
3060 -7140 -1696
10888 2684 1956
-4908 -13712 -4264
4420 -32768 616
19636 -22128 11640
-4452 -4676 -6800
-1468 -26796 -8468
17004 -32104 7756
7672 1084 -1984
4640 7128 1992
-3228 -14344 8936
20448 -32768 -10260
5096 -16892 8312
1804 1072 1880
-8096 -4200 7432
4000 -28468 -6956
17300 -32768 31756
4760 -6012 3768
7020 9064 208
492 7868 7016
-5428 -12792 3628
13676 -32768 -9376
11648 -25596 15572
13132 -1928 6316
-460 128 6644
11132 -10916 -3536
8460 -19636 -4712
-232 -26244 -28
9780 -4612 -1032
6088 5984 2132
6832 1856 480
-7676 -23472 -4668
23964 -32768 -10832
-2016 -23508 -8156
4772 -2728 916
11712 3892 12680
1212 -7056 7476
3256 -18304 -2212
2796 -31332 -6516
16344 -19348 4796
7344 -1620 6692
12400 7364 3532
8932 -9380 3344
-1652 -32768 -9704
22388 -24800 17076
4008 -2256 6588
4296 -476 -4732
-3652 -20912 -980
6288 -32768 2412
5984 -17468 7168
12232 -9224 -4232
204 -2624 -3600
6048 -804 2732
1468 -14252 5644
6612 -32768 -4756
10688 -12580 3600
-1912 -424 -1068
-1996 -16632 -8236
20132 -30828 24596
92 -10812 -1124
6728 -724 412
12284 2252 1056
5168 -18604 -976
1588 -32768 4732
17448 -12552 3984
5760 7080 2040
444 5328 -2004
-5528 -11472 -3252
21580 -32768 -6860
9780 -20308 -1308
-6156 -8524 -1180
2792 -8420 -636
14224 -18472 3420
6380 -15648 2292
5316 -23120 -6200
6564 -22772 -2184
11756 -7140 -3276
15360 5256 3884
-132 1516 2344
596 -23572 -9472
10256 -32768 -7060
7620 -14612 -4084
6912 2232 8600
-6700 -3312 8088
3012 -25424 -10344
16420 -32768 14052
696 -13812 -4152
11852 5264 960
8448 9392 10620
-10872 -18200 -4892
28464 -32768 5640
4932 -11384 -3828
5992 1152 -5120
3184 -10420 13980
-3200 -24264 -1044
16208 -10672 -8480
-2456 -1140 5276
2408 -16160 364
11408 -28712 1152
5712 -16888 -3444
2636 -7356 1820
-1396 -27064 -3376
15576 -23308 7960
6660 -7104 652
3464 -1192 3336
-6012 -17856 1280
16192 -28608 3660
7708 -11556 1608
-1540 -6476 556
8572 -10392 -1412
6708 -16384 6220
-2396 -25568 -2040
9596 -9592 -2704
1416 -19368 5280
640 -6296 528
7664 -13688 2608
11276 -20884 3252
4588 -13412 -2568
13660 -7288 -3448
7264 -17948 7132
10680 -15316 1116
11768 -5820 916
2740 -20152 1016
3476 -28832 -4352
3756 -15800 8332
-1060 -16108 8288
-368 -20712 7744
13432 -19884 2136
-3220 -24068 -4152
2788 -11452 -1204
14444 -6816 7788
4816 -860 23676
-1212 5588 4464
10772 11752 -10908
2560 -25936 -20120
22252 -16264 32767
-11444 -11668 5048
24804 -25732 -5112
9160 -4484 -13680
3908 -5184 -3024
3220 -22056 -3220
25368 -32768 -3396
-764 -16916 -5628
11448 -17284 5548
7972 -8068 6128
444 -7672 -1032
-56 -22744 -1116
2316 -17628 3192
-6932 -32140 -4776
2724 -14404 15068
10964 -4580 3116
7960 -20368 288
5152 -4024 -4180
10828 -1772 -6684
4308 -4340 -4388
9900 -16708 1728
23336 -12864 4444
-9828 -10744 1228
14984 -6408 -6096
12160 -13880 13016
-2552 -32768 -8572
12420 -29668 21604
1312 -5180 5916
7152 1860 7080
6612 4912 136
-5644 -4708 -5164
6936 -32768 -11344
44 -32768 6944
6536 -4900 -3544
2128 4040 -424
-1168 -4888 -80
5640 -18364 -1872
4276 -25800 -5664
8420 -10312 -2420
11984 -4152 -1836
2020 -16428 1548
5092 -30968 2252
10192 -13384 3040
10596 -7808 588
652 -24196 -2764
6348 -12312 -3544
9032 -22884 5160
-2384 -14132 -2696
12920 -6140 -1756
1152 -20812 5556
7088 -14492 -2500
-3224 -15972 -6100
5036 -8708 -740
6836 -19856 3076
12616 -13276 8296
9296 -4040 -3920
9620 -12064 1396
-448 -32768 -2292
18140 -28704 6416
6088 36 8296
13976 5860 8624
-8180 -5460 7604
3804 -31900 -18656
18744 -32768 17744
2708 -3748 5768
-6196 -2228 4492
2752 -32768 -7660
21136 -32768 19352
960 -5924 3244
6568 5168 2552
1880 -4992 4760
2156 -17668 -2844
14784 -28944 -372
2408 -12064 4940
1408 -8056 2760
13748 -11556 3192
4588 -9524 1036
11988 -6776 -1648
-5460 -25556 5008
5368 -32768 -2884
15152 -15480 3208
7936 -448 10564
-6156 1780 8964
4100 -20424 -7688
8200 -24972 1808
13708 -10376 2324
-1584 2972 2984
1836 -12692 -112
5216 -29276 -8332
7980 -22796 3004
14600 920 2824
3012 8988 5120
-10096 -21124 3624
32767 -32768 -2864
17180 -1252 14336
-2124 4636 -4144
-7804 -13896 4684
27872 -32768 -12380
18328 -11200 -10380
-3676 1752 -576
-9548 -1580 6444
2048 -17332 -7536
8700 -32112 8476
1728 -31860 1244
13460 -12336 1984
11440 -4128 4348
-8384 -16120 996
15544 -32428 -4700
11332 -16632 -552
8864 2040 5512
11660 11232 6420
2336 5764 1076
-15244 -32768 -15336
22908 -32768 31600
6732 -5452 5368
-2352 -8764 -6712
5060 -19696 -14336
9428 -10564 15680
6788 -18888 -1744
436 -15144 -5344
14344 -9152 -2684
7588 2600 13468
3208 -2536 388
13156 -10560 3616
4320 -18188 -1104
3464 -31404 -9820
11352 -15452 15076
656 96 1372
-1640 -11676 -2540
7256 -30572 -4076
31556 -20596 4044
-13104 -6188 -3332
13392 1120 -3116
-3272 -6160 -688
-9152 -29712 -16004
5496 -28880 -19104
-672 -5760 2604
8860 -1824 9224
892 -16620 5060
3220 -26156 -9288
21084 -24656 12208
-3780 -12300 -3284
8080 -5860 5528
9960 -19688 3064
10888 -20608 -1488
17004 -2500 4596
5664 8684 9396
5820 9268 6828
-2500 -13956 -3460
23744 -32768 9088
1808 -20428 -6088
7536 -11564 -10664
9316 -4360 12504
-12 -15836 -320
2060 -29584 -524
3404 -27708 -2608
6212 -11544 -1600
-1132 -4584 4532
1148 -24988 -1840
13428 -26160 6940
68 -14496 -2480
3576 -16820 3044
8364 -15812 4052
6216 -572 -404
7496 -3392 -544
20292 -4612 1680
-19396 -23940 -6448
22984 -32768 -864
21952 -8260 -648
-4252 2820 3348
-1360 -15304 1540
9348 -32768 424
6388 -29900 5232
4344 -616 8444
10528 6484 12560
180 -5188 1464
1368 -16428 -8368
-2560 -26304 1720
-3532 -32768 -7564
12808 -18548 11292
3492 -13744 2024
10396 -4524 6768
13412 1156 4144
1184 -52 -1468
56 -21872 -7784
12044 -32768 -5172
10228 -9784 -1444
2784 6552 -712
8056 -1540 -2324
5160 -13784 3456
8644 -31132 -3620
8144 -24820 10044
9168 -5512 7496
-196 -2912 3896
2920 -27500 -4364
1060 -32768 -148
10020 -7596 4412
5592 3300 4072
9836 11248 792
784 4240 1340
-1632 -16092 -4116
12384 -32768 -2020
2584 -24628 -364
3588 4820 12884
976 5548 2316
16384 -7104 -11220
2452 -15592 -828
-6824 -23588 6564
13532 -26488 628
4156 -29392 2608
8296 -12420 7784
5924 -640 6240
1616 -17848 -3452
8532 -12844 3680
9060 -8520 1040
460 -8056 -744
7692 -12600 1524
-1580 -22772 -5360
14368 -17340 -3680
500 -6128 376
14536 -6636 -392
7000 -15132 19204
9084 -16196 -9052
10472 -11012 1612
-6636 -24288 -5812
15040 -13720 -17156
6484 -9352 868
8368 -12336 -68
12524 -23464 1396
-3172 -19164 -2176
10432 -23392 -1968
-3488 -10676 4772
3968 -1636 3632
11744 -68 6760
-4152 -28924 -5876
14800 -29176 9888
14952 672 -3200
7916 7772 2620
7084 13336 7216
3588 -11272 -1552
5192 -32768 -6272
14056 -23132 12640
10604 -3764 8
1200 2112 2812
5800 -12944 7576
8752 -21088 3084
-820 -15732 -520
2832 -27924 2164
-3344 -17164 -4876
10960 -5100 4036
1216 -14440 5244
-5552 -25712 -4868
16808 -17460 1136
9492 -1492 7788
3740 -596 2848
3580 -14044 2620
1348 -25552 -6640
12244 -21600 -6152
11704 -6300 260
14300 -188 5600
10232 -11684 3392
4812 -10808 -2408
-344 -25464 -3756
8940 -23960 3516
4692 -11368 7632
428 -6288 10552
5184 -12104 4144
-2480 -17796 11708
544 -26776 -4324
4872 -32768 -7700
7456 -14676 -2092
11368 7704 7184
2856 16232 12520
-5860 -16852 -108
4400 -32768 -32768
17076 -32768 22824
2948 -1480 2600
8192 4428 -3916
1008 -13124 16192
5332 -22416 2520
10276 -9380 20600
-1024 -11832 -208
6972 -21256 6120
1256 -22108 4564
12660 -11532 6808
3952 1596 7416
8936 2152 1588
5428 -19316 -2964
10096 -32768 -8200
4692 -12676 7880
9392 3136 4996
-6392 -7464 -432
7856 -28792 -13520
6040 -32768 12892
-240 -20112 3972
10396 -4000 2920
8408 -10588 1624
2348 -936 -412
-2804 -8924 -1032
2804 -32768 -960
13936 -23304 19880
5124 -7064 10836
-2644 -16420 7524
12660 -18024 -4320
11664 -3456 744
1792 -20724 -5236
8600 -29428 1624
12264 -8828 -4056
14444 2832 -4912
-7004 2896 -2100
-1568 -23012 -16700
14260 -32768 1096
-6580 -9496 -4388
-7128 -1820 -2856
-2396 -16440 164
15836 -25676 3688
1392 -10340 8052
12936 4112 -672
6448 8464 704
2076 -9856 -2464
5540 -32768 -9180
11928 -32768 14420
7468 -5960 6764
7304 -2652 5452
4992 -20576 2832
8944 -26340 -4104
4948 -12336 5312
-1612 -29628 4920
9204 -8764 -8768
10244 2200 2612
1672 7532 5136
5280 9032 -1356
1128 -32768 -5476
19012 -32768 32767
-1856 -15328 -2352
12064 356 -3484
16864 11512 16108
-8976 -13692 -6592
25120 -32768 -11736
-240 -17532 -3540
8032 1144 5508
-7968 -14236 32767
-524 -32768 -6568
8516 -30680 32580
-4104 -13264 -5060
3608 -4712 3048
5772 -14744 -5048
10540 -12900 -760
1956 -9560 -3636
12488 -14068 3088
552 -26164 -60
6932 -23140 -296
14216 -15860 3376
9140 536 6636
6472 8172 9028
-2136 -12764 -4312
4924 -32768 -21272
22988 -21392 16396
-8408 -1060 4616
14852 -3952 -1268
6852 -11640 10052
1776 -18536 -5184
3928 -21460 -8788
4936 -13300 -1944
984 -7504 3808
5276 -19464 2664
2672 -21028 2224
-1728 -14584 -536
12724 -14584 3024
11284 -12408 756
-1064 -27660 -5228
13220 -9364 -712
10176 4096 13616
-1224 6788 7232
-96 -12564 -8992
13756 -32768 -6056
-4864 -32088 2868
11380 -9088 4156
1664 -14752 9324
11028 -15696 -4524
6416 -25608 10968
7920 -13448 -2728
9816 -18660 -3444
-1828 -16884 -3032
15744 -9600 8360
-2080 -11744 40
11564 -18284 304
7512 -11560 -60
1420 -22348 -272
-200 -14760 4184
9768 -5108 -556
6432 -3764 6160
-9056 -27324 1892
25768 -23956 4708
4444 -21380 -6360
7084 -10348 -2260
11364 -6188 6752
6684 -20208 -1696
9720 -21716 6232
7592 -8044 2904
396 -4704 1820
8072 -27024 -6088
4528 -32768 664
5560 -9968 -10940
11416 24 -964
1520 6500 4112
4748 -80 -6984
15268 -9264 -7896
3384 -9776 816
-5308 -16704 -2456
16208 -32768 10232
10620 -16676 -4580
-5392 -7044 -3204
13704 -5272 1424
-564 -25464 -6196
11808 -32768 -4756
5620 -14528 -5596
11532 -8324 -10672
2208 -1988 15672
-4492 -23872 -3024
17212 -15632 12068
-6184 -6608 5312
8308 -16716 3676
10352 -15468 12288
-1416 -8960 -1268
11388 -21364 -744
9004 -6700 11724
10528 5964 4528
-4176 -17296 -3732
21520 -32768 -14816
-7108 -15364 -5012
1872 -1300 4648
6344 -13496 4768
12072 -29072 -6164
-12912 -25560 3468
5216 -6424 -3524
5276 284 3796
7532 -7648 2392
-11184 -18948 -4268
18672 -13532 -996
2888 -19440 -2804
12432 -11356 1196
11220 -15688 -2780
-2000 -22672 -1812
13188 -32768 212
9728 -3732 -6184
14008 -8016 3416
8416 -13216 15916
9544 -13740 -3028
8960 -7360 -1432
-2416 -2880 9608
2680 -9916 -3944
-7464 -30668 -5668
16068 -32768 -9684
-1080 -12552 1320
14052 5456 5908
-4420 6900 4804
4332 -8116 -18604
14164 -32132 -9004
16864 -14520 14144
6688 6824 7028
9292 6716 -1604
9308 -14136 -8380
-3012 -31696 -3348
1808 -27164 -28
-628 -11352 3204
13020 -15276 4260
3456 -26056 -1536
9616 -13784 -3680
-2832 -10392 -3552
11972 -4620 5784
4920 -15444 4208
6344 -5756 4164
5496 -4220 -288
5020 -25896 3696
1692 -31328 -5140
13228 -9908 1652
-5268 -9844 -3324
29216 -23552 -3284
-1444 -4176 -1836
8048 -5352 -5096
7220 -17580 5052
-9996 -32768 -8604
18336 -9736 -9340
-10420 -5672 16836
9352 -14104 -3732
-3172 -22852 10944
10064 -1504 -696
-12888 -19388 -2656
31508 -27684 1852
-820 -19856 2492
17300 -11012 -19928
22864 4224 17260
-12236 -7612 -6620
29260 -24412 8960
3700 -19752 13672
4844 -17036 -20500
17056 -20780 32432
9380 -24252 -15840
656 -6360 17292
-1020 -10432 -3356
5840 -13784 -9268
7208 -5852 -2584
1816 -4908 -20
-3352 -18936 10384
6976 -32768 10700
13496 -16384 -3660
9192 3792 15860
-1364 -4340 2576
6300 -24688 -4300
20432 -32768 -1860
9284 -7968 -5580
-2244 4476 4260
896 -13224 7328
7604 -18828 3472
8708 -26944 -4032
6000 -12360 -3108
6212 -21156 -9208
9084 -9244 -6156
-6736 -9300 4688
14752 -22704 5624
3596 -15652 1592
10768 -6836 -7608
-1628 -4536 3076
-1816 -29104 -16532
27124 -11088 32767
-12332 -4180 1976
9708 -4416 -2672
-2076 -32768 -9684
11888 -32768 -7180
-3040 -13196 2216
7888 -12192 -6244
7216 -4920 14588
15032 -17112 7608
5616 -4468 8100
11460 -1832 -1776
7840 -16656 1328
-668 -15656 -9492
8696 -23564 -7260
4572 -15232 -11752
13212 -14420 2064
-1892 -3228 1976
12516 -6212 -2340
-6720 -27288 256
21736 -31192 -232
5664 -10596 2908
10996 2640 1156
1632 -3600 9596
-6804 -32768 -11784
32767 -21220 32767
-13824 -13032 -4056
8768 -13232 624
3176 -31600 -1452
1712 -10076 484
13876 -17456 2324
708 -21428 1596
7252 -8372 -10064
8624 -23284 8972
-8580 -27924 -2288
25084 -3416 13332
-6328 -6580 7180
10208 -12256 -2256
16080 -14980 7076
4308 -10324 2024
5964 -7652 8812
-9052 -14508 -352
18012 -32768 3820
3016 -11756 3012
9764 992 100
-1628 -16904 7384
1652 -32768 -18088
17592 -21860 8228
-5288 -3736 -1108
7936 -10380 2140
8788 -32768 8820
8144 -27528 4872
10276 4004 14272
-2896 4088 -720
-14708 -32768 -15396
29024 -24592 12880
-14816 -14252 -11376
7680 -28172 -4988
11868 -8640 15796
10592 364 6188
-2920 -10248 -3708
5220 -32768 -22740
15020 -14696 18228
-6896 -3716 -4652
8176 -6708 6380
9148 -15304 9404
4848 -6144 -5660
7708 -15792 -8476
-5212 -27456 24
10568 -24284 -1580
16328 -3544 6636
568 -156 -3536
3092 -10604 -4936
-1064 -32768 -9372
-4308 -32768 14648
17672 -2744 -128
24180 10652 1716
-2748 4512 -4552
9932 11240 -7944
-12176 -19348 3900
-8384 -32768 -32768
3156 -32768 29976
23112 -10688 -9512
14408 4240 10660
7484 -2548 -2780
11164 -12468 5924
5856 -12956 -3396
21332 -15336 1196
3576 -13140 1580
14356 -11132 -712
-3540 -23552 6376
5620 -16252 -9648
6300 -18884 11152
9252 -10708 2092
-4776 -14508 8064
3192 -16968 5660
5896 -14560 -2340
4088 -2688 -1744
1524 2404 7520
32767 -18436 -3256
25392 -21008 30560
-28396 -17312 -20724
-6160 -19540 -14980
12576 -22848 15936
-2812 -20328 10128
3944 -18732 8516
1480 -26900 -4964
7132 -12516 4316
4656 -11196 -6016
13604 160 2040
3852 992 1564
-3000 -22364 -6104
26856 -32768 21080
15836 -10964 -5284
732 7296 -716
1556 5264 -5360
10944 -5728 -4908
12024 -19812 1236
1112 -28820 7272
8160 -15292 8940
1492 -20436 508
8248 -32348 -4688
6976 -10904 -952
6096 4440 5596
604 6524 -988
-912 -12624 -7712
14432 -32768 -3744
2364 -22876 1116
-2760 -7728 -648
8464 -12776 5296
10400 -16420 7460
-3708 -8612 -4676
11324 -19776 -1820
8180 -23636 1852
3580 -9848 -3444
8156 -14600 408
12560 -13068 1928
7748 -3956 3404
1512 -13140 4616
2572 -22720 -5084
13028 -15348 8324
6948 -11060 3532
-4804 -16820 -2596
14104 -8668 4408
3200 -12524 708
8084 -10124 2136
4008 -20032 980
5252 -11072 -500
3892 -20164 3800
-1108 -16100 2816
8472 -21204 -1704
2780 -8024 5376
-448 -21128 40
5048 -25300 -1084
9248 -13756 4828
3328 -10636 416
9348 -9612 672
13208 -7380 3948
5964 -5356 -940
9028 -14984 -156
-228 -32768 1112
16172 -32768 1060
13880 -3336 -1860
-2900 3192 4124
172 -24928 -8656
11296 -32768 13120
18416 -2508 2728
-964 -5284 -6844
10504 -15256 -616
6216 -2668 -1788
-3036 -3052 -496
10164 -32768 6124
18808 -10292 12440
-9768 6236 5020
-6892 -18324 -3012
23952 -32768 12764
13444 -9596 -1748
14208 5488 -1108
1360 -21620 11188
20284 -32768 -5924
15248 -15928 9808
1104 3844 596
-16476 -14272 2444
2432 -32768 -6820
20272 -32768 15508
-9392 -13240 -4496
9720 -9936 -6504
12916 -14172 5488
-4136 -17936 -3628
11540 -24212 -5236
10008 -3176 11192
8100 5276 4472
3156 -6436 712
10896 -32768 80
-4244 -32768 4984
14548 -8704 -5336
17668 8768 6392
-3740 -3048 -6680
13948 -22276 -7628
7100 -32768 -3584
408 -15444 -612
6244 -23980 -3556
9692 -20868 3776
2536 -7928 -928
-3612 -2632 5816
-4220 -19328 4852
3484 -32768 -396
17536 -17040 0
3636 -3060 -3540
5092 6972 -3692
16964 11088 2316
6196 -13192 -7552
15948 -32768 -2028
12564 -17832 -9764
5004 -1368 -5956
-3532 -13296 -1140
13788 -23288 -4356
12916 -3452 7144
624 2948 -256
-2216 -19196 -9520
20252 -32768 -3192
10696 -17252 -3992
8496 7260 -3312
-3076 12260 8644
1820 -5896 8852
11932 -32768 700
-1808 -32768 21900
11172 -4264 1200
1716 -6060 10920
8548 -15012 7316
4808 -12548 156
11276 -9760 -1608
728 -7404 5772
-4188 -18776 9360
2360 -27492 7304
15472 -22012 6024
11208 -484 1920
-6980 -9476 -3972
11184 -21364 4924
-3240 -29772 8380
13636 -13796 4760
8400 -716 17184
-4884 -1704 508
13084 -25484 -5892
5360 -30440 -5512
15356 -3580 6364
448 1840 10512
4260 -19360 -536
11056 -32768 26544
1888 -18284 -5592
2532 -1736 6440
7356 -3880 -2060
11528 -17564 -12088
5732 -26272 1728
2948 -19392 13176
3060 -5080 4528
572 -16456 -8500
6908 -19888 -5600
-12 -26280 508
1628 -19064 4680
15920 -7656 -3128
6436 1020 14324
-11108 -11584 -7048
26468 -31440 6192
5912 -15152 10996
3968 -4732 -5984
9044 -13624 14280
448 -23172 -5100
23372 -1420 2688
-1200 -23224 -3484
12484 -32768 -10584
6020 964 320
396 3448 -2024
-4428 -3640 -4936
9120 -32768 -24252
7708 -32136 13564
-1236 6088 7184
-240 -17704 2508
10236 -32768 -5544
11924 -19512 12652
21332 5948 7780
-4484 9352 1932
-12240 -18004 -29672
32767 -32768 32767
3616 -9668 2888
6536 1812 -612
-1172 -20808 5776
-2816 -27852 -172
9208 -23064 16752
4016 -6376 5176
-6084 -13708 -4876
5040 -27184 380
18044 -15512 6100
6140 960 -2336
-2684 -6680 -11112
6860 -26656 -8236
18528 -28696 6452
5968 1856 -2940
10292 11256 -7428
-3356 -16496 13188
10328 -32768 -22092
10724 -32768 3904
4384 1244 2952
9628 6372 -724
6424 -4360 -4900
13636 -28752 -5172
12092 -21720 14488
-2296 -7964 76
10920 -7280 3076
-6808 -24560 1480
1648 -31812 3848
6712 -16956 5076
-3816 -13552 4188
5316 -18828 140
12540 -10104 104
12376 -5404 4136
-412 -16344 -2888
-584 -32768 -6728
15620 -16052 6056
7660 1508 4392
10116 6864 7152
11012 -3488 8056
10112 -19540 -2676
456 -32768 -13012
8924 -13476 232
11444 3328 11848
-1780 5004 8840
-4036 -20876 -812
17880 -32768 11104
-7148 -16096 -1744
13312 -2612 -3772
8080 -9132 -9472
6168 -27148 -3988
9552 -11196 1436
9108 -2132 5740
-768 -12668 4692
3704 -28812 -5812
19048 -18948 5128
6240 -2940 2264
1824 -21308 720
13064 -18152 11352
10780 -800 7076
-1856 -10020 -4024
6772 -28872 -9024
18368 -25592 5612
-8476 -15388 -3792
12456 -20108 3936
7344 -10924 12284
-3520 -2456 -7732
14724 -388 -8620
-1228 -20024 -12156
8508 -32768 7944
4680 -15156 15468
5064 1468 3452
11512 424 -7460
2928 -22920 -11748
9456 -27720 -20036
5384 -12908 -4256
6824 -928 4184
-2364 -7420 5908
6288 -29316 -3932
5392 -32672 18472
3628 -9952 -3656
19176 -4056 11684
-1308 -2140 988
1132 -16260 -6880
9732 -26892 12656
-704 -32768 -5096
5700 -10424 -772
12072 2908 2704
3696 -12108 4020
9172 -23572 -6100
12160 -24080 6992
296 -17180 -6512
7696 -7380 -1948
3624 -6676 -980
4752 -31044 -2168
6872 -27176 4284
6804 184 16
13040 8216 2264
-1496 -19060 4540
6320 -32768 -8224
23828 -18176 1728
2364 5792 2364
3564 9288 -6300
-816 -6188 -4948
2256 -32768 -7464
11656 -25880 12900
7956 -2788 3776
5708 -18756 -6660
3700 -23960 -14148
16956 -10148 -1360
1300 -3728 984
-7852 -21660 -12
11204 -25580 3700
15428 -3944 -1176
-7836 -736 -2436
-3732 -29864 -8356
16040 -32120 19604
-3000 -8960 -324
14928 -9284 -2888
5828 -23376 2040
7792 -13984 1276
13732 -3900 4880
4944 1324 3412
-4372 -20740 -4304
18720 -28040 12088
1176 -13240 -216
-16 -19068 -6116
10220 -22244 3632
12040 -1428 -1296
-320 -128 5384
-11308 -26732 864
17144 -22724 -15724
-8984 -14132 5628
2024 -20688 -1024
14728 -24560 12420
12604 1604 188
10136 8364 2488
852 3344 -2776
92 -10484 -2336
11988 -32768 -13452
5252 -27256 5492
5240 2816 56
4028 12084 -4976
-6608 -15416 2232
26028 -32768 -8444
-23712 -32768 16936
30204 -2312 -13172
-9544 -19596 -11268
17168 -30380 4276
15380 -7056 5080
-852 -4520 -572
-936 -16432 -2840
14464 -24092 -5044
4880 -17832 3464
-6036 -9520 -136
12324 -21236 5576
4980 -25764 2696
16232 -8376 1372
-1872 -8384 -1104
12864 -10924 3180
7896 -29624 4852
5452 -19188 9024
6856 1204 4908
15668 6040 -5324
7944 -11820 -7132
4508 -29652 -1848
10344 -19736 15724
-840 -7560 92
-5868 -22888 -7012
8140 -32768 10656
18424 -4248 -88
5296 2632 -2708
1120 312 -2692
13768 -17480 -3908
1436 -27876 3548
-1172 -21840 -916
3260 -22056 -64
9096 -18032 620
-2592 -22020 14456
10840 -8304 6240
-376 1100 7236
-448 -18228 -10000
13800 -26468 -20660
1300 -4880 1904
4448 6068 7048
11068 -8708 4072
7992 -23488 -872
10488 -27384 -48
-2956 -16724 9748
-8096 -19700 -1400
6200 -17168 11776
3036 -11636 4352
3848 -7948 -3740
8600 -32768 -6560
13244 -28064 -2852
6860 -268 6120
7648 3368 10184
3188 -14596 2104
13740 -24864 11620
10400 -184 -4240
8836 3692 -4100
-4932 -25756 -3464
15904 -32768 2352
8260 -12096 -8720
10724 -1156 7020
5884 -25408 720
14348 -12508 -8792
4588 3272 12144
-1540 -21368 -18912
16408 -32768 -17836
15100 -7604 -1180
3636 2112 -9568
-5088 -7320 -1008
6036 -32768 -4100
15164 -32768 11280
904 -9532 264
-8328 -9684 -6700
32156 -13264 1144
4204 -4336 -3416
-9492 -14844 -9036
15092 -22380 -20124
5764 -9236 2484
9568 -10076 4164
388 -30096 -676
13852 -7876 -5916
-7220 -9920 2712
-924 -9124 4640
2448 -32768 -2936
-5908 -31960 27420
13512 -344 -280
4964 7192 3092
-4864 248 3156
13200 -9784 708
5980 -19124 9916
11584 -8208 -764
4640 -22108 -1528
18220 -25860 -2764
2496 -8904 -876
13120 -3932 2276
-4244 -7564 2344
13800 -13852 2692
11332 -26128 8604
1728 -18916 -5656
5992 -8044 -2932
-3132 -22012 -6160
2832 -22612 8544
-228 -5048 5228
15976 1852 4792
-336 -13144 480
-16404 -30708 -6968
20932 -23960 20332
2336 -2620 2676
9884 -532 -2796
-1600 -20628 708
21744 -27540 5776
8144 -8192 11252
-92 -6288 -4532
10600 -25124 -5372
9660 -32768 10460
14728 -2796 3084
13844 1300 -112
336 -8008 -3468
4656 -29244 -11460
-3212 -32768 14988
2772 -17584 396
1708 -9348 7632
17092 -1612 1148
-2500 1472 1968
-9468 -23396 -10952
21148 -32768 2928
16304 2444 5544
-3956 13960 8564
-7116 -19576 8364
24628 -32768 -7180
5192 -32596 10488
4552 -7932 7152
4284 5604 17072
4904 -12732 -5484
408 -32768 -6956
5720 -15916 9072
3564 -5740 7264
1652 -9936 6740
5136 -21124 -5268
2872 -8980 -5416
6012 -26284 -196
12 -29468 6384
3508 -10468 3156
17052 -5680 -2048
20000 1980 9364
888 -3368 -6604
7364 -19944 256
10996 -32768 2180
19692 -12516 -2776
1324 -2240 -1632
9704 5396 2568
-3584 -17780 2944
11248 -32768 3872
20092 -18168 -4492
-3724 -5548 -10648
2432 -16808 888
16524 -10840 10524
-6572 -13312 -2156
8300 -20832 -3320
3440 -21320 -4148
17916 -3672 -4448
9444 -1120 -1296
-12228 -25264 -892
11748 -26716 3624
8604 -10992 -6688
13888 3192 -3752
-2940 -6768 -68
8200 -20876 -5596
5456 -28504 420
2108 -30340 1396
9072 -13432 4280
14168 -1000 1816
-556 736 2372
-3520 -15420 -6092
15200 -26460 -6888
2472 -23872 11436
-7256 -7956 248
16912 -5176 3472
9232 -6912 10784
824 -5860 -6064
8992 -18848 -20
3424 -32768 -1920
3548 -18196 5964
17140 -7548 6476
3740 456 11556
1044 1372 -548
14824 -11772 1396
1524 -32768 -9992
12908 -18256 4712
1680 4488 12056
-3420 -5692 5932
20288 -23584 1700
-11160 -32768 -2088
5396 -17236 -2508
7512 -12544 6812
3076 -2644 4372
9072 -10416 -1108
1112 -22616 -708
5188 -17324 -5848
3536 -28576 -5832
15144 -20028 14080
1340 380 7116
24312 5672 8332
6204 -5108 6744
216 -12228 -12680
2228 -14640 -10208
2628 -32768 -4928
10204 -19924 10128
10684 -1684 8020
2700 1828 6388
-1912 -23804 -3920
14508 -27020 10052
2348 -15400 3352
3284 -5844 -6480
26696 2468 1288
1680 -16624 3044
-12668 -32768 -13876
18260 -23740 -28
3292 -2520 10300
3944 10732 5136
4300 -11076 -10296
2880 -32768 -14592
14844 -20960 20380
-12128 -2104 14152
6948 -17132 -6868
1384 -24760 1592
15924 -5824 2124
7756 772 7880
-1960 -7816 -4376
16020 -26520 -928
3932 -23560 1588
10800 -11072 -3688
-2084 -26116 -2120
20068 -10192 348
-300 -17212 -1520
-392 -25900 4448
16948 -6844 5220
13376 -2884 536
-10540 -15568 -6996
11888 -11852 -3896
7436 -5844 2668
592 -20844 5792
1824 -32768 -8452
8284 -18416 944
14484 -4676 4416
5180 2584 1488
10284 4092 5684
2528 -19116 1456
5172 -26592 8748
15172 -6212 5684
-3832 -25136 -5976
9116 -32768 -5328
14988 -10924 5004
-6148 -972 8876
388 -21284 1016
10200 -27712 9252
9992 -13344 -9876
8508 -8620 -4696
-660 -6716 3324
10840 -1588 1536
11580 -9488 1976
-5132 -31744 -4128
12160 -14772 -1064
14928 1756 2968
1060 -15792 1636
10856 -32768 -3320
7952 -14736 7008
392 1216 640
13864 -300 1320
-2720 -15888 -7752
11076 -32768 -5996
5716 -21164 -12400
15896 -3460 6636
-1676 344 6020
-4440 -18540 -8180
7584 -32768 18552
14272 -12124 5632
-6648 -8068 7544
6104 -15076 2956
17232 -19296 768
3380 -1640 2412
-6772 -16412 -5324
24640 -22740 -2460
7632 -7604 -5928
3140 -3512 -8284
2560 -22820 -5344
19284 -24748 2112
-2120 -9212 -696
-2268 -9460 -8160
9256 -22272 3500
5404 -20552 1388
14084 -10556 -1792
5484 -3348 5068
-2936 -20092 -2512
12232 -32768 -324
-656 -16508 5624
1316 -24064 4664
4672 -8296 -580
17640 -5956 6888
2836 -18300 8648
-1664 -14076 -15532
17440 -20196 32767
-6228 -10736 -1032
14596 -3172 -20
-3676 -12236 -5788
16524 -10936 7132
2776 -21616 1044
3592 -32768 -13512
5764 -12488 5272
3640 3372 1084
9072 7852 1924
3432 -17240 -5056
17828 -32768 -10480
11764 -8180 -5396
1856 5240 -2064
3500 2320 -11160
6932 -26616 -3364
5836 -32768 11644
17388 -7696 -3324
1840 5172 508
-5872 -15848 -7708
13344 -30388 -8204
8148 -9204 2676
1592 -1816 568
8076 -19848 9920
1420 -29940 -4100
15268 -2448 -4956
9944 -14028 808
-3812 -22592 5584
18100 -9980 2136
12500 -532 3856
-3884 -332 -176
-732 -13420 -7280
9220 -32768 -15736
9280 -14376 -2252
12760 1016 -3104
-2904 -19444 4704
2048 -29780 -2780
10880 -15872 3476
10200 -1820 -5952
-7260 -18744 -5652
18012 -32768 -5636
-7500 -18712 3908
14588 -324 1708
6784 3972 13680
-160 -21972 2164
14368 -25604 1044
6560 -6700 -772
4872 3308 908
-40 -14288 2664
3184 -32768 -5444
13116 -23224 6564
728 -2424 1316
8564 -5752 1016
6204 -5060 12640
492 -7840 -5324
13424 -30952 448
4008 -32768 -2616
7604 -6132 2804
-1808 -17564 -1044
20936 -7916 9696
-6296 -2496 3604
4420 -27856 -5004
10896 -32768 16220
3064 -3960 -6800
6700 3272 -4312
10480 -15256 -3904
-1772 -32768 9056
10200 -24592 1640
7232 -5772 2556
15724 1176 452
15500 6748 5700
5228 8372 256
-3588 -17696 -4660
14660 -32768 -728
10476 -14512 -1904
-10248 -4508 -7272
11964 -15568 -5412
9708 -24596 10656
-2640 -844 -5396
11436 4744 -2388
100 -8548 -1452
12452 -32768 -8972
5584 -20076 -4608
4160 -8592 -5268
8096 -14228 2716
8096 -24352 2224
6944 -12264 -1156
13516 -12680 184
256 -29912 2956
4948 -12488 -9980
5184 -21148 -9600
11996 -17224 11128
10116 28 7388
592 -648 4888
3128 -17376 -3052
14396 -14700 11324
9900 -2444 3984
3200 -3872 -2748
3596 -20768 408
2392 -32768 -2216
8260 -10076 7104
13332 -2628 4860
-4608 1400 2980
3944 -21644 -9268
19604 -32768 17980
-3720 -11580 -6752
4644 5208 10344
-8384 -3260 3036
1824 -32768 -5548
-1840 -32768 13280
7340 -10484 -5656
9348 3176 8796
-10492 -15920 6512
16132 -21592 -972
9868 -10196 -5920
16532 -29792 -5860
1296 -12920 -3176
23968 3424 6484
10764 9468 14560
1780 -12748 -7028
18376 -23612 -1668
-2768 -11144 2468
-832 -4704 -1436
5860 -32768 -2288
4996 -32768 10812
1628 -196 5184
9412 4836 2540
6252 -9712 8244
-500 -21628 -7272
7496 -21292 7772
-4736 -27364 -5420
7296 -28808 4720
9788 -2344 2904
12624 9532 8468
3072 -7460 -40
6040 -26928 -7264
16124 -32768 17780
5220 -11712 -2176
-2300 -23128 -5060
12260 -16624 -2840
4384 -11000 -5768
11604 -9984 1076
9392 -2284 -2576
12620 -1252 -3828
1980 -30484 -496
12536 -32448 4056
6644 -10076 -2540
1340 -532 5620
3516 -16672 9008
1072 -26496 -6324
12220 -11712 -3452
-3720 -21584 11696
17504 -6912 -656
-140 -11260 -7472
3800 -23556 2652
6188 -21632 -4520
3984 -5412 -4660
7692 -18620 6996
6048 -19456 2408
13244 -17196 -5300
3948 -13524 7912
-4976 -16732 -6188
1604 -17152 -15044
4640 -6052 1776
9992 -5156 4972
3460 -18288 8808
-828 -24568 6180
18396 -5768 -836
668 -3856 -424
3612 2928 7180
-3596 -18512 -680
11344 -32768 -4668
16704 -9496 1748
356 8536 3856
8244 12068 -3328
116 -20076 9396
16676 -32768 -32768
7640 -32768 7204
-1496 -604 -104
-2296 -10668 -1140
10944 -22920 11408
8564 -22400 1336
-3696 -16748 -1296
60 -32768 -8372
15612 -7144 4640
1104 -1852 3148
-1560 -20812 -5700
15240 -32204 -2144
8920 -3972 4444
6832 5924 -968
1824 -13556 -3476
6116 -30824 3780
15128 -21220 11612
-5032 -5000 3928
-2796 772 3268
12036 -8056 -7564
11568 -21256 -512
400 -31844 -8812
6892 -19816 616
-32 -6764 5260
3024 -636 5392
15240 -3084 3524
8532 -16512 2048
-2172 -30820 -7636
2620 -22900 19084
2036 -4908 6228
2916 -1820 11004
1580 -6148 780
-524 -18956 -4312
9952 -31660 952
-3948 -32768 1760
6320 -9548 4564
13672 -4384 11052
900 -7040 2928
13292 -15176 2548
7168 -1372 7384
-5160 -17452 -4812
13292 -32768 -4408
14964 -12864 4836
-5032 7404 11740
-1912 312 1564
5640 -20224 -10168
11236 -32768 16492
7740 -15752 1960
10592 4260 11844
-932 6468 8540
3824 -8668 -308
7812 -22796 -2392
4892 -32768 -3680
8980 -12596 -3708
-2248 -16464 36
12092 -19496 4028
17132 -3716 3584
-4276 -652 4780
1416 -16604 -5412
-2268 -32768 -9848
13756 -13404 14516
6372 -4336 10348
5708 -21312 2004
11316 -11240 1432
8732 -14016 -6896
4064 -4464 -8044
-3604 -19172 -3152
9720 -18080 7316
9012 -17916 3980
1324 -6732 -1108
6380 -13588 4552
1916 -32768 -504
5436 -17628 10044
20480 1300 13700
-3084 5948 8900
3860 -12452 -13076
4044 -32768 -3672
5784 -25660 14952
-2356 -2096 13712
11456 2704 8500
2600 -19888 -1224
10060 -31524 -3564
7720 -7896 8508
1436 -4568 -3152
2352 -22952 -4932
11632 -18764 -1668
-1884 -28920 -5840
25636 -11772 13256
-5576 -5188 -1652
19052 -16624 -4652
7980 -15232 -3224
6316 -18228 -3380
12920 -17888 6288
10256 -6684 4408
-6728 -23680 -5416
15296 -9208 12700
12476 -2832 4292
2052 -5136 -796
5076 -19044 -4064
13248 -29308 -7272
-2580 -19080 3104
6216 -16232 -1480
6252 -7980 11932
2188 -2984 -72
-3500 -23432 -7816
12364 -30800 -6712
9388 -5268 8860
-2196 1104 3352
8172 -16572 -3748
18440 -23952 8152
4352 -1288 -4740
-3780 -20320 -3896
5204 -29124 480
17472 -5800 5656
-3864 -1380 5672
3584 -24064 -9868
6748 -32768 8876
-1504 -13620 -5096
12932 -6584 -52
10660 -18136 3980
2848 -7464 -2664
9524 -11580 140
5384 -13332 3420
3560 -32768 -744
1152 -16560 6764
15532 516 -3104
4004 2004 740
6880 -11776 2512
4536 -24136 -3800
13688 -17532 -3536
6052 -7436 -1184
-1680 -19188 -260
16688 -22980 -2588
5504 -3728 1184
-12264 -14464 -1404
16012 -27572 -2796
5428 -13404 6000
3868 2672 900
10992 6096 7044
-12304 -23840 -15320
5240 -32768 -32768
-5632 -9236 -1064
5076 628 -340
8452 -5192 6312
17252 -15732 -8396
11904 -4076 236
-5264 -976 2948
2748 -26676 -11780
26020 -31688 12156
-1340 -8580 -7528
6696 -9380 -6352
10428 -21752 5216
8080 -17064 2624
13752 -7900 5960
-3280 -15516 3840
12576 -12744 -2176
7180 -6436 8252
-2152 -26332 -2028
3728 -20360 2264
9308 -7748 2040
10136 -1760 6148
8600 -6096 8076
-6428 -24812 -2132
17432 -19948 -3108
-2688 -11348 -632
11204 -8736 6096
1240 -15636 12608
7092 -19712 -3532
15224 -13096 9208
7396 -16396 868
10048 -84 -6236
17972 -1136 -9160
-188 -14064 -1492
7776 -32768 -3004
8048 -10784 -3844
3036 -4496 -3408
8752 -13020 -1216
2004 -24900 -1832
8296 -29224 -2224
9004 -12380 188
7072 -7272 2112
5280 -260 5716
-344 -15948 -11160
14092 -18472 -588
3320 -5240 1128
19976 -7124 2392
-5160 -27532 10340
11816 -32768 -932
10204 -14300 8524
-5644 -2492 -6600
18416 -5664 -3444
12804 -6088 4488
-3216 -17044 -5060
5496 -32768 8392
6920 -20208 23140
-12664 -4812 -2340
19188 3620 -3920
3328 -12628 21896
-14404 -32768 -9456
21844 -15616 9628
-11684 -5952 6144
10684 -12712 -9336
20860 -12912 32767
2696 -7876 -9144
18780 -12816 6088
-2148 -22412 -2792
23424 -10924 10004
5252 3280 4140
-328 -4292 -4204
-4348 -32768 1748
32767 -32768 9344
5216 -7556 -1964
17988 5848 -14940
-6632 -12080 -1348
19952 -32768 -26700
912 -32768 -2604
-4824 -14800 -11308
17172 -15040 11096
3520 -6852 9152
14464 -6260 -8244
16748 2468 21276
-10192 -23924 -14204
15576 -32768 3540
5928 -8324 5080
2352 128 -2796
-1152 -7568 5456
4800 -20912 -1832
15448 -14344 7944
12884 -1968 512
-8676 -1164 624
-10776 -20276 -7456
14792 -32768 -13116
-6688 -15696 -7100
13992 4744 -1472
-936 -14240 4748
9260 -20704 172
18896 -11248 20204
-1008 -4036 3300
-4924 -22580 -2400
20436 -32768 10240
2232 -11428 -10364
12604 1092 -1676
4256 -972 10328
-12560 -24948 -2296
27180 -32768 -15224
10760 -10220 -8460
176 2040 -4128
13316 10080 7436
2612 -6028 856
-4552 -32768 -16956
16552 -11668 10884
6756 7176 4048
2432 -7476 -580
10048 -25668 -6528
9620 -27384 12472
3148 -7100 4940
-7388 -24196 -11156
12880 -7956 16176
6848 -1288 10528
-3236 -22180 -676
9244 -31220 -5228
11532 -12572 224
-4244 -5280 -1416
8760 -24 -6096
12812 -15492 5604
2012 -32768 -5860
7472 -22276 -2176
19144 468 2816
-4388 5328 4344
5544 6616 -9032
12572 -6628 -20
-4928 -32768 9716
12944 -26208 8700
22460 -2264 5648
8316 7732 2720
-11932 -4192 836
6392 -20460 -16076
24800 -32768 32767
-3600 -13656 -2520
7356 -6620 -7096
8108 -11456 4308
10644 -4528 4312
628 -1680 -1820
10916 -12928 2516
808 -32768 3988
10676 -12352 11452
8052 -144 6556
-5300 -21804 -3344
16584 -29808 -8460
884 -10116 -1860
8904 2916 1660
-32 -18136 1436
4208 -32768 -912
18912 -11644 1896
-5484 6172 4424
-16052 -17660 -11200
22236 -16620 8280
7192 -21524 1704
3516 -2524 -1732
3976 -5324 -288
11756 -15172 1568
-5560 -32768 -13744
16760 -23396 18864
8032 3164 12040
9860 -1068 -2888
14560 -24508 -2916
9556 -23180 -5812
10780 -10536 -4620
10532 -3976 16668
-5464 -8932 2092
11628 -24328 -2248
7648 -19028 -6060
8464 -13696 4340
-4264 -8608 7620
4820 -8620 1848
4960 -24276 -1696
10624 -32768 -1396
860 -13252 3064
17832 -1328 2052
4144 -1112 7052
2428 -11672 -2684
10040 -6736 2736
6952 -32768 -4104
12948 -28048 27140
7096 5076 13020
784 10880 1552
8256 -14556 -9948
10508 -32768 -12288
7924 -12876 112
5720 6284 13364
-876 7836 9420
-2616 -18872 -13392
4888 -29340 -28336
15892 -7508 9224
-7456 3648 -1004
-10728 -21284 -18356
26200 -32768 856
5696 -12912 268
-1972 -1796 -9352
-1680 -11240 -9872
11984 -31392 -6156
16700 -900 7328
-2628 9736 5148
-6412 -17788 -16400
28884 -25008 -32768
-468 -23156 -10436
4404 1200 76
11420 9344 2188
11256 -8388 -616
-5180 -10808 2496
10852 -7332 -80
2316 -32768 -4308
14416 -32768 8732
8228 -4652 6340
-8972 -14864 -3276
15956 -23032 -6428
9276 -3332 1376
2916 3792 -32
-5576 -20384 -10068
9920 -32768 -2048
11284 -24780 1640
352 -1040 -2560
6064 9816 936
-2108 -11360 1800
14832 -12972 -5880
-5720 -24592 19140
5680 -26276 -7460
13088 -17092 3916
3856 -3712 4484
-2740 -17700 -2496
6744 -11980 6312
22012 -11696 -3568
1424 -7088 -384
15612 -5908 -1356
3064 -19932 -1888
5192 -32684 2336
2120 -11864 1968
5060 -8592 2136
12180 -4880 13896
2536 -23560 -5872
1756 -19908 -10248
-5192 -17252 -4096
10612 -20328 -2308
11880 -14128 6944
3340 -4956 2228
9192 -15420 -1472
13112 -12288 9864
1512 -18548 -2652
11572 -12952 1828
2788 -24328 2692
-1160 -10816 1860
17012 -468 4528
11348 -484 12112
-6720 -8684 2720
3824 -31948 -7604
14060 -32768 10464
-4352 -10952 -496
4388 -12048 5328
13948 -8152 8348
3152 -3192 5732
2792 1080 -220
-2264 -19092 -1768
3936 -32768 -1216
11460 -10644 7428
1180 -1680 88
440 -18928 7120
8700 -32768 3380
6352 -12132 -4704
5616 -4876 5048
7516 -11824 5696
4292 -14556 -1284
8704 -18544 9660
-308 -19920 -7520
6616 -25124 11788
2240 -2688 -4780
2108 -17844 2416
15148 -21456 -3572
7416 -10800 -8136
9208 5604 2780
4236 -1936 -2404
-2072 -32768 1684
13108 -32768 -1936
12092 -3420 -11900
11524 12008 4992
5516 -9132 5652
-856 -19236 -1408
25668 -18396 7592
-6436 -12816 -1748
4448 -32768 -7180
10648 -28468 9660
-1356 -6140 -3648
11144 -8540 1344
20204 -16168 10420
-6988 -12744 -4956
11156 -23488 -1876
6984 -20292 -4476
13904 -3916 -664
-4832 -4088 608
5836 -2540 -2872
4716 -20616 2352
-5448 -32768 3996
17764 -8636 -1488
4236 544 -1388
760 -16676 -6484
1936 -32768 -7928
16452 -4632 3424
-712 9436 6808
-7064 -4652 980
20536 -21336 -8496
-724 -29808 9104
-2392 -22200 -9096
7652 -23952 -9744
-1036 -7948 1636
-5284 -15500 4948
5704 -13684 9596
11904 -25264 5100
9168 -10392 4060
5044 -3072 -5056
9384 -11116 -2388
7880 -12384 5452
10944 -12872 -520
13864 -14184 4132
9124 -2384 -3104
7600 -13344 -4320
-4864 -29640 -2568
15444 -32768 -6568
4044 -8628 7136
7200 8740 11668
-9848 -6000 5816
13916 -32768 -22260
7068 -32768 13892
-112 984 1336
1108 3108 3196
-4924 -10524 6564
10836 -22200 -552
5128 -17124 -716
11804 -32768 2376
3156 -8916 -5868
17900 4480 -4724
240 -1804 11152
-12572 -31896 -11504
22476 -20416 25060
3316 -5600 2752
4132 -13200 -9088
9136 -21088 10240
6636 -2196 -2360
11248 -16160 -6284
8344 -32768 5980
1392 -23856 80
3916 -6524 -556
22240 -1584 92
14140 -3884 14616
-10084 -17932 -3160
27500 -18204 5836
7296 -17556 -2824
7560 -2988 2252
18328 -1432 13632
12316 -20684 -9752
16232 -13612 -11356
-4056 -20760 412
11716 -14408 -3132
9720 -5688 7332
6008 -1312 4712
7888 -21576 1924
-6740 -29620 -8008
3620 -4700 5716
-772 -13540 3704
-20876 -32768 -16396
13080 -13784 29192
-12100 -3944 3688
-7080 -18964 5684
14044 -27800 164
6860 -8552 -4524
3196 -6340 -2420
7528 -25916 -3760
7556 -13844 6356
6736 -18864 1368
10644 -19516 11360
8628 -14428 5912
9468 -2644 11228
6060 2536 10032
-1216 -22744 -1316
3596 -31524 8524
9924 -21988 856
-4084 -9964 12392
3488 -7040 -2912
15276 480 6364
2176 -21236 -1544
2184 -32768 -12184
25760 -14012 1260
2300 7332 -4828
1688 5952 -1248
-4628 -13888 -10648
11204 -32768 -24980
10984 -12136 5032
4376 -2020 -6944
12972 -8500 -8860
4204 -15340 7812
7712 -13368 -13136
15156 -6784 -2184
-5972 -27128 -11764
9448 -15664 -1076
4488 -5852 10328
5212 -5596 3220
7356 -17480 -6004
3000 -17180 -2900
2168 -5512 680
4808 -24364 -3560
16540 -26392 -9520
9020 -10824 -1864
-4700 -7428 -8508
15824 -12560 8408
1448 -30040 5488
-2388 -14856 4912
18320 -9684 -176
11964 -8800 3232
-5892 -4108 8044
5276 -10192 136
8720 -28132 -6684
-172 -32292 3884
3948 -15848 -4244
20276 -1576 4276
3312 2476 3216
-1416 -21132 -11244
12468 -32768 -9260
15492 -8732 376
2268 6224 1212
5604 9676 64
3984 -14180 220
9196 -32768 -6156
7032 -32768 8992
10700 -160 824
-3016 -1820 92
11204 -5444 -2716
-1692 -26556 -1380
6496 -29576 3260
2940 -10412 3360
-1828 -18952 -3284
22800 -22476 8984
-11944 -8216 -1996
21828 2948 -10700
11556 -5800 6552
-12368 -8736 -4496
13796 -27272 116
-5712 -32768 380
7516 -14584 -1112
15316 252 7000
-12552 -8688 1032
16472 -20196 -2256
10604 -27876 8004
5828 2964 1888
10160 5428 176
6652 -12712 2236
6108 -20144 -5256
17540 -11504 12376
208 2272 4280
-9684 -20776 -3616
8624 -32768 -4964
768 -31448 4900
9772 -10320 4508
-2772 -5028 5716
12708 -28328 -3312
11652 -3276 7032
-1360 12 -52
17732 -1664 -2848
1684 -17284 9132
-1800 -18056 -8376
12676 -20600 384
6184 -13356 -2748
25216 1180 -1216
-564 -16408 -6192
-5280 -30904 -5140
6200 -32768 6896
12764 -11648 4752
-7144 -11172 7336
16164 -8128 7416
8320 2540 5204
9312 7332 -1040
-680 -20388 -2548
7184 -32768 -5088
7668 -16400 -9172
4836 4028 2404
-2524 -8 6120
-4392 -9740 -10576
-1756 -32768 1972
14948 -21472 11072
12132 -7788 -7728
6876 -23572 -4136
8668 -16368 -1024
26184 3500 8968
-1616 9132 13528
-12648 -17148 -22556
15396 -27440 -27936
-12336 -12736 -3668
5500 -17576 -3300
11800 -20724 12556
-1772 -8604 -5444
10996 672 -4540
2876 -20788 -5656
6956 -32768 5068
17904 -8352 8312
4072 5964 936
7096 9788 548
-788 -18488 7728
6760 -32768 -22172
9624 -24356 3648
8436 6552 7712
-380 5516 -5520
8348 -10872 -18324
17264 -26612 6096
-9772 -32768 5524
23596 -4208 -2300
-1372 7000 3020
-8328 -2908 -3932
10696 -31356 -2772
13956 -32768 4552
8016 -13856 4124
-5528 -9396 -480
788 -22664 -10132
11976 -28400 6228
7284 -13848 5728
3728 -10264 6168
696 -20044 -5724
12048 -11052 -304
7976 -13708 -1412
5816 -17860 -784
8920 -18516 -3960
13396 -3656 2676
-3344 -4796 2372
11780 -2132 6372
2512 -19788 3104
13832 -22264 616
-6856 -17412 3104
7416 -29156 -2480
-3740 -17576 -3772
20660 -11984 13140
-3048 2044 6180
5044 -19536 -7100
5600 -32768 -7916
11068 -17452 11764
-1708 2680 12440
2320 -11700 -2296
14640 -23472 9828
280 -9220 4828
2116 -816 -2480
4772 -14500 -4668
10056 -32768 -5036
1420 -17676 -1684
17776 -56 4624
10676 5032 4640
-728 -13308 -12632
13664 -20440 8868
5040 -18624 3700
5800 -16528 -3488
8440 -25204 6240
9888 -13452 -320
7800 -4620 128
9572 -52 -7184
10172 -10404 2608
4508 -27984 -5148
