4 -832 7548
7736 820 9704
10844 -304 12156
7180 -2016 7904
19228 -4364 20756
-5760 -6612 12836
10744 368 13084
6000 472 17728
-3244 -1096 21528
848 812 13060
13548 4516 19772
1552 3156 6380
-4524 88 11440
-1636 -11152 32767
-3476 336 4732
-348 884 2964
12292 4952 7828
-5372 5404 20904
5408 -8916 25592
-48 -7104 13860
18456 -1872 5776
16240 4724 6920
-3004 -380 9160
15148 1208 10960
-13336 -20872 32767
10956 -4704 23152
2696 2524 1048
2720 3528 3996
20296 -6476 19500
-2660 -720 2820
-7368 -2916 7072
9924 -3056 19040
-22380 -6604 32767
6676 4524 23768
6268 6756 7060
12880 3300 5432
-3544 900 3700
-9796 -8120 21348
1592 -6260 25276
-5572 1732 21912
3872 7196 22940
-1964 5108 10632
4244 -7676 25008
7728 -4624 6716
14384 436 13392
1212 3084 15796
2448 1548 14424
9524 232 15148
14324 -2256 12076
1712 -7544 21728
7428 -2728 20104
-3448 1696 15740
12572 848 13276
408 -1860 14168
4400 -5304 15996
3696 828 12316
7044 1732 22548
-13380 -6256 23912
-508 -4792 18856
2172 4364 10480
9672 1720 11660
-6856 -1576 9992
21888 -11848 18272
-7932 -1984 13828
7268 -3984 6112
868 5376 3320
2280 6132 1284
1888 -484 9972
-5720 -2864 10084
4068 -18892 32767
280 4116 -1184
6664 5996 4424
5280 8288 32767
-3060 -10316 24924
8220 -6976 16280
2400 -3044 8932
4416 -1560 19764
5808 -968 18408
5372 1432 11076
6916 1948 14324
4500 -1100 21132
-1984 -5236 19472
8372 -1800 13308
-388 3004 17684
-5208 -2812 15068
6868 -5096 16676
5072 -1748 15756
-932 -4740 16664
-520 -4296 15976
1784 984 12404
5588 2676 9980
6068 552 12676
-1908 -4120 19632
7168 -8984 20300
17428 -2912 18068
10004 2844 4308
-72 -3748 19144
5092 -540 12132
6232 -1512 17132
2124 5228 11284
-1572 -12832 26128
3764 -7824 29104
1504 3348 8480
6744 2768 5624
-3284 4688 13360
-692 -16300 24908
4416 -6528 21680
1284 -1088 1340
3692 2920 17176
2260 -924 8848
-1548 -5960 19200
11516 -3880 26376
2088 340 -2372
3644 2744 17276
-1808 -4768 26464
5608 -9060 19712
2752 3380 14628
904 8192 18644
5440 -1552 20696
5676 -3544 17844
8076 -7276 7124
10912 -4120 7596
14824 -160 1632
-5948 1264 9500
-4260 -3628 27616
6588 -2248 14412
12936 1856 7568
-5164 -1080 4344
1856 -1964 9640
5496 -4252 16392
4636 -3208 9404
4892 -7948 15480
6976 -11108 28760
2596 -1476 6472
6024 724 12068
2396 2692 18116
8380 -1652 22820
2408 -5000 10212
5804 -10656 22600
-1612 -5752 17564
4888 -7084 23872
2508 -428 10340
-4036 3068 11272
10132 452 13048
5908 840 17064
2972 -2724 14748
11036 -5000 13972
2024 -2824 11424
3364 -5080 12380
4816 492 17192
6416 -1052 17904
4424 -464 9028
10360 -13648 27472
252 -6248 18032
5096 -6472 17172
2032 -908 20096
3800 180 15428
6284 460 11420
-1720 -2760 26704
4308 -928 13384
-1424 -1288 20272
1576 -3248 15900
1620 1520 14308
2992 -2320 14612
8148 1260 11148
2144 1184 12708
-1064 -4580 17256
5744 -3508 16572
2032 -1832 12976
6744 328 15536
6972 1976 18676
3392 1524 15140
8868 -1340 14580
3764 -1184 13808
1780 -668 20688
5332 -2044 16472
1432 -692 15268
2668 -2772 17752
1124 -1380 17780
4196 -3304 18108
2300 1440 14416
2872 -4340 16860
840 -1088 19924
-1728 -3716 24148
10296 188 3992
11516 -1540 5500
8028 -2236 840
-5028 -3304 32767
6492 -9304 22708
11780 -5796 -360
3292 6976 648
2824 -992 32767
-3864 -2764 21608
8204 -1976 8560
1996 -4736 11608
-6892 -5536 32767
10452 -1748 19688
4600 -76 -5212
8852 5100 5388
-1912 -12224 24992
1704 -8236 15548
-468 -7668 20716
-3556 -4496 19156
5536 -1232 21692
-260 3360 16340
440 2248 13972
6540 -8424 17864
944 -3672 17664
-9488 -4496 14660
7604 -1140 15696
7584 728 13020
-4432 -1660 10396
720 -1244 19012
6032 1780 10740
8708 2020 15288
8496 -1176 9484
1948 -6492 12116
4384 -4972 14884
2444 -2636 21472
8044 2720 18224
3340 -3224 18892
12040 -2860 19460
-4660 -5876 20076
8844 -1572 24324
1560 4040 13624
-2544 -808 24040
444 -6808 28456
6152 1636 11320
248 8888 4832
9312 8320 1384
9048 3700 32767
-6096 -16008 22308
3008 -8868 6716
5908 2980 7456
6272 4412 14244
516 7996 20768
-2772 -5672 29524
10608 -3788 12732
12608 2556 548
3852 4660 7452
1768 -7680 28648
8544 -4024 24236
-2620 488 15984
3572 -748 20876
7092 4292 12896
208 3096 17400
2500 -4100 22536
192 -7608 22084
632 -56 12028
-3160 -1204 12488
6664 -8556 20200
4316 2512 12320
1640 -8592 17936
5336 4104 11192
212 -12516 31000
1168 -1696 17980
17596 2760 3484
9956 3952 780
1740 -4320 15444
-1900 -5972 32767
7052 -8092 6348
8280 -4020 13844
-2968 2232 17908
6760 -8640 16988
6620 5528 15592
-3032 -6404 24012
128 -2120 11720
600 -7552 26956
1652 2500 18372
-5056 -3464 24220
-312 -1484 18584
7096 -2412 8424
8404 3016 -4100
2204 4428 7736
-1912 -8064 32767
6608 -10568 28908
13188 -1740 1760
13968 5256 2824
4436 3708 -4056
-964 7800 8336
6652 9784 19892
1572 4428 8292
17056 384 4460
4156 8636 7444
-15172 -11244 32767
12380 1400 10680
-5700 -2916 1300
-7132 -3084 32767
-1068 -9540 24124
5976 -124 12760
9760 8376 5508
-11948 -4060 21016
10208 -2132 18332
2940 -12156 17840
9428 384 13028
3860 -4420 4248
6828 -176 7972
-1448 2892 32767
12052 -1228 10940
12136 6652 -2156
3268 2208 9312
1896 -4472 32767
-4028 -10764 12424
18992 1164 8556
324 16576 20812
-15904 -3252 25496
19612 852 7356
2072 -5808 11420
-3384 -7748 16136
7156 -5880 10348
-2508 2528 25788
-2280 -4596 17184
7572 -5776 8380
18548 4088 6640
-8832 -3696 5816
112 -11804 31380
1692 -10380 13472
14256 -2000 2780
-1996 1076 14736
2092 -3844 29552
4944 -4784 15812
1508 -3076 9524
7836 3480 4772
-956 2520 9116
-2204 1828 26604
3704 1952 27648
2652 -3532 19780
-5216 288 11912
9536 2800 9580
-512 -720 26932
216 144 19304
-1964 -2160 6448
10588 -2872 9240
2328 -1404 7404
5568 3360 12844
5744 -4084 14356
2996 -3204 32767
4924 -4168 9744
8888 -1952 -3336
6696 2944 11100
-8112 -4196 32767
6280 -1628 11236
6016 544 14356
2964 2440 14128
-1136 -5504 17916
9960 -5688 16980
7216 5432 16228
1028 7064 6528
5796 -2768 18904
2540 -14652 24964
800 -5712 19444
15132 8612 7368
-3844 5772 8796
9224 6980 8492
-9368 -1080 16196
2564 -14944 25176
5680 -4580 5684
11748 5252 13396
-6900 7608 19504
15392 988 20500
9884 -3104 10712
-5908 -6684 15632
20712 -1676 11872
-18952 -4156 24636
18200 -7100 15588
6976 464 7564
-1940 672 24800
4840 -7380 20860
3952 -3656 11420
5564 -1544 18924
-2640 1716 15936
4452 64 19436
3432 904 9472
320 -1732 8808
-1228 -6756 22724
10652 -3948 18524
3880 1376 5780
4036 -1336 15268
8312 -4576 15768
452 1192 16688
1176 -4468 28840
3608 -976 15320
11548 676 9868
-1144 6164 12304
320 -8068 21572
9168 -2104 19176
-2188 -2368 15916
6604 -4500 17840
2768 -696 10968
6128 -6980 17560
336 -1876 13348
9332 -7140 14380
5276 -1136 16660
-3376 -188 18512
8944 -2892 13532
6028 -1676 3504
6176 -644 8820
-168 -3920 12696
5188 -6472 24784
6292 -2492 18256
9168 -1936 4744
-756 -3016 16004
-7324 -424 32767
5568 2112 16428
-6576 -6932 32080
2492 2064 11040
4288 -9028 29892
912 -2376 7208
2452 2340 9896
3276 -8904 29076
2052 -4080 18252
2600 -3376 15788
4288 -3576 12440
4696 -68 8048
-152 -2176 16328
552 -1396 6272
-1792 -3016 16568
9184 7272 4580
4132 2824 1856
-1328 1520 32767
4708 -13252 31200
-5676 -4312 13800
24980 5668 5828
-13936 13164 3424
-656 -7844 26768
4696 -17412 28024
-6980 -6624 6760
10364 4160 2580
-524 4028 3204
-4296 2884 7300
5408 -8704 19444
2180 -7228 14580
3592 -1656 11308
-620 -5868 28012
5384 -3700 12660
2188 -3784 23508
11676 -252 16364
-1048 5200 15388
6120 -188 13976
1448 -4276 11252
10068 -5488 14440
9940 -624 -1752
-76 5548 1912
-4308 -5080 25044
8392 -436 11708
5536 -1384 12200
-2248 -6492 28736
580 -2088 13908
11924 -1720 29200
376 2476 8620
12712 -4280 -1876
3636 2740 12832
-13088 -4680 19772
13196 -8312 21640
788 -5212 22736
7032 1304 7560
2904 2148 10820
8528 3792 18212
-5804 -1848 20700
9028 -7472 18668
5912 -8368 7304
5752 -10768 25200
2668 -3676 14812
5896 -3996 14188
11608 2872 6028
-8316 -320 20068
-2808 -7296 20348
9492 112 11048
9108 10356 408
856 708 18088
13504 -3392 23300
-6920 -8436 15696
7808 -3460 24620
-2232 1068 18308
4700 120 17788
20572 2052 5260
-2832 4184 14424
-820 -7144 20992
8860 -4484 5808
8420 3328 8512
7888 4736 12424
-25096 -12880 32767
18548 1812 10636
8096 -1080 6512
2548 3368 -4740
5240 2900 2704
8616 -15560 23776
-4628 -7408 24752
920 -3392 14044
8172 6628 1980
4508 7928 9896
-19480 -8364 25892
13680 -14736 27584
108 4684 6240
-6088 3872 9336
7144 -10384 32767
-4416 2756 22664
5472 -732 18064
-584 -7544 15108
5968 -6008 11492
3516 5320 10744
1064 232 16444
10920 -5312 32767
2416 -5168 6100
16124 -1076 -2640
1120 9340 1284
-10200 5928 15468
21208 -6852 25700
9744 132 -6208
892 5496 -380
8128 3772 880
-8596 -14368 32767
12152 -10120 3584
3312 -8012 -7144
-2856 9276 11112
2920 -7480 15088
5304 -12112 23388
-4356 -6764 8796
-1776 -9116 32767
9016 160 9864
3704 -1888 -1448
4424 9160 11040
-988 -6672 18020
1096 -3288 19064
5116 -4492 7152
4884 -5176 11508
-9024 -8192 27380
-304 -5680 21620
-2848 2940 12300
2056 3020 17096
5284 -4848 21548
-564 -6728 14100
8764 -340 14572
10140 2288 12952
1688 -2272 22392
10404 1476 6912
9588 984 20232
1808 120 20176
272 -3164 11888
-1064 -6672 30404
12228 6788 -2876
-3824 1412 18236
-10320 -3148 32767
9232 -5760 9684
3424 1184 5628
220 3812 12436
8360 -1056 21260
4972 4988 7956
10368 1944 -2040
-2436 -6524 25972
7584 -12260 26260
6380 -4652 14820
4056 6908 5112
4908 5624 4888
-16068 -4952 32767
7720 -2848 26032
-524 -3084 18084
-892 2520 15868
10736 -6700 18396
-3712 -9420 28172
-9196 -5000 9784
10436 -7760 20768
9048 9924 -860
2060 7436 9760
8612 -11732 11908
-4108 -5812 25736
4944 -4128 29432
3152 -2636 1764
17680 15136 32
-3456 10632 13256
-2920 -14072 32767
21564 -10372 3608
5664 6900 -8532
992 608 16824
308 -1568 32767
-916 -4424 8784
11068 -3152 20016
-15908 -5668 30492
17024 6672 3216
7008 2520 3708
7216 -1372 28696
4236 -10728 24880
-2652 -4972 13680
12352 -4876 11300
-436 260 12748
-10356 -12752 32767
15300 2432 3304
-36 4672 11832
20704 6260 4732
-15800 -4436 12560
10600 -13328 22520
8284 6408 6624
-7136 6872 10904
-8700 -11116 32767
17700 -1176 13464
1556 -116 1324
-9572 -8452 13840
14032 -4720 32767
-9828 -1912 7024
13656 7496 -2280
-9748 2224 -2584
-2808 -6676 32767
9140 -7556 29196
-7432 4812 -1080
18472 5168 9192
6640 11136 6040
3856 1636 1960
1184 -22736 32767
-4064 -4568 11408
5208 3220 11432
788 9020 14216
5540 4452 5792
11836 7128 11776
-8608 -6972 23056
6952 -4644 17104
1644 -8424 29780
-8316 -4424 7760
21088 -84 11988
-14360 3544 13820
6084 1464 19728
572 -2540 14444
2296 892 2640
-5240 -3484 22460
10732 -6952 23184
832 -4208 2876
14016 3824 112
-9640 2772 14692
-1964 -4032 32767
2968 -8820 9864
8800 3616 6784
1048 4492 4508
15248 72 24172
700 -224 5928
-32 -7100 23928
6516 -10972 22776
-1252 1412 12592
12856 5900 6000
-1260 10788 12788
7480 -9788 26636
-432 -4632 14428
3436 -8 18300
13420 -3764 8780
2004 -3648 11352
-2732 -1324 13012
-2696 1380 25536
3560 -5340 13080
1220 -6496 22776
-5936 -4524 14804
4592 -1636 13376
10760 3256 22884
-1572 1280 13872
4244 -3676 19180
15072 -4912 12500
10912 1488 3060
-6988 -5920 32767
11704 716 18424
6020 -292 22708
4312 1184 12716
4592 4288 15476
3428 1420 8592
4660 -1104 22264
-384 -3372 5508
8304 4740 15456
4856 4124 9660
10816 3016 10340
-12620 2368 14736
6632 -15864 32767
3220 -2308 2888
-2316 1400 11092
2672 -4888 24592
12872 4480 12412
1848 -2752 8620
8896 -2032 9560
3012 -9852 32128
-104 -5368 21488
9548 572 3584
4196 7652 5372
9148 5772 7140
-17520 -4404 28404
18320 -19196 24196
4068 -3180 6488
14324 4984 32767
1084 9400 -6132
-92 3660 11100
12464 -6520 28980
-8264 -2436 18872
-1348 -1808 14532
17592 1856 14344
-4216 -344 29196
9004 -11148 23000
6448 308 11392
13496 6492 6780
2480 6028 2924
-820 -13916 32767
-11660 -8120 27732
9212 2084 8064
9932 8464 8400
-5692 -1840 28380
10024 -7856 19188
1952 -2968 4144
10564 2768 -136
12 -4760 32767
4184 -3712 14172
6048 -1924 25576
-2744 -3356 18648
11964 3264 5680
5576 3308 21288
-7664 -10412 16748
11788 -9104 22460
-796 1428 12720
5712 -9004 31524
-192 -448 7176
11460 252 8952
-3312 -4812 32064
-6584 -8852 17204
11460 -3284 14812
8796 6348 11284
-3928 1048 9648
3712 -7400 32767
6688 -8956 11880
9392 6772 5236
-796 884 9680
7732 -10392 32767
-2212 1676 7216
12444 4476 3340
7120 4044 -832
-2732 5220 11364
3288 -8332 30596
11924 -1676 4488
-8628 -4348 15244
12904 -6036 32767
-3816 6512 7704
14952 1788 3692
4328 5464 2488
11288 712 18380
-6348 -6560 7840
-7016 -19224 32767
3928 -708 18776
4036 2376 5144
-5820 4516 5956
11812 -2340 14700
3284 3108 12796
-892 -6112 20188
3024 -7984 20116
2736 -6824 18500
2432 -1260 4172
15324 6732 22432
-3952 8792 11908
196 -13932 18348
21200 272 16284
-11412 -5284 13392
10428 -8884 22292
13988 5636 4296
-2272 9600 7068
-13568 5652 32767
-2404 -12180 30196
7260 -5756 5764
8064 2648 8888
-2296 -812 21340
-160 -11300 25532
-2488 -9960 10168
15384 5852 6836
-7868 228 10124
-740 4092 17252
8592 -8404 17004
12904 -7312 10564
-11940 1628 16848
15568 -7660 21320
-204 -4932 3828
7240 6988 7416
6424 -11964 32767
-3112 -1136 12936
17952 1724 17948
-9888 6152 6372
-1580 -6524 27680
6668 3264 13924
-3748 5796 4648
5764 -3500 20056
-10280 -14512 32767
6536 -1108 4924
10184 7196 6400
-2100 3088 14260
1540 -5188 30252
-2208 -7788 13192
3400 -4140 4376
16564 6636 6724
-7044 10632 26312
-1296 -17624 29084
11444 -1384 14512
-4036 9044 4656
3920 3500 12056
2264 -2700 4680
3832 -1352 8320
19064 5348 8712
-10972 -5520 14464
2388 -9572 32767
-680 1096 -304
14364 6308 7096
8756 4528 29316
-7904 -14312 27088
11256 -8760 25916
11000 1564 -56
13636 9708 12132
-5336 -4352 1540
2824 396 9704
8 1300 9100
4292 -1964 16364
7276 -7024 24600
1840 -856 9496
-6892 -12060 32767
11172 -4660 8572
-1144 3324 16180
564 -244 23668
1848 1932 4424
12844 -9024 7628
21160 -4240 9040
-24352 -12180 26088
15164 6472 32767
-2516 -3748 7812
13932 -996 9252
-4352 -4860 4700
11004 -2996 13600
-7348 -6328 14328
-60 -904 21996
10424 -6748 32767
-9724 -3556 13280
18220 3956 20860
-2668 3240 23912
13144 -4092 12456
4368 -872 7760
11188 -3920 -740
-15296 -24876 32767
7096 8936 1588
7056 -4092 4984
8356 -8488 6936
-12664 -3428 31208
-6012 -11716 32767
13872 632 8248
8464 6636 3760
12344 8428 12180
4124 -1008 4708
4384 -6800 20924
7832 -12948 24824
-4028 5220 11180
1948 -1732 9876
5892 8360 19388
-3924 1892 10192
12680 -7308 16512
2108 920 22844
-4456 6048 15560
15788 -4572 2288
-6372 -1004 20892
1308 -11300 26488
4168 -4436 20044
9348 -6316 10604
336 4956 3284
2840 512 18864
3232 -7784 32767
-3180 1884 40
6300 -2356 6548
24736 -7512 8272
-5296 1120 11184
-5264 -15496 32767
-2800 -9888 19784
10452 4152 -2384
1356 14796 5568
-11592 -14056 32767
16012 1380 12136
5092 8048 -4232
456 5988 6128
3968 3580 18484
176 -8148 31276
10344 -1548 228
12772 4032 -300
756 3564 32767
-5956 -13824 28944
8996 -4172 13488
8304 2340 6252
12812 7304 3476
1744 1244 12884
-2664 -4864 30820
724 -9320 22316
2764 -6596 16532
6932 4380 13532
-324 -1108 10712
7528 -4188 32767
2100 -52 6712
13628 -4756 31116
9316 220 5912
-11456 5916 6212
5116 -5704 19400
9320 -5408 9820
13500 1904 -4344
-9692 96 13492
3052 -4256 21496
-1108 -9280 32767
-188 -800 15716
-5424 -2380 14928
13728 -276 12804
-1416 3004 1364
19124 4648 7052
-5176 6908 18184
-3520 -12824 25300
15400 300 16536
1816 4292 9740
-3776 2980 10044
3792 -6460 31152
5456 -2160 15996
-3184 3552 15000
9552 -1808 14696
4876 888 24444
-436 1672 24464
-1768 -428 13116
10228 -5888 29580
9032 -2772 16040
-9896 -7160 6712
7152 -4112 9572
10744 384 9704
6336 1212 21552
-3508 1496 17144
13184 1256 16012
-3648 -156 10816
16068 -10556 14304
7696 -2084 11876
5400 -2680 14848
10876 -2404 25624
3000 -6484 18724
10500 1600 12296
-3256 -5840 20300
-4380 -8232 25540
-108 -8776 26368
676 -280 11596
3580 -2272 10664
2208 -6336 24204
3208 -148 7624
3172 -660 12352
1300 -2164 22020
2872 1752 17176
4744 -808 18164
3544 -3784 20092
4748 -2224 15764
5784 -1620 20844
9608 2960 5076
-2652 4376 16412
9072 5908 13520
3956 -1212 6732
12248 4748 18356
-64 2412 12296
1864 -4128 14972
11108 3000 9176
-3372 -2944 4940
-4256 140 26588
-1508 -6432 29552
7844 -4416 9904
7368 8840 5392
-12084 -2196 18632
7472 -13168 32767
4132 3412 -368
304 -6720 7112
11108 8932 21464
-280 -5712 18336
13588 -6668 20256
-2076 -1968 14900
2576 13460 18840
3564 -9392 12612
2108 -20 9312
2520 -1780 29700
-4080 204 14976
8324 -9028 11136
2060 -2368 11068
3608 -7264 21708
2844 -684 20432
3516 1324 7208
8780 -6292 15276
7168 3688 16616
344 -6712 18232
12864 -4812 4960
8888 2744 15164
-12624 -5372 29368
15324 -16600 16132
16220 4544 1356
1240 10840 -1452
-5560 -10448 32767
128 -14776 32767
4376 1260 -5828
14256 8628 -5264
-2644 6776 16056
-22308 -7856 27520
19288 -19260 23284
-3772 -5904 -3144
9900 15100 -3316
-1676 5588 13164
-7004 -3692 15736
10064 -7224 15448
-2600 -4576 15388
4164 -288 28408
2872 -5312 17004
11720 3880 6448
3716 5528 7772
-3592 -11744 32767
1832 -5164 19128
7260 -4160 8132
15352 6560 4404
-3284 6780 10288
2940 -12524 32767
1072 -9164 12588
9916 4316 -924
16836 15744 -2988
-1528 7180 18060
488 -17304 32767
5784 -10744 -3120
8416 -2328 -4348
6116 8260 8552
-19716 -1940 32767
14844 -20704 24516
-684 -3572 3956
10536 13456 7996
-9036 -5672 28444
5288 -9220 19380
10032 -4036 7240
-12352 476 15724
6824 -4216 19708
5728 3360 11336
6320 6080 6256
7236 -4264 22752
-12592 -10684 22112
11544 -400 14628
-2656 -1816 20360
6812 8268 12224
-4348 2648 9356
3872 -2604 3932
5728 -2724 5756
3928 -4540 17448
4964 2940 6036
12236 8844 10624
-4032 -3976 32767
5248 -6664 9188
9220 -10036 22268
-364 -604 6272
-3044 -2544 17412
8972 -6344 22360
-3484 -5588 24328
-1696 -5796 31728
6084 -216 8400
-3884 1560 16952
5904 6964 7368
-516 -2520 15348
5152 -4712 11304
2268 -560 9284
8012 -4552 14800
-2772 8376 8404
5284 1612 2576
3524 -3676 32767
24 6100 16716
1700 -6576 10452
11308 -3268 16140
-4848 -880 11924
17272 -5164 25956
3188 -356 19188
1248 -1176 28220
9756 -3060 14164
18532 2432 3808
-5608 3248 20796
-2460 -1704 24596
6980 -3792 19456
5372 -3380 572
10360 -944 -4464
-4264 7116 1452
-18164 -9964 32767
5656 200 28820
-6176 -14036 16924
17456 -2244 6780
2420 6364 3724
9052 284 12184
11376 -740 20556
-4016 -5440 24692
9508 -4996 16860
404 -2820 15248
9548 1260 11556
6468 -3000 4680
6564 10064 28684
4584 -7080 32767
-17312 -6384 15408
15628 -7280 17520
-2608 232 10256
-144 -2628 20268
-600 -3436 13268
-2772 -3420 13924
18140 -4492 5552
-8740 -2340 14700
556 -1504 17632
15964 -7884 18832
-2328 6184 -2064
14884 4048 10332
-19476 -6440 32767
12316 -14900 28292
-4676 -5080 13972
12232 7880 13348
8564 -9044 20852
12464 3868 -2848
4548 -2172 9988
-3616 -3732 32767
-2476 -12864 14488
-2024 -3644 9412
21592 5692 5900
4836 4948 28728
-16420 5244 -9848
24296 -4144 32767
-18984 -5924 11172
7944 -5792 23584
5512 3436 17400
-812 7704 15456
13808 -964 18996
-5924 -984 10780
7496 -6652 22504
6576 -3360 8684
6600 3448 20360
-2168 -248 22180
3688 -828 32644
-8628 1836 7040
17900 -604 29984
-8776 5696 6848
15072 3132 15916
13860 9496 8048
-15320 6872 -1856
1576 -9936 20136
6240 2784 13088
-3456 1112 432
11212 7020 -13924
-12196 -2424 9184
4380 -10136 19484
8172 -9748 25252
-2308 2608 3460
17536 9880 12020
5996 8656 -1404
5828 -7484 15180
-1568 848 23612
2832 -11516 17964
5220 -8024 20668
1508 12656 152
-10140 -960 27836
-2196 -4232 32767
3380 -13988 7268
1568 -3000 10264
10132 -4936 9680
10220 3936 8932
-5548 372 5272
5768 -2320 12408
-9612 -11816 32767
8320 -464 16788
16748 -1388 10328
6172 9008 1676
-21816 -3832 20656
16820 -2624 26248
-708 -7372 10508
2828 -212 20336
16332 13168 -7316
-8400 -740 -4340
-472 -25940 32767
-1936 6900 13720
22032 3356 -11300
3864 -1724 31880
12568 -12168 26804
1524 1616 5364
-124 428 3468
4204 2856 18304
-8892 -6624 32767
-816 -9372 30652
4576 -2040 14512
15676 4600 14916
-436 -3432 3108
11020 -5912 11220
-5708 -4452 6236
4292 -1320 2192
-2276 -72 12816
8768 -4644 8672
8632 -6316 17988
2672 704 7192
-4880 1840 8324
9192 2928 19176
7680 -832 4500
9584 712 12380
368 3900 21540
740 -7224 19800
4280 -3132 26904
-3696 2088 12652
17808 2700 8900
-200 3868 5176
-6244 -1520 23516
-4260 -5036 27732
-3276 -3656 16860
56 -3568 14368
10328 4700 6168
-2968 -1672 17796
5024 -13548 30532
776 -7140 19356
4660 6360 1444
6008 -1428 14380
17952 124 2776
-15524 -3504 28300
7408 -7320 20668
23772 1820 -7752
2248 8592 2688
-2208 -11940 32767
8384 -13900 21368
44 -2900 956
10840 5396 14388
-6072 -3068 28144
4936 -9296 20872
4780 -5228 3888
4044 5296 6184
-6908 1292 11460
5848 -5348 23836
-2528 -6392 15660
2724 2548 15748
8372 1208 19240
8392 -2864 9440
9248 -7580 9568
-7020 -10972 21904
3224 4032 24112
8380 5144 20036
10100 11124 5088
6828 -1576 7020
6944 -500 13524
-19448 -8688 32767
12704 -1016 19216
-1596 -3812 11116
4632 -3032 20460
10688 10040 13780
5856 7484 -944
-10792 4964 19088
12276 -18080 20768
-6304 -3372 30732
4988 -2320 -1672
8632 5860 4448
4084 3476 15996
2832 -2284 16740
5580 -6192 19636
-88 -2552 18332
-5228 -1380 20548
17988 -4256 22088
7992 1748 -9300
8140 4248 348
-568 -9300 32767
5140 -7464 12880
20300 -1336 5904
-24400 -9712 24864
16520 -13708 32767
-2996 6640 -1612
9076 7356 3596
2644 -9776 16396
-4004 -6564 21604
5208 1060 20632
-1840 -5956 16792
20872 -204 2496
1364 10908 -1608
-15280 -2348 32767
14616 -22736 32767
7032 4956 -6356
3680 6588 13368
6112 6108 16224
-8956 -7444 17264
23688 -2280 27524
-11084 2508 2976
19564 4520 15200
-1252 7276 7984
2664 -16172 24400
9072 6104 17484
-22152 -5328 20980
7856 -7716 32767
304 -64 9812
1684 -4124 14948
7372 -196 10976
1264 3192 10108
2880 -620 19344
-9904 -11660 26708
14216 -7256 27128
19124 -1164 5436
-3480 10748 -4180
2900 3892 32767
-432 796 2696
2568 -6508 18744
-1872 -1616 14208
-1876 -2356 32767
3584 3400 5188
-12940 -1876 24028
6364 -10816 16800
10888 4256 1604
5500 5812 2544
2484 5296 -2456
-12332 -11660 32767
8484 -22620 4896
7012 -1352 -4240
5544 13608 32767
13140 6032 9200
3784 -7440 32767
4804 -9544 25696
16176 -7760 -4920
3292 -3788 20616
5080 8392 -504
5980 -2880 9396
5056 2296 16024
-5080 -11320 24152
7980 1680 8328
-2788 32 4932
208 -864 14948
7060 312 32767
-700 532 13952
5152 -4604 7740
9932 540 7104
15640 -4120 10036
-8112 1472 13792
17908 -6240 21480
7092 -4804 12264
904 -676 12
-11012 1604 5560
3596 -7732 31316
-1120 9064 -4404
10660 3896 17504
-11632 -10820 30316
-1528 -1036 9536
6980 -2552 17768
-1444 2848 -1152
16560 6656 4512
5100 1744 -4144
-17304 10284 1700
14700 1060 26828
21856 -28 -4368
5304 15384 -8836
-29272 7344 32767
13068 -12420 18700
6152 -7284 5228
8992 7560 26096
1692 -552 16528
-4960 -16068 30520
9364 -8016 11392
6204 2276 -3740
-5692 8592 6596
3424 -10060 25068
-6696 -6364 24844
-2680 -5956 17012
4408 1940 32767
-4196 -3164 13504
27192 -2216 -1156
21556 2428 -4856
-17576 8500 -11296
-2880 -11992 32767
6892 6960 -21824
452 12520 -15972
19136 -460 32767
-14896 -652 11188
2192 -10188 29676
-4352 -4308 10192
5236 -52 17444
2336 3220 16684
976 -4476 15364
6868 -3036 16860
9080 -716 11760
2432 -3040 12212
9564 -7056 20940
4760 -7092 16808
8068 -5420 12420
-10720 2080 13432
-7244 -3896 21760
13200 6532 12584
7296 1500 10956
10720 2492 13588
-2808 -10352 7344
3564 -9448 31608
-4840 -4520 13524
1816 -5772 20088
6440 2012 16940
3028 5040 6924
-3740 1820 32767
5400 -9820 20264
-7852 -5440 27580
22192 2828 4796
9432 8292 -15200
1040 7628 352
-5828 -10820 32767
-16680 -16344 32767
14712 -9572 20964
-6348 1004 6396
8756 3340 18856
5620 1536 24492
3584 -2140 10328
4252 -1336 19288
6076 920 10404
4348 -1172 15440
11140 -2764 13340
12364 4164 2248
-7588 3824 15540
-6456 -4420 31640
9608 -6936 11080
-2160 136 5400
-25848 -4056 32767
5640 -21548 21144
14004 2520 9920
5376 14332 2000
1712 3724 11468
9616 620 18816
17952 -1244 15988
18540 -4064 7312
-8728 -2472 17188
1260 -2116 24992
7280 -588 7508
1604 2880 8672
8792 844 30980
-4112 -7236 21280
7792 -4372 18160
-4660 -4892 17040
5936 -2536 22108
592 -1028 16780
2816 -3072 11772
9068 -3120 14364
2428 -1808 22808
8288 -16 16892
8164 -1076 22764
4588 2192 6908
284 1480 17124
16552 -1848 11724
-4828 3004 8372
5184 -5300 26916
-10912 -4776 32767
4808 -192 8004
10676 -3236 16168
1632 10904 -3700
-8384 3080 1280
2284 -10764 25336
9076 3844 6812
5728 6328 8304
4108 4060 17952
-5428 -2716 28148
-96 -4940 12672
8064 -5372 15864
7944 2388 8112
-32768 -16292 32767
18272 1588 18256
3776 -372 6632
9624 5756 16068
3416 -6468 3868
-1968 -13784 10108
15288 -3612 15132
2888 1740 -2408
20 3856 -16684
-12820 -21448 32767
9360 3932 -28456
1332 13940 -10664
11624 -1732 27164
3920 -2192 11936
6836 -10904 32767
-3840 3112 964
7264 -2752 14996
13476 6960 11684
-11516 -1764 1088
-684 -12256 32767
1880 68 17424
4540 52 15528
8124 4944 15516
-12136 348 14708
11660 -11232 15540
5708 -2904 17404
-9724 1240 11148
-200 -8380 32767
5052 -1784 14168
9948 -760 14972
-968 -7204 15784
11344 -7856 8348
15280 6800 452
-10388 4376 14628
-5248 -3816 32767
7380 -20976 13616
-1404 5104 17328
2712 12292 16748
10904 7764 16940
11652 11288 6236
6088 7828 -1000
-8444 512 1504
-16256 -5336 32767
11580 -31304 32767
10044 -2944 -8204
-552 18528 2724
-6636 -1528 32767
5732 -2712 20400
10136 -2460 7388
-4076 -3316 15768
728 -6708 32767
5240 -2816 6132
-2652 2416 23804
504 -2548 13444
3424 -9408 16392
21024 -2088 14792
2800 3140 -920
13268 4592 264
2340 11336 4616
-21920 -15728 32767
20100 -11844 12564
-5584 8748 -9532
-14696 21992 9028
2156 -12736 14636
14100 -2008 15776
20016 12548 9924
5220 -6332 -6184
28044 564 26916
3188 -24 13252
-30192 -14960 32767
23072 1616 22152
10620 17224 -10236
-17684 1964 32767
-7044 -11756 32767
5272 8512 -220
5484 -10556 836
-8876 -18044 31708
136 -12052 32767
10020 9628 -6916
22860 9232 4856
5300 2472 988
-30504 -5456 9320
10836 -8840 32767
13548 -7716 -1752
512 7344 3580
8420 -820 8960
24212 -4404 31300
-16452 -5832 28968
17636 4300 5904
11664 -3028 1856
-204 4248 -160
-18844 -9976 32767
8024 -4536 21604
7512 3804 -1288
-5900 4684 9772
-6024 -8784 32767
11084 4324 5032
-352 -752 7408
15512 -10644 32767
-768 4696 10956
11532 -12716 32767
-4776 -2000 15244
7408 248 11380
9944 12520 17772
-10228 -1540 10860
6296 -4528 32767
6872 -1208 7532
932 -3564 9976
2888 -11012 32767
-524 1752 12824
-3452 -1704 16860
15116 6972 3212
5956 3164 188
-1180 -5524 15396
-1960 -15260 13940
20344 8036 -64
7260 3696 15308
-4160 4744 10496
8180 5484 17596
8032 -9344 11076
4932 -14684 26500
6888 5244 9544
18168 7012 1444
-11832 2488 16508
3052 -9752 29016
3372 -2184 7664
-3508 -2244 3584
-1096 -6476 28640
-8528 -5152 32767
6780 -4768 440
17780 -3996 -560
11420 14416 532
-6664 2000 -1156
-15196 -11876 32767
3956 -7176 3148
6228 -6768 -7632
9396 296 30968
-19772 -5312 26612
20152 3964 27812
4288 1152 -4736
-840 -2656 11896
16600 -308 17816
-4940 -9372 11520
2452 -2980 18060
-2876 -13740 32596
2424 -2404 6776
11784 8892 3084
-2428 -4356 15576
2684 2664 5416
8212 -5996 4800
-8880 -20136 26452
7632 -2196 9396
19564 -2492 1848
-14164 2336 7304
2828 -13876 26200
15904 -3916 10748
-2228 4708 -2884
12776 -2664 11744
-1924 -5828 30500
5872 -5080 12136
4088 1184 11168
308 1988 16752
8288 3536 17556
3616 1800 12432
1912 -1964 5428
560 -936 26584
10276 -2748 22320
-5904 -2560 9152
6564 -1684 10764
5092 -2108 14696
1204 -3768 17780
5776 -356 11520
15860 -2448 17004
-13992 -4920 7932
6712 -3992 6892
12816 3664 18592
-3868 5112 6100
15548 372 2648
3136 -8784 32767
4804 -10996 22256
4924 576 10656
-4544 1632 18028
13928 -9932 22880
-164 5704 -1640
7696 3420 1928
4036 -13652 32767
3776 1300 4276
11552 -2120 -1584
-10484 2248 14480
3328 -14816 27680
5016 -6852 7892
696 10308 13528
-3560 -8976 32767
28 -3140 21036
16220 4340 -504
15968 7888 -7560
3928 8852 -3252
-1592 -5304 6080
-10580 -8964 32767
12848 -14812 -6244
-9500 2852 7944
10584 -22248 32767
4696 14156 -7736
3176 -4516 7736
-9648 -8948 32052
10316 -2052 17752
5480 -5984 14020
5968 -2472 8256
-1552 -4656 8340
7540 -10876 21812
12068 3916 6972
11548 568 8124
4424 980 11132
-3908 -3676 29560
4280 -16656 31924
-388 -6608 14960
7800 7420 6472
10020 -2344 8844
-5168 3224 7092
-6176 -9756 32767
4448 -756 10056
12384 -3556 11776
-288 4388 12232
-6164 -6076 17872
10484 -12912 32536
3920 4392 -3292
184 3624 6448
16508 3580 14268
-2296 -2620 15552
5748 -12208 22184
14444 -5712 8740
-4716 -3128 5252
7264 5332 10168
-9792 2256 21612
452 -12708 26572
9224 -2976 7652
8496 496 4204
-1056 7744 17368
2816 -904 7680
14384 888 18472
-5344 -5444 10032
11056 -12152 22376
-15072 -5324 32767
12560 1136 16784
11160 5176 10720
15968 6884 8868
-3356 5924 -6536
-4848 -1624 13048
2960 -13684 32767
9144 -10696 1648
760 -7432 -4676
3416 4756 32512
-4948 4500 18652
8348 -6500 17496
6392 -9504 16508
5408 -2704 9188
5232 -5036 21268
-4256 3048 13920
3168 -4876 23880
-1268 1008 18084
8932 -3988 15888
2068 -5944 13404
5620 -696 26204
-360 -4440 11496
1368 -380 17508
7192 2980 3472
1984 3352 1272
12620 2592 4968
-12300 -6156 26692
6536 -17648 32767
1356 -964 -3476
-8804 4100 17076
14904 -316 18540
-4256 -4624 17200
26628 1936 5564
-3044 656 12080
2024 -8600 32172
9856 -11680 21956
2268 -8416 12904
16520 8168 4892
-308 10544 -3204
3464 1324 18108
-7624 -12956 32767
8052 -6448 8996
-5296 -1616 5652
3496 -15240 32767
-5252 6304 11268
10984 7340 6580
6448 10412 -9144
10972 860 -588
-12100 -12676 29224
16304 -19564 19100
4820 1260 14064
2336 -2200 32767
-504 280 5440
-32 -456 15520
15116 1544 21172
3160 -2828 12840
5624 4528 3956
5428 -1244 17376
-16596 -4048 20440
19896 -7604 24352
364 -5520 3924
4844 -7748 32767
6980 780 236
1960 2444 13812
10476 2756 11804
8500 1412 7424
-1296 216 31960
-488 -3776 21104
4048 -7416 13280
14408 -140 9164
-5384 824 12408
4072 4036 14892
5052 2420 27296
-636 -4052 14884
5812 -400 12856
7440 -3736 16440
-2904 -2444 15128
3288 -2648 20432
3728 -7724 21048
-1976 -688 19796
6092 1252 14712
-2836 -4024 16976
4352 -4716 9268
8420 -5224 7500
2476 -1476 13944
-1292 -4804 19200
11056 -5652 21396
9988 -1312 15440
464 4068 15176
7424 -3536 12480
7720 -1312 13088
5344 -6140 21000
6496 -7284 16820
4620 2248 16008
-2420 -584 15140
2816 -1008 19080
-1864 -1856 19684
10284 -5532 16712
-1188 -1364 7344
6056 664 15688
-4792 -4112 23444
6332 -2608 11800
436 2484 13896
4928 4444 10748
2440 -3964 12596
7644 -6032 23340
6252 -2096 3828
3904 -1096 11700
2172 -2600 29680
184 68 19512
2360 -5120 16356
4452 -1804 28764
5732 3064 7488
9476 3592 4588
796 4032 10204
-14696 -13360 32767
6672 -9936 11000
18364 -928 2192
44 12684 -10308
-9684 -7236 32767
7260 -6844 12832
5988 -5704 6020
228 1796 15276
4832 -1212 9544
17144 -296 6216
2652 -2376 -4256
-5988 -5496 9256
2700 -7316 21336
12932 -4208 7620
-8288 6312 15108
2104 -12860 27456
20108 4152 -6172
11512 -56 716
-2600 -15580 21184
-5140 -7368 22720
13516 -13124 30508
8364 5916 480
8244 3680 7416
7500 -2900 16712
2796 2432 13788
6180 -17692 21128
-6332 -6108 19180
2228 -10348 25064
9788 836 6932
3044 7644 5340
7896 6200 9364
-3772 2248 19412
1076 -9756 32767
-2700 -384 3344
17620 1384 10676
19248 -2936 -1460
4220 8148 8816
-20332 -10168 32767
12448 -9564 13376
-2604 1296 17216
-1360 -18792 32767
11260 -3836 5380
10524 2248 28780
-1056 7960 8964
104 -12736 32767
1392 -4848 14948
11164 -1176 9376
8976 4220 8644
2012 3964 18440
2240 -11568 32767
4808 -2292 6752
13340 980 8900
3912 -2416 22788
-2656 -3688 19112
10992 -6188 16536
348 544 16868
-10756 -1392 16844
-2120 -5812 24940
3856 -524 17764
9044 816 13592
-3304 -4440 8176
17180 60 4560
10548 5184 32767
-4500 -2736 7740
8360 -7164 27200
-468 -2408 11492
4836 -792 14236
15748 11152 7240
-6008 1636 12020
5188 -10952 29152
-3404 -4832 18100
3512 -8964 26072
1432 1348 14028
2620 1464 14316
13104 -2236 15408
5796 -2496 -3704
6360 -3372 2972
-6164 -8140 19724
5644 -13348 29520
5056 5328 13056
1260 384 5156
-5732 -4700 17664
10516 -15204 19604
2424 1428 11916
7480 -9564 32767
6196 3408 12660
12008 1968 10260
11688 -2704 7804
-264 -2072 9748
2740 -8932 22920
3576 -12380 21808
-2836 -7536 13656
-3312 -5644 31948
2972 6568 10960
10732 3280 3980
20304 11924 -1328
-12696 308 -11680
-12744 -12152 280
4336 -27760 22832
16852 3324 -7160
-5228 10104 9800
5652 -1120 32472
4580 -5444 16628
11552 -4828 6428
13272 2220 12432
-5416 -2392 20136
4848 -4656 14284
3088 -580 10056
-4772 -14312 32767
-1260 4156 10580
7472 5148 11944
6888 160 14728
-11696 -5416 18416
8108 -13016 22732
-15592 -9848 32767
-4144 2504 -536
7364 1996 17132
1372 4336 21252
20244 4816 -2872
-4508 -7416 3848
12276 -2908 15364
1324 -13168 26072
6600 -11356 21284
5044 -952 17600
-5580 2508 15496
6184 -1020 32767
4964 8832 10180
9984 -232 600
16192 8172 7640
10748 3192 5988
-20304 -16128 26032
15292 -19592 30960
-256 -1664 4776
-22496 3440 32044
14264 -6484 16152
7476 4576 -1440
6192 8824 -1652
-5148 -4508 32116
9864 -9664 27388
-3716 -1324 17100
7876 -3460 23124
18988 3032 8572
2144 4976 7168
-7420 -7940 15476
9496 -12508 26660
5212 -3756 11692
-11000 4056 26384
748 -15692 32767
2640 6584 -9180
12464 -96 -1976
19904 4424 12172
-7360 1784 6316
780 -15700 32767
8192 -10272 26620
-9648 -1860 16556
15412 5664 10416
2560 980 11472
8632 1100 7920
7204 -5980 22404
8284 -15148 25288
-9640 -8296 19184
23588 7424 7960
9152 488 11812
-7072 2692 20860
252 -13892 25516
8956 -4944 4776
14152 1172 7032
-6648 -5876 2200
9392 2148 13892
1800 -8972 23892
2684 -4312 26908
324 3656 8932
-32 2672 11964
8176 -10020 23976
5232 -1816 17368
5080 -3220 17544
7868 1488 11876
-2252 -1284 19812
140 -2616 20340
5968 344 14516
4652 3516 9116
5416 1260 9096
-1112 -5476 23816
1108 -6708 20928
11444 -2964 7264
1848 1564 5940
-204 -2692 26356
4808 -4784 19984
5936 -2676 17452
2168 -148 23460
11968 -1924 12876
-2692 -1400 25824
4988 -612 14540
5172 -3216 18816
7788 -4824 21320
2008 3384 3476
10564 -1088 8904
-5692 -3376 20756
-3764 -12400 32767
6284 -8060 17112
-2892 -1424 7204
19776 -1712 25868
-4996 4900 8532
6156 -8608 32767
4068 -7216 7204
2428 -7936 9768
72 -8376 31088
7552 6876 4708
-8724 2940 10192
18504 -11652 19560
-1320 8256 4832
12976 4296 6716
6004 4648 2720
-10820 368 22308
4932 -11588 30340
2612 -8316 10256
-2768 -6120 9872
10964 12292 8128
-11372 2620 24096
-1984 -9308 32184
-2292 -8524 19032
568 532 7296
8556 -1744 11848
3164 5152 10920
8412 -1512 13888
-5100 -9060 32156
10604 -3176 2108
11388 -2124 9660
1188 5992 8728
-8172 -7476 26224
8936 -3792 32767
944 -12 10372
-8208 -1268 328
12116 12688 4120
6708 11060 1696
324 -744 22996
6060 -20780 32767
4848 -7696 6608
12076 -3972 31168
-8924 2100 25652
8092 -7732 18132
5092 -1360 5924
9840 10536 6152
-12420 8628 17608
4632 -20424 32767
4048 -15920 5324
9364 5680 16092
12236 5128 7140
-4312 12512 6536
16364 -8372 32767
1120 576 1120
1920 -6124 1556
2176 -5352 1272
-8048 5160 32767
8264 -13116 9160
4064 4816 -4764
6284 10128 23320
4760 2732 10852
10756 -1988 8124
17112 -10920 20480
1992 484 12556
16380 632 480
14928 3180 -2180
-19540 -3412 11180
328 -9824 23384
7120 -5472 21056
5868 10844 9648
-3296 4908 5644
-5532 -8380 32767
-12316 1004 6076
1804 -16972 32767
-2280 -10064 8300
-7404 -40 14924
13588 256 14812
10716 11072 -2236
27816 8480 5556
11636 1256 -2192
-18108 -6064 32767
19672 -20576 23224
10424 4376 -888
16620 8900 -5384
-3692 12256 8
7588 6184 10312
-18152 -28700 32767
4004 3452 14440
18208 -8720 14024
6172 6588 -5004
3104 12088 4588
7164 -2096 6908
-32768 -28704 32767
22448 -18964 -11236
-1140 -16124 17440
22268 13760 11716
-9768 3952 -888
4376 2176 -22812
7356 -468 -1516
-11164 -7268 25440
9216 -24952 32767
2412 10936 -12868
19880 -1612 8776
3288 19276 -5056
-13232 660 24520
13724 -32488 32767
-6776 80 204
12816 -3764 11648
2960 1080 11492
-24412 -332 29296
16948 -752 15944
7456 -9068 10876
10288 1732 3460
6720 952 832
-12268 -6160 13772
6540 -14576 29020
12316 -7524 24048
12168 -5472 10948
-17612 -11520 27704
15532 -6144 7864
12772 6804 5136
16208 11556 3016
2368 8068 7336
-20560 -11076 32767
9856 -20580 27088
1936 -4712 -3168
17284 8324 16884
-7676 5780 19400
7528 -8140 25344
8584 -6984 17764
-1212 -6264 10764
12984 3440 12312
-17508 -7776 28992
11008 -12888 13804
5564 4664 5216
8708 11628 12664
-3640 -4232 19804
23212 -136 5984
2072 -6808 -1468
428 -3260 18572
-1336 -756 32767
436 -9456 12728
-3740 584 7980
11700 3272 11308
7660 -9600 26132
-10140 -12148 31556
15776 3272 8792
-1348 6476 6468
760 3084 21676
7480 -3992 13812
3328 -6744 12116
14128 -2536 9108
-8900 -5764 16856
8924 -4888 19104
-1476 -484 11140
1472 1664 128
-4120 -196 16484
1012 -27656 32767
15420 1004 -3568
6756 16904 11996
1952 4100 -4620
14692 7016 14064
6300 -17972 32767
-6000 -18908 17532
-648 -11812 10512
23396 7144 4852
6892 10024 7728
-1176 -5340 18412
14484 -22024 16576
-9364 -10996 17932
4448 -18620 25868
4084 9396 6408
-936 -1476 28056
11028 -9032 11716
-2668 -6212 12668
10168 -5300 11324
18872 -2948 -796
5188 2412 5532
-30428 -23076 32767
11700 736 -3460
6148 3440 -5752
18300 9612 -7040
-13504 -5012 32767
11580 -18296 13836
18176 -5000 -4228
-6136 -1512 32767
-7676 -9324 25172
16100 -3628 356
5816 -3584 3268
-2200 2156 20608
-11904 -20760 32767
7068 11320 -2636
7088 -5328 20564
19556 6320 -3112
-3956 11492 7232
-9912 -23940 32767
8892 -14596 14656
-4948 4492 21956
-8828 -11324 32767
12476 -6888 16944
3272 -1328 6780
7940 2600 9416
6128 -6120 32767
-7792 8876 -232
3564 6664 6360
18120 -6012 14708
-6024 -3780 10860
700 -11392 17836
10848 860 14616
-12912 -7640 21160
23544 -6008 20880
9296 4676 -808
3216 9288 13932
-96 -5796 28876
8280 -5640 9276
8488 500 3496
788 -1200 11336
-380 -5268 29256
7764 -12100 32164
7012 -5712 2140
-17064 -156 24740
748 -14972 32767
-11056 6112 6304
18348 -204 8884
3524 3088 -1928
12104 -1920 -848
-48 -296 6048
-19668 -14256 24444
10384 -17796 32767
28148 -3720 -9404
18788 5244 -9160
652 -308 5976
-4600 -6256 28992
7588 -4972 19308
11720 -5776 15568
-376 -15408 32767
-11560 -5880 9320
6324 5180 20024
-4108 -2572 32767
6436 -4652 16800
-1692 -5544 13680
556 4452 10672
14828 -4248 10236
-6260 -2260 13848
-6160 -7556 32767
6496 -4256 20552
7704 -2052 11684
6336 4308 22416
-3716 7308 16280
4840 4428 11412
23380 1920 14740
-1696 -732 6048
13996 1216 7856
-2724 -13656 28692
14768 -10176 14668
1244 -3828 4712
-5844 -988 9312
9748 -11812 32767
3248 -10628 18720
4736 4568 -2504
6680 7936 -748
-24 -5704 32440
1848 -11444 32767
9796 2592 9692
13124 -24 -5664
10472 -3440 25952
15864 -3172 7436
-5284 -8968 31392
19404 -10492 8596
5164 6212 -10852
-16352 -12140 30304
3784 3856 32767
6208 -10548 7248
22028 -14680 22196
6252 1452 -3316
-4080 -2516 25940
1040 5548 17892
5156 3812 11396
-44 -1620 5764
-23320 -4792 2556
30724 -4812 17020
-1464 7408 -9980
-8 948 32767
-1924 -11316 32767
-14796 364 3524
26880 2396 -2424
8672 -4368 2320
-9764 312 -5344
-5300 -1852 6352
-19732 -12760 22624
32767 5220 3144
-2440 4984 -3840
-10224 1028 24488
12768 -12692 31240
-7584 292 4268
23460 -13984 13204
12188 17500 -2924
4452 -1540 9368
11940 420 20544
-14896 -6564 32767
10256 -4048 25064
12912 3256 2012
7192 492 -7612
-23216 -8876 32767
24044 -19564 32767
-13484 7072 -11960
6764 2628 14836
12392 -9596 19200
-1256 -12776 18800
10732 -9940 15408
5524 -10564 20620
-4196 3684 7912
24528 -3952 12236
6832 6352 -692
15664 -956 2436
-8084 -14516 23388
-14544 -15772 32767
17320 -3776 7812
2732 -2332 6256
13928 252 23200
-18164 -5212 20460
17620 2208 1276
23672 144 -188
-15348 -4864 6716
2780 -9540 32767
2872 -17344 30516
1036 -2952 5880
11048 -104 8376
-736 728 22412
-1952 5396 23840
9772 -460 15816
7100 -2892 7072
2740 -9512 12388
-2220 -7964 24600
5200 -680 15880
3456 -836 18936
-216 -3160 2540
16864 300 7524
-308 -4524 9588
3508 -2092 8536
11672 -3196 11204
-5644 2504 12812
1532 -11056 31188
5624 -4092 1948
5100 7892 -2904
-8744 3536 30316
-956 -9772 32767
9440 -8984 3036
1092 -2260 7172
888 -9212 32767
-2048 -3784 25276
3944 504 1784
11560 5716 3816
6824 6056 9300
-5564 1312 19996
1360 -18056 28704
8452 -3944 10416
8052 -4348 13432
1356 -3028 6404
11800 4568 11200
-1384 -1556 14276
11776 -1936 13952
-548 -6804 16316
6632 -516 6468
10040 1888 8296
-12564 -10444 32767
8736 -1372 16964
12676 -1468 11992
492 -9100 15288
-2012 -256 5076
1012 -8828 32767
3916 3716 15040
5112 -8464 32767
-544 -4988 4220
3036 544 7512
10000 4996 9328
6388 2008 15616
-8272 -16240 32767
7972 -168 6308
22636 9568 1364
-3896 5328 18764
-1512 -14108 24408
6196 -1676 676
5208 -8348 14872
9724 -7896 16864
2644 7100 10176
-7524 -4908 20240
9928 -17980 21684
3476 152 5456
-876 -4372 10228
8772 -5724 13268
3824 1932 11120
3856 -7116 26280
2144 -1028 19120
1860 -6380 19228
5660 -6368 13964
1476 -3828 14392
9064 5640 4800
3732 7696 11888
13480 -13056 24348
-12112 -4020 14444
15732 -5924 19844
-4952 2356 7416
-1008 -992 18160
2860 -3664 19400
5956 -2108 16780
-5700 -3148 20176
15420 -1616 22116
-18812 -10112 32767
24424 -6240 9408
17808 15356 -6780
-2036 9716 -2360
-17232 -9668 32767
16028 -32768 32767
15020 3396 -21184
-4508 2592 11540
696 -17956 24204
9884 2956 6492
18276 5872 -1892
-4676 4572 2084
-1112 -9680 32767
-8420 -25008 32767
-1016 1184 12024
23308 -12168 12180
4800 10020 -9912
-9640 636 31088
5692 -19628 32767
10892 -812 884
10416 -8348 10520
-28620 -5464 32767
12000 -5748 22852
8848 -14848 10112
-5460 6500 4564
8324 2480 13492
10348 3408 14964
-5012 -3624 13116
12492 -10884 17156
940 -6552 10192
8900 -12884 27104
-9584 -4384 11660
6316 -4520 22392
12536 940 14220
-3752 2052 14364
6048 -7836 20832
11980 -4688 12844
-1116 -8436 22776
11028 -8124 15236
788 1976 16440
-584 -7156 25580
4304 -6320 16088
1160 -2528 7608
8576 3340 7028
-2976 60 12168
936 -4992 26364
1908 -6588 17844
2932 -5244 16716
8048 -1520 9140
6712 5184 9060
5716 3348 9080
1868 -3052 15704
-1920 -12388 32767
5620 828 6040
1176 628 6224
7788 7824 14068
-4296 -4152 16616
2296 -10232 26876
1244 -3896 15776
8672 4248 10276
8388 2628 24512
2740 2016 16044
-2508 -2948 11368
7828 -5436 18184
576 -2244 10152
7608 -3464 20044
208 -2300 11896
6540 -2080 14812
3228 -2488 14048
5984 -2284 15540
2624 -4024 18248
2064 -3028 14344
8464 -5056 16572
3624 -7584 15864
8028 -408 11344
1728 -5708 13624
10428 -3372 15912
12516 -288 17832
-4368 -1492 9212
6924 1660 20320
-1960 -252 13240
-768 -2312 13796
2624 -5300 18400
-1424 -6704 16272
4936 -4216 19952
2556 2148 11548
-1372 -3364 16716
9704 -4124 15800
-292 -5076 16608
15324 -3672 7000
3240 -1808 6812
444 -2596 21540
5532 -10808 18352
-576 -7788 22100
2976 136 17944
7132 -3264 9840
1548 -1572 13428
1380 -6132 17420
-2844 -8576 23104
9212 -3144 7804
7124 6820 5076
8980 -4776 1644
-2152 -124 16072
392 -9536 21548
5404 -8600 19364
2132 -696 9528
6420 -1632 13284
8364 -1728 11664
3464 -1908 12064
4028 -708 12708
1496 68 11572
6956 1144 12964
4764 -2048 9868
-100 -3004 19612
4156 -6540 19624
3708 -2596 16052
4588 720 13956
3352 -1632 16404
-892 -3068 15012
6628 -6140 19728
2912 -6764 18820
-1940 -4660 16728
448 -3588 17348
-1148 400 20472
4944 -4808 17988
5064 2800 2964
5248 -1036 7540
-8004 -16284 32767
2492 -4396 10448
7924 -10616 11912
22292 8196 -6108
1132 5628 -9952
3884 5932 22756
-18044 -13324 32767
10240 -6264 25848
9068 -1880 2828
380 8376 5644
-8776 -9436 32767
6972 -2832 11620
10196 -4072 4308
-7192 -4996 27908
2864 -24376 14048
10840 12936 -972
-4076 5904 -3332
-15824 -14804 32767
13764 -22500 15068
1020 4816 -5548
3920 6896 11044
2064 -13952 32767
-3328 -9368 96
20848 6368 -6460
-11608 3900 5752
5572 -8452 14476
18984 2400 16296
-1440 -5728 16992
3460 -12376 32767
2568 -8164 14600
7868 1436 7152
8952 6132 6532
-12952 860 11220
-3728 -15620 32767
-2060 -9700 9884
16952 -200 2144
11848 26016 -5880
-21268 -3396 24096
28392 -32768 32767
-16468 -8200 -13404
4308 4932 22100
3824 -3856 -3776
1216 9660 15512
20948 -4452 14564
132 2616 8736
-5876 -14300 32767
-1072 -8076 9964
8680 -12228 2904
13352 13100 -2208
5672 -11024 6264
-2052 -15340 32767
7716 2344 8288
8980 1412 14348
-9968 -12184 22852
11344 -10400 28764
6732 2480 5324
352 1560 5772
7380 -5700 14520
6668 -16600 14560
2632 4804 4924
2328 -556 21136
21104 4832 -4036
-6440 -2968 13716
-7092 -10020 32767
16912 -9116 -6760
4656 -3752 992
-13312 -10708 32767
3752 -8344 9560
14144 -15776 11060
328 -1136 6948
15304 3924 10956
-148 -2092 13804
3000 -10784 23888
-2752 -17520 31416
1172 3204 3428
9940 -1808 13896
4816 7404 12824
-2180 -3352 14076
7804 -6064 11940
-5872 -4020 19448
2832 -2904 21836
13472 -2136 5172
13764 -576 6072
-1780 -3500 3960
-5236 -14692 30900
15884 -9308 23264
-3768 -2420 3300
840 -7256 32767
7252 -1028 18088
2788 6572 7944
17632 5052 7028
3092 -640 7160
-9884 -9164 20168
-5196 -19428 32767
4580 600 9520
-6604 -2328 15508
16536 -1252 14652
-1316 -8588 16440
12108 -3468 8788
-1920 1340 5064
-2800 -7960 31096
8568 -6036 24480
7224 552 9800
2152 -2356 4248
13292 36 11484
10372 304 10352
-2660 -516 31012
3520 -15524 27660
8092 2588 2480
-17076 -5892 32767
2388 5096 13912
13264 3136 2328
3816 2448 -2604
6072 -4536 6208
-6788 -18740 32767
6712 -16072 10016
4192 7956 3108
-6772 7660 18088
3240 -17824 32767
-9348 -7360 21160
16700 -4356 4256
6764 11312 -4044
14428 15176 5616
-12476 -13016 32767
13328 -14468 24100
8376 -7516 2544
-9748 6612 2924
10368 3328 23592
-1676 -796 13028
-8236 -9852 32767
7524 -4352 844
12636 6648 -464
11580 2212 13072
-15412 -15356 30172
15164 -13668 9908
13140 1356 13352
-6724 10392 10128
18392 320 32767
-19152 -8016 21400
15788 -10532 20960
1192 -14332 18304
10024 -4260 2316
308 1868 6708
-7904 1840 31908
12604 -572 27812
2284 2756 11264
9720 1500 1016
8080 -10768 20144
912 -2164 6776
260 -5208 11940
12368 -1604 17324
-80 12108 22452
14452 -19172 9524
-5608 -2288 20584
9112 -7684 7604
9952 -6200 14828
128 -476 9872
636 -9108 32767
-2980 -140 18360
11012 -13424 6784
5832 -3920 11788
9576 1316 -2392
12768 2888 11700
-10400 -7076 28032
-2592 -5812 24336
13272 -1060 12672
-4192 -2228 6964
11064 252 4132
3796 -4336 15024
160 -5036 16680
6804 6456 11704
15244 4500 -2584
-9308 -16676 32767
-808 -11672 19252
13836 -4768 372
-4480 9904 4628
-13328 -3516 32767
19892 -6368 25784
7152 2988 -8276
-5320 -6984 17624
6768 -12364 32767
6752 -8176 9380
780 2924 12968
4216 -5104 25600
13460 -2560 10248
6952 -8968 10908
11868 764 -1876
8464 -2296 11760
-20940 -13552 32767
24316 -15748 15920
-9180 9392 -1724
1640 -2292 23324
12992 -11080 24820
3944 -8232 11792
8420 44 1196
3424 3996 21648
-4712 -6032 31740
32767 -4636 5684
-4128 -1880 -1812
-4164 -3344 32767
15568 -3336 3012
-9180 -7400 27444
3088 -11148 24448
17724 720 -1500
-6468 4456 4976
-8692 -2192 32767
7316 -11700 23996
5732 -6772 11696
-9776 -11284 24776
9396 -2176 11820
14060 -7708 11352
-3612 3752 7584
12380 -4896 20572
10196 -8796 9236
-2420 -528 3232
10312 -13428 32767
10040 -6196 22992
3224 -3500 17480
-11532 -6668 23704
17760 1488 15980
-10240 6180 24964
3952 -11496 23548
7820 -4944 15476
13044 -232 4172
76 10868 -9644
804 -2272 19952
-2700 -15876 32767
6644 840 3064
-3528 -3532 10132
2876 276 14768
6020 -5608 13928
7796 5688 17324
2676 7956 5512
1196 2488 14064
20840 -2096 26684
-6556 -17332 13976
7484 -7564 8952
7016 7116 23836
-7880 5412 10784
9044 10840 15780
-5320 -10336 16904
-60 -13124 16416
18316 -2492 10520
-10972 168 4928
40 996 15732
13464 -8120 32767
-17420 -2824 11084
28124 -2132 32767
9676 11292 -4968
-10004 -5368 6428
22960 -17112 32767
6440 9392 -6268
9300 8836 -1576
-5700 -4076 32767
-11784 -14400 16944
13304 -6956 25864
17976 12392 -1244
-14992 -1264 4844
10476 -24536 32767
-9080 -6548 2992
17996 -9216 11036
14880 7268 -1076
5372 376 1736
-9996 -28228 32767
10284 3164 23100
19780 2060 5604
-8480 10540 -224
-3740 -21008 32767
23692 9772 12044
-9944 -944 7904
-7052 -16224 32767
16352 -1680 6132
5768 -8852 7752
-3624 -16312 32767
-2120 556 20056
16240 776 25900
4828 3304 4768
-3620 1948 792
8340 -1012 1008
-6652 -13696 23648
5896 -9924 20184
-2472 -4036 10496
-748 -4572 23904
-3264 -2632 20344
368 -64 11332
17980 404 11828
6188 11316 13892
-5936 -14040 12692
17568 -3820 24348
2816 -3636 7016
5648 -3184 7500
3864 4924 21192
8144 -5436 7072
11196 3476 8948
-6536 -6836 22612
6956 -14500 21152
6956 -3184 9508
1244 -2500 12044
-632 -2448 18740
4040 -7636 25524
-3792 -5968 21392
13228 -9304 14804
14716 2200 3108
5232 -5896 14640
1588 5644 7372
16272 -7016 10772
2908 -12132 25244
2244 2092 6420
9104 -4288 13892
-2516 -1100 11536
292 -276 21476
24916 -6972 20240
-7692 -8916 5540
7556 -17792 27572
4324 -3612 9052
-12560 -4584 15688
11520 -4620 26080
2168 2200 8280
-1480 -2292 9536
16124 -5176 9184
-1792 -11076 18172
4384 -12396 15644
6420 -5348 8308
10176 -2136 14976
-972 -208 13232
-18176 -13396 32767
8764 -2320 21492
-6668 -5608 15176
14668 540 2628
11452 1708 10960
-4912 -4500 14288
-1384 -18084 20300
11152 -3200 17572
-4924 -3468 21932
10180 -14020 14492
11756 4072 10740
4532 14996 11724
2928 4384 13716
2320 -13660 22924
12476 -11124 20860
-13116 1992 1196
7712 3004 3956
-1676 -2512 18104
3648 -8592 19092
13744 4204 12208
2676 5736 8908
9888 736 4992
6084 -4264 14108
-1576 -7052 8788
9440 -9808 19032
6004 -17844 26656
-7616 5956 9180
7120 3856 9372
9676 4768 6580
-556 6632 11412
-60 -6236 9936
4852 -24568 21792
1232 -8616 17676
11376 -2216 21828
80 -5144 18232
-2056 -2952 7056
16588 3124 15680
7380 3532 17856
-4624 -5424 8200
10752 -13704 16192
-3040 -11556 26160
11020 -2484 6708
13516 4392 6468
-792 4240 9312
-4168 -8780 21076
4472 -16784 21464
2836 -400 2312
4492 -3168 32692
10080 2580 -1964
4280 -2472 3976
-6796 -23116 32767
-624 -160 12376
-3592 52 16224
13044 -6384 32767
15988 11260 -3380
-7416 4708 4868
7356 -32768 29584
13344 -15024 19300
-10004 -7128 13256
23152 324 16648
-7752 7256 2704
5328 -2940 22828
528 -12176 23740
-136 -7364 10424
4420 -7028 18828
-1380 -616 14212
2448 -1376 22168
7756 268 12632
7848 2320 2420
264 -5784 22536
8172 -2240 15280
3316 1184 6884
1380 -12080 32767
6480 -2624 3856
-6024 -1608 11972
17876 -7704 21800
-12156 4868 17192
5720 -10192 26856
-2400 -4176 16232
12488 -2264 6864
-4540 -1696 21296
4664 -7548 14580
8100 -5260 27080
-6288 1724 5528
1428 532 13664
12908 -1340 22676
2632 -2236 13988
4248 -5860 16648
4192 -5704 14692
9104 -11468 22184
6144 -4308 10848
9332 1804 4848
3140 -1896 16600
1100 -6100 18940
1248 -5564 18540
7964 -7484 18816
2424 -5208 9224
6736 2340 7052
5192 7540 7100
-7076 856 11552
14272 -1972 23712
-400 -6900 15136
12964 2644 7456
-16680 -7328 23668
17620 -8024 16952
-3172 680 12512
2040 -7004 32767
1064 940 14260
1948 -2456 14700
7524 7228 4356
5868 -7452 9860
-3484 -12156 15664
4320 -16508 16952
12728 -5564 11088
4564 6780 17040
-2224 -11784 9664
20412 -2052 4836
-5864 -12704 13640
5364 -3020 16964
5100 -8516 16964
-7304 -2220 17132
6008 -4156 12676
892 -3180 18896
5816 -5052 11428
16 -3680 17788
5696 -6760 21056
1480 -2108 12168
3192 -5432 12032
9984 -744 12572
-5788 -2784 15628
6040 -5828 17752
4176 -4012 11508
1656 740 12832
1112 -7608 14520
1684 -13276 29300
7412 2540 1316
5784 7188 9128
364 -8376 31752
4644 -11880 19544
2508 -14732 13732
14084 1020 14384
4584 10104 -4468
-1700 1584 23288
-4456 -17984 32767
792 -11896 14096
9012 -2596 5480
21144 16200 -3208
-10828 7516 -1760
-1992 -23032 32767
5680 -24428 15592
10792 7352 -5268
-3124 7748 10976
7332 -4188 32767
-120 -15316 25968
3588 -4864 1176
14044 808 12352
16608 8640 8600
-7432 -3284 16884
1208 -23484 16800
19588 -4920 20164
7484 -1608 8028
1112 -684 10228
20000 -968 10944
-9000 -3284 14244
3048 -5576 12008
17332 -9108 18468
-7648 -12852 13868
3744 -11732 18160
11120 1688 17260
536 3040 15616
1116 -3096 24084
-508 -2680 9712
10644 -11416 22388
492 -3220 7732
7220 184 11284
11808 940 18436
3048 4840 12472
-1680 -2100 13072
4340 -3304 19628
-644 -6688 16244
4096 -6568 11452
12684 -980 11296
5204 -320 17216
-784 -5192 16180
3580 -1768 20436
-120 -1656 16180
1308 -4088 14372
4128 -3600 9056
4476 -5632 9348
6624 -5608 16732
2444 -3848 15972
3748 -2020 10524
2576 -5304 13204
44 -1924 18092
-1496 -11312 30120
-2252 -8348 20624
-320 -6540 20064
8544 -2368 11496
3268 -3524 15504
8940 -924 15208
2032 -8260 23280
4804 -2684 11416
9668 -4348 11440
11836 -2392 9448
4476 -5348 4912
-940 -12488 32767
8300 -1164 11700
5384 708 7972
7608 -3832 7988
-5748 -16952 32767
6492 -5692 17052
16576 3448 -4612
10488 9340 -7240
4704 5404 8916
588 -2620 21852
1260 -16140 32767
14116 -2928 5484
14992 1444 -1080
-6052 7108 3668
-11108 -17260 32767
2816 -13784 11832
7944 3384 -10632
-228 3432 11036
-12588 -23492 32767
11700 -14880 6460
9528 3344 -8600
3472 -144 14516
296 -8384 13964
-72 -7624 13600
15912 -8396 12436
8028 -8380 22464
-440 -64 15860
15852 -14860 23436
5400 604 -196
-6232 1300 13472
4088 -5904 28788
8108 -1572 9432
7516 -5320 8564
-1836 -12400 15992
880 -9652 15792
3276 504 18976
-9948 -588 14748
8724 -8120 23732
7660 -3716 11660
5804 1632 8028
7256 -1920 9900
3004 -10912 19580
11052 -9420 11164
3276 -13220 9888
8996 -4556 23552
-5276 -12092 26832
10864 5024 4908
5960 1724 5572
-132 -1084 13676
928 -8776 20532
4092 -16432 26384
1336 -3600 14048
10876 5716 17872
5772 3760 17964
11244 -3672 1916
5756 -2984 6256
5756 2428 14872
15196 2152 -264
5364 -140 4524
-10516 -25272 32767
9544 -2912 9124
8412 1528 4424
-5292 -9548 32767
12684 -3732 12224
12328 1908 7592
9432 7148 -2672
-18324 -13348 28312
7196 -19860 32767
6368 2464 2140
1436 4280 -4104
22756 -484 15228
-2220 3568 23716
-6988 -17076 27864
2424 -3504 14964
4912 1064 17956
8340 684 -1148
-13584 -7144 18340
13740 -19884 18908
3660 608 3176
6560 6584 6556
4528 -11136 24404
-10332 -8000 29500
14300 4024 11256
17348 -1356 5228
2764 2064 -628
3728 -8404 17932
-8728 -15112 32767
6244 -2492 7968
20924 -1656 13736
-2908 -1144 5228
436 -21544 31664
9352 -7280 14056
-4892 2324 7524
10440 -2436 32767
-1548 -11288 9132
-1216 -7964 17876
2564 -6092 23756
-232 -52 4608
12988 -16036 32767
1616 5640 -5864
2976 -7872 3044
16656 -7140 29176
-188 -3556 1828
11140 5764 716
13820 532 9008
-11772 -3332 22700
-1152 -23052 30220
-948 10408 -1820
17980 -48 3968
6120 4436 -656
3716 -7044 -1964
6996 -28048 32767
-3640 -13812 20288
8988 -2784 1120
18444 11080 32767
-7072 -9344 20620
4752 -4908 15708
9296 3596 -712
4048 -7880 29144
-10020 -9944 22108
21736 -6156 1868
13544 -8396 10084
-4976 524 4172
14796 -768 12100
-3840 -4504 14992
3156 -6656 19248
3892 -14620 27124
14116 1704 456
10588 5612 8644
-10864 -680 21772
10580 -15176 19960
-776 -12560 14864
240 -2160 14812
16776 4440 8088
-6400 3348 -1256
3932 -13128 32767
2892 -17856 12524
4144 -9872 9684
-360 -9492 22724
480 -6216 32456
19476 -10492 10304
3048 2276 -9664
-4256 2532 -6608
84 -3320 20680
-1236 5424 5200
13692 -7116 20660
-5856 -7916 17516
5504 -660 13520
4448 -5400 17188
11020 -2508 8500
6492 -3884 9492
3548 -1336 6924
4696 -17388 32767
3452 -4284 6996
7796 -7840 29572
4756 6760 13596
-24356 -7008 32767
11696 -18256 32767
-6272 9740 -5212
6444 9056 -5512
10952 -1976 32767
-3848 -5056 27604
-4976 -15068 19072
8856 984 16144
-3960 -14032 17872
-2304 -3020 13716
10308 1348 14872
10396 6316 10800
10704 8004 13604
-5840 -3280 7324
6788 -22560 32767
-804 -9432 10848
-80 2340 4104
8256 13296 -1796
-2608 1768 14552
7924 -7952 32767
4452 -408 2044
2280 -6108 1176
6524 9784 -4880
13420 3568 -5736
-22156 -9212 24916
-2068 -23692 20720
9824 -14132 19124
4364 15380 -8740
16376 1264 6232
9580 -5344 21596
-5136 -19716 16832
10256 -7616 6156
-1016 -12792 16176
-1104 -13516 19036
-1288 -8596 17268
4436 -584 28480
-9488 -8172 20748
4616 -13736 32767
10184 10016 -2568
-1956 1568 -4620
11372 -5892 4648
6496 3272 -1864
-6988 -19212 32767
-920 2660 4620
13024 8260 4844
11376 11192 -9772
-13332 -9784 13404
17148 -20128 32767
-12212 -6672 1120
20216 20 -4784
2836 12008 9220
-31072 -9224 32767
20656 -24824 30656
9088 656 -20944
12716 1348 -4380
14720 1476 32767
-21272 -5152 12396
25476 -16228 -11124
-23960 -6788 32767
6272 -1316 27580
13808 -19616 21208
3104 4820 -6324
29652 -8452 -2676
832 1716 -12584
-31280 -8852 32767
32767 -28256 -11084
672 5468 -18640
9872 7540 6700
-20812 -27252 32767
19460 -21904 14928
-588 -6244 1016
24932 3964 -10792
6248 8880 -9204
-19208 -8708 30572
3640 -4476 10056
5892 -7180 11604
-1796 5068 3832
-3324 1440 13764
-892 -15208 32767
7708 -300 3548
-3416 -11848 -196
644 -17796 31628
15736 -6440 12308
21556 2884 568
7900 14112 2952
-6240 7344 24252
23660 -728 12788
-10540 -16264 16308
3600 -21780 22956
28816 -2280 9976
-8436 14612 -12672
-10808 5472 19612
-14160 -31192 32767
-1592 -32768 2068
16272 -18164 17220
-6512 9344 19928
16468 4036 11068
-1128 -15852 14940
14284 -20680 30404
2704 -7296 -6336
24784 4920 -5284
-508 1716 13644
5704 -10596 11760
1144 -26600 32767
-17960 -13796 7744
19432 3052 5644
-8384 -5460 12360
-9004 -13152 15476
27900 -17672 24256
-16096 1984 -14564
19888 8672 -1000
-17256 -15720 19508
10892 -24748 20528
6756 -16536 -1636
23132 7012 3320
-13632 10680 4324
-4752 -26920 6588
11192 -19580 28028
2484 -11364 13724
-2452 -13796 10108
6160 -12124 15788
11844 2824 -1536
4612 -7276 9448
7596 -14468 13356
1888 -7840 3420
10500 -11636 6680
1608 -13632 10692
8816 -4156 10384
9028 -7164 20180
-2588 -10228 7220
5240 -12884 4128
13564 -12444 9324
-436 -10676 2988
752 -11972 5284
2216 -12032 13048
-4828 -15064 17976
10332 -8076 18860
4228 -8444 7792
11216 -6600 -1492
608 -20116 23312
-700 -15064 9628
11552 -6444 10772
-100 -5132 13220
-828 -8476 2332
3644 -16376 7924
11312 -11872 7996
-3660 -10344 6632
5464 -13152 10056
5800 -8432 8656
5576 -13268 10920
-1224 -17896 5588
5472 -20664 -1152
11736 -20900 2376
12024 -10404 7772
5444 -4472 2492
5820 -9352 -532