5192 -15164 -2872
5260 -15284 -2800
5256 -15260 -2828
5260 -15256 -2680
5156 -15288 -2648
5116 -15208 -2716
5112 -15220 -2728
5120 -15192 -2760
5044 -15324 -2660
5076 -15208 -2776
5232 -15248 -2772
5048 -15220 -2672
5148 -15324 -2704
5076 -15276 -2788
5108 -15276 -2796
5204 -15144 -2816
5032 -15252 -2896
5032 -15316 -2932
5152 -15212 -2816
5188 -15192 -2804
5016 -15224 -2640
5140 -15232 -3072
5076 -15236 -2700
5116 -15188 -2612
5124 -15176 -2748
5064 -15336 -2812
5064 -15176 -2940
5016 -15236 -2816
4988 -15164 -2792
4980 -15248 -2756
4884 -15200 -2800
4980 -15240 -2772
5096 -15312 -2972
5160 -15296 -2788
5232 -15316 -3012
5128 -15220 -2928
5196 -15200 -2896
5248 -15132 -2752
5212 -15112 -2988
5168 -15256 -2736
5176 -15204 -2632
5204 -15200 -2696
5152 -15252 -2816
5108 -15200 -2656
5136 -15276 -2780
5152 -15308 -2704
5140 -15136 -2760
5144 -15272 -2808
5140 -15304 -2724
5016 -15176 -2620
5000 -15220 -2492
4964 -15236 -2464
4880 -15276 -2400
4912 -15264 -2432
4836 -15352 -2560
4728 -15360 -2476
4884 -15440 -2484
4660 -15312 -2756
4720 -15368 -2644
4796 -15380 -2620
4708 -15360 -2552
4832 -15288 -2528
4732 -15280 -2444
4736 -15656 -2424
4692 -15276 -2576
4880 -14900 -2408
4980 -15348 -2292
5104 -15292 -2564
5292 -15216 -2556
5372 -14816 -2640
5220 -15300 -2520
5308 -15000 -2816
5692 -15132 -2916
5840 -15072 -2880
5624 -14988 -3276
5752 -15000 -3316
5900 -15048 -3732
6032 -15268 -2752
5928 -14588 -4176
5412 -15276 -2784
4928 -15596 -3628
5420 -14716 -3228
5444 -15168 -3652
5728 -15840 -4404
5284 -15600 -3176
5316 -14780 -2788
4972 -14872 -3496
5592 -14696 -912
7012 -13944 -2240
6184 -15872 -3212
5356 -16408 -2832
6208 -14064 -2808
6688 -14160 -3188
6840 -14788 -4540
7496 -14836 -3236
7496 -15044 -3808
7360 -14784 -3036
7116 -13756 -3092
6892 -15420 -2860
6680 -16108 -2432
6424 -14392 -2764
5844 -14224 -3164
5792 -14840 -3108
6060 -15224 -2468
5184 -16892 -2384
6044 -10972 672
5572 -16916 -2408
6216 -15320 -4288
5656 -16200 -3312
5900 -14224 -2744
7296 -14424 -2756
7324 -17924 -3176
6460 -15528 -2276
6888 -12472 -1912
8228 -12444 -992
8752 -13896 -2664
9640 -15672 -1776
9068 -14220 -2492
8076 -13252 -1840
7836 -12236 -1680
9684 -13336 -2280
5856 -15748 -2368
10524 -14712 -632
8440 -15360 -1184
4592 -10360 -308
5452 -9896 176
8504 -10844 -1548
8276 -14084 -2832
8652 -19000 -1772
8316 -14572 -1964
4540 -16936 -1284
7340 -10052 -100
9832 -6508 -1512
10880 -17260 -2260
8256 -17920 -3604
4608 -7564 -440
8716 -17308 468
10300 -23924 1072
8728 -14528 2528
7508 -9352 680
8544 -15120 624
8312 -10664 4224
14348 -10404 -1572
7728 -25292 136
756 -8108 -3008
12064 -11416 -6104
13932 -28612 1584
-1780 -14404 -1336
1304 916 816
10632 -11520 1328
14732 -30036 1068
4216 -11468 884
-3804 320 4468
6916 3752 3364
12544 -8456 2072
1036 -32768 -344
7604 -30860 7992
-1588 -14020 -1652
2680 -5136 -356
15288 -10864 -1768
9420 -19360 -7164
4108 -6964 -3604
7708 -11788 -7044
-1896 -19012 -4544
15596 -25048 -540
-4848 -13160 -2240
7460 -14276 17624
10820 -21988 6176
676 -6964 -2516
9192 -8824 -360
14152 -25196 5704
592 -21520 2988
-2424 -8332 1944
3768 -19840 104
1996 -20196 1136
-1036 -17300 -2648
-2424 -13136 -4600
6632 -17492 -2148
6868 -10924 -2812
7852 -15284 -768
6608 -15408 -192
-916 -8908 2052
10308 -18792 5888
1748 -17632 2276
10032 -14836 -3028
6528 -11080 544
9748 -13892 -2968
4444 -32156 -2816
6756 -4976 5836
6460 -1636 -2244
6256 -23516 -1192
5068 -32768 -1264
5676 -8448 528
1732 -1384 -1936
1824 -17264 436
7800 -25720 13348
4908 -3672 72
8812 -1692 2420
7672 -7392 3592
11348 -11504 -8
7408 -12584 -2516
-508 -23604 -5724
11200 -16668 9012
-3408 -22248 -6712
15976 -26028 19044
1188 -8188 -4056
11184 -5328 1080
7012 -11732 6908
-48 -16612 -3652
4836 -32768 -3232
1780 -17164 4628
9368 -2592 2028
6188 -8028 1784
9084 -12504 3692
5508 -24804 -6820
3364 -14384 6968
2832 -30328 4492
13224 -11068 5976
7452 -164 2668
7000 -1056 512
6888 -17516 -2532
6640 -24708 -2772
5536 -7740 -3804
-1200 -22276 1224
7016 -23392 5960
12768 -1060 -960
21676 -1404 -2568
3056 -17412 -7204
7860 -17796 -3008
14940 -12612 3196
2260 -19412 4892
8220 -23652 4476
4608 -11116 5336
2740 -13092 -3556
9832 -16040 -856
9272 -12488 -4288
9092 -15844 -80
452 -8048 460
8204 -6364 1700
16256 -8668 3368
13304 -11664 -2104
2280 -28596 4592
5180 -19976 2256
18472 -10032 2820
7816 -7020 6060
6304 2716 2940
9048 -11148 -924
-5756 -32768 -12816
7528 -29244 3312
10592 -2908 8044
-21928 -10036 4884
10864 -20648 -2564
3024 -25040 -1880
11272 -7160 -2420
-5376 -11512 -4512
5116 -16700 1156
9456 -32768 9928
1328 -9368 -436
1928 -5172 -2876
21280 -10216 -5360
6040 -828 2264
-3468 -17656 -8856
14844 -18356 4992
11400 -6552 -96
13964 -2228 5824
-11748 -12976 -3140
9688 -32768 -1960
11764 -31004 5456
3996 4656 5408
-2456 7696 700
11028 -10200 -9980
6476 -28436 -18596
13956 -17660 9528
-372 -2340 2560
-2124 -20228 -3960
8164 -32768 6192
5564 -12060 2772
6696 1732 2516
5720 -10796 -1420
11140 -12376 2392
5968 -18344 -4268
3452 -16376 -3096
11704 -16372 68
9768 -17704 10552
-7404 -9344 -1652
15516 -24100 2952
6752 -10908 -1156
16200 -5324 2724
4132 -8344 7328
76 -21792 -4696
8124 -30776 -4268
9300 -11444 -680
1608 -3092 9972
-1640 880 2780
104 -21168 -17944
12136 -32768 2356
2284 -17468 -608
12988 5420 -1956
8432 -7264 -5048
5240 -12600 2740
21032 -11384 -8504
5212 -3192 -9648
-5704 -26992 -7968
10840 -31984 22796
1604 -4596 9484
2732 6176 4512
4644 -11308 -952
6380 -32768 -6388
9048 -23140 3584
12508 -4956 -3472
-2388 1888 3912
5692 -7972 -1056
5452 -25524 -8640
5508 -21016 7988
2524 -28280 -6136
2536 -25192 9248
6128 -8352 -1476
9020 -1648 2460
7152 -3448 2976
5576 -28264 316
8304 -17760 3240
4396 -5432 -2100
7432 -18456 5828
-5856 -21872 516
1780 -32768 -196
13160 -4916 2180
-2880 12160 9516
3268 -15748 -1020
5164 -32768 -7904
10156 -17768 1472
7128 888 -1248
8640 6516 3464
456 -11944 -536
5516 -21352 -1424
14520 -18836 10080
-5476 -7656 300
7836 -9528 132
5236 -22656 1720
9012 -27772 308
3996 -8204 -3488
2852 -2340 2416
5548 -13384 5196
2012 -21616 1412
4800 -21500 -2804
1904 -25896 -2820
3900 -23820 -2784
5992 -8632 3404
27924 -2340 10308
2300 1032 8496
-8380 -22396 -5180
17352 -21908 -26432
4064 -9660 -11048
-204 1744 -6044
9320 4544 1416
3212 -12840 4556
-13204 -32768 -5752
14152 -32768 12136
-2424 -4092 6008
5640 2804 -1316
7252 -14440 -2408
19556 -15644 7772
4920 -3940 -4524
5920 -27516 -10396
8956 -10380 12820
6064 -21480 5572
1760 -12936 7796
9812 -26584 -1252
14820 708 1496
4348 7972 3444
1712 -19620 -7476
-4700 -32768 -6460
9984 -14384 -1628
5772 -1384 1640
-9400 -7348 -552
14032 -26360 -7908
18308 -16252 -1800
5128 -5980 -616
1628 -4456 -10136
-56 -25092 924
468 -32768 3588
1904 -25960 -1352
18192 -2752 -3012
-5496 -14080 3236
15632 -10420 2936
208 -12420 2380
-1528 -10180 -3132
19072 -10552 -236
-11776 -16240 2032
1360 -32768 -15552
19708 -15980 19048
-888 6316 4660
-9208 -1336 11096
10624 -30408 4576
7916 -32768 10320
8528 -4984 -11332
1496 2524 6188
3980 -11600 -428
8004 -25260 -5652
7276 -27068 2696
-384 -12548 232
11856 -28304 -6660
6064 -4948 -1120
-8392 -3800 -6112
17164 -24412 -5020
9232 -32768 -4732
-608 -10908 -8864
16772 -8592 6100
4180 -3396 5312
-120 -13744 4200
5884 -32768 15384
-524 -25172 -2488
22016 -7716 2948
4660 192 3072
-3136 4168 4124
12432 -19600 -4936
-4992 -32768 -7108
21824 -576 7728
-7960 -5604 10152
480 -24308 924
16872 -23040 7896
-8448 -9252 -2240
5932 -23760 -4144
21756 -28452 4060
-3824 -8488 -7048
7156 -16812 6104
4484 -17076 856
14120 -3964 9552
-9520 -25800 -1196
15240 -27460 1192
1808 -11744 1764
392 -5024 2180
6316 -9020 2944
13864 -18212 -4972
17272 -1920 -220
-5596 -3208 -4284
2160 -32768 -2072
11192 -21868 5468
6072 6744 7976
6356 13076 13232
5388 -10344 -10072
24848 -32768 -12744
-2856 -23372 -9252
29008 4040 3188
-9548 -13088 -3796
12876 -30892 -4864
12204 -23600 5644
-6344 -2184 -6988
27104 9740 -2272
1448 -5756 -2772
-9012 -32768 -1212
19712 -24976 32767
-16352 -19428 -9104
3916 -32768 5564
3816 -22756 -640
6236 -18380 9928
6368 -10632 14600
2196 -16044 -9480
28508 -12296 -9952
-16776 -18896 2304
8328 -19940 24868
17652 -6924 9044
12012 1484 -15224
5976 9060 -2340
-23148 -8184 32767
15840 -29272 3952
-17472 -9980 4928
4140 -9108 21744
-1256 -6096 22776
15164 -8744 1940
-7708 -18216 22684
8892 -8080 6244
1148 -6676 13848
9292 -10140 3928
-22652 -13064 32767
-2988 -15540 16100
12248 -5460 7208
13688 -5712 -5708
-14664 -416 17580
-9820 5232 32767
13884 -1716 1940
4216 1900 3164
9160 -2176 376
3872 2632 18836
-8688 -14504 24740
8328 -5424 5684
10312 400 17704
-1892 4040 10852
4272 -11260 21684
-3112 -1384 14220
-4140 -5248 15652
12724 -5136 15896
-1856 -3060 19880
8084 -5560 8924
9500 -6420 11680
2120 -5840 3536
-1192 -15400 32767
8072 -6632 6652
-10588 -508 13240
3708 -2076 18828
788 -7636 13196
548 -2356 10076
-2020 -3184 4904
-2060 -14600 22968
7272 -7892 18156
-72 -3312 2308
5488 -5204 26512
-7908 -1576 24312
13376 5188 8516
8968 2184 6268
-3384 -452 20316
17360 7316 25020
408 -5580 4480
4532 7844 12040
-1220 9388 28052
-3984 4624 21136
15036 7524 14344
-10728 -4148 3584
908 -14616 32767
-2036 1380 7852
5836 -4848 11440
9228 -1380 4396
-1280 -2872 11784
12812 9304 32767
-6428 -4240 5468
20776 4528 6240
2144 3448 21252
-508 -352 2668
3376 -488 32767
-6108 -744 8444
5888 -2204 -1732
31140 3688 18008
-29984 10444 32767
13196 -5200 32767
5860 -4100 6300
3424 3988 -8040
13196 7900 21976
10176 3724 9060
-3656 -1668 1052
-12580 -9312 32767
14264 -8160 19204
-11136 -644 16552
-4016 -5684 23788
16156 820 22004
15988 21132 -4460
-17440 23532 19560
3644 -14436 27744
14220 -8192 1048
4948 1588 -15260
18244 6852 1500
284 -6524 32767
-10404 -4416 9848
24864 5840 3240
-19440 12956 204
-516 -6128 28348
-912 -3788 16464
-424 -4332 -752
16404 3192 22644
-2196 3856 2468
428 13296 8948
6328 10836 20980
-5876 -3040 9752
21216 -7804 16852
-15404 3620 18760
-36 -8920 27552
1656 -2532 9896
13016 3764 3712
32767 14316 6044
-25972 6512 29316
14200 -216 20764
31452 -6436 12112
-1956 3488 -9448
-5124 2688 -14984
-15692 13512 32767
-2296 -4584 32767
8468 4912 -14788
1128 -112 12028
14456 2096 14588
-6984 -9956 -8736
12596 2932 -428
-3056 -280 21760
-256 -8388 24336
-1108 -3980 16800
18272 -5568 8264
-12828 816 19392
6376 -7724 9956
5216 -7844 8088
340 3424 10760
-11340 -1628 32767
2552 -2248 18540
2576 -2800 24172
2204 -2916 14384
-2640 -2016 10416
11376 728 15336
692 -5524 11312
8740 1664 10096
-216 -308 20320
4592 4248 16768
-7272 -6960 25792
10836 -2640 10236
9608 -9880 2052
168 5224 11568
6848 4032 16920
-9904 7128 32767
12852 7936 17336
-7216 4196 13032
8920 -11012 8980
10972 -6336 20508
884 -10928 11412
-1724 -1512 10644
4904 9280 9892
1588 3608 32767
6504 6596 4464
-4128 812 -1884
2072 -3644 14376
3976 -6300 16956
7180 -5856 16968
-4824 -12076 28212
208 5448 -2700
14244 9476 7772
11536 7656 19928
-7852 4580 3316
-388 -15092 32767
8228 -6736 2984
1776 7632 -7620
8104 8288 9548
-10792 -708 21916
-2316 -5512 32767
7432 -8844 5908
1572 -2540 5676
5964 -868 22784
-4012 -6612 12532
12828 -1904 21568
4336 8224 11176
-5208 3928 16092
3688 -5204 29100
-4272 -10588 13384
22864 588 2804
10528 12208 4888
-2452 1748 -4376
1928 -16192 32767
-12884 -12296 11328
18092 3372 -6852
-24268 3052 19964
1016 -272 32767
11124 -5860 3464
11176 2572 5516
11396 -904 -1848
14076 8756 -3540
424 -7212 32767
-7936 -11744 32767
-1504 -7804 1400
10668 2248 2928
6484 14968 -4756
-17496 14468 29084
16368 -15692 29760
-216 -5464 1372
-704 8164 704
1480 -2588 32767
-2524 -18136 32767
14228 -528 9216
-7712 10900 -8152
12384 10480 24528
3768 964 536
-8796 164 18504
8484 -5508 22532
-17144 836 22320
6616 -24608 14104
-816 -1684 8240
17240 9728 3992
-2300 10268 7468
-3456 -4824 30472
3360 -8528 20164
20456 -4252 -2556
-23812 7228 224
-10272 -12644 32767
10596 -6592 184
76 -3152 16420
3008 11304 1348
10408 2128 1168
19856 -5500 27736
-16400 -160 32767
8540 -13740 9472
12848 -4980 -776
124 -2312 12340
3508 -7752 8020
13884 -6572 32068
-7936 9392 11016
12816 2032 15028
-6772 6188 16648
-17260 -8780 32767
4892 -6264 13936
11072 -5076 9664
-952 -10096 32767
8576 1648 -19140
15836 704 6016
-5968 23372 32767
2912 4716 19560
16268 -3140 6308
18728 8240 -992
-16912 680 3672
-1036 -7744 32767
12352 -6168 25368
-10008 -15212 -4032
-8128 2072 32767
-4932 5956 22396
9716 872 7992
-9304 -9348 9820
17116 60 19360
1032 684 -13312
12756 2860 -1816
9384 14252 10192
1132 6044 -12632
2284 -32768 32767
6440 -4408 12100
1608 15264 -10040
-1052 9104 16640
-2304 -11812 32767
15336 -21816 25948
-12512 16140 7364
4660 6276 13964
20772 11624 32508
-12744 -9004 15284
13444 -17464 21800
3912 2304 2088
14988 11348 25160
-6252 11052 1552
-5436 660 25360
7704 -14540 32767
-4228 -17384 -2092
-1748 -2300 13100
-14520 -5216 28932
3764 -1196 9276
30756 10460 10208
13416 16900 -7928
1784 -4480 7504
3976 -5200 32767
-5732 -12944 32767
5992 5060 -9024
13424 8704 3608
-1180 14188 32767
-13176 -8576 15720
21172 76 8672
8952 4868 7196
-25596 6200 19264
12848 -20316 27844
-620 1772 -4232
5500 11296 6132
-6088 14616 32767
6796 -4748 28008
-920 -13204 3948
8712 -6020 14308
-1804 680 2768
11768 1856 2636
-10448 -4464 22284
2628 -2708 7228
7116 2964 18072
932 2084 32532
-3468 8944 5928
30848 -5008 5988
4040 9836 -10376
-28192 -10632 32767
32767 -15392 32767
-16220 -8748 -23152
18756 23068 -14192
-12832 2880 21036
-4844 -11792 32424
-8072 -3096 18288
10424 620 6464
19356 4216 22116
-11576 276 5952
-2944 -11372 32767
3984 6068 16308
-4228 -6048 13920
4076 -6880 17124
16032 -3584 15432
-4132 144 11428
15256 5016 5780
10016 8908 31980
-6692 2860 12448
-1112 -9872 23972
6460 2168 12556
4516 2524 26096
32 2924 3428
-1124 3664 32767
10496 -6060 19988
5512 -736 -2704
4408 5152 2748
6108 960 22880
-12100 -192 17608
7724 148 22028
9272 -352 -4084
-1800 11456 1736
6132 -4544 32767
4452 -6328 8016
-7156 -5020 25736
-2668 -1808 25232
6988 -1836 22932
-3740 6140 11544
6040 4144 13864
14316 1788 9500
-2812 -1992 768
13048 -3072 32767
-13104 -3416 32767
-976 -4184 120
14912 11704 2660
-12988 19160 10540
-2092 2860 7232
2724 -4924 32767
-14460 -12520 11488
22648 -5232 22056
-11688 5112 -428
12148 3452 -2236
-7352 -5556 32556
484 -8700 24912
11600 2196 2536
-5932 11144 -2904
30932 1284 32767
-5744 -3592 3528
11196 -2444 3400
-1600 -11244 32767
-1984 9520 1076
11056 6584 14272
15128 3216 -376
8308 5648 15516
-16444 -2204 32767
1416 -24080 2556
24192 6596 2348
-29764 9744 10912
-2608 -10156 32767
12068 -7156 2964
-1904 3832 -8788
-1032 -6192 32767
10408 6504 22200
-10784 -7720 11092
11132 -6640 13116
-3192 1780 16444
7764 -9600 23508
3756 6624 920
3300 -1956 13904
-5984 3044 13428
15788 3716 14608
17192 11524 20256
-17352 -9396 14256
9356 -22616 25980
-3472 3696 -3640
31916 13332 1000
-23352 19620 -1164
1984 -3840 29832
32184 -3836 22472
-14044 -4304 -27836
5968 7748 32767
-8196 -5948 24896
11712 2788 4120
7728 5000 22968
-20040 -8504 4176
32767 40 21648
-18712 4384 -6620
724 -5284 32148
4588 -12780 32767
-3336 -4372 -3544
32767 9932 32767
-8556 10744 -88
-9528 7484 -4872
-1320 -25504 29084
17872 11288 5148
-10940 -664 1000
-3024 2244 28868
13004 3216 29984
-11196 -13644 4684
8736 -3628 8928
5088 11428 9412
-9100 -13356 32767
12940 7052 -1180
-2256 32 4036
9192 -2268 18092
-1684 4688 19144
-6736 -17176 16752
16616 7784 108
224 17240 3744
-2544 -1468 5844
10952 1844 19200
4820 796 2752
-19188 3216 19672
32767 3580 25056
-21828 388 11020
8800 -4064 14724
13888 -6516 9324
-9968 3716 8064
12124 -2992 32767
-7796 2140 14396
5712 -5444 15408
7772 -4580 5784
6324 1496 32767
-1084 2324 9472
12704 -2776 11480
-6572 -2976 21592
1648 -9152 23556
12460 -80 11508
-2000 -2784 4276
8944 7212 13032
-7664 1280 32767
6316 -7284 9600
17176 88 7012
-8924 7396 15072
-84 -12312 17960
15404 -7404 15572
3952 3472 -3072
-10316 7700 21848
-13268 -11524 32767
14528 -5264 -624
5136 3916 9028
424 6072 8804
3248 1580 18072
3276 -5696 32424
-1644 -11196 9072
17260 1988 4852
-8056 9748 22596
376 -16216 13516
6072 7788 18156
764 -5488 11272
10284 -1292 10944
-1432 -2108 27460
900 -5204 12840
11612 4512 10448
-736 6708 31580
-3260 2960 12464
20332 -296 19972
1896 5384 7080
-6308 -8840 3460
4956 -1532 25468
4512 8964 10408
-4248 -1348 8092
13876 -1412 13184
-11060 -5740 24288
-10680 -5060 32767
3004 3404 9568
9812 2056 6148
17628 14552 -4684
-8076 8676 8644
-4812 -32328 32767
18852 5480 -15396
-14376 -7288 16736
2396 -848 24728
7280 1044 32767
-6152 -2932 17772
3804 472 11548
2776 6100 9224
10216 -2612 13904
5168 -1456 5604
-896 -4292 32767
7148 -1296 15796
4308 1812 16104
-5868 2196 19024
12120 1948 9192
-5660 -2884 18860
10280 -8968 9480
-20752 -9560 32767
22876 4112 23616
-3628 8860 -4504
356 -1440 13692
11940 -10532 23960
9088 5996 8716
176 -440 1192
-48 -2620 10256
-4464 -2336 28020
15764 -13588 7440
2376 9068 21696
3340 10372 13240
8192 168 8780
7572 -6184 7672
-1984 -6884 21396
-5952 3880 27380
3820 -7076 7188
-4124 10596 27096
2444 -368 12684
-5416 -9496 13688
2604 -6636 28884
-5308 -2684 15640
5120 -6540 7448
10620 -6156 -1824
1428 8372 19964
4964 -7936 24168
-10216 5356 7456
19956 -5992 4400
-3252 -580 20924
-6544 -2996 32767
12396 2676 6496
1320 -1340 19144
11960 -6256 6240
2472 15520 7856
17504 -10012 13628
-8080 -8448 16932
-9060 8356 11500
13408 -8656 31532
-6108 7444 212
10468 -1224 9760
824 -2300 18720
-5264 -3212 15476
-3540 -2508 9564
16176 -36 25368
-1104 6372 11712
8896 7032 15888
-7608 -3324 21384
24576 -80 12468
-848 -8196 3484
4664 -13316 32767
-5336 7616 1752
-4324 10896 8828
15088 4676 11280
-5340 -512 3272
6068 5264 17784
-9080 -4248 22580
-2280 -12764 21976
12056 1104 13268
9600 8856 5228
-6924 -676 10008
15464 -2948 23180
5612 -2716 18232
6856 6400 9032
-3236 4912 14944
5764 -956 14208
-108 -6104 11700
1868 -3568 21652
-8884 -4624 25868
17380 -2332 6856
8752 5100 708
-8388 10088 15904
7868 -9216 21824
4216 -5672 27892
3144 -2660 10696
14320 1060 4368
8704 16588 10964
2548 1876 13528
3744 -10900 21960
-2344 5056 13836
-5012 -18032 32767
8136 120 2164
9060 7768 4628
2172 9480 11384
24 -10124 32767
-7036 -10112 12104
27032 -1592 2524
2008 4212 -5656
-11444 1732 10764
-11972 -12152 32767
-240 5952 -2448
16768 744 104
13728 8348 7240
-4184 -13224 19160
17604 -10460 22896
-232 -3928 5416
9908 5672 -1492
9228 7196 14912
-18904 -10476 32767
6108 11268 15144
13876 14328 -828
-4272 -4936 16688
-6848 -19084 31192
20316 -4344 4432
-17080 8356 12780
-6936 -15156 12128
5960 9604 19688
6152 5024 6920
11344 -1080 -7136
19608 -1092 -1936
-17088 -4008 32767
14712 -24916 26044
4132 10736 -872
844 13708 9408
5428 -484 9628
6904 6432 16368
928 -5912 21896
-2700 -7700 27524
12716 -1516 15980
6956 -3704 -1496
-4984 132 22288
-1488 -14888 27996
-5276 -3516 18932
19884 5548 -4524
-4428 7512 13140
14040 1464 31644
6044 8016 -3440
8944 -4992 400
13744 -13624 23004
-16912 -4248 25696
6864 -6064 27880
8080 3824 4524
4460 10572 9524
-7724 -11788 29716
11388 -2844 12268
9160 10296 -3288
-6576 2396 13524
6080 -6340 32767
15956 -10532 12580
-16128 -2856 14296
-4624 -17360 19548
8492 -12 10556
-3764 11084 12800
23248 -6720 7324
-15304 9116 6432
-5160 -9684 23080
12696 7172 15300
3296 -1192 9200
11016 4556 -6112
668 5520 -2532
-12680 -15336 32767
3444 2376 10552
-4400 12416 1604
6088 11672 16536
72 -12388 15284
10816 -4676 22816
8928 -868 1188
11248 2768 4484
-9900 -1372 32767
11984 -7372 16636
7100 7016 6516
11768 8320 -3208
-19596 504 4844
19084 -11652 24136
7648 -1724 16308
-9428 4948 4556
13684 1324 4420
1036 5500 10368
-32768 -1184 32767
14544 -4276 24296
12124 5340 -11452
6840 13528 -2980
-23288 -5576 27132
6236 -18304 32767
-10976 9084 -14492
21476 16508 4580
1164 10460 -8804
-26264 -10648 32767
-3876 -6256 32767
15792 19336 -2872
-8480 14484 1320
-372 -10812 25604
9704 -6020 23468
-17456 5016 5896
30356 -2748 13932
5320 5352 -24540
-25736 5168 15456
3344 -4168 29336
2044 -6112 -516
15448 6016 9320
-16152 -6848 17344
13920 -4288 21384
7644 8372 -4756
-10868 -2400 8260
1008 -836 31808
12468 -244 12840
7488 2216 18068
-2296 -6176 2732
-5764 20 7660
-5420 -8140 29480
8468 924 26140
-2532 -5584 24620
18708 5440 -7556
3984 6736 -488
-6088 -9988 32767
5504 -10332 19336
-1572 -4168 24180
7792 -2780 13524
-18612 -4216 32767
-604 10436 18076
10928 -8544 9216
15948 7544 -6804
5736 2824 -4612
8408 -2456 6588
-5064 -6840 32616
-14624 -6112 25252
8040 1112 20948
9520 4128 -756
18384 10172 -13100
-3508 10340 -9492
-26116 -4416 15776
7712 -26648 32767
-1840 9480 -3324
3412 1288 7840
25004 13392 23184
-6440 -1384 6364
15804 -10108 32767
10908 -6992 14964
-5968 -4216 5032
8740 -6612 28280
-3856 6580 7504
4784 2552 1448
-4220 -1452 16364
-2436 -10700 22372
27920 -3544 32767
3700 -6740 540
-4736 -8332 -4940
3620 -9016 14896
16836 13376 1392
5320 8532 17764
-3796 -18376 29028
20816 -3388 6444
-10352 3676 2744
-7632 2964 20688
2032 -812 32767
-7088 320 19804
19212 -6708 10272
-2696 2272 4100
10244 -936 5696
-10644 -2856 28716
3276 -5528 32767
19468 -6624 4148
3072 5028 20620
-8608 4448 9624
20556 -4772 5072
-8024 1584 10868
-8556 -11760 32767
24084 -772 8588
-3184 15164 -11260
-7792 7748 29184
6560 -15100 32767
-4844 -1720 -2172
16804 1764 18628
-13492 5064 14388
6368 -8776 25008
4756 3092 18736
-2772 828 9828
-4176 -12744 32767
-1852 2336 21064
-788 3968 14444
6964 2544 23716
8732 8536 -4844
16148 -660 7552
-4792 972 8484
14096 -10076 13776
6540 -1868 11656
-4284 56 32767
22580 4276 1812
-6312 -460 2388
17212 12884 21264
-8940 5388 25688
4900 -4448 -3708
11864 -11712 32767
5888 -5084 5112
7604 -9940 18248
-23388 4664 20280
26768 -10924 16508
-16324 9300 25448
2488 -1764 4048
16028 -8808 24100
-6676 -2588 2768
-5008 -9144 23432
-1352 1516 10624
8468 2532 32767
12880 -4476 16512
-5468 88 10612
6628 444 31480
-5032 -8608 32767
-5592 -4724 21536
26424 -2436 -4560
10752 10588 -2604
-14904 1328 28512
17320 1536 30300
-440 -1508 576
3996 1560 7940
10908 2668 23868
-11892 -1152 6188
8020 -17524 32767
-1924 -1312 29424
6384 -1600 18068
26824 2688 3364
-1140 -1812 9912
-40 -1208 13156
10752 892 21048
13416 1324 22428
-9068 8400 6852
6220 -5076 10316
4724 4004 4956
-3488 -7748 32767
576 -8644 15136
32767 1492 30516
-32768 5916 908
636 -6532 480
8040 6916 32767
-5976 -5668 -8772
14920 -100 -2248
9372 -716 -1956
-31672 14900 -6164
14100 -26388 32767
-3900 -16404 -31396
7828 3384 17040
8616 6304 15836
-3028 -4724 19636
-2560 -556 32767
-10840 -4068 18260
18900 -10484 8904
15768 11248 -7180
-21624 6280 32767
16248 -2216 32767
-10712 3096 12480
9320 -3468 8136
13400 -17180 32767
896 -5972 -10800
23328 -228 32767
-2080 -3592 -12468
-32740 5252 32767
16892 -26308 32767
23828 1324 -32768
18604 -1996 2552
-9916 13096 19856
9476 5580 13076
23400 -10448 5220
-28588 4088 16608
-5064 -15228 32767
-9928 8848 3868
4984 -3580 9252
28020 7824 -736
-18112 13144 -3832
-444 240 32767
-17780 -8480 32767
18520 -13380 -5988
-3060 4912 -13316
-2304 18952 29052
25172 -8664 32767
-17788 -10832 13160
13536 -1452 -3308
4956 15488 17764
-21092 -11104 22300
23628 1332 10692
-1116 13616 13552
-760 -3884 11484
24368 -4560 11600
-4592 -7464 3888
1780 -9600 16744
-28 932 9576
1528 3528 9812
-4992 -6432 29112
19076 3844 -1724
-9540 8 32767
-964 -14992 5100
32767 4976 2760
-4884 11536 7280
-9976 -14752 32767
-2396 1232 17892
13548 -10836 7648
3556 -248 15944
6092 10396 5408
-3144 1156 32767
8 744 27756
1456 -1868 19232
-696 484 11976
14784 -12776 7488
1444 -3764 -968
-60 4300 8396
10732 1492 32767
-11604 -5536 22984
8032 1748 10992
-1424 -3776 27276
13536 -2248 -1092
7520 2484 -7412
6024 -1080 11064
-27224 2232 32767
18256 -27304 19952
-19292 -2408 -1000
21700 13260 3464
-3300 -5416 25452
-5560 -13588 26528
6728 -2376 -344
22348 9752 8560
-32768 -288 32767
13304 -10336 10184
16592 -6056 12832
8040 15912 -8644
-2804 -10972 14776
-2280 -16608 32767
13776 764 -24
4780 3856 -19320
600 7880 7156
-2112 -4300 32767
7136 -6196 21968
19920 -7116 20148
-14916 10352 10220
19816 -3100 13696
-3996 -7368 2380
12236 5732 9972
-2920 5408 26304
-8568 -21176 32767
2568 1996 -1408
3756 11288 6632
-14216 10092 15912
25464 -3020 30568
-23472 7332 10608
20648 -6552 18948
-24964 2936 32767
13684 -1532 164
-10828 -828 31868
4400 -3496 20576
16076 1636 5844
8144 10272 -15792
-13140 -792 -6808
6596 -21724 28848
12780 6708 380
-6356 -1468 4100
1472 -5224 22676
12804 24272 22392
3244 -17664 -1980
-3488 -14884 23872
-5784 -16056 -3352
5192 -20560 32767
-3852 1856 4656
8692 9048 3956
14408 -1876 17680
-20196 -208 18468
24748 -21200 11612
-13408 -2220 4400
5524 -6828 8980
6180 3372 32767
-7672 -452 15580
12716 -10296 10132
-5912 8484 8900
-11540 -15280 32767
16176 -176 8008
8 -5212 -5880
23144 3068 -7932
-12904 29684 29888
10112 -19652 32767
-2064 4116 -3936
15888 7760 13572
-8152 272 14308
13848 -9344 4524
-3188 176 5320
-4152 5712 12828
-1780 6040 24664
-888 -6088 6452
-6512 -4876 32767
-1144 -15504 22336
22136 -9248 -10224
-17084 5804 30044
5608 -18016 32767
-1264 672 18208
12420 -1328 2364
7040 -656 14552
-1364 8920 14644
17308 12432 11476
-4724 8092 8988
-4640 2732 11232
1704 -15852 32572
-3708 -6624 6940
8988 -1000 7296
-2988 5744 5312
1788 -6324 32767
12348 -1208 23208
17276 3212 14120
2388 -2500 15372
672 -8836 22556
15004 -92 11248
-1936 -11188 25720
3644 16196 11440
-23960 -7904 32767
672 10556 7868
7192 -4796 -2516
3392 -8384 26840
-2592 -2684 18644
-284 -9204 23304
-8092 8272 24172
6844 48 16404
11104 -2284 896
-3728 5384 10188
17976 -2808 7732
-6660 -3684 22776
12924 -8832 32767
-8376 -4420 3664
10424 8784 11284
-2572 -528 21844
-7328 -8088 24504
-6120 -8964 18196
19660 5336 15980
-15152 -584 21636
-772 4136 11152
19100 7672 3172
-236 -3692 6788
-4752 -16436 12516
14908 -152 5424
3128 5648 14236
2092 -716 12824
2488 208 17156
11052 760 5536
1856 9256 13296
20964 2232 18828
-12684 -11584 32767
10856 3424 7128
-2792 -11276 32767
3864 -256 17596
21744 11032 -148
-4528 -2260 -8812
-15344 -12128 32767
1276 -13080 10912
-492 -3712 -6596
2556 176 32767
-7468 -7748 26036
9004 -10128 28176
-3100 2140 13332
14264 -11352 24256
15312 7996 -6664
8296 3888 1908
-19640 -9884 32767
11808 -9216 18236
11820 -8788 -3244
5500 12676 27980
6880 -760 12348
-14992 508 32767
7132 -7304 3580
2028 2112 18240
-1932 -3416 23780
3188 7092 7348
308 2304 2688
5196 1888 26936
-9940 -8404 18572
5556 -7020 26912
-1744 -3376 11872
7756 3740 15760
6512 2408 4556
7828 11800 -3076
-3380 -2664 29616
-6880 -17892 22940
-1352 2828 19124
3360 -40 -4056
21204 16548 15496
-15220 -1684 30252
14072 -12180 -700
11932 4740 2656
8320 11044 -12080
-18272 -8916 32767
-3984 -17792 32767
12612 11268 -15908
4428 6864 9112
8316 14984 9572
-2552 -11532 24640
19464 32 13516
7440 6316 -4620
5652 2924 -7964
-19468 -8928 32767
13968 -17148 32767
-7220 10884 -11608
26692 7168 -1632
6096 7284 3196
-29956 -16536 31060
20868 -18248 32767
-1864 6272 6548
-3432 8844 576
-3464 -920 22172
3324 -2360 15708
12008 7652 13868
-3600 5256 19040
-2384 -12704 15080
6336 4400 20032
-7060 -1468 21080
-5000 -1080 15052
4212 3772 25708
-852 2976 9200
-14176 -4404 14848
6972 -1504 14468
3564 -3144 11060
3100 -5920 11496
-10228 -4000 11472
22864 332 28844
-9084 -9084 12988
-840 -8156 8232
4412 2212 30712
14136 2180 6808
4872 3016 4992
1932 -12464 18200
23852 -11664 19340
2796 6060 4880
-2852 -11308 28044
9472 -956 19756
-2980 1124 17644
-216 -8164 26752
-6244 3976 16516
5484 -2000 14320
4436 1016 7400
96 8324 -148
1828 6372 6828
-5372 -4828 32767
-5180 -9592 31752
-440 -2972 15356
128 -28 14732
5364 2364 15100
1536 4152 15088
1476 -4844 21888
9004 -972 4600
3468 -3016 9612
1352 -4728 23536
6808 -5940 14488
1740 552 17324
164 -3660 14916
1536 -3772 17176
7404 -564 22300
3768 -624 10136
-2404 -824 10340
11480 -2764 16904
1196 -1496 20748
-2580 4232 6256
2244 2568 32767
7844 2468 13268
5440 -2136 6172
-4788 8184 13824
-1344 100 23012
-920 -504 19776
-852 -1356 17312
6928 3828 18216
-5696 -3956 18332
664 -4424 14008
13772 2748 22104
1848 -856 16880
2236 -3152 11564
6036 -8260 26648
3160 392 15088
-1236 -560 18340
6088 -4720 14764
-524 -3620 13196
3168 -1024 19012
3620 -6384 22964
3620 -56 12708
2684 -2064 14152
9724 624 14220
11216 5416 8048
-1180 -1772 11760
376 -11088 22016
3968 1380 18224
4300 -56 9184
5068 2160 10872
9636 4424 4220
3024 2464 12816
-11724 -8000 27312
5552 -3904 18456
-572 1708 17160
4868 -2688 22720
2044 -1528 15160
-328 -9656 21192
4456 -6564 22212
10036 9984 3608
-3056 332 11868
7296 -584 23368
556 -3000 15376
732 -3508 14944
-400 -588 25152
1004 -972 13496
3164 -2880 11720
7596 2428 22292
-2904 -2568 24288
2676 -4216 12096
7472 -5060 20836
3444 1356 14312
-1212 -3936 13592
6988 -1976 15396
14240 2336 20396
-3772 2344 12556
-7216 -4628 7200
2392 988 25340
2940 -4912 31036
992 816 16756
8744 -1724 9536
9812 -2768 1324
4640 -11936 32767
2500 -6004 13128
13056 -6528 6968
3308 4752 10884
-2164 -6016 14012
140 -5356 32767
3696 576 11024
-7104 1116 9924
4696 -13484 32767
-8188 1512 21348
6464 -10404 13300
5020 3224 3284
-852 1152 7108
5984 -15160 32767
3780 2940 7476
-3496 -556 8756
9808 -996 22012
-476 1416 13080
4756 -180 19628
7912 840 12464
3364 3720 6052
3244 416 10620
4844 -1156 9500
-1244 1656 11236
7848 -3784 26448
6296 1752 5248
-10076 -11552 19420
10644 3040 18392
-2080 -4500 21292
2424 1428 9920
-8516 -7716 32320
10524 -3300 21088
14228 -544 5864
-560 -6700 2116
736 -3752 32767
2280 -9888 21652
2868 -632 3828
14892 6684 11120
-16 4560 14632
3628 -1108 9916
-788 1304 13228
896 -6200 25184
640 84 31400
3020 -1876 12408
-2980 -2784 10696
11716 3520 10624
1464 -1100 12052
128 2100 5924
-7668 -1008 32767
10844 2908 5064
-8400 -2440 13688
11468 -1968 32767
8124 -2932 2336
2800 -1592 15116
9812 8052 1528
-552 -4128 1440
8968 -4220 32767
3240 -6932 27716
-2040 1016 9356
4784 -2200 7540
4556 -408 19360
2016 -3088 11780
-3320 -4556 11044
2064 -200 21676
2048 -1108 10980
1076 -8548 32767
-5596 1016 8700
5996 -2028 17436
8544 2796 6136
9856 -2892 -6824
-812 -3732 21688
-8528 -10296 31300
4308 7532 14764
10940 -3564 29180
-7204 3924 8920
-4172 -340 16940
8576 -1728 15148
10312 -6704 32767
1092 2620 -3748
13000 2364 5452
-6540 4944 15716
-6776 -23544 32767
2804 328 7284
8776 -5632 10820
9964 1628 2176
-3136 -4764 23412
-144 -8048 17472
-2412 4240 5860
14208 -6688 19844
3016 1272 11472
7204 5464 4064
10012 7924 -424
-7616 428 4452
-14224 -11600 32767
16604 7648 -18024
-12676 -8548 19912
12732 5304 14932
-16124 -8780 17120
21768 -10312 31088
-812 -1752 -2620
-2304 1724 26500
5048 972 5812
-10704 4512 23016
18952 4612 12780
4188 404 1892
1540 940 -552
9716 -11348 32767
-1020 -11044 28468
-7868 -3316 8928
2024 -11332 32767
2524 1400 -2252
11052 92 8164
2516 7540 8452
2756 -4112 3900
4016 -1492 9720
-9688 832 28056
18716 -4748 6328
-1672 -3332 4500
14332 -6588 10064
-8604 -12652 22548
8196 3244 8544
-7204 -892 18236
15020 -3748 23780
-1212 1744 -1088
11404 -3788 -1256
-13980 2056 21052
9008 -6328 32767
-13956 -9564 11252
18368 7100 24204
-692 3592 596
172 -2960 15652
7880 2672 10736
1272 -1096 24264
4860 5184 11548
2768 -4312 18232
3712 -2328 10164
16516 -10808 32767
-7608 3172 -1492
10536 -6004 3668
8528 3220 12004
10712 -944 -1524
-6028 -1792 24324
-11212 5984 27228
7504 -5756 16796
2276 11856 8176
10948 6516 -1388
-760 -1932 30872
-48 -9172 31748
15924 -1908 -5340
-6196 4960 2848
-18872 -5920 32767
4580 -11376 6584
-8204 572 21232
5792 2220 14832
-1900 -13560 8528
-792 1520 24524
2076 -2732 16064
-7296 1952 15504
13412 -1992 19940
2224 684 8480
-3696 -13796 32767
-7028 -4148 -2300
4056 2392 3456
14876 232 9012
13208 -5316 2172
10724 -3324 2916
-19232 -15668 32767
988 -1456 16176
9628 -668 19472
-1212 2904 14804
-3120 -1760 5676
-3320 -4796 31852
3532 -2100 17020
6848 -3776 9972
8068 -5292 17352
-4924 -4500 6732
-1940 -2868 32767
-5164 2844 21864
5988 2016 21040
-756 5992 15540
-2528 -412 7224
10908 -4664 10644
-2992 -1004 32767
916 1060 9740
-3516 -13920 7136
11292 14952 22224
5784 -1040 -3920
-3524 6052 23440
-4600 -1464 9200
-1760 -9372 17824
5460 -108 7908
2976 -576 -4896
12384 -2148 7480
-6768 -3180 27176
1560 -1428 9388
-1240 -2704 20680
20332 12316 9208
-2848 5520 -7344
-3104 1772 7520
444 -17300 32767
17116 -5052 13356
7948 2920 7120
-8012 208 32767
-504 8372 23936
-6312 -7404 22072
12824 -2352 1260
-5892 -3056 11668
13652 1380 12600
1504 -1120 20284
11752 1668 12500
2456 10160 23168
4756 5376 8204
13660 -9176 32767
3776 8664 1824
-6340 -7884 16644
-2192 2256 20916
5072 -13112 14992
-3212 3652 24812
-5656 3736 12608
-1044 -796 31736
11608 -796 8432
-2644 -4596 11392
1792 828 13592
7360 -292 18664
-632 -208 12020
2328 4616 12360
-916 292 10108
22292 -2204 21060
-11132 1228 17320
8192 -4120 7092
1376 3384 14636
6664 -140 17948
-5756 -2180 11284
8076 -9576 32624
3996 508 16264
-1008 -3788 19280
6300 2436 14768
14328 -1416 5988
4200 -6056 6256
-176 3920 18480
6280 -2416 13352
7456 -9408 24032
-1916 -2368 15036
16724 428 16872
76 -2352 20488
-2656 1868 21392
14984 -2728 14304
4544 5768 8984
-4008 4416 10596
1040 -8540 31716
12424 -772 20100
1592 -3164 -1344
-6368 1444 32092
6160 -9468 15860
3624 -9228 19824
11076 6012 13888
272 -3688 5356
7748 -4112 20708
-1288 -4368 15804
8024 -3496 24516
3096 -6304 9672
3640 -456 6296
12808 4056 10488
-13400 -7616 32767
6964 4960 17340
2960 -12752 19972
12740 3660 2480
-10844 -11148 24572
-2688 1200 25240
12164 -280 9020
9680 8464 3360
4072 -6660 23144
3824 8896 10380
-20300 -12844 32767
9984 -2584 13920
7552 -4928 16196
7336 -1016 296
5356 -136 -1368
268 8388 25636
-13136 3688 32767
2140 -5248 13400
19760 -7276 13608
5044 8220 -2440
7568 -2728 -4500
7200 -2968 8048
11492 -3768 9892
924 96 5192
-4192 -11576 32767
8700 -1160 10012
-536 6012 4164
-8340 -8244 32767
-20 1592 18340
18736 -7624 11024
-2396 -2940 6124
-7144 1300 32767
-1792 3284 32744
20556 400 16932
6096 -2456 -11804
-1048 2824 -1112
2512 2804 15288
8000 -10172 31364
-5196 9168 7640
10872 -3876 8828
10604 -496 14112
3940 -4064 8028
18064 1284 22400
-1212 12440 3400
4592 8520 16616
-3840 1864 23368
8 4216 26452
2040 -4572 25440
12256 -3948 5816
7256 -11824 -996
-2696 -2516 24996
-17288 -3096 32767
1836 3060 5184
7800 10740 13688
11388 -2760 3036
8696 -7520 400
-3780 960 12204
-2176 3800 28872
-448 4988 23928
-7788 11032 32767
6404 -7208 14236
2136 -12548 32767
10832 4740 2560
5844 -3384 -5548
15204 -5436 -1580
3396 -8572 8592
-12960 6656 32767
3628 11124 18424
-11152 -3732 10224
4268 -4172 19548
-312 -6304 20532
-3644 1696 16444
2648 11612 19952
15896 -9428 9332
-3900 -3828 16212
7232 2988 6568
3156 6620 9936
18732 -3748 7764
5840 -4880 636
-7264 -176 32767
13608 -1900 31936
11876 9184 14232
336 6960 24560
6552 -7588 7084
7204 -10016 27660
-12564 -4152 18836
3740 10644 23960
12552 -2044 13324
17600 796 10560
9108 428 -1504
-11668 -2212 21816
24264 336 32767
-5928 4616 11856
-3860 -968 7164
17448 6932 32767
3804 1396 -1560
1228 3564 4452
25672 -5528 15404
-6760 -608 -10508
-5400 5108 -1900
3260 -4232 13532
4256 -1128 9864
-1180 -1952 15716
19396 -8648 32767
-7576 7432 4220
12036 140 460
8412 5320 3768
5228 -2168 8292
612 -11628 26680
1524 2152 31524
160 -2648 11948
-4088 3984 27344
14532 2580 9064
7508 2632 11252
-3748 -2208 4656
10036 -5816 5248
380 -1208 19944
6560 1116 13788
1280 -7084 10264
-1300 -3172 27352
-3456 -1964 22032
12560 10484 15248
-504 -196 7788
12520 740 5264
22020 -688 12656
-7588 1820 32767
15852 -4028 19804
-2436 2476 4304
-12008 9220 27388
6088 -88 32380
-392 -784 14876
12476 1168 2904
-14692 3924 17588
10732 620 21572
-7172 -1744 25360
5240 4060 5756
2528 3072 4780
26716 5268 7396
-15648 2644 14800
4972 -7816 32767
19324 -2572 6876
-5812 8520 -13436
7112 6504 32767
15952 7848 20312
-13752 3724 14268
18728 -6340 8652
-1360 -8140 30776
2356 -6120 820
8368 2844 15948
6600 3528 18652
3332 216 544
-652 956 32296
3648 2128 32767
1920 -1800 -9412
17996 -1008 -16848
-24312 6080 -8024
12240 -10936 13616
3152 5668 18220
-4024 7008 6104
11976 -4664 32767
5412 10152 4032
-10312 -4060 27348
19356 5252 5448
-14724 -4172 26884
10236 -7308 25632
11676 8076 -596
-728 -7252 29968
-4028 1544 5644
14880 -4960 16916
-8596 140 19336
5176 5800 23676
3308 13104 6776
1292 9020 2580
-628 -3324 14824
4140 -12620 32767
9468 -2380 12816
-992 -2396 17760
14488 -2904 10524
8840 3940 23020
7420 10128 12760
-996 -5184 2420
11444 -7892 11332
-640 5896 19424
3936 -4488 11344
11472 -2436 22940
-7092 8136 2816
1328 7288 19836
4428 3644 29252
10240 -3144 27584
-12160 -5480 1660
32767 -3068 18288
-10600 11412 16420
472 -6176 7980
28472 5208 2568
1188 -448 6424
-32768 2812 32767
31184 -20988 32767
-7044 8080 -13116
14784 9632 13704
-4588 620 32767
-1368 -6036 196
10088 3728 1464
-3896 2876 22600
8608 -6484 12948
3668 3384 6604
-11416 7832 9032
13036 -5796 9276
6220 1484 784
-3756 -588 17052
872 2816 17820
25464 -6416 8940
-1460 3552 -8776
-23164 -5856 32767
15848 -5304 32767
1612 -6088 -11084
23552 12988 2644
-17440 -252 9608
19632 -15352 10452
16228 10000 10056
-18832 6932 21668
15940 -7372 21432
-5976 -7324 4264
10404 2360 20632
-16384 14728 19296
17360 -5812 5388
-9100 -12840 22240
4888 -11556 6976
13556 -5068 17460
-7172 8060 -7228
6104 2112 32767
-5432 -5408 32767
6352 -3604 -13944
13664 5656 13008
-4044 -5488 22912
12452 4876 10620
2996 4740 12116
976 -3900 22744
10660 2544 15700
-892 1484 12124
7956 -3500 22836
12396 1528 14660
-9352 -2656 11740
7784 1296 20612
17880 2360 22384
-11560 452 6480
-6616 -396 4924
22288 -11824 32767
-11292 5212 22696
15452 7928 -8276
-3756 9320 10216
19184 -8280 22580
-752 -12944 6208
-4012 -5208 1152
7724 12828 22580
3264 4152 4152
-3308 5224 14688
1824 -5784 14632
492 -8464 26248
3768 -4180 19740
3600 1968 -3184
3560 4356 -12048
-212 -1800 12388
-2064 -5872 32767
3984 -4836 15416
12496 -440 5712
21840 -36 27116
-16704 -1452 14992
18552 -9560 24576
6132 132 22248
3764 8372 -232
5152 764 26852
-5560 208 25776
6384 1524 11332
10928 -8516 6496
8152 -3988 12864
-2240 3016 29692
9336 -2292 9516
14724 880 4464
-8972 5588 8004
4560 -2760 26704
14984 -6196 32767
-16368 3308 1788
16400 3948 9272
12128 9192 15504
-5276 -3924 21676
6360 -4680 20696
2384 11392 1032
-1516 124 32767
6860 -6768 10924
1328 2004 224
12684 -1508 13796
6140 4708 5576
-10112 1348 22868
1092 576 15176
2432 116 23520
2028 4332 11188
9524 2724 8796
-1992 2728 14932
8916 3820 10220
-5824 2068 20392
12232 1916 13268
2148 -3156 11008
19260 1140 6756
-14304 -1648 32767
17776 -8548 27304
1272 14800 10524
7500 7796 9124
10284 368 3120
15720 -2996 2224
-15584 -6060 17104
-32 -14948 32767
10088 6200 1984
9656 -1576 -7188
10456 11224 -1568
-5340 -4060 32767
10488 -10600 11644
12412 -2316 2892
-14856 3772 12188
15060 -10876 25748
1580 -896 11476
-9460 6664 25500
-864 1516 16636
10596 2628 18400
12496 -12616 23516
-1084 -3084 8820
11004 2416 13440
3276 13536 4632
-10176 -4112 8676
11920 -10640 32088
4416 -576 2632
2724 5596 1656
10516 -380 25236
4968 -3556 19452
6952 -1644 10716
-6024 -1672 19980
1932 -5912 32767
3556 2168 8
3820 7808 7152
22692 9084 7232
-4500 -352 16476
1424 -11612 20176
18896 8196 12936
-11688 10268 9248
-11908 -14464 32767
-240 -6984 7212
27552 -740 6192
10284 23808 1192
-14352 -280 -10008
-1048 -23848 32767
56 -9268 10952
7224 1708 -9872
8220 13748 64
5516 8696 11300
-3904 -540 17276
-4992 -6308 25780
9336 -5884 24596
11708 7692 5728
15420 9284 -1884
-3232 -4808 15084
9224 -8624 13048
-10772 -11568 32767
-540 7756 6424
23980 -152 -14076
17920 7900 -5776
-5292 356 5020
-580 -21488 32767
-2236 -9220 8248
6612 10812 19612
3296 6732 32767
3392 6188 -6792
7956 -2640 7232
20476 6484 8228
-9556 -2424 22920
2588 -15656 28104
4096 4640 9528
7216 12560 8828
-2892 1392 26720
-3432 3232 24544
7108 5188 15288
5228 5780 -2956
11868 -4332 21588
-12524 -5764 21332
8656 -452 32767
5248 7968 16724
-9568 -3444 12540
22248 3656 20856
-7232 -7008 804
8004 -7148 12904
13116 9168 28596
-10076 872 20776
-284 752 18708
-5624 0 6796
13512 3604 12552
6768 2400 13496
-5780 -1056 13392
8764 1400 18436
-11696 -3100 25900
16452 11348 19932
-72 728 1096
7156 -10588 5748
7484 8268 29784
-21692 -7880 28140
20936 2120 20236
7912 632 10108
8468 2128 -3612
-4628 4596 18664
13832 -5352 26304
-3528 2232 11916
14456 -1976 5604
6028 4228 12096
6708 5888 11624
9904 -8512 32767
-10416 -6996 32767
3760 -2172 17060
4708 10440 5808
12544 11800 -14336
5044 1176 21816
1672 -9912 32767
1200 -14136 -6996
8452 1976 8044
3924 11064 12040
15496 -340 5928
4592 -616 10064
4336 -5080 22804
7816 -1696 28828
-9076 -16160 7704
-1884 -5092 16512
-3668 7368 24844
-9476 -9420 13460
17152 -2304 10468
13788 4272 6916
1308 2356 11188
-2640 -6432 8608
2652 -308 22996
6504 -5684 18236
-6184 -5336 26040
25244 -4796 3184
-2332 11112 -4076
-4880 -3688 32767
6524 1624 10996
1976 -896 6472
12356 4848 5716
-4744 3848 22284
-2800 1284 32672
-724 -6004 32767
8556 3028 -228
10544 4672 8068
8968 2832 -3476
1532 -3284 10424
-8456 5056 32767
9568 -14152 29116
-15196 -248 3380
16564 5456 2320
10920 7184 17076
1452 4808 -2976
-4016 -2200 15968
11900 -12980 32767
-1604 -4604 14448
908 -3252 9680
13016 4172 18288
-8556 -2040 32767
3256 1120 2664
16608 544 7724
12476 8708 32767
1308 -336 15972
-16 -18500 32767
10240 596 2348
7364 11988 1216
3680 16912 6032
-9188 -2908 21444
11600 -14524 24408
-6040 -1768 13380
5108 -2880 19232
-3000 2608 32260
5008 3424 4560
5056 -864 14700
2452 1168 11320
12764 1604 1736
-10032 -10788 32767
11936 -6768 1628
12760 9508 -928
-584 8416 11860
11644 -7644 15116
-5820 -11472 21332
6740 4344 15568
12104 11504 5472
3024 -2812 32767
-4608 180 8036
1660 -4640 29592
-1660 1260 9104
-928 -8908 32767
-3608 -1532 15856
6460 6396 11452
16364 6440 18900
3120 -1696 -4472
-3184 -1820 27908
2280 -3632 14256
-820 -5480 15976
8924 -960 14188
8252 8448 19192
-688 -5968 10624
5436 -280 14892
10520 -304 25308
-3252 1888 18312
4096 -9036 15156
17448 3444 7012
-3844 332 -608
2008 -3288 9344
-1288 -664 18108
-8704 -1940 32767
9856 -1040 11224
10316 3492 3488
5036 6652 9428
-1084 -768 18140
8772 -9576 32767
3428 3688 10340
-1980 -1528 11224
10040 5104 31312
8064 1280 10124
10628 140 2692
648 2944 10000
-11724 1056 32767
3712 -4976 18992
10528 -28 6648
1852 8228 2692
3564 -688 21660
96 -1964 23300
1476 -1564 28328
-3704 -4840 13108
8004 -4796 10072
14036 4544 908
6804 4792 1076
8572 6020 10520
-18524 -10448 32767
21196 -13260 9192
10352 4604 -892
-3064 4028 -7812
-5772 -3128 26264
-2636 -4144 22104
11300 -3128 12716
11368 7344 -1136
-12660 -220 15444
-2176 -7876 32767
7820 -4720 -1372
8164 -1944 11688
4448 2312 13472
4696 -3796 5836
21908 -1384 28812
-5996 1592 2948
3372 -2332 17208
12132 -4708 24840
-14028 -2576 12000
20744 -1504 17912
-7612 5768 9436
5732 5872 6020
11084 2428 6944
-2548 6440 13964
-2592 -4764 17784
-1504 -6060 24700
5848 2240 20796
-4784 7332 25232
7160 -972 8776
8796 -1368 4464
2696 3192 6564
10784 -5024 6484
-2016 -2792 32767
6656 4400 15516
-2912 -9424 22648
9324 -448 15960
-3196 9808 10820
7512 5520 10572
-916 -5868 28172
7624 -7484 19644
572 -6392 11400
11116 3640 17816
7900 7376 1752
6908 5392 6920
-2408 -6004 25324
8892 -5808 25880
4508 -5624 9468
-284 6780 10672
10292 -1488 13808
6248 11484 13296
7768 5780 23476
2976 -1440 11240
-6364 -6216 27812
14220 -1096 19412
9108 4824 7620
-2456 7552 7556
21516 -1096 14996
-5228 456 8644
560 -2284 24240
5460 -2632 18320
5752 5204 6468
9020 6676 26108
-1656 7832 8772
-8760 -664 24208
9224 -6168 18652
-4912 -900 11196
17888 7152 6856
-1048 7688 10388
4472 -2408 26760
4848 -5068 13520
11128 -5004 6088
15332 6596 5056
-7828 1244 6516
-4376 -10268 32767
11880 -3236 10112
-12200 2676 -1360
12112 6944 8400
-8460 -5060 27668
-636 -6080 32767
8568 -11696 9796
2536 4520 7660
2112 3212 21820
9756 -1944 8296
-11556 7584 11224
5528 1728 12508
17568 -5948 6060
11420 1636 10664
-6464 4324 14752
6992 -13588 32767
-3508 -84 7184
-5684 7612 12572
9776 -8704 17428
-16848 13308 25212
15092 -1904 18152
3312 -856 8044
24756 8560 8732
-10072 2244 1732
-13628 -2444 32767
21488 -5416 32767
1772 -32 -26008
1784 10432 13172
-6044 8740 23968
17640 -7580 10580
-5872 176 1812
-7140 1952 16856
-820 -7588 18960
-2640 -1372 24416
14304 4560 15760
15456 884 5440
15192 4 400
1396 -3240 4728
-1924 -15132 23144
21540 -2412 8072
-18944 5552 9624
-428 1960 32767
4000 -8884 18188
10752 -5668 4712
-896 -4496 -1012
5376 380 12632
-824 3176 23620
15932 3052 26024
-7176 -1264 -224
11820 -7476 16628
-14180 -4012 32767
-3836 -4100 24324
12020 7632 11036
-1076 8616 9972
8000 3996 10304
4300 1040 18892
4604 -4828 8492
-4732 -11984 32767
3744 1708 11260
736 6640 21888
11584 2932 24432
-5776 7352 10976
-1500 84 13900
19212 2188 22532
-6904 -8228 9720
17868 2132 -528
20216 6248 2900
-11756 2428 15636
-6204 -6960 32767
11892 -2576 18848
-412 -540 8568
-3732 5860 13032
620 -4332 32767
-868 -7768 24468
7152 -468 6356
6964 10324 10456
-2932 -652 22708
764 -8684 32767
5812 -4580 15128
9332 3548 -2716
5764 5696 -56
-2944 1388 23956
-2156 2024 26344
9240 -4184 13912
2956 -14376 23860
7436 9900 16400
13572 -4752 22352
8452 3768 -9044
9184 -7780 1816
-3036 -13668 32767
8328 6852 12104
14876 -2100 18964
-16968 -2936 27840
17612 1020 11748
-5408 4260 19696
12388 -1444 5884
15672 -4932 868
-9164 2424 -1020
-7916 -15924 32767
-8160 5644 7012
9440 8968 8104
15696 4200 32767
4820 3380 7572
-9452 -280 9508
4824 -9176 16708
16808 1464 9184
6856 3024 -2468
4968 8864 -36
-20388 -2180 32767
12368 2696 22556
-5736 -5588 32160
22652 1252 -5604
3432 -5564 10620
-12400 -2152 32767
14280 7480 25392
-3432 1172 11400
12052 -5328 32767
-12592 -3716 11192
17120 -6652 16796
-14568 3984 26708
-2908 -6160 19252
26188 2476 10620
7756 8612 -4008
444 2856 2060
14608 -12804 32767
-15572 244 16952
13180 -12648 16528
-9620 1012 13452
-8436 2136 29188
20320 -5516 24468
8672 3976 -4064
12132 1704 14048
-1088 -460 18776
-11560 -11888 32767
11412 1288 5300
21272 5344 1108
3120 4096 8888
-6412 -2648 20016
17404 -9200 23232
-12548 -852 19652
5008 -3204 14832
14496 4780 11584
836 3472 8548
-5292 -36 24596
532 -3960 20744
9740 -1668 14064
7440 5048 6704
5432 5700 14008
3976 1604 22160
8996 -6296 19660
10784 96 7268
792 6024 9220
-4492 2376 17836
1584 -2440 20132
1300 884 16628
12928 -200 10668
-1568 6096 3412
-7620 -12124 32767
8184 -6720 11384
8396 -7860 3560
13088 7612 4724
-6248 1668 12672
8612 -8564 27052
6044 -220 10612
5184 672 7260
5404 460 13952
1912 3064 13756
4120 2136 18120
404 -4864 13820
9844 -4188 17712
13316 -644 15160
-8844 2404 12388
-6352 3308 20996
13564 -4072 13696
948 -912 17204
6240 1732 17832
1040 2272 10480
8048 1656 23452
3120 -2748 16620
1920 -1372 9676
8100 3464 13580
10632 1056 14732
-5492 -796 19528
-1748 -292 20868
10936 1456 17964
-76 7732 11340
3552 5204 9256
-2416 -4760 22540
4168 -8584 21108
3668 2608 4588
3968 2624 13652
3736 3136 19124
4160 -872 18240
6032 -2764 11320
248 -456 15996
640 3536 23016
5344 -156 14892
10036 1860 7496
-1428 5476 25632
732 -4516 26064
7268 684 14388
508 1128 8792
5208 4368 13320
-836 2968 32767
2684 -1128 17208
4412 460 11460
20460 2528 15580
-5752 -5108 15256
2608 -4752 24520
14180 4768 11508
3832 4464 -2456
5400 9660 1308
-2120 -2296 19580
21156 -1924 4504
684 924 -7836
-3072 -4596 -3540
3936 -1944 32767
6828 -9416 -4396
8832 -7312 -1136
11488 16056 30800
3428 2232 -9468
1892 -11532 21160
4328 -17912 18256
6204 736 -3204
9592 10852 2480
10988 1780 11380
-12280 6948 25800
7892 -7084 23228
-4148 -3136 4944
-72 -2896 27116
824 576 13940
2996 4428 20340
4948 5072 15712
-6196 -4492 32767
-3896 -2116 7272
12168 -7728 11800
13904 3304 -5364
608 6476 7800
16116 -6968 28648
2684 -2464 19884
-8528 -4844 27996
2072 3584 22712
3224 9552 15588
17300 13200 -6136
-17652 2156 32767
15216 -11796 32767
5648 -9740 -13812
20540 8680 -10764
-23340 7084 12156
9548 -16284 32767
7720 8860 -4632
3032 -1148 -1808
3548 7224 32767
240 4272 11676
12072 -6404 7868
18200 -904 520
-16628 2152 9652
-964 -3024 29964
7576 452 6568
8896 -668 1920
7064 960 14404
1788 -10724 17332
3404 5500 32767
2928 -15992 -12400
12148 -4560 1576
-808 8048 21852
664 4320 14800
-3784 -5608 12256
13432 -13740 19300
6768 -3220 21796
-12492 4216 11320
2536 -7800 32767
6848 3276 21412
3588 1740 -2048
3396 -2296 8232
1052 2460 22748
-9832 636 32767
23696 -6100 13120
-8908 11000 10652
-2312 -5532 32767
6508 -3808 18452
5492 2468 2168
13980 7264 17268
-16620 -5108 18304
1360 692 29204
8480 -6960 17744
612 3040 11936
8184 4872 -708
26636 6024 5124
-18924 -8316 32767
-1160 -16212 32767
21108 5908 2648
3884 17180 5316
4996 9664 18848
2148 -3524 24288
15820 -15644 14488
4900 1124 15188
-11324 1112 16568
20404 -7172 9136
-3924 10436 19744
-3884 -2092 12196
8004 -1532 -112
24716 9060 2780
4556 8548 -2452
-3116 1120 10864
4520 -15092 32767
-11740 -12520 11684
16344 11180 7712
-10876 15380 11880
15208 -684 23340
5080 -9760 11692
10456 -9268 18988
-8704 -10148 17756
15900 7844 14764
1936 3024 27316
-660 -2500 1948
-5396 -3184 24228
6980 464 21560
-924 6984 -2400
-1828 -2940 14532
18192 5756 9644
-11688 -2132 8872
14216 -4740 19316
-3788 -4864 16188
1220 -2448 9964
5576 -6556 28688
12028 7928 716
4188 -1588 4924
-8496 -17076 32767
5640 -3684 20916
2504 -7648 7360
-9940 -2816 32767
1688 9808 10212
-5412 1596 26460
5512 68 20312
15992 60 -2976
6580 928 8084
700 -1492 13364
21244 152 9996
-4704 3796 17184
-1400 -972 30104
8676 2144 4708
-5048 4732 8048
-2220 4340 27520
7520 636 18172
6616 2612 22984
10408 448 12764
12864 1876 -1424
6012 7316 18512
-5340 -872 21864
15944 -3288 16728
-2340 764 4720
-11328 -3436 17944
9488 -5808 32767
-416 -1300 14484
13904 9896 464
1888 9444 15248
4920 152 10124
8548 -2020 17632
-7972 1536 4528
14780 -13904 3136
4668 -2944 20972
-2456 -4956 15712
9296 -1052 14856
448 532 17840
23188 2452 6488
-5208 2000 -2848
-6300 3700 18644
-836 -7248 25416
6588 2600 13592
-6232 -6092 21172
10604 -13180 24896
-14444 -1572 19600
22592 8600 11680
-3000 8888 8292
6076 76 11904
4280 -872 10592
3684 -5028 13008
308 -1788 20084
4824 780 13784
7916 -2024 25484
10932 3544 10748
3316 -5260 22120
5412 4316 9340
2008 1100 9708
14096 -3276 21232
-6596 -720 6248
1488 -8332 23316
19548 -3144 25108
-20820 5368 13076
25456 -5432 32767
-8812 -572 -9768
3896 2056 12548
2544 -2360 32767
-15576 -12296 20228
14952 2340 14888
4572 8948 1904
-4360 6932 5168
5440 4776 16840
-420 -11304 5468
7692 5048 11492
-396 4672 6048
2460 3744 32767
4480 -1600 12636
1672 -384 5596
10452 3576 6244
1640 3236 12412
6608 -10452 32767
-1664 1032 8468
8464 796 12740
14392 1452 24612
-2992 784 11920
17592 -1652 -2348
-6260 -11524 32767
-6028 -2940 13512
21196 -3328 23544
504 6260 13660
-11592 6848 10156
13016 -2156 31856
-40 -672 17944
17212 2700 12448
-4688 4 10956
6040 660 17852
6384 -5612 30196
5588 -1768 5072
17200 6412 -820
2312 5208 9440
-11636 -7604 32767
8952 -16636 16812
-2512 10636 11592
21476 12968 9440
-9964 12604 6076
2664 -8624 32767
3092 -1452 15388
-4488 -12296 2296
19756 -1036 7732
-15372 6080 8968
15992 -6216 9172
10260 4324 19728
-10636 -3424 24332
10316 4332 18692
-796 -416 14632
3252 -6396 8340
15176 -3496 26084
5984 7264 7888
-5052 5032 20088
9420 -2164 948
1336 3156 8244
-7736 -14260 32767
7384 7960 2024
-3488 -3812 27708
18100 316 16084
-10716 -1980 5824
11832 -7352 20472
-4132 540 17724
4824 -920 22368
-8644 524 26468
8784 -4468 21076
2304 -1408 10996
9040 -1564 -956
1808 1064 12504
232 -116 31096
-4468 -4144 21384
12920 4072 1460
14456 -872 11840
-10600 1076 22148
8724 2772 24568
14744 -3716 11412
3888 3976 15884
12028 1544 8988
6160 2840 6096
-4384 -5236 21968
-3840 -776 32767
11156 -2112 11556
5916 5780 -5732
10344 6176 14308
-488 424 17384
10172 -11272 29184
4288 548 -3972
2424 5032 540
5396 7444 18180
-2944 -2192 32767
10652 -5648 21196
1116 4752 6472
4620 1080 32767
4460 3616 1512
14000 820 2584
10020 -700 1488
-296 -9796 18504
-14812 7360 32767
18864 -8012 15388
-428 -2016 -15156
-15648 796 -15324
-1856 -4428 24132
3556 -1768 -1732
29428 3868 13968
-1768 9748 296
-19064 -3252 32676
28092 -20264 31068
-6040 2180 -968
22584 12748 3324
-16880 14760 22028
-6868 -10228 32767
6316 -11816 10468
-8300 5776 1308
15904 10812 19572
-27608 -208 19272
12352 -816 15776
-9668 -4040 32767
21380 -8640 8428
140 -5508 6716
-6664 10800 8248
8820 -2832 32767
4560 -1508 14012
8496 -5864 10632
23436 4780 -2680
-17320 3124 21932
5976 -9048 20888
28732 6616 40
3868 -7248 1168
-12572 116 24528
1920 -9380 32767
3436 9988 3708
14228 672 864
8792 11912 1616
-21232 -200 30292
14068 -14804 21332
1584 3016 3524
-5528 -2876 15732
6596 1452 13836
13916 11032 13252
5480 3688 2836
9312 744 17052
-21168 -8724 31572
14368 1652 20104
8148 -4612 20100
1732 6304 3912
2668 -712 -2060
17648 5664 26828
-11040 -5888 7304
10096 -10264 29372
4492 612 9764
488 6688 5624
-3232 4952 10368
-8340 -6036 32767
-2420 -2476 15168
2776 2028 -1976
11188 8928 12232
11028 4796 18052
-7476 -3724 32356
25448 -4396 3064
-2440 4600 -772
-9416 -3120 32767
5928 -3156 28772
13352 -4024 -2472
7712 3980 28588
11244 2240 44
-5328 7332 -5772
-2916 -10320 31992
6584 6372 4212
6764 -5460 14172
7304 -3252 -1028
652 4636 6412
2668 24 28564
4056 -232 -4136
-1540 3436 15168
-3496 3516 19808
16352 -5076 17732
-4104 1976 2708
4172 6420 7100
25460 -8232 32767
-15828 436 8152
-11444 -13652 32767
11580 14376 10804
-7144 312 14804
3580 4924 26892
-3296 92 8808
6488 -5336 15396
-1164 -2960 32767
300 1140 13928
11892 -13364 32767
18244 5056 1496
-6744 1460 7360
24852 1160 8116
4188 11136 -6408
4624 900 5144
-16868 -16100 32767
8864 -11152 3876
7652 -2444 472
-5504 18788 13124
872 -8848 32767
9180 5252 13728
-3272 -3816 -7068
13076 3048 1788
-7512 -404 31644
-4608 -5252 24928
19640 5260 5280
1252 -4212 30988
-1452 4680 20164
4592 356 13972
5108 -7868 8584
9152 1840 12204
-8136 556 16700
5712 -11572 32767
3308 1860 4236
-6160 2456 28864
2004 11704 23756
2536 -240 5532
18940 280 5532
7072 1460 4516
-9144 -3612 19148
10468 -17344 31128
-2296 -3936 5148
14236 5284 5176
1960 4124 32767
1244 -388 7580
544 1852 32288
992 -7632 11192
9924 6496 32136
-7984 -4 4232
10896 628 10440
-6396 1384 792
9876 2140 13040
-16096 -3404 32767
-3260 -7932 28228
8716 528 10960
-1844 7956 28888
10344 8220 13372
872 2300 3896
15960 3488 8108
17064 3148 5776
-4796 -4544 3368
13840 -10468 32767
-8228 -2380 19460
68 1576 18004
2320 10428 11304
-5264 -6956 32767
10676 -2452 18444
-10988 7672 11096
19260 -9244 22744
-5608 6448 -1564
12656 -1784 9956
-1468 -12496 24672
-8408 -3180 32767
4196 3096 26504
8412 1060 5432
11728 12104 -32
1864 4164 12416
13364 -572 16340
9832 -9800 8284
-2564 -4812 13212
1544 -1576 27052
6756 2884 7868
5364 7184 12672
-7628 8048 9984
208 3680 18028
-2492 -6320 17580
10968 -3628 19812
2028 340 -3236
13484 2860 6852
11684 8928 18060
-15060 -4276 23464
11240 -1816 11380
7276 9520 7296
6228 5696 -3752
9636 1768 6492
-8160 -5724 32767
9116 -10056 31240
3160 7592 -1188
-3888 92 10328
18844 -4304 26620
-9960 -1656 13928
312 -9108 22804
12292 2340 17992
3892 -580 16808
11732 -464 7932
-5784 -1076 7260
-564 -6012 17300
-864 1464 8912
9584 -2844 17536
2552 3176 10108
2188 2324 10912
-3984 -4836 32767
7116 -48 12024
10120 4528 6256
6868 1172 11036
-8556 -4256 24400
3476 -13356 22672
11576 2860 20120
-1584 8888 7576
5144 -80 29136
14492 -68 17700
-7096 -4872 3860
10560 -3004 13016
-15280 3480 29052
15848 -3092 13640
-10104 -3904 14716
15708 3736 18096
4132 -2732 15152
-1448 -1060 13372
20596 36 12556
6092 3820 -6200
-9680 1060 32767
-4388 -1256 24240
17320 -7624 28072
2124 5980 -8112
6208 2076 6260
13164 -100 30420
-1236 -7256 2988
-6964 -3020 17684
6460 -2204 32767
-1620 -2536 5860
17324 -904 9824
11864 9480 12096
-4280 -3788 15040
5848 -4548 14332
5444 -5064 20572
-492 -5696 9416
12052 11120 13556
-9036 -7580 15396
10608 -3928 27844
-13468 -3276 13780
22552 -4864 21220
-7064 6560 892
-1404 1500 16404
-15056 -6812 29024
16316 -15476 6456
-14448 -140 21864
7516 -3636 16488
10120 8704 8128
12328 928 28244
2240 1176 3156
-416 -7492 32767
-1648 5600 17860
9640 -5176 14288
15412 5892 5036
-13752 3516 13008
14276 -11748 22960
-10424 -1900 18324
-1212 7064 22072
19104 1344 7172
8040 5128 4800
-3264 2884 16948
5092 -7212 12044
15096 -5048 5868
-2748 -3260 26652
-13324 -11948 32767
10572 -1916 3880
-804 11948 7236
-3768 12940 4828
10968 5516 17988
-5908 -7540 22004
12204 -13060 16052
-2316 -5808 16556
7992 11704 13176
9388 6668 3012
18028 7480 11748
-9460 4660 10624
-6848 -5716 29316
892 -6668 19500
2888 8144 17492
-2320 7344 11140
-6144 -1000 25868
15684 -488 15456
5464 6708 -7596
5948 2036 2992
1052 -3404 32196
2280 -4996 24820
9252 -6936 7880
9324 7864 2472
-9276 3844 13104
8320 -9628 16756
5844 3212 15712
24368 4644 5700
-15264 1288 10100
980 -8692 22760
-1664 7596 32767
16 -4044 26056
20776 1132 2412
4924 12852 -11468
140 660 -6612
-4424 -18416 30320
5936 8324 9700
-8320 216 19772
11164 7392 3408
4544 9356 4684
19916 -1660 23132
7976 -176 13272
-5596 -5764 12988
20320 -7904 30300
-8512 10372 2692
-5768 5484 6944
2808 -1148 15360
2964 -7952 32767
-4400 1172 18188
1480 5416 20016
4500 2840 7348
560 -836 9600
11052 -10808 28744
204 -6380 17308
5348 -1248 13124
2976 -7516 18088
14920 8952 8352
3008 8500 13512
11884 -4564 13480
13560 -4000 8752
-7480 -3416 16768
7668 -4936 23992
-1996 4132 6700
3008 4988 9332
6280 4020 24012
-1896 -1428 15592
3100 -2188 23960
-3980 -2720 13168
9728 2912 19044
8796 8132 10456
-8288 -3972 27348
13000 -10772 20264
9424 -6848 15428
3984 5244 4892
5524 1696 11580
3296 -2072 13828
18456 -3168 22572
-6440 13384 16168
5160 -11492 30692
-7456 4360 4280
11408 3016 10016
-236 10072 6160
3464 -7044 18324
1604 1500 32648
8908 -592 14072
6812 -912 15956
3760 228 18200
6660 -6444 17644
4140 -1072 14804
2092 1040 11108
9816 5164 11020
4120 3200 23208
9584 3176 9024
7068 -164 14044
-4548 316 17052
-4616 -7500 22928
8772 -2308 16352
1772 724 13008