3960 2952 11080
-904 2760 13764
3868 -284 20792
5984 1424 11936
1892 716 6316
5516 2852 16968
-1416 -1872 24244
3604 -5764 9064
3592 1780 12876
1660 -320 13648
6204 -2344 16632
9536 -76 20632
-3864 -2756 11500
11828 2180 11344
264 -5104 8312
10676 -4472 13544
4164 -2668 17632
1120 2516 15124
3644 2744 13728
-684 -1712 16608
2900 1664 27900
3148 -224 12816
4880 -6976 17860
8448 -4048 19908
1516 -1364 15336
3504 1588 14592
-640 -1964 21880
2380 -420 5524
1148 -488 16000
5476 -3412 8332
2788 -1744 10848
2460 -1292 13804
4560 -148 20852
4888 -3216 17892
804 -264 11132
7488 -696 17088
6588 2644 17900
8076 4352 4304
-2104 3624 15460
8516 1680 17252
3544 -3044 22996
644 -3088 16480
3904 1608 18640
-1308 1676 16112
5940 -228 20168
-168 820 15580
6120 2556 10996
8384 2508 12808
2108 1476 9968
88 -2916 19444
4360 644 17764
324 -1316 23124
3176 -3128 20328
8896 -1444 12152
8208 4804 7708
1352 3516 14104
1344 -1484 16700
1616 -1588 16716
-628 456 15600
6424 2832 21980
788 3488 10644
3988 192 8144
3148 468 16376
3396 1080 15820
3696 -2024 21376
16 1676 20100
4392 -2284 15768
3660 2552 12320
6744 1448 9804
3540 2488 14180
6440 -324 13708
5120 -1712 11828
6088 -4500 13900
7404 1280 19676
4336 3080 7292
4720 4680 10616
2088 -1528 16936
1244 -1520 11168
5420 612 16564
1924 5816 9512
4408 -536 21820
-1688 -5036 14580
6628 1284 9924
6704 7344 8252
540 4196 12896
2528 -3764 12508
5644 -5596 19404
3792 672 9332
-16 -8 6452
-868 1848 20836
5120 -1880 17616
10340 1244 10516
-1940 1524 16148
2348 2500 13632
9300 -7080 20344
764 -4304 20836
9748 2236 7036
1748 -328 17276
4280 1132 12824
844 -6680 22148
5176 176 10140
5260 -4244 18412
-564 -4300 26560
2768 -2200 16912
4556 2464 13624
5164 -316 12184
32 56 16896
11264 -3004 19292
-2592 -1428 20108
7900 156 16572
11584 -1560 12508
-2064 5472 5396
6496 1308 9048
6452 2452 11944
1884 -2348 11552
-980 -2260 22080
9912 -104 12956
-2764 -1076 11556
2908 3108 29592
8880 -1780 11500
5636 -9792 15824
9272 7556 19144
7056 1616 12096
1596 -8616 12056
2148 -4032 21792
-480 -916 20472
4528 -6048 15676
4228 3984 8796
2112 2080 24852
8316 -1664 5116
-160 -1108 12476
2228 -4404 23720
-1780 -1548 8804
6388 1884 9620
772 2372 15876
3624 -3168 25896
-1412 -1488 10080
10092 -128 12816
-1536 -2596 27544
-3148 -896 13232
4568 4740 12448
3328 -1232 13148
-2220 3292 12508
-628 -5464 32767
3508 -3800 17092
2560 -3464 11480
12940 6316 8328
2296 4932 2784
-5920 4484 18800
-784 -7628 32767
4816 -4796 9984
11600 7132 12864
5316 10424 10528
4076 -2344 15076
4108 -5928 18804
1568 -1144 14404
6716 2368 13788
-656 -580 15356
2284 -532 15828
1944 1164 11744
1992 1544 15188
4564 -1776 17732
4512 -6676 10600
6084 2660 10616
4768 208 18112
7780 -584 14216
6020 -6660 15668
2168 360 5868
9016 2712 11552
-2204 1348 18260
8824 -3832 10056
7160 -3916 15228
-7436 -984 14652
7580 -1296 23020
-400 -1604 18384
3776 424 8068
5936 -404 12260
6948 -2328 14012
2848 -1948 20692
5412 -676 18604
8056 3848 11716
1108 1196 14040
2352 1580 17384
-1116 -2432 21936
3264 -1500 16596
5560 2756 7160
-1544 3252 7368
4248 -136 10664
2576 -2204 18028
-300 -2372 16188
4312 -508 18980
4072 -4972 18516
4044 1192 12000
1248 1744 16224
4896 1208 21884
636 -912 17064
200 -2176 15888
2752 504 11880
5716 808 14264
4116 2392 6544
3576 1292 16120
2480 -2244 12104
5652 -2868 12856
728 1588 15392
5344 1504 12956
-80 488 14524
4536 -1524 21580
-6288 -3832 32392
-1472 -1600 17904
588 3384 14268
2388 -1188 32767
2224 2068 9732
6560 -1576 12612
14316 6232 7284
-6732 -3168 9144
7704 368 15400
4488 -1640 14440
4024 720 10848
1536 3764 15624
6708 3804 10624
6028 -776 16352
3196 952 13404
5680 -2316 17576
8988 776 6840
4432 3588 10696
5824 808 13984
5700 -3188 18776
1136 -1068 12724
5140 -3820 17492
-9912 612 19548
3076 -9920 26680
364 4156 15428
-64 1320 17324
14160 4200 15900
-1484 2536 18500
-1960 -8324 17340
4240 -2188 14268
2884 -5648 14100
2556 -1264 15532
4184 464 17364
5356 -2464 6964
5636 184 12820
2756 1836 16704
1000 -2276 19136
10264 -684 5792
3664 3160 13420
3512 328 17388
4024 -3216 21960
3372 -4664 12612
8400 -1336 17604
6032 3744 13680
8972 -520 10432
-5128 752 22004
4360 -828 22712
-612 -1992 17256
3992 -224 11992
-200 4812 18080
544 2776 12608
4464 -2804 26376
-384 -1096 17300
4512 -3028 13364
4156 868 16184
5800 2672 7528
2212 1924 12044
4880 -732 16176
6476 -612 10120
10188 152 6716
928 -440 13252
-2472 168 24112
8192 -5400 26864
-876 1452 6432
6012 3972 10904
-396 6932 24300
5744 -5880 21560
6992 -512 9976
9468 836 9628
4196 2148 14192
5204 556 12708
6028 -5344 16660
848 -5020 16220
5928 2324 15712
3156 3668 17624
6256 -1324 16172
5016 -4 15448
8796 4640 9104
-1400 3428 22644
2296 448 17608
5976 1308 19164
3632 1252 13932
4260 1956 14984
2604 3224 19324
5660 4404 14836
1608 4360 14992
252 -5436 17844
584 -176 19012
764 3600 18024
3164 2184 14612
-1592 3448 16408
6516 4448 13724
936 1600 18812
4060 -1456 13248
4672 -244 14880
4076 -880 16068
2996 -796 15472
2632 3360 16496
10856 -120 7932
2952 1456 16464
10700 436 8720
552 1304 9096
1908 -3812 16408
2540 -3112 17132
6448 -84 14672
2516 3048 11324
2964 -1056 11924
2236 1808 14992
5464 -2236 16184
4216 1180 18864
5084 -3076 20036
4044 -472 9672
4628 -1128 17056
796 -2372 18300
6328 -2268 12476
7816 708 13212
4960 -1468 9888
152 -1796 17268
4532 -4652 13496
-3144 -1764 20544
2204 -940 18396
8248 -312 14200
72 3832 20436
4212 -1060 16472
4520 -1048 15104
2844 -52 13888
8848 -192 15940
2768 3808 9696
7292 1728 12660
1632 -980 16156
1236 -3108 17852
1324 -4220 18156
2156 -4852 20964
7596 660 10948
56 -5560 23080
-1324 -276 14464
1256 -3040 22572
4208 1580 14860
-536 412 15276
13580 -2408 10648
4780 16 7904
11884 -7336 15404
-1724 -2456 23768
3220 -92 26476
7740 4008 11588
368 4736 11792
5236 5728 12584
-1280 -4956 22724
-2056 -3540 13812
-3504 3668 20988
9596 7748 7812
5992 -1560 10440
-4716 964 20404
5084 -5304 18728
5516 -1356 9588
5380 1364 8784
7832 104 24864
-6364 872 26804
-1280 -2204 16124
10804 -5180 12728
4344 -2068 14732
-780 6584 11972
9496 336 17272
-2892 -2196 22880
6452 1192 9700
2648 -124 2916
3124 6248 23676
-544 -6536 29816
6644 3524 16276
5936 -56 8200
436 5900 17132
-60 -76 25668
9444 -12388 7948
5328 2872 27304
460 11728 21204
6976 -6624 16344
-1716 5664 24480
5140 -332 7928
7444 3156 1376
9700 888 6272
2268 -6972 18400
1140 4812 9140
2628 -376 16136
-4332 4400 18232
4892 4528 9792
9936 -5928 16156
-4968 1128 7380
1484 -1412 416
-3744 2948 16000
2736 -1532 11416
7008 2808 15264
116 1656 18824
10468 2872 13124
3756 5064 11248
-200 -8984 25596
5408 3220 17416
-3688 -4752 11112
1788 1088 17756
6852 -1224 14600
6396 8008 12672
-1388 2596 20880
9792 -456 14012
-156 1492 11412
5592 3092 13164
3664 1384 7576
7920 3892 12604
-3804 -2332 20092
4140 -288 24808
6272 3428 2376
3196 5292 6736
5600 3048 30492
200 -4584 17996
7160 -6064 13848
5244 7960 7644
-2876 -1720 19224
6956 672 24092
6176 -1592 10112
-1568 -268 13248
2284 -2568 25160
4300 1860 12436
9616 3424 7384
-1856 2428 13180
6736 2096 17948
1368 -3464 19404
6276 -2564 14000
7404 -4380 15300
6996 -1204 28864
3948 -1404 7520
5268 -4500 17576
9996 -5512 7356
-5212 4656 23940
2464 4824 15708
7688 -7336 13952
-5876 9728 7984
11004 1264 10800
-8548 -2368 29716
4244 -2460 24952
6288 -3036 11752
4824 1504 4072
2208 5272 15592
6364 5200 20272
4908 -3488 17504
11024 -2848 13392
3492 -692 10024
-820 2008 18340
2868 1556 14736
992 2408 19000
-464 2588 18616
7972 764 17608
-3936 1032 15892
4540 764 15732
4692 4020 15580
4128 -2076 30344
1096 -5180 11368
14624 -1232 19328
-1140 1424 6152
6208 1332 11860
-2828 -772 16872
5920 -1524 13944
1996 1868 14628
6412 1068 12120
2532 -1368 13864
-1684 484 14676
3784 -3652 23828
8404 904 14812
4164 -204 8684
5756 1396 12472
6208 1940 13264
6796 -988 11648
1832 1632 19392
5688 -1592 15660
6464 544 14772
796 2264 17532
2180 920 11832
2784 268 14696
2056 1636 7732
-3112 476 18512
7244 -1060 16972
-1168 5336 20092
8696 -580 11344
2084 3676 14156
4880 3180 12360
2640 -1076 23700
3936 -2668 13220
6420 1680 16848
5824 3588 12932
3628 1544 9500
7300 904 15560
2552 -3968 15492
-248 1820 14852
6904 -1284 17940
-3052 1100 13352
3820 428 17180
2208 -2344 17984
5184 -3424 10260
3312 -1548 19204
2552 -672 23424
4964 1848 12488
7568 -6404 20348
-3012 1228 17712
5484 2196 19772
2416 2332 14184
4224 -452 14220
3092 -684 18592
3268 -1128 14124
1488 -3768 17260
5060 964 17136
5552 360 10836
4800 -1292 11512
936 -2572 20220
5048 684 15848
4132 636 15064
6144 -2680 16176
6960 -648 17380
1552 200 12948
2988 876 16080
3724 924 18060
680 -700 17232
344 -3120 21032
7060 364 11656
668 3544 15992
3232 1088 12928
4184 968 15724
1700 -3228 18272
1908 -5840 24280
7424 -2560 8192
6092 152 13944
512 3896 18436
4408 -952 19012
7628 372 11756
3092 1880 13568
1144 320 20548
7312 1404 17084
4444 -812 15972
2460 2016 15396
4208 -740 21372
1248 -3312 17784
4072 416 17092
6452 -1380 16032
1672 612 13244
1832 -2272 19880
5840 -1248 14392
3088 2168 11116
4004 1972 14316
4636 1436 15372
4004 -2652 14048
7216 312 18180
4092 3424 8300
-2520 3572 18048
8108 -1172 20876
3064 -644 11480
1424 3460 16064
-1016 3160 16152
3928 -148 16184
240 296 12056
2536 104 16508
1292 1004 17156
1888 -3924 20064
6620 240 11924
3816 3460 12604
1412 1412 16812
-68 -3984 16068
8188 -3452 15452
3380 -4872 15096
1972 2848 18012
6536 -556 13168
1660 1084 14492
7932 260 15156
804 -3300 17056
7928 1812 16084
-2676 1384 20716
5156 -2016 15404
1424 2044 14840
4160 -168 10564
216 -3672 13912
-864 -1460 18008
5212 188 14620
3628 2280 9332
3740 -272 16284
2476 -1088 21684
6180 148 13808
8508 1844 11280
8492 3200 8116
3652 1828 11828
3412 -1064 18492
6020 1204 16284
-888 1288 22468
6696 3244 16804
6216 1212 8472
-3452 3176 19436
3628 -1384 15544
1888 -2728 13248
4076 3020 15804
1096 2620 7940
3648 1052 17528
5116 -372 16504
2240 -1056 13316
4452 348 14008
5492 -708 14736
8812 -400 14916
9172 -1888 8404
1704 1312 14168
8284 -3600 19604
2740 1708 20092
5560 -1228 10832
9396 -540 11060
-5564 -1220 17236
8116 -8092 25884
1568 1560 7160
4176 2012 9388
6780 860 18816
628 -3488 10592
11808 -1924 12368
3356 -232 12820
2620 2800 13576
7300 2816 18236
2996 -3148 14888
1672 2524 18284
5692 500 21728
-2196 2184 11856
368 -2776 28500
2296 2032 22188
-2192 -3208 17876
8428 -3124 12204
6164 -1940 17920
8564 -3432 8252
872 2208 16268
3272 -3496 20088
2092 -2000 21612
4256 -2312 14776
11212 -744 11840
5428 1012 12816
4512 -4 16768
6508 -44 18272
5180 136 12872
7168 784 12996
2564 2192 11448
9884 -932 14208
-2592 -624 13964
4412 -1316 23172
9388 708 6940
1272 2304 11052
-3124 -1316 19540
-468 -2804 20924
5016 -1008 16164
1756 1640 18900
56 1264 18036
8444 1296 16196
696 -616 14476
-356 -4124 24052
9136 -1564 9916
2600 -996 9896
4196 12 13272
4920 2560 17504
6876 -664 13004
3184 68 12192
-760 1960 19404
10504 996 8768
1160 2416 18220
932 -4492 27228
5620 1128 22228
6008 4980 5388
-296 3516 11520
436 -4652 25900
1236 -1316 17500
2344 1244 19808
2952 1564 17464
-268 -1336 19520
5456 -2964 21756
4256 2656 10092
4544 -2812 22940
6092 -2620 14004
2756 2256 12996
9004 2336 13536
436 180 26684
1220 -2852 12380
4996 4104 17712
-84 2320 15156
4984 -5168 22704
6888 5804 12800
-5660 1380 11504
7528 -888 23716
-76 -408 17988
-4352 -6664 14120
4216 1364 12084
2280 2132 22560
1280 -204 13356
7832 -5032 4640
3276 2988 12440
2000 1956 11636
3436 -888 15268
9856 -4364 16720
3088 -1056 12276
8544 -1880 18272
10768 184 11096
868 3652 11040
4276 -11060 28216
1604 2296 9304
2892 2156 10732
3056 1316 21068
-1264 736 17824
84 -2364 24240
7780 -128 6924
-3228 -708 13812
4092 2488 19580
-696 -2684 13756
-252 -1936 19728
2440 580 23108
3816 -1072 11388
-2060 556 25752
6612 2384 12048
10492 -4580 16524
6740 4100 6096
1112 -7884 32016
3320 6216 13872
9132 -4636 9148
7632 5192 10516
5388 1920 13528
8968 -1568 19480
7800 752 11368
7404 16 18496
2712 4820 13656
-3136 -764 21080
6968 -4632 18268
4320 -1480 12852
3068 -1808 11864
1260 -816 17480
-1988 -2204 24172
4720 344 22884
-3516 -4384 16460
60 -2400 17792
6784 236 9656
4412 -3660 23060
432 -492 13132
1452 -2120 16112
10972 812 14896
36 -2104 13784
6516 -1668 23396
3768 1664 15084
3528 3448 9976
2492 568 18676
6452 -2976 12540
4180 -612 15836
6532 -2800 13268
-2436 -2168 17836
3912 -264 14596
2560 -1268 9184
-852 1748 18440
2380 684 10008
5368 1112 14244
12 -1036 14364
768 -744 18416
5564 -644 22684
1672 4944 16260
3804 4608 7180
6828 216 15072
4604 1132 7404
-872 280 19060
10160 -168 14848
-2920 4776 11664
3472 2052 18908
1316 1164 18624
3332 -1988 12620
1388 424 14252
2288 2552 17928
3140 -2468 11976
4368 3168 10380
9500 -1152 10624
-284 56 22936
1552 -4664 8848
6140 3108 16088
2168 4652 16372
1236 -1632 15028
14712 -3280 18632
-4156 2788 9672
9464 -6600 18472
5060 -1312 7864
-6272 -2172 12052
8968 -1920 13332
1852 2016 9504
2256 140 18328
-2136 -2172 17724
748 -140 14984
4704 -1648 20216
888 -1120 16436
3348 -1888 16376
892 -244 24072
1812 2048 23000
4680 -2728 17504
10184 3052 9796
10804 -1360 15316
876 -2772 16020
6840 -2240 13228
8372 3012 14028
3812 2212 9596
2044 1968 13896
1604 -2736 17336
-1340 -1664 26436
1692 332 11676
-1252 2632 20104
5376 -5380 11704
2316 -220 9284
7268 -516 15624
6968 200 9716
1616 -264 12076
6216 -1208 17284
2252 -2744 12768
2128 -676 11896
-2684 -2080 17360
1124 -6056 22296
5548 -5160 14328
5628 2356 18792
4228 -5624 13364
5140 2940 23404
7692 -1708 11336
8040 -588 11284
4680 -5828 19968
5600 -4896 15212
4744 -2604 9916
4996 -2928 14360
-1572 596 17128
928 480 21956
3512 -60 16960
2048 1340 15592
6004 4960 12832
1808 1032 14280
2180 3700 15564
-700 292 15568
1484 -764 20280
4336 68 13532
4672 1080 14444
1920 3592 14752
7100 3964 15456
4812 2096 9704
4452 768 15372
-164 2808 18896
-2016 -5800 24068
2108 -1908 17524
1708 -732 15548
3568 -1964 15904
2340 3712 16432
3660 4464 17716
8788 2100 16112
4232 -104 13824
6436 -1808 9100
7704 -2564 14700
-112 4008 19244
5816 3584 9276
5312 1160 10136
2708 -2748 18416
3956 -600 23132
1660 1404 7072
7936 1384 20096
-2440 2920 14096
5320 -9968 13820
9532 -3452 16536
1628 3792 12772
7376 520 3792
8928 3716 11232
-3920 -1372 16496
6364 -4548 24372
1360 5980 10244
4652 7536 12364
2532 5060 13076
1912 2900 12332
2720 -2708 19632
-100 1364 12668
7304 -1064 22836
472 -1520 14592
6592 1440 12484
6784 1528 18040
8632 3408 18716
2532 1188 8888
3744 -2616 14812
6280 3152 20684
3356 840 14020
3196 -3560 23948
-4132 -1656 12204
7792 -5728 16372
7728 1964 13176
-2616 3676 11708
7268 820 17152
1244 -872 16140
2584 56 12708
6384 -3920 19368
348 984 9888
2736 2396 15672
3860 1048 6412
3484 64 15028
2656 -352 26232
4928 3848 14768
5060 -672 14264
5056 352 17164
-1564 -312 11628
7104 -6600 22652
748 -2728 15692
4844 -3320 14296
-248 -2248 14476
1572 1704 17664
-928 -1284 10144
2392 -5316 17048
1184 -3420 10884
4356 -396 18076
4376 1232 15812
4540 -1676 9940
-1004 2284 20220
11888 0 11392
-4116 236 14872
7452 3428 15544
2144 -104 28636
1728 -3052 8408
5356 168 17652
14176 -3200 8320
-9688 -1484 17160
7148 -1452 19240
-744 1424 10704
6824 2736 9668
5800 -5140 20868
240 -268 15352
2444 3956 15612
5276 -568 16348
2744 2160 20004
2012 3256 20496
1496 1140 20252
10628 2244 11488
1596 -1288 18236
3644 1892 17592
4536 1532 20344
3080 -2344 22108
5808 1384 16700
776 3648 17576
8244 1696 13028
8668 1612 16976
3836 204 14200
396 -2284 20156
6816 -2564 12764
280 4892 4984
7532 2548 6628
11152 748 18308
-292 -1528 15504
6976 -424 10572
1320 72 13592
3684 -2248 20288
864 -532 19900
2032 376 19872
8476 1736 7820
-3564 3160 13252
-7940 988 31364
6756 -3304 18228
4120 668 12792
2680 1244 12852
2624 592 22860
3776 -1196 18632
3408 960 13424
2860 1376 11584
4804 268 14320
5332 -1700 13536
1992 1452 12188
4568 3212 16776
3504 2852 14276
4024 1524 8704
3912 5064 11696
3484 -3056 23700
6476 -1088 21040
5736 1440 14192
3036 24 13748
4600 -1004 10096
2792 -4008 18320
-1396 -5492 18372
-584 -3128 19924
3544 1012 14212
4052 2504 11224
2848 -1284 13624
3080 -9544 19844
6624 860 8472
5472 2716 14732
1280 -1468 19876
7420 -6544 9988
5680 356 9992
1396 -4668 16100
6096 -4888 14452
8864 -3676 14140
5864 -3448 11344
6328 -3740 12732
4324 -3780 14964
-1308 -1760 24044
1040 -2500 25516
3080 3612 15524
4028 3608 15228
3872 2424 9860
-3628 100 8972
-68 -5308 13324
6016 -4236 18116
2328 664 13704
3608 720 12748
4016 420 18040
-2280 112 21884
6828 -3032 13768
1912 436 15044
3300 728 13824
3836 -660 19948
4320 1244 14552
5880 4388 8996
932 -1784 18300
1256 3140 23888
-2344 4148 17420
8008 1672 8564
5984 3100 11696
-3088 2192 21336
1384 -200 26596
3996 1916 10828
9824 728 9292
9220 7008 5708
-20 1104 13988
5112 -2028 19880
5536 -1464 18836
-268 -1020 16720
8784 -384 11812
4524 2012 13212
2404 2988 14140
5256 1200 17516
3040 -1788 19160
6264 308 17596
3788 -20 17548
-5928 -1972 24276
1644 3124 17836
-3460 2456 19244
3156 -4776 14392
9256 -1940 11524
1040 856 7516
-5588 -4684 18236
60 -6904 29680
-188 1012 15664
3692 264 13648
3928 6332 20132
4328 -3396 16076
5076 712 17664
9276 1220 16076
4988 -4116 9028
3412 2792 13860
384 1836 11680
-2148 -4720 16484
-3064 1168 27892
2588 -2036 13612
6280 2844 13740
2960 -1524 10276
256 -68 11728
-584 -4916 17180
3416 -4116 14828
8668 -1588 13776
4072 2024 12380
5288 -936 14332
3380 -2508 16516
3296 144 15228
5624 4144 13188
1772 2308 20048
1264 2252 18808
4008 3476 14752
5520 5780 13272
3112 1756 10292
4888 -1456 13168
4280 -5036 16848
5012 -1368 14780
-2284 -852 17680
1532 -1716 20340
3108 -1688 17028
5996 -1060 10432
8656 -3840 16364
6356 -3900 11640
1880 -2612 18028
1468 -3504 19044
4596 3708 15604
5892 2980 11200
7980 3316 6316
3496 -2132 17216
636 -1712 17868
5760 900 16304
2872 1896 15644
928 696 16204
4072 -1420 21564
4944 608 10768
5920 -488 11748
7652 212 4628
2024 -1044 21336
-552 -3376 26400
4472 1720 12272
4844 4840 10324
3652 892 16128
748 576 18580
5368 -5400 17640
1800 -2744 16312
280 -36 19064
4312 684 16504
1232 -1912 21052
1808 2284 22388
5284 -684 19672
4436 1696 13248
4408 3728 10076
2892 -2020 27584
160 456 16468
3140 1320 9284
-344 1984 12520
1992 -1312 10624
7196 -564 14448
7192 36 13884
6204 -4120 10328
6768 -1996 16872
3180 -3252 19156
5448 2244 11060
5852 928 13472
5492 3444 15744
1056 3656 17028
4920 328 15824
6700 -1544 14744
1476 -4112 20192
612 -976 15528
4576 1400 21400
-3828 -232 15820
5232 5468 20204
-960 376 12360
-2340 -7620 27288
6472 -2128 12436
5228 1248 3380
1372 7208 8288
952 964 17448
7328 552 14184
2220 4712 11716
7548 0 14472
580 -892 23668
7416 -14276 17864
10268 -3208 9780
1468 -6624 17988
2216 -5080 12744
9600 -372 19804
4284 5952 17976
3380 404 9252
948 5244 19044
-3032 -2024 24024
8812 -748 10728
-3360 -5448 9436
5976 -7500 23100
1308 1208 20764
1376 332 10792
5400 2552 6516
9884 2432 12408
-1632 2020 16852
9012 -540 17172
164 -1704 19536
6720 512 13620
5576 5744 14092
1972 5172 10216
5320 3612 10856
-3692 280 19904
-276 624 16352
844 -1292 19912
-992 -2192 13948
1560 -732 20416
5172 -284 16968
3356 -2320 9336
5588 -3392 10852
5236 -16 16724
6516 -224 17176
2132 924 20444
5144 -2768 12040
7672 4028 12284
724 4400 16704
3648 -2048 22064
2424 -2584 20392
2204 4400 9976
2396 -1036 24008
5636 -288 15188
1888 -1476 13096
8740 -6156 17708
5072 -1996 8996
7596 228 15644
4156 3764 16184
1276 1296 17244
2368 1636 14768
936 -488 14520
6992 -1176 20404
2332 1548 15732
10736 828 6844
-892 3876 19536
1568 -628 15260
9244 -1516 17948
16 1568 12192
3372 88 24872
7056 3996 15804
1928 684 12256
5196 1348 16992
1084 -1880 14776
124 -1260 14652
1096 -2824 10620
4860 -3836 12500
464 2344 21192
1716 -9212 17388
5968 -7472 15344
3348 -464 16764
9656 1084 17652
6340 -1016 17276
7560 -1620 4864
6120 -3636 10036
888 -168 20776
-2204 -5708 25444
120 -4044 17804
3360 2056 15768
640 2276 19468
2128 1908 21112
3624 -1416 8008
6036 1248 13512
2068 1232 9684
3396 -928 13864
4052 -964 15500
3124 -468 7220
7756 1648 11516
4872 2784 18236
4884 -4456 24252
4676 -1164 18888
10756 4696 9648
2424 2352 10416
3700 -4628 27716
4036 3008 15156
4500 4860 13300
3136 1928 13388
1912 2316 17912
-2024 -3432 18848
-256 -8044 21724
412 -6476 18272
-1616 1620 16196
4480 440 16280
3436 2204 13596
1508 -2392 12048
5488 -2940 11200
5440 -768 9780
3180 -3544 25864
8268 -3236 15236
6392 -1900 6484
1428 -456 21544
2300 1300 19376
8408 824 19484
3248 -172 6364
4196 6728 11948
-568 -276 13796
1904 960 20332
-52 -1280 12700
1952 1676 14164
3728 -856 14408
3416 -2884 19176
3760 232 10980
668 3140 12996
5916 -1408 17580
128 1104 29360
-3728 -1112 23640
12808 -2120 16100
9128 6948 3828
7208 2776 3600
1700 -3444 28604
6140 1100 9504
9156 2692 -996
3144 5780 1872
1104 3312 4232
-5252 -6072 32767
3056 -10812 19144
7004 -248 6876
-788 -1236 31384
-992 -6120 31300
7688 2256 23056
5368 -652 13084
4440 -4148 23268
-1836 -2404 20108
13656 1888 14296
9348 7516 5376
4500 -212 1128
-1432 1416 8532
-15612 -6332 23776
-764 -4076 22932
-1100 1384 5564
-3068 3152 16432
-576 -1760 15792
-1240 -820 11340
14028 940 12296
13388 3680 12340
11564 2568 18932
7592 -3756 26764
9940 7196 16300
7432 -3928 11808
1280 -1604 16768
120 -10448 12664
-10516 -5320 18048
2220 908 26528
-3728 1844 10756
-336 2544 11004
4128 -1024 10284
-3308 -6220 7804
11176 -2984 5424
11140 -2420 21620
7592 -5508 11312
7244 7256 17124
9164 1800 15944
3756 -2988 16380
3996 -1340 17388
9004 4464 10024
3720 3632 10084
1752 1512 16240
-420 -4236 19712
4080 -5100 19768
24 2208 27640
5720 5436 17328
-1680 -3056 16876
4756 -6084 17432
-3416 -3024 21204
3960 -4232 24140
580 -1388 11256
5672 -1900 10456
8132 -380 9972
11168 1460 2304
-5008 2004 12904
-4200 -4512 31948
12036 -1508 20088
2008 532 5804
8564 5564 11164
-1008 4412 18144
1296 -1356 15144
2492 -6732 24632
2908 -1660 15432
-212 2020 18912
2464 1720 14180
948 -112 19684
2604 -1192 13208
-2004 460 16136
9860 1964 11092
-684 3864 15112
-1896 -336 17256
6568 -3068 19928
536 -1176 11608
2984 -40 13060
9904 1904 16396
1248 3352 17156
6264 3640 20716
5128 -1976 16576
5352 -1816 12752
7768 1552 5016
6356 7644 7432
-3960 792 11580
4464 -2728 25696
-9100 876 17668
-1224 -824 21016
2888 -2408 14540
-1360 2728 8340
8232 -1844 11936
5704 -2404 24484
4308 -4884 18732
4060 -436 17232
5916 -3244 20308
6328 2876 10196
8212 5780 10352
4744 -4748 27508
6004 -580 20704
1988 -272 19080
7348 704 11608
5564 -4492 13808
-92 5992 14616
2844 -868 11776
-740 -3060 15128
8408 3560 8116
2492 3588 10372
2340 24 21020
804 1724 13640
6836 240 11668
52 4520 15868
6428 -2416 17908
-1876 -5896 21988
-2244 -3984 30644
5056 188 14256
6544 -84 14192
1680 320 20604
5124 -1324 12132
3012 -2160 17988
5096 -2680 11592
4484 -2940 12348
-928 -3552 17808
1688 -1436 14460
8640 1388 10216
8024 -844 10420
-468 656 16984
9504 -2672 16648
1248 -332 19800
7192 -3896 17540
1264 5900 15536
924 4320 19448
11832 -7164 10784
-2104 -1884 19068
-2492 -6960 23472
5244 -1700 25284
3092 5228 6384
1552 4320 22772
6480 -2356 14120
-520 -4220 13792
11324 -1968 3196
-2676 -36 18780
4076 -860 25712
5680 628 7488
4604 -2080 4940
6520 1260 25796
6928 1412 19592
8636 1240 9516
12924 -392 9928
828 -372 17228
2780 1872 11948
3000 -3488 14324
5216 -1468 20624
2228 -288 17472
-2860 -4180 21284
3124 -2956 23480
1596 -256 10824
-1748 996 11512
-4048 1084 20076
-560 -8872 9340
936 -4596 28080
1388 52 12604
6268 -1876 12072
7756 1916 12900
5864 1544 13756
7072 -5052 18652
6432 -404 14252
6712 3632 15072
8136 -980 14704
4940 -1156 10684
1392 4780 20364
2076 8272 10600
712 2832 23148
1244 -3884 18228
-944 3700 15464
2896 -496 16936
3124 -3288 15580
432 -1716 14800
12108 -300 17496
4744 -2008 14844
-5444 1968 17304
9960 3680 15744
1884 1448 8044
4700 -5612 28408
824 3752 15372
1764 -956 20464
1516 2176 21824
6148 2300 9672
6160 7124 11568
1400 -248 21684
4604 -2632 18756
8828 576 15396
5744 3668 5388
-3780 6444 18436
688 8 17164
2008 -5524 15996
1220 2656 18580
5364 1724 12180
9996 -9396 10492
3184 2396 16372
5732 -2536 12700
8724 -2916 17576
-240 3844 18972
3288 -1676 15872
3456 -1028 12336
1700 -7744 15384
5380 -2504 17244
2772 -1396 12364
3832 -1284 15560
5460 1968 14916
6420 1220 10132
-136 -2180 22672
7268 -2228 15908
4600 -1268 12572
3524 1520 15544
3468 1176 13900
2472 -4084 18524
3384 -964 16088
8176 3724 11124
-2764 -5020 24696
9964 -9144 16008
5520 -700 12560
3732 2376 17316
4904 -1872 21764
6964 -820 11492
1792 -4408 17660
1028 -2400 13928
7236 -1604 19592
848 -1816 21108
4128 -1968 12476
3132 -188 27684
1892 592 15824
2692 -5120 12984
8608 -100 14380
1156 2364 5392
-844 4052 15312
-416 -3068 12348
8448 1488 7672
-752 -4 18552
4456 -2300 17576
1400 212 19864
3920 292 10656
5852 -4136 19012
3824 -896 12384
4776 -1572 20744
7936 1608 15188
2856 -5140 18324
3472 784 12500
6512 -2012 13436
2500 2168 13320
7504 -1072 11880
-2932 -3016 14368
4372 496 16988
4768 152 16892
-2660 1240 16356
2284 -1308 18528
2452 280 15252
7172 -1072 14004
10908 3408 9648
2892 432 11040
3836 -916 18000
2588 -3612 18292
3708 -724 15780
6168 -1736 21136
3420 1896 10508
8420 472 8392
4860 3564 14824
-2268 5600 13964
8156 -5300 24572
-848 1528 10580
1860 340 14028
6704 -3668 21808
-1608 -232 14140
5668 -48 24568
9976 4792 11652
-740 2848 9252
-1912 2328 18240
-3072 2452 22492
7912 1308 21308
4588 3148 7192
1184 -224 13016
5116 -2076 22380
-764 3056 18664
5772 4928 7456
1948 -896 14980
-2816 -3844 27004
9532 2892 12704
3732 4544 10784
3180 -520 23168
5312 1960 19296
4068 -828 12372
2184 2776 16344
-1332 412 14060
-268 -5852 20164
-2168 -512 24872
-3772 -1072 20096
6652 -3956 20352
2696 -4780 9236
1860 -900 15652
240 1432 17268
1900 2804 14748
6220 -4852 8256
3592 -952 18100
2512 3504 13464
1572 -1204 12816
5672 -1324 11400
7932 1616 12916
-1336 -2276 18436
11128 340 8200
228 3540 10136
-2352 -2464 19428
900 -592 24360
-2656 -2772 12228
11344 -440 12592
-2700 5376 13148
3828 -3824 16764
3760 940 13968
4228 -3232 17568
8796 -4564 12804
1164 16 12788
4252 4612 13724
5428 -2912 19200
-1796 1688 19792
11192 -732 13148
544 4396 15388
4572 -2432 17372
1900 748 14568
2900 -756 11812
5556 4120 12096
5300 2672 24032
1748 2356 9976
4568 4596 9216
5564 5020 15688
3408 -6664 17740
7248 440 13352
6364 -904 17232
4108 4008 10756
-1064 -4420 22188
5556 -1284 17460
-7180 140 17732
2664 -1076 18704
100 36 22312
1940 3088 11436
7360 -12936 21944
-808 -2980 13968
1620 -3500 14696
7252 1408 16408
-3644 -3160 19348
11012 156 13236
5408 2780 6908
-1612 244 17240
4428 3952 26480
2744 -3188 12068
1920 1404 11148
-2560 2120 24696
3972 -164 14984
9516 2980 10076
160 2308 10108
1688 -2520 25776
3580 -4828 18096
7960 2148 8156
1108 2844 8716
2516 -5368 27016
11168 -4404 13708
5132 3868 8492
3188 5556 8684
344 1764 21832
2292 -2256 21288
8008 388 13640
576 108 12044
6188 3932 12292
336 1028 25940
4808 2012 18516
7320 3412 17004
716 -356 12460
4052 -396 11036
4148 2108 17744
-2876 840 19804
7836 -3804 20716
1964 5708 8768
5084 1612 9584
2672 -6896 30412
544 -6060 19084
15544 4556 7636
2528 3948 5792
2528 472 12512
7596 -2624 23696
120 -2192 17780
1772 -2768 6984
1444 4668 25048
420 1244 13672
1396 -2296 16504
7916 -4356 11028
-6140 1236 21296
11008 5236 10704
-3536 4144 18580
6072 -4040 16924
-3120 424 14596
-8756 -396 31112
7828 2656 15428
7656 -2852 8100
8948 1584 10072
2804 -5940 22508
3648 -4508 17784
1884 -4768 10980
-452 -1884 16500
2656 7212 20188
408 3184 14724
11712 -10012 21240
1436 -2476 12324
12540 5460 7060
-5940 -1152 20220
13212 2984 25128
-716 -768 17176
10212 -1124 14648
14772 2460 8064
3900 3772 13152
3260 -5476 23172
692 -2004 21780
9328 -5136 11996
8948 1524 8188
7836 3176 18652
4960 -2724 15080
7576 -3848 18416
6392 -2336 8820
5148 -1700 12276
5152 1552 15420
3908 -1744 13096
4888 -632 16792
1484 -652 17288
7624 -832 10972
-4864 -9220 29156
1604 2996 19112
7324 888 7168
6128 216 4348
5828 292 4856
-1996 1992 11364
3400 3896 9220
-4204 1900 18820
712 -884 22044
-2516 -4116 18096
9044 424 14360
4024 888 11332
4660 3304 14992
3940 -1412 17056
1272 820 14684
10888 -636 14400
-3716 5820 22804
5512 1904 16784
13716 -1740 6984
4788 1980 9348
-84 1548 18468
2448 -448 17956
4224 -6332 12316
-1072 -2104 19396
10784 4424 8320
4176 400 7172
1836 -3164 20796
5896 -2228 28392
8184 -6104 19212
2084 -1212 11068
-388 -572 8220
1832 -3172 8700
2652 2728 21544
6008 -156 21444
6772 -176 16736
-2748 -988 21116
4936 -2396 17416
3032 2620 11920
3364 1944 20624
-3452 788 13948
6412 -3304 20220
-1476 -1304 14336
7216 -3696 14236
5760 1124 4864
3548 2532 11336
8008 772 14196
7628 3108 12724
9048 -636 11752
7888 1836 14144
-224 536 18472
-1732 24 22804
3208 -1080 16576
5612 476 15332
5936 936 20736
-3300 -1396 24032
7768 224 15064
10408 2900 5752
-2936 -568 14304
4676 -696 21880
5756 -508 19364
3764 -1760 4956
2384 132 15108
-768 -3092 15704
5156 -4848 19472
2448 -196 10120
3316 -2580 12960
3244 -5452 20012
5032 -4916 15868
1364 -216 20644
12096 924 18640
5408 1096 6744
3340 -3856 16208
-648 -5492 17184
-1688 -2660 19128
7060 4652 13388
-3484 5296 16744
10424 -1336 18776
1024 1712 16424
4868 2728 9620
3772 3004 19672
6400 -3900 15296
1528 -1444 7952
2472 -596 16444
1576 -684 20672
3792 -3452 15832
5544 1944 2664
4732 4908 12420
6152 3088 18668
4436 -2264 10720
1864 -3280 11184
5792 1684 18504
-4252 2588 24920
5196 3424 13348
10000 2252 9924
-1224 -2352 13540
7460 -6076 12520
3208 104 15876
3060 224 12396
316 -988 16352
3752 -2052 13668
4304 -1912 14012
-1620 -520 18076
2044 -1020 16824
7212 1004 13940
7068 3640 15736
8524 -4032 15836
8788 -1200 15644
6284 420 14168
7208 -1092 13152
236 -2252 13212
1940 -688 20864
6960 -20 15784
-616 3408 15760
4632 2168 19576
3512 2780 11176
2280 2440 14752
5180 3292 15252
7912 2500 12644
2748 -5912 20796
4008 -364 20024
4944 2888 17448
1904 2432 8856
2844 3916 18212
7376 1396 20832
-1132 -2212 13252
8536 -460 15832
848 5452 13888
888 -1384 17684
7860 -3856 16124
2856 368 17228
2416 656 19684
5048 -1912 21408
756 -2032 7652
5740 2268 16356
1428 -2352 14252
1232 664 12772
8744 -728 17692
2328 1624 6780
2172 -6516 30976
1504 4792 19912
6932 1860 9876
6860 3704 12404
-3476 2760 19516
4960 -3960 20328
6964 876 12100
-800 -424 12184
6796 4160 10964
-1996 636 19744
-1552 -5284 29512
2904 5440 15396
4356 -2284 13440
5464 3984 11404
4508 -2824 18832
5924 -1676 18696
3596 -3692 12016
6916 -1288 10208
2832 1980 14404
-2884 488 19396
10448 -5660 23916
3540 1764 6956
8320 -1736 11676
-1144 -2172 11956
8984 -3272 18940
6248 940 10112
1884 -1820 11704
4164 2996 17860
1696 -9260 27396
3440 -6600 15388
2500 -1696 11012
-1712 5580 23732
2096 548 13644
7836 -1160 14368
3024 2544 15596
8532 -1368 12464
5580 -3908 15856
6480 -32 17716
6820 -384 15276
-3672 2420 16696
3596 -1168 16432
2564 2612 22584
1308 -764 14028
4232 2592 22128
-1668 -2048 15856
812 -2600 14772
6120 -1376 13632
272 2444 9424
904 -2344 25896
1464 296 5520
3296 -1532 9140
3160 188 10060
4468 -200 15444
4156 -1500 18196
4960 2020 17844
9708 9280 11120
4832 -2028 17720
7224 -140 11384
-3596 4080 11844
4900 956 18304
696 -1252 14952
4656 1060 12832
-1160 4904 16856
1920 -1044 22644
856 -3240 10796
64 -3172 19588
6080 -3360 21576
3220 -624 10952
8956 -752 6644
3316 -360 14100
-1568 3392 14644
12116 -4172 21496
6692 -1368 15824
5200 -4096 18016
2836 224 20416
2512 1828 14912
5800 1584 15328
-1116 3712 18240
4668 -5476 18784
-248 -10208 32767
1300 3364 13640
10456 5060 2720
8532 4928 7436
3532 -1388 13228
4956 -6352 15984
-504 -3696 14516
3884 1056 12928
2864 3968 15404
3184 4076 15064
2300 -2920 18460
1504 100 20272
5952 -268 18544
3480 400 16476
4692 -888 20268
1124 -812 14140
7192 868 12004
10452 1680 11332
4864 1380 13368
-448 -3984 20964
2132 -2328 17172
-464 3508 12976
-156 1984 12788
1996 388 12108
5360 820 10716
4464 408 14976
5040 1708 21528
2908 1460 19260
8044 2740 12992
5036 4072 15248
4800 3092 15180
8376 320 16240
3508 1916 17572
560 1688 22352
-1012 -220 17516
56 832 17688
-4424 -788 20076
1100 -1968 17708
4060 -164 14572
6692 -304 8052
5464 -2292 10644
7268 2244 9968
5504 3372 10300
5828 996 14376
5940 2820 18820
6908 1508 17244
2380 -2240 16908
1808 -6288 15836
3372 -1680 20592
3008 -1848 23380
7620 -2388 16624
3660 2336 10028
656 216 17804
1476 -3800 17944
492 -5408 16392
1384 -3752 12116
-872 -2828 14528
4096 -424 14464
1216 -2164 11912
676 -4792 20200
1680 -6752 20116
1124 -3832 16240
7512 136 13332
13412 -720 5076
8212 -552 2156
4356 -1200 15072
-964 -6280 32612
8244 -4200 15612
3396 5628 12864
-1768 2860 21620
3080 -832 20316
856 -40 13780
2192 488 13656
2700 3276 9916
-1696 1808 8908
2448 2356 11372
1376 928 17268
3356 68 18576
7240 -1616 12624
9696 -276 13912
4076 -1132 17040
3164 -532 13664
5980 2012 12504
344 -1056 29680
3484 -492 26516
10020 4500 9512
9800 7884 8848
1800 -180 12664
1092 -7652 16664
-1224 -5832 14324
2976 -2932 12600
1624 1444 10968
2372 676 17132
872 -1712 17344
2628 2856 15680
9932 -2856 8824
7540 -556 13852
6296 292 13104
1280 -3436 30188
7524 -364 5088
6712 3988 6832
11640 3528 23176
2444 996 14276
3680 -2920 15340
1604 -1152 15108
-4620 3020 15572
3764 -196 18020
-812 5408 14908
1712 5136 12256
1484 508 17584
3068 1280 10748
3524 136 10212
2520 2808 6180
6104 -1228 28492
4184 4396 16676
13472 3956 3244
2112 2116 10032
-5836 948 24048
11096 -3024 19408
5176 648 17608
8664 1952 6820
3180 2224 8512
-2356 -4104 29124
3436 -6792 19368
9220 4364 7500
-1652 -800 13880
-836 -5724 30452
3208 1172 15828
9080 -3196 2660
4968 3792 12964
-1296 168 22464
12028 -3396 8816
8468 468 5828
-1840 -4588 22860
-2752 -6748 30856
9316 2956 20564
10432 -1524 8208
2084 2912 16080
4272 -1876 20740
-756 -4488 21324
5272 -4352 13040
892 -3584 15044
1624 1976 10576
4812 -844 12844
7292 -1780 8328
3052 -644 7568
2236 -6444 18492
3372 -3364 12520
4480 472 14460
28 -3952 20792
10056 -6692 11392
11628 3396 14108
3108 1180 17512
872 -10896 14300
-1088 -12772 25224
572 1496 16212
3928 3020 16044
-6540 2768 14520
5960 -2892 21812
-2692 440 16568
1596 -1672 15572
1228 -2508 17296
-1608 -624 6172
6052 6556 14816
48 -2320 19024
8692 1208 4812
2016 2664 15184
2140 384 15540
3892 4648 21976
5576 2304 9408
-836 6492 21620
6976 2608 12216
-2440 2852 19684
6064 368 21000
2292 5640 12544
-7660 -40 27364
8008 1732 13636
-736 3328 10844
4032 -916 17692
2844 -3324 19560
10524 -4988 14872
3420 -1384 14632
8800 -2104 6848
6752 3232 17112
3056 36 25776
5460 -6380 20952
8240 580 10016
2420 3812 11212
5968 -76 16240
3760 -2052 26248
940 1300 16304
10612 1636 13228
-8116 2068 21144
-480 -144 13544
3912 -1884 25588
8416 2720 12824
7852 0 17180
4084 3572 16912
-1008 1120 13608
7424 408 17064
1324 1228 17816
4440 3200 14920
9004 256 8812
-408 3384 10400
8620 -488 29556
-7068 1136 17200
8916 6528 10568
6888 7976 7848
-3372 -5472 32767
-88 -2932 32767
7880 -5408 10112
-3636 3076 8352
6968 -1268 16476
-1628 1716 15016
3760 -2932 19252
2036 -9220 22748
6352 132 11316
3124 -928 10608
9604 -1492 6368
332 -116 24588
64 1692 20316
9272 -5676 13928
9468 596 14336
600 2820 12200
3728 -4640 26716
5844 764 13488
-728 -1580 5168
6916 8424 13892
-96 -1804 16264
1756 -4608 22008
-2372 -1060 18804
728 408 9896
3560 -108 21464
3488 5348 10584
4708 872 7956
3348 408 14724
3908 -1104 12368
-6932 -2280 17488
7852 -2096 19324
5216 2320 14324
4308 -1204 12092
-3040 -1920 27260
8872 -2020 15744
4596 2152 14296
10884 244 13396
-3528 -5532 16284
5032 -1624 17884
3800 -164 6212
2568 -988 15400
-8576 -2160 19768
-2992 -684 24160
1180 -3988 22816
3360 1784 15308
4920 -1092 7012
7660 -1240 13416
1872 -3736 22704
8988 -1068 8912
9332 3868 5476
1188 5216 16220
-216 3224 19000
-4048 3860 18996
12192 -1596 12116
7548 -1524 5216
-2040 -5668 26232
4204 3128 18236
2516 5928 6472
5012 -892 11080
5544 72 20220
1712 -2976 20700
3652 -6608 5796
5048 1224 11284
3400 -220 19260
1484 -2892 15028
1468 2700 10304
1380 232 20572
316 -4852 19168
4964 -2056 18880
3500 8068 11084
2656 -4560 31752
4660 1908 17588
3952 3148 11880
5428 -372 19676
-5308 -596 18960
2864 4832 19892
5972 2556 13180
2904 1996 14832
920 5168 9788
-5252 436 32767
2132 -4000 23924
8076 2852 7156
-4564 3836 19348
904 2948 27036
2460 -1592 8252
8032 172 15032
-2528 2960 9488
-4664 -2344 16736
9388 -5108 14456
4308 -1856 10236
4724 -116 13136
3364 1980 8944
-4316 -1696 13472
-2744 -5152 11568
6384 608 7440
-664 3556 18748
-7244 -4084 23208
6280 1356 10916
8040 -868 13848
6500 1668 18628
6240 -1596 19600
-2200 1192 6920
4564 3928 15744
4032 656 7388
-4672 1292 32767
3080 3536 18400
3400 -3024 7204
6944 148 14468
-1696 1964 23040
2356 -2848 21328
2188 1016 10780
5504 492 5848
5816 1348 17012
1036 272 19676
-1028 -2164 23268
2864 -528 12412
5216 -2096 19984
6084 -1232 19504
4 -1324 15040
11120 -144 10136
-4832 -220 13360
5144 940 9648
-2368 -1068 15532
4432 -5256 15144
5856 620 5832
-152 512 14676
984 -2212 22292
2312 -3428 15300
3628 1384 6448
-768 1956 10096
-952 4484 21776
-2116 -2572 12832
5264 984 9500
3444 -1140 13220
2216 -96 18540
4796 3276 19116
3364 -2388 17096
9428 216 8460
4348 6116 15308
3016 -1268 13208
1896 -5784 24396
4976 -3476 17216
5796 4416 1684
-532 5756 19592
1856 -5804 24412
4148 -3628 10276
6860 3504 9560
2656 -1344 13880
-2220 404 17456
8948 -1824 12580
2708 2264 12204
1532 924 16888
2904 2668 25044
9900 -204 11356
8340 3136 8292
7808 2396 14796
7564 -6504 20532
2452 360 17180
10352 296 13600
-5240 5072 12428
1100 460 18728
4148 -2468 17820
7388 -3488 8972
7460 2324 10524
12572 -1556 4920
-4636 4368 16276
4516 -4716 30520
84 -2108 8472
6644 5528 16988
4740 -2000 29140
2788 -976 20348
13432 6700 1456
-1320 1712 13016
8976 -7032 27016
2280 2708 15192
6792 -5248 12820
-6580 1848 20944
3836 1076 20548
-5268 3484 7480
-3284 3788 17872
2744 -2732 17184
-5744 -2636 14508
4668 3692 15548
2208 -3592 26744
6548 -1412 19308
11948 1748 11268
9360 3656 16088
8920 1948 8816
5868 -2240 18112
5460 -5112 15908
-2944 -2656 23884
8764 -10176 15168
3108 4592 7056
1056 1416 12672
-3348 -4388 19152
-1036 -3112 7152
3008 -2636 12688
4320 -500 12988
2212 -2652 23628
12096 484 14896
284 2976 5220
12112 2528 11392
4352 4436 15720
-940 -1884 18656
7372 348 17876
-3664 816 27396
5608 -9972 20068
7140 3516 12916
1564 -556 3408
-520 7220 10120
-1384 -4412 21672
11364 -640 3432
-5920 -372 18108
14112 -3012 20072
-3956 -6936 16904
-1240 -1736 27636
8072 5172 13684
804 -620 5200
11896 708 3444
-100 4168 17328
9172 1056 8420
-3192 5636 25136
11272 4028 12260
1012 324 15548
8000 -968 16220
7132 -1112 7512
-1828 7840 20432
-6520 -1060 27656
2780 -3588 1584
4816 1432 9764
6036 4160 16200
-992 -4324 27480
14164 -2504 18360
2772 1560 12236
6924 3104 9912
-908 1200 26220
5372 -4636 11236
10480 2936 19212
-3744 -3956 2328
18628 -5772 32767
488 3996 7180
-4260 -6892 26700
8256 812 9864
4380 -472 5276
7136 7308 8240
-2884 1224 10384
5628 -6380 19080
1668 -2328 13556
6576 12888 17888
5716 -1780 2260
-1628 64 8180
10248 -3044 15648
-4708 -3156 15368
7532 -1324 22704
1568 -864 17208
2156 7624 4868
3456 8048 16588
2324 -1532 20632
18788 -7420 15312
-1624 3564 6820
-2324 624 17136
8784 6268 16768
896 5892 10032
7096 -312 10328
1924 -6172 20556
-4560 -2736 18744
8976 3080 4112
-8332 4480 4584
416 -8428 31796
-2104 -2688 17172
11664 -3172 9116
3524 9916 10132
1548 -1772 32696
4316 -2852 12280
6256 -4652 17576
1296 1924 19516
236 -2988 17484
7348 2756 24228
296 -2392 24788
1612 -4852 10692
-4344 6004 6892
8464 -5752 3308
-5552 -3008 32767
7884 -2052 11816
8780 808 12860
-1708 3488 19172
12820 984 11960
5132 3868 22700
956 -436 21228
1508 -532 29092
11020 -856 11364
3896 1368 7588
3500 -3576 21852
1788 -208 13276
5132 -356 7552
3180 6324 256
-9116 2652 29412
11288 1648 32767
-8580 -1040 8196
11624 -3364 25116
4708 5508 -3072
268 2856 6464
5396 -3308 25232
-2824 -9804 22564
5976 2736 5976
8668 2212 13636
-1144 4896 21892
2760 -3928 21728
3020 -3120 17084
6392 -3404 15768
7604 796 18728
-6128 -4448 17576
6392 -2408 14844
8508 -1416 15732
4748 -4472 7040
-468 1328 11872
3380 -1720 16244
3204 1508 18364
-960 -1920 11736
3552 2708 11776
4432 2408 19012
3028 -3140 23272
6072 -788 14536
3296 -3348 14632
2624 4860 12192
2176 988 24156
4788 -3724 17176
2864 -2444 11476
-2012 -1632 23716
1408 1660 14392
7584 -4192 15164
-2640 3200 14316
12108 896 11860
1832 -772 10736
4236 -1940 7280
7988 988 10824
2008 -3804 13080
4492 -4004 17508
12416 -1920 18796
4160 3260 12564
6464 -1116 23628
4712 -1396 13292
10132 -1092 19084
-2332 -6772 17448
6932 224 11192
128 1768 13492
-28 -2280 25076
7660 -6400 22008
32 5040 7408
5600 3272 12316
1276 4196 9412
-240 412 14244
5392 -400 25816
3848 2176 10892
3744 6524 13616
3500 3164 22768
2540 4184 8072
-2104 5288 22680
2212 1508 23728
8204 -1260 14776
4188 -3628 18680
-2000 2784 11756
2584 -10428 22336
4332 -1528 27912
4064 4928 14204
12320 864 5704
6076 904 7452
608 -2000 22652
4556 864 20100
1508 1600 3956
11792 1144 9984
4720 336 8316
-2364 -1784 29968
8560 4324 13764
88 4104 17264
4360 -1300 3704
-620 284 29348
4176 3420 8260
108 4528 12800
-4660 236 32767
4656 -5608 11816
3692 -7492 28336
8864 3468 16212
-1364 740 17076
10380 -7744 21700
5888 772 15184
3712 2248 5328
4156 352 12936
-1464 -3248 20704
3352 1276 12252
3204 1464 19696
4352 -3144 13600
2100 -1828 9988
7028 -2028 5904
5276 5596 8860
72 528 22516
-10996 -292 18048
12528 -2456 22076
2836 2540 17376
364 -9808 16324
8940 -2240 18028
2848 808 25172
132 3104 14044
2264 -792 20788
9316 -76 11700
-9432 -3316 19168
436 -9360 18380
1704 92 18108
8892 -848 5560
-2804 6904 14068
2852 -1176 22332
8104 2052 16156
9476 1120 -340
464 5144 13716
4908 -4208 27508
5884 1520 15268
1356 -7548 19308
8280 -24 16388
-2396 -4200 22196
5716 1980 15812
8804 1044 16152
-4676 4584 15900
3520 -5632 23204
6292 540 11856
3476 -464 11112
1544 2036 9720
5372 -2228 19960
5380 -4132 13708
-3484 -2040 24788
9920 -2088 17908
6100 1180 3672
-2856 3092 11388
12860 1680 17824
-200 6384 16340
13488 2520 12020
2572 -2948 10836
4976 -2828 12816
4496 328 18608
-4468 -624 21704
15636 4312 12908
-4788 -1296 8248
6508 -1712 18052
2548 -2032 8872
1060 -10232 32188
1068 2196 19952
-392 -4948 16688
4484 -1488 22040
1676 1568 12468
4424 996 14060
7364 1592 12244
-1928 -232 14728
4012 -5136 20160
3372 -1784 22132
9424 7800 4972
-3116 8656 21440
4968 -4464 16580
368 -200 14476
9088 -5768 12160
248 1484 16548
4164 1024 12584
1160 -3448 18736
1996 1196 18800
1088 4548 21868
5048 -5444 14128
-936 6116 12308
5200 -564 8336
-2108 -2776 14292
9192 2036 17612
4744 -128 12008
6796 -7288 19432
5352 -1324 12656
-1376 3124 22392
8724 -64 18636
-1012 -1476 21176
10652 4080 7012
-4892 2620 12712
-4940 -2168 18312
23244 3956 8344
-4188 1752 4300
3900 -5488 27676
12100 172 10948
6616 1800 10288
-1160 4464 24460
8068 -7928 16676
-1312 -4648 19732
14900 8384 11808
12796 7480 12340
-6896 -10380 28336
5008 -3220 26100
6456 -2084 12752
4992 -4408 6104
4900 -876 32767
1880 -452 7868
10296 -28 16204
5092 352 13532
-9336 2572 19868
10128 -1624 16464
-1680 1560 14616
5448 984 17540
14744 2640 21144
-6348 -3700 19040
10240 -2740 14568
-5464 3104 17632
7208 1704 17732
736 2500 22112
2192 -244 22084
5876 -1152 14420
8808 3892 11736
6136 4752 16432
2304 3612 21016
8012 -7100 26816
3628 -908 13308
-2500 1612 17520
9204 -136 13028
2552 3200 18540
1116 -2268 13960
3156 -1736 12104
-256 -1548 25380
-4080 -2364 24456
10428 -1072 8888
-1184 620 17360
7072 -6812 24428
6004 -568 9088
6920 4248 10132
7296 1952 5540
-5628 1824 20512
-1628 -8944 22844
2596 3876 12660
9104 3028 6648
848 2720 10396
-4996 -4000 20536
6780 1732 32060
-4748 -164 5776
16728 1332 9668
-11192 -2504 16796
8280 -5896 18316
4568 5932 15712
7964 76 1396
1428 4876 12248
-644 -4024 16464
3276 -2924 22336
10672 3876 13168
1464 4244 -1908
-1504 2880 32767
3908 -3916 10756
1932 5244 7244
4776 1336 13244
7728 1648 8184
832 -1960 17784
-2952 -1148 32767
15228 232 5904
7116 4948 8764
-5504 -7048 15300
9652 -4072 24708
3488 -664 9508
-2616 -764 17792
4836 1568 16840
7640 -3528 14492
3876 5916 19152
64 748 6040
6508 -3352 13880
-5440 -1792 25124
8276 2028 4572
-6760 3612 18060
6424 -2968 8996
9012 1672 1904
712 -6184 30744
-132 3092 10692
9248 1372 18624
3012 -4108 8260
3196 -692 18700
1248 3576 29772
4720 -2624 16048
3952 -1656 7668
2184 1112 29784
-5280 3196 25696
8812 -3272 5404
472 3776 6936
4200 5836 8440
-9320 -3316 27376
6992 -1284 17708
684 5528 17476
1096 -1856 2688
308 3352 16712
-2088 -660 22996
5700 -4836 19732
-600 4728 11840
7500 2468 15268
168 -2292 19184
-2440 -2152 19236
10024 1776 23628
4704 3840 5996
-624 2188 16480
2100 6984 16756
2200 -5616 21244
8820 -4092 16228
6900 4984 8620
5508 -1152 15900
7212 -2156 8716
6816 -6220 23072
892 792 15320
3700 -4024 22100
2376 1128 21972
-4704 -2540 13380
8008 -2476 18924
-136 -428 13940
-5788 2404 25508
2628 -2400 13592
8972 3488 12876
576 -1140 16356
5576 4152 15592
3688 -1664 17040
-4996 -2896 15128
8820 3356 18768
1212 3564 31400
3200 -6688 2188
9552 5624 14728
1912 2988 14752
6032 -8724 32604
5356 5960 8060
-640 -3680 18756
6884 -6964 14656
3328 3752 13880
2496 -824 24060
-1320 -1584 12636
2204 2064 16264
6752 1220 10916
8280 -4068 11872
3440 -4692 16556
3128 4964 9356
9764 5864 13828
1336 1976 11076
10816 -2200 20084
7892 -3384 16440
6240 1812 9792
3956 4492 6636
-8452 -3932 26456
3972 -1652 8492
-1988 2420 17492
1648 488 15540
8968 316 8576
-280 884 6804
-1200 -1504 32767
3188 2560 19232
10416 588 6508
2540 3072 10700
5400 -14528 26716
8960 292 13808
4172 1644 2884
6244 -1000 14136
-1008 -2196 18720
5248 1464 14880
13952 -2200 15128
6244 -812 8096
5984 -7240 24992
2240 1836 19500
7808 -2400 19132
2184 -1556 13452
3904 1200 21956
-952 4604 10392
2952 -1272 14712
1224 -1068 17992
7924 -3596 12836
3144 2072 10188
-7648 -1620 18480
4444 -5968 24048
1864 4884 4368
6108 5204 14848
1016 1192 23812
3464 -4696 15300
3644 412 9080
6024 1672 13844
-2128 2660 17852
9792 -4084 19812
7328 -208 13264
4728 1600 21180
-340 1380 18024
4128 2012 18800
4972 404 17276
-628 -3056 15648
7784 -3424 21572
5468 1268 12976
3260 -12 10636
1504 -2852 20248
476 -1084 14356
1720 -952 23748
4020 2272 9688
2416 1068 10988
4368 304 16944
6044 88 17296
4756 -1244 8756
6992 -2156 19244
7652 -496 9824
2844 -1652 8520
-1756 508 15232
-112 -2076 22848
4776 -700 14328
-1516 368 20320
9796 -4312 15688
908 -28 15040
8400 1064 16148
2664 196 13324
3848 -2144 16376
3360 -1080 12644
9500 3808 9452
-3004 332 16864
11532 1832 8908
1324 4036 6372
-4424 -4328 14468
13748 -876 14120
8248 928 9136
-1388 1008 12028
4996 -3460 26436
7324 -3160 17960
488 76 3952
4668 -3272 19980
-2024 -2068 24012
7780 4392 10340
-2876 4896 12680
9756 -696 20544
-592 -4308 15124
15860 2532 7300
884 3804 6700
-448 13468 30276
544 -6572 22716
-3068 4724 21588
6356 -696 16072
3588 5224 16260
1868 -792 14696
10764 328 12596
-2200 412 12044
2556 -1484 21820
452 -396 11720
-484 3084 10600
-1696 268 20636
11224 -4828 15228
2156 2832 15864
8740 -32 8132
7888 -2452 17824
2264 2736 16248
1724 -11776 22568
6320 -1172 6812
-1376 -1444 23292
-656 -5076 32767
8268 -52 12336
5832 356 9540
-1500 -1712 14768
2048 -3356 32767
1884 -800 1776
11204 -1716 7680
-1244 -544 19172
-2204 -748 16904
10908 340 31440
-3936 576 2916
8228 4464 8180
712 5636 12784
-1364 -3000 14068
5460 -4056 20408
132 2208 13636
9104 4712 7268
1920 -1056 32767
460 1944 24996
10012 2736 10008
-2468 -1464 12452
9528 -3492 24288
7752 -3636 5536
-9468 960 17124
272 6400 13604
-2300 -904 15168
1440 2816 7236
5672 200 15868
8020 -480 12216
-2268 -3548 14068
2372 1236 13456
5816 1512 14748
3092 -496 11320
6012 7516 15352
-860 5108 10588
72 -2668 21776
8864 356 24616
8408 1048 10636
6612 5872 7680
-6044 -2164 32308
1016 540 12292
2624 -220 19624
2540 3548 13976
636 -3380 12168
-364 -4368 14476
-1808 -6284 27968
2376 612 3508
-1816 2852 6744
3296 -3064 25140
12 1564 19288
4016 -4716 22484
4920 3052 13856
6148 1124 12088
10244 1324 10384
7116 -2656 13224
5648 2060 16188
1512 -5244 16232
7552 40 17212
6212 4516 4180
1868 1288 9760
1288 0 12092
244 -356 15788
-6768 -180 15072
5136 3392 15292
1632 2768 16300
2528 -4680 24124
-1232 -2768 31024
2168 -2972 15744
16284 6276 6296
5692 872 3016
1120 3152 25664
4424 -3768 21852
2104 -7460 13272
3572 4108 9552
7796 4012 15880
-5116 -5016 17704
4932 -308 22528
4244 -296 9300
6744 -636 3256
8864 3956 9012
-4340 -1060 18228
9744 436 9568
-1292 3048 19008
5820 -2128 10540
6924 -5032 30824
2420 -228 14424
-7540 -244 21872
7580 -3504 21496
3928 -492 7188
6652 140 11552
-5792 -2472 14640
3968 -4788 11188
9852 168 14772
-4776 2164 12740
11144 -4840 15664
-3388 -332 18008
7792 -6448 22732
4072 2472 16008
5964 2060 17048
3640 0 22104
4528 -1752 23780
7120 -3736 15204
6252 868 13716
6632 3476 6504
-588 320 13524
9760 3588 16200
1780 3940 11164
8424 116 10328
5736 784 10672
-2816 -4968 22316
2196 -3488 28152
368 1124 15200
3040 -1184 15044
7876 3900 15672
2576 -1944 11224
924 -2128 24904
4244 -2576 13420
5016 2696 16776
56 1752 16356
-1828 -1332 22940
1856 -3352 18888
-1940 64 13400
3976 1624 10184
1440 -1612 24496
-1316 -5564 20652
5516 -4156 7036
5596 876 6060
8328 2540 14204
3116 -1108 13868
7300 -740 13688
2588 -1424 18292
4492 -768 7516
3536 4612 25396
6284 1188 8712
2116 5312 14188
52 -912 24396
4740 -3928 19416
196 -884 15808
7332 2324 13988
-3344 7552 12064
1748 364 24600
4820 1492 9816
2460 3776 -368
76 -1900 20564
1516 -2804 30364
-300 1204 15840
15896 2744 10312
-5076 -1200 11100
14444 -5924 20864
3792 -364 13208
2900 2516 7072
5468 -10484 32767
-1992 580 10812
7920 -1184 15328
6632 2504 10912
-4568 2608 15344
6804 -1856 10996
1000 -1184 17552
4816 -916 16492
6868 1008 788
-3436 848 15780
7532 -4056 18872
3136 -356 18028
1828 -2492 20824
-2036 5680 18568
11472 980 6972
-4516 -2176 26888
3636 -172 9424
-5888 4696 15184
3580 -6108 21752
6068 2556 5520
4548 2500 11420
-1904 7620 12316
11064 -12840 20724
-324 2508 14740
12200 -6788 26776
3092 -712 17976
11820 7360 5132
-7092 6312 1904
3436 -8180 15252
12384 -1128 17636
-3500 868 5716
8040 300 32767
-3376 3648 9300
1196 -5356 24944
11040 6108 10260
4880 1488 11988
1964 -6480 28540
3924 1288 18040
-2720 2560 8452
1996 2788 24588
-1312 2252 16868
3776 -6228 20524
-3244 -996 19984
5004 3156 6972
11612 3756 13432
-3736 4460 14488
6696 -9192 24712
7236 -4652 14080
2092 4132 1136
-2064 3612 22492
-3776 -3108 23428
5448 1652 13360
7484 -4600 9012
-4928 -624 13580
8908 6020 9908
-396 3432 14780
-672 -252 18944
7864 -2676 15548
9980 -5184 8328
3040 1900 16148
808 2104 21584
640 -5868 17300
152 -6360 15300
3748 -188 20012
-412 4776 20408
5032 -504 15304
-908 4000 16612
2548 -6552 23044
5608 2244 21220
7460 1768 7716
4112 -8360 32767
968 56 18728
5504 2888 5736
4920 -1736 15312
1040 -2972 15512
-3256 1480 32767
6972 5312 396
2128 9376 12436
-8 -1356 24256
-1944 388 15064
8692 -40 15700
1936 5852 8320
-52 2180 9432
1820 -5044 27820
2204 -112 6240
13956 1988 9648
8348 -3596 17748
3068 -6260 22568
4112 984 7812
988 5824 11700
832 -6112 17796
7032 -4592 9064
11084 3316 6544
768 748 11948
-1176 -9496 32120
8320 -2492 14012
1328 2532 14920
6564 -5960 28336
-560 112 15240
-660 -3416 23076
7212 232 10388
7488 4640 5740
4928 -760 11036
-1848 -1820 19344
6228 -3984 12468
-6928 4028 14804
5672 -760 14284
204 3000 23808
1768 4924 25716
4048 1312 14792
4528 3552 4424
5836 1056 10808
5408 -1172 17732
-220 -5536 20904
5452 3308 22960
-1160 10980 16544
6876 -5584 22216
-1048 3308 10808
-5080 2136 16032
8128 -1012 15060
-80 -2096 15684
9864 -4120 8428
2276 4592 14528
2924 1136 17476
3184 -2392 19984
9388 2180 6572
728 2208 11984
4472 -2976 12436
-8560 -64 22168
1276 -1260 20200
11200 -1368 9484
1472 -1188 20560
8820 -3460 23312
2352 5624 4288
280 -5548 8064
8416 7812 16260
2632 -8344 25540
5292 -5288 560
12172 -4200 7492
1784 9720 6696
2384 -2604 6388
13476 -5972 21068
3036 -4108 14684
10340 4632 10364
3764 2428 4100
-1632 -5536 32767
-1004 -1464 29140
-4156 -1036 13856
2200 -2060 15772
480 -3072 10008
-772 -6448 32767
4348 4416 17380
14272 2912 5848
3088 1072 11696
1972 -3360 16464
5344 -768 16944
764 5684 13596
2780 6664 10836
-768 -1304 13752
10392 1916 14104
10284 7180 11284
-10356 -2084 32767
7976 -4880 9808
-192 4556 7068
7468 -700 11856
-6216 3244 31636
5992 -4948 13940
6892 3328 24780
-3004 -4088 12832
4276 -332 18476
764 5196 18016
-3188 -1308 10788
4384 1788 18120
4564 2444 5188
3656 3516 6900
-4532 1740 11432
2252 -4404 20140
7276 -1172 18684
6584 -1896 8520
8180 2664 13416
1588 3316 29192
-3372 -4716 12084
10920 -5584 32767
1224 11520 8604
-2312 1936 12376
2780 -2052 24548
-1912 -2948 10164
5460 7240 8152
-9860 -2236 32767
-6320 1352 20976
84 -1784 6620
4772 -896 4292
-5324 2420 24084
648 1444 20508
7140 -2976 15496
1664 5388 10956
11156 -3360 11344
1916 -1128 25928
8384 1464 19292
1160 276 20080
1024 -1844 14012
408 -5876 28664
3620 -1968 21880
6320 3904 3260
-392 4808 11800
-6056 2812 18176
5220 -7352 17920
5052 -5916 21708
-2768 -64 19768
-2108 1180 15380
2640 -4340 21408
1416 3588 17692
6236 4740 9556
7220 -500 10224
-2644 -4752 24880
3908 -1456 19772
9116 372 12920
-404 -2092 18356
10916 -72 9480
7152 6448 11140
1120 -3936 17388
-1268 -1688 16132
1224 1684 10196
6376 -2096 9048
-11724 -6748 30448
5464 -1412 22820
4168 5136 10464
596 -8308 25356
-676 2288 11944
10016 -792 10864
5612 -2032 10720
4492 1704 7956
2524 3880 16052
8544 -1692 21500
5548 432 6740
2956 2076 14048
2300 1568 13728
2568 -2128 17024
4752 1824 11544
-1808 -2616 19908
7580 440 6696
5812 -1044 13184
-2304 -7532 21272
-1892 -592 19984
8024 780 17528
6864 2592 5424
-2740 5912 1548
-4472 -7560 31656
2408 -3804 18544
6256 4980 6468
7116 5764 9528
-2200 -6216 28736
4652 -3460 22884
7804 -920 2916
4152 2872 -1336
4728 4136 27484
-5224 -2608 21528
10372 -4372 5088
4316 1196 8848
-2464 -2268 15528
3460 2632 15936
4812 192 21700
1412 28 18276
6680 1296 20756
4824 2140 9788
3012 2924 16880
13548 -7576 12836
-6036 3128 9576
4076 -3904 25480
880 5020 18684
4320 -3184 15124
1332 3728 14936
6588 -2276 16812
1272 960 19024
7484 -3404 10436
-5256 4720 16248
5416 -6992 19388
-2628 4444 11192
7908 -1580 11748
2816 -1092 17136
2360 932 18400
7692 36 8904
-2616 -1180 12432
6260 7600 23544
444 -3004 7204
8440 -2740 11944
752 -2636 20120
-2760 176 24592
11736 -2492 20784
-1072 -3716 2064
10808 -10328 22964
-6068 2492 18012
6704 -3496 24236
484 4448 12040
-408 -3552 21324
13916 -1100 8264
-1760 1544 12496
9964 -3564 25600
-2368 -1596 14824
7252 -748 11928
11488 6120 15836
-9252 -928 6004
12304 -5092 30580
-6704 2204 23432
7424 -4076 18424
3748 2844 13540
1676 -2108 10684
7792 2680 15084
-1764 2608 12172
7496 -2796 22044
-2768 -2244 21736
4228 -2876 21792
8480 4176 11928
-4760 -152 14416
7772 -1064 17752
6192 -884 10616
-5520 -76 13888
4656 744 17104
364 -1336 11324
5164 -7044 21488
4016 3476 14872
916 1476 4032
10324 260 16900
-4368 3024 26316
5288 -4300 17736
1504 748 9940
7720 -560 16084
1396 844 21876
-596 -2756 24600
860 -1820 16036
2884 2672 18052
5776 1532 17344
-488 760 11964
3508 -1512 17152
2540 1016 8580
-5124 1648 15584
-2536 -1060 21208
7108 -480 10956
6720 -388 10548
7840 -1044 17456
-2868 2464 13952
-652 684 18776
5468 3436 12328
7512 -124 10504
7216 -2008 24868
-612 848 17184
6120 -2692 21848
4392 -1204 17584
2144 3396 10924
3252 -2168 31060
-1288 428 15460
1792 -3576 19192
4336 1120 18304
-2344 -2432 16596
5896 -1220 15004
596 2288 17104
-920 -1904 19628
1492 -1416 17660
10904 -1328 9636
3832 596 17768
1968 -2960 16424
6420 -4892 24084
6224 268 8276
5284 3056 12732
748 -148 18836
1936 876 19284
5808 2072 14932
5056 -80 19264
1608 -928 18216
704 116 15476
5980 -1280 10952
336 800 13416
-1160 -416 19404
3296 1384 19972
-416 -1628 10240
3168 -4096 23844
624 3120 19492
936 -284 21924
8188 -4176 11352
420 2900 15992
2176 -776 19928
1724 -1304 22072
8412 392 15256
1076 -144 10572
-3440 72 11800
8632 -3732 18068
6380 1352 8680
-3764 -1008 14476
3848 -992 19240
4516 -552 15092
-140 -2376 16920
9140 -616 16764
-1716 2272 12624
7204 2568 19040
6016 -2048 17792
-1524 -4520 10000
3948 1312 14644
1464 440 18304
4704 -1480 15912
11616 -5096 15788
2096 -5144 12716
9760 4428 16068
-3636 5372 15032
4824 -7812 29648
2436 76 15320
-428 -1688 11232
5928 2452 10976
5556 1872 15536
328 -1124 9988
4844 932 17600
5364 -3276 10440
2772 -2464 18792
4076 -1620 20432
3928 1276 9936
2696 2472 16020
1832 436 11356
2236 -5652 26172
6664 -224 13980
3800 856 15492
7104 468 9640
6364 2304 13512
7740 -1644 17552
4908 548 6900
1280 1648 14932
4392 252 14512
-900 2276 19008
5832 -2192 16932
-3512 1368 19960
7772 4252 10336
244 3404 10632
3428 -6340 19916
4892 -2920 17580
7604 264 13252
528 2676 13624
2664 372 23180
9896 868 7880
2312 364 10120
6024 -1548 9820
4360 4212 11188
492 -2604 25760
3480 -1736 15812
3132 672 13780
4488 3796 17988
2968 1580 16120
-304 -5900 23272
7632 -1352 3168
-3756 2320 19772
7768 -2692 12148
-2184 3820 14428
5640 -1636 16088
6228 3912 15908
6060 -2196 11984
2692 3480 17128
6348 112 16720
4908 648 16148
4168 1664 23304
4468 -2408 12440
4388 1144 17288
-1100 16 14992
-928 2292 16460
5588 -1740 21736
4740 -100 8380
952 -3792 26412
4952 -1148 18148
7916 -1784 12052
3276 1528 8432
5688 -1092 28716
1228 1520 17040
8340 -4028 12504
5968 1520 9464
5616 4156 6384
-3352 1452 18668
7788 -1352 15008
-10248 3044 25820
5380 -4128 1100
10144 2620 12452
6652 -796 8660
-7740 -1788 17156
9724 1700 18940
1112 3668 12544
-2080 -2256 22248
1340 1328 19544
8708 -4092 10856
10464 3376 14160
1992 1784 3080
-3528 352 7268
3908 -5320 15276
4756 -5388 2344
6844 2396 16460
-3616 1288 14816
5908 -7372 17948
7912 1996 14076
7828 -80 15988
5720 1432 17908
2300 -6224 27348
-8408 -2148 14672
11348 -2892 11376
1812 7296 11536
8680 960 18228
108 -1144 12960
8028 -6440 13932
-704 912 13744
-1784 168 17264
-792 4876 31304
-1972 488 3288
4116 3356 4596
6148 948 4932
-916 1636 32767
3652 -4748 16168
3184 -512 5408
-596 -5712 20716
6784 5440 12076
-1596 7568 10668
5828 -3284 14084
-1192 -3040 22632
6300 72 12732
9668 3352 12832
5408 1268 3716
1940 3348 6148
-296 -3508 17856
-1992 -6312 25168
7352 -2044 10064
-380 7532 11256
3024 1416 14396
1532 -4704 32540
4448 -5312 12416
136 1240 9320
8484 1020 19256
4612 -732 17040
8384 420 9728
2320 -236 17016
7976 2684 12908
-2136 -2528 16844
2068 -2136 16140
-5212 -5656 32767
9336 1856 12740
1404 4624 11812
4660 1228 13272
-1900 -252 18156
4068 -1912 13636
1212 -416 22136
5256 -5656 23316
7572 5308 -2404
10080 12492 -512
-1952 5948 25592
232 -10308 28132
2540 -9480 20568
7448 4224 11448
10876 2020 10232
1336 528 20036
6568 -3320 13632
5284 -2872 16684
-5968 -1596 21956
11688 1376 9896
-1744 -5696 30356
-496 -2040 10840
1264 -1708 24656
3864 -56 21528
-4748 -2800 10024
6392 -288 7856
-2132 -1976 18112
5872 -380 15868
2004 -60 17388
1516 -1176 13284
12636 340 4028
460 10048 13932
-3764 -892 3116
13820 -6048 8200
3164 2688 16972
5136 -1188 9480
7664 -2072 27792
11052 1464 10596
2692 5868 18280
8644 2896 13696
2976 -3164 18352
10208 -5960 16808
4364 1860 11448
304 -1824 15808
2952 -2600 23816
-1412 -2184 20016
2972 -1764 16604
-1272 -56 19216
884 -5548 17228
-3888 -3684 22052
8064 3856 12664
4696 4572 10296
9064 380 4652
-5764 7280 29080
3204 -2416 22636
9600 2404 5768
6044 5132 7688
492 -3896 30364
92 -2540 26292
12540 -2132 1116
1660 -84 12708
3248 1332 23964
6008 5208 15124
5100 -6696 23216
2048 -2412 3000
-1224 5156 10004
-11468 -8152 25320
6120 -2332 8952
2732 3212 11256
752 2020 17716
5064 928 7984
-424 -3252 14348
804 -2656 12736
4448 1048 17680
2788 72 14724
7868 -744 14872
2628 1088 14956
4400 1368 15924
-80 -368 20680
4380 1028 11400
1556 12124 14612
2408 6240 7080
1716 848 10948
4796 -2968 19884
3640 2908 15024
-3016 5788 14072
12448 -152 13124
-3860 3416 16804
2908 -4512 19464
816 5124 16008
5768 4824 13196
152 -100 18000
6724 -896 23720
1900 -3760 16016
4312 2616 13776
1480 1700 13940
3928 -636 17772
1300 1284 15820
4944 -1580 11392
2580 -64 17744
7280 -1332 10144
960 -352 18564
-2216 876 15292
7984 -3644 25348
5576 2352 4468
2820 720 13968
7156 -480 20356
340 -4584 8400
2364 56 10936
2856 -1504 14708
-6676 3664 4284
684 2464 23700
2008 -964 13500
692 1880 8424
15008 -3988 15976
-4220 -2132 5868
1604 -7796 32767
8672 3992 7332
3104 2096 4644
4600 -1124 32767
-12956 -376 21860
8500 160 7472
6428 7204 14116
1452 820 6408
-92 1768 15200
1420 -5820 13504
2784 1008 11872
5472 164 17740
-640 156 20560
3188 1344 13480
4500 -1260 13076
16496 820 6348
1828 1160 5684
-6852 1644 32664
5016 -1392 16288
3944 848 13320
-2384 524 21624
8480 -1632 23488
6468 -576 6504
4492 -9196 28544
7404 -3488 12960
184 432 18812
7768 1088 18968
3592 4604 16008
5596 1944 14696
2328 -612 23816
6384 592 6768
360 -972 15248
4244 2072 2236
2576 5204 13592
-3432 1460 15392
1384 1072 21092
2308 3064 17260
4472 692 14368
7148 992 16932
1896 820 10052
1164 -4128 25876
8084 -1976 13868
-2960 4704 4936
2176 5580 10784
-5304 -3500 26900
12112 -2368 -6024
-3080 7180 2152
2468 -5212 12004
3704 -2332 31336
3212 484 24204
-7792 2168 17144
4636 -908 24460
-208 -656 14172
1456 1052 14312
7444 -3964 9052
8732 1764 4444
-4476 2968 15960
5456 1236 22940
1528 -1080 21352
-324 -3740 11892
11160 3892 14436
3760 4472 10452
-1908 -6828 32767
892 -1856 14860
4084 2084 16784
6660 164 10864
4208 8372 20632
2160 -2892 9864
5120 5828 17156
2860 -1036 18816
4724 -2040 18420
-13412 -3692 19748
-1456 -5884 27748
-384 -1008 16420
3924 5384 3556
5384 216 14372
-9144 -4088 26040
2904 -2992 25572
7920 -4800 16856
16852 1784 -1296
-1520 7788 11720
2596 -2216 22728
9256 1088 14692
4812 3296 10492
4296 -836 27324
2024 -4 24204
4104 -2464 13188
10868 728 6432
4516 4532 7344
-1488 4528 20836
-984 248 25380
-6212 948 19896
-2536 -332 11020
9596 1728 18432
4216 2644 11284
500 1572 4600
-2344 -4292 15560
5324 2348 26744
-1160 -1596 14496
6976 512 10588
3852 736 9368
3416 688 22608
1268 -3684 20900
6568 -420 15500
5132 3352 6624
6792 3732 10172
4552 -544 17228
-1952 -2004 23224
-232 -3452 20544
5564 1460 12208
6864 3564 3704
1384 -156 16452
1720 -4564 16112
3372 -4508 11876
2520 724 14184
4160 3472 13592
5696 1384 18472
6936 1140 17596
2020 1844 13496
6392 -2852 15704
-1504 -2864 24708
460 -3716 16508
4024 3408 15088
3168 3512 15612
1652 1912 13804
3632 800 13676
4700 -1216 10744
-2772 -684 19336
4544 -1744 14496
940 -3196 19472
2636 -1808 16272
3976 -1000 18640
3580 1120 13160
3492 1984 16068
7204 -248 14380
5592 -3300 17692
4324 -4724 13496
3300 -1564 16700
5116 1112 18568
3132 1744 13448
2008 -244 15724
2552 716 16536
280 504 12708
1808 1516 16608
1956 -304 13872
1528 -444 11832
4016 -2560 16500
3252 -568 13348
1164 -1280 16492
3780 584 17000
2104 376 17120
1040 232 17908
6100 -304 13292
3152 932 17660
5204 -64 16324
3540 96 14812
3716 356 17268
548 -1448 17384
2140 -380 18604
3028 -328 18708
-172 -1444 17760
2500 -1600 14904
1708 12 16004
-428 728 13544
5956 2156 9504
1552 2576 9292
2204 -752 16652
5328 -792 16384
3508 -1600 17092
2544 -12 16700
6104 1148 17076
1864 824 13284
3384 1288 18992
2496 32 21768
2044 -2420 12588
2948 -348 11392
376 588 17784
736 -1028 14652
3356 528 20324
-772 -364 13368
3088 -232 18740
3184 -2368 16952
3460 -940 12452
2596 -1152 17028
3480 1604 15944
3968 2052 12896
2428 1440 16656
1612 1612 14032
3392 -464 18696
4052 -124 13924
2928 1576 15340
1612 -1972 19960
1056 540 16088
3828 520 15040
3236 1948 12448
2236 -896 19572
1480 -4696 18596
2120 4960 16132
-440 -3660 16264
756 -2036 22708
2028 944 17392
6588 2316 8756
1740 -1484 13148
2780 -1572 16560
6008 -1896 16296
4580 336 7416
5056 -460 13740
2284 -924 16556
4220 -1000 19120
6192 -4 14500
2068 3088 13672
3128 1604 15024
2808 2444 15920
1240 3068 18248
2496 680 17492
3564 1388 15376
100 1160 15508
5940 3656 13760
-468 1424 16928
1208 -1128 17416
1320 916 17184
2552 292 17012
2084 912 12112
5996 2256 15316
1760 -360 15184
4524 104 14976
7100 48 7084
4872 128 14696
2556 -3612 24236
4604 -768 14844
6324 -12 14912
7544 -764 10808
1676 368 17292
6144 -2572 17384
7572 -4540 15968
4816 -3424 12392
324 -3156 21344
2136 2384 16536
4380 1104 12224
3408 312 10480
-1044 -3036 20812
4652 -3080 22052
2744 1272 15280
3688 3348 12232
-880 5188 12064
840 652 15312
6944 1192 12148
2328 1476 11424
1096 1256 13276
1336 -2048 15904
4560 -20 12108
2916 -112 12140
708 -2008 15248
2960 -3068 14108
2320 -576 12584
2596 -992 17472
5724 552 17456
2052 -1644 12204
-2824 -240 22168