6144 1844 13240
2852 -392 12592
5128 -1444 15256
7704 392 17976
2212 -3780 14600
8604 -1880 9224
4772 -2312 19284
4532 400 15404
6352 -696 15876
-3776 2456 14308
1884 160 22396
-292 -624 16716
2560 -2288 14952
-1776 -664 16172
1848 -1960 17920
1228 -4148 15252
-1812 -348 10628
4644 3912 14096
5540 -2260 19904
6952 -5000 17248
3856 1808 12476
5408 1664 13940
7948 -1296 15696
4028 -3448 18272
6584 -2304 15792
6076 -308 14272
1608 -816 13196
4032 -3668 22168
1072 -4408 14220
2848 -316 14132
-2656 -1024 17028
1508 -4488 13732
3144 -4660 10412
2256 -2048 15084
2616 2180 16052
3688 -2692 18200
-1356 -812 17532
7240 -2376 15236
1972 -200 14616
6096 -16 7752
7252 -420 13044
208 -2904 21440
5020 1832 16804
4052 3848 11172
-184 2128 20916
3888 -172 20952
648 -900 17364
-276 1504 14880
2492 852 12824
1948 -500 17092
3720 -3156 18160
2652 -160 17020
-1832 -572 9732
-1004 440 20084
6864 -1292 19872
3112 -1340 14680
1372 -2976 15776
1360 -2564 16628
7552 264 12660
9292 1636 12296
5504 -520 12824
3844 -1200 17860
3508 -5688 17116
-352 -3284 16284
4596 448 16984
1980 912 15408
5992 408 15016
3536 -3500 14620
1228 -1216 13036
308 -5856 18744
-2464 -5504 16008
3276 952 16260
3148 -1336 15152
-440 -2624 17760
-2084 -1944 22656
5688 16 15324
7260 -212 15268
7224 88 13928
6540 1408 13716
3492 -128 17104
2948 1100 14968
3732 1848 14844
3668 -1744 13596
3868 -8 17284
1204 -1260 16952
4272 576 17164
3592 -152 17944
-1260 -2292 20900
8412 -3272 14604
4656 -172 15456
7812 504 10824
3412 -2148 10148
-320 -3204 19420
1324 -4684 17928
3196 -5280 12156
844 2168 7204
2152 -416 8120
-800 -3944 16828
4488 -2272 19164
6356 -3668 14140
8620 -776 7036
3496 1476 9220
3364 -3228 25232
1104 -2328 23036
2924 -64 13968
208 544 12900
-2068 2276 13136
1192 -112 20332
3028 -1552 19216
2320 -320 10856
5204 676 12272
1320 -3196 11028
3048 -2732 12780
4776 -4108 21140
1016 432 13008
7168 164 7400
3484 488 6600
984 20 18740
-1504 -4368 21216
3820 -5832 17304
-100 -2336 17712
8000 1104 19224
3180 2648 10636
3500 1252 11424
8908 -1496 10836
6128 -1280 8832
-1588 -640 9612
3980 -2884 13640
544 -3628 18984
536 -5600 13688
3948 2132 15356
-4796 -3676 18868
5108 -1604 21260
3156 -884 15140
4800 -172 10308
1988 -1580 17868
1444 -192 15772
6452 876 17732
-2088 1144 16700
4108 -648 11788
2196 -492 10484
84 -2828 15652
2800 48 14168
1120 -1540 17784
-1016 -1140 17608
5812 -1692 16292
6952 -3972 15796
4600 -1852 20764
2008 4764 16300
3276 2560 21576
8884 5040 13392
1764 752 9756
8836 -720 13916
1364 -1880 15472
692 -2728 18704
1296 1304 19216
3936 560 12056
6580 -1108 13860
740 -3752 18316
16 -4004 17340
4400 -4796 12860
2804 -4252 13696
3384 -6712 19688
5060 -4816 18544
7324 -2108 12244
5484 -976 13248
2424 904 10272
4228 -828 13412
5036 -3724 18736
1552 -5112 14244
5808 -1540 13860
5660 -1600 15964
1164 -924 20128
4876 -4032 14700
5220 900 13656
3912 -876 18240
584 -904 17064
3708 -256 12944
2684 -532 13744
2272 476 12900
1872 464 13004
-2236 -2360 21892
1820 -3420 19044
2928 -1972 16616
2484 188 13400
6392 -1352 15656
-600 -2464 17148
3636 -1572 16364
2200 1996 12380
-1528 -436 16128
1908 -4056 14916
1816 -2128 12260
4820 -4888 17496
1492 -1344 16884
6980 504 11596
3728 -28 16456
5996 284 16300
1164 -552 19008
2560 -2800 17652
116 -1468 16180
4512 -1228 16264
3332 1540 16308
3744 -1784 15248
5012 -2436 16460
-224 228 9740
5112 -440 12644
2408 -3376 11292
916 -1400 18544
2256 -1672 18740
6076 280 12672
4312 -112 12872
4604 1316 13224
3816 -1308 18756
5328 -2396 20140
2580 -276 12160
6992 -1872 16316
264 452 21304
4556 -292 17004
-2424 -2112 17196
2876 -1524 16536
988 -508 16368
5228 1264 13700
3960 516 12772
156 -4652 16976
3120 -1432 17724
2896 -3708 18644
3060 -768 12888
1072 880 18452
4340 2856 19308
2660 -76 16224
5736 -1848 15596
3884 -1032 13404
-1008 2624 19020
4720 -108 16756
6452 -2136 15208
-1944 -2200 12188
5620 -2144 18972
256 -2592 15404
5996 -1208 11256
5992 -996 13536
3440 -4096 17328
-312 -2560 15300
1524 -3616 17924
3960 -3060 19764
1248 1604 17568
1860 -36 19516
6132 376 16776
-1652 1596 16008
6384 -28 13808
2616 -3668 15764
-1224 -7252 23104
4692 -4660 12280
3100 -164 13036
-824 1872 21448
4880 -512 10544
5200 -5948 16428
8076 -5884 15820
4664 900 15508
4820 -1196 14972
652 2232 19964
2172 -1712 15400
6812 -912 15024
4624 1476 10964
7560 236 13364
-3128 -288 16472
3540 -2984 20328
3880 -3464 19736
-1340 -872 15204
2416 2596 18384
3148 708 17936
2288 -1764 14036
4820 -3420 13308
380 -708 18356
3300 -2848 15468
3612 -4008 19132
3252 -1916 15736
924 40 12000
1096 -764 13036
3840 -2216 18812
3180 -1464 12684
3980 -700 13464
5580 1808 12596
1136 -496 17308
4668 -3544 17152
4648 -1988 16200
4048 -692 12544
2104 1996 16304
-376 528 19536
3480 588 15196
3740 452 10780
3940 -2964 14848
-1944 -2532 19512
3240 -816 19704
2824 -2660 18000
2628 -1272 10760
700 328 12836
2500 -1692 17376
3076 -2544 15424
1956 -2152 16852
3356 -692 13268
2976 -1904 18920
392 -3192 18884
5272 -1104 16828
5156 2960 13512
7424 2604 14748
1132 -228 18336
736 -2168 22904
2756 -20 13148
1656 1648 10156
576 -480 20552
3028 -2404 19916
1776 -4080 14000
3664 -2864 11968
2596 -3124 17900
3052 -2896 16256
4904 -492 12704
4540 -2076 14716
3328 -1224 15384
2344 -2296 13912
3692 -988 15848
3324 -1004 17952
1824 -1720 17256
1376 -1056 15632
1172 248 18960
916 -296 16556
1468 -184 13968
-448 -2596 14224
1024 -5012 16188
4656 -96 13420
4332 3180 15852
1304 -240 18764
-2656 -3124 22308
1692 -2752 20408
4096 -1340 11340
4408 1028 13564
6136 -4592 16800
2856 -408 17808
4140 -220 13656
1528 -712 15664
-768 864 20704
5292 -4168 4728
7232 -100 8532
-512 11240 19184
3540 -3240 23300
7168 -9052 16988
4444 -2500 11228
10036 4084 15880
3144 2972 11764
7808 -3696 11812
3580 -2692 16124
2764 -3380 19436
636 -1708 21144
6972 -2636 17644
-892 -3208 18476
3652 -4876 12092
1548 -900 9152
-1456 -2284 11156
792 400 15160
-2328 -2692 14212
652 -7924 18220
4136 -4984 18132
-1420 -2868 18664
7688 1168 4096
2148 2364 10256
1984 -3308 26128
7172 -4264 14276
4480 844 5148
4928 1696 10384
5840 328 17304
636 -2248 20556
3800 -80 14056
424 -3904 12936
-208 84 15548
5264 -1216 18012
2768 -3260 16824
2172 -680 10652
80 -700 19208
-5144 -916 22512
9748 -1572 13428
-1152 264 10356
752 328 22780
-2624 -180 26392
2496 -5012 14928
7972 120 9404
7788 3312 10800
2476 3348 12608
3816 1240 16660
3824 -3408 18676
2368 -3960 16212
2176 -2420 14700
6324 -2080 12512
1272 -4460 19304
2224 -756 15736
3740 -3472 14548
-528 492 15644
-188 -1664 19356
3104 2072 18928
4072 -1560 15168
-1668 -1936 14268
808 -1628 10000
296 -2640 15148
-60 -3172 19244
1388 1832 17900
2060 1220 15736
3580 -2684 17540
5956 -896 13032
2768 1812 16012
2052 -652 19852
10992 -472 14448
3728 -56 16012
8352 5804 10460
2488 -3788 23648
-60 -2752 25328
464 488 14344
-2472 -2264 18576
1832 -2028 21108
3464 -1236 14452
-276 224 12368
-876 -2776 20172
2244 -7896 16620
5300 -5040 15456
5164 2020 9844
4004 2432 10276
-28 -416 23652
3752 -5504 21216
9488 520 11820
7360 548 9976
2496 388 19052
2644 -1116 18652
-320 -2216 17800
10408 -3580 14160
-1460 568 12644
2912 -1120 17548
1760 -192 14124
5492 -5216 11536
260 -2068 16720
-1380 -2924 19012
7668 -4540 22988
5320 -3252 13672
4500 -3148 18088
1928 2080 18052
2060 3712 12524
4864 -3380 17336
2424 -5020 13396
9232 -2412 15832
5676 2792 7704
-1628 -6016 29080
2992 -3860 25448
1052 -604 14292
2164 -312 18676
7292 3636 16804
9688 1104 11348
5612 -2484 15584
5092 -5280 12532
7412 -1672 8828
-3632 712 16052
5784 -368 13680
1028 -3956 16848
4640 3444 12928
-2904 1180 16388
5816 -4344 16392
5448 -4248 17940
4148 -4580 16092
-2900 -2904 19432
2920 1824 15524
2040 1288 21344
2180 -1428 17044
6116 -1748 13344
-2060 3460 13732
1224 2948 17984
104 -728 17736
2504 -4760 14228
2328 -3036 18252
504 -7184 18228
4284 -2140 8532
7508 3588 14936
1636 -980 15976
9832 -796 13684
1444 -1512 17908
7316 -1448 22112
1384 4852 7856
2540 -6608 23788
-1164 -2888 20820
-1032 620 16076
4216 -1700 12124
-2136 2072 10116
16 -4508 26352
2088 -1248 17412
1072 -2896 10696
1940 -3004 21392
3908 1252 10036
3508 608 14320
6616 -1380 14540
5088 276 12372
5692 3420 17956
5528 -3748 16332
-5896 -2564 22604
12900 -2452 14128
512 956 12628
-2252 -8628 26204
360 -5588 18324
-1552 1004 10748
4212 992 14120
-1568 -1072 19836
1164 -6284 20716
7252 -5300 8236
2024 -760 12924
10088 -288 12556
5908 -744 15440
5788 -5384 10984
-2644 1892 26648
104 -3344 24200
8484 -2608 13324
6088 7228 7172
1284 3604 14448
812 -2360 16836
364 -5000 17164
5184 -2816 14728
-2520 1548 14916
3888 -1468 11668
-4992 -56 15836
2300 -3860 17900
1684 -1644 21240
3220 -1928 10720
5024 -4104 18100
1732 -2148 18212
4452 -996 11704
6236 -436 9732
-2824 576 14232
3592 152 25104
1636 -4572 19336
10984 -2756 7904
-2240 1644 10428
-2124 -2768 26000
12908 -2996 6992
804 -488 5980
2496 -1872 30744
1192 -548 24088
5976 -3744 11864
5716 -592 17032
5880 1340 9176
3084 -24 16880
5492 -2756 11160
-3664 -1188 16548
4948 -1212 23096
4780 332 8656
2824 5912 5636
-336 2192 22116
4548 -4716 16404
1900 -4548 16556
4132 -312 14604
9012 1952 10244
940 940 21920
1136 -6164 21552
1024 -4116 9568
4408 -1364 11400
2416 1808 15620
6500 -656 13868
2544 1860 13348
8756 -2912 13984
-6856 -892 14484
4680 -6032 19988
2132 1056 13508
-108 -256 14824
8808 416 14184
-3236 -896 14316
1744 -2500 13264
1096 -1328 19184
588 -1044 17672
6448 -1968 14000
1104 -1260 13628
5872 444 11980
3856 -644 16916
1196 1540 10840
3040 -4044 22256
136 -1644 17204
3940 680 17428
3956 -1748 14456
2408 -6240 20744
2684 2700 15676
1564 1376 19200
2972 -3620 15480
3924 -2848 14112
4624 448 18100
5660 676 10328
6060 -2888 8456
116 140 17700
1600 -2244 23244
7468 1300 9072
1316 -836 9072
3592 2224 23656
3736 284 14936
2920 -4516 10928
4412 948 12448
4164 -260 23892
3248 5644 10820
-564 -5684 27948
9268 -6732 10176
2036 -2684 12192
4756 656 15836
6836 636 9940
1200 -3260 19016
4280 5436 15176
1592 936 11584
612 -4268 18952
6372 -3588 17204
4160 292 11456
4144 40 15004
2932 -204 13372
2700 -3588 20048
5504 -1648 15020
944 -624 15096
1988 1308 12744
2724 -2144 15556
5952 1600 19424
1008 2132 13992
5584 -2856 16736
1472 -4980 15756
3056 80 22368
4896 200 18288
7220 -1900 13452
2388 452 10164
5272 2744 10952
-4392 -860 23868
3304 -3036 21764
5792 824 9484
6228 1940 6384
2488 752 18704
-328 -1216 15848
2352 -4964 18432
6008 -5428 13540
7536 224 12088
1680 -708 15316
5140 -1472 17280
-344 -4628 14772
-148 -4772 20228
5616 -532 13380
952 -2108 7836
-3692 -1980 20712
-5348 -2884 25984
5428 -2112 11372
3116 436 2572
2628 -436 7856
4228 3872 17444
6392 -6216 15612
4600 -3056 12596
1752 748 13312
4620 -876 18860
5048 -2732 19272
6388 -608 15796
1668 -804 16356
2752 2648 16624
2300 604 17584
2980 -3756 23380
152 56 18780
2972 -2656 14784
2956 860 9112
-640 1960 12868
612 -944 17884
4316 -1600 18584
788 -3236 15284
9116 1604 5796
-40 944 10732
3592 -88 18892
6368 -4692 18888
2928 -5272 16136
7996 1204 14084
3220 1664 15680
6136 -2108 13232
5052 -2336 18196
1024 276 9772
-1264 360 19476
-228 -6028 18108
3412 -2100 15652
-808 -1124 14120
1812 -4180 19980
1268 -160 13760
3424 -2064 12708
6592 -6488 18044
3860 2920 9068
2364 1652 17312
3528 -3296 17560
3080 -2676 18380
9380 2704 8708
2864 3248 14456
7908 1732 13608
8228 528 14740
2400 2604 11820
5308 -860 17456
5540 -3260 16880
-244 -688 18796
6640 3600 12692
-3488 -2548 22972
4336 -3640 13988
-3188 -1292 20400
2168 -676 20968
5936 -1104 17256
3092 -2520 9160
7468 -716 11952
-840 140 15860
2700 -4396 25024
5972 -3896 14164
6504 -440 12676
-2768 -5072 23364
6560 768 15304
4936 3280 15704
4660 688 19488
3440 -380 17232
5556 -552 13808
3500 1892 16712
3336 -4988 18636
3664 96 18704
1016 -2696 13576
5720 -3272 13176
3484 -500 10988
984 932 17104
8568 -3264 17500
3212 -5836 16744
2104 -3660 19872
6504 3036 10260
1256 808 11472
4312 -968 19420
2876 2116 17772
2032 -3644 12916
4592 -1768 12944
-632 -316 19988
1000 -2368 18464
4312 -6608 14228
4172 -576 13536
5176 2548 12740
4112 1444 10552
-444 -2076 16916
5672 -4416 18544
5068 -4420 10396
-1848 576 13340
3528 340 16172
-644 -1860 20376
2944 -1512 18908
-5088 1444 18152
4704 -3016 20572
2236 -3976 13788
4116 -1992 17416
3960 2852 17280
-2756 3136 14916
4140 -408 20936
5492 1712 15376
3896 3584 10692
5676 1772 16040
1980 784 13376
5600 -408 13828
1524 -1648 8384
4564 1952 14540
7056 1528 13376
4404 -4300 20364
7340 -3412 17624
6308 -4700 10884
1116 -4812 16220
9096 -3004 20068
-812 3340 19192
1832 -5996 22768
3012 -3548 17464
-1444 -2008 13200
-2508 -504 22644
-4544 -5336 24732
2776 -3052 9212
3636 4484 6692
-140 2360 15592
5136 -2696 16792
4312 -2456 14480
3076 1264 19444
4632 928 14964
5756 440 17916
6876 -220 15744
7684 -640 13908
2836 -392 18864
6752 -1056 15436
2636 -424 13584
4116 4 14908
-164 -3124 16612
-1180 -4752 21100
1456 -676 17092
-316 1228 9720
2188 -784 11640
1308 -788 16292
-2016 -4756 16960
-496 -3336 18848
6492 324 16140
2536 292 17544
9580 1500 12400
6896 -892 9616
440 -4224 20616
4996 -2748 20044
6144 -216 14640
908 -1960 15892
7124 -3208 19560
1376 1496 18680
-1436 4784 18868
2020 924 16800
960 -1440 15916
1912 -2024 16048
416 -1184 20868
3376 -2872 13212
2224 -1544 12052
2284 3148 15420
2236 -1464 22800
1544 -2272 18128
5028 -856 17416
3832 1312 13860
2128 972 19360
4468 -3040 17068
720 -1656 21100
5748 -1152 19724
228 800 15968
1668 -628 14316
1048 -500 18744
2944 -2752 18420
712 500 22632
5112 -2324 13416
1804 492 11952
1996 -3776 16084
2324 -3748 17956
6632 -1972 13088
3212 188 13632
3312 -2508 19260
6428 420 22132
204 -1616 18724
5104 -2788 13968
1512 -820 19752
1224 -2252 15824
2536 1424 19152
-148 -2176 20484
4680 176 20688
712 1020 14200
1924 -3616 17724
3944 -3576 15792
-192 -3608 17432
2324 -1996 18724
2536 100 17072
2676 -2768 16856
156 -1032 25424
4148 -1692 18972
2636 -900 18488
2800 -668 20096
3288 276 16992
3236 -2720 15464
2196 -1312 17832
832 -264 22116
3544 -3692 15108
6708 -2356 15812
5828 -1452 16292
4956 1428 19256
8468 1908 17500
780 1052 16396
1120 -1312 18872
2160 1124 21668
1060 2704 18860
956 3144 18928
856 -1148 16844
2840 -1904 18752
1820 1476 20372
976 468 18788
3164 -5152 16744
2452 -3920 13332
6280 -1944 13744
1956 -1120 22140
2996 8 18888
2656 -2472 13624
2880 -1804 14272
2064 2484 19320
2668 -676 18080
3584 -1692 15348
3676 -2920 17404
1640 -2280 17504
1668 772 11940
2540 1832 12948
4356 92 15764
1964 -2112 16308
3468 -5044 18916
1464 -4424 17400
3924 -5180 13196
3592 -3400 14616
3864 -2528 16168
3328 -2176 16600
4668 -1036 18240
504 -1188 20160
724 -3064 19936
4176 -3988 13168
3496 -3316 11748
3264 560 16668
3160 -24 15136
2504 -428 11536
4588 -5040 14244
3596 -6388 14204
3620 -5624 15260
2080 -2332 19280
4012 -1908 17684
3716 -56 12484
2356 -2876 12872
1148 -24 19224
-580 -4816 23676
2652 -5860 15612
2360 -1540 14776
1884 76 18100
2420 -1044 17460
3304 -1048 11792
2588 -160 12812
1980 1136 17500
2500 408 19712
4824 -3624 14096
2748 -1688 11708
5016 2800 14960
2056 820 18116
816 -1656 17344
4932 -1876 15600
3244 -340 16068
4100 1720 15688
2296 -1044 21048
-1796 -2740 16108
3892 -3288 12188
-776 -2016 15268
632 -1988 18840
1344 -2176 20564
5968 -2616 13148
5648 -4588 17760
5540 -3880 13688
1668 -2308 18504
3372 -1832 16056
4616 -1880 8944
304 -2032 18404
2360 100 23252
5976 -2632 13352
1632 -2588 15264
3084 2736 18636
3452 1576 23984
3996 48 19784
6988 -1348 10660
3840 596 10988
-916 900 17004
448 484 23156
-4628 -5940 21340
4604 -5228 16744
2080 -868 13516
1012 1604 20208
8104 -1468 20692
3772 1020 13844
5360 324 17392
6376 -544 18012
1336 -3136 17172
7748 -5684 10808
768 -1124 10740
6380 4716 24688
4996 256 8048
648 3688 8440
6892 712 17076
1192 3728 12284
-260 -4228 13592
4092 -2320 15544
-1856 508 18036
4768 -2180 19124
3140 1976 15180
3536 -1664 13852
4212 -3448 14708
-560 -3320 17188
4424 -884 17520
3580 916 13432
5620 3296 15088
4528 1592 17272
3800 -2712 14780
1804 -1204 10976
-784 48 14248
6364 -1192 15076
4380 -168 15900
3456 -1744 15220
5500 788 17204
3416 -1244 13076
5156 -956 10476
4456 108 9040
3164 2732 17784
3504 1924 19408
5636 100 17512
4484 2164 16872
4244 -240 14976
6324 1144 15184
2348 -3128 16084
-228 -1976 21940
4120 -368 18296
6012 -2128 9632
296 -1464 15700
680 -3060 19860
3720 -944 13820
5672 -5080 10064
3752 -2316 14232
5712 -2108 13392
2496 -4504 13292
4892 -4164 12800
3620 -5108 18276
7236 -1248 15280
5604 -720 12072
7104 1148 15992
5864 -1680 13088
1336 -2480 18148
6732 -2296 17824
4744 -1656 12268
3692 -1188 13200
-1688 -2408 22184
3352 -2752 20336
988 -696 14492
-1016 -1044 15012
168 -1324 19244
5196 -3132 12664
4160 968 11092
3584 2068 13452
416 188 17568
1672 -2940 13808
6668 -2104 13400
9856 -4528 11572
7028 860 17420
2904 1504 22056
8256 3780 14224
8272 1736 9392
3276 316 15540
3040 -1632 17092
404 168 14580
-1268 -868 11796
-480 4508 18080
228 -872 17384
5412 2108 6580
-6720 -1752 20744
3340 -6384 30812
12024 -1640 5948
6704 1112 2004
4792 1028 12944
2872 -1708 18992
3068 -5128 17832
6112 -3768 16724
2144 -4128 15280
1452 -1828 16312
704 1728 14560
1040 472 13604
7472 2316 6692
-6680 -1004 17276
8444 936 18468
3524 -488 15752
4604 -1996 15088
1972 -332 16736
920 -3700 16384
208 1284 18484
3544 -3072 15884
-580 -2388 13548
6572 -4928 17144
1668 3600 14668
996 1204 17548
944 1188 15184
6468 56 12040
3884 968 16964
6352 -1632 17284
6548 -3748 14528
6696 -1680 18664
2304 -680 9484
1384 -1756 11496
2384 -2444 15600
2088 280 18604
5240 1228 19156
2096 1068 16572
2656 576 15080
2132 -1212 16428
612 -5140 19504
6660 -2540 16488
6848 -1300 15808
5016 832 16388
-584 300 17644
4060 -3996 21016
1040 -2772 11536
2084 -4124 10800
3616 -148 16680
5448 468 15208
3892 -1112 17784
2816 -1848 14048
4264 -2572 12576
7660 -1424 10328
7640 1092 12772
-1684 -5904 29212
9080 -3392 16976
6164 -1760 4800
1996 236 16576
-2580 -4452 24768
7536 -3884 6340
-1044 -3188 12552
-560 948 26076
4044 -912 15468
-736 -1504 9168
2028 -6656 23640
-1332 0 20188
2668 -3256 11124
2764 112 14900
1312 420 18964
4424 120 16584
4204 -100 17556
6380 532 13836
7964 740 10252
3324 1940 12848
4696 -196 22400
5380 132 18920
6460 -244 13700
5020 80 13192
3376 2220 11916
2636 -1056 15484
6628 192 16644
2472 44 15320
5664 -1188 14900
3264 -5276 16396
2300 -3252 18464
4584 -1444 19048
4444 -1660 12408
4084 1016 16468
2432 -3020 19716
6900 -168 12192
2520 -2032 9176
-308 -3324 18232
4560 -2092 17456
788 -1380 17092
4176 1512 17592
7152 2232 11340
2140 -292 16748
4776 2692 15396
-648 1184 16348
5496 1404 13348
4064 -312 14804
-168 -3148 21796
5948 -1884 17096
932 -3256 10900
1256 340 18056
612 -56 14668
6404 892 9744
4416 2248 10332
3148 -1596 16120
2956 -2888 19256
7296 -340 10140
2600 -4300 18308
3016 -3892 16724
8956 -1532 10264
1000 344 13400
3032 912 25500
1356 -5660 21440
2884 -3820 12752
892 -548 13632
200 92 22836
1520 -1280 21532
5468 -3040 8272
5784 -768 11772
348 -2424 17452
9268 -3508 21880
2804 -6492 10008
3904 -5540 11684
4504 -8356 19528
2384 -1812 15044
2408 -5996 18040
2272 -4352 14012
580 -4364 16488
1404 -312 22812
1232 -2240 19924
4300 -4372 11524
-564 -300 12060
1300 3708 22092
2220 1884 16076
3024 3988 12896
1608 3812 16736
3752 1808 16920
7880 -1900 13668
7452 -1076 11796
2720 672 12684
3864 -2564 20028
9308 -1516 15244
1764 2492 11268
1804 812 21408
4696 -124 15384
936 692 15852
1916 -260 17376
4636 -3960 20468
3108 -2224 16944
3696 -424 15352
2796 308 17456
3340 -1872 11416
5856 -4316 13564
4156 -1488 16948
4424 -4564 20280
6036 -592 9584
-676 364 11404
-2252 -3452 20604
4696 -3752 16188
-184 -124 17580
4076 1676 19292
6036 2928 12760
540 -2168 20560
5024 -5720 22676
1900 -1484 14388
9900 -1528 12516
208 5252 10076
2616 -1644 14432
5356 -2600 16300
-664 -3328 10064
2656 1020 16084
204 -2348 17984
7592 244 13944
224 -396 15036
2968 -4024 18912
7500 -4020 15204
2872 -3808 12256
5252 -1352 18572
-588 -3144 18652
6036 -5376 19272
7960 -568 8772
7444 -1692 7928
6652 244 15388
4888 -2972 16012
1848 -3396 19252
5680 -6696 12844
1148 -68 14104
-1884 -164 19412
-2920 -2056 27064
2496 -3200 12036
-548 -1100 13040
3272 -600 19336
3172 1896 13456
736 920 13856
-60 2696 16544
2356 372 17856
-3324 -2624 20560
8484 -1556 12596
856 2352 9168
1512 2528 11536
408 -1860 15764
6672 -4804 11432
7972 2028 7312
-1908 -1876 24512
7676 -2548 20700
6364 -596 8412
1540 -976 11532
1588 -52 21720
2244 -1592 20232
60 -2108 21764
4516 -2924 16460
460 -1232 9600
4272 -820 11804
-656 -1000 15136
6004 32 15792
3692 -3536 19064
1316 -2156 13632
8804 1292 11868
4888 3664 7124
-3344 -2388 21680
6532 -5048 14104
-216 -4676 12612
168 -5120 23096
5296 -4760 19436
404 2540 15112
3912 2432 12112
4680 3864 16824
9184 2716 15484
-1800 -2408 25788
7576 -3112 8312
-4460 1984 16628
376 -3972 21832
2872 -3120 18688
7644 280 9888
6044 5756 12064
3600 3064 21444
3112 -2192 16116
5032 -5144 17600
1736 -5636 15268
4140 560 13084
432 456 21056
5092 2552 25020
6256 1544 12252
2456 696 5504
-2228 2600 15860
1692 -2792 21716
1712 -2456 12312
4056 -3320 8052
6848 1452 4720
-5436 4672 15988
4100 72 18348
5640 -3284 16052
-1112 -4992 20312
860 -3848 17600
9460 1508 11860
672 736 15328
364 -584 21452
1584 -1012 21628
2312 -4244 20280
3248 1720 15400
-3008 2756 13364
4644 -1900 14408
-372 -3576 15688
2196 -3688 16900
708 -4436 21112
5404 -4976 12572
3412 -1780 8516
7280 -552 12700
3728 1472 7968
7480 -1408 17984
3968 -4784 21612
5636 -2916 24924
6700 -904 13488
7052 5880 8268
2764 4168 8200
2600 4680 15268
-5076 -6252 32767
3644 -8712 17364
3168 -5612 3908
-3172 124 15512
908 -960 26276
5696 -1248 8116
1808 -1016 7088
1956 -1856 20268
2544 -6664 25540
5240 -5552 11272
2000 -1652 13712
-940 2120 19072
4468 1360 13768
-2248 -1724 22360
10124 -2344 15148
1624 -84 7552
3544 732 12204
3120 -1180 16704
-1432 -3444 21632
5016 -1180 16076
3028 696 18968
5284 -1344 13344
2924 5440 14972
2252 540 14216
4600 -1492 19604
2976 -4328 15744
4044 -1176 11424
-776 -96 19240
-2020 -360 16296
3332 -2020 22812
2108 -2456 15724
3524 920 16064
7072 2932 9220
932 3136 11796
1016 -2456 22468
6404 -7244 10232
-3252 -3684 13928
1652 -3512 22584
4724 -2388 16428
2684 1376 6496
3668 2464 12076
-612 -396 20648
6816 -4604 14740
2932 -3516 13132
6784 -740 14236
-660 840 12668
1340 -2188 21208
6876 -2308 7824
6084 2248 6480
-2076 -788 23412
9212 -4512 23168
6732 -2784 7584
-912 -3272 15360
5540 -1160 16400
4696 -884 19708
5796 1728 9568
2388 3188 15068
-4572 -2204 22640
5168 -5088 14436
3588 -1836 10580
2016 632 14792
-496 -1744 22868
4644 -3288 17900
6848 -2168 15540
-1680 -436 19960
7004 -1992 17244
3064 1012 9684
4156 -776 14328
4072 1064 18640
6524 1640 13668
2140 -240 13084
-720 -1884 13736
-2420 -2612 16384
5072 -2248 10864
4600 936 12904
4848 1140 19004
-676 -2336 14632
3696 -4832 16872
7144 -3620 17872
2396 396 10580
-480 1780 15464
4336 220 13624
-5504 1168 24132
4604 -8444 18988
2224 -512 6936
2408 436 7832
1024 -3476 24176
3996 -1904 17064
1960 -2616 16804
684 -1276 21648
5492 -2912 21676
9280 912 8564
2288 3920 14008
4676 1840 12608
440 -4312 18180
3428 -4428 15776
984 -1600 20472
-740 32 15148
3092 -1788 11616
10152 3984 11232
-2032 3364 19628
5528 -320 13544
2096 -5540 15468
6264 -5388 19376
-3356 -1836 20112
6388 936 10260
9804 1832 13724
-3124 2948 10436
8504 -384 18708
3896 -2268 13440
4464 -3584 12072
816 -752 18820
1224 -1276 13460
2836 -4116 16328
2800 1360 16388
3876 128 16732
2392 -2100 19008
5124 628 16216
5052 272 14628
4360 956 12584
2940 -2792 14616
984 -1280 19468
348 -3296 16176
1092 -2604 17628
3576 996 13272
6664 1364 11456
5940 940 13992
3096 -2456 12912
6188 -2884 16876
4752 -2544 11184
2988 -3440 15544
4964 -2484 16560
6404 -1852 11628
1688 1816 13468
-1584 -1188 19564
1592 -3872 26752
8032 -5936 10656
2012 -1120 5888
6304 900 12836
1156 4064 18676
536 -3644 17328
600 -6088 21224
828 -3404 19336
7704 68 10328
5668 2288 15412
1264 -828 19756
1996 -2396 18952
1496 444 12448
7680 652 13288
11600 1296 8032
-196 4196 13400
612 444 22584
940 -8232 20744
-1904 -6308 17944
6832 424 18660
3308 3468 16668
6676 5440 8228
1444 3664 14768
-1712 -4928 24032
8700 -2876 9064
1868 612 5408
-4804 -1128 25336
-1320 -1180 23512
4960 -3816 8568
10948 1592 1168
3288 4452 12808
-384 -4104 32767
19388 3436 1588
-11284 -3796 2700
7336 556 31196
10468 5384 9404
-6968 -1712 19428
10044 -5160 32767
60 3136 -6156
7264 2668 1300
-784 264 32767
-2476 -2200 20352
4348 -3692 6472
-3340 -7028 10508
9584 -3180 23160
-1828 -612 15288
8988 -1744 8704
-12652 -3744 26508
12520 -3896 15772
-1988 -928 10188
328 -5436 32767
10488 -808 9700
-6176 1076 8816
1544 -3952 28384
15156 -28 10012
-664 1452 6264
-2092 -7232 32767
10504 1100 8024
-4440 -1780 8296
3148 -796 31604
11576 -1808 10388
-3396 -2064 9304
3652 828 26220
-6340 2848 23096
5936 -4600 11568
4700 -4416 7820
1016 -2548 20896
2580 1260 17472
5244 -276 6948
4552 -80 9560
3172 -1036 14884
6384 -3608 17184
1368 260 12336
1448 -2652 23728
2788 -404 20412
7332 -1284 13784
3680 788 8992
6912 368 17184
4120 2568 20296
1596 -572 13552
6352 -616 11972
-504 -1852 13920
1964 -2084 20520
-588 -2956 17848
4500 268 19172
4316 908 12468
4504 2416 11588
5584 1572 12876
7264 228 19632
2132 -6632 19044
1320 -4608 12672
6292 1236 9812
6392 3700 14404
1364 5320 21092
7600 -1556 18812
-356 -4592 11924
5204 -1936 17460
4752 40 18768
2644 -1944 13592
-2192 -116 15248
5500 1120 16568
-1592 2060 16064
2652 224 21112
1316 -1788 17208
2768 -3736 15276
-1824 -1824 16780
2940 -2096 12892
5832 -1576 13680
1520 -1588 19508
4528 -2988 13744
3724 204 15432
1796 3856 17200
4504 -2996 18384
1940 -1856 10976
916 -1820 17836
2488 4536 21344
-72 -440 17024
5924 1640 13112
3816 -1516 5888
4384 -3204 20992
1672 -584 18128
2776 -4268 14780
5196 -2560 13928
2852 -2024 17644
-392 -1108 21452
4356 -1880 12164
-124 1848 12716
1536 -3192 22772
64 -6048 18188
2312 -3916 17488
4824 1120 15956
8144 1988 6000
2944 -1176 8816
-4684 -4488 32632
9964 -5028 14000
1448 3152 7996
1688 3568 15040
3752 -1124 15684
1900 -4620 14672
7336 -3696 16436
2376 104 12452
6808 2700 12900
4696 492 18388
3892 -2880 16008
4080 -2648 14360
6044 -2360 14052
336 -1732 21228
668 292 14748
8480 -892 20892
-2184 976 14084
8420 -3372 12312
6660 -2640 8576
-2588 -1440 18884
3360 -3268 21472
56 -1060 14776
2900 -1780 16432
4376 2328 15728
2184 904 15736
4444 2812 14792
1844 108 16580
2388 -2084 18180
864 -4004 18260
6352 -3452 12784
6028 168 10256
992 624 13160
-2244 232 17908
-308 -5108 20968
2132 -3692 14752
2568 -5000 18604
5636 -1048 14364
8264 -196 5252
-424 3192 7916
-5920 -2416 30140
4016 -5984 16864
7536 -1284 9192
3656 2744 13568
2616 2352 19016
616 -4172 16840
8176 -4668 10644
2164 -1820 16052
-584 -920 17336
2724 -2636 19400
6932 -4672 12448
8760 -904 8464
1480 308 15344
5828 -964 14712
3196 -348 10204
-4616 -7668 22112
4704 -5692 16896
2012 128 14520
3464 164 13292
8688 -1400 16376
1124 2124 13916
7124 1844 13196
8136 -220 3400
568 84 13084
3380 204 21932
6964 -5976 14256
-3976 -4804 17352
4532 -480 17156
5364 -1572 18704
7472 2300 9624
11928 9292 10716
-1924 3796 20576
6308 -3832 20516
5572 -7196 9176
140 -4148 13680
412 -2636 24608
588 -1844 13572
3984 -1308 8176
-972 3104 11748
-784 1652 18312
4428 -7020 14740
1356 -8016 14008
6572 -7032 17112
5864 -2036 9864
244 -608 14896
1336 -1280 16544
4980 -716 13492
2620 -2612 21200
7856 556 16896
3940 4028 12260
3204 2316 15808
2268 2372 17256
-1988 1524 14700
6252 -6140 13688
6120 -324 2144
-3672 1588 11740
556 -3776 32767
8496 -7568 7772
4920 2840 1708
6460 2992 11816
-200 -1872 21072
7076 -6432 12328
2036 -2380 13356
-480 3220 23188
9860 120 20288
1472 -1608 11560
2892 -556 16752
4180 1148 15220
216 -2240 12000
2300 -3120 11032
1792 -2156 13312
4812 -2168 22104
2656 -16 14668
5816 344 7680
3828 1360 9536
2776 704 18540
-3108 -1536 27096
8728 -3940 17512
6008 -68 7480
4392 -276 8760
5872 1440 20836
2928 736 16068
432 -4408 14152
2392 -6252 14948
2912 -496 13772
1292 1208 15504
4680 2640 18084
1988 540 15892
3500 -524 17024
2496 -156 16200
4648 -1864 11020
8008 3064 10408
1552 -1300 21152
6160 536 16972
64 -2188 12660
5160 -2212 13188
4708 -56 15088
2204 1256 10092
-804 1472 15292
-2260 -4548 23120
5760 -5408 13988
4348 3524 9312
2888 3756 14068
5620 1696 23880
48 -3188 20184
4876 -2156 13484
4356 -72 17208
1820 -516 16212
6492 68 16104
-708 412 19600
-932 -5384 23116
4136 -2644 13380
332 -1104 11652
2336 844 21652
5100 -464 17536
2032 -2044 15188
6092 -1144 16280
1800 -712 14704
5052 1672 16676
4072 -3708 18320
280 -700 16548
4708 -372 18512
1992 -2132 11324
2884 -1584 20356
6408 -2200 18884
2888 -3448 14784
248 -3600 15688
2176 -4056 14920
668 -2296 21596
5516 -2780 17976
5376 -3112 16368
2824 -1716 11088
3956 3472 16636
-3568 1264 21456
5216 -5916 15004
2100 -2840 12252
5048 144 10120
1796 5472 16512
6596 -368 17736
7000 -1708 11236
-8 -2412 20604
1152 -2840 20684
4484 -2448 12608
5252 1860 20000
7568 3352 19332
1692 -620 11972
4260 -4108 9344
2564 -3528 16680
-232 -1748 15328
-660 272 22736
-1088 -628 13648
-1032 3596 16260
2320 1856 17220
4012 -3272 12104
3380 -5000 15696
8184 -2292 14028
2724 716 16292
3004 -2096 19440
6380 -1984 13484
6656 -1588 21412
4320 260 15692
4300 1980 16360
204 372 18124
2424 -3232 18376
-4756 -1140 12312
10868 -1916 7604
-10508 -272 20208
3948 -4216 17548
-4636 -3308 13548
2256 -1236 21748
7508 2184 18940
1716 1588 17288
5928 860 16028
9020 2780 11980
4244 676 9232
4880 -1616 23912
3472 -452 17532
1636 -216 14772
6548 2112 15372
-512 764 20896
4020 3188 16820
4928 2540 15152
-5308 -3144 23228
5676 -5048 17244
988 -4664 12196
744 -144 15844
1428 2776 20308
164 -3780 18032
2864 -5928 10764
648 -1292 13352
3512 272 16024
4144 -2184 14304
3112 -1068 11364
3784 -840 18280
2472 -1836 18852
-276 -2932 13820
3028 828 18404
6544 988 15604
2232 1072 18344
5468 4216 21064
6472 3188 19176
4868 -456 13864
4940 -636 15344
-108 -2488 20744
1776 -952 21556
4004 260 13456
3632 3804 8676
1556 2332 13984
1192 2084 13924
872 388 17124
2064 -3692 16676
-2088 -3412 22084
5060 244 10652
5108 900 13288
-3592 1600 24588
9792 1292 14412
4280 -1868 14740
2928 -3028 18428
10696 572 12660
296 196 11252
-2000 -5692 25592
1700 -1628 19296
-1188 -4080 13056
3084 -1472 18132
2220 -1628 17992
2448 -3004 12140
6088 -364 8792
472 1604 12564
2616 148 22948
7568 -4424 20148
1360 -1572 15420
9800 -592 11588
5660 4940 12136
1608 4880 17724
4380 84 18740
776 -3644 13056
-1604 -3864 12908
3020 464 20880
1552 896 14032
2972 1252 8300
1088 1392 18904
1936 -3896 16928
4404 -7312 13800
8968 -380 6272
3664 2312 8792
868 -968 24100
4828 -3420 22372
-804 -6216 19500
2508 -4712 23400
10400 1012 12324
5236 5460 2228
-1852 5924 7904
92 -4628 20404
5636 -6848 10012
632 -4628 5592
3952 -1720 13924
-1040 900 22380
-1232 -3184 27336
6324 -3800 10340
3904 2476 10516
5248 1812 19788
7624 620 17392
8588 -1480 13444
8264 -752 7048
2308 -744 13384
-8256 -5808 29044
6732 -7528 12652
6612 2488 4948
-1676 6736 11700
7372 6316 22500
812 -1540 15492
2140 -3596 12116
7116 -920 19504
4568 1804 15840
5384 16 16004
2048 -1128 13260
1104 -1756 20432
4296 1204 20540
3572 2216 12828
1300 1320 14692
2908 976 20616
-2284 -232 17384
1068 -172 18224
852 -484 16040
96 -2476 13288
3652 -4480 18964
752 -3376 16864
4284 -3396 15484
4384 -3248 17028
4396 -2080 18640
5388 24 16192
5076 -2036 12612
1796 -2876 15988
2420 -3584 13992
1528 -1196 14404
2128 -336 14960
208 -920 17524
1144 -3812 18720
1988 -4300 16476
3272 -3584 13432
9028 -1080 10800
652 1896 12352
3452 -76 20408
-228 -4240 20284
4024 -6348 16504
5072 -628 9940
-2164 -360 17448
3808 -1100 13812
2400 -1400 11516
-428 288 14064
2556 -188 16160
5292 1612 10468
3612 -616 9272
2116 952 19092
4916 -2932 18584
2168 -2492 13448
2404 -2408 16328
1740 -1096 16844
6860 -252 16000
3856 2736 18796
4396 1676 18632
3672 2184 16776
328 -1964 22284
1952 -2224 15608
3852 -1588 13480
508 128 17652
-756 -2768 18504
1764 -3900 20776
1156 -3652 21740
4108 -1960 15480
1196 -80 13816
2388 -744 18348
2148 -2436 15276
2096 -5768 15760
3544 -2284 15552
4100 1292 11164
716 3508 14212
3092 -1804 18012
2600 -4048 16524
2480 -1980 15448
-1088 -440 16480
3748 -2224 14204
-84 -5500 16612
5212 -4856 16380
2960 -3344 16672
4284 -1492 12208
7028 -272 13904
2872 -992 22268
1740 -224 20400
3376 -2880 19448
500 -2336 17304
4 -2328 21620
4144 -5392 16552
6392 -4052 14608
1260 100 11480
2732 -904 14532
4336 -3632 14032
2544 -3632 13184
1148 -5068 16968
5272 -1820 14876
1264 -260 16556
1900 -1868 18376
2996 -3028 17696
1468 -3320 13308
4876 616 13704
604 -1452 14584
1896 -2232 13016
3340 -5152 11872
4836 -4108 13024
2048 -3448 14572
2460 -2476 19500
4160 -1868 15608
3864 -756 12812
2448 -1628 20104
4256 -676 13060
2876 -1736 11908
1976 -4460 16940
3572 -2376 19324
2880 1364 14268
988 -1488 18884
748 -696 16332
2492 -3680 13324
-800 -4712 20664
3372 -3288 18784
3524 -60 11760
-1400 -476 18108
1788 -636 14752
-456 -692 13476
1252 -4140 15532
2184 -3296 14436
3316 68 14772
6140 -328 12020
3756 836 10440
1548 -1572 16368
5168 -4196 20712
2548 -3152 15172
3092 -2168 15956
5180 -316 12552
3508 -112 17284
2136 -2484 21564
4080 -3132 18248
-52 -3060 15912
3188 -2824 16576
1432 -1248 17852
960 -924 17576
1444 -2712 14432
-3316 -4768 16868
2316 -2184 16188
1800 -892 17332
5544 -2464 15372
7628 44 12732
3768 -960 10664
1572 1208 18356
5624 -3580 21304
4908 -2300 14192
5704 980 18296
5924 1800 17420
2512 1840 14344
2824 468 12860
2552 -664 18228
796 -2008 16648
3100 -3732 14836
564 -1504 18248
920 348 14336
6912 628 14188
1180 -1456 15024
4204 904 12636
3872 -2116 18708
-152 -4804 21908
8044 -1552 16404
5188 768 10552
4496 1272 9548
1732 1936 21148
7564 -1232 20016
-460 212 13788
1948 -728 17516
8 768 17892
1904 1708 14748
4708 3200 16072
-12 712 19168
-1756 -5464 19224
5644 -7296 13128
3920 -3076 10816
4964 1164 13604
3776 2156 14868
2084 -868 21900
3944 -2668 15056
4420 -3100 13876
4940 1012 13112
2348 -424 13012
5540 120 13900
-252 -3248 16244
-2220 -716 17460
3224 344 18648
-752 100 17196
3496 1004 20184
6236 1380 13264
4500 380 10796
7340 -392 10672
-1692 -1944 19540
2932 -3220 18548
4336 -3564 12376
1524 -3284 15784
2960 -792 15584
-2388 220 16580
1860 -796 24504
3396 -1104 12044
2808 -2060 12760
1512 1308 13768
4284 -1220 13664
5148 -584 13344
1080 -1272 13496
3300 -1128 14572
284 -4620 16512
2292 -2380 14284
4228 -652 17024
-1192 2608 16000
4876 4236 13440
-604 3236 13216
1608 -4512 15856
3480 -5220 15784
1820 -3492 15640
168 -1420 14236
5460 -4832 17428
3848 -2924 16504
48 -1632 14244
7212 -1840 17744
6928 1556 9612
1548 -1320 15096
2936 -2532 20488
60 -1140 19140
816 -2168 17176
6364 -364 11996
1516 2592 10768
-924 -1212 22956
5480 -5232 16972
3824 16 8304
2464 52 12052
5752 1968 18504
736 -1368 13308
4812 -1416 13844
6108 -1856 16540
4156 -2340 13200
3500 -672 18356
4708 -2212 13836
4788 -1832 15896
836 -2240 20572
2592 -3164 19436
-212 -4772 12816
2244 -2436 21008
1468 -2436 16700
7016 -2144 10976
5740 3168 9280
-3384 1248 14360
-4028 -6636 26552
4804 -4248 14136
5152 2092 7344
824 4092 13580
5560 1452 19324
4324 1448 15144
3568 -1440 15760
1656 472 17888
3348 -492 17196
2244 -3192 15428
4404 -1700 15008
88 2456 13016
1540 1012 23428
2272 -4884 19796
1280 -4460 12144
5716 340 11140
5076 28 13648
-284 1224 17248
6364 1712 17856
3252 -2056 12612
5068 -4964 12452
752 -2284 17588
2528 -1464 17576
7296 -1200 15636
1856 -5024 22796
3528 -2748 18592
4300 1944 12328
3596 3388 10796
3988 624 15508
928 -4692 14812
2424 -1748 17644
-1272 -2676 15604
2528 -2116 18804
3652 -152 11828
3124 -1332 12532
2092 -1992 19748
2308 -4072 15864
2256 -2868 13948
4996 -1952 14520
5288 184 12428
6200 376 11948
1100 -1512 17520
5436 -4088 15884
3628 -2940 13396
800 -2960 19196
1812 -4788 18848
2916 -2720 11592
1200 3132 13280
-120 3136 16784
568 584 18888
3176 -4832 16972
3768 -3104 16864
3132 -2600 13992
3544 -1436 15908
5624 872 12976
2228 1800 17756
3552 900 16544
4080 -1852 16780
4712 -372 14416
5784 -604 17188
6408 2700 8668
-432 -1736 20840
2784 -3816 19844
752 -2396 10760
1056 800 13140
2880 512 24556
988 -1120 12620
6032 -3180 12444
2208 -3380 16592
4088 -1712 13244
3512 -3208 15084
2732 -476 12712
2468 176 13456
1012 -4008 16908
2328 -3568 20552
1232 -2044 18780
296 -688 16028
4604 -1144 16524
2872 1132 14140
2640 60 19668
76 -2152 17912
5212 116 12600
8200 2060 10748
1372 2112 18148
8300 -1392 14908
5584 -2368 10692
792 -2064 16864
3628 -1020 22440
944 -568 16648
412 -2112 13856
3168 -1044 21852
2852 320 18308
4504 -2320 13892
4820 -2420 14620
1832 -2984 17068
1220 -3240 13312
448 -4160 21548
-992 -2748 18240
4968 -120 18168
5468 808 12784
2640 784 12612
2048 332 16528
2332 -140 15660
1796 -2200 12392
6768 -3696 14556
364 -1244 16260
4076 -856 16916
-136 -1408 13680
4736 -2272 14704
2828 -1600 21180
1568 -4032 17360
5476 316 10176
-384 -376 15176
2568 496 18272
4576 -1068 17412
2272 -172 9704
4324 -3556 18688
1960 -2000 17276
952 -5008 12856
2132 -3460 15500
3524 112 15804
2760 176 13624
4024 196 11676
2024 1304 19052
2692 -760 16776
4792 -2212 15076
1476 -2016 18196
-672 -928 18564
5156 -604 13144
2500 -8 14548
-376 224 18500
5240 -1856 17468
2864 -1640 13116
1840 -1836 18488
2840 212 13568
632 -500 13716
3004 -1260 17476
1740 -2016 16660
4848 -1628 13900
3860 -704 12628
4296 -260 13668
3336 772 17716
4520 -2308 13508
3284 -1636 13264
2264 -956 18436
3936 -1640 20824
6280 -500 15320
4024 2824 10988
3244 1252 17120
464 -2924 18584
2412 -4332 19600
1456 -2752 13168
6616 840 13928
5272 2720 11504
1540 1340 15756
584 -2616 19924
4 -3872 17240
1980 -2672 14620
2840 -1304 16536
5132 1504 12252
4508 636 12012
2932 552 15984
3728 -3080 18684
1568 -2028 18764
2584 -760 14872
4464 1780 16472
3268 1404 11380
1812 108 19236
1588 -988 22272
2732 -624 14784
2148 -92 15732
2312 668 16432
3908 480 14424
3340 -2368 14628
6080 -1832 15256
1528 -848 17192
2240 -1268 14312
4080 -1580 15704
1976 -1948 16900
4960 -1000 16148
5976 1148 12668
3144 1136 14560
4824 -828 17416
3704 -3700 14940
3432 -2456 17044
3376 -456 14432
2080 1264 17316
432 -104 19372
-260 -2264 19672
3304 -1244 17528
1276 1796 11900
2676 1168 19164
1964 -1148 18588
1760 -2104 13548
4392 -104 10728
2656 -988 14244
2300 -288 17284
3636 -1652 17220
3828 -640 15528
4008 -1860 12744
3916 468 18724
3976 -452 17812
5492 96 15220
4516 -484 12656
5180 296 12372
3120 996 14600
-988 -2264 19172
1284 -5076 17780
1340 -3044 14340
2252 -1044 13232
1984 2252 15236
1120 1280 17640
4604 -3036 13868
208 -996 15808
4272 -3144 19384
6728 -2988 14404
6604 480 11924
3168 1880 12804
2388 596 18916
-416 -5172 20084
4460 -3376 13740
2412 2936 17044
3304 64 18352
6372 1904 13892
3452 700 11508
-532 -3200 23972
3248 -2600 15872
3176 -624 13160
2380 -876 15260
2844 776 16468
3920 -744 14720
3212 -1188 15380
2416 -3436 14580
3852 -3284 15336
908 -1440 14400
5288 60 14544
4056 1052 13488
1364 -344 10420
2328 -1120 18812
1672 -3092 20064
4692 -5560 17108
2588 -3056 15460
3264 436 16136
4916 1164 15352
2100 -604 15228
5576 -4608 14412
6240 -2788 15664
3316 -2996 14616
4564 -3304 16792
2132 -2908 13840
2648 2232 12040
4380 2900 15364
1092 -440 16748
1760 -2476 18020
3556 -2456 15160
4088 -220 13824
4208 -568 18744
3028 2476 17232
52 -2280 18768
2076 -3920 14948
4736 -2416 12720
2888 1700 15612
2212 760 17432
5624 -2152 16484
2772 -2712 16592
3816 -3220 16460
1440 -3068 12448
2236 -1804 14720
184 -504 18624
2440 -656 13968
1952 -1728 15812
2048 -2820 15500
2564 -492 17324
3960 -2004 14520
2440 -1208 14000
2168 112 17604
4656 312 13376
3988 860 13664
3940 24 15432
3552 476 15040
4936 -2720 16620
2816 -2760 16448
2896 -2368 15724
2992 -276 14220
3000 224 13832
972 -1564 15500
1028 -2688 17840
1972 -1380 19760
2324 -160 15492
1484 -1780 18420
3376 -1136 16008
3924 -1308 13308
5668 -436 14324
4660 -80 15936
2500 -1972 14928
5048 -2472 15760
2572 -1000 13364
1796 -1004 15708
2972 -132 18524
3732 -920 15448
3292 -1540 17104
1416 -2192 17808
4756 -492 14348
1204 -812 17216
2700 -1848 17140
5032 -616 15360
1848 -964 15472
1764 -2244 16964
1056 112 16248
1908 -1944 16156
4780 428 15512
4060 296 18536
2880 -312 12760
2012 -968 16840
1368 -2032 15636
5204 -2236 13964
5552 384 13140
3684 624 14824
1664 -1484 15492
-208 -4456 19416
2672 -4276 18076
1420 -1584 16380
4420 1008 17332
1936 980 15948
1748 -1348 19056
4976 -2516 14100
3448 -2348 12556
5644 -900 16536
1384 1412 13304
48 -1112 14592
2996 -884 16632
2636 -2708 16924
5060 -632 15680
1676 340 14308
2788 -1228 18184
4444 -1292 15136
2212 -1816 12004
4444 -2312 17824
3604 -1236 14072
3168 -1700 17400
5320 -1000 17516
3328 -600 12948
5992 676 14404
-104 228 17708
4108 -1032 16172
2912 -2088 16524
-128 -1724 15588
3660 -416 20264
3812 528 16236
2372 -220 13472
3572 1352 15416
1808 -512 15980
5920 -412 12904
2424 -984 15480
3720 -856 13196
2376 -1012 15476
1716 -1676 13884
2156 -1432 17900
1544 -1280 12152
4900 -76 13648
1740 992 11404
3028 -52 18672
928 -2128 18904
1244 -4088 17644
3616 -1692 16048
1960 820 16928
4116 -748 16872
4156 248 16884
3224 -1956 14404
2588 -2268 15696
2168 -3156 17208
3352 -1468 14820
2676 1104 15776
1252 700 13452
3964 724 15552
2524 736 15964
2788 24 15476
3988 -1972 16904
2968 -2244 14300
4184 -836 14496
4392 -1196 17724
3608 -828 17348
2712 -376 16892
1404 -860 18208
848 -3876 18088
2616 -1616 17276
76 -1876 17388
2916 296 19496
1164 -564 12328
3336 2568 12020
2432 -956 20012
2456 -2016 16416
4256 -1692 14392
1880 -396 16012
5500 -2784 14456
7072 -1364 12932
3260 3012 10320
516 -228 23292
268 -8020 22096
6064 -5100 17068
5124 1660 9216
4660 2264 16488
5408 1520 18684
2444 -2788 15048
2960 -2532 14956
940 -2324 18712
2280 -2152 16200
1688 1164 14340
1836 596 15272
2316 -3292 17100
572 -4848 19404
2496 -5472 16784
2656 -2352 12784
7428 640 11988
6616 3520 11904
1700 -2224 16972
3636 -2308 15312
-728 -3956 18352
1584 -1176 18512
4148 -276 18032
3708 676 10864
2228 2712 15272
1936 656 18424
1352 -3412 14428
8 -3992 15212
2788 -2880 17952
4736 -1496 14376
3472 -472 16140
3260 -1656 15984
3776 -2572 16760
4492 -1232 15188
2180 -2796 15680
4488 -252 13020
3428 1504 16464
1564 -1892 15964
5168 -2260 16424
296 -2528 15844
3284 -928 16044
3428 -436 13300
2124 944 17592
5872 -596 14604
1412 -172 13612
3328 624 13968
1868 -2688 16108
1956 -4640 13972
1292 -4648 17780
1568 -2692 21212
3748 -1876 18056
4544 928 14012
2552 -76 15864
4504 500 12624
696 -468 16808
1484 -2716 15808
1676 -3640 14884
1808 -1112 14924
2572 136 16452
1904 256 18024
1368 -1492 16004
5536 -1232 18036
2500 1724 16080
2416 -1120 17688
6872 -972 14556
2968 -1352 10564
2812 -1144 15956
1852 -584 17100
2836 -1720 13896
1436 -284 15404
2108 -2332 17144
4184 -908 14652
200 -2400 14360
3052 300 14524
3124 1032 15680
2148 -3852 17428
6240 -1592 13828
2236 936 14716
3268 -280 18528
4616 -2960 16340
860 -5068 15988
2248 -4044 18124
5864 -1716 14384
1268 1884 17288
3716 -532 16000
2416 -1088 13220
664 -1644 17152
1020 -304 14492
1432 -1832 15988
2032 -516 15264
3032 -2892 14168
4468 -604 16564
3476 -408 16040
2780 -1908 17084
4844 -2120 17812
4424 -1224 12916
5836 -452 15528
4080 -956 20804
836 -768 19052
2256 -1720 16952
824 -1952 15248
4 -124 15088
920 -128 13932
1292 -896 13360
364 -3964 17668
964 -3608 17552
1584 -2348 13788
1776 -696 13908
1848 508 14328
6112 -1248 15512
5224 -804 14360
6068 448 13856
6660 588 15556
5156 -2720 16652
2016 -1960 19328
5224 -3476 16876
3468 -1876 18624
3336 1044 16584
1336 -460 14728
808 -732 18540
2364 -2260 14276
1812 -2620 15636
768 -2428 16888
2100 -1396 16560
5300 -616 11648
5540 240 12120
2624 1372 16060
4076 -724 20008
5456 -188 15484
3768 -1516 12460
5760 -40 14412
4952 3508 11428
4872 456 13080
2356 2488 17348
-48 -1248 21000
1500 -1056 18452
5156 -596 13180
3480 1376 15748
2276 1828 20188
3468 228 19416
1988 -996 13828
2200 504 14976
2080 760 12472
1428 -352 15820
1556 -3108 19016
3088 -2832 19580
4864 -1260 13864
1872 -1088 12152
2864 1308 15528
3196 -820 11496
3232 -2076 9568
256 -1924 16028
1896 -3976 15524
7096 -1012 13440
-1208 -1876 18120
4824 -1656 17008
3176 -3852 21984
-1780 -4804 23532
10424 2160 16712
6084 5140 7180
3892 888 11500
4036 936 17968
3200 -660 17056
2120 -3696 14936
1888 -5844 13360
-516 -3508 13168
-420 -2916 17772
4776 -1692 17608
3728 344 13332
5412 -568 15500
7884 -1584 12136
10260 92 11356
10052 -1876 12776
5900 -2332 14712
6760 -5568 14824
1676 -1756 11696
-1844 320 14420
-3032 -1104 21564
872 -1364 24632
-1728 2648 19348
3148 2920 17068
8056 1532 13392
3112 68 13808
4436 -3908 15708
6344 -3936 16956
3496 -740 15120
2768 1004 15096
3588 1668 15888
5276 2208 17636
1172 908 16588
4948 -1676 18584
5656 -304 18624
3004 896 15776
6752 120 12644
6112 -132 14496
5716 -1316 12848
1080 480 10460
-284 -3688 15328
1224 -5708 15720
-288 -2576 16128
2744 -588 14180
4172 -216 14520
2628 -2432 14536
1888 -2628 14100
3768 -4592 13536
1948 -2508 14812
6928 -1856 19720
4424 996 16884
4076 1544 17936
4408 412 16384
3288 -360 14332
4184 -2576 15760
3736 -1992 10816
4264 -2124 12636
2944 -1556 15300
2828 -2300 20552
2164 356 20120
2276 -84 13116
3364 -1496 16668
4952 -2852 14176
4448 -440 15820
-132 3524 18480
2304 2352 17200
4636 1092 18472
1692 -828 18976
5076 1088 22956
4132 2096 15904
7632 348 14680
2448 800 16984
5284 1788 16016
3996 2232 16384
5352 -2712 13392
252 -2056 18608
3300 -2208 12988
-2448 -3020 18880
4604 -3264 19700
5684 -324 13636
676 -648 18464
3856 1132 16848
3316 -3552 12524
5884 708 11860
5728 1444 15104
4148 -852 12496
3184 -1476 16340
4452 -1928 21132
5700 612 17804
7220 2660 14120
3300 580 12484
4588 -372 16724
3384 -372 15632
708 -2088 12764
5052 -3032 16852
776 -2956 21800
4044 -8 20404
2440 -3536 18592
5640 2384 14960
3532 1752 13332
3132 -88 13112
4812 -2420 13608
2364 52 18480
8032 -4296 17600
4136 564 12728
6116 2832 13680
1668 3352 21020
6188 -1672 20608
4612 -2156 15076
9904 -1500 9128
5472 -2800 10960
3944 -6312 17172
1368 -4032 20400
3216 -4740 16640
788 -1976 14540
768 1084 16788
6144 2148 12612
2836 -2616 12824
-960 -2212 15780
3452 -420 16572
416 -2396 21828
6432 -1236 17472
6328 1236 10436
4416 -4248 20188
3156 -1916 17624
8832 -2156 15316
4528 1412 11928
3188 -2132 16016
5760 1140 13860
5140 -4412 14540
-1028 -3032 11592
4528 -968 19008
2296 -236 13796
6804 -544 15016
1752 -2952 13784
3592 -4692 15924
1548 -1232 20132
7004 -3400 16240
500 1508 20292
848 48 19336
4380 4 13472
-1484 -252 13036
3544 -2352 18416
2232 -1836 18732
384 -6936 15808
5324 -1996 11580
5444 1800 9008
-1912 3104 18388
4372 3408 20296
6820 -48 9128
1840 -704 12840
1636 -816 23376
6584 2576 19196
7192 988 11404
5732 -112 11216
2224 -2368 16592
6204 -3464 19232
2448 -2708 17480
3436 1752 14800
1760 2492 11312
1964 -1972 14912
884 -1732 15712
4676 -4376 15180
2116 -2252 15348
2116 -2576 16136
4020 -5024 15124
4560 -3308 14148
8564 -2180 13924
1584 -2644 13544
3232 -3076 12896
4336 -2364 16028
252 -3036 17796
2516 -3592 12292
1908 -2172 9908
-2084 -1292 25036
2616 -3048 21332
7688 -2216 13376
2572 2624 12920
2580 3584 17484
4036 764 13188
5320 -416 8252
1668 -64 11388
1176 -1092 19316
-2332 -4352 26752
6796 -2040 14124
5692 3028 10388
2064 3040 22288
2448 1952 21080
13100 -1896 14276
4544 -2268 17780
-1168 -256 26384
8492 984 11908
224 1356 16972
1204 -336 16964
7196 1408 13000
-1228 -88 15360
7480 -3308 19532
3084 -2844 14000
2536 -3216 10584
5904 -1032 11388
84 -852 17672
2092 -3784 18688
8096 -2252 12360
124 -2632 16080
-460 -3104 22644
2396 -6088 25508
284 -2140 10968
1104 -2272 15748
3392 -3476 20232
4196 -1868 20640
2052 -3728 9992
-268 -2108 15280
2532 -3660 17224
92 -8260 13724
-564 -4744 15580
4832 -60 15136
1408 -500 10432
3900 144 10500
2196 1008 16872
5144 1052 19256
2760 1108 23100
10088 -404 14308
8892 2020 14296
9284 3056 12192
7800 708 11348
1088 -752 16884
1976 -4468 24284
-2072 -2536 17360
1064 1156 15364
-332 1116 15816
4 1440 16332
1284 2712 10104
4128 -1204 19584
9884 -1428 10412
-1264 -496 17524
6088 -4316 19936
2032 -2364 12512
8348 -796 7024
4000 2136 10808
-1044 -72 15680
9776 -3228 13908
-1004 -6108 18948
-1512 -3552 24984
5452 -2020 16212
4184 100 13376
1320 1900 16364
4312 -5160 18496
3676 -1292 11928
2036 2308 17276
6860 -1828 16100
-3344 -1376 20792
8872 -1392 17008
5748 1656 17720
8236 2636 11100
260 220 18360
8428 -1072 20704
2764 300 10260
2520 4564 11484
-396 -1564 20120
10664 -2424 18680
3272 572 11632
4592 -2248 12848
1988 -2620 20876
6020 -8704 14488
-348 -5268 22596
5124 -8964 18492
3884 -3628 11192
2980 -4048 9776
-796 -4048 21032
8108 -4600 9592
1440 -4936 13404
3604 -9692 14796
-3172 -9800 19976
864 -5748 16648
4408 -1796 13668
5868 1112 15432
3232 32 13532
6200 1124 21624
7692 -2352 15732
4360 -424 10576
-2324 2408 8080
-524 2036 20364
-1452 -1236 25396
936 2104 13128
7484 2288 11648
132 1828 14124
6092 -2656 19108
-1116 3820 16616
2096 -1856 18240
5300 -12 12888
-2268 1724 16864
5788 4076 15060
408 1212 17832
1612 412 17508
7664 -1580 19064
10988 2324 9208
4176 320 14292
-1100 -4264 20556
1332 -5548 28624
5908 -2204 19304
8920 1992 5828
5312 2292 14640
2652 -6888 20940
4812 -6660 14536
5928 -4216 14688
6040 488 10832
3316 996 11452
120 -596 19476
552 -4500 14136
4824 -2348 10164
-180 -1272 18420
-1324 -5352 30280
-592 -5504 18776
5376 4324 10500
2216 7772 14544
3156 1796 16084
1992 -4684 20240
-860 -2144 15960
2080 484 12620
1596 168 12460
5788 -1636 14312
-1392 -200 14464
420 -6476 21280
11504 -5084 18900
8392 -372 16888
4652 1468 14300
9440 -1428 11220
5376 1292 9716
688 3432 11244
-6140 -7108 32767
1600 -9376 31084
0 -312 14428
17732 7544 -6204
-692 12892 -1800
-15112 6568 32767
18516 -1824 14008
-12316 -10128 2212
-10456 -5832 27024
10756 -496 -3596
-12680 1752 -11088
9376 -4532 32767
-4580 -5576 8200
12224 -13540 22328
-15824 -8236 17852
15460 884 26244
-8036 3624 5952
9568 8684 2572
-132 1320 5416
-3316 948 -4212
19680 -852 9844
21244 -392 20032
-4816 -5584 18980
11128 -2832 6708
14992 -5120 9336
12644 -6284 19892
1308 -6732 17408
-384 -172 14696
2276 -3252 26436
3900 1160 19112
4348 4244 14940
3612 1968 19144
-3120 -4452 18684
1436 -4952 18512
-516 -4992 17364
-3668 380 11672
2692 1092 20656
2568 1928 10192
3688 1404 6640
6800 2812 7500
9080 1420 7336
-3596 -3368 29232
6088 -8184 23664
7572 -1840 10744
4220 5720 12380
10176 2608 20520
8300 -3220 15672
9444 -436 13744
1952 -428 11320
-1412 -2928 19660
-2192 -5680 21504
3864 -1948 15072
8520 2792 4696
2420 1616 11364
1300 -6240 21876
-716 -4772 14400
3508 -2588 8852
7280 940 13756
-1676 -6328 23920
4596 -2464 18532
4836 -3312 14760
4336 -1796 9928
1824 -3204 17420
-1996 -3404 15688
7576 -1912 13272
4236 112 15128
3496 -344 18412
784 -1184 13452
6252 -676 13348
224 652 17724
3928 -2096 20204
5608 -1180 19452
2320 -1852 14868
-420 152 18020
4640 260 20892
3676 1696 15532
7452 -512 10840
3720 1812 6044
5404 -1004 10772
6416 -3860 17332
-124 -4788 16400
1440 -3588 16732
6908 1544 11772
320 -192 17008
2068 -3320 20264
7312 176 6668
10484 776 14616
-1008 -1880 24000
-1108 -10508 20288
2812 -6052 8520
2036 1324 11504
5400 2152 17760
-544 -788 15484
-2812 -4476 24260
2716 -4496 23636
16952 1984 -3152
-11100 3576 11648
11072 -848 17336
-8924 -3764 32767
17984 -2972 2500
8160 7732 -9540
-27532 6644 28960
24068 -16964 32767
-1888 3888 -15972
15272 4944 1288
-9648 6220 29660
7528 -1896 12460
7688 -6424 12020
-1296 -2132 12156
7716 -1588 20772
-8776 -4440 14628
10960 -8736 11832
9320 2752 11776
2732 4536 9660
1312 -1408 12660
-3244 -6120 18040
1908 -6224 20472
2944 -536 9152
5564 5108 8596
2012 -1580 29124
6480 -4568 26312
7332 -5816 12668
9448 3364 7052
-1188 6964 16468
388 -5996 25332
8828 -4812 11924
2228 1136 6368
8192 3480 9484
2624 2460 13036
-4452 -5268 27184
6932 -1640 16964
7604 684 6260
692 2628 14200
5848 -456 16604
1232 -5312 22532
8864 -1644 18620
7616 2088 13716
-3412 -6328 20172
6368 -7100 18432
7724 -5056 7952
2900 4508 6052
-1412 -640 22240
-5580 -6024 29656
8928 -7124 14108
10624 2940 -2680
-1400 5012 12416
-4 -3620 31040
7700 -6756 18212
10652 1664 6472
1968 704 24468
1916 -2668 16456
52 -5456 18968
7308 -404 8560
4140 6748 11392
-9104 2592 29364
2460 -8056 26716
4228 1228 2328
-3468 4072 11368
3180 552 32428
4020 -2956 18268
7108 -548 6052
6788 4160 9864
7448 4972 14276
7532 -284 12616
692 -5296 22844
9792 -5936 23708
13256 -944 15548
2580 -2420 11832
5996 -7936 29324
2348 -3492 18252
3320 -2452 8904
10156 -3364 11056
-10980 -1880 21612
7392 -8088 17908
-2068 -1320 13224
1072 1636 12968
-2372 584 18664
1648 -6948 14052
5832 -3180 16840
2020 1332 13268
7668 4648 19244
-852 -3956 22460
12916 -2800 13232
6872 4372 4660
6020 464 11312
388 -5964 28852
3948 -3876 14892
5120 532 9056
4992 9104 10140
4128 1876 17128
5320 -5992 21020
5832 -2040 15928
-4388 3368 20856
2620 80 18796
-8968 -8024 27552
11584 -9380 18772
2616 3828 4312
-388 1172 13960
2240 -2876 22072
-3504 -4432 17432
4536 -3288 17720
4692 -680 12896
3360 -3052 15524
10632 -4412 17204
5132 -1704 5228
1408 604 11040
-4452 -5360 19372
6268 -5472 5288
-3724 7064 13732
5976 -3656 11264
2052 108 22652
1716 -816 14392
-460 -4044 19416
3884 -4616 21868
8984 5828 728
-9988 -728 20776
1384 -9996 26972
6244 3332 9216
10216 728 3188
6340 8960 12816
-172 852 18176
-344 -9848 24440
8120 -9692 20592
10344 3712 6172
140 1196 22696
-664 -3840 25928
-2680 -2948 31048
11280 -2520 23960
10048 4844 3556
7552 9300 3004
2272 7004 -2856
-6212 -3028 11668
-3020 -16236 32767
6520 -9960 -452
3220 9100 -11672
-11404 4052 24404
1676 -18268 32767
5672 -4928 11756
6740 5588 1424
3216 -1952 32508
5316 2932 23792
11096 -480 2640
8268 696 -248
344 -3808 27896
-2268 -8764 18460
3744 -7468 14164
9616 3512 12024
4372 3216 13920
-5424 2784 30784
18112 2608 2412
9500 10264 -2888
-12896 -1656 32767
-268 -10088 32767
-1048 -7360 5064
-336 12884 16232
-13200 -1408 16664
-164 -11900 30460
5564 -7680 13204
1788 2664 2236
-2892 2740 16600
-4144 -5992 13796
6768 -4880 17976
11688 5164 7520
6488 2124 9896
6448 -5268 15888
13492 -3276 12112
7276 256 10340
8228 156 13868
8028 1520 20372
8640 -1384 9612
6444 -2420 14536
-3192 700 16076
404 -832 9692
3988 1416 13312
-3960 3824 6968
-2960 -6788 25848
-928 -10300 24932
6836 2424 6696
-1368 4820 14376
1900 1208 17004
1852 -5596 22192
-768 -2556 18256
216 -3620 22232
4416 -2560 14784
6444 -3548 5876
6408 -3028 9084
1340 2452 18940
6680 -7732 26360
9796 -2800 19800
7732 2964 11504
11088 7584 8188
2628 768 9888
4964 -7248 24492
5384 -9860 24596
3324 -2208 3332
2016 2360 7072
-5052 8400 19064
5588 -3364 22136
-3980 1252 11040
-3104 -6096 31168
1100 -2720 10376
3136 4764 3764
4240 4396 11684
6660 652 19296
1128 -2452 12724
-1464 -2472 15984
5620 -952 17264
6924 5916 20088
-4032 672 13804
5332 -1696 10032
8072 760 12780
-2580 -2564 11652
5744 -908 19884
2944 864 16432
-5708 -1408 19780
4272 -4476 19104
4012 -192 7780
-1568 3248 6324
-2284 -4544 13380
692 -6348 26764
4984 -7620 17972
3552 -6532 13472
5628 4672 14900
7628 2612 16888
4144 -2676 17376
3192 -3772 13880
3248 312 15268
564 3904 15124
3444 -5104 23100
11884 -2824 19268
2048 1332 12172
1752 1344 15844
-3292 -276 24384
188 212 13932
-7956 -448 22972
-4948 -4956 22976
13380 -1148 9240
-2248 96 11756
616 -1920 21436
6964 -4132 17836
4188 -3116 4712
56 -404 23280
-1956 -720 27876
9072 -4692 18940
4112 -796 7724
-1396 2804 12448
8052 3952 17092
1068 -7624 13096
7360 -5956 6696
1620 -3756 17308
-10248 -6672 27540
10356 -5776 14684
4156 -672 16128
3736 952 24688
-1504 -4556 28220
2580 -4568 15544
8100 -4088 20052
5728 1240 9264
6220 2156 10468
104 1120 7168
-1132 616 19588
7312 -2028 23004
3712 -8008 15608
-1896 -704 15468
3700 5372 5468
6224 3700 16148
-3128 -5924 26560
12064 -1056 6344
2504 2008 4176
-1476 -4532 32767
-28 -6852 23236
3012 -5340 6248
4876 76 9120
-3676 2304 22724
9084 -6880 18364
-476 -4280 10772
-1172 -5032 27824
9672 -5948 21996
12264 6156 -10412
-1304 8984 6164
-1004 3216 32767
12068 -13468 23620
10332 -4412 -4568
-7128 7748 19744
9080 -4300 24504
7560 640 7852
7056 6616 10976
7752 2152 24408
-4596 -3208 18412
2968 -4420 12992
13376 3316 4396
-3144 6520 7416
-9496 -7312 32767
2328 -11572 25620
2152 -9348 9424
-3396 2900 16548
2804 2204 22824
-560 -3612 16392
2468 -2624 15692
3540 -176 11192
228 -1196 10224
644 -3820 9700
2908 -5556 13816
3240 -2252 19256
11692 -2596 13232
8160 676 7652
6380 2320 9988
7424 -1464 13600
3856 472 23956
7712 44 18912
5292 -776 14048
3804 6992 8740
2256 4016 11224
-4476 -1420 28464
7896 -400 23984
-56 368 8852
-2104 1144 12588
-3440 -1508 18312
3064 -1912 16892
-4628 -2740 14844
580 -2424 19732
2780 -896 14412
8340 12 4668
3624 -2272 6104
760 -3972 21956
4544 -5424 23268
5648 -2792 4992
4396 -844 11820
796 -4280 16792
11636 -3584 11976
9204 -272 8332
5732 -3916 17056
5504 -2792 19904
8052 -4476 11148
-1436 -2716 9708
3184 -3972 28584
2440 -852 15788
-1464 1040 6428
1524 2720 16140
788 1216 19380
-6036 -4488 16760
1868 -1580 13144
2832 1512 13244
2140 2864 13804
-180 772 12524
-2204 -3804 18144
9260 3160 23124
3004 4436 14460
420 292 11408
6584 3640 11456
2368 484 21968
-2728 -2328 26092
1400 -2528 15704
5488 324 13696
-1468 848 13240
4732 -3012 16204
-4496 -2116 17352
1564 -2316 15900
1616 -2100 20040
-1360 -5316 12160
7172 -3928 14344
2764 -3580 13620
2092 -4580 19028
7324 -5516 17248
-568 -5764 9964
1168 -5792 15656
3228 -1580 18320
10796 -1528 9672
2480 -1636 12132
700 -2972 18832
3176 -4392 20220
-6300 -1116 19168
4048 -1444 22312
4940 6380 16196
648 4464 11280
1420 1428 10792
-4264 -704 18624
3048 -3136 15660
364 2256 13680
1696 1496 12752
4580 -28 15304
-2660 -1404 18260
2416 -4360 16976
4060 872 20836
4492 1732 5680
5100 -636 9528
-2948 1972 11484
2368 2488 22308
292 -5532 19060
-1000 -1364 11404
7264 836 12640
-120 -2020 16384
8060 -4884 18724
7900 -5388 18388
5912 -4800 10656
4140 2440 6008
4500 -2492 11676
-2888 -7048 24856
236 -6848 18624
5720 460 10380
2620 808 12812
108 -2428 23260
4128 -1576 18132
4860 940 7748
1624 3444 16708
3300 5960 17536
408 -2456 21832
2928 -4728 13448
1388 108 18400
4228 532 23648
2740 -2344 21828
5328 -3776 14092
12920 -1416 9352
2348 1148 6068
560 1116 20564
1944 -3496 17676
-32 864 15888
116 -3836 20564
5256 -4688 15440
-1240 732 15772
3944 -3736 23260
9472 772 10492
4224 3640 3008
-7100 5096 26860
-1720 -2840 31492
9900 -1152 6848
3696 -1796 9872
8924 2824 12664
7388 5712 10636
2824 1720 14224
-6808 -8876 32767
15036 -6888 9532
256 2592 -3956
-5956 6336 6544
14072 -4980 19892
1236 -1236 15532
-124 1688 22960
2100 1076 19172
788 -1512 13188
2016 -4032 11856
4720 -5352 14304
2812 -3392 4844
-340 -12804 18056
6272 -6380 13208
-20 -4708 13296
3492 -604 15660
2660 -108 17584
1180 -1404 25624
7412 -4296 17680
-656 500 6964
11780 2684 10252
-3544 1336 21960
-2940 -8268 22356
5076 -3996 16412
-2680 1160 11192
1848 -164 20460
1948 -3420 17252
1628 1272 12996
296 2444 15076
-928 300 16156
-6344 -4268 23928
-5124 -4768 27708
1100 656 10940
4284 2260 10332
1760 3956 18888
-404 16 19736
4432 -1844 16552
3076 2404 11388
2276 -2372 18532
-136 -2936 12180
-5328 -1448 21388
3172 -3876 18620
3572 1728 20748
6164 48 17892
348 -5600 18976
4260 -5880 11700
6656 -2576 20176
5328 -2124 8560
4284 3516 12908
-2092 -4812 23420
-1988 -6224 19524
2248 456 9220
2664 844 14012
1036 -1464 21244
1500 -4256 19516
-604 -3708 13556
512 -1836 14236
3620 -3496 22280
1112 -816 14868
1596 -716 15632
4080 -48 9476
-1456 -932 23172
2528 -2284 13792
-2996 -1984 21996
-5280 -1768 16608
6588 2152 12872
-1596 3408 16056
3660 -3892 15488
1556 -5780 14436
4532 -876 12388
888 116 17848
464 -1464 13012
-648 -2352 15564
3124 -416 20448
4880 -400 14780
1516 -4732 9524
-2080 -1804 12852
1636 -5896 21680
1616 -1596 21412
-3508 -2524 18324
6796 -996 19928
-2684 2292 13680
-1192 -1916 19892
-232 -3252 17012
2444 -3856 7040
4668 1276 5880
3264 3080 6988
1088 -1168 14588
-2108 -5232 23180
-1668 -2128 13056
4824 4180 15640
1252 4744 21108
4776 -1344 18604
4996 636 14176
3964 -144 8996
8356 -2160 15036
-2724 -6644 25068
3656 -7064 13076
-2256 -12 10772
-4376 760 22944
-3184 -6556 20580
-124 -1288 14884
3464 -3812 9032
1932 128 15304
2712 -6644 21732
5544 -2156 15328
4904 2892 11184
744 1116 14440
1352 852 18676
4680 -1084 16836
5584 984 10948
3532 -296 14772
1660 -436 21416
2988 612 20936
1784 -1548 17844
2340 -2828 14840
436 -936 12580
2648 3036 7516
272 -1252 18560
4340 700 18876
1012 -516 17428
-1856 -2176 25796
760 -6132 14428
3920 856 11596
828 4160 15900
-2168 1192 22592
396 -2204 21456
2612 -2620 17412
-492 160 18904
1844 -3092 19632
4544 -2492 20236
4308 -2204 17012
4428 -2644 16076
3040 -3584 14560
2420 -4028 16496
4752 -828 11192
768 1320 14484
3436 4608 19384
-2404 2152 18888
3576 -1444 20372
2880 1184 11832
3020 -224 9568
-596 556 14904
340 -2480 16336
892 -1772 19776
4172 1604 14408
1816 -500 10468
-1564 -2400 18884
-324 -664 20200
2464 -2688 13908
3608 -908 14256
208 -3452 16108
2360 -2600 18428
5076 -2548 9808
2872 -792 11504
4788 -2056 18052
5088 -2292 19508
2128 -1172 15796
1376 -5124 17156
156 -5320 24824
2332 -1916 18112
5080 1376 15196
40 1032 13896
-2216 -1688 19080
3688 -1572 14476
3084 -540 11072
1924 1244 14052
120 2640 17644
1880 -2024 17092
2792 -524 17808
1000 1692 17492
3784 1660 16108
1392 -880 18632