3556 224 15808
3316 280 15344
3384 -212 15464
3428 -316 16128
3324 -220 15696
3148 -76 15428
3120 -148 15296
3152 -616 15516
3348 -900 15904
3308 -1132 15708
3136 -1228 15652
3084 -1400 15248
3300 -1772 15560
3220 -2292 15664
3140 -2404 15476
3220 -2276 15172
3232 -2684 15424
3392 -2828 15340
3416 -3184 15420
3508 -3312 15448
3448 -3460 15212
3492 -3552 15108
3396 -3612 15564
3472 -3780 15444
3384 -3956 15304
3092 -4080 15440
2756 -3952 15448
2284 -3872 15824
1660 -3740 15828
1180 -3900 15820
1236 -4008 15644
1624 -3672 15608
2000 -3292 15672
2188 -2956 15680
2660 -2904 15424
2960 -3148 15332
3116 -3404 15212
3132 -3368 15648
3292 -3160 15488
3376 -3492 15292
3352 -3760 15328
3264 -3796 15388
3324 -3588 15320
3164 -3608 15244
3128 -3996 15364
3080 -3844 15276
3152 -3476 15512
3232 -3528 15524
3068 -3616 15220
3252 -3644 15264
3308 -3708 15344
3440 -3848 15328
3388 -3688 15040
3624 -3828 15292
3640 -4092 15344
3764 -5304 14224
6380 -5252 17572
1264 -5388 20732
7680 2136 12076
7936 -11572 16588
5224 -3740 18008
3368 3608 12984
56 -2428 11616
2820 -1608 14836
4480 -3332 19184
2720 -1640 14868
1764 -4092 13376
1672 -408 13624
4232 -3732 17364
3940 -4032 17884
2528 -3688 14184
3284 -3036 14464
3704 -3448 14108
4596 -3192 16384
3468 -2764 15296
4784 -3116 15140
5044 -2108 14836
4956 -2284 15252
4524 -2668 15540
4156 -2932 14840
4636 -3536 14900
3076 -3848 15128
4028 -3840 16048
3616 -4376 15908
2920 -2872 15176
5316 -7492 16172
4440 -5004 16240
6252 -1100 20996
1056 -1552 18400
-660 -2284 11400
2396 -368 13268
6048 -1456 17060
4916 -2336 17652
4016 -4244 13988
3124 -5184 13048
4088 -1988 15448
5340 -4292 11276
4008 -5360 13636
4928 -2664 15104
4228 -1584 15716
3432 -1388 15384
4620 -240 13208
5036 -68 13672
3164 4696 22548
7944 -2320 13864
7196 -3632 11836
3480 -2840 13388
4064 -4220 14952
5040 -2564 15804
7508 -3360 16008
5176 -4264 16212
3868 -2620 17528
4792 -3808 17684
6832 -4836 15308
6148 -5620 14916
5576 -6336 14152
5548 -4388 13664
4488 -2960 12788
5804 -1848 19072
4248 -2356 16100
7600 -2292 15264
5784 -708 15224
5868 916 16088
6684 4992 15516
4800 5160 16628
4916 5004 17896
2824 5604 17360
2124 2352 14656
3940 1440 14252
4836 -2144 16568
5188 -5316 15308
4084 -9944 12764
4516 -7152 14036
8968 -7264 18736
3288 -8288 15064
5656 -4828 13740
4284 108 15688
6280 -500 12692
8928 3660 15188
7252 1252 14832
6936 1560 16860
8156 2608 15116
6768 976 12004
6340 1548 11692
4248 -3272 16440
4472 -3936 12292
7244 -8156 16256
5424 -9908 14916
1012 -4340 17392
-1856 -4204 20380
-2504 1224 20820
1696 -2200 18596
2776 -1184 13628
6768 -712 10532
7536 -1596 14784
5252 -756 15108
4396 -596 15020
6004 -3308 16548
7744 -4956 13508
5756 -4244 17788
2988 -3708 19072
2768 -5716 15620
580 -4376 17804
2312 -1428 17772
5008 -3548 11448
5352 -888 12192
2992 -6016 16632
5584 -5716 13608
360 388 14744
2576 -7060 17572
3140 -5312 15176
2496 -4804 11808
4128 -7140 19292
1696 -7280 15036
2568 -5920 13652
3044 -2292 16584
440 -3052 13556
2448 336 16396
2416 4180 17476
448 8892 18024
-4116 13308 12036
2676 5672 16424
-768 -3756 21376
2820 -4804 11468
7500 -6192 15348
5476 -4656 11240
6208 -3808 9700
2784 -2044 6432
844 -5108 14452
228 -1568 15932
1512 -5104 18180
1236 -2356 16192
-636 -564 16372
528 -1092 16360
-1272 -1196 16444
-400 -1456 15052
1548 -708 16576
3300 284 15136
4528 -1436 15256
5132 -2236 18048
3756 2612 14688
3232 -1520 10816
5812 -1988 17520
-1920 -2344 18168
3776 520 14164
3400 1440 15220
3872 -1740 18372
4412 -2160 16532
3684 -2436 14808
5072 -1800 14292
5408 -184 16132
3488 -988 17620
4944 1736 13388
2324 812 16452
5784 -900 16528
2616 -2188 16100
5912 -800 13516
1980 -640 14824
3724 -692 17236
5204 -1036 14176
5096 -1660 15164
3760 -3512 16968
3592 -2324 12236
3268 -708 14672
6500 -916 14376
5960 -4596 17192
8440 -3032 16168
6156 -2700 15268
8048 -1628 14496
6576 1124 14916
7368 488 15684
6244 -1084 16272
7104 -1884 14636
4116 -1744 17472
4524 -1472 14244
1900 -2044 13588
2864 -3184 16096
84 -2884 16400
-600 20 16320
1660 748 14436
580 4732 14640
1848 7184 14616
6408 7924 15012
7428 4864 17916
9108 2584 18192
10344 3096 15824
10284 -4928 15912
9640 -10272 15344
6308 -10424 16144
7716 -8872 13656
4244 -3700 9616
6428 -2576 18100
4668 4856 14112
2404 5244 14176
4324 2368 18516
5764 7728 15828
5992 5172 17064
3304 5520 19260
1468 4496 16520
304 2816 15224
-292 -432 15904
-1032 -1308 14988
-176 -1964 14244
1960 124 12392
-716 -560 17768
-892 1408 17260
68 2036 16552
1744 1928 17608
1592 -2040 16928
2892 -1628 14888
4956 -3716 15780
6508 -4140 16020
5996 -1264 15356
4140 -884 15124
3576 612 15540
2328 -2352 18892
2296 -2376 14048
2188 -804 14464
4072 -3552 13476
3456 -1732 12556
2172 -2304 15564
3956 -1888 15760
4820 -3192 15972
3616 -3564 14472
4960 -152 16552
5696 -4660 17704
4452 -1848 13724
6492 -4900 13548
5788 -2084 13944
3372 -2052 17632
2580 -3184 17000
2564 -2256 15484
4432 -2764 15012
3772 -2168 21248
3320 -5360 16292
4508 -3272 14952
3040 -4108 15140
2712 -2008 17752
6328 60 13472
3548 844 18912
2928 584 13016
4652 -3944 17876
-408 -1932 13640
2688 -940 13364
1472 -1092 14132
-108 -384 17316
100 -1060 15096
464 -568 16740
-880 3120 15068
3888 8312 13868
1360 3528 13212
3596 -644 17036
2388 -4564 15424
3040 -4536 13664
3016 -4264 15736
2316 -1840 19648
3280 -1480 18432
2628 -2796 17088
1892 -1984 17264
6472 2352 12252
3504 2012 12528
7216 3408 13272
5524 -636 14084
4816 1160 12308
4132 -3276 14464
2320 -4116 13292
5148 -6196 12472
7448 -5784 14152
6252 -3808 14880
9208 -4020 16876
9948 1128 14968
6920 4896 13960
3908 6148 16712
7432 7352 15876
2876 4872 17740
2120 4680 17012
232 1496 17652
-2068 1832 15504
1272 -204 18432
2288 -2900 16636
1088 -3568 17696
428 -3936 15928
4268 -760 14852
1896 1260 17060
-2360 1280 19284
1816 984 16868
1216 848 11952
1680 -4876 16656
8128 -2272 17320
2496 -2724 17704
2856 -512 12076
2252 480 16864
3176 -832 13752
3532 -2132 15836
236 -3412 14688
2500 -676 15796
2684 3244 16036
2328 -72 18252
-328 -2044 15916
2600 -828 15564
2772 800 16500
2120 2656 13752
3044 1520 14792
4912 -924 17188
4660 824 15052
3128 -2204 14328
1996 -1528 18064
4488 -3456 17652
3772 -672 15852
4640 -1464 15468
5388 -1684 11868
2744 -2032 18688
4820 -2860 13732
2528 164 13012
5704 852 14440
1348 1132 17396
3688 496 16788
7212 -1556 13456
3680 -2784 12520
7984 -3196 15268
3596 892 15848
3972 1896 15408
5228 772 16904
2288 -2752 15384
2468 -840 16524
2596 -452 17016
3864 -668 16432
4768 368 14060
2404 664 15324
4172 -2212 15420
4968 -1876 16544
3812 -608 16364
2212 -892 13884
2520 -300 16468
5008 728 15304
2356 1224 15312
5564 52 15692
1904 -1056 15612
2644 -372 16780
3724 1332 15048
2548 -988 15024
5260 -1872 15460
1424 -376 17212
3684 -136 12916
3644 -40 14904
7096 -364 12080
1104 -4160 22432
5212 -1044 11724
4252 840 15288
2524 -1120 18684
2792 -2900 15700
5788 -1632 15360
1992 -1956 17928
4012 -1224 12848
3588 -1536 16088
2660 -300 17328
2532 1632 14332
3640 -780 14608
1864 -4036 14012
1168 -4756 17256
5596 -2224 11352
2156 -672 17528
4548 -2132 16252
1620 -1304 11800
5528 -144 15452
3736 1320 15112
2736 -172 15196
7820 -2248 16632
1884 -420 17668
5176 -888 15892
1004 -1756 15024
1920 -2500 17676
2476 -1500 18304
144 -260 17344
2052 -1236 16552
5240 -1344 13496
1904 -68 14836
2312 -1724 14400
3676 -1384 16756
4100 -844 17988
6060 -224 13608
2772 -1696 14040
3216 -1848 17728
7116 -3480 15204
3200 -564 12824
4868 -92 13060
1060 76 18156
3744 224 15508
3564 -2572 14536
4204 -1820 14160
1524 -2396 16296
4148 -1836 16424
1748 -2228 17064
1796 -2016 14380
4108 -748 18536
6500 -888 16848
3236 -808 12780
4920 -3776 17564
7440 -700 12912
3944 -928 10084
4424 -1960 14196
3452 -2652 14884
2580 -2304 17520
5300 -632 13196
1044 -1916 15560
3424 2380 16864
2568 1556 15724
5812 -936 15304
3460 76 15104
-1560 1944 15172
7224 1224 12600
-748 84 19700
2776 -664 13288
2356 632 18548
1620 444 16512
6324 -692 14456
2852 -2776 20624
6792 -3216 15240
3964 -1944 14748
3372 548 14264
1300 -2316 16084
3904 -976 14416
3000 -524 15448
5064 1976 12768
2840 -1196 14876
5260 -2056 11696
1124 -2448 17704
3444 -1044 14184
3768 672 15024
3232 -1516 17892
5420 256 15772
3424 -648 13916
4180 -1504 17264
7380 -436 12896
5428 -1516 14732
2792 -1296 15508
-488 -48 15932
6460 -192 12760
-2664 -968 16548
2820 -528 17032
3352 1164 16076
1668 -2476 16128
5576 -3684 18428
3144 1060 17292
4296 -332 14692
5744 -348 15408
6668 -1116 14700
3344 -2128 12228
2156 -272 13616
2412 -2116 13236
3012 -136 12784
4516 3456 8536
1816 -444 14800
3524 -4672 16044
-160 -1364 15060
1968 -1580 13988
4324 -1632 17728
4908 -1444 15980
3444 -264 14200
5776 -1664 12816
3384 -936 15148
3572 -336 14480
5080 1348 17164
-1520 -572 20836
4708 -1916 17188
4308 -2044 16204
896 -5984 17440
5868 -288 13564
5868 1144 13760
2676 -3304 12668
1016 -916 15956
1808 -400 16736
3356 3964 16096
1764 -4068 18452
4388 -1720 13368
3288 -1300 15116
5792 -2300 14352
2584 -1124 9160
-104 -608 13152
-3528 -456 18668
2364 3420 21812
-1908 0 21812
5956 748 19760
5080 -3332 24904
3664 -5836 16468
3888 -3692 14360
5076 -4512 6596
5564 2436 5824
-7548 -744 24232
3216 4356 16976
5192 -952 17000
-1744 -4008 19292
-372 -1580 23204
3652 -12 22032
4304 -2804 10720
10552 -4848 11044
4304 1804 12216
6672 1928 9804
7880 1392 11784
296 2068 11040
8356 -2652 22228
-6668 -5476 21408
2836 -4976 20300
4880 -364 11820
10300 -132 3344
5344 -2256 10152
4120 -3520 16228
7056 -3172 14120
5036 -1872 20052
-1152 -4972 23172
1092 -3336 21340
-60 -2844 15200
1656 2056 12452
-2756 -6400 27340
5952 -2180 16956
5836 4736 9008
10076 5300 688
4628 5124 10448
4288 -6356 32767
6700 4604 9780
3080 104 7796
7384 2676 8204
-4312 4804 15220
-716 -4744 23880
1416 -4856 18876
3544 3376 9676
7232 4764 10584
1692 -384 23396
2092 -5092 21468
6076 -12992 14548
848 -6752 25424
-1620 -132 23208
6784 -1588 11148
4044 -312 12948
2536 1544 11452
11692 -60 11560
6328 -780 8268
-868 -2668 20864
3276 1412 15564
11988 4384 -144
8452 324 13068
2380 1028 23404
4060 -9244 24804
8532 -6392 13416
11084 1756 8496
1312 -3260 24964
4800 -12 27024
2320 148 11592
10296 -512 15684
956 5540 14632
5416 -3396 22364
428 2244 16684
1880 -2132 17600
4616 3068 10824
1252 -4596 25484
-384 -2040 15460
2212 -2124 13904
10000 -1000 14180
11128 616 8288
1256 888 8716
5748 -3556 15588
4796 -3376 13968
348 -3944 22948
2148 -3976 21368
3252 -3380 14332
3424 -2144 19092
-836 2712 21960
1472 1008 17652
3924 -3852 13460
752 -5700 18420
-1120 -5104 22312
2716 -3028 20856
1688 -1556 17752
4436 904 18364
3516 -2996 12996
6316 -1680 15380
5492 -2048 17972
5196 -1636 16412
7752 -3832 13752
3992 -2528 13500
13096 -284 13308
1416 -3292 14828
1332 -2308 19768
2532 -5524 20140
-1244 -1792 18424
-1440 -3360 24520
-5428 -896 20672
-1532 2244 18664
3488 4108 16684
1384 1648 14872
652 924 12764
2292 -2456 12696
2516 -2260 9844
5580 -632 13392
2896 -632 15964
5956 452 17616
8832 -4192 12024
7572 -868 9860
8220 1008 9908
7072 -592 13664
5508 -2300 19404
4836 -2596 15064
3192 608 17832
-2128 -1060 18500
-288 -1416 19764
-240 -4884 23572
-1628 -2440 22176
1732 1616 14808
-3048 120 23848
5436 -3108 14784
5916 -36 12592
3864 -2732 17160
3700 -2056 19056
3952 -2640 16996
3648 580 11880
6020 4304 10656
8136 -488 19368
6300 -56 9648
4512 -3976 21464
5236 -4196 20612
3644 -2676 14468
5180 -24 13288
776 -1224 21132
300 -3752 20800
4768 -672 16336
2496 1192 12416
2804 1200 11112
2844 -2428 12532
3116 -1228 13828
3404 -148 13264
828 -3268 17132
-520 -1772 23836
3964 -2040 19140
5504 -420 12644
7108 -1480 10488
1008 -1072 20908
6384 -2464 14028
4344 -2936 13768
4960 1900 11936
5928 1940 20000
5704 3436 14924
3852 2288 13764
1732 760 10732
1688 -1160 14084
-796 -780 18852
3864 -2284 15320
7320 224 12372
3780 688 12448
8024 -2904 26584
7028 -384 20040
2268 -196 14880
2792 -3172 17996
6936 1044 10212
988 1260 13916
2792 2000 17756
-980 -3284 23116
4944 -2528 17348
6076 -1148 9320
7992 2620 2900
3092 720 8400
-1940 -5752 23956
4520 -7196 22264
4500 -1032 12156
3004 888 14776
7072 -2380 18096
7424 -1580 9924
2956 -2112 10052
-2272 -5012 21904
-56 -5824 23708
884 -2800 17100
-744 -4908 26396
2860 -1216 12788
4756 1088 7996
2880 648 10612
668 -368 21156
1176 -1084 17576
4468 -2432 12788
3440 728 11284
5028 952 7916
6556 468 13264
-856 272 15524
3032 -4616 21712
2268 -2792 18916
1808 -240 13492
6680 1652 12484
2072 1212 16392
4968 -2888 20676
1972 -640 12388
6576 2156 10020
-2684 472 20704
-1200 -3052 22556
5120 1292 9904
780 8 12588
540 -1632 17732
4896 -2708 22116
5732 -2192 9748
4868 492 12248
316 -176 17164
6412 -964 16796
8372 64 14016
9776 1796 8636
5728 -48 14960
-4700 -4576 24660
3260 -4872 20728
5536 -2960 17592
3920 1376 10176
3916 -828 11580
-2212 -4960 15156
2464 -3532 18188
-904 -420 15372
4844 -856 16060
4376 2048 13604
4824 1188 11224
8564 -504 15224
1452 492 18176
5932 208 14832
9716 944 6940
3452 1396 15300
3940 -2124 19428
2232 -4556 17876
3472 -1776 12312
1216 -2364 19132
1620 -944 19124
848 688 17956
3080 532 13912
2268 -3056 16684
2660 -4952 15928
4816 -3788 17084
5608 -1832 14232
4144 -572 15576
7184 2572 12880
4764 2192 13856
5768 -972 13968
4180 -2684 15200
676 -1328 10920
1172 -3144 16532
1852 -3856 19236
4736 -3104 17176
4848 -884 17164
8444 -240 14260
4360 1116 14304
8444 -2412 16212
7460 -3404 14696
3016 -1128 13472
6556 -1704 16620
2616 -3632 13908
252 -2028 14740
3012 -1664 16372
1096 -352 15692
2744 -2400 14780
1556 -4256 20444
296 -3464 18068
6880 -2128 10248
1280 -1664 16692
4136 -796 17292
9624 -3684 8932
8440 -1596 9936
3800 -2116 12448
1364 -2164 17304
916 -2660 18640
2624 -1784 15920
3932 -544 16948
2444 -1440 14500
316 -1816 14080
644 -1520 20016
2816 -960 14640
876 -3548 20460
5384 -688 13120
4136 360 11844
2900 672 11372
6260 496 13884
3640 -904 11156
5708 -928 13376
3344 -2156 18232
2232 -2632 21888
1576 -912 13868
3784 380 13108
6552 1836 14652
4292 2112 12688
4812 68 20044
2116 -2428 16880
1912 1440 17612
3212 340 16480
-1036 348 15908
5100 -812 16640
4028 944 15968
-1372 -2764 15700
4092 -1688 16176
2236 612 16708
3224 2772 12532
5364 508 14140
2544 -3388 15152
6300 -2400 21260
8148 -1544 13380
7028 1712 12440
7740 596 15412
5276 -260 14100
700 -1772 20024
3816 -3800 21088
6276 -1092 18388
2576 -896 13572
6696 1548 12848
4224 1396 18056
4108 -5584 15972
1804 -3840 20880
6680 -176 14000
2896 1112 16964
3704 452 18348
4944 -2656 15940
3524 -1064 14384
4164 -8 15320
5884 -4232 19264
3996 444 11940
2748 -3556 17844
5140 -1520 18332
1520 -4516 15268
5044 -4484 12744
4164 -784 15972
3852 -700 13028
1800 -1384 15988
2212 -3160 17440
3524 672 13504
3624 -476 15348
3468 -1456 13408
6584 -4896 15940
4748 -3508 15760
1468 -5704 16572
3000 -3688 14916
7252 -28 17300
1152 -2196 18388
1372 -2228 15600
5880 -2052 14632
3036 -3516 15384
4876 -1508 17016
2360 -2996 17020
3728 -2808 11164
1108 -4420 10936
2148 -1776 16596
1872 -1892 18552
5620 -808 15728
4852 -972 9372
2988 -3064 20680
4008 -2544 18064
4136 -416 9456
3696 -2784 13260
576 -3248 31152
5276 -2584 19628
9120 -1780 9052
5856 2100 12000
3196 728 21048
5068 -2052 16380
4104 -516 9740
2328 -3236 11100
3568 -4592 19592
2644 -2672 17268
1704 -3236 17348
5576 -2076 16472
6452 -2900 10008
2780 -708 11300
-8 -3088 18680
2012 -6216 21596
3340 -4212 13240
1536 -1208 18340
3124 1708 16228
5264 1064 15652
2544 560 15644
4848 -312 14448
6120 -3768 16540
2136 -1708 16016
3772 -3676 15208
4660 -352 15016
3512 1128 15272
6216 -72 15844
3212 -780 15048
3380 240 16704
4420 632 15788
2648 1756 13724
-544 692 14268
3440 1628 16844
2992 1080 12932
4212 2160 14672
3360 -1572 19608
1908 -2984 15988
4400 -1528 17572
432 2320 13908
2880 3288 13444
3680 -160 17544
2944 -1948 19044
5208 -1132 14540
4164 -184 14624
2612 -696 16832
2528 -1248 17084
5712 1708 13732
1292 1604 15508
3248 -140 14244
4820 -1484 16964
4016 -1960 10444
4504 240 12836
652 -868 20560
1576 -2636 18000
5520 -2428 16508
3500 408 14752
3952 692 17692
5280 -836 15216
4452 592 15508
5876 -1076 14912
2864 -2480 15528
1176 -636 15820
1252 540 16900
1936 732 18748
2276 -520 12012
-992 -776 17288
3344 -1672 16976
1056 -3844 14720
4040 -3796 15096
1328 720 18328
3536 80 15584
4520 -3284 14316
7648 -2052 9460
2920 -5276 18008
4208 -2824 18748
7984 -536 9012
5792 1772 12240
3908 -3344 15148
1684 -4224 15736
1768 -3216 16236
2144 -552 14712
784 -616 15092
356 -720 18788
1108 88 20648
1592 -2448 15112
6972 -424 14232
7280 8 10188
5488 732 15444
1728 308 15856
2576 -1896 18984
1324 -3480 16480
5576 -476 14404
3704 -1604 11708
1352 -948 15848
4684 -1064 16348
2600 -1816 11060
6052 992 9764
600 -1708 12424
3828 -2652 20896
5328 -2908 14728
2924 -3320 16208
3880 -1252 20240
4944 -3100 21668
4892 -1464 12980
4404 -2336 11524
2700 -2300 15396
856 -4424 17832
2956 -2868 13028
3044 -2272 16880
3276 -1876 16924
5684 -1792 13028
4252 -2076 15084
3728 -756 15528
1768 -624 15408
1016 -524 18452
4244 -156 13460
3808 1060 14464
4792 1420 13356
4816 308 18096
3528 -4508 14832
3608 -3996 17388
4080 -208 20084
5012 -2120 14880
6212 -632 15912
3740 1512 16332
2112 -2772 15568
5984 -4000 16032
5184 396 12456
1372 -1176 14100
3592 -2860 19384
5776 -1228 12592
3508 -116 9848
3756 364 20528
1724 -1628 18020
1644 1808 14176
4388 1004 12632
2416 1120 13024
5932 524 13380
4956 -1632 14308
300 -2856 20660
7996 -3232 19524
5396 1780 9180
3584 3780 11096
5300 748 17048
6416 -2060 19308
3232 340 10792
3280 -648 12540
2480 -3972 19916
-168 -3752 21080
3904 1208 16288
2864 -420 16168
6032 -44 14060
-740 -736 16648
6316 -688 16536
4304 -3744 16544
6608 -1164 10576
5144 1336 15228
4324 156 15040
6004 -2280 19336
5124 548 16436
2588 3136 10532
5884 -1688 17680
844 -1724 17892
-76 -3168 15320
5432 -908 15844
520 -1088 14336
4792 256 17096
4796 2532 14408
2776 -3160 14020
4512 -172 19768
1072 756 16160
1836 -4864 18592
4104 -1860 9144
3228 -2088 14844
2816 -4084 19176
4348 -3784 14396
-236 -4772 14276
-80 -2132 17384
5300 -168 12356
3132 708 15844
2564 -2236 19804
4496 -4024 16084
6420 -1612 11716
1492 -2924 13144
2424 2224 18328
5540 -1008 13408
5320 -1820 12928
-100 -388 23408
3940 -2864 17816
6624 -3092 12212
5288 1312 10720
2196 -1340 18656
6388 -4344 16284
6144 -2180 12640
736 -2096 15848
4572 -1128 13396
1564 -2940 15212
-1084 -5236 19132
2796 -5064 18956
8724 -1852 10744
4028 1888 10836
1956 -7636 20784
280 -7920 25512
2668 -5072 16096
4720 -108 9204
3208 2052 9748
3488 -1632 22716
2636 -4928 22184
1932 -2264 12664
5084 -1812 15300
-1532 -2372 24792
6008 1596 16060
4780 1736 8868
3808 1660 13788
5908 76 18008
2808 204 17456
6844 -872 17596
5316 -868 19752
420 -956 14900
8184 -2420 14216
3104 1120 11920
2448 -1224 16728
2824 -3856 20848
3188 -3240 16000
2768 -136 12460
-468 508 13160
4428 -1620 16200
3460 -2716 15760
7696 -140 14344
6740 784 12592
4400 92 10696
6040 -100 17392
2472 -1764 19800
5120 -2100 10568
5820 608 12144
-852 1212 23224
6776 -2000 18508
7860 -4228 12884
4452 -2904 16768
5936 596 10448
548 -2604 15796
1684 -3196 18340
2984 -2832 14348
3524 -8 9012
-264 -1008 13528
1252 -2260 19972
-64 -3564 18672
9700 -320 15876
5364 2516 15308
3060 1468 20092
6632 416 14912
6092 872 11136
4368 -740 14848
1548 -1720 15952
3008 -136 15352
8612 912 15972
1768 1676 17176
2472 1180 17964
1432 -220 12416
2772 208 13036
2964 316 17352
1160 -1912 20596
3672 -3760 16684
7276 -1068 13140
4488 -432 12568
-100 -1072 18072
2864 -3792 17528
4012 -1472 15820
2704 -88 16540
852 -172 15960
1124 -2520 15084
5720 -6284 15080
5844 -2952 12780
2312 -1700 15172
5392 -2512 14572
3368 -4284 16016
3192 -2704 22360
6348 1488 13856
5252 -140 10748
6284 1456 14580
2192 -3332 21544
1888 -4832 12244
1520 -2008 14500
3740 244 20076
4620 -1004 13888
6064 1532 9576
1728 -2880 20644
4076 -152 13168
6032 -2296 11992
2208 -240 18612
5092 -1756 13072
3396 -1772 13156
2880 192 18856
4320 -4764 14036
5948 -1452 12048
3836 -3528 15696
3296 -2128 19648
3532 -4224 15508
6764 -2820 12888
4528 -3836 15300
5032 -5520 11792
4796 -504 12560
3636 -388 15228
-36 -3076 21196
3724 -4608 12300
4984 -1312 12704
864 656 17060
20 -6560 19920
8784 -4872 16732
-1680 -1624 16656
4396 -1052 17884
7568 -2836 11624
3904 96 11420
-2320 -6260 28304
3856 -3544 17792
4888 -1072 12304
1820 2052 14988
780 808 21744
7772 -2808 17460
1612 -1348 10252
2432 2400 16676
3384 -2984 21316
2516 -2412 16828
1744 -708 13004
3988 -344 19692
3464 292 19652
4520 496 15976
5152 316 15928
6864 500 14640
7304 1904 8736
1928 -620 15768
3140 -1868 16380
3848 -3048 17620
4648 -4100 16448
2504 -752 14904
6008 3584 10336
920 1348 15252
-188 -2576 19280
3712 -2452 15008
4448 -1200 17972
2792 716 14484
4344 -868 18056
5656 -1024 13128
1092 -604 15244
7156 676 13840
3436 1468 19724
1324 -3552 18840
3788 -3316 13972
1132 680 13076
3180 596 17104
2556 -1296 21544
5644 -812 14252
7688 -788 6172
7964 1104 14448
-1280 -2376 16212
4472 -2380 20040
8680 1944 14076
3928 1476 10776
3444 48 17632
152 -2608 20544
4396 -360 16736
760 -920 18868
-152 928 15252
4340 -600 16540
1892 -136 17812
1348 -3604 16880
4956 -3240 18804
3616 -1248 15352
3756 704 15844
5956 1500 12348
1484 1492 12288
1604 -2384 15872
2608 -2540 14740
3560 -4412 11828
2588 -888 17712
3140 -768 15944
1268 -1564 16840
5408 -1468 14988
1204 -2396 17104
4092 1704 17808
5464 400 14912
2236 -940 10256
4904 -1376 19224
204 -5964 22256
4328 -1792 17920
5828 -1684 12848
760 84 14908
5324 -4976 15324
2544 -2860 19320
2224 -2744 15008
6584 512 16100
3100 264 11704
6884 -280 12296
5328 -1180 11312
988 -3896 16336
5812 -5344 19620
4596 -1376 17196
4380 -1680 10692
5300 -5524 21808
5084 -2060 18492
4384 -1140 10868
2120 -1820 17148
256 -4724 18848
-24 -3720 18716
4384 -1860 9120
4072 -3964 19576
3760 -3952 17600
6108 -2216 13464
2836 -660 14872
5296 -3600 13980
2500 -1784 19172
2576 -3996 13120
7688 2832 13820
608 884 16808
3644 -488 19440
5904 372 10904
3844 984 11972
-3072 1492 18148
2352 -2800 22388
3560 -272 14944
2556 2132 12320
7880 648 13884
2596 840 13116
5260 -1920 15320
2524 -3860 21556
4004 -2952 15864
9084 -1488 10564
1152 -352 16896
6120 -3112 25672
5480 468 10108
7856 3756 5736
2856 1540 17212
1944 -1056 16876
5372 -32 10784
2668 268 16640
-3172 -1036 19304
3716 -444 20088
2600 48 15932
5332 84 14488
7080 3612 13048
5860 -1772 22732
3944 -5932 16312
3868 1032 10292
3536 5144 11200
6460 2132 19388
2692 -5440 23396
5700 -4128 15740
3844 1056 11140
-780 -2304 14800
3012 -868 20276
976 -6552 12724
4540 -1508 17856
4828 1572 14388
3784 2676 15332
5416 -2408 15340
4432 8 18536
2372 -4496 21340
2788 -3724 19348
5368 -3660 12976
2216 5452 15500
3500 3016 14604
-1400 568 17220
2864 -5424 19708
2400 1356 14932
848 -1264 13524
3196 -2568 16480
-40 -1880 16540
-268 -756 13872
1204 -1700 22040
4692 -1612 15856
5300 124 14964
6756 -1416 19296
2408 -1860 16940
5776 -336 17212
4972 -992 17572
2848 -3400 12416
4892 -792 15584
6712 -1208 17460
4132 -3248 13144
900 -3440 17864
684 -3152 19668
2316 856 12116
1920 1532 16036
5464 1944 15000
1896 -1652 17936
4080 -3828 16140
4796 -3584 16156
3296 -2624 12484
4796 -568 16216
3464 364 13248
1120 808 19392
4264 -2812 22268
3492 524 13464
5832 -252 6344
7120 2828 12516
-4 -560 18840
-84 -6672 25016
3724 -4068 16512
2592 -2856 7044
4060 8 10124
4788 -1112 17824
3052 -4304 18832
6240 -2504 11220
2152 -1540 9536
6696 -3076 14556
3088 -5248 20960
4008 -3492 14032
2312 -1336 14892
2868 -1288 20408
7700 -1992 12428
2884 1668 11608
-1808 128 17328
-200 -4316 22040
-2216 -4256 15900
1928 -1280 15348
4764 -692 14956
644 -1116 9772
3676 -240 18904
-908 -296 16716
-176 -968 17392
3348 -1104 16844
5828 1512 10700
3332 628 14380
2500 -3008 17224
5696 -1664 17124
5456 1012 9372
2816 492 15428
4560 780 18380
6816 -216 16264
2324 1192 15208
4400 552 12844
6128 -172 17796
4016 -804 12352
3300 -992 16556
3612 -556 17412
-512 204 16448
2664 -2152 16036
1528 -684 18268
3604 -2980 15568
3992 -212 14808
5752 -84 14052
5364 -1964 12976
3708 -988 14712
5356 -2960 16164
1724 -1724 16020
1464 -1916 12892
5140 -2004 17564
3644 -76 17488
3840 128 15828
5952 484 14320
5688 -248 15680
3028 -368 13924
6328 -556 17432
5752 -1196 16544
3104 -1908 13924
3768 204 16128
3248 332 17732
6400 -572 17144
4392 -2016 17456
3800 -24 13496
1728 -1608 17596
1752 -1888 19548
1644 -124 15392
5604 632 15044
4992 -1100 15132
5932 788 9000
4020 564 12276
5792 -900 11728
3988 1440 17352
2492 -2248 19964
1280 456 17256
4636 -824 13540
2928 -3128 13900
2752 -3456 14192
4508 -2256 18356
2432 -3548 17852
4524 -856 14820
4740 56 14708
2888 720 12728
2888 -720 17460
4484 -5100 20344
4392 -1600 14320
5368 260 13264
2196 1616 19980
5164 -3492 20180
5716 -1936 9772
4700 684 15936
3240 -3128 19124
5256 -2472 19440
6000 1296 13868
7580 -1440 13856
2392 -1636 16416
4180 -3820 19588
3592 -1900 13228
4916 1324 5372
3396 560 14092
2020 -3252 26680
2556 -3428 20216
7964 -440 12024
7300 1112 10620
-220 -3320 16980
7172 -5716 20348
1104 -2136 11968
7624 -652 17508
4020 -2728 15408
2048 -5188 14144
4548 -796 19316
5552 -780 19756
4216 -1204 12404
2620 -2200 13908
4668 -3404 14720
308 -3124 16240
3284 -1340 13776
-676 -3200 17084
1644 -324 17660
4464 -1180 10496
3936 -2660 12208
5080 -2940 13736
5648 -1696 17036
8676 -304 12680
1472 -40 14224
7256 -2680 18552
1860 -2416 15500
6744 -1132 13448
536 -2456 15260
5940 116 12732
4324 -68 17660
252 -1556 13056
3672 -1648 20152
5920 -168 15564
-1620 1168 18724
5328 -1008 16672
3452 2584 13736
2656 1184 17288
3432 -964 14268
5520 1580 15812
4160 -1212 14648
2816 -1560 18392
2688 -1988 17756
3752 368 15060
1084 -1704 15500
3164 1088 15452
5760 1564 15148
4672 -572 16292
5576 -724 14524
1040 540 18420
4540 -1836 16192
7060 -676 16400
4180 2288 12048
3524 1176 19444
6384 -3948 18992
96 -2464 13116
6956 -2276 16624
5700 -408 14368
1132 -3216 14804
3296 -4028 18588
3668 -880 22088
2456 -452 13728
8668 -292 9640
5128 -136 18644
5848 -4700 13280
4004 -3588 17216
3920 -1480 18048
4404 952 14156
4692 1004 13640
4836 -848 12716
1368 -908 15124
-1980 -4172 18552
4668 -4092 17912
4656 1844 14004
3852 2892 14176
-412 -3980 20644
5144 -5532 19276
7448 -1596 16156
6396 -472 11468
4664 -736 19244
3352 -4232 16840
3880 -80 12976
-228 -3312 15692
3232 -2344 15240
3692 -5280 14472
2972 -3088 13948
3020 -4756 18252
5912 -3692 14440
408 -280 14372
1220 -1960 18820
6836 -2548 16944
3028 -3272 13484
4644 -1140 16852
3088 -2072 20220
2976 -2632 17684
6212 80 13188
44 -220 15380
1960 -6128 24880
2296 -432 17568
7604 1480 9324
4752 -1720 11208
1496 -3172 14592
9444 -2528 14456
3208 -1092 10528
4232 -4720 17968
2132 -5104 25352
3912 -1408 12608
6180 -956 9812
3576 1756 12456
6556 -2940 16296
5160 -4644 18548
7236 -4332 11308
3732 -3324 16992
8764 -4548 13464
-1660 -2660 21064
3052 -932 18308
3768 -1372 17184
3776 -460 9616
2772 -1528 14028
1684 -1844 12112
4928 -1504 16412
3828 -1712 12316
1028 -1892 17648
3352 -4296 17444
6752 -3816 13076
3208 -3404 14884
-1752 -2852 16740
5272 -3916 17768
2992 -892 18068
1788 -1568 20964
10464 1948 10008
4132 3484 9948
-608 2328 15656
-1284 -5688 23116
7340 -4000 16240
1968 28 10272
2992 1800 11432
2892 960 19040
1824 -2296 19112
4212 -1264 18592
5884 5200 8164
5016 1496 12836
796 -5908 22092
8464 -3172 16528
5240 -392 11024
1824 3080 11020
1908 128 19124
3316 -1508 20136
3128 -860 16292
10444 1512 16984
-3912 824 18544
5824 -3156 16124
1996 -3084 17876
-964 -3292 17372
9584 -420 17540
6772 2652 11900
6180 3440 9544
5712 1520 14228
-664 -6124 16936
5796 -4812 20188
4024 -440 13704
7496 2800 9832
6840 2204 20204
-2272 -2640 15804
3328 -4396 14116
3836 -3488 18552
6328 -2756 12984
6188 1212 14624
3876 -508 14204
6756 -4888 16672
3084 -3612 16708
7092 -3024 11740
5068 456 12760
1688 3448 12300
-3920 524 21380
664 -2060 18308
3708 2268 12000
2660 3196 11632
3208 504 14512
1960 1292 18596
5572 460 13024
5320 756 15124
4884 -1064 13636
5356 -1084 15576
3736 -1796 16788
3828 -1488 19588
1500 -1100 23200
6236 144 12716
8172 2392 11800
3976 444 12392
-332 -4324 18312
3356 -3952 22504
2440 -304 12968
5572 3500 11916
5640 1736 11356
1368 -4272 23228
5192 -4168 16376
5608 -3248 12268
4364 -1492 14444
7584 -1528 14824
7100 -2176 12320
5592 -2816 18464
9696 -2580 18180
2912 -168 10068
2848 -136 13792
4200 -216 16324
4236 -2528 17744
3524 -3780 12132
828 -1944 11488
5816 -3712 19264
3104 -5576 16608
7208 -1344 10400
5580 -4852 16040
1944 -908 23384
-964 -4848 19668
6108 -3048 12744
10756 -3728 10352
7060 -2752 10608
5400 1436 14124
6676 -5440 10200
2256 -3132 15448
-116 -3708 17968
1940 -480 20648
1992 -2388 18596
2392 -32 16252
4640 -2548 12064
8216 -1056 16092
1796 -752 15184
4732 -2532 16364
4200 -6300 20552
9044 -2340 9152
6368 2488 9980
3248 -112 11656
2928 -680 17308
1264 -3508 25360
-756 -3888 19528
-104 -156 14300
-984 1256 14804
2564 -1452 20264
3616 -2136 17956
4828 -440 9688
5564 296 12220
4260 -1608 14296
5444 -2248 17312
4768 -2840 18680
3664 -1564 12244
5916 536 13332
1544 964 20944
4108 1924 14936
4440 456 14672
2092 -652 15056
4432 -1648 15736
3256 -1236 17796
3896 332 11528
5332 -232 11260
7924 -4268 15668
2000 -1996 15160
5536 -2732 14412
1304 -2136 15904
6608 -976 15500
4224 -1056 16392
2856 344 9796
4300 476 19520
1868 -132 14776
5636 -1544 16856
4432 -3060 18988
1484 4 16564
7848 516 15580
6836 -1540 17304
2820 -2340 15576
4668 2392 12612
5500 -2764 22116
3040 -2664 15640
3112 -1080 13964
3184 -1728 14320
4140 1420 16080
3536 -224 16588
4364 -732 18136
5788 -2192 11140
3904 -4728 11892
5328 -4812 19424
-1104 -5260 18748
6432 748 13964
2008 2708 12580
3256 -668 15796
6428 -4384 17944
1884 -816 14820
4536 -1776 17672
4116 1460 15128
5848 844 11900
804 -1872 11960
2736 -1944 14448
2476 -2876 12668
5940 -2572 13472
4176 -3348 16864
6780 1024 16952
5048 -1036 15016
5424 -1416 18128
1920 -3088 18800
6604 -704 16780
64 380 10500
7868 712 11016
-256 212 19160
1476 -1816 26092
6104 -904 17520
7288 -1076 7912
3012 672 9292
5408 956 20344
1456 -5616 19164
4880 -6084 17896
3492 -864 14556
8228 696 11908
7072 1140 12764
3548 -264 13060
4680 -1524 15756
2488 -3048 16060
3668 -1860 15336
4928 -444 18200
4168 -4312 14256
3892 -1284 19116
5072 -2356 12140
4856 -4072 15968
8780 40 13312
1032 -796 17664
5768 -3492 16508
1068 -1452 16620
-1092 1248 15124
4632 44 15200
3840 -2368 14992
3024 -3848 15760
2860 -2040 15752
948 -2068 15592
4252 -1120 10596
2348 876 13204
3784 -980 17936
4200 -1372 15220
4420 -1564 13132
4316 -1692 18992
9148 -72 14560
2992 -3332 20176
10500 1544 8924
2632 1032 15800
1936 -468 21696
5864 -240 14276
412 -1512 15720
2728 -728 15316
1236 -996 17712
2332 -2504 16980
620 -4084 18872
4076 -2924 15580
4812 -1420 16452
4344 380 15164
2212 616 11692
6568 -2900 15884
4416 -4008 18444
8296 -2580 15388
3228 -684 12756
9140 -2120 16232
9860 104 13076
3880 -3968 17184
5204 -4816 15640
6728 -3740 18352
2820 -2280 14736
3504 -2996 14800
7400 4 20344
4296 -372 16328
3620 -1288 13452
5092 -4448 17544
248 -1648 18568
5612 1056 16544
1508 -764 14512
3672 1384 10828
6080 -1232 14992
5732 -3304 13300
1532 -3776 17608
988 -2872 14500
8716 1080 14668
2820 1880 9544
2396 -4652 23756
4576 -636 20656
1676 -1988 15324
2620 72 13416
5500 1940 17096
-1980 -3124 16444
272 -3132 18152
336 168 17676
1028 -760 18376
4480 -1188 17488
4928 1564 18984
1528 812 18676
6584 -168 13612
4780 -1904 15232
6032 -3940 13308
2988 -3772 13168
6768 -1936 11004
2660 -1564 11524
5420 320 13772
4876 -3704 13676
2640 -2596 19368
1940 -628 13912
1704 -3332 23684
-232 916 19924
1552 232 9268
6788 1792 11960
-176 -1976 19480
3188 -2892 18108
5360 -404 15556
7868 356 8264
5756 248 7468
476 -3508 22904
-1304 -5644 31236
-672 -932 18376
6376 1216 12548
4140 3396 13384
8264 -1580 7756
2148 -360 13212
-2616 -4496 16344
1492 -2352 14892
5232 -780 17296
6220 -64 15996
5828 -3356 9344
5024 764 11344
3556 -44 19968
-1428 -7316 19880
6400 -6040 18788
1400 -1296 10624
4192 -2920 13128
384 -1268 21952
2916 -1924 17508
6892 -2808 10592
5324 -2596 13796
6040 -2068 14924
1680 -4644 17904
-692 -3648 17544
2688 -2664 12852
3316 1752 17172
516 572 14624
5320 -3564 17168
4740 -1984 18644
3868 -388 10280
1840 1308 16016
1420 -3472 16300
6092 -5824 13864
4344 -3188 14708
9260 1692 8352
2684 2856 14780
5568 -4460 18256
6164 -2808 17868
504 -2796 15560
5388 1916 17132
2116 1024 15424
816 2612 17980
6452 -2140 14348
7212 628 12876
3132 -2992 13280
3708 -3920 19124
1092 -4584 16928
2876 200 12768
4416 1872 8440
6284 3252 12144
1040 -220 16332
5484 -2216 15768
5992 -380 15184
4984 352 12288
5424 -3160 17228
7616 -1468 12772
6104 -712 11996
3800 208 12836
4516 516 18892
-880 -1312 19568
3464 -2352 15692
4364 -1584 15276
7524 1528 10104
2060 1556 9304
4180 -4236 19968
3892 -5056 20836
3828 1780 15696
4392 316 17444
2084 -3708 18596
3108 704 18764
3832 1952 15472
4272 2140 15976
1724 -1896 16852
7704 -2040 16208
7304 972 13832
1216 -1124 13696
5784 -3216 15676
3604 -4468 16784
4364 -328 11444
1560 1348 14028
1192 2000 15908
2952 68 15048
1492 1812 11792
3712 -4876 14616
5392 -3872 9800
1528 -8 16924
1184 -628 21880
5252 -5536 25328
3816 5184 17512
3340 3860 13812
6764 372 14388
3172 -6264 22388
6632 -2848 12852
3292 -3584 17368
3400 -3524 19980
2648 -3184 18840
4320 -2888 16204
416 128 14572
3892 -4216 10552
4736 -3680 10656
2860 -4584 9948
2420 -4264 18072
5456 -144 15588
4668 -1488 14348
8300 156 13172
7532 952 10704
7744 -104 18556
9732 -1852 15452
4244 -3916 21144
3856 -1244 11292
3004 -3724 13828
5068 -4460 14708
3628 -496 17988
4804 816 11752
2448 -1428 16992
2720 -5632 17884
-2124 -3948 25180
936 -852 18212
5232 284 14524
3712 -3372 10588
4416 -3364 16984
4300 -244 19152
4180 -924 12256
4344 -4988 16232
12376 -4200 14608
4756 -944 9568
-320 -3920 14916
2064 -3860 30768
8404 2124 4868
4260 1248 11120
2552 1904 14472
-4564 -1376 25860
3460 -5620 18372
4660 -1236 16512
1568 -508 16412
4604 -2336 17076
8688 -376 11120
8108 2552 2268
-5840 -612 25960
-5864 -9196 32767
10704 -2680 7136
1896 7472 6632
6820 9024 11256
400 4004 11688
5992 -2704 7396
4780 -348 10420
748 -3100 25176
9168 -5880 20504
-2460 -1144 9092
6004 2416 14656
4520 3436 15088
500 856 11776
8188 -3324 19456
2252 -4668 16576
4152 -1828 11556
4596 -1828 18620
5592 -1984 14308
5084 -832 13600
1772 -1840 19792
12096 1152 12064
3080 -728 13156
7680 -860 13092
4044 -396 21008
2544 -3652 12588
256 -1768 12704
5320 -312 15116
8352 1156 14276
4372 1312 14724
2248 2900 14616
6516 1156 19040
-2024 -472 20680
1748 -1432 20068
9316 524 14536
3716 2132 7840
8192 964 9728
3536 3304 20964
180 -1168 22164
6884 -744 18620
2612 2152 12184
556 -232 15208
1224 -2024 16248
1888 -4012 16436
848 -5812 19356
2908 -1628 24132
4576 1920 18432
5500 3752 14308
6980 1708 14988
6484 984 15136
9712 3504 13644
6728 3548 8252
320 -2708 23012
5120 -5608 18912
5536 -3820 14348
6448 1112 16512
-676 -6264 18832
4764 -5560 19812
2052 -5316 16840
4072 68 12372
6888 416 9744
1620 -3372 18540
-244 -5596 25892
6404 152 16676
5244 -3496 11120
8244 4004 8724
4728 1928 7688
-3052 -4392 16364
-1152 -5428 27024
4612 -1848 14272
8748 2444 7692
4616 308 16336
5996 212 15352
3240 -4576 17936
5968 -1516 13804
4748 -5164 14148
7476 -4760 12516
5920 -4944 14860
5484 84 14892
4352 -2748 18448
5680 -956 14660
3160 -3792 17220
5716 -520 17988
1676 -4676 16456
3536 -1304 19852
2024 -3480 12468
1016 -2152 18240
1884 -3096 21160
-932 -1140 15716
3332 -6384 18612
6192 -2464 10400
9560 -2576 7440
7984 -1672 8632
-2804 -1988 12672
4228 -4568 16736
6032 -2180 14512
508 568 13928
4604 -2884 17924
4924 -808 14036
6240 620 11616
1732 992 14520
7676 980 12088
4168 -2344 19152
-348 -2240 25056
3632 -632 13416
1952 -240 14956
1584 664 14268
148 2104 13888
872 -1336 19480
120 -5836 22836
1868 -2256 15072
5720 2096 14432
2912 1864 13008
764 -244 16568
9012 -2808 14884
3832 1392 11284
9496 64 9892
4456 624 13568
6520 424 12212
1684 -2480 26236
320 -3052 23548
5496 -3420 14976
5640 376 7564
6388 388 10568
5316 1236 14076
3340 -3128 18328
5800 -3036 16412
424 -5048 23552
5808 132 15336
3976 -960 13600
6544 984 12096
7768 3288 11196
-360 -2364 17060
5344 -2840 17376
4660 -2064 14092
6668 1860 10092
1244 1612 11632
3568 -3480 17284
5100 -392 15160
2892 76 16752
3844 656 15856
6192 488 20424
6656 -1060 12396
3544 396 11000
-1772 -520 20808
1076 -5728 23124
3884 -1520 17524
2284 1268 14728
4996 1416 12724
2680 -1444 12592
4916 -1824 14376
1988 -3820 15012
2112 -2500 17424
2776 1964 16040
2584 2672 18480
3748 -1448 15704
3116 -824 15216
5500 -1780 15492
5740 -1260 12644
1584 -3140 14480
2672 -5148 17392
8676 -1200 19624
-1812 -3324 19816
2564 -920 19360
5812 1024 11156
6096 1368 13052
4036 -4556 12576
2484 -7260 20820
3216 -1400 21312
1368 1996 12192
208 -1264 13664
6548 -4920 13656
8036 -2432 16096
3980 -1944 15076
9960 -1224 11384
3396 388 11124
4196 -700 9760
3076 -8428 17152
1828 -5316 21056
4132 -1584 12436
2252 3124 11080
3024 468 24480
1772 -6572 17160
5376 -4964 12536
-1236 -4616 12372
5908 512 15804
-64 -5040 18804
692 -636 21844
5772 -2696 12108
5956 -3540 13200
4260 -3320 19760
2520 -6292 14936
1636 204 14652
5864 652 14640
6400 -3228 12180
4344 -4592 11352
6728 -3416 13408
6752 -2628 12280
7764 8 7032
2064 -2092 15316
-3364 -5608 29128
4116 -4100 18260
5396 -1192 10276
1516 1420 17260
3180 -932 18288
868 -188 17528
4076 -604 15784
724 -1948 21196
6248 -720 17796
6280 2044 9524
76 1152 16136
7828 -972 17268
2332 -1140 15600
5292 1084 10436
2136 1088 14500
3096 -668 14156
-1808 -1548 20532
728 784 14520
3860 1004 13452
-4300 1384 14924
3312 1032 14368
6452 -2024 14452
5020 -4460 13444
3428 -3728 15208
3808 -2256 15756
5864 -1936 11020
292 -828 14932
5488 -1316 20212
7020 -276 17172
3120 -3676 20544
3088 -304 18128
6552 -684 15048
7352 2912 14364
5148 1480 13232
5140 -4032 12460
5312 -2052 12080
7224 -548 13624
8200 -532 14088
1284 384 17772
1892 -1556 15988
4824 -352 18440
3732 -1488 11928
2256 -824 15784
3976 -1676 14956
7148 -2740 16000
4168 -1252 17420
2296 -1048 12068
4024 304 17296
3052 -2032 16364
3768 -156 9852
5092 -228 15180
1940 -3628 18280
3432 -3644 19396
2476 -2488 19120
2108 -160 14432
4288 1352 16480
552 -1912 16140
3976 -4176 16908
1560 -4020 18536
2240 1132 13916
6324 -1368 15500
6420 224 20132
4740 404 14976
5784 1896 12120
6152 1164 10552
1504 904 16976
1728 -2040 16364
-180 -2492 20164
2140 -1812 15948
1792 1452 17236
3248 2684 13372
5520 1264 15764
184 -424 13352
7700 -240 16072
5628 -348 15096
5432 -1464 13204
8856 364 18584
2700 -2172 15864
7624 196 14860
6860 652 12144
5876 -268 14848
3200 -2576 13868
5320 -4712 12896
7152 -2848 12340
3664 -940 17468
5988 -2736 11016
5768 -3008 11668
6180 -2880 18268
5664 -2808 15404
1424 -1352 17856
4476 -2572 17348
3684 -5848 18648
-540 -2688 17004
6764 -2244 14308
3972 1608 13044
7080 -104 11708
892 192 25472
-828 -4076 21456
7096 -2864 13856
3960 504 9620
4428 1440 11620
944 52 19520
4056 -1840 19088
4356 -2000 9984
5300 -1888 9060
6204 -3764 19672
3192 -3916 13516
2960 -3628 13656
5472 -864 14228
2580 -2408 20124
8312 -2788 12268
4200 3388 9772
3924 2584 17948
2684 -672 15824
1520 3300 13632
4936 2844 13068
776 -3080 15044
4848 -2156 19216
1592 -2904 15684
-144 -3280 14912
1180 -424 20060
856 -3528 18084
7128 -2848 17020
2148 288 14072
3216 -448 18040
6736 1408 17708
3912 1032 10240
6992 280 11652
2316 -1920 17616
3924 -3064 24104
1996 -92 14248
-2636 484 14632
1660 1688 18016
688 -956 20520
3736 -1152 16244
5344 236 10696
7984 2344 7308
4084 856 13256
3276 -720 17676
9228 -1200 20664
4384 1572 13020
3440 3552 15516
2980 1396 26188
448 -1920 18440
7432 1600 7760
9316 -2836 6492
2868 -8120 21584
1648 -6716 23100
4896 -4060 15260
8196 1436 9784
3820 -328 15256
2324 -4276 19428
6456 -2864 14952
4948 -5928 10284
7440 152 14704
3468 -2900 15948
424 -3916 20184
5724 1532 11004
8432 2408 8480
10324 1192 10092
3428 -2908 20884
4212 -1052 16616
-488 -2272 12244
-3120 -1160 19708
-1692 340 24760
-3100 -2644 16760
124 -2096 18212
84 -3636 20516
6824 -1368 14900
-172 1672 14292
9020 4560 10656
2136 616 16732
7316 -3840 11924
5964 -4264 11660
5292 -3120 14200
2972 -2236 15144
3200 -2216 18136
4740 -832 15784
-3496 2136 15416
2620 -2024 18696
3684 -3168 18040
4080 -3572 11912
7944 -1340 13940
3132 -2612 16484
1444 -3152 17624
7292 900 16276
1840 2016 15936
2512 648 15684
7328 -2328 17920
-632 -68 14152
-76 -1360 18476
4200 -1364 16720
4420 -2156 16452
4236 -1704 17608
-2092 -2036 18080
4812 -1548 14336
4184 -624 9636
2380 -2532 17684
7704 -5292 20304
6896 -1300 9296
6588 -1608 10388
352 -3768 19400
960 -6948 20844
4384 -2036 14224
4580 676 14712
3796 -1732 18044
1232 508 19968
5632 -668 15464
756 -4008 17156
2428 -2608 19304
3004 -1848 16540
4744 212 12280
6592 -928 12368
1292 -1076 17412
3828 -2052 20372
4332 -3424 13152
4108 -1260 14524
4036 328 11152
1396 -1292 25728
2216 -1252 18464
4316 1140 9936
1056 2504 17428
3908 -920 15884
6840 -980 12632
5248 3516 10884
1464 -80 20488
-340 -4388 23532
5544 -3568 18176
1380 504 11080
3988 2264 11896
3044 684 12808
812 -1836 20276
4612 -4052 20272
3616 -2952 19240
5172 36 13216
3644 80 12504
272 192 17536
2788 -2824 21812
-3164 -1512 20432
9032 1556 11208
5132 1112 13168
5476 -1748 15716
6728 -2744 12988
5452 -4748 19060
7824 -1432 17648
652 520 13784
7684 2628 6760
5760 1008 18792
-5060 -2200 26288
7292 -1324 12148
5116 -1620 12412
2444 -1408 12860
1868 -660 21644
3400 336 18568
6488 864 11396
5744 3164 8496
4624 -2236 20352
1672 -3676 20984
5800 376 13856
296 136 18180
7688 396 20552
2420 1280 10580
4020 1168 11720
3752 -1800 19268
3476 -5088 17284
8388 -2920 10492
-2228 -924 15996
3068 -384 15176
1264 -2364 18840
3296 -1828 14520
4984 -2852 12528
-504 -128 13248
4956 96 16220
5012 -2728 15020
2052 -256 12040
6284 -3076 17824
4732 -1328 15924
8280 2500 8764
2508 -100 14496
1168 -1900 16724
11668 -384 13672
4524 612 7760
8100 2836 14440
-608 -848 13092
1452 -4456 12872
-800 -2628 16888
1724 -2348 18940
5004 2104 16964
-3748 1832 16424
8064 -648 14904
3912 -1016 17156
2488 -3592 15892
5724 -420 17712
2864 -988 11844
4456 -52 12088
6680 944 13576
6784 -2396 15288
5452 -2988 12600
5584 -448 11960
3044 -2320 19408
6460 -1368 17440
4620 -2748 13636
5744 -4744 15908
4608 924 12040
4484 -3556 16280
1788 -2264 22996
6740 -1528 15812
3244 -3496 15316
4972 -564 8740
2852 460 8020
-1892 -2648 17460
7272 -3152 12352
5944 -2400 17692
-36 -1400 17316
10684 -1600 12792
8592 1480 9092
3248 -1472 15544
4500 -1868 16532
2888 -2680 19180
3232 -4476 20248
8584 -740 8976
8736 1260 9112
3528 748 14072
552 0 17532
-3224 -5012 22268
9168 -576 10320
4016 -452 8020
-888 -1908 21712
2592 -4008 22676
2772 -1796 15688
5884 3264 13420
3564 792 16164
1408 -632 15168
5456 -600 15456
2912 -92 15840
1316 -1188 15328
3256 -816 17736
5088 -2184 14068
5424 -232 9852
-292 -2160 23032
6888 -464 16740
7716 76 12600
1588 704 10896
5616 -2712 18076
4172 -1820 18680
5068 268 13568
5448 -2116 16352
3020 -1960 15988
7716 -484 15364
3528 -1096 13724
2084 -16 17480
4008 -1524 15824
3496 248 12660
3356 36 12548
4228 -1476 16312
4340 -1956 19668
4988 -1432 13680
4416 -4 18228
1632 216 15552
9308 928 14248
8780 -208 10664
5140 420 12572
2636 -1040 16556
2160 -5424 21160
5232 -3112 15288
7164 684 9616
2656 1280 16616
10020 -8 17940
5196 -3452 12240
2904 -1948 16796
464 -8000 26132
-744 -5468 18780
5040 -2816 12372
5164 3820 13136
2268 -1108 11300
3240 -3892 16032
5828 104 6872
3028 1636 11100
1992 -2048 17180
2536 -5272 21840
4028 2264 17116
424 848 14456
2928 -3108 21004
9692 -740 14060
4924 1356 15052
2824 -796 14460
-1100 -4268 25876
4076 -180 18000
2852 984 11340
1808 12 13720
-520 -1272 25464
5484 -2012 18464
-560 -2304 11652
2164 -968 20432
3044 1732 14456
4312 -3844 14488
6080 676 15480
636 164 12796
4724 -4512 15344
4204 -4072 19732
7124 -672 13916
6708 3304 15216
9128 -1276 24876
4904 -1128 18168
6212 -3224 6804
6592 444 9456
3600 1060 22796
1880 -7932 19720
2672 -1016 11628
3888 -324 14912
-2792 -8044 26628
2200 -5636 14836
4612 -1744 11656
2352 2476 12788
3376 -5076 21080
8584 -3240 16144
6656 -2512 4256
5132 -2860 7116
5536 -3564 21200
7444 -2840 16152
2576 -4696 14732
1268 -2396 13516
6260 -3500 14776
4500 -1848 15064
1276 564 16884
7480 -36 13524
7760 -304 11132
-3012 -1296 12856
6672 -4124 22148
3280 -1160 14316
-124 -1416 17156
-2428 -1476 20812
5632 -504 17056
3880 1468 13988
-1572 996 13660
1400 -660 20868
4548 -1580 17584
4772 1900 9940
7220 2772 8016
3340 1432 12436
3252 -3124 28300
5068 -2828 20408
1496 520 13900
4232 824 9112
5576 -184 13872
1152 -3624 16740
1956 -1332 17300
4292 -1252 17028
2060 -3808 23736
6512 -388 16236
1548 768 12332
5888 -1056 14964
216 2088 18820
4128 -1668 16736
4932 548 15016
2028 856 16280
6968 980 12800
1916 -1644 12732
3368 -2260 17160
4056 -256 18364
7544 572 13668
7804 5636 7232
7564 1984 14708
1268 -2060 18100
908 -3000 23052
3776 776 15396
3124 2284 13008
2996 2892 10568
9676 -616 20120
2048 -3624 20244
4260 -4768 13592
6528 -3156 13240
4152 -2088 10896
-2848 -2656 24656
3852 -1364 17140
232 492 14800
4396 -588 14844
3696 -2552 15252
6604 -3720 14596
1336 -4240 18880
3176 -632 16460
1168 -508 15664
2876 -500 21788
-1628 -428 19904
8512 844 12664
6424 4500 10468
1448 816 13424
2876 -2248 19452
3876 -1136 15576
284 -2880 13788
3688 -2804 13900
-344 -2424 16860
3516 -3780 18516
8 -2076 18120
3108 -6840 11224
8952 -3360 8640
1952 -652 13092
4196 -5032 18276
6560 -5548 14248
4460 -3272 13752
6048 460 11100
4456 -2004 18600
5796 -4000 19644
1788 -1188 11076
2352 -3456 18764
3336 -1012 22096
1208 -232 14740
5412 224 10188
1120 204 13700
2056 700 19160
5428 -2252 18852
2728 -2360 13016
5360 -512 12564
3220 -2484 20124
7780 -1708 18108
4768 768 13100
4032 -4516 19484
9568 -2364 12964
4244 -1744 13400
4572 1952 16496
7068 -44 16620
1976 -2956 15576
4524 -280 15292
-2616 -1996 16268
2848 -5872 21128
3424 -1608 18008
6208 780 14692
4832 -1560 12412
-132 -4476 18692
4160 -4368 16120
1160 -3216 15144
6056 -2432 12212
5624 -2176 13704
1632 -828 16892
4308 -1384 16072
3168 -1932 21936
7204 36 12904
5300 324 14124
8196 -92 15240
5776 60 12112
3336 496 17400
3712 -900 18784
2100 -612 12104
3556 -4268 16712
1248 232 13692
536 1104 13056
1884 -3800 20348
-2068 732 16620
1536 56 13788
4608 -1600 21516
8004 -1460 12760
5616 -1324 14156
2844 -96 17256
932 -2032 16180
3632 -736 12936
2396 -3068 16780
7204 -76 13388
2760 996 14240
2808 420 15852
1348 -1792 17132
2516 948 22876
6560 -108 16580
5084 -1912 13072
4668 -3984 11524
1420 -3004 18868
6224 -140 15104
3528 800 16428
8008 -660 12224
1560 -3668 13144
4676 -4020 18788
2848 -4304 13980
6084 2320 14232
4936 1452 15472
7352 -1264 13696
5968 -3852 14720
5604 -1236 13616
1144 192 18956
5044 1208 16740
2456 140 16096
4752 1664 16516
-76 324 17524
2040 -3240 12796
2736 -1936 16556
44 -1960 13932
-1024 -992 19880
2196 -428 16940
3196 108 11984
4932 436 14476
560 -1068 22820
2440 -1576 19288
7184 916 9964
6228 292 14364
3520 -352 11980
3712 -840 16752
2896 -1312 17072
-712 -1548 13412
2408 -2408 16908
3820 -2316 15648
6096 84 12440
1400 1004 18140
3464 408 17452
3112 -4780 20472
4748 -2840 15348
4340 -4620 12420
5684 -776 16416
3392 -1548 16864
4960 -792 17456
5012 -2944 13800
8824 -596 13040
2520 -1812 19224
-72 -3468 14160
7684 -1364 11252
1260 -472 13184
4516 -1508 14240
5152 -2376 16152
4340 -936 13636
4652 -2052 15436
6680 -1808 12320
3096 124 12192
1740 -1256 18400
2176 -3256 16436
6652 36 15148
2236 -1556 17660
3164 -4356 15756
1916 -3720 19220
2944 -2404 11012
1824 -1356 11868
2768 -4980 20416
2336 -2536 14344
6668 -1908 8020
-512 -3144 25384
1336 -3580 15220
6440 -2908 10168
5140 -2096 11504
5284 680 14060
-1492 -2364 17600
4456 -2068 17952
3964 -1172 14036
3404 -1412 13632
4496 -1876 13832
464 -1012 21952
7124 -1336 14984
3852 488 10788
2584 4288 19180
1960 1144 16852
5204 -616 17428
5744 120 16656
1620 -460 16544
4380 2652 16040
1148 1476 14784
1880 292 17028
8336 -2496 17716
1444 -912 14824
-672 4140 15776
4840 88 17820
5160 -2024 16928
3248 -2288 10720
-700 -568 21172
5288 -3264 21984
3528 732 14588
7540 1652 5060
4616 636 12792
-2104 -5304 29696
616 -4880 17680
10072 -2000 14016
2028 -1764 14368
5888 8 16640
3052 392 18648
4572 -3652 16448
4012 -3236 16728
11472 -2100 7692
212 128 9032
-2380 -1652 12276
2628 -76 20848
1108 -1888 14872
4104 2676 13016
2988 4136 16768
2656 432 14260
2984 -644 13576
5160 -2688 17536
864 -4900 12436
2596 -808 18828
4624 -648 16664
960 -648 19668
6792 -1928 17348
1368 -4064 15164
1380 -3704 12764
-2192 1416 22584
3180 -2464 15424
7028 2480 11372
-892 -2256 15652
5444 -2524 19824
2520 -348 14536
5456 -808 12208
6356 5292 13252
44 -1448 16868
880 -5996 21268
3444 -3324 15380
-1636 -2920 16912
724 -1244 15248
1912 -3856 19552
876 -1380 11364
4048 -120 13772
6680 -808 19912
1868 -2252 18344
6484 -2164 12308
6864 1244 13200
2596 -1884 17276
8648 -1856 15084
4096 -172 15348
6152 -2068 15636
6564 604 12476
4124 -1140 12068
5884 444 15716
4060 -744 15108
7928 -3524 13892
2044 -912 17900
6136 -3080 18484
672 -1892 16512
3472 -5016 11892
996 -1952 13144
3808 -916 24912
3024 -5340 14912
7020 -3456 16056
3300 -100 11832
4108 -808 18456
2724 -1996 19548
4600 -152 13800
3184 -3156 14648
4312 -824 17012
2084 -3200 15244
2664 -2068 14800
2800 -1896 19028
4392 -4092 18820
3328 -1676 12916
7024 -412 12048
4268 -1832 19088
668 -2732 12764
2436 -2308 17296
3648 -1036 13752
2504 -1784 15124
5604 -216 12272
2336 -2360 16824
2864 -5564 16404
5552 -3836 14764
2584 124 15852
3088 -336 18680
1368 12 16292
4788 -3644 16936
2016 -3584 14892
2848 1444 14956
4772 -32 16560
-300 760 9748
4568 -3464 23016
1984 -684 19404
1432 -1064 14520
4736 -360 19772
4100 -520 19752
7684 736 12704
1976 1180 16452
2748 312 15972
3844 -4112 19532
2388 -3272 19032
4188 -192 12364
6932 1896 12324
2888 1852 13044
2448 948 15260
4412 -3344 15956
4276 -2116 13184
4960 -1632 11024
4988 204 18484
5984 -996 18584
2588 -1352 11320
4516 1456 13728
6564 -2188 19800
4372 -1316 16072
1976 -240 22120
1312 -1604 14616
1912 -2292 18788
5204 -3348 15248
96 -2224 17004
7836 -1272 15980
312 268 16380
2100 -296 16244
4512 -3116 15312
3912 632 16120
4840 1364 14776
5396 -1692 11724
5404 -1188 15980
5144 -2344 14376
3292 -1200 10856
4596 -3760 20560
3072 -944 14352
3352 -840 11648
3348 -1564 19492
4616 -2524 17400
-1068 -2004 17156
4492 800 13248
3592 -3360 18000
1188 -4040 15748
4204 -3144 12664
1292 -1964 18308
2872 -3500 16796
1892 -140 15988
5600 -5288 17876
2388 -2140 17612
2956 -932 16980
5568 1372 16740
6364 -416 13024
3892 112 10964
4300 -1848 16336
1500 -3604 16740
4320 -1544 17328
4420 -2796 16952
6900 248 12584
3352 -176 17460
3112 -2820 19676
5872 -3096 16376
4656 1604 13264
5856 -2004 12000
1580 -2948 18032
2240 -6020 17464
1988 -892 17928
6904 224 11960
1048 -3636 14272
4604 -4884 16520
5700 -4920 17896
-316 -3188 16760
5164 -2740 12740
2616 -3496 19028
4748 584 15840
2916 -5056 19608
4168 -3556 11828
6340 -1356 9268
2552 -1480 16072
4552 -3508 14688
5300 -4496 19640
840 -3124 13020
4376 -3692 15016
3284 -3308 15200
3816 -1432 16864
2580 188 13816
3208 220 13728
3656 976 16712
-280 -828 16524
1652 -472 18504
1640 32 13316
336 -3040 21892
4844 -2224 13636
2992 -976 17356
2736 -2212 19140
3892 12 12288
4888 1048 15256
4044 1144 10696
5288 -3164 20248
3896 -1336 18776
3640 948 14656
2724 -1060 20452
3924 1580 15336
4312 12 16832
1932 -180 15524
1684 692 17384
184 -228 13860
3256 -92 13620
5576 512 11340
5472 1452 14468
84 1108 18756
7784 -5416 20332
1760 -4200 14632
4540 2300 12724
1224 4172 14344
3208 344 13624
1728 636 17172
2968 -2752 17320
2792 1088 20876
5284 2396 14180
6464 12 15056
7628 -248 18176
2140 1200 16500
2848 1620 15108
472 -1644 18980
2800 -1316 16872
-1072 1888 15312
1600 -960 17552
3532 -716 15668
4252 -3612 10768
-16 756 15980
-1800 -232 14360
4340 -4196 19748
9832 512 11480
932 3544 16904
5400 192 16008
3628 -3656 13980
4836 -1844 14500
4640 -856 14448
4916 -2584 12276
3744 -2048 17700
1024 -4940 16356
4120 -1100 15876
2604 -1960 14124
2740 1296 16692
708 -1476 17072
364 -1344 17376
4748 -2048 13184
5424 -1284 14732
816 -2936 16508
2724 -1068 19064
4728 312 16768
2944 -2068 15024
5080 -176 16088
3628 -1332 16068
2880 -1620 16064
7404 -2716 11484
2828 -1572 17752
3128 -1148 20628
1256 -2184 18260
4208 1632 16632
5688 -1148 10436
3204 -3924 15188
5460 -2152 16164
5052 -4208 15688
3048 -2552 14432
2972 -2340 14188
-1540 100 20552
4092 -3840 19056
5024 1728 15688
6304 -200 14316
2908 -4944 18240
1560 -3876 11972
6604 -5652 14676
3276 436 17240
5928 788 13820
3576 -1560 14996
4060 -1256 14424
3340 -2384 19844
4348 -7176 16404
2384 -1420 19160
5536 -2844 13152
624 -944 14100
3256 -5744 20268
8536 -2172 18116
3272 -2004 10736
2900 -2616 13176
5792 -4184 13260
1824 -3576 15012
2748 -2272 17028
2972 -1324 18032
1088 84 16392
4648 -556 15288
7480 720 11732
4100 2404 11568
7308 -3800 17780
3428 -4200 14920
3776 -1860 14784
5328 -216 16384
1320 -372 16556
5048 -1000 16252
5048 2116 12000
5472 8 16000
-152 -988 22820
1020 -2860 21208
5904 -1104 11292
5156 -488 10780
1096 756 19496
4568 572 16336
5004 -768 17132
4840 -2052 14264
1908 -72 14160
5776 2684 10752
3376 4472 13112
-1124 -1680 12864
5472 -2500 20932
6148 -2708 23444
1332 1212 12680
6976 3048 13340
2676 -740 13108
2256 -3136 17880
3972 -588 16536
1548 344 16536
4296 -1756 16900
3000 -3932 19640
4044 -452 10288
8336 1900 14532
2836 -4952 14208
2040 -3984 20300
4244 -3916 10104
3052 2072 8968
3040 1492 13612
1768 -4424 17492
4776 -4828 16016
5136 1636 13736
5468 -28 8376
2496 -2212 22556
892 -4404 17436
3364 -1480 16324
6384 -1212 13648
6012 -640 10692
5212 -4600 13928
4664 -904 17624
1384 -3744 20216
3460 556 18932
2464 3588 14764
-1660 752 17224
4820 -1304 13188
-436 -2784 18388
692 -964 12276
620 -2908 16940
2532 -5548 14352
4768 -2388 17984
2328 -572 15828
5172 -1156 18472
4780 -1028 13408
7584 -504 10524
6728 -1208 8888
3576 -3844 18552
3432 -5028 16436
3588 -3148 22096
2392 -348 12644
3192 -288 14292
6160 416 14464
5116 -1280 15264
3192 -712 13448
5272 1464 13204
-1872 -1788 21668
3724 -5140 17940
7540 412 14756
5712 1940 9136
3576 3628 11744
5144 -3780 16376
5548 -4300 17148
8424 -3928 15856
80 -4284 18544
-328 -6236 20228
7828 -656 12996
3792 -516 6524
-2432 -2732 12620
3056 -6472 23624
2088 -6960 19156
3344 -1300 12892
7708 356 8184
4916 -3948 11176
-3064 -5340 23588
9692 -1124 13124
4204 -1692 12796
664 -2640 18856
6104 -6772 20132
2860 -2456 17104
-616 984 11444
7032 2952 12820
-4012 -860 20904
6444 -2424 18464
6624 -1592 10756
4408 1788 8840
-836 2708 14192
-20 -2680 16464
1576 -600 16096
7844 -116 14196
6532 460 9244
1176 -1692 22452
2944 -4496 21292
4796 -2712 12984
5364 -484 8640
5776 -460 19884
-3836 -3308 22204
8980 -1184 9116
8068 1224 8684
1344 -664 10432
4908 -976 19820
6536 -2028 19928
-600 -2540 14836
12812 808 11432
-364 548 12752
3576 -2248 15928
5532 -2792 19668
2216 -1212 19588
6696 108 11440
7080 544 15612
3084 -700 16516
4672 -1624 11396
9600 -4092 17028
208 -4000 16048
4316 -232 15856
5744 232 13992
6072 1004 13480
1692 -2236 21544
1964 -5424 19168
5680 -1364 13416
10236 52 8636
3836 -1244 17704
5716 -2460 14120
9072 -2868 14092
4572 -3004 15508
2348 -1248 17024
2792 1064 13548
1044 1584 17128
2108 -1640 18184
2316 -3592 16160
3416 -2892 15120
1196 -464 17236
4988 1484 16016
5784 1468 8664
1772 -1532 16276
1776 -3012 20116
2212 -428 14424
4828 2000 14856
3212 900 16136
3136 2468 16564
760 1056 15320
3864 196 15368
884 -1396 17400
-108 -680 13292
1624 2532 14640
3364 704 16524
4952 -396 12384
-2056 -1344 24716
7540 1884 18796
824 1628 14444
4496 1160 16720
7864 28 16248
2680 -2112 13888
920 -1724 23492
2332 -1624 18916
5896 -708 11292
4596 -980 10728
2132 -1876 18756
3236 -4340 16120
7196 -3432 13840
1688 360 11456
5352 -1880 18524
3556 -4580 15364
1248 -160 13504
6392 -700 15388
680 -6996 14708
4140 -1200 18372
3136 -1056 14852
4136 -964 8248
3924 -3496 11144
-2820 -1352 22724
8440 -6384 12996
7428 -3404 10804
1452 3000 14528
2944 -2908 17044
1156 -7292 15496
6328 -808 10292
-704 1472 9232
-56 -6364 21928
3396 -2204 18720
4436 -3600 12872
8484 -5796 15548
4828 -884 10088
4768 -2900 17488
4144 -2688 15104
2332 -388 16052
2056 -3564 16108
4580 -3420 14872
6364 -3144 12292
2880 -5496 19664
3740 -2932 17796
5372 156 10964
4064 412 12964
476 -2048 21736
5100 -2188 15480
4532 376 9116
2300 -300 13208
-292 -4164 22988
4664 -1412 15644
908 -1540 13316
5908 316 11764
1396 -768 17648
5844 -2192 13372
5672 -2360 12388
2620 -128 15680
3892 -2208 18920
1024 -2672 20148
6616 1144 11028
4480 1180 12020
1656 528 14516
3264 -3668 17540
2056 -1536 15408
3776 -828 17348
2200 -1268 16804
5824 1384 13404
4460 2428 12796
6976 2300 11032
4092 276 13092
284 -600 16244
1804 -4592 25776
3976 -2504 15720
1648 264 11268
3260 720 16744
620 -1396 16456
5356 -6008 18004
4620 -2984 16272
976 -556 15696
1604 920 18640
2496 -796 12604
2636 -1256 14200
4664 -1536 14984
4628 -368 11776
5592 -1856 15916
3884 -2892 16532
5300 -2268 13728
3484 -2880 12760
720 -644 12276
2432 -1772 16536
1604 -2452 14956
4796 -864 14208
2104 -2444 21908
1252 -1048 20656
836 -104 17704
3552 -1184 14208
3888 -844 15896
4008 -2964 12572
-1288 -664 16300
3764 -1124 15708
1276 -1096 16268
5792 -88 15996
5280 -412 13596
3172 472 12552
4796 -3360 17792
3152 -40 16624
2724 328 12904
3876 908 12080
5920 -1356 14980
4324 -2080 18248
6612 -1496 15032
7668 2364 15720
9544 452 13796
7240 -1680 13196
2064 -3056 12988
2092 -2656 14304
2396 -844 19216
4068 -3988 16608
1472 -1216 12672
3516 -5120 12796
2332 -2928 13984
184 -1364 21492
4496 -2580 18696
3420 -988 11700
5492 -1356 10776
5136 -2700 16052
2580 -1492 20024
3960 -1144 14756
5512 -772 13956
4296 364 8464
2656 916 13464
968 -392 19936
636 -3984 21432
-644 -3156 15600
3492 -620 15128
2324 628 11224
-1356 -2576 17748
-608 -4628 24080
3224 -2416 15552
3952 -764 8584
6704 624 12732
7664 -1628 14328
6880 -2016 17336
9140 -2484 14724
3920 2144 15148
6612 1928 14152
2584 528 15684
5324 144 15556
3128 -288 16280
1956 960 16896
-496 -1936 16176
4204 -2156 16448
3600 -2208 12360
2128 -920 14668
1664 872 17820
1864 -2532 17440
6848 -4312 15908
8648 -3600 7528
5148 -1108 11556
1368 1544 18464
2436 -2108 16800
2844 -688 14824
1604 -4148 19084
1628 144 17416
3280 1744 13560
5188 1928 12452
1052 -3052 10992
2696 -3780 16148
9516 -3796 15540
4464 1924 15588
6460 4552 7596
4440 4040 13540
3176 -1800 17596
2872 -4024 16536
5108 328 13412
3132 952 18052
448 -1000 13268
2932 3648 20136
872 -1480 12880
5052 48 16796
4744 -292 12228
4660 2052 10804
6408 -480 13412
4572 -2556 13868
5136 812 13124
-424 -2296 20700
1456 -4544 18308
6860 2084 11980
3832 856 12296
6400 -4380 19324
-4196 -5632 19300
5164 -3780 18848
11724 3104 17240
-1432 -3972 17284
5596 -1872 19172
2156 980 19732
3508 -6676 18712
5384 -5212 11480
7168 -3092 8320
2420 -4112 18168
5688 -4220 10788
-52 -892 14356
-532 -9860 25968
10460 -1612 12892
13440 5532 1860
-1364 1744 10968
1524 -8572 28936
3920 -2812 5332
1980 -3608 7480
7256 6500 13828
480 864 18272
3664 -380 20868
5044 -2692 23008
6760 -2092 8376
3072 -304 14136
1612 -5232 22412
1392 -232 13604
5576 -1712 12224
-3348 -1800 21112
5140 -4768 22384
8396 -1388 484
14876 1048 188
-7244 -3488 18788
4140 -9592 23924
6408 -2104 11768
-828 -904 16068
4864 -924 21292
5408 -3372 19064
6124 -1308 12488
4132 -2948 13792
-556 -4816 25520
4984 -2648 11056
1140 -436 7824
5808 -3420 10456
452 -812 10240
1820 -1876 14400
44 -2396 18920
-1340 -3148 26444
3296 -380 16680
8120 3600 10208
-4964 -2148 11700
8068 -4100 22532
11632 1152 10252
3040 2300 6304
14260 -6188 24732
1996 -5764 14008
3844 -3980 20388
4400 2368 15400
-2376 1884 17472
7396 140 15756
-1152 -612 9996
-2948 -5244 20540
2032 -5128 27024
-796 280 13720
2940 2088 12136
6540 1848 10240
3216 -768 11412
6552 -4504 12900
4856 -5616 16548
-1140 -4300 22060
6124 -2508 25572
-640 1816 11124
2648 3456 8840
4428 2716 8708
4620 -964 24256
-1468 -4156 19796
5212 -4204 17736
7236 1872 11920
2852 5264 8216
2216 -5472 28720
76 -496 18912
-928 -432 13428
10320 116 9664
1792 1892 11120
3956 1880 14048
7412 -48 19272
-3840 -3064 15976
3536 -3548 18828
5000 7420 12932
5308 1752 12032
8348 -216 12456
1796 -2564 22496
4528 -1628 19212
1108 -300 19764
3320 756 18080
3764 860 12936
464 984 15956
-2804 -1160 17248
-152 -4384 14524
-2124 -4984 21280
4968 948 16248
4200 3564 9972
808 692 14292
-1352 -2732 19584
7132 -3576 15956
6892 1228 8892
10996 1236 7532
4660 1428 12832
5584 -7160 16280
5164 -1688 15100
-2064 -2444 15612
320 -3060 31680
-652 -736 24956
192 -4716 13600
3828 1808 11764
4116 344 14840
1084 -2400 15544
4132 -7228 19024
3980 -2080 8724
1816 -1488 11888
5804 -2968 15828
844 -2908 18872
5904 -1176 19912
10956 1548 14360
3108 -592 9160
4316 -408 12536
8032 1164 12132
-700 116 14000
4796 -3808 16376
2016 -7192 27132
1476 -4688 13664
12644 216 6388
-220 140 13244
-4788 -4024 17984
7384 -12040 20488
3688 2084 12812
1436 2424 7912
3744 -4316 17500
3052 -5172 17656
4660 -3672 15208
6052 -3608 15572
4048 -1984 12652
6308 -928 16188
-1080 -3500 12744
64 -6496 25912
1632 -1104 22432
2920 2472 9124
3068 1256 9412
3628 -972 12444
3408 -524 16544
1152 -7668 18228
332 -6168 21120
1556 -508 25420
2628 3704 17492
6948 4212 15076
2332 284 13860
5564 -2784 11636
4492 -3488 17008
3552 -296 14476
3584 2036 10880
4228 1356 13092
6412 -3148 13092
324 -992 16740
1220 -1916 15084
6052 -1276 18720
4624 -724 13884
8260 -2524 14832
2856 -2260 11700
7992 -3100 14784
3700 -2000 17992
5000 -2544 13220
6564 -1012 11276
1524 -56 18152
2652 -3956 22584
-3560 -6692 26660
8516 -60 8096
2728 -1760 9824
2720 -2724 19652
2620 -960 27320
10436 -2788 7860
2780 1648 8796
5836 284 16884
2096 -2528 18820
3068 1824 8576
3856 1116 10888
5168 284 14016
3760 -1408 22448
-240 -3932 17884
7028 -1116 14148
-612 -88 14424
3336 -4432 22144
7272 1308 16080
1128 4392 10664
2712 -2684 8780
852 -5220 17296
2384 1236 12840
4876 3080 8448
4432 1280 12756
-5708 28 19284
508 -3476 22580
7472 -348 13068
8108 4860 3548
940 7736 12244
-4332 -3596 25100
-544 -352 23812
6644 -1620 13836
4348 3444 18392
3576 2176 16324
3724 -620 19428
-1156 -2392 22092
1472 -3568 18032
1076 768 17376
4156 680 10636
984 752 11928
1272 -1516 10688
3844 -1944 12608
6404 -964 8100
3496 -2684 8024
9596 -1332 11524
5964 -728 12380
2752 -2616 13388
5512 -3628 16700
6692 -1472 11144
1800 -1580 16952
2804 1988 19796
1292 -3104 21924
80 -4524 21576
2040 -1852 19768
1260 -324 21920
4192 -1944 18012
828 -948 13768
5500 -472 17636
1952 -1768 9808
3740 -4852 12288
2724 -3704 12292
3892 -2896 12636
2996 -408 21032
5860 -2808 12092
1376 576 16528
472 -2156 20564
6828 -5108 17640
8028 -3580 9180
3800 -4372 14212
3908 -5880 21972
3476 -2076 15008
6624 1860 10488
1588 2908 15788
2468 -4472 20360
-44 -6796 21992
-2844 -2592 15100
-536 340 17132
1444 192 19952
668 -1560 13996
5640 -1956 8512
6280 -2892 7640
1888 -2564 11636
7636 -4160 14700
5784 -2552 15396
7260 -1596 14272
9144 -2476 13176
8540 -2776 14964
4456 -2520 17416
740 -304 16368
6572 1280 12548
248 496 19776
1124 3052 19264
-1308 888 16412
2612 -1944 17772
-1860 -3300 20056
1524 -1876 16232
8236 3752 10736
4016 1392 12304
3944 500 16712
3512 -1092 17856
1908 -1872 18376
3448 2504 12248
4568 6084 10532
4948 3328 12988
7544 1776 18536
3880 404 14744
5372 2288 13124
1096 800 17816
1956 -2464 16628
872 -5332 21036
1768 644 18768
6720 -1516 14596
5688 180 15024
4584 -1928 15696
4128 -5308 21528
3824 -3712 22520
6224 -148 15236
6328 3040 11260
3396 2664 13384
3124 -5904 12044
5524 868 13532
1712 -3184 14736
2112 -796 17268