7328 -32 15964
6344 612 10724
4916 248 17784
4920 -1204 20988
3996 -944 14436
-620 4036 15632
5068 904 14472
1512 -1392 18980
1616 1336 16608
2624 -2320 16376
2212 -2192 11996
2196 -2156 16852
5620 -2700 16532
4128 488 13072
5856 2324 11880
4764 -1256 15340
4712 1044 18020
4968 60 13888
3960 -200 16408
4152 592 12264
6236 60 17932
2584 944 14616
10092 456 16904
3868 2584 11904
1568 -716 18960
6448 -1888 21012
-492 -708 13728
1820 1136 14644
3860 3152 22288
1612 1776 15104
4068 -448 12496
1216 -2232 17180
3912 -124 15448
7556 696 13396
3748 1424 12168
5008 912 14264
5984 -1172 14800
4860 2736 10848
4876 284 12512
2068 240 12552
4352 252 15488
-128 -1748 18616
2956 652 14096
-4316 -3392 23304
2600 -856 16384
1548 -100 17460
2556 -1016 16248
3524 684 15208
816 2260 19992
1160 3140 19176
2404 516 20600
4508 -640 15152
188 1692 16872
6616 -712 15032
4592 -160 13320
7868 3540 9100
1180 3020 20468
1768 1128 20152
7404 1652 13596
5500 -192 11196
6072 2252 12984
7416 -36 16192
4176 -1928 17240
6712 -3520 15440
7844 1956 12820
916 3176 17904
6040 -1088 19404
6556 -3192 17584
7064 -5136 6644
4704 200 10972
-1972 1416 19088
4808 -696 16972
632 1044 11344
-1380 -5760 21380
6204 -4492 17032
3844 -2520 12884
-5456 -2112 23564
-1932 -3224 32767
6856 -4880 5448
13488 -3308 1340
6816 7632 16172
-2144 3384 24312
5632 388 17236
8008 -2232 7300
3084 84 11408
2404 -1428 16492
-1836 -5104 16540
3716 -1808 16048
5860 2864 11388
1200 3996 19312
5532 1020 10088
-1300 -428 11556
4140 1404 17280
1536 -2164 23212
8700 -5184 24136
4764 3652 5492
-2808 3596 15688
696 -3832 20276
2556 -812 22504
5016 2864 10868
6032 2932 12172
1516 -192 11424
4612 -4392 21432
3440 -3856 18324
3048 -592 14852
8008 2888 14124
6420 992 9720
4432 268 14852
3832 -1524 19476
7240 -1936 16108
3980 -8 12140
6128 268 11036
5892 620 12752
-1528 -3312 14696
1940 -3272 22436
-1420 -1732 20692
5484 924 12488
9664 1624 7104
500 1768 10616
5288 484 13780
8696 -2456 14616
4552 2396 6200
4328 3740 23496
-516 -3652 32767
5076 336 18988
11380 3596 9336
6344 1376 7268
3824 3128 14324
1616 -2336 18356
-2696 -5372 17572
3424 984 12004
1912 1468 16344
3844 2036 19216
1568 3504 19112
2224 2248 17864
5612 -220 9620
1688 -1904 14884
672 1528 14140
5276 2752 16144
4652 2880 15872
5536 -1556 15852
8180 2432 13948
-3816 -1592 21936
-1944 -2140 18728
-476 2000 19928
3992 4168 19464
4676 -1396 13908
5064 -948 14744
1264 -560 16592
1188 -944 15536
6832 -1772 18928
3144 1692 10344
7308 2152 12344
868 2080 15416
4516 -1980 10552
7060 1272 13952
-748 584 20216
7880 -4904 15472
6376 -860 7712
4408 -1440 15236
3232 -1348 17576
4536 -2416 19196
4280 1308 14316
5612 2540 13360
4708 -3156 22852
5500 -2224 17096
1500 -804 16476
2044 -1984 20616
1328 -3388 17120
5624 -2600 16144
1004 -1044 14796
2644 -664 12284
4456 -128 15872
-2288 -1360 17292
3120 -5492 19132
1472 -1776 14928
2752 644 10228
5452 3264 12412
2896 1964 14952
6052 828 13440
3288 -1140 19296
2024 -1200 16696
8636 -1592 14844
3452 -100 15096
5848 1312 11876
3004 88 17776
-828 -1304 18648
7416 2820 15828
2672 4812 10712
564 780 17288
5384 -652 18472
-424 -412 15512
1500 -2612 20112
4216 200 15184
2388 1284 18208
4128 284 16460
3412 -1004 16144
4840 596 13872
1004 2756 14620
2164 1964 15756
3404 2496 15612
1208 2396 13620
5184 1420 13828
7900 2464 11852
3964 -256 12272
3112 -2132 17140
5156 -400 18684
6004 48 14548
9136 424 16952
9104 520 11632
7068 824 8612
4832 -2020 19360
-1336 -1812 16656
1756 -312 15900
-1620 2948 11292
-1748 4528 14824
1080 6304 14256
1984 -696 16116
-572 -896 13416
1764 -1332 15752
5788 1264 11916
3972 2460 17588
4300 4824 19084
5988 1876 18992
3580 -4372 18724
4076 1076 18372
6668 824 15164
2516 -3460 19544
2696 904 21312
4224 2052 12792
-336 612 14276
1864 -3724 19396
3404 -5324 18136
3956 -5436 10820
3688 -1152 11884
3280 1328 13584
796 16 16820
-612 1744 15600
6744 756 14520
4724 1332 12276
100 2396 19060
1308 352 23152
9372 -2152 12068
2980 4384 8616
8676 1804 21720
3392 -6276 18752
6800 -6836 19796
8028 -2504 18552
932 1920 15080
2936 2672 19760
-1872 -388 13532
2932 -5752 15416
3532 -2592 17332
1728 -516 17808
816 -3696 22260
4644 -5060 12760
5716 -2600 9960
5012 -148 11408
-1324 -972 23300
-892 -1776 20172
2800 -2480 13068
-1248 288 19476
-852 6000 23708
604 -2716 15428
7748 -452 9264
2548 2408 10776
4556 2592 20376
8056 924 17588
4336 -2816 15416
8416 84 11696
6776 1692 11788
2068 -2012 12172
628 -5192 23700
5132 -3044 15192
3120 1256 9088
5096 4008 13328
-4692 -2780 24404
-2320 -3708 29000
1244 -752 12408
3504 2456 14052
-1916 264 23340
4700 -2272 16792
1628 172 14188
9764 3392 7016
2056 4124 11292
7336 -5596 18396
1256 -5288 17616
-488 -3780 19612
8512 4732 9164
3508 5728 18060
560 -312 19012
6960 -2432 21864
5896 5372 10224
4144 948 9024
6600 1376 16808
-1276 188 20664
440 -1660 19044
712 1656 15804
6284 4040 11720
2616 3156 9160
-1832 -4756 17712
2740 -5076 15064
-1048 -2304 17428
2468 104 16144
4396 2392 16392
3152 304 16776
3884 -876 16388
3924 -1692 12504
5684 -884 11280
4820 600 13144
-1208 -1112 18712
5560 856 19012
2684 -1948 14552
5464 -892 16312
2644 -760 13804
3296 -1984 15272
3208 -184 19072
1392 -500 16096
4684 -3632 15640
4512 -2352 15152
1640 60 14940
5204 -260 21508
-1048 -1812 18408
2100 -104 17900
3432 1844 16620
1620 3296 16756
3220 -4 15540
5288 -816 16700
828 -2372 14760
2780 -568 18216
4764 -1688 15532
5048 1336 11188
3224 3988 13240
3760 2612 15224
1920 544 15336
4060 2136 17564
4972 1284 21072
4920 -1572 17880
6380 -1596 10296
1440 -780 14008
2808 -3360 19452
2856 -6268 15812
3496 -5312 12108
6028 516 12744
-1192 -148 17876
708 -768 20072
3400 -732 18604
4548 1600 12264
5416 -1240 13832
7152 -1504 14888
4372 -1312 12140
4892 980 19880
7476 -832 14500
6560 -756 13228
1528 1988 17396
2072 2292 19792
7024 -1280 11984
3300 1308 14232
3548 -928 16772
6520 -688 15544
2976 -1456 13756
3864 -2088 15516
4628 -2708 19832
1696 800 16652
4016 1932 15624
5432 -524 16856
3092 572 12428
3256 3092 17224
6356 2560 15880
4540 360 15016
4908 564 12852
8384 988 15524
4180 512 15260
5720 -6164 19268
8656 -1912 13256
-244 1084 15956
2748 1452 14868
-612 1884 17112
2696 1812 18520
2896 2304 20244
6728 2676 12964
2112 300 13192
3444 736 18592
1496 -1524 16932
4132 -844 16052
3852 -452 18272
1080 676 16584
2940 -308 13560
2528 -700 20380
4104 -440 14292
2472 464 15824
7844 -3072 13684
4484 -3144 15036
2620 832 13964
4244 2256 14104
4784 -1264 15676
4092 -792 18292
6532 -184 9308
3152 -64 11576
4000 -1452 19232
332 -2780 14776
3120 -1260 17476
1560 -116 16584
4104 876 15316
4184 -852 11784
4304 472 14516
5340 -380 17796
3700 -2092 17440
1796 280 14320
3452 -1148 17260
3028 364 17196
40 -1988 19272
6136 -504 8048
3444 1956 12280
6776 -2616 16732
2752 -2584 11792
3956 -1196 18340
980 3620 19268
3360 112 13192
2908 -1096 19660
1612 992 13084
596 3080 20064
1804 668 13536
2792 -2460 19968
6040 456 13844
2272 2152 12296
2104 912 14580
2960 492 15936
1480 1272 15796
6020 -244 17800
1408 -372 10924
5432 -4540 19908
2060 -1068 14224
2420 -1960 18060
3652 1576 20420
4720 -604 13912
4784 -3812 19644
-2000 2660 18064
1764 160 20788
2784 -2668 15812
3900 -1292 11548
2856 3036 16152
-1028 1688 19088
1928 -1536 15068
5560 112 17624
4476 40 11340
5520 964 17248
2824 356 17844
3380 -492 13172
9708 -3880 15216
4048 -1928 17420
5628 -240 17912
4092 172 12564
2792 1836 12416
5384 -2468 16972
1188 584 20700
-212 -1692 18072
-1512 -2520 19540
268 132 15336
1280 712 10444
3512 -2768 10420
3256 432 19560
-352 52 17100
3564 -2364 16200
4624 1980 14164
752 424 14608
4696 -3532 21688
1948 -1408 16892
5164 -380 11980
4832 -1396 16744
3236 1468 11712
956 -3316 14748
1232 -4972 22732
7380 828 14812
780 3292 8768
4928 708 12480
7460 -960 12012
1480 60 11140
3132 -5040 19260
7572 -2920 13840
1068 1688 14112
6636 -4904 20592
3436 -968 13584
2864 -2280 15480
6188 -1596 19508
4748 608 11712
1196 1292 15104
1976 -2344 21216
2216 -2576 18460
4424 -2376 12572
1200 1688 14532
8864 2412 7748
-2948 2608 17512
6172 -3612 19292
4488 -76 11716
4552 2644 12728
6488 1000 14692
5544 -2024 17004
4864 -1312 20004
8692 432 12408
4004 1984 13196
2504 376 14540
3492 -560 20828
2652 -4280 19756
2596 -1264 14700
2960 -936 19452
-2580 -40 16404
2608 -1440 11876
-236 -2832 19016
6336 -3068 18628
44 1232 17304
1764 -2480 16656
2216 -5724 14176
3828 -1244 15856
3832 2136 19712
5264 348 13316
3540 188 8540
4296 3996 13728
436 -1436 14484
4232 -4156 15560
2672 -3000 15728
3244 -2536 17116
5092 -1932 16144
4872 -648 18696
5136 4244 10872
-1684 3104 17420
3140 244 17552
3772 944 14172
2728 1812 13560
2560 -2004 16628
3320 -1460 19360
4052 -204 14484
2712 -404 14252
1828 2552 20484
7420 2272 17252
3300 -2356 12404
11036 8 13464
1068 3952 13616
1744 -3848 19012
5068 120 14900
4700 316 11756
4376 2848 15140
5196 1528 11680
3020 -2536 15636
1788 -2244 15480
4188 -228 13860
5820 1052 16680
5996 -544 17756
1408 -216 12776
3652 -980 19448
-1076 -452 14920
3060 -656 15400
6656 3552 13232
5640 1204 15848
-1284 128 12468
2564 -4492 19012
3920 4 10712
1836 2680 15788
2176 1208 14408
1228 -1128 16088
6440 796 12952
4484 1960 12376
908 -1880 14340
2712 -1912 19452
2568 -1452 14896
5928 376 16516
5380 156 14444
5380 -200 10896
956 -1140 19396
1628 -1464 17988
4196 -1804 12472
4508 -1552 13068
2432 2548 14668
3052 -280 18292
4712 -2772 10396
6604 -2080 11660
5124 2176 13180
5896 -1016 17616
5408 1696 15816
6204 1932 13564
2492 3148 20596
3884 -1060 15580
1400 -1780 11520
4460 -2028 16904
1916 3056 11996
796 -344 19220
4336 -1588 16716
-1360 -2852 17664
4028 -840 17088
3996 -3044 19396
7708 788 13560
4672 -904 14704
6068 -5316 15692
2792 -2780 17236
6304 -1880 18400
2316 -4132 17228
4764 208 15348
5872 -44 15124
2416 -3312 14092
3480 -1544 16492
1484 -392 15560
5868 -3296 13964
1464 2784 12756
5440 2060 14320
-112 -160 20524
3524 -624 16852
4456 88 11096
3592 712 13044
1636 2112 12716
5228 -3444 15328
9448 -4164 12956
6580 -2048 11772
9080 764 8544
552 2156 15480
3348 -2056 20588
2700 364 15164
4296 -644 9860
2776 1932 15792
3452 1604 18120
4144 -2116 17724
4164 -848 11556
6836 -1852 18888
4780 2520 19236
5488 760 17020
6368 596 15404
5936 -2132 12824
5864 -1736 11780
672 5016 13552
-3160 3172 15280
516 4384 19468
1800 6628 18548
1448 2060 11100
3080 -652 11872
-996 -3956 17768
3656 456 14172
4336 2108 14516
5244 1184 18100
3840 3180 19248
2740 1476 20980
2508 3676 18300
2852 3884 12844
2460 2540 14820
932 1204 22944
3248 -2420 18688
5140 -1388 14236
9372 -1728 13812
-2224 -584 14440
-3520 -6532 29124
9300 -6388 12364
6244 8652 20036
7140 12572 15996
4280 -44 17224
2912 -6404 11152
6452 -5260 6268
-756 -4372 10528
-204 2600 13736
2676 2052 12368
-1088 -560 14304
4768 -6288 11008
4524 -6008 17644
7180 -7112 15988
4420 -2436 15032
1760 -1092 11464
11344 -4580 14784
5776 -1908 5864
2756 112 20272
-2176 -3636 20604
1908 -3400 6976
1468 -520 12332
-5064 3588 26420
8824 -2712 13908
7168 1872 3860
2812 2392 10084
7564 2700 19764
2392 -3564 18888
7676 -2724 21648
7168 1468 14292
8852 3064 17848
-3628 5440 14280
7064 -4572 19896
-5888 -3620 18308
3400 -1820 19172
-2320 2520 15676
2344 -588 14716
4552 -548 10028
5828 -1360 10420
3816 -4216 18976
3852 -5620 15020
3208 -2556 13740
5536 784 15440
3688 2184 15620
9660 320 19452
584 664 17620
7828 -288 18376
1336 -332 18628
4324 420 17104
6304 -24 17872
4528 -348 12592
3336 -36 11532
2028 1084 14596
-852 -548 17296
1560 -1620 18536
3832 432 14868
2804 2308 14156
6116 3308 13028
3816 1144 14384
3400 -512 14848
5056 -4848 12300
4096 1600 10956
-676 1848 16244
4372 -1612 26648
2808 -332 14432
5620 2668 12068
6820 3944 15464
5244 3828 12892
4104 -2048 18984
7760 -3404 16736
4596 -1220 14644
2152 1756 16768
2672 1576 21000
2408 1336 13376
2968 672 15604
4368 3252 14996
5596 904 10140
1488 1084 10776
-3352 -1668 26600
14364 -4200 12976
-3444 7260 28544
16868 -2796 12756
4424 2804 4428
-6952 1756 15916
9996 -5780 32767
-1540 -4612 6016
10488 0 9744
5336 3924 10924
1416 -3468 9392
8336 -2464 23764
1192 704 15088
3880 -3108 17876
1344 -3772 16336
-1388 -4976 19512
13720 -2336 22468
-2164 544 8912
22132 -2304 6748
-16020 3108 7428
13260 -5884 32767
-9588 4356 7980
2252 6348 5000
-476 964 10320
8452 3092 19092
2872 -80 9440
3824 -3708 24812
2688 -1296 7316
4876 2536 13588
-3472 -872 24464
9380 -2272 16432
2676 400 9720
5864 2116 15724
2592 2456 20552
-772 -3160 24488
2248 -2704 23032
8496 -3500 13100
1264 -3052 10716
6040 -5772 15620
552 -6976 19916
5788 -6096 14148
1372 792 3812
2540 -1700 10284
3756 236 24660
-5068 344 18924
6644 -2212 17512
1756 496 13564
4516 2032 11060
7256 1840 15852
4540 2524 18624
964 -2972 17916
7516 1944 12060
2760 3268 12128
4920 4388 18224
2948 -780 17816
788 -488 14772
2092 -184 13372
2300 2880 13496
2448 2392 13160
340 928 21508
2552 -1232 22196
1044 -180 13736
4100 1172 16808
-320 2620 16956
4968 168 17968
3588 -2964 16164
5168 716 12008
5456 632 12008
6328 -3100 17348
7532 -4292 13672
3692 -3112 15728
4080 -1116 15600
1820 568 16668
3536 1464 14224
1468 664 16944
3300 -1116 11920
4560 408 14124
4420 -2748 16092
4696 -3272 18928
3352 -1504 18076
3512 -2136 16588
6492 -1756 16068
2644 -584 16092
3684 -1712 13592
1632 -1044 18076
368 2632 12520
636 1888 16356
1744 -784 16304
1688 -3368 15644
1664 -2844 16924
2096 -1868 18192
4868 -548 16256
4812 64 11204
5956 960 12228
4888 -448 18200
5048 -436 12344
4708 2504 14532
3704 2544 12876
4444 892 17356
2376 548 18552
4124 112 15500
3664 528 13876
2564 500 18412
2800 -1628 15228
6248 -2100 16980
4840 -1360 13240
5244 36 15564
1824 1420 19424
6452 1164 21364
3768 1720 16260
2892 996 13284
4580 -824 19568
8012 -4496 12780
4704 -4764 13408
7916 -2888 15996
7336 -1176 10764
4896 -788 10040
6256 -2692 12192
5548 1288 8788
3228 2092 19460
5424 -1100 18052
932 -3388 14360
5172 -1420 15292
696 -2208 13968
1308 -2816 16180
1060 -2620 16564
2248 -1272 17844
1984 -888 15004
3396 216 14928
-600 1352 19712
3700 -92 18192
1720 160 18332
4092 400 16532
2500 -288 16588
4064 -2816 15752
6196 -1572 14948
5820 1492 12468
4852 1476 11036
6184 1156 10892
3468 -44 14452
7400 2676 16848
3044 2996 13160
4032 -636 16204
724 -1336 18984
-192 -2892 18856
3212 -1116 18420
1868 1952 20616
4100 -540 16660
2644 -2048 14892
3500 -2388 15960
3236 -172 11984
2984 828 10932
3404 -1828 11792
-576 -4172 18924
1872 -3136 16936
5392 1228 11076
2944 4784 9792
3824 4088 11756
1424 144 18996
3340 -1608 14984
6704 -304 15532
3368 1108 10756
6172 1304 16724
4832 496 12760
2380 772 15816
1544 -1000 17664
4524 -3156 15364
2192 -2280 16632
72 -2128 18220
1728 -2300 13236
2936 -280 14312
3416 76 15568
7552 824 12508
2124 -48 12908
7020 -1876 14104
1852 -1324 19904
4796 -688 17300
7432 1816 11104
2592 1892 13776
2248 1288 23932
5404 -1932 13864
-244 -988 15960
5236 1276 11912
7392 -372 12872
-6128 -920 18080
9456 -2656 14588
4344 1716 8840
-24 1772 13196
2696 -1640 20684
-788 -1840 18552
4224 -1324 15368
7704 4364 13956
3888 1976 14816
7700 -556 15520
4280 -1252 13524
4036 -920 12708
7292 -1232 13012
5344 192 12396
2044 628 16200
2248 -4356 20248
1568 -2880 16664
6648 1412 12172
4888 1884 14324
5200 -352 11196
3724 -3916 15364
7164 -4220 12144
3892 -3300 16788
1860 -1544 19184
1692 -756 19296
-56 -44 19348
3952 2032 12532
428 2880 14988
1924 1844 20660
2868 2368 15340
4916 800 13048
3024 -916 13840
5476 -1912 19328
3252 1328 15820
5532 600 17668
4776 252 15768
4000 392 15724
6592 768 14604
4244 1344 15532
3248 1720 16664
4036 960 21372
4504 -564 14848
5320 -176 13744
3940 760 13228
4432 -1032 14984
2168 -1680 14852
1916 -3484 14364
6620 128 11232
3292 1236 13032
3696 2108 15836
2380 2152 19660
1872 2316 18052
3880 3124 17228
3076 1680 17380
1376 812 14552
3852 1600 18296
1164 -132 18352
2684 -1572 17952
2656 248 19084
4 -1936 20056
1208 -188 14572
3732 -1924 17860
1528 280 11336
2760 740 12912
3328 1264 17488
-660 3112 19688
5772 -520 16316
5140 -1580 17296
4224 -2448 17236
2668 1200 18776
4588 -1612 16908
2984 -1464 14968
4756 -344 13536
5108 -56 15832
4848 -1056 15236
6316 -3848 14664
2968 -3904 15664
2476 -964 15560
3316 -1868 18696
1988 -1432 15872
3348 -568 16136
1528 -1616 17644
4264 -1848 18616
1624 2652 15164
3088 -584 14152
4896 480 15428
2040 1196 16648
3824 388 15664
1244 1004 17900
3540 1956 22500
6172 1156 20432
4652 2280 18448
4216 140 12540
5360 -984 12656
4456 -1784 14252
4780 -276 15548
4108 -1020 18952
28 336 18164
5240 -5280 17124
4868 -2908 15256
3596 -3432 16812
1356 -2108 17100
888 -4384 16600
2392 -3364 16024
2504 -3324 13020
2060 -1312 12972
880 -1948 14512
96 60 17056
4076 36 15752
5988 2384 11040
5344 3752 13300
3508 -1020 19240
7540 -1940 16692
4944 -76 15808
8664 292 14012
6280 200 13560
248 -136 20816
3384 -1580 21592
2532 -2312 15908
3312 -40 9900
5012 2336 12572
1236 -644 19680
-380 -660 18592
3556 -484 12560
3032 -416 12560
4932 -484 14436
4016 1436 12440
2580 -1504 16436
5792 -1500 17896
4436 -268 15340
5408 -136 13912
6956 772 16208
3036 -604 13412
3864 -424 14992
748 -456 14692
6684 440 15312
2576 196 18712
3448 -2412 21456
4660 2840 15980
512 3416 15660
4660 -728 13248
4000 460 13688
1828 760 12608
6852 1864 14452
1632 2196 16448
796 808 16792
5712 -512 14184
-1928 60 17316
1300 -3704 20928
3528 12 18240
2048 -488 11188
2544 2120 13448
5704 -752 18816
2576 -196 12812
6932 -60 18928
1080 2256 15504
1856 1740 16060
4712 -1420 15952
2716 580 13336
1848 2904 15364
4452 324 15956
1908 384 10612
3780 348 21112
5132 -1756 10660
5420 -996 7744
2948 -20 12120
1276 760 22404
5508 -3408 19360
6872 -2004 14668
1360 3084 19744
7448 -424 18596
6036 584 14620
8320 -3084 12044
2172 -2168 15380
3248 -5580 19204
-796 -3044 17796
916 -1192 22072
8520 -1768 11376
2832 248 6520
2648 240 15784
3528 -1900 11988
-1888 -3424 18336
7164 -3920 16340
7820 -1876 10584
872 1272 17196
3876 1560 20192
1748 -1708 17556
-668 -2612 16348
-812 -1180 24720
1332 216 16976
8552 -2528 13556
1072 2452 19468
3340 1152 18560
7984 -1936 9644
-672 1576 9660
3748 3316 17500
3272 1068 17160
3988 1572 18176
4876 2992 16164
5584 620 22180
3968 3368 17356
6112 756 11636
428 -2200 22164
4432 -5980 22728
6044 1816 10984
-4128 892 17056
4320 -2608 19980
1824 -2432 16740
24 -4588 15428
3100 -5712 20652
1060 -1300 16168
3248 -992 11932
9108 1652 13296
-792 132 15108
5128 -1132 15068
4996 820 10792
6744 3360 11248
4980 2720 12328
5044 -2496 18352
232 -1268 25496
3844 996 17296
3828 1332 18760
8324 624 13848
1980 2340 12996
2676 -5208 20092
1672 -2752 20732
-1940 -2188 19012
6224 1224 15084
5196 5196 8684
-180 -60 11392
636 -3920 20544
3792 544 16788
5328 968 14700
5056 1384 13276
8852 1660 12092
2760 -4280 17328
7772 -1028 15720
8188 2112 12204
1348 1684 17164
6340 288 18172
1624 -3188 13056
5776 1180 15876
4060 904 12864
-2120 12 15924
-2848 -5064 24104
1472 -2196 13808
2700 5232 11892
3108 1024 14672
3028 -784 13700
-3828 -1248 23356
8508 -2636 17640
5188 784 11692
8632 2280 15180
4268 4112 20552
6696 -608 16560
6340 -1340 14840
2152 380 18264
3932 -224 18108
6128 -784 11220
1120 -1108 10684
-3460 -2640 20624
1940 -556 22876
-1556 -632 16880
4456 -1988 13152
3416 1792 13276
6756 -1820 14792
5176 -940 13020
-84 -2952 18684
7412 -2212 14772
236 504 15288
-1448 1400 18572
4816 200 19512
-1276 532 17924
5760 1692 16460
6184 16 8444
1284 1188 14572
5344 -276 14072
3764 1392 16368
3464 -2632 15216
7528 -1192 11224
552 5060 14564
3300 1180 17160
2472 -2008 20420
5964 812 13384
6828 3428 10584
3980 -752 13256
3592 -2632 21160
300 -3416 18236
3936 -1468 19172
-2364 -3184 22912
5216 -280 16164
4124 448 15184
1496 2680 11300
8188 1564 13820
1960 1096 14956
1076 -2656 19224
712 -668 19820
2236 -2316 20556
3524 3048 17844
2132 2724 14528
92 -1768 15680
2600 -4592 23012
1836 -224 17608
6848 1568 12152
6264 4108 11484
2312 2964 10112
6312 -1260 16820
2756 -372 17504
160 1640 13228
1632 140 22556
-376 80 14372
4280 -152 13888
5448 1272 11744
3740 436 10448
5292 -3436 16760
5036 -3556 13852
4640 -3464 14028
7740 692 12804
6580 656 14972
5624 -1552 18788
1840 -4724 25664
4000 -1464 9856
2772 2924 3616
892 692 15664
1224 1236 18556
3272 -3588 15644
2940 -2464 9636
764 2244 15088
3120 964 13352
4912 208 11576
3704 616 18664
292 1264 20016
5980 844 19212
5292 60 14332
11988 308 7796
5288 1652 13532
3988 3900 21380
9548 256 15152
5560 56 11116
-3312 -560 24272
-2396 1016 28120
3388 -3568 13820
3884 -3356 6828
356 612 13452
-3848 256 17492
756 -2852 18600
4784 3292 15100
760 1124 16080
5360 1604 21336
2764 764 16832
9704 -1596 9640
7668 1740 908
-7340 2460 19548
-1116 -5028 32767
6092 -4300 5312
800 -1416 12508
5772 7336 24468
3116 5708 17268
9256 1272 6512
5204 5028 8496
-256 2544 13564
1044 -3016 26008
-632 -5232 30156
4548 1132 11712
6900 5440 2412
292 6244 10252
824 -3152 26628
3296 -5500 18148
4452 -1000 8068
9344 3064 4280
-2268 5072 16628
716 -6436 32767
5456 -636 16004
2636 752 13028
6804 -692 11520
3648 3628 10064
-184 -2772 18340
5880 212 17564
5596 3544 11840
-60 2968 13280
-592 -620 20396
3044 1008 10204
4336 -288 13380
2384 -1392 17876
5504 736 19616
3576 -460 13492
1284 272 10896
6564 -2228 17116
2876 2108 14760
2812 100 22160
432 -3440 24600
2432 -4584 16152
7064 2036 10176
3016 3360 14592
456 720 17188
4388 -3736 16792
2500 -1980 9984
1052 1960 12140
48 1600 15280
5976 168 13608
848 -1772 13260
1908 -676 17764
4964 -1192 17180
6052 176 12228
7708 2112 14108
5284 2440 15200
7244 -1848 16676
4032 252 13904
108 -2436 14800
716 -2272 16876
-3552 -1428 18300
2624 260 12436
96 -4208 27956
5392 292 12192
6336 2252 8244
-964 -1092 15752
3704 -2912 18340
4832 -3320 9840
4248 -2012 10488
7152 2540 20756
480 -896 23976
4592 400 14804
1384 -3304 18784
5764 -1396 12792
9044 4592 8432
-1672 3820 15400
2420 -4820 22192
2392 -2128 19476
2428 -2300 16300
2004 -668 16344
1144 1712 21612
2600 -1512 20324
3396 -1856 12168
3236 1976 8856
2776 1708 12732
1380 2252 15672
7196 1716 15644
8484 172 12512
6388 1052 13968
684 172 18640
6212 -784 18544
4616 860 15328
-1636 3016 19708
6064 1168 17848
8144 -440 12876
3140 928 10096
7648 2884 12464
696 772 11132
-828 -1044 19416
4920 124 18076
3368 2940 12848
-1488 2668 17256
8392 -3740 16728
3180 -1904 15660
4412 -2652 17932
8644 304 13212
-948 1436 18796
10360 -1976 19368
7972 -532 7540
2136 2316 9484
3304 2548 21760
1616 -4760 19960
2612 -4128 10588
4560 -1080 11688
-164 2932 14784
2048 884 18488
7192 -2644 10824
3892 -592 14572
3196 596 15464
9828 4080 11108
-188 728 14548
4776 1092 14972
4628 3820 18420
-4940 1360 19980
4892 1316 23664
-1984 -1972 18616
9880 3760 11112
8736 6208 2716
-1952 2288 16416
1924 -5500 23652
5064 -2864 8612
4488 644 10384
4200 5536 18232
664 568 23272
8248 -3716 16036
3404 568 14688
3316 1588 17140
6084 2632 19724
2620 -1664 21700
3276 -660 12980
9556 -3040 13248
172 1000 12368
4236 -2920 19316
-1772 -1492 18964
6116 -1668 12956
7160 484 12156
5544 144 11568
1352 332 16176
872 -1976 25148
4700 -2020 16592
7184 1900 12724
5316 2708 11780
6808 3256 7140
-2384 -2700 16952
968 -1752 23572
200 -3192 17512
1156 -420 17896
-2512 1716 24016
3216 -2156 18564
3440 -372 18968
-104 1768 15072
4760 3524 16936
6060 -968 11780
3044 732 13024
7912 2180 10768
5716 2892 7388
-2556 488 14584
6296 -1276 16880
6188 -2572 9432
2448 2212 13116
3280 2524 19068
2028 116 20668
4724 -1148 18340
8720 -3568 18684
6696 120 7296
9244 564 11720
-288 -32 17188
364 -2044 24364
1912 -1512 20240
2736 -596 15864
-788 -3480 13980
3756 -1596 20928
2100 276 15048
3900 3864 8664
3832 592 13408
5788 332 19720
2672 1792 8860
3260 -36 16880
2264 -148 32548
9388 -260 13328
6384 4112 -3064
4528 1496 9792
-4608 984 32767
6516 -7288 20992
7372 -2656 11048
4592 260 14076
4148 2720 18216
3004 -3316 17036
2148 -4812 17196
1108 -2868 13860
3028 1224 12392
252 2360 11544
-3268 1816 15844
3508 -124 18564
6232 1524 10660
2620 296 12376
1672 1576 14660
7496 -1180 17280
2456 -56 17340
11440 1196 12492
6740 1636 6120
-2176 1908 13244
2804 -2748 31476
6888 -104 13436
6260 -372 5332
-1004 4352 9748
-4812 -40 27764
6064 -4108 13432
3680 -4532 10356
2280 1444 15400
2164 2416 20632
2768 -1680 14984
8356 -1552 11016
5124 -240 15948
6144 -136 16792
8884 -1512 10600
816 -3744 20000
10676 -3540 15784
3592 1068 11652
2016 2040 16764
6376 -1292 11100
-1112 304 17852
4700 -2560 11068
8112 2632 8240
-10336 2160 13672
8160 -3344 23032
636 -512 8116
-904 3824 10796
4620 -3508 25620
-2736 -696 20904
5564 -3424 15040
-1116 -364 15400
464 1148 16436
6152 1916 16804
532 2512 18720
6108 -476 17228
7104 -2628 15972
8928 1048 9012
-428 2432 21716
1692 -4000 23332
8812 1736 9444
4548 3740 2440
4944 4740 10824
460 2952 21356
4184 -5704 16780
2940 -4348 15540
3032 2504 12948
1808 2068 19452
2320 -3380 26012
6212 -2956 13456
6116 2356 11368
-3468 4264 23684
5132 -2048 21280
9656 -1780 9472
1532 2976 10108
1612 2244 22060
2228 -1008 21464
6072 396 8756
1092 4208 11316
3320 1296 24088
4348 1320 16324
3832 4816 10692
3568 1728 13644
5520 1104 18188
-2044 292 18684
8228 1752 11272
6780 1552 7048
5728 -852 12560
4064 -2100 19336
1124 -848 16428
5312 -132 13380
4388 608 16908
6592 1016 14284
3384 880 17256
4668 1720 16788
4192 4404 17612
8344 3100 14932
5620 1768 10872
-392 -512 14688
3392 -880 17680
4524 1500 13100
832 2312 15380
3584 2660 13548
2644 832 12020
3952 -2384 17408
1052 -2048 16548
4896 2460 16648
3568 868 12136
4132 2484 12060
216 512 19236
5208 -296 13480
5056 -2816 12692
-300 -3568 16188
4568 -3728 15180
1492 -2916 12108
4636 -2524 21724
5136 -104 22012
1220 -4012 20688
5288 -2956 19388
7772 948 9332
9984 612 5764
5208 1384 8684
4540 -1720 13984
1576 -2356 12496
3140 -4308 13760
1224 -1920 18004
3332 1456 17756
4328 1928 17784
1440 -1528 16928
3128 -980 17908
4564 1076 15772
4328 1568 22708
3076 548 13880
4032 -2516 18644
3572 -300 17600
1868 -428 17792
3224 -1572 16220
4616 324 14520
5796 2100 11016
5308 4628 12664
6012 -572 17784
7948 -32 12328
6328 1352 13288
4268 3136 17740
2348 2388 20700
3992 1760 19664
4808 3144 12892
2768 2468 12756
1648 3728 18736
5400 -1860 22188
3528 -816 16420
1740 -168 18484
3688 -2508 15628
1464 -1816 18312
6836 -1720 15040
5084 -2960 15968
3584 -428 15544
5160 -724 18096
5312 148 17408
8520 340 11052
6736 2088 13428
4296 2888 14556
5856 2912 18856
2244 2428 13352
5756 680 15904
2900 1824 17788
1084 2644 18184
4 496 20376
2556 -104 16680
4772 -708 12804
2080 -1508 14664
1816 -2244 13940
1628 -1384 12816
3776 -1528 14876
2720 1940 15708
5380 -1800 15240
1500 140 15960
6280 -2712 14144
6176 -1716 10376
2432 1836 12876
3524 -100 15808
1652 356 15008
4284 -3452 16288
4036 -1160 15916
4732 -2040 12300
3544 1696 17276
2892 -912 19084
3228 -1876 15796
4480 1580 12712
3136 2540 14828
3596 -2572 18420
5820 -4240 17788
5776 -1984 18132
6736 -108 12836
11200 1124 9488
6980 1020 9252
8364 100 17520
4764 -2796 18596
5784 -2760 14340
8268 -3580 14720
2588 -2064 15240
3896 -3428 19872
2072 -832 16172
1456 -1228 15196
-2104 -476 19928
5252 176 16968
-1332 260 16488
2424 -2244 19028
3616 1020 14980
-436 532 14460
2388 -2560 15808
852 -1908 12856
2980 -2072 15460
8716 -2144 12012
3876 1468 11468
5496 -2152 18780
6020 -64 19780
5604 2352 12256
6744 4044 15836
3376 3708 16212
3372 1916 17264
2736 1484 19780
48 3728 18960
5180 936 12612
2988 452 15056
1780 -2300 12492
5248 -2540 12372
2328 -1636 19264
5436 -80 15544
6664 164 14836
2716 824 10816
3052 3220 14576
-1728 1836 18800
2788 1772 17840
3268 -52 15868
1744 -1708 16284
3440 1392 17080
3684 2088 20440
5436 576 18888
3148 116 11564
1716 1392 8988
3976 -2172 20420
5176 -448 13072
2300 2056 15740
2956 2348 17656
2336 512 13548
80 5112 17296
5240 1264 17052
5016 -3760 17048
6516 52 17620
5304 -60 9832
1500 -1420 18120
3120 -3448 17340
4612 1076 11712
6740 -148 10036
3440 -3788 16356
3844 -4388 17552
3604 -3456 16964
-804 -20 18460
5060 -1220 15676
3096 1636 14628
2652 -3660 13316
1340 788 12624
884 -3256 12216
448 -1096 14880
2708 -2360 12896
4828 -1636 13796
3688 1144 12852
2800 -948 17724
3612 -2444 17024
4844 -3260 13780
3408 -2388 9656
8040 -1260 11316
1520 -1804 15096
2220 888 17876
5092 -1188 17448
4432 -1548 12648
2080 -1528 18536
860 -740 19784
5528 -3296 19048
2464 -3248 16012
5552 -2632 13960
1236 -2124 17584
3084 -2424 18516
2808 -2216 15468
2308 -2120 12600
3788 -2852 17484
1960 -2380 14528
2776 1000 15372
3076 1044 20048
5256 -2164 12292
4760 -1560 15072
4940 -2052 13432
3320 1284 20944
5088 428 15944
4472 740 12540
6068 1060 13424
2960 612 13260
4736 184 16928
3168 232 17684
4532 612 11720
2676 -364 12620
5556 -1116 13324
1228 -248 17244
5964 -1472 17976
2584 -1444 12940
4804 -1592 15688
4736 -76 14340
1996 896 19640
2160 -2080 19316
3100 -1668 19220
1324 2512 14864
5176 3300 17776
4524 -1008 18060
3728 -1376 17088
5116 -2484 19456
5264 1712 15284
3932 2012 15420
4356 2460 18328
1796 2160 17496
3672 2864 15012
1324 2576 17080
1440 1020 14456
1932 592 16984
1632 -844 16072
2764 -1840 15484
2508 -1184 16080
3100 -40 17208
1896 -516 14532
6184 -1584 13352
5232 -1012 13788
4892 360 12832
7388 1484 14104
6652 -212 15264
4844 -2504 13852
3372 -36 19992
4004 776 17432
6672 -1380 11416
3320 768 16156
2824 -732 18708
3832 -544 16764
4340 -2872 14444
1824 80 12632
3160 -648 15540
1944 -364 17976
4368 -2308 17552
4244 400 19712
3328 -40 11160
808 -208 14292
3028 -1196 14796
2300 -696 16468
3856 -1588 14224
3848 1040 15148
4352 -108 17800
3292 3220 15764
4324 416 13356
1356 -1856 15236
1936 -1308 18172
3940 -1164 17136
1728 976 16536
2796 2380 18556
752 2024 16872
5652 1072 15368
5252 -336 15940
2880 -4752 17548
3080 -2212 16748
1568 12 16960
4996 -2684 13696
5176 180 14732
3004 764 9252
1920 -1728 17856
2192 -2444 16872
2776 -544 14916
2284 2416 14152
6328 3456 16036
636 1140 17240
4628 -2144 12616
9556 -2516 17352
4664 1036 15068
6316 3160 12092
4000 -116 21732
540 -2100 17432
6724 -3156 16180
2216 152 13988
3976 -708 14984
2848 1520 13608
844 1740 12872
3984 460 16220
4548 -124 14272
2516 -32 14548
4016 -1844 20280
4324 200 11968
5916 1956 14604
6404 -200 15592
8608 1580 11996
4968 1168 13344
7072 1280 10604
4600 -2100 12856
2040 -2484 18808
8132 764 17912
3480 1984 14520
2324 636 19316
2780 -296 19204
364 -2272 17796
1812 -2020 16060
2700 944 15484
-272 2444 14148
-976 -416 16808
1868 120 19616
1824 -28 11608
2844 -2764 16104
5024 1120 14272
2296 -140 13852
6860 -680 14848
1872 788 16416
3796 1764 16536
6456 3512 15288
5164 904 17276
256 980 15628
6092 -2820 20064
2960 -1596 14076
3796 -1604 11520
-996 -1800 21472
1068 -356 19104
4896 -2960 14288
7724 2868 9852
1664 3116 15664
4020 -4644 23500
2260 -4660 17340
3468 -6972 13796
5836 -2052 14984
3428 -2056 13180
4796 -1336 14604
2048 -1384 17080
1608 -820 16064
1964 -2108 18616
3680 -3448 16228
-528 -5036 14864
3636 -5084 13400
936 1512 16028
2248 3216 14480
4624 -380 22388
4884 -1788 17432
6284 -1468 10684
2200 764 14000
2588 -388 17764
4084 -3624 17664
2364 -1268 15324
1748 -260 15656
560 -1284 15604
1264 -2876 17284
4428 -1128 16144
1284 1748 15232
3000 2124 17572
4536 1400 17916
5124 1484 18240
2720 644 16436
6952 -2260 16112
4952 -1952 16736
3276 -3056 15352
2060 -1136 14536
688 16 14852
1768 -1224 17292
4896 -812 10712
2652 1520 10168
1184 3288 9476
3592 892 21140
1148 612 19196
3956 -1024 12788
3240 1852 18600
8116 544 17328
5240 3576 13220
5396 1372 11264
6956 3208 10868
-552 -3228 17048
6064 -4260 13776
8980 2216 10948
984 4372 10232
4184 -1812 24408
948 -1532 17496
4432 552 18812
2128 2340 16944
5688 2272 17008
3628 1956 15944
8088 1956 12948
-1516 -420 16800
1108 -144 21480
1988 -1120 17560
2232 -136 16152
7444 1876 16888
-312 -484 15012
5208 -3248 20688
3288 -76 22832
-284 -596 15040
1716 1580 14508
1656 2012 13300
1488 -1148 16964
6264 1316 19968
1684 -592 10680
1900 624 16360
2728 -3940 16880
2320 -1100 19304
8604 -360 17152
4476 1628 14596
5860 -3176 14036
7256 -812 16704
6120 -3440 12824
3980 -2016 20184
3476 -276 15768
4100 -1724 13752
2680 -1504 19116
3668 -1756 12108
3508 -788 13040
2504 -2816 14540
4424 -2772 12648
2428 -1904 12176
3636 936 16156
1080 -2880 15920
2760 -5224 16772
2772 -2948 11716
2888 -2512 14132
1648 -4044 15116
2604 -6836 19340
2308 -2176 17220
5184 -1804 14252
5280 -32 19920
3036 -1832 11360
1772 -160 16364
3676 -2888 16700
4536 -864 10192
3792 -2248 10752
1492 444 13820
3560 -3360 18520
3788 -1364 17348
7904 -2488 11588
1452 912 18468
5748 2396 17056
9568 1044 11404
2308 3572 10772
4096 4516 13492
2876 1572 15544
-44 544 10928
-436 -568 25432
3812 744 19336
-1072 3232 17680
5780 3248 5436
2484 2104 12064
1008 -836 20732
8280 -1972 20452
2972 1588 9956
2984 1960 7736
2584 260 17232
3384 -1720 16880
1368 556 14148
3556 2244 18160
1636 1592 17684
5248 2560 14876
6360 3372 13336
6288 264 15088
2260 340 18716
1980 -1592 18712
1368 -1152 16920
3708 -4152 14168
-2044 -508 17388
2668 732 19536
1232 1068 17928
3704 800 9732
2100 -1996 18496
920 -2088 20376
1888 432 22024
4380 2520 14548
7120 1028 10712
844 2116 16504
1944 -1892 20368
2276 -212 18876
3284 -1644 11900
4032 -804 13596
5636 -1572 11200
3040 660 13396
5128 -2776 18460
4552 -3728 8336
300 -1840 11972
-264 -860 25552
5344 2024 18548
3852 1164 18260
4856 4756 14732
4824 1948 17076
5012 1092 13292
3064 -2296 17132
1144 -2388 13212
452 -604 14524
3076 -4520 18728
1788 -2272 16220
2852 -3624 18640
4064 -2500 15552
2052 -1528 14396
5024 892 16440
6820 -2392 12228
7220 -204 8412
1932 -1024 20624
1088 -1732 14240
1952 -3436 12504
6200 -4804 12480
1412 -1972 12248
-2604 -3464 18728
1788 552 20952
2088 12 16452
4608 1204 10876
1772 -1452 13676
2208 -2656 15980
1032 -3292 18452
1060 -1472 14496
1264 -1432 16396
3104 -3648 15368
2916 -648 13712
7060 -1176 17104
6472 -56 13468
4616 260 14576
9728 1392 13724
1000 -524 14504
3296 -404 17188
2604 -1908 16792
7900 -1784 12472
5068 1380 17352
2892 -212 17468
2752 680 17740
4660 -1444 11340
4252 -1172 13488
2968 -2400 20524
104 -1988 19732
4180 -2508 17260
5524 -1156 14680
6572 -1224 10168
4236 -908 17244
3424 -1520 17856
2956 -2084 18704
6140 16 14220
5384 1772 15424
1368 740 16168
3500 -2016 17568
2684 -5284 17172
4536 -1904 13612
3672 -876 12812
3188 -2168 14556
2500 -2508 11500
848 -1396 17684
1564 -1352 20004
3548 -804 19480
2748 544 16344
2872 -2464 14784
3908 -1696 16552
2252 -1848 16552
5944 608 15492
3972 -1012 13440
3568 -768 13776
3184 -1068 16608
3332 -1636 12892
6116 -2120 15040
4212 860 11052
4028 -80 14468
3408 -2412 13548
4000 -3496 15928
5244 -2576 13188
3000 2040 13848
5824 2392 14956
3364 -1532 16352
2596 712 14728
4032 -68 14768
1284 -2760 19448
5852 -3896 16096
-1536 -896 22280
3988 -236 21708
5568 364 16968
4644 -2340 15048
5380 -1696 13128
1068 -2344 11440
-1348 -2944 24412
-2964 -4800 32767
896 -4264 20940
9024 1488 9496
9524 5916 2784
3668 11072 7120
5232 2036 17900
3040 -4348 16428
1288 -5476 13148
5772 20 15604
388 2476 16948
1092 3072 20840
3248 2384 17860
3140 224 15524
5004 -972 9460
5396 -2208 18728
6104 -940 16828
6440 472 15944
224 836 18220
-2664 1792 20532
1424 2096 18908
656 2488 10736
4664 1660 14376
-76 1052 17420
336 -336 16172
7696 -2768 15844
6064 -652 12568
7044 3736 9840
3412 2296 9736
5868 -1500 12984
5200 -3244 13708
816 -2008 17592
2996 -32 16884
2024 2228 13048
3680 1196 13268
3000 232 15620
592 -1172 16408
2848 -264 18184
4376 -2472 20592
1100 -2724 21464
4404 -988 20724
5652 4428 18424
4960 752 13168
3284 -3972 16260
1396 -888 11640
3316 -2072 12656
2612 432 15572
2984 -1696 14224
1672 -2588 16304
172 -3824 14904
1236 -4080 18372
6120 -1484 11164
5712 -2808 11376
3640 -2424 12880
6344 -2928 14768
1496 -2344 21432
-1524 -264 23820
1304 -644 16988
1328 196 13672
1800 -3952 15532
2060 772 14220
168 -200 20184
-40 -500 19896
4636 -536 15544
6272 -292 12816
4240 2104 15584
3004 -1032 10860
6424 -684 10560
2364 292 10712
5884 -148 17244
2556 -1376 15516
7004 -2232 15268
5372 -2160 14120
4336 1852 15440
3676 1412 13056
1948 -8 11840
3912 -2664 18120
2732 -4284 19284
2588 -3700 17784
4044 -204 16792
6548 -944 11888
3244 -1868 11584
5272 -3196 15344
5648 -5248 13388
3132 -4860 15968
4116 -4788 13724
3208 -1812 12328
2260 -4740 17508
528 -1200 13164
-72 636 21416
128 1104 18840
2468 -2140 18412
3636 -688 17332
7168 -464 16276
5952 -1088 12776
8220 1804 11068
3304 992 19420
6132 -1288 17696
3756 -3200 14504
4056 -440 14852
6996 244 13200
3952 2052 9236
2836 1540 19036
2692 -376 19316
2104 -372 15348
2204 164 13960
2912 40 19928
3272 1252 19508
4784 3416 11508
4444 3852 15204
2812 1740 17888
5908 -1540 17392
3768 -64 12756
11216 716 9568
4896 1936 11212
4832 392 15920
5300 -32 14672
-584 1464 14632
1148 -1732 24608
4304 1068 21376
2200 2756 14640
5752 2196 26352
5888 2820 16192
3796 4136 9640
2316 -428 9732
-248 -3408 18164
-1076 -4076 21764
4656 -1488 10664
6064 2728 12188
-2400 4268 17488
4880 -5532 16468
5192 -4428 15544
1164 -3892 10428
8228 1136 9288
4108 576 9364
3720 -1084 20448
9528 -1420 18440
5496 -1436 13152
5620 696 17648
3880 184 17228
1560 -964 19368
6128 -3680 20844
7012 -1256 17336
4336 992 15876
4640 -612 13608
3076 -388 14776
-924 -4172 18340
2388 -536 18880
-2784 1184 17788
1424 -3292 32767
10508 -1048 8308
15928 636 -4664
4632 7504 5804
-2128 -3360 32767
5084 -9472 21216
3260 -6336 7816
3212 484 23200
-780 1144 16852
1368 -300 14948
5604 4644 11384
4308 -876 11840
612 -376 15880
5340 -3640 22232
1092 -4064 18372
6264 -1256 16548
3948 2156 7232
-400 3820 12696
-2472 980 21172
724 -2776 23516
4960 -3264 10696
4048 5184 15168
1772 1608 21520
11808 3364 12368
6036 2116 11440
2396 -768 21984
5824 -1760 17288
-236 -1716 21024
8900 -372 12380
6496 6024 7544
-212 6656 9068
520 -3336 25776
-808 -1828 17300
4296 596 10940
9216 2816 9964
4252 2788 4056
1672 2368 16432
5184 -3340 19188
2536 -3996 17732
7544 1132 6776
3940 2968 13180
168 1812 17640
-832 -4036 23444
1652 -500 15700
2076 272 11048
7076 44 21980
2368 920 21500
4440 -792 17036
7056 -868 17428
6904 -960 18444
8760 1284 11744
3960 -904 12072
8772 1772 8868
480 -2224 17204
3356 -1940 18372
3312 3364 17168
5648 -96 17900
1104 1316 11280
7436 2064 12416
2308 24 9792
1156 -980 25968
-4672 -1996 19560
5516 2880 15868
3756 4376 19588
8028 1952 11928
4636 3376 11040
7556 -2972 14232
3692 2688 13616
4584 -700 21312
5820 -4232 16472
5016 2100 14700
48 1044 18176
1236 -2112 18056
1304 -2680 14772
1216 -2128 20556
3992 1240 16584
3440 -832 11436
6936 352 10896
2948 -1080 18776
3352 -1076 15996
6152 -1556 10148
460 -1672 19324
5504 -988 21056
2560 -2452 18428
13980 3544 13724
8024 2772 7036
8556 1380 10708
3216 852 10652
5676 -2868 16420
3416 -1748 16968
224 -5048 19908
2396 56 23020
2736 -852 15260
3636 1744 15456
3268 -380 16360
1512 -612 15184
-520 -4952 13588
2188 -6548 16116
-164 -1224 11768
1308 -536 12652
1288 -192 16152
3108 1164 12800
2300 -368 16788
5184 628 14464
4616 -208 9212
7264 -848 14460
9076 -500 15356
4832 1060 16416
1660 844 18648
6496 2432 13276
-356 4032 17380
1084 788 24468
3740 2652 20168
2532 720 12408
880 88 19008
6376 -2436 15924
4020 -1868 12500
5440 680 7208
612 -672 17040
2012 -1028 14452
4968 -1752 15084
2340 1464 15256
5508 -1160 17380
5452 340 16180
2964 1348 19612
3632 3972 19664
8276 2620 17500
4284 4068 10096
5836 1388 13872
3940 608 17276
-516 -1800 20720
3092 308 18124
3944 -1648 19276
6288 1084 12968
3372 1368 10096
884 -1096 17188
2932 -4352 15872
3600 -1564 11788
4080 1256 7768
-524 2000 19964
1044 -524 21496
2692 -3368 19348
3584 -2416 12236
2252 1096 16888
2168 -2972 16148
7844 -3412 13780
4264 -1308 12812
7604 -132 18940
5004 -980 14780
3892 -5500 14428
4456 -2308 18896
2560 3244 14880
3360 2288 10988
3716 -116 9840
1416 -2892 14792
-148 -3408 18648
7396 -2368 14884
4700 -2064 9776
4544 520 7516
2568 -2472 21504
1948 -600 15812
6792 2356 14236
2604 1500 15700
5528 1960 19240
6044 1988 12804
6244 -1204 23324
3904 4 13580
2748 -3664 15596
1964 -6428 16140
3832 -4064 17636
5136 -2116 9868
-3316 420 19844
-3816 -3032 21912
5972 -1600 7996
936 -1236 10900
8100 -768 15360
4704 -484 15420
6272 -2828 14720
2632 -920 16388
-2520 -4076 15328
5340 752 17032
1868 1848 14448
2336 488 18708
3440 -2804 16508
400 900 13180
504 2408 15864
1760 1240 16868
4200 1500 14584
5032 1500 11500
8100 36 14312
224 -1644 15624
5088 24 19316
528 -332 18036
456 -764 13360
8400 980 14000
4988 3500 9496
7992 1128 10228
4092 -2568 18172
4752 -3296 21228
4244 -132 17848
3832 1948 20988
4872 684 18124
668 508 18064
5748 84 13564
724 -3072 11548
808 -3300 16504
7748 -1752 14092
2956 1164 8644
4160 -3336 16932
6516 -3376 9004
3432 -2148 11228
8808 -5052 16728
6316 -2068 8804
3256 804 10500
9112 -440 12184
5404 -568 17440
1324 -1740 17016
1588 -440 17360
-3796 -2536 16772
4100 -380 15844
-132 -2508 14100
3924 -5524 16616
7192 -1108 8364
-328 568 12376
-2868 -1664 27576
3460 -2856 16088
7504 356 8248
4328 3220 12512
-344 4660 20188
5060 -3244 14712
5808 -2376 14832
5912 -2108 9216
1940 424 14068
-1044 172 20576
4752 1660 21824
7444 -896 12192
2072 1768 10560
368 2244 22844
-1224 1720 22232
9248 -2656 19116
2156 -908 18536
5056 -1992 23432
7024 1016 14008
5420 1664 13760
7748 -1028 15264
7092 -2600 11672
-140 -1504 14764
4940 -4332 14172
704 -32 13284
2324 -3788 9528
6492 -2032 8524
3592 -3000 7992
4880 100 17012
2904 -572 15520
4472 -1064 9868
6136 -1368 14476
168 3360 17664
3104 276 17892
6740 -1616 15468
532 812 6304
-2064 -4708 30084
3392 -1928 15420
1396 -4136 9132
2356 -1952 13908
3832 1220 16200
-212 788 13108
3464 1016 12072
3936 588 13564
3820 -1864 12496
10472 -156 11472
1732 3176 8652
4656 72 17776
6024 -684 26372
3564 -704 11760
9124 1620 4012
5580 3928 9040
-5220 2668 22104
10572 -5704 15456
3220 -1320 3880
-1264 -544 30340
9092 2816 14860
-440 5580 1376
484 2080 7788
2868 -1960 17900
2500 -2944 16720
10336 -756 14568
3052 3248 14796
1152 -28 17640
7916 1912 21528
-2432 -808 15404
3704 -3820 25340
2152 -1012 10024
2956 1644 8032
5088 2972 15024
484 36 15872
5632 288 15976
2964 -2188 10028
-2480 -1540 25664
3404 1208 23784
8044 1108 10116
-6520 2224 21020
-636 -4732 24512
7800 -1244 13036
2324 1168 14916
4024 3632 23372
2208 524 22264
4736 -420 10720
4880 -1060 9336
2104 124 15312
6532 -6356 24000
6036 1076 13920
7796 320 14416
2708 -108 18376
3060 -228 22300
5432 796 4528
-2356 -88 10268
448 -3876 27736
5228 -288 13200
5344 -1816 4792
4860 -5652 25308
2720 -2272 19832
5432 1780 10084
7340 -3288 13760
-1648 -3128 18876
12328 -2056 12576
4808 1684 15184
6312 -416 14808
4652 -312 10972
2048 -5128 14428
344 -3184 16636
5676 -4732 15116
1860 -136 5856
1328 1960 20284
-6280 336 30268
5428 -4232 18820
2876 -236 11340
936 2044 16708
1944 4736 20024
3228 1496 13948
-1780 -1452 21240
4316 -2532 14568
5268 -1488 15492
3272 -1348 16956
7316 -3100 11712
3984 -1224 8688
2036 -3152 24192
7736 1328 11892
6256 2952 9228
-404 3240 18668
2324 -2580 20796
4264 -1280 14248
5448 3548 12644
5428 5144 9720
1308 3536 15224
-412 -572 21756
3528 1708 19480
-3624 2460 16864
6404 2616 14600
2868 2732 9144
500 2552 11652
4024 1516 20656
2556 -2584 16576
6020 -540 11056
2780 2460 14920
4976 -1292 20652
5748 -564 20700
3376 1444 16824
1400 2340 18820
2580 -1216 25752
4616 -536 18884
5804 -756 12176
960 -460 15668
6792 -1764 19056
4300 1708 14916
4332 1040 15148
5200 1572 17308
944 1144 14264
6332 -1224 10964
4736 -404 15152
4224 -828 17216
3980 -252 17816
4484 2716 14796
6916 2272 11148
3840 2024 12172
-980 -100 19956
2140 -3132 23108
1784 -4288 16248
1812 -5036 12568
3036 -2128 11364
2944 848 14604
2148 1952 20168
732 740 20748
6880 -688 12812
1416 -1940 12684
468 636 18256
4832 280 22216
5308 -2704 12204
6504 -1332 11928
4612 -1428 15348
4020 1920 12668
7632 -324 7996
3024 2288 10896
-452 -172 21164
2648 -5276 16060
5332 -2768 11560
-788 280 17580
2776 2220 18324
6244 1388 16184
692 -2660 17052
2340 1552 20320
-928 660 19748
2516 -920 15208
2560 -3460 19056
680 252 11408
7880 612 19644
348 -1128 15124
3316 -4408 14192
-2452 -3400 16172
3616 -3916 17736
5056 -972 12548
5032 -2816 12556
2916 -800 14084
2444 548 16672
6920 264 4496
4144 -4092 12496
4424 -2236 15916
6640 -3516 9644
3996 524 10900
5604 120 15844
4764 2012 15096
-2220 512 19244
5448 -1116 17352
4604 196 17548
2452 708 17820
2004 196 13512
2676 224 14272
276 1080 16160
6380 -320 20560
2136 -1912 16444
5468 -552 14840
3856 1084 14424
3044 3528 12412
2140 2496 13948
6332 1284 6220
3844 -416 12056
5396 -3320 19064
1796 -2244 17536
6624 -2100 16612
5884 400 10156
5104 1044 12476
1976 656 13172
944 -188 13392
-2492 980 21576
704 -852 26992
5564 384 22684
8188 2120 20152
5288 432 22172
8012 1904 10664
3336 -732 11500
556 -664 19460
1324 -4372 19260
-1100 -2612 20124
1240 -984 19064
3936 -648 16188
6676 -940 11588
6796 -1240 9376
3508 892 14652
3248 -3156 13288
7528 -5384 10952
4816 936 15316
12992 3028 12624
3188 540 19820
-1416 -3484 23752
-1660 -2220 23088
6368 -1004 7876
5832 2832 14344
744 -24 14972
2792 3248 15780
1380 -1332 14756
3484 -2904 17896
2428 -3740 18556
1488 -432 15632
3768 676 18720
5232 3300 11644
8688 -388 9496
9848 -940 18888
2916 -1048 18576
9520 656 13544
8868 -636 10552
8096 664 12580
7432 336 9004
1304 1320 17756
-2836 -2168 26076
2292 -1588 13304
5616 -2252 5468
768 2936 17364
-1344 -1760 22912
-1940 -4752 18400
-2176 -6876 20764
3116 -4476 16616
3740 -1336 11584
7068 364 8712
5056 4432 21196
3656 3588 21640
-284 -884 18600
2748 -760 17336
6172 2040 11424
8036 3200 11628
240 3300 17924
1188 -2488 27476
2616 -2528 17364
9468 -2448 7228
7308 3496 5988
3640 4388 6384
1716 3664 19076
520 -1080 20028
5100 -732 17088
-536 -1748 13316
4608 1536 19324
-412 3268 23092
3440 380 20652
3712 20 17800
-152 2772 13956
4992 188 16200
3956 -72 15516
632 1744 16044
5884 3060 18132
964 7012 14312
2988 3280 14236
3124 -4088 21436
2544 -2776 18472
6916 -1668 11016
11752 2968 9300
3396 3672 10708
4216 -7404 31400
1904 456 17720
6452 -3596 16928
9224 80 10744
3432 -232 14688
5060 3864 18396
15368 24 3328
-1388 -1364 10236
-1716 -6332 31972
2644 -7324 15052
1252 2936 2528
2920 1032 8768
940 2708 11688
-3080 684 18300
3564 -1856 15780
10424 -2300 6132
-2020 -980 12500
8640 -4196 32767
3584 3552 20896
4776 396 13552
5332 -2276 19416
4208 2816 16604
9104 -2980 10916
-1616 -1716 11492
-2088 -3048 24584
4936 -7012 25612
-428 -1000 7860
7812 -2364 7268
-4712 468 12924
4428 504 28872
6116 -2952 12616
1836 -3372 8120
3380 2456 19912
968 4032 14108
13656 -1092 15360
-3292 4648 20708
6996 2952 16652
2064 1336 13852
2992 -2684 19228
1824 1252 17640
2796 36 15248
11456 -2452 9164
-2700 -4124 16024
1208 -3536 19084
3440 8 10816
7004 -2428 6152
2464 -1708 17400
-1720 -6348 28816
11920 -5532 10908
4540 1644 4176
-4196 4280 14140
-4632 4552 23124
2020 -988 14084
-36 -1032 17680
-1700 -676 19984
2404 2104 11284
1768 1532 11568
1904 3664 13792
2836 -1272 16868
3512 -720 14784
7692 -856 9968
3684 292 10008
276 1912 21400
5792 -4128 20552
7980 -348 11128
532 5488 13732
1452 316 23556
5264 1360 17480
868 464 15360
8460 -3104 13224
440 -64 15960
-196 644 17168
-3668 232 26572
4952 -4128 19340
3204 -5540 13592
2932 1136 18744
4348 2076 16612
6732 -1092 15064
3992 1184 13152
7092 -32 16928
6572 2952 12552
3496 620 11892
4948 -556 17196
3792 -1064 12084
4452 2596 13000
1896 860 19676
-656 3772 24044
6612 -2024 12744
2032 -2728 16056
1664 -600 26472
6500 1676 18688
876 2200 13100
5676 -1568 12664
5116 2828 15896
2444 -3152 10296
284 -4928 27460
3172 -1128 12168
6184 616 6576
2948 1544 13764
2056 1360 16028
1684 3408 16348
6480 -1560 12368
3044 -3972 17680
-392 364 17768
9840 -1324 20332
1148 2048 13428
6820 164 18404
1056 2020 22320
4640 2744 11720
300 -2284 15672
3632 -160 17936
8252 936 7332
5284 2544 10160
1900 704 23124
4892 -704 19336
1888 -3100 14808
7956 -1300 15848
-1676 2416 21516
4004 736 14700
7944 -664 12428
2996 -1276 15140
6452 -1084 13664
4320 -2380 11500
4900 -2160 15836
7464 -684 16640
5564 1440 9900
-3192 -1784 26956
4216 -1884 22760
4484 -2792 8884
388 -1452 15084
2344 -892 18760
4824 108 12876
3052 -592 11136
4680 -2468 12072
2308 -1684 14472
1164 -972 18268
1104 -2016 20460
1220 -3668 19076
7868 1756 11156
4768 1780 11768
2708 1900 21968
3604 -992 23428
9192 -4532 9908
1088 -1336 12264
6884 1892 16876
3460 1400 12544
836 -1716 15880
-528 -2664 19228
2628 12 15544
3396 2696 12196
-216 684 21576
-252 -1864 22312
5776 -1464 14516
5904 -576 10192
-3176 4428 27284
1124 -2448 23952
3744 -2032 9508
6948 2984 12016
7256 5396 15692
4352 2908 10936
1804 -292 15440
1220 -1264 17872
5596 -60 10824
7312 -188 7648
-820 4636 14468
-200 -2676 19976
3128 -6820 17572
-60 -2792 14868
4680 -240 16888
5260 2536 15024
4284 1432 15792
8544 -488 19232
3660 -1008 18548
4460 -2356 19004
-384 -1608 20032
-2528 -2476 16864
6196 2156 9532
-328 -432 14740
-344 388 13740
628 -856 20864
2112 2188 11952
4956 4 10464
3272 480 10628
2080 -1372 17668
6944 -860 14796
5080 -1492 17248
2948 1936 16092
5660 5232 13488
4624 3580 16824
4492 3268 18684
2796 -2680 21176
6456 -1436 20308
-380 340 15036
-1956 -876 17512
-1400 -1240 21020
-588 -1096 15808
3884 1940 14008
2364 2032 14012
3832 -3080 17648
9120 -1928 17772
8228 408 11812
7460 936 10564
4808 3820 12768
3968 -20 14724
2696 1772 19764
2108 -1708 13872
4988 1808 13068
1620 -160 11972
-184 164 18100
4628 -2684 17220
2908 -1536 13004
-1508 -464 13992
-5056 -1424 24772
5068 -1508 14732
3840 -1704 10196
-1084 -5496 21852
5624 -4536 19036
1556 -3624 9488
1744 -248 15052
2916 -3556 17940
2100 -2880 14044
-240 -1664 17240
396 -172 16176
6720 1568 12384
5808 -144 6392
5148 -3096 15892
6200 -2320 19740
6724 -2024 13864
7512 -96 14444
2736 2700 20240
5852 700 17176
2148 -2336 13912
836 -4656 19008
788 -2848 16748
1940 828 12316
1400 -1016 17620
492 -660 16320
6204 -300 15192
6588 -1452 7480
-200 1420 16300
3888 -1616 14912
3688 -732 18272
9292 -780 19252
7176 -104 11516
1040 -856 14288
4556 -1140 17820
3928 3164 15420
3488 1640 14768
8988 1800 13780
4256 4088 10916
-1824 -1776 19896
8012 -4272 16900
1136 -1944 11024
7680 -3064 16992
3700 -2172 12568
-2876 -660 14624
3000 -1984 16540
2032 -1136 15720
4172 -1956 17948
4312 -904 16588
5080 2372 13220
-1368 -760 19036
5572 -4532 14752
5488 -168 14368
-816 580 17148
5444 1760 13108
2804 2104 12964
1748 760 13984
6232 1016 17048
5824 556 16376
3556 -1792 10008
5476 -1080 11748
-1408 -940 16508
916 60 18620
2820 1192 20424
5348 2396 14008
768 -1596 12316
4584 -240 18972
5416 -700 14976
6596 -2708 15784
1812 -3600 14192
4100 -3168 17744
2736 1056 15668
5124 -476 14768
5904 540 11488
636 -1324 17924
7392 -1500 17968
5640 1064 15968
3540 -256 16344
9344 -2480 18932
4784 -504 20592
4092 376 15636
4056 -2472 13936
4308 -816 12620
816 -2116 14672
2456 -3428 16256
3136 172 22948
7580 940 9672
180 -2860 16060
652 -936 20576
5008 1128 12700
244 -1068 18352
6320 332 18560
4436 -356 8596
3508 780 13504
3992 -24 15136
-564 -236 14688
2860 -2468 17768
1884 -3308 19224
3680 952 17520
6792 2056 8492
1740 1352 15376
4880 816 16936
6584 -2308 19144
3836 -944 17296
5344 -3180 15012
6128 1628 6264
1768 1992 14884
6272 -1268 18180
612 -2384 18584
5856 628 20304
4656 236 12736
1556 696 13464
5108 804 14032
1748 116 16156
4884 -872 15008
4356 304 13572
460 1088 14836
740 1944 19596
3896 -1264 15088
4016 3324 10356
4388 1552 16428
1768 616 21400
1816 -812 19904
7792 -2600 13380
5556 -400 12176
2160 208 19424
1700 3300 23232
4172 -216 17896
7320 -480 14812
6316 76 12796
-3296 -4332 17572
2740 -1136 20840
3416 -1284 15232
828 -1232 17932
5000 1316 20956
4152 -136 6128
1080 -2724 16108
-136 -892 19344
4684 -2292 15176
4512 356 10616
2384 -1956 14996
5152 -1444 16676
2352 -396 13708
8560 632 15388
6440 408 12420
2236 -1528 15076
4820 -1148 15740
2396 -376 14988
4884 -968 13968
-1288 -1104 14948
3776 -2904 18016
2768 -1016 16036
3956 1328 13480
3056 3944 19216
2236 132 20412
2764 -1252 13072
6928 -4 11152
-1512 3260 16108
3688 1300 23136
3968 -388 15188
5908 -336 14672
6468 3704 11188
3252 96 11708
3000 184 17904
2632 -2540 18012
7108 -1992 11960
4728 1444 8100
5228 -1356 15584
10396 -32 15168
760 856 14616
7144 -120 15588
3792 -2304 15916
-2352 -5048 16040
5720 -1392 16288
540 -528 12780
-436 564 23168
-1360 -3832 23032
2020 -2124 15216
2512 -2776 17656
912 -4612 19848
4832 -800 11440
-412 -60 15456
-3264 648 19404
3512 -3540 18944
6872 3772 2660
4820 2788 7288
-3732 4872 27020
2276 -3096 25928
11324 -2244 6356
3400 4504 11248
4276 3616 20176
5964 1460 17572
5988 -404 14124
128 -216 15036
4272 -1036 19384
4604 1016 14132
2792 1364 11044
3808 1184 14076
664 848 21236
-656 -688 21640
3676 -3580 18896
-2520 -2240 16120
7124 -1160 19588
5616 -72 13212
3336 52 15432
6332 -1152 17816
4464 -1968 14880
4684 -876 12224
1244 2164 12364
2080 -712 15248
2516 328 17684
4168 1464 15940
3044 2500 13948
4624 -472 14184
3128 -980 19160
7556 -1748 14032
3484 -1576 10108
2968 -2024 14180
4356 -904 16376
2684 -5240 14932
1856 -4224 16596
1328 -1820 17788
3048 -3104 20596
3628 748 17924
6368 -628 14860
2620 440 13980
1792 -2700 18580
3544 88 14416
9620 -4560 12196
1756 748 10216
312 -2224 24192
5276 -876 19264
5464 404 15552
3292 3944 13312
6912 2620 9668
2344 1100 11756
1076 1496 15080
3144 -2376 20880
1708 2208 21828
6228 -4528 20416
9928 -452 15708
7280 1616 14064
2416 -3704 21992
4736 -1556 16688
1540 -2224 15508
3968 -2268 12000
5504 3612 9512
2600 928 10088
-104 -3104 24784
1500 -2180 15544
892 -788 14488
3120 820 16268
2288 -1404 14972
2944 -1548 15580
5788 -156 13060
6580 456 13560
6660 -568 17520
916 -1852 13852
4692 -1812 12440
4544 -608 16500
5180 -3956 15852
5784 -2252 15528
724 -1904 14640
1124 224 15168
1708 -3744 11992
-1680 -2688 28624
1612 -3800 20312
7904 -1332 5092
5880 -256 8472
6944 4132 9948
7388 1868 15388
1640 -84 14332
8212 -644 7956
-2084 -5296 31516
-80 620 27608
9916 -2648 7928
2220 -36 6028
2708 7640 28368
-984 752 22892
5308 -5176 15056
7764 -1112 12744
156 3492 11768
9504 3336 8928
3236 1608 12936
6584 1268 16904
-732 -1496 16452
180 -364 22200
-616 -1200 16700
4084 3036 13144
1304 4272 16900
5444 1932 20432
6020 -2892 16764
2772 -88 13680
4232 204 16044
5940 1116 14332
2120 1364 11304
2388 844 24584
3464 920 24240
428 -1476 15040
5256 -2004 16296
6256 -56 13628
516 -424 17116
2104 -2344 17300
5808 -3148 17156
6452 184 13332
2916 456 15560
7732 -1332 12272
5432 -2408 13976
6956 -472 15068
6536 -148 15260
4208 -1976 16756
1760 -4060 18800
3080 -1832 13744
5620 -2740 8748
2020 -2752 12280
1240 228 21428
5800 -904 14408
1204 -1328 7144
1312 -1388 16332
4236 -604 15712
3416 1972 11268
2104 916 18632
1228 -1644 23432
2444 2712 15696
980 -228 17500
2888 1204 19288
5152 404 13252
3928 1868 11308
4628 -2492 16584
6780 -2192 12640
1820 -2248 12148
1752 1244 15440
4100 1020 20576
4240 1840 15580
5648 -952 10764
1392 -3276 21332
1124 -1104 16768
3260 -908 13896
5640 1136 15768
5128 -184 14456
2816 -212 16220
3828 -540 15548
1052 1380 16476
2484 836 19404
4344 2132 14620
1720 328 16356
5536 -2824 17848
5256 180 16036
516 -1844 12632
2940 -3164 17108
4732 -3168 13200
2592 -752 17672
7704 216 16036
44 -1324 11636
2768 808 20448
5952 1852 19632
1008 -1400 12820
420 -628 11836
3376 1980 17004
4192 72 17356
1948 1356 14812
596 3028 12144
2848 -520 14692
2648 -1712 18288
108 -832 16516
2904 -2420 12900
4096 -2688 20604
5932 -72 16144
5520 2400 15924
4956 -108 17816
3404 516 17528
3792 28 19496
6436 2116 14136
2192 516 10696
3616 -324 20164
2568 -1644 14940
6008 132 14256
-248 264 16156
4544 108 15292
4256 -1708 18128
6664 1284 14836
1864 1580 8976
6680 512 11588
-372 8 17124
6284 -1096 12172
7372 -3472 13292
5840 1616 16504
6848 736 13596
4852 -1276 13796
864 -6400 21152
4924 -1908 14860
1708 -1932 15916
3560 2160 17564
3816 1792 20716
4660 -172 13464
4156 -2720 12452
732 -1912 12744
5952 -1104 12904
3616 -2556 12116
1632 2160 17136
6876 1408 14976
3576 -1440 11264
-1208 -1184 22500
2624 -1572 20988
1960 20 14148
4968 -324 19344
912 3792 12456
4584 2268 16868
4692 232 15340
3700 -864 11228
272 -3776 22196
924 -1288 16756
2080 -2648 17004
3640 592 23464
4556 1724 14776
2912 -284 15780
3960 560 13644
1808 -652 16016
4012 -944 15300
-1248 948 17824
5456 1132 14648
3552 952 17952
4224 2224 9668
4964 4284 14772
912 4128 17668
4180 2200 15796
5144 3076 15780
2036 1960 13908
2608 -3064 24648
3380 548 14628
7336 1800 13416
2824 2016 13612
1796 2032 17092
3848 1008 17468
4336 -1236 17480
1796 -720 18508
2064 1116 19004
5768 -1312 16580
1404 -1528 18744
2588 564 16080
4476 -2584 14892
5260 -1912 16600
2940 -2596 12252
344 -712 17620
624 -6020 20564
2492 -2192 16720
8816 -1536 17936
4780 3828 16708
2208 1348 16916
708 -1368 21680
1136 -2668 18624
6228 -1696 16276
1828 -692 14916
3868 -372 16444
3040 1624 14048
3128 436 14628
3500 -3260 20044
1256 1532 15184
4560 -924 10624
3160 -992 12152
1880 1492 16580
7660 1124 22192
2804 -1768 13636
6864 -1052 11200
4948 -3832 9052
-208 -1900 16356
-1704 -3112 17824
6120 532 12156
-2240 -2416 22196
1128 472 18816
2848 624 18136
2524 -224 14688
660 -1428 17400
6424 116 16632
6184 140 13344
3552 -3044 15488
2568 -1456 15224
5208 -908 18100
1540 -1552 12572
6484 100 15892
2976 1052 17156
3544 1052 13800
3108 -372 14680
4588 -2024 16000
3688 -2280 15888
2808 -1260 17360
6456 -988 14472
3828 -2308 14308
4868 -1824 10112
3692 -2048 19520
3140 1468 17320
3896 -1464 13832
-856 -3288 22364
-2552 1304 19608
6540 -776 12776
5472 2772 10200
2640 1324 16652
5884 56 18972
6508 476 17196
6584 -1316 14556
4508 1352 13880
5596 1792 12680
1276 1704 14016
2664 -456 17380
3124 560 10552
3324 -236 14580
1868 2052 15692
-8 1120 17244
4244 636 18820
-2072 -120 15752
808 1220 14836
1792 3248 19012
4580 924 19292
-928 1244 19840
4024 2276 14140
6528 3372 14116
400 2432 15620
6372 -816 14344
7632 3420 11624
5380 1932 13060
424 1360 20400
4532 -880 14740
-2052 -2040 25004
3436 1288 13452
6844 -1936 11548
1764 1320 16636
5676 -2948 17668
1044 -1040 20132
3660 -1424 19488
5456 1220 16292
2064 -1796 11940
6372 -2224 20000
5844 -4256 13252
132 -552 13408
-1260 -1340 21684
5416 -776 12784
3964 -3672 12792
2300 -88 12804
2292 -172 15672
2044 -776 12400
4164 -2920 12796
3608 -1904 13632
980 -2792 13988
-172 -4012 21716
10044 1296 14280
5500 1488 13088
3068 4 26616
4624 -1280 20280
5428 -1004 11240
3776 -1608 15020
3540 2864 13960
2384 700 17324
2208 -840 20744
2856 -1680 16288
692 1388 12408
576 576 18932
844 1216 16808
2628 -252 17272
7812 -2692 14188
3016 -3592 17512
4560 -2248 19188
6500 -2340 11772
6272 -764 16004
7208 -636 17460
3928 1288 19424
9448 -1960 12552
-1284 -3360 17772
-476 1736 13048
4796 92 15808
5196 -800 15464
-1268 360 16772
4176 -396 16724
2492 1520 16544
1148 -1096 12132
7196 -168 15320
6492 1600 15316
1732 3596 14836
5600 -2076 18160
4368 -872 16436
424 -2560 15612
4908 1868 15284
2772 -592 19984
3300 -1864 14932
2940 1392 13580
3156 1720 17692
5036 2396 14816
5212 -140 16108
4284 -1352 14372
1576 -2620 16904
6568 -144 14448
-1204 -1708 18068
4108 -2496 18284
4720 -264 12496
3920 -2648 21336
7624 1976 15252
6624 676 12600
2280 -208 12792
3240 -2452 18548
2692 -3132 14444
1764 -2348 16580
-524 -640 20604
5144 -1476 14904
2788 876 11304
4484 -824 10800
7968 -1200 15240
-4536 932 18228
7388 3400 18820
3800 836 14200
4204 -1512 12224
6516 -1608 14500
1760 388 15700
3048 -432 18200
6324 -1116 16208
3840 -816 10928
4236 -508 10100
3748 -912 14888
-1460 -892 17604
-636 -3960 12932
2148 1940 13004
-2548 1304 21920
2312 1508 17032
4916 -1384 12712
1784 -756 18184
4600 -1972 19812
2736 -1764 15256
1740 -104 12640
1012 2612 14468
-1680 1732 20952
4128 1264 16376
5996 1044 15364
3112 2168 13800
7952 -1828 19544
3176 -828 15036
4604 -1484 17540
5896 -480 14376
5508 -868 13456
2912 480 14508
-1952 -748 18612
5236 1644 15384
-572 992 16604
4136 16 15772
3232 424 19208
2040 572 14176
4384 -28 10388
1624 468 13504
1104 -508 16216
5788 -1240 15332
4356 28 20924
-16 128 17740
2588 56 17988
5400 -60 17840
1520 3188 12944
3600 -1708 17204
5360 -2456 16868
7528 -1536 13960
3448 -1560 10192
3380 880 14440
6160 2760 12136
4564 2032 13340
3768 2328 10368
5116 -256 18320
4676 1132 11472
4280 -2164 17612
3028 -256 19064