3440 -320 15512
5916 848 10432
2876 168 11760
5112 -3596 15208
3956 -4436 18196
5220 -4644 12592
4400 -636 12024
2792 -4220 20788
6440 -5116 16948
480 -876 14140
5676 -1912 17208
1044 -3392 15032
4248 -5844 18804
4328 -5908 18812
2652 -4008 14340
5776 -560 15144
4880 2688 13940
1512 -484 16764
6152 -2924 17372
4532 824 7612
4060 2884 13320
4012 -104 17072
-296 -1896 17808
1248 1508 14832
2896 1492 13296
1464 -2432 18764
4728 2560 13452
5700 3340 14712
1896 -1508 18224
5816 448 18872
6904 1800 10496
7312 840 7376
4528 -1112 22632
-1204 -6376 22356
684 -5724 17592
3492 -2252 13524
-1184 -1640 14692
688 -2536 20652
1800 -3048 13628
3680 -1144 6936
6192 -32 8948
1740 -272 15636
2512 -2944 20956
6792 -2788 18540
10296 640 7040
5016 2604 16544
4440 -4268 19392
8268 -6080 12204
-100 -6220 17368
280 -3172 27360
5040 -1552 15088
2568 -2860 8808
952 596 17204
2296 -828 20440
1684 -5880 14716
5740 -6172 8240
3552 -304 9520
1920 -2824 19840
444 -6632 27524
7908 -456 12056
11580 1576 8200
5956 1372 14004
3564 -4196 15028
4888 -3576 13248
2716 -372 16808
3288 -480 16772
1400 2496 12780
-2444 2512 19964
4344 -908 20596
-840 -1280 18608
252 -8120 18280
6452 -1824 13580
3396 2884 8408
4124 448 13532
1284 -5276 28404
-44 -7532 17444
7004 -4800 17188
3432 240 14292
5488 3196 9736
8276 2396 6472
-7936 1648 26500
-40 -5452 28668
6536 -2984 14812
2268 420 6760
1344 -2144 13868
1444 -4864 19576
4744 -4512 19212
4016 -2256 12320
9312 20 9820
6204 1448 9952
3008 -3208 12420
6852 -5880 13696
2424 -1660 20776
6224 -416 18720
8460 -3948 12784
3272 -2480 12060
1856 -4724 17500
6228 -2928 13976
7312 -768 4580
-216 -1296 24396
1568 -3892 23360
4540 -1992 11984
3020 1724 8444
2556 944 19196
1796 -2708 27096
4488 -3324 13288
2024 -2500 11752
7368 -2764 12960
4364 -2492 12060
5728 -332 10396
2728 -2648 20232
3816 -108 17480
4996 -1476 15552
4460 2184 11240
1948 3244 15304
-136 212 21140
408 1496 22964
4308 -2248 19752
2300 -3172 16536
6200 -276 11576
4860 4416 12248
2404 -5152 19712
-660 -8336 25800
5304 -4436 13964
5048 2368 12068
5820 2272 12264
3244 -1328 18068
5628 -1204 13172
488 -804 17948
-3136 -3240 26092
4688 1092 18160
10812 5528 5112
6316 5868 2580
7164 2748 11752
116 -1792 14900
180 -4072 22924
3244 228 25508
-3572 1060 23856
1116 2428 21564
7924 3180 14112
2988 576 9596
1532 -4636 14588
1548 -7796 26920
7800 -3740 16012
5412 1080 4460
1084 1832 13348
3084 -1096 17092
4912 -4968 16444
5600 -2664 17496
2164 -2140 14760
1368 -1948 14384
6904 788 9752
6488 -2536 10260
5284 -2760 9572
5964 -3740 21348
4868 -4508 25488
3244 -3440 12284
4264 -2036 13112
5044 396 12144
2448 -928 17340
-776 -3908 19896
4264 -3348 14728
2000 -372 11232
752 -2304 13104
3584 -4676 17328
6436 -2540 8936
5220 -736 12688
1688 -2468 15800
1348 -6192 21984
1740 -500 16144
4900 -844 9524
4584 540 8720
-72 -4544 21700
1040 -4940 23624
4536 -3400 17392
4384 280 12072
3304 1312 14048
3996 132 13340
6988 -680 13424
1200 -1632 15808
1708 -4312 22056
4420 -3844 13136
4708 856 6436
1888 1212 12360
3600 -1256 13908
4060 -2148 11092
2204 -3348 20144
3548 -3544 12088
3096 248 14888
2148 1432 16868
3908 668 15980
1836 -1676 18744
3652 -3408 18956
1184 -2348 16312
6812 -1068 13632
3704 1216 15460
3256 2080 9836
1908 -272 12184
-408 804 15640
2016 -2768 24864
2104 -212 17636
6648 1704 9940
4672 1816 12692
-880 -2544 19928
3760 -3080 18332
6992 1764 12680
6992 -248 12608
1764 352 16248
2172 2620 15344
2696 -2048 20408
4068 -1588 20836
3780 -1180 11880
2876 4452 10336
-1308 -4208 26940
252 -5832 20376
2328 836 16928
2220 1168 15424
5020 -3216 16096
8180 -876 12888
4204 -1840 7716
4480 -3456 13748
3596 -3192 15148
4700 -2576 19204
6168 5580 15992
4704 372 15184
1708 -984 15844
1760 -4380 21044
8288 -1036 10776
1136 -312 7868
-1036 2480 10624
-752 -4316 32767
5528 -5800 19404
6488 2072 5036
6220 6160 8092
196 928 12672
1592 -3916 24004
2132 -616 17788
5692 860 11572
3288 2556 17464
4804 -312 18188
4348 -4664 16956
1628 -3872 13544
3708 -5360 16696
2112 -3104 15092
5300 -2904 13960
4804 164 14316
1832 -2988 20848
5296 -116 22288
7488 -2068 12640
5044 108 12764
1944 3956 10084
2260 -68 13452
4848 -828 16388
1232 280 13336
7264 -1784 11536
-1348 -8652 23352
2788 -8100 23664
4852 1336 10732
8728 4756 2036
2904 204 13540
3436 -7000 16584
320 -7288 20804
1712 -7492 18824
-240 -884 11536
2736 2296 16320
-1208 -2372 19864
-416 -5504 20500
2860 -2404 19424
1388 120 13972
7584 1640 9408
5204 -684 14736
6232 -1980 9152
6200 -148 11168
1676 1284 14300
-2024 -2868 30780
924 -2776 23600
3192 -1576 9604
2092 3732 12356
3696 1064 13716
4436 -3616 18436
2140 -6976 17700
4988 -3068 11556
4348 1344 13448
1112 -372 15916
3088 -1932 20168
4268 -1544 20144
2028 -860 9724
2468 -172 13924
256 316 18200
4044 -1132 12116
7272 -2316 15692
5008 -184 14880
3008 2144 13004
6632 -744 17932
984 -2608 20564
1672 624 12780
3808 -1960 13392
1332 -1052 16860
1532 -1824 16140
4472 -3276 22500
5548 -848 14780
2752 -2844 15744
4928 -3468 16760
448 -1776 13244
1604 -892 16208
3844 468 13900
2048 1268 8696
1940 1208 16740
2176 -124 14084
3492 -1068 18316
8668 380 11952
988 600 12120
5588 -2868 17164
2424 -344 9900
5656 916 14208
-860 544 19428
1084 -3660 26364
3576 -3460 18696
-1216 820 15300
3652 548 18404
3188 840 13168
3540 -4320 15668
6836 -2256 15348
3584 -2944 12464
4216 -2612 19072
1444 -2764 15704
6788 1288 15000
5500 3252 14140
2024 -2144 16136
1760 -5376 19640
6140 -1708 14316
3200 2068 9924
4552 420 19092
3572 -2180 20472
6600 -4356 14812
2980 1324 16200
160 1224 20072
556 -812 20772
3412 -256 14336
1996 -2200 15460
4220 -5388 12416
-1776 -2228 15492
2416 -4080 19672
3136 -1416 15544
7364 -644 12840
5192 -1524 11200
4072 -4724 14592
5720 -3100 12516
5384 -2132 10380
1788 -5896 23148
3612 -5788 22704
5416 -5004 9552
2444 4412 13944
-2672 -96 20252
4464 -6120 17412
2148 -2348 14744
2888 828 9192
4480 -2900 12072
160 -4228 17968
3004 -4264 16392
4512 -1180 15496
7492 -1672 14204
3704 764 14132
208 -3116 20196
8616 -3600 18784
4760 2148 11012
2692 404 11644
8004 820 19860
4788 668 14852
1900 -360 12672
2640 -148 18484
3532 -1668 20204
1836 -1708 17456
3504 -656 13808
3208 3504 12496
6352 392 11724
580 -2176 12840
3752 -3792 21536
3784 -324 12608
1992 2900 10740
2060 220 15184
5504 -2912 17800
464 -932 12012
6916 -2116 11232
-672 -4300 21184
-1596 -608 21092
1688 1840 15040
3168 -2536 14912
3832 -3588 21376
7168 1828 16532
7052 3348 10040
7360 -1632 16220
6524 -1476 13640
1688 -2696 11724
-320 -1232 15880
3556 -2356 16252
3444 -1368 12892
368 -704 16416
3824 -1812 13984
3280 -436 14624
1668 -1768 16416
4716 -5012 17216
6292 -3328 14092
7248 588 13764
2120 -2692 15404
6248 -2808 16228
4188 -580 8356
1248 124 17860
-376 -6680 20448
2540 -3132 17488
2824 -832 7896
672 -288 14748
-268 -4788 20484
1324 -3292 12096
2408 -688 13556
3044 -2212 18620
2356 -1920 18608
8572 -1328 12472
1500 760 14844
1048 -728 22984
9300 -8 18776
6660 764 10892
4708 1420 11724
4140 -804 21012
2060 -1956 22816
7860 1852 12860
5016 3400 8816
-1176 1836 15320
2544 -3448 20524
-572 -7728 20076
-908 -5276 16752
3680 -1616 15484
4368 404 12624
8508 -4228 8848
3260 -4180 14840
3148 -3016 18448
9060 -3248 10988
1396 -1024 11280
2048 -3916 25424
1756 -1896 21876
140 -5132 11948
5164 -2880 16940
1376 -3036 14112
508 -2088 16332
4408 -4308 14940
-392 -48 13388
4232 -380 14164
1084 672 18776
7568 -1188 15124
9484 -196 12292
3420 1884 11868
-3800 880 26800
5112 -4256 22696
284 -844 15044
3596 4308 9076
6496 4532 11404
-760 976 13268
3012 -2864 20908
6136 -2984 18840
1388 -356 19820
5720 -64 11684
476 1464 14560
-688 -2516 16160
4336 -5780 18568
3956 -2420 16412
5132 -516 17108
5112 -1476 12424
3528 -1700 16776
1888 -1628 16084
4132 32 11732
3300 884 15436
2140 -736 19092
5492 676 18452
7636 1048 7952
8724 1216 9420
5424 -3180 10296
1208 -4072 27104
52 336 20568
7356 -800 13644
6556 5676 9380
-3032 2972 16872
-468 -5828 17484
4952 -5812 19300
-1872 -3176 16272
2188 928 15748
416 -984 21964
4504 -876 10144
1540 208 16484
1536 -3536 19392
3680 -2192 18620
1460 1068 12652
5224 720 10288
6612 1264 13272
2320 468 14792
8336 -1604 13864
952 -728 24032
6888 -680 13136
6852 -136 15020
2264 -676 20868
-452 -3296 18204
3360 -3916 17204
1184 -2632 19972
2916 -2900 18216
1684 480 17012
2512 -1648 14064
4160 -4708 17592
7488 -1416 13228
3092 -2080 6736
844 -3212 24380
3272 -6816 20580
6024 -1052 13492
4372 -1212 11968
7508 244 17392
8244 -1076 5932
7856 -3692 11832
1912 -7916 22652
6228 -3736 17988
6544 608 9288
5768 -1112 19876
1244 -4820 18032
5232 -6516 15228
3036 -288 6872
1968 2064 6004
-2976 -1052 21360
-4192 -7112 23364
1356 -6200 14468
7308 668 8608
7752 6416 4144
4948 2200 13288
-676 -7328 23744
1344 -8160 24488
6024 -2020 6664
3668 4272 12972
4368 888 17624
3376 -5372 21088
1492 -5060 19368
2844 496 14084
6240 960 12392
2928 1476 12892
-1608 -1948 20036
6624 -4992 18756
3752 -2116 9972
2976 828 11620
1860 1240 18056
3148 -536 17104
4528 -72 16840
4216 -56 12632
3572 -2800 17032
5720 -1520 23900
6412 -748 17704
5556 2552 11860
8160 2396 11984
5032 -1348 15696
4400 -3004 15888
504 1020 18432
-480 -3440 18240
6188 2796 15796
-796 2204 8584
4216 -1040 17960
280 -4188 15120
1760 -3052 21816
5864 -2956 17528
2240 236 14660
5044 776 16556
5624 -3020 24192
3612 -3524 13160
9412 1692 8004
8032 1556 4908
-1416 -2124 22672
4208 -4024 24904
1568 2308 14420
84 276 16348
6156 668 18828
3552 -980 11808
4264 -992 10764
-424 -1092 13164
4536 -240 16548
3212 2216 10028
-148 -2420 19896
5556 2224 27864
4448 24 16604
4724 -4788 11316
-7328 1460 18564
-4316 924 28536
6784 -7164 18960
5852 4032 988
4760 6068 8348
-2136 -848 23936
-2112 -8708 27856
6256 -7656 9556
2140 1556 18732
-5292 1516 16540
3908 6468 8124
4936 -4808 -1764
4120 896 7500
12164 -1204 7196
-64 -8128 32767
6888 -2936 18248
13560 4380 10464
380 -316 6672
2640 -1488 32767
-64 -3892 16044
6436 -6508 11664
12460 -3564 17248
-2788 6092 14860
3412 -360 9996
156 -432 23400
-448 -4668 18444
2636 -1704 9248
6332 -5516 12028
1292 1076 12776
3172 2992 14360
-376 -2496 17356
14272 -768 11740
1864 12 21468
-148 -5212 18740
9572 -6564 22564
3428 -356 14876
672 424 12456
11452 460 9900
-2960 -4328 16308
3216 -7332 22072
-3472 -6736 19904
4452 1612 10116
7404 992 11660
-5692 -3028 21040
9296 -2252 11068
-68 1352 19900
4560 3200 8032
2088 -876 15284
2492 -4512 10984
8496 -5232 14644
9636 -3792 20592
8008 3620 13460
7080 196 16012
-1080 -4000 20328
6380 -3592 12488
9604 -796 13052
-1688 3396 13036
-1272 -3176 21564
696 1132 17852
5408 -3364 14536
-4572 -1912 14500
5152 -1024 21780
1824 1548 7352
6256 1092 12244
-4424 2256 15244
12396 72 13784
836 -5456 21216
4756 -3052 23800
12620 884 9180
2260 640 8332
1380 368 14816
2392 -8960 31072
8548 3404 3048
116 3160 14476
4332 -228 18528
9800 1820 6400
14000 904 5276
2364 8 6244
-2580 -6800 32440
8036 -4552 15352
1272 3512 5256
6364 -6320 28088
1604 -2876 21816
4228 -3156 16904
-284 2248 12388
-208 -2428 20984
-2580 -1340 15204
8280 -544 16164
3084 -1228 19708
1260 -2912 17596
2260 428 16420
6536 -156 15044
3044 664 9232
1620 2860 17204
-2664 -3232 19120
4576 -2220 13748
-756 -1096 13548
7152 1296 14572
3348 -376 12972
2232 -76 16584
724 -1348 17628
15028 -5668 18688
-3500 -524 12892
13284 728 13696
992 1536 16648
3892 -4404 13100
460 -2076 17320
-676 -3188 20460
3880 -1420 16768
280 1180 10848
3484 -2800 7248
-4028 -4532 18576
-932 -7532 20948
5024 -628 13444
4732 -2212 18364
8728 -1312 16424
8092 2016 10600
4720 2660 8736
236 -3968 21416
664 240 18796
4260 1972 9680
2276 -4820 10532
-5332 -2728 24000
3244 -2648 19032
4536 2116 13828
5788 -1384 12204
4844 -2896 9600
-32 -344 20712
-216 -1544 22236
6796 -9596 11816
6784 -1148 13824
1332 -1192 14776
6340 1092 14056
4024 -2872 15004
636 -4344 17836
-440 1232 20292
5272 612 13696
2496 -6536 18016
4228 -6312 18064
532 -880 18808
10512 -4928 10904
6956 -1188 15616
1080 2396 16900
1748 -1472 18112
5184 -10272 18924
8880 2072 12112
2412 1544 9908
2332 -3824 20592
380 -4164 9132
6416 -6436 19676
-272 280 15644
11816 5588 8696
-2828 -2988 16404
1132 -1256 12476
7436 -2156 17792
-5288 -3168 30704
3456 -1532 16576
860 2752 11844
9044 3432 15488
-1216 32 19916
1064 -2572 20568
9520 3780 13712
2252 1256 15876
3268 2644 14200
1644 -1624 22788
1580 40 15068
8152 -136 8200
6456 4176 14864
3028 -712 13028
4000 -1108 17644
3348 -972 17664
5444 -3068 12124
6600 1120 11396
2388 5340 10116
6144 -3924 13436
3300 -3372 9952
-4376 -32 17528
6000 -1292 15288
6184 208 19036
-3964 -1764 16644
10692 2708 11936
-2816 332 11776
-4524 -5784 20856
7560 920 9376
-9888 -1752 17640
17400 1812 21964
1964 2360 5316
7548 -3824 12340
11632 -1900 15060
5384 -500 12224
2032 3016 16608
4864 -188 15528
1388 -2764 14172
7632 3140 19568
-1704 -748 18216
1852 -6236 25544
5968 -1620 15636
3552 -156 492
9792 -1924 12620
-18428 2432 28220
-668 -11300 32348
9476 -728 14940
11480 -368 6188
3060 4992 8064
-3780 -2476 28140
28 -3088 23952
3140 -10728 16484
10120 -2980 8852
9456 3004 11304
-24 -5488 25564
3052 -2356 10296
-332 -4016 12612
7252 -7296 18852
8764 -7308 14812
-868 3312 7804
4340 -2832 14928
6560 -3612 19760
9464 -340 13608
4824 668 11520
3968 -6960 23580
-36 -1164 11244
2908 -2012 17128
-288 -576 8280
3964 -1908 18036
1312 -6492 12408
-4448 -400 12328
10372 28 13592
1888 492 20644
6260 -2376 16392
6048 176 19604
-2264 324 21060
10196 632 15556
6512 2712 8612
2796 -4732 17272
8700 -812 21064
-1924 1528 18948
2832 872 20608
2228 1752 15464
4536 -36 8368
532 -276 11720
3432 -1756 23708
2112 -3336 16252
1096 -3808 13168
8624 408 14072
4728 96 18144
4144 -3608 14992
7528 -6636 16144
-2168 2492 10816
9288 40 21444
3996 -9748 14632
332 -580 12492
2200 -2528 21728
-2640 -1672 21776
6932 1812 9388
9744 1536 9428
5348 1068 11536
1960 -3448 21732
7560 -3788 18120
2940 980 13992
6656 3880 10956
6920 3888 13244
-604 -1128 17288
636 -4556 18904
-1044 1152 10572
1752 2828 16548
2568 -224 20956
4300 -768 14744
5328 500 15308
-1124 60 11904
5096 -4840 21300
5704 -132 14256
3772 1256 16608
2548 2332 17708
6796 -3936 10364
4664 -1504 11364
2000 -3948 22308
3296 -2556 16124
5016 -2284 9756
-332 -1476 15396
900 -2376 17980
5480 -2396 16412
2440 600 11340
12252 -1792 10936
8 -2300 14292
8804 -3768 18180
1712 364 21136
-416 1968 15460
6132 -3416 12496
572 -5280 28100
1708 -3824 18856
5528 3148 8744
7044 620 7904
3208 864 11788
4316 -4124 14328
3324 -6068 22276
5880 -5656 20148
3528 1488 15740
3224 2280 13824
-864 -1364 14788
5136 -1584 19476
5100 -2820 12176
640 -2764 21328
5216 -5300 12020
2044 -5840 20724
5836 -756 13168
7516 1940 14264
3224 -1564 15476
2528 -636 7848
-340 -1220 22284
8 -1528 14172
-100 -3644 16160
7376 624 8312
-1848 -652 18020
136 -2372 16132
-1056 -6452 29584
5676 -2372 14820
11016 4288 5528
8228 5144 6988
7012 1544 12780
8696 -5224 20704
4848 -3896 10536
9384 -2488 14800
2480 1040 17560
2444 3012 17344
-792 -1712 19008
1360 -3856 16960
620 -3512 14724
2356 -1152 10920
-116 -7412 28280
2376 -6436 23036
3692 2000 11972
10292 4084 12144
-424 -2384 13216
2268 -7356 19624
-1068 -2572 15652
3524 5672 15556
2944 -1096 19652
3224 1540 13764
8400 404 9436
688 -1260 19544
5088 -1140 15228
7384 -3160 17780
8572 -664 9604
6908 1316 13540
2028 2496 13664
8528 -4608 22292
-2288 -2448 19972
3752 -2340 17460
3644 -2972 20004
5032 -3784 20876
5900 2764 13616
-1392 748 13656
6260 -3416 15440
524 -2268 8552
4108 -4440 14284
4100 -1524 17236
6308 4176 12480
6104 -292 10624
4980 -816 17160
4588 -3700 15728
3244 -5416 15036
3292 -6180 21416
5336 1856 11704
6292 1620 15232
6772 1052 13832
2496 -1664 12100
7900 -3056 10368
-8136 -2116 21404
2592 1472 16008
-224 1344 14916
-1136 -3652 24028
7432 -2396 14816
4672 -560 9880
5844 844 8440
6368 -2668 16388
3744 -4152 20368
10056 -3600 13788
3904 3044 15368
3148 688 14332
140 -1504 18420
1800 -1184 20708
2144 -1208 17136
2680 848 14468
9408 468 8068
3872 1784 12596
1612 -2664 15356
2200 -3324 20372
-2544 -5628 21832
7544 -2584 12524
7192 -1388 15176
-844 -664 19492
6704 3848 12344
-1100 -1700 14832
-320 -10108 28300
2244 -3904 18840
-1240 1320 11912
3660 3556 9844
-1620 -2412 11612
3936 -7804 22584
5648 -3188 10704
4968 612 11768
4288 1036 15796
8040 228 14792
7800 -2040 11328
7480 -4080 14968
6756 -3316 17528
5488 -1616 10344
-3316 -2164 23024
5640 -1036 13640
7068 -1956 9372
3744 112 9852
564 -3852 17164
-1164 -4940 21264
2492 -292 12916
6688 256 11380
5808 -488 11472
4328 1820 13152
956 -4580 19884
4020 -7740 16336
5120 -532 12352
7848 3568 10880
2156 1248 14820
-672 -2396 25632
7228 -2904 17796
332 2688 11612
3828 -1232 18588
908 -3724 18540
9360 -1984 13108
7756 2560 3612
-796 828 13612
1988 -5148 20288
3756 -3500 15300
1716 4136 9600
6840 576 15656
944 1988 14268
3692 -4360 19536
-1916 -4024 21780
4540 -780 17128
10516 -1592 5964
4628 684 9728
1056 -1916 14456
4032 -4564 21832
2540 -1072 16672
800 -580 17256
928 1008 15092
3436 -2268 16924
3192 -4172 14596
4424 -2260 19880
-352 -636 15796
6156 -3188 14836
4680 -468 16136
3928 -12 22252
2880 -328 19332
1748 1128 21676
3592 1416 18228
4788 -1224 13740
3400 656 15008
7840 -2652 12764
7756 -568 8056
1216 -1872 18080
-76 -2408 23692
2816 -5372 19612
6728 252 12428
4180 3976 13088
7304 1696 11952
1568 -2668 18544
8100 -5168 18036
4120 304 14524
-1440 -3732 19060
3664 -2816 20384
2628 -3928 19796
5368 -436 6592
-1100 -1804 9996
-1440 -2772 12216
2464 -996 14868
2672 656 9700
4080 1076 16104
6216 1092 19588
5964 -2540 13456
-4848 -296 31844
5468 -2376 15688
7400 -1644 13700
5552 2620 9088
7496 2780 18432
4308 -3468 17180
-2684 -2192 17740
1620 -312 24956
6164 2680 6424
1492 3412 3124
568 632 22492
4892 -2816 20088
1044 -3264 17144
9368 3084 12256
12104 2620 1596
-1088 0 11740
-3436 -6032 27936
13100 -3204 23744
996 984 11732
12384 2948 13308
-1004 2180 14148
3876 -1504 20940
1844 -2160 11280
5364 -1900 11900
-3240 -976 14852
-2108 -3380 24024
172 -2680 19396
2600 452 9608
5084 796 8964
8212 1904 13956
2464 -340 20456
944 -4488 19548
10232 -3796 16524
7664 2036 10532
5000 3688 15332
2008 -1676 19852
668 -3848 15508
408 -4048 8836
-1888 -740 14368
4732 -3608 15888
744 3108 11648
3784 1732 14872
-332 -560 19428
9180 -6948 12700
4572 -1844 19024
8032 2436 9756
8452 3120 9504
-992 1364 13020
-1420 -3568 26932
1752 -6684 22560
4276 -6576 18732
2352 7576 13708
5000 4112 11708
304 -1356 13456
1824 -864 18488
8056 -4964 7972
1528 -5872 19852
3556 -2356 18168
52 2956 16048
-2592 -3748 13848
7112 -7672 14508
7520 -1464 16600
144 -380 11880
8428 -1256 23840
12908 -716 9476
8392 -1340 15260
8532 6396 18644
2272 1324 15568
-1648 -2332 14244
520 -7176 22980
96 -9284 15708
4388 -692 12716
4112 2132 14080
2140 -708 9668
7716 -3836 18060
936 -7744 17068
6576 -6100 12648
9372 -3348 13268
6032 -428 13640
3856 5748 9564
1568 -6284 22788
2364 -3832 20708
-1364 -436 17508
3496 -352 12492
4820 -376 16000
5380 180 10868
8812 -72 14456
-1392 -356 12596
8116 -152 15664
968 -2136 17128
5284 -2468 15276
1992 -908 15148
2372 2468 15752
6176 -4076 16208
5452 -136 16208
9704 104 8084
3580 -256 8240
-156 -5164 21416
2480 -4340 32767
9248 1412 6128
-2376 2300 23064
2624 2512 26200
4444 -3136 11460
3456 -1180 5416
-184 -7400 25452
5380 2556 15508
3152 -2176 9772
-1804 -140 20652
3576 -844 13136
6192 -3744 7056
2620 384 22212
5836 -708 10656
4400 420 10636
5648 1012 19580
11776 -6040 5252
1956 -780 11764
-5688 72 20084
1684 -9244 32184
-6880 -1780 11444
856 3348 22688
7532 -296 14072
-4884 692 11184
8092 -1152 7720
196 -4020 10396
160 -748 8532
1716 -1456 15384
5692 2224 8588
1128 820 14976
-3184 568 24316
752 -5680 26648
-1628 -3324 29764
10780 3916 12152
7320 -744 13276
5928 -3332 20188
5380 -336 22984
6244 1796 15336
5232 -4496 18508
-4612 -2476 24616
6632 3376 13716
4024 800 16652
180 -5256 15464
2044 -856 15432
2300 1868 16000
-32 -2620 15712
7964 260 7792
-4652 524 16972
13848 -5320 18236
-4832 -6756 23556
1812 -6892 22416
5872 5132 10956
76 284 11460
10096 692 12204
4116 -3272 11348
9308 -5676 19808
-3456 -9704 17112
6040 -336 18952
-648 1108 12260
6740 1816 11960
7000 -1160 16500
-2436 -2644 17252
6756 -2556 15000
2940 -6644 19480
7220 -5320 18484
2792 4576 16224
8160 -2740 20784
180 -8336 21008
3296 -5224 24548
6136 3948 8052
620 4868 11444
6680 3032 13576
12380 412 10488
-11272 -6028 22036
8040 -7252 20808
5208 -4684 12280
2476 4568 10412
5380 356 15816
-2368 256 26576
5984 -1864 12544
-340 5348 6676
-4332 2096 8452
11152 -4116 10736
1856 4332 3356
-784 -220 19764
-1016 -1708 25480
960 -4436 20620
7040 2204 13200
488 1776 6596
5724 -2456 21976
316 -4844 13140
-2684 -4004 28404
9056 1464 14352
4508 3228 10488
3716 -3188 19120
6392 -3960 15600
2384 -2544 18824
4712 -4980 11868
5676 1296 15652
4488 2896 18424
-5340 -264 14292
8492 -5512 20948
948 472 7396
6952 1308 10956
4560 2124 15936
1808 -1568 12600
7448 396 16792
1384 -1788 16348
-392 1792 19028
960 -104 25428
9624 -1256 12268
3168 1300 6544
-808 -384 12128
-768 -10216 32767
3024 -2980 22532
5712 6692 5432
-6180 1872 15588
3216 -6548 21352
4080 -8168 27216
460 152 17740
9220 2184 6424
10840 236 6660
124 -4332 28140
548 -68 13608
11928 -10588 12280
-6472 -4572 18840
9696 -484 27776
13464 4116 6008
-664 1996 13580
-752 1368 25340
11372 -7548 16736
372 -6192 14876
9036 3296 12924
-752 560 23136
1632 -12992 17268
3904 344 8220
2964 8032 1684
-12240 -1736 14612
768 -19736 32767
4728 1096 2756
9312 3100 3276
6460 4528 16488
284 272 15428
2912 -12036 32584
4124 -3588 15084
7384 1720 6292
3344 664 9668
6688 4376 14844
3416 -532 17260
3488 -5436 11520
6608 -4872 9408
3236 1452 12188
540 3500 12640
8876 -1084 16604
-4072 -4688 24232
-1952 -9620 8848
14120 -1116 11264
-6280 6440 16524
976 -4476 24592
5912 -4908 18548
-2088 -248 5596
10900 4100 5892
-7684 -332 12616
10908 -864 13772
-1356 -4524 26616
692 -4232 19216
11104 632 3524
4376 3112 14584
-7412 -696 21080
6964 -4048 13540
-796 -5376 17456
5308 1520 8612
-268 -4640 24832
8636 2068 4844
380 2248 14996
-284 768 14296
7036 -5984 20068
-1224 1104 18908
1444 2508 9404
10772 -1080 16512
-3152 -1816 23572
16560 -4000 17736
2496 4544 5956
4480 2708 5048
2812 2600 17308
1440 2332 12608
7084 -4996 13164
2020 -2752 18552
-3448 -3368 22252
-1812 -1652 21884
3788 1616 12560
1848 4908 12708
8664 2936 13412
-1792 -3180 15488
1480 -1732 11780
11384 -2748 4184
-300 3096 12996
5764 -2660 24472
7704 -5136 14840
-848 -6272 23436
7728 5704 13000
6932 3164 13064
-3992 -6752 18696
3940 -7000 14952
3108 3220 12028
-4800 1640 10180
3060 -3096 22028
-500 -4368 22336
6288 -3192 14872
2716 7792 14052
5164 -6828 14580
-1968 -6376 28140
-1960 -1760 19544
21076 -896 15716
440 4392 14180
6668 2632 13972
3152 -4660 21528
1368 -7204 22892
6120 -2128 20
4588 4364 12332
-4540 -748 26636
4628 -8996 26400
4852 1596 5980
-3976 432 17484
8852 -4596 15196
-5224 748 17776
7824 -3956 16064
3356 -3164 21520
-592 -6680 16768
14208 1968 19252
1864 4608 6224
3592 -11276 32767
-1580 1252 14692
6868 6796 5124
1236 2112 2500
5632 -1596 13600
-5472 1828 28008
13212 -2892 15320
-5644 548 11544
13172 648 11440
-9160 3248 22852
10732 -4720 10120
-9520 -1668 7488
2616 -6916 17396
6100 -1820 18228
-7336 6016 13796
6404 -1660 10456
-2064 -6224 25336
11220 -7104 13928
1816 -720 19280
10816 -5760 9712
-5008 -1956 21248
2032 3000 22076
-476 -972 7292
4552 9536 13312
-3612 -2196 22244
14800 -13748 14092
2160 -1140 8552
-3272 -1252 32767
-2484 -3680 15388
13944 -5496 7612
-4416 8924 7048
-1648 -15964 32767
4836 -9304 10160
7048 -3256 13632
-4408 4996 18756
9144 348 14136
-1484 -2628 16728
3156 2492 19120
-1252 -8084 14704
10236 -2256 6572
-3636 -3968 28952
3224 -2296 23472
7464 -4360 5232
12296 1128 -104
-2740 -2624 25840
1864 -1876 19616
9124 -6444 16088
-10584 -2940 14680
11984 2432 13396
-10400 4512 31176
8988 -6316 23228
7640 -760 6360
-992 3772 6240
5120 1708 12704
-1752 -3648 25504
12604 3724 14956
-6008 688 8892
3500 -2884 3228
2256 3756 19516
-2904 -1500 16768
11608 -8644 16092
-3444 6460 16720
2572 -4784 19568
8616 -7464 16856
5584 -156 8016
2396 -5068 31400
8280 -1076 10972
10792 672 8284
-144 3620 -1108
-7460 -4500 19464
88 -14932 21548
-1316 -4308 15280
9712 10032 8088
3316 -3488 20116
3444 -7100 29884
6896 304 8568
1660 -2496 10500
5420 -3588 22492
5388 3952 14272
1632 44 12280
3488 -4304 13612
6828 -712 18964
4132 2548 9608
1940 1424 8808
1688 1108 23008
1492 -3088 22740
-1064 60 10980
7128 -6832 25684
1836 -324 18188
5488 -5108 2516
10044 5560 14724
-6092 -3260 15340
9516 -2220 11844
-4916 -5808 24364
9112 -10844 13740
7644 2876 11056
624 8400 14876
7456 -5212 16384
3016 -4712 17660
10932 4716 5808
-7660 4240 17336
1900 -864 17800
4792 -5864 17680
1280 -4028 14184
1120 1268 15112
-3784 5208 14604
2268 2380 14156
3348 -5244 17956
-264 -5208 10328
9256 -2436 16508
2200 -5384 14972
10944 -3884 17256
4480 4304 7952
8704 2156 9716
2576 -2432 19080
8148 -4292 8040
-3924 -5780 27452
512 2480 23972
600 1680 14996
6184 -4324 6476
3332 -3600 20968
-2788 -4156 11384
9556 -4476 15832
560 5880 13256
2692 -1900 14508
2356 612 16404
3068 -520 14048
-3128 608 12684
8460 -2352 19708
3108 -3380 16196
5524 976 15104
3576 2240 16724
488 -4736 32732
8756 -5200 8156
8772 196 6700
4488 3236 8524
4072 -4148 15600
-1956 -7372 28108
4336 6096 10124
-2420 1732 11484
1552 -4404 13216
5924 -3908 16484
-3276 -1136 22032
11252 -3728 1884
5260 2460 26468
2528 7768 18564
1268 -2356 5728
5536 -4044 19052
4484 3644 9680
2984 1532 16676
7648 -3600 15580
1568 -1448 23656
8840 -3476 11096
-2136 -1612 19124
-384 -6408 19832
-268 -656 15992
-1704 -9320 17668
8892 -1668 10768
-4496 -3328 20264
6080 -564 22048
4296 -8104 15532
4312 1608 7572
3492 -9216 29864
6916 -752 12756
9364 4084 13884
-2844 -2656 13596
4316 60 24308
5648 -5152 10904
-272 -2500 18988
10276 2728 7988
-7628 752 26632
8776 -4600 10884
-6996 1836 18136
164 696 13460
1276 -3340 19600
10140 -2132 6088
-748 896 12912
3964 -7312 25468
948 -7836 11496
8460 -5628 13084
11080 7112 32
-936 6980 14952
-1120 -7692 27936
6124 -7540 21796
7144 9988 2528
-1236 3264 13288
7080 -7280 12484
3416 -2896 21036
8188 -1208 11544
1620 740 19092
-3488 2188 14276
3132 -7832 21676
3552 -3540 13736
-3972 -1760 7648
12444 -5632 19884
-2316 692 8948
9180 -728 11744
-9232 -4436 20440
10436 -5888 19396
-4448 -4032 26352
6788 3108 8992
8696 4688 15636
3236 1816 5768
5196 1516 15016
7980 -3600 19304
10408 260 8536
-1536 -2396 18672
-5240 -1416 27196
448 996 17284
8304 172 6456
4148 5244 14976
-2072 -3100 17856
6736 -4100 10744
7436 -320 15540
-4684 -1752 17084
5044 -2524 16164
-1868 -2988 12680
2264 4192 16520
8888 -1708 12636
2508 -3152 17928
2072 -6268 14708
5436 -380 19536
4480 -3920 18420
-3388 2904 7948
13856 4576 4652
-8592 1856 12416
13472 -5120 13640
400 -600 16700
2988 -476 9532
-2552 1480 13144
9920 -2852 14560
180 -1108 15720
1308 880 10700
8948 1748 8980
2444 1648 13328
3164 -5688 23508
-3024 2072 8772
9980 -5512 23152
-6904 -1988 15448
13868 -1620 15996
3032 40 14980
2560 -5196 11732
132 -4000 26996
3668 204 15488
376 -836 9748
4124 904 10620
2544 -1656 20584
912 1504 10796
-544 -1644 12292
12036 -3032 20264
-1712 1692 12472
1248 -2092 17888
3352 208 15620
3596 -3144 15568
2276 -156 20536
6072 -444 13760
2640 -2888 15828
11488 -4500 13792
4116 -3144 21308
4452 3768 8796
1256 -3116 16312
3000 1932 14768
-1620 -3644 23176
1348 -720 8772
36 1264 15488
7896 -2584 11260
-6416 2328 10564
5636 516 13520
-268 448 19664
-556 -8056 17056
5848 4192 11964
-4448 -2168 24004
4260 -5600 13052
7220 -1180 17892
-1708 -1480 14688
2456 2216 7640
-940 2572 13456
1864 -6672 19272
608 992 10388
2092 -1128 21416
6908 -4184 19096
-2108 148 13992
8072 -2716 16320
5816 3336 8188
-5152 -560 16428
8712 -5460 23632
2324 -3868 12288
5372 -604 11284
372 5492 9680
-2172 -3172 22608
12540 1204 10792
-6844 740 12896
10964 -8244 20244
-1128 -180 11608
2000 -5964 23148
6328 -4960 12004
-4128 2500 11608
12664 -56 21348
-716 -3616 13872
5888 -5796 10760
3628 -5620 20936
-5388 -1892 17844
5548 2088 13936
4712 932 14884
11028 -4372 13424
4400 2108 11112
5212 -2912 15196
5756 -3196 18328
140 -324 19676
604 3408 22504
-1328 2476 19444
-744 -4172 21756
9592 -180 11004
-2672 2520 10208
408 -3200 15996
2252 -1372 20132
2068 -4300 17700
2456 336 9576
-952 1832 14520
9312 -4896 19056
5036 2392 5988
2076 -1900 30300
6336 -1096 16896
1220 -1296 13092
12248 -64 18192
4240 -2648 10492
1796 -6596 20216
1068 -944 21620
6400 3624 14152
3676 -768 5112
5992 1344 14180
-2084 -6040 23300
-1876 -5868 16540
11044 2128 11224
-7384 2556 13500
6268 -1964 23880
1084 2224 9796
1652 -2456 8560
8756 2700 18440
5932 956 12964
-6508 -4524 22260
8740 -368 20980
5668 1744 12824
836 -4632 18452
6544 7048 17640
2432 -3688 14048
12472 -7764 16280
1104 -4296 13936
7460 2928 14180
-1400 1136 16668
9484 -3276 12600
-7768 356 14200
8984 -3248 15152
-6784 -344 22468
10648 -6764 14740
8 -1232 9576
-3440 5164 12932
10280 -7508 18912
5932 -232 14036
9100 -1068 8412
3688 4276 18540
184 -408 24988
8256 -8296 13028
1592 1988 13048
7396 -668 19796
-560 -2116 14960
4884 -724 14392
7424 924 11584
-2388 5616 18304
8780 -2032 17840
200 -5168 14648
748 -8004 13400
11580 -6652 20248
3928 -2744 25072
440 3092 5940
7808 5360 7972
2040 -408 23852
-2476 -3476 20952
1320 -464 10524
12056 -12488 7264
-1020 -2948 9292
5712 5176 14824
3712 -1760 19016
8040 -7008 5416
2220 -232 14884
2840 -3692 13136
5124 1764 9948
3784 -6132 22808
392 -7024 13732
11000 2144 8228
2096 5296 10044
2984 -11276 17240
-788 -4128 20904
9452 -4780 15132
4444 2936 11700
7688 -6224 17024
7900 -9796 10180
5880 -1840 18004
3212 2568 6392
-1296 -1652 22772
6424 -6480 20696
5100 1236 6256
2832 2444 16760
-1344 -5616 22848
1028 -276 18620
7800 444 13660
6500 -4856 9908
2444 -3132 16128
4460 -1480 16736
6792 -3028 11188
10016 2240 8664
-3504 -1160 19816
3568 -7212 20724
5628 2252 6664
2668 1096 14376
1692 236 25600
6036 1028 13620
4664 -1396 14860
6244 -4208 15936
2616 -1184 11596
136 -8032 24392
9624 -3012 16036
5500 880 15036
1276 3508 13400
10596 -1128 10552
4944 -1916 23756
348 -4744 14028
8632 1572 11740
3736 -108 7696
936 -10444 32767
5020 520 12004
-1576 -2848 10832
8592 404 15812
2292 -4444 21148
2120 -1524 13800
5248 -1536 19764
3468 -568 14804
12108 -676 14536
600 -4124 9032
796 -9844 32424
6132 -2732 11480
-3856 -1380 9084
11648 712 21024
-2740 956 6044
1796 -7508 30488
3536 2544 16616
5432 -756 15688
7936 -4852 12984
1160 -84 10548
2652 -904 17984
5184 412 23376
2076 -2608 16312
8900 -336 12864
3520 -848 15252
-2572 -1948 16280
8132 -4388 21388
2128 1332 7360
2768 2392 9552
1508 208 14160
1436 -3944 19780
7684 -2396 17664
968 1580 7412
3580 -1588 10024
-396 -464 26060
8012 -3100 11576
4988 464 10628
-52 -4228 19400
-1968 -4304 20044
672 -940 11412
4228 -3740 24632
2212 1692 13816
2936 -3252 16484
7416 -2608 18520
2632 -1316 10380
-304 -2668 20136
-468 -1704 12360
8524 -1480 14008
3180 -576 12088
-4028 -1684 18120
3100 -5880 19936
9112 1448 11388
2548 -760 18472
4928 -5828 20064
852 -2728 7600
2704 -1836 10312
-1116 -7336 26184
9592 -2572 14116
2696 3392 15048
5160 5580 12844
1820 2464 18592
5332 -5992 12536
-3296 -876 11096
4908 1640 13016
-992 -888 17856
-1436 -1424 19908
3300 1100 13472
2632 -1380 17180
3724 -2036 21644
6212 184 14076
4372 3232 14600
4316 -3528 13960
1136 532 7828
4180 -1048 15124
3496 -8 20964
2512 2272 9276
-1176 504 15180
8568 -2680 17084
244 2992 7724
-636 -3068 14728
10656 -4996 28100
-2592 3352 6108
7976 4448 15436
3188 -300 9756
2624 76 13232
668 -6612 21984
3024 -2804 14640
5324 -1472 16872
8100 -1256 11376
-2292 800 15584
1012 -1936 15452
-2072 -1364 23496
2972 -3652 22508
2396 616 12416
5080 2212 12156
7708 -1488 16556
3188 -6816 10164
7476 -5768 17984
932 1824 13680
4108 504 15784
3704 -1976 16456
-2064 1076 17888
8420 -1860 21612
3848 -244 15096
-4540 -1024 15148
10368 6376 12116
-552 3380 17144
6044 728 17764
8544 1204 10416
888 4600 4768
-880 2584 13344
3656 528 10248
-1576 -4372 16788
1332 -2020 17804
5916 6384 15476
456 -2748 17356
8584 2092 11740
4600 4276 10280
3176 -2660 13160
1284 -7720 12468
2348 -2256 18044
4232 1280 13028
2048 3676 17916
848 -4696 19368
-612 -3524 23492
1088 -2036 12340
6688 2528 21828
-416 -156 15836
4892 -4236 7176
6744 -504 16388
2460 -3956 14888
2216 3420 15564
6080 204 17684
544 -1584 12612
6096 -64 19496
6296 -3516 12160
-1280 516 21916
1608 -6288 19608
8460 -836 10996
5948 -1644 12936
2444 308 19548
-1484 -1424 14872
7244 -676 14256
4944 336 12820
2072 -4952 19512
-4348 -8328 15200
5100 -4512 16892
7788 -3424 15484
6488 -2032 14088
2768 -324 20192
3372 -3028 15264
2596 16 10408
9324 -848 15440
5072 -2648 14408
3724 -7368 12384
2900 -10252 23040
4536 -704 10652
2948 -4696 14328
2776 -3404 16692
-248 3408 14260
4 3412 18252
2104 -880 15816
5296 -1728 5084
-3040 -1212 12220
-10632 -9188 25092
804 1500 11364
4496 1112 12212
-552 -1736 20832
8640 9056 15800
3000 4508 10012
12116 -5484 18460
1096 -3240 17528
-3420 -2312 21632
8444 -5192 16672
-1064 -2140 13832
1752 5140 14372
3124 -2224 22208
-1524 5532 10468
4456 -4396 17320
316 2676 7436
3324 -5816 15104
5776 888 13688
4876 -1512 11844
172 -4852 15568
2432 -3612 22872
-352 -2692 13900
8196 3480 12836
6236 -636 18172
-896 3388 18600
6388 -1452 10480
3128 -6380 16860
7616 3832 16460
-1308 7556 16620
-516 1480 15288
6836 2216 15912
-2000 2512 10380
8376 -1960 8068
-5760 -1560 20964
7596 -1488 14148
4640 4600 15168
5300 -756 13924
-348 120 16660
1872 232 26668
6828 -1708 19204
2832 3472 6400
-4228 6900 20416
4400 3368 11312
-328 -1044 10500
2824 1824 16456
2712 328 20020
892 -752 18712
6748 4 15708
4924 2300 4800
-7376 3016 29072
5044 -2608 16520
228 -2940 11908
584 2592 20060
4804 -1432 16960
-952 -7380 13524
6160 7936 19292
-5348 9732 25192
1764 -2424 21472
1040 -6404 15152
4732 -420 10988
6680 -1656 7056
2492 -2216 23100
4184 -1500 19852
2212 -2312 15124
116 -5916 11176
4812 1724 23272
3212 4132 8032
7564 -3032 22684
-1668 688 16404
9828 -5364 14916
6064 116 13756
6380 1400 2064
2016 -236 12344
1856 -11136 24820
-4368 3912 23564
5764 -5272 12768
1528 4956 16860
7020 -12840 12820
-1984 164 14804
2224 3072 8884
-3684 -6284 17380
7768 -1644 17556
-2296 -4236 16984
-2456 -3404 12492
8672 4080 22040
9232 -3796 9968
2308 6000 6932
6528 -1056 11616
-3604 -8148 26132
5152 2916 8480
1212 2560 12696
9452 -4124 17152
-468 -3948 20368
1364 -5328 18920
2208 5668 14600
-352 -2324 15784
4944 -7344 17328
3032 -8036 16496
1824 -4704 15656
9116 1752 10980
2960 4648 18624
6796 -5980 18136
1668 3324 11908
1460 -2320 24276
1956 -1472 16840
56 -3776 17396
-1988 -2040 20616
6464 -2208 15584
2080 -356 15076
7948 2036 14688
1080 3052 13504
-116 -3592 20168
1572 4576 17308
232 -4476 21864
3108 -3520 16688
4168 -1504 11492
7048 344 18364
9028 -5224 15288
-1360 -3092 14608
7364 4284 17768
9116 2228 12140
6288 -3824 16376
-3640 416 16808
5416 -6568 21972
1644 -8232 10136
5904 328 20580
-3172 -4172 15892
6336 -1096 14760
7048 -3268 12372
3120 -7356 12564
-416 -5520 20028
6684 -1444 16308
-688 -560 12516
1548 -7340 19188
8708 36 9304
3824 3628 12176
5396 -4408 21652
6252 -7336 15472
4844 8392 12548
4524 -5764 17376
3000 -4992 23884
-648 404 13828
172 1496 17604
3096 -3732 14988
4936 776 16384
3620 2228 11380
-1264 636 19376
4316 -5644 16460
1224 -4696 14888
2748 -1780 16204
3960 -4512 16964
3128 -232 9136
4920 -932 14808
-1224 -3100 17076
2796 -1488 14232
1232 -836 10944
8708 -3156 18508
-3128 608 18960
3488 188 12448
9752 -3180 16020
2952 -1424 11836
3432 92 16128
4832 -420 18344
4424 -4196 15884
6296 -1032 15940
2820 -104 17456
2140 2412 18068
-556 -544 22492
2236 1956 16364
2564 -148 12752
5240 -796 10404
4392 -348 14852
1472 -4264 15628
508 -5212 19628
13436 -1660 6248
-5164 5176 11088
7584 -5888 26736
2472 1220 10936
5788 932 13420
1364 -1104 12992
8688 3984 18320
-1372 -1556 16276
3060 -1504 15076
1812 -984 17484
2276 -252 15136
2296 640 17428
2684 -1364 14468
4148 204 15672
2296 -1872 12756
5676 -916 19336
9004 -876 14696
-1432 -3976 9160
9004 3072 15220
2460 -1780 13396
5540 -2316 15948
2988 -2552 16664
2636 3132 11920
6192 2736 20388
-148 600 15192
2888 -1372 16892
7332 -140 17856
-5584 -3008 9908
8932 96 20452
3656 -404 12528
640 -332 9824
4604 -1108 17040
2376 -3880 15412
956 -4884 14772
5020 280 17296
4656 3300 12436
-1384 -3620 12892
7984 -3008 20236
8436 1012 13820
2320 -756 13196
6900 -1520 15748
3396 -908 18036
2720 -72 14672
5748 1788 16072
5108 -932 12740
4176 -6108 21800
6132 552 16184
2984 -1688 10484
3616 56 12812
1608 60 16932
2644 -280 20160
-2944 -5160 17164
5712 -1780 17980
5128 1688 20116
5896 4888 10096
1388 -1700 15300
-136 16 18524
6132 -7288 15368
7972 2180 10088
4364 2528 14512
-420 -3940 20096
-1692 1648 15524
1732 -6640 18280
6352 -1244 16532
5108 6372 7152
2544 -3168 7864
2116 -220 10880
3396 -5756 23612
4140 -204 16896
3944 -8224 10648
4656 -1932 13620
-1784 -36 21024
2712 -3272 19572
3228 1516 11736
-2240 -5560 25940
10188 -4604 8368
3088 -976 7860
1648 -8628 22764
9296 -5480 19900
2256 196 12448
4872 332 11188
0 688 17500
3120 -4312 21496
8112 -5056 11260
10064 8 13620
-1432 -5960 18724
3352 -9820 21444
8920 432 12680
2144 2704 12876
3788 -292 20140
3776 -4656 15420
7928 -3040 12180
-2112 -9556 17808
9696 -376 14180
2048 -280 11400
4408 -7300 21132
3772 -1384 11424
4332 -2984 14180
2920 -4948 14528
4392 -1456 13060
9624 -2228 10280
3968 -4096 19788
7788 796 8964
3952 -300 12528
3184 -4856 16920
6064 -1952 12680
-2224 1608 24280
4852 -1056 15276
-156 -3056 12192
5748 -4324 25048
3844 -192 12188
-176 44 16944
9196 -4120 18004
3368 -256 10296
2556 -64 12624
5548 -872 16632
3228 -524 15964
2400 1508 13924
3156 1960 14936
1980 1636 17436
1260 -1552 18248
3620 -4348 13472
6364 -2012 16312
3644 308 15688
5516 -1368 16048
2972 -2744 14392
4356 -1572 13528
7968 -92 19804
7648 2072 14800
-1912 -1752 15268
6572 -4408 19324
3588 -1856 16460
2928 -4232 12768
7992 -2560 15708
5440 200 14252
3820 -4088 12456
7428 -1792 13736
8152 -1564 17344
1704 -960 14076
6196 -2348 15532
6492 -1020 16564
10752 1052 16508
832 -988 13972
7296 -5656 14700
9152 432 18856
-1368 1668 13960
9452 -1604 16936
-3560 352 15580
-1072 -3112 17424
2300 76 16872
184 180 18732
972 -484 18412
5732 432 15828
4168 2868 14056
6660 -1896 15760
5500 -5292 13696
5128 -6532 13640
3656 2652 13248
1984 2856 16784
3832 -788 14416
3404 -2916 15608
3308 -3072 15768
7604 -2788 12084
5420 -5024 12992
5852 -7252 18712
3356 -6016 16172
2728 192 15024
4088 624 14760
2280 -2920 15736
3048 -3988 16160
4092 -4340 16108
4180 -2420 14508
4216 -800 13996
3432 -1084 16252
2976 -1908 13364
4244 -5060 13376
3044 -5352 12752
5452 -5360 14672
4136 -6012 16536
3396 -4076 14812
2644 -1972 14396
5144 -28 15148
4048 748 16416
1552 596 15268
2660 -2848 15140
1720 -3892 19072
856 -3572 16268
2384 -828 11328
608 -532 13624
2548 -1204 17552
5060 688 16068
3152 -860 15044
1532 212 16152
2100 108 17860
2468 920 13492
668 1160 17988
5368 924 16088
460 2372 14964
1960 -1608 15708
1140 752 18492
2788 2744 14652
2208 -3044 16684
264 -6988 15484
2804 -3296 16792
3424 -1952 16952
2984 -536 11956
4448 -1960 15960
4580 -4296 15628
4080 -2640 14216
6172 972 14492
3924 -1928 17008
5200 -2640 13912
4380 -2572 14608
3784 -364 15432
1932 1544 16116
2120 128 16996
2364 2488 18904
2764 2024 13080
-964 -2088 15960
-448 -2976 18160
1284 -2816 18908
2088 -1332 16784
2048 -2412 13536
1684 -2572 17532
5612 -3340 17536
6216 -1428 13932
5520 -2468 12488
3732 -1592 16260
5440 -848 15336
7008 -1124 14012
5772 1052 13272
3912 996 17128
4752 -16 14748
2840 744 14156
5660 -1748 17720
2132 328 15336
1328 380 21124
3900 2056 13192
3916 928 15352
1340 -1104 16144
2672 844 18516
2472 3292 12996
2568 1420 14436
3624 -3092 14604
7520 588 17452
5528 2532 14812
4172 4648 12732
3232 -1196 15952
2628 1872 17824
2836 -428 17324
3732 304 16868
2644 -3300 12532
3720 -4064 15416
3872 3868 16908
544 -576 17500
2228 -408 19728
5292 -2860 19252
3908 -256 18528
2264 -1428 14204
-504 168 22176
288 -3120 19740
992 -3528 18744
3664 -1376 10524
1164 -980 12228
656 -1356 15188
2056 -4980 14936
3364 -2956 17752
5236 -4700 11652
3500 -6240 18984
2392 -5008 14700
5764 404 18340
6212 -1236 11448
8992 -6660 12756
6332 -6480 14520
7052 -8352 15544
1492 -7760 9092
6464 -5888 16416
1996 -664 15604
2140 1176 17904
2780 -4536 15260
2724 44 13852
3500 -1616 14148
4164 -2984 13944
5428 -3472 15260
3912 -2212 13000
4856 -3156 17764
6556 2220 16004
4972 3096 14772
4472 2864 15932
3192 1248 18192
1844 868 15348
1160 -260 17272
4004 1352 14404
3880 360 14796
2984 996 14768
3980 -1188 17068
1940 -1352 15392
5672 -2712 14876
4844 -2624 16084
4532 -3468 16488
5900 -1908 16892
-60 -72 19264
3300 -1076 16232
4108 -2620 15688
3992 -4204 16008
5232 -5268 16740
4528 -1900 13728
6076 364 12356
4480 364 14488
1844 -920 15716
6476 -6084 14272
3940 -5356 17072
4880 -968 17380
4580 -5516 14948
2368 -5856 15028
4892 -6160 19284
6440 -1064 15388
7572 -1816 15472
3880 -2928 13088
5056 -4456 12632
2108 -1084 16816
172 1348 18324
-1688 -580 14848
916 -344 15636
532 -3404 17976
848 -640 14400
1116 -2772 17356
3120 -2168 16480
3944 -2108 14380
5280 -2244 13808
6740 -940 14008
4452 -952 14080
3260 -1448 12096
4640 -3312 14328
4208 -2340 20164
-148 -940 22236
2816 2012 14936
3644 -816 15740
6140 -2000 16048
4540 -532 14544
2088 -2876 14232
3644 -3620 17312
3644 -1188 12556
3604 404 14904
4340 -2112 18708
4196 -1096 10988
1908 -2232 16996
2412 -824 17752
2740 -16 16520
980 -1428 17876
2252 792 16416
3404 1984 15264
3300 -600 18000
3648 -1796 17616
2056 -3228 18696
3684 -2192 12196
1900 -3676 16992
2424 -1688 18040
4732 -2220 14712
3732 -1436 13364
5576 -3724 20208
4360 1328 10352
6856 -3752 19924
8420 -300 13636
5780 1564 9272
10104 -920 17420
3072 -2320 18680
2892 -7356 15284
1440 -3740 17264
1396 1100 16124
1644 156 16064
-4 -2672 14492
3808 -2368 17160
4752 -1636 16296
3088 -1888 14120
2604 -1836 13744
5380 -2008 13736
4872 -1568 11912
5076 -1140 13160
4372 -980 13100
7252 -1572 10528
3540 -1536 15004
32 -2068 23120
3700 -2712 20936
4280 -508 14612
5080 1716 14388
4416 -488 12856
4892 -2336 16024
2312 -1068 15948
1228 -952 16884
900 -1264 15788
468 156 14956
2884 -792 18924
1412 -2400 16084
2328 -1980 12272
6284 -2420 12784
3092 -3520 17856
7784 -2116 14248
4280 2028 13112
5048 1184 17456
6472 -1604 17692
1740 -3292 20472
5056 -1192 15048
3216 1044 15672
5476 -420 18116
6180 2788 9716
1904 1808 12268
2668 -1280 16980
2892 -1604 13964
3648 -3756 16708
5152 -1936 16440
6532 -332 14136
8496 2740 12556
1332 -620 8840
1828 -3196 20932
2388 -2840 22852
-12 -1672 15584
4160 -264 21724
1740 -364 17996
1524 1244 8828
12260 600 14936
6676 2228 10308
7696 -1000 9524
1920 -2532 9652
4628 -1076 18428
888 -2248 21432
1892 -2432 15968
8728 -1484 17600
1704 56 14604
-312 504 14032
3968 -7344 17336
3784 -5108 16676
1716 -2364 15672
5508 2408 19416
3756 1280 15564
4748 -4040 14752
3296 -688 17104
3512 -2736 16688
4408 -160 15092
2960 -448 9704
4848 2868 11988
7784 356 14240
776 -1808 17044
2628 -2424 19436
7836 -932 16228
1212 -240 13856
4588 1564 17080
1680 2816 14920
-668 -1956 17740
1380 -4108 21100
7280 -1524 8624
3944 -908 11648
5404 -4772 21620
968 -504 17244
6676 880 17964
5968 2852 13096
1112 -304 12420
3640 528 14080
5548 -4520 13556
6452 -1544 17472
-3500 -4004 20996
-744 2784 17264
3072 1440 17292
5836 -780 10108
1236 -3380 10704
2728 2948 18812
220 -2948 17344
3256 2404 12620
3848 -52 18204
5908 -700 13960
848 36 13552
4384 -732 16092
2608 -3624 14884
3120 -1800 18088
5724 -7088 12700
6368 -3008 16308
7596 -460 16488
6376 1868 16708
5816 3416 15004
1576 -2064 11088
2496 -3644 18160
1256 -3324 14228
3148 -4264 14944
2496 1568 18316
3972 -2216 15888
1976 -3300 15060
4712 -2544 19628
1904 -2548 17568
5188 -1004 8836
7052 1412 16452
4880 -868 16776
4236 -1948 14024
5292 1556 14116
3532 -1860 19928
5896 780 12868
1820 -1620 12236
2700 796 11932
1532 564 19508
1852 -3124 15112
2380 -4700 17344
1868 -4588 19332
2764 -1652 11444
4900 -2876 16448
3928 -2980 13132
4404 -1328 17816
6052 -1072 17548
3504 -804 11860
4900 592 17812
3252 -20 16040
6488 -1164 14880
496 -1936 17620
5272 -572 16404
2308 2904 12236
100 -324 19684
992 156 16564
220 -4156 19024
2664 -2236 16660
2016 -1288 15960
2648 -3652 15988
2504 -1164 16716
2800 -700 15748
2744 -5144 16576
4352 -7476 17044
6948 -1240 17376
4796 1444 18976
3368 3732 16504
4004 888 18296
1812 -2276 14212
5200 880 15196
2788 -584 15664
1704 -1860 17096
1632 -216 23292
3188 264 12612
5404 2064 10328
2728 -1016 13392
1604 -868 20348
1940 -7080 14872
740 -3108 17324
5952 -1560 17052
4160 1216 10984
5476 4296 11280
1348 2988 20088
-880 -8136 26132
2716 -2712 19476
6996 780 10780
5688 1344 9800
2084 588 11436
3716 -8360 24004
2872 -6596 18420
512 -1348 15740
6600 1212 13744
1756 -676 13736
1380 -4852 17020
3048 -2332 18000
4636 -4904 10268
4476 784 13528
3520 -4104 15660
5516 440 11020
2568 -1488 14516
5044 -16 15824
-588 -1184 16728
4292 -188 17696
2504 648 13808
6928 1240 10848
2592 264 12952
5220 -6132 14836
6544 -3412 9536
1160 -2000 16452
3548 -1364 14024
-2396 -5176 22668
4808 4816 16192
-2016 3452 16900
2124 -3564 15276
-1684 -7992 22704
11488 -7868 13384
1820 -4708 15432
6956 -400 10972
2940 -3348 21176
6368 -2092 14396
2720 5208 11528
3052 -6464 19004
732 -8648 19164
5432 3016 12824
2692 2084 15716
4520 -6908 19996
7660 -932 11792
5644 2268 12580
5616 -2468 15816
1564 -3868 18300
6624 -2248 16548
2944 692 12512
-88 -1188 13120
5020 -4780 18988
2228 -2356 13544
8016 48 9020
4268 1888 13580
1880 -2068 15200
4684 -1388 13120
5496 1252 15420
-3636 -1700 17348
13352 -3256 16992
-8464 2432 13128
6616 -3384 20772
608 1800 13968
3204 -848 12796
10428 -1280 14356
2048 -504 18172
-2384 -3500 12656
5176 -96 17316
-3864 3200 17784
4272 -5932 16144
1692 -1904 16332
8576 -2196 15496
3688 240 15212
6852 -56 17444
3288 -2428 15768
2880 -796 14552
2344 -1688 15908
136 -3928 14680
5088 -1856 16728
3960 -688 18500
-1100 -2232 13892
3588 -260 13476
1180 -880 19500
3496 -1588 16036
4264 -1468 13088
5512 -4152 16668
1876 -3168 16524
4928 -1108 15684
4768 1152 13220
-168 1280 20208
2848 -3720 16900
4192 1176 13456
5800 332 10432
4192 -852 15604
2500 -1348 12504
3208 196 15456
2440 764 14760
8 -1680 18300
5552 -856 14568
384 840 15816
1860 -536 16552
492 1192 15492
1524 -2136 18912
1760 -4724 25164
2000 -1664 14600
3900 -468 16272
4752 -4336 19448
1148 -1648 17464
492 -4884 19144
7516 256 18796
2188 320 14372
3308 1616 15948
1816 660 14572
4480 -404 14064
1328 -2788 12688
368 -196 16604
2900 -1460 14936
-148 -1172 19376
5524 -2688 12572
4020 500 14632
4284 -2556 17076
4576 -3168 19316
5572 -2140 11188
3128 -5372 12876
4976 -1100 17872
1264 1832 15560
372 692 15144
1672 -2992 25956
3596 -1188 17468
1056 -964 9416
4080 -1088 17044
-4084 -5580 22680
3776 -3232 17924
304 -812 19192
2756 -1524 17336
-268 -744 17372
3080 732 16940
4928 816 11716
3132 -1616 14620
3284 -1500 16780
4164 -5120 17128
3872 -1612 18556
4664 2728 10876
8048 2036 8732
4084 -232 10372
772 -500 17448
2688 -3948 19508
1476 2160 13820
3564 5320 13592
2528 772 20268
-1312 -2796 18320
1892 -1612 17752
3528 -3916 19656
4716 -2464 15132
4352 1332 18544
-2772 -692 17768
4988 -2728 17344
3996 2200 16548
2144 -1272 13668
1856 716 17804
-2336 -1436 20472
2484 -2248 17020
2032 -5360 19896
5564 3784 12852
4372 3240 9684
1796 -676 18948
-284 -8224 26420
6404 -1056 15868
7632 10332 7276
-204 4416 13564
-96 -4652 24816
-776 -4256 14824
-4136 600 14032
-120 -3896 18688
4004 -5160 13848
-2136 -1644 23380
1724 -2268 17176
5736 5788 9128
644 520 14180
5084 -1968 24316
6992 -3276 14980
3756 -5156 10824
8940 -3236 15116
2044 -5160 24348
4268 -4824 24764
3776 14332 9208
1992 3216 15396
3672 -6780 18120
3480 -6516 20992
2624 -4452 11012
-712 1272 9772
-652 552 16028
1704 340 10476
-3420 -3636 21296
5620 -748 20696
6024 2656 11364
3408 2096 15064
1488 -3232 19944
4056 -1320 18360
6060 3484 18208
5196 -708 16172
2720 -2936 13992
6784 -6040 13368
1068 -4636 18504
1760 1588 15012
32 -4328 17016
-1084 -2276 15256
1740 -4544 15352
1416 1636 14892
5508 -1584 8296
2176 -4464 18528
2084 -8712 20008
7580 -2924 15616
7596 812 14516
5600 1388 13212
2052 -3880 19584
2868 -1148 15388
1748 -3796 28284
-484 712 14728
5864 332 15300
1868 -2112 15164
-960 632 17560
3376 -2732 15288
3384 1748 18704
5868 -3964 11860
6072 -3732 20608
-536 4072 17160
5532 684 9248
3872 2344 15424
2180 -5136 14640
11140 -4224 14728
-172 504 13964
10124 -5544 15656
5436 -5564 20592
2456 472 9456
1632 -7324 23500
4736 1740 21560
7508 -1516 9036
5376 1008 6916
-1880 -744 26316
-512 -7896 16972
1732 -9136 16996
5308 -1556 16956
2572 2524 14156
2180 620 13532
5308 -908 11068
476 -6260 26252
4964 4732 13604
8420 -1300 19572
-1020 -9440 19560
10288 8176 14416
2220 7072 18232
5996 2144 15184
256 -3948 17344
6292 4092 18000
-2260 -372 12244
2620 -2168 15656
3792 5260 18080
-1748 2032 14788
-44 -800 23468
6680 -6908 17752
-844 -4156 11052
6356 -1980 13464
2396 456 19604
7668 -3620 14176
1196 -7008 13988
8012 -3132 20984
3384 3828 22668
7084 -6632 8256
5612 -3776 19676
6064 1308 17064
6164 856 8364
1196 -3860 19564
816 -5956 14580
1728 -344 16300
5856 3188 19916
-608 -1296 13672
4480 -684 13492
700 -704 27060
-356 -1984 13092
1460 -2260 12716
5328 -2100 6460
6088 -3668 19392
5252 704 12600
2572 3108 14544
3988 560 13180
8792 -2524 14584
2912 -7224 18276
716 480 11604
3492 -4188 32767
5164 1432 17460
-4484 1888 11300
13336 -5936 26144
228 1808 12044
-1240 -16236 22236
-388 -4384 18320
9828 -1256 17028
-2092 2060 16720
4684 -512 8976
5980 -176 21904
-4648 1576 19732
5668 -796 18368
84 -2040 14732
5096 116 18572
5984 -388 18660
2668 2444 7440
3080 -856 9596
2640 1084 17952
-1636 124 17092
-2172 -9048 30892
692 -1656 11436
4076 -636 14956
11984 -128 15500
-2780 -348 12864
6460 -9788 25620
4308 -1924 9764
-6348 -3672 10224
4672 1560 11176
3668 3428 19780
4352 -2380 13300
5544 1800 9184
3620 -468 22572
2068 164 12792
6992 232 13404
3208 1136 10976
-2660 1360 12252
3468 5076 18072
684 3896 16728
6912 -2180 10868
3092 -3680 15480
796 2548 20440
4536 -1680 17156
5108 -1344 4896
392 -2516 25104
4844 -5152 20972
1416 -4160 9324
6900 -6076 14424
1264 -1636 15620
6224 -1860 18904
4988 2352 12572
3820 -1264 13744
10080 -2328 23480
128 -1572 17176
10924 356 13312
2996 -1088 3412
5424 -12320 29152
5336 -4112 21656
2388 -3404 10540
160 -4140 24912
3736 -2204 15948
7272 -796 6272
7584 -9552 32767
-5000 -1340 9852
6520 7060 14000
4784 -7300 22912
24 2588 3676
11040 2824 9528
-8372 1468 11612
-616 4960 17404
7888 -1132 18848
-6160 -6628 9968
9420 -628 18480
2508 -724 18364
5320 5140 8272
3488 -5452 24952
2752 -2020 18856
4984 -1596 17120