-116 -996 20024
6456 -20 17376
3320 3272 10916
1004 3096 9976
3180 968 13272
332 672 16732
692 -1844 18028
2336 -3656 14208
2168 -2984 17120
3640 -2156 15160
2700 3984 16128
4680 1916 16980
5092 -2524 14828
5060 -2304 15388
4288 -2252 16020
3652 184 16160
848 -116 14868
4852 -1368 15516
1308 2520 16748
3408 1736 14296
4776 3560 15532
4076 -2004 14048
416 -952 22472
-908 -1836 17980
3244 388 16864
5156 3588 17080
4196 4740 8896
2672 3728 14528
792 656 14792
416 1580 20380
3616 2340 14032
1480 2820 17204
-1744 3828 23916
3112 4024 13740
7984 3012 8068
10204 -336 7172
2292 456 13468
-1588 -272 25068
1368 -2640 21956
4296 3500 16548
4280 1092 16816
2240 812 19860
7828 -280 12732
7388 -696 6216
-3876 1224 16472
1244 576 17324
8692 1796 10604
5212 6804 13000
1216 1428 12384
3128 -3268 19152
-736 1288 12324
2848 -1744 13172
3296 1604 23436
2888 368 14488
1764 952 18544
1720 -2636 12124
4296 -1856 16792
1580 -2356 14236
772 3844 16732
7500 100 13180
580 -1696 13852
1560 324 17060
2024 868 14524
6324 1788 14640
3548 328 16008
2148 1000 15132
-1956 3084 22868
5744 -2452 15380
4976 -5296 15136
7304 2264 10248
-352 2920 15796
6436 -3236 23048
640 4004 19404
8328 196 12252
7176 5464 11380
6280 668 8628
3136 4564 16536
-2696 -40 26844
1800 -2508 17664
6236 4564 16268
7336 2192 4752
2092 6640 16320
1140 6424 18216
3056 -1068 16468
5340 -2896 16536
956 2532 16996
5432 3008 20560
7052 -880 9576
5316 2524 11068
-7044 1524 25568
2052 -13988 25096
12172 2176 1460
-2884 7892 15568
-4372 -2704 22372
7284 -1196 12344
2924 2432 9772
-4556 -72 18492
1704 -3368 27192
7704 -2612 10396
8076 2748 3544
1752 1936 12696
1432 -5068 25968
7080 -2604 18812
3552 5664 12404
-940 3508 14528
-3212 -2916 20276
4860 328 21924
6580 4292 5572
64 3236 15564
5796 84 12448
9660 -3260 12592
2612 -1840 9144
1568 -2268 23380
3288 308 21384
4552 2068 14908
6928 4456 9488
3568 1536 17768
-852 336 15256
2600 -1872 17128
3948 1420 16004
4020 3256 18528
1896 2688 15488
8244 -356 15996
1280 248 10884
224 -1300 21096
7620 -348 16760
1140 776 13900
1060 -2440 21312
3256 208 20004
2360 -3172 11260
6252 1980 15584
3664 964 14092
1792 -1768 18900
3588 -3372 18364
6088 -2852 12156
5632 720 8128
2656 1032 13516
3924 836 14880
3528 636 16444
3616 1220 15132
-2148 2624 22284
2136 -560 23928
4212 1140 15828
8312 2932 4788
372 920 17492
-2876 -3460 23796
2764 -4484 20392
2264 888 14288
3572 820 13672
4256 3856 14236
2152 5436 13700
5372 500 12596
2336 1824 16776
1668 1672 14760
2604 -904 10480
568 916 21180
2936 3044 16892
8028 2132 9224
3664 2076 12204
3304 380 20956
5700 -1920 15448
6368 -688 13952
3116 2352 15156
1460 -1056 24856
6276 -1684 20816
5332 620 12612
4312 1392 10964
5244 2280 18432
4452 1468 16716
3632 -456 16336
2528 -1068 15960
3540 652 17332
4720 1252 12480
2080 2408 16524
6220 1640 16848
3684 1664 13608
1416 720 14316
7888 1532 19372
2624 48 17684
2576 -252 16088
7888 -68 20212
5356 708 12072
1628 3236 15884
4628 348 18276
-536 320 17368
4580 -2004 16728
-1876 52 15012
364 3324 20096
1300 228 16020
1516 0 14260
2424 2188 15076
820 152 19616
3636 -3652 16848
5032 1192 12264
3024 1176 16456
1072 -2836 22256
4888 1796 15944
7776 2108 11088
1456 1484 14512
3244 2012 15596
-704 1340 17340
1852 -932 17820
2960 1760 13520
1916 3740 13552
1136 1276 14760
5188 1636 12404
12 2052 17104
3760 -324 14492
3368 1276 14796
2328 164 15048
3452 372 18484
2908 652 13676
2848 -1168 13484
8188 -4148 17652
-72 -1476 19652
1840 -544 18752
7988 672 13024
4388 68 14528
956 -2284 19848
1128 -5176 24040
2712 -1120 13204
7624 2916 10452
-1524 4192 19488
2244 -648 14892
4272 -6492 17424
3928 -344 11340
3640 4604 17640
4364 3232 17380
8912 -160 12340
4408 72 12432
3108 1136 16392
6080 -888 15840
2584 1356 15596
3108 -76 16792
2076 3400 17984
-3280 1408 16896
2944 -1688 17044
6660 2300 14936
1288 280 12840
3572 -568 15628
2628 1408 15780
2876 1912 14660
444 980 23332
2912 -524 19184
3072 1092 15036
6500 2700 14140
1788 3752 16140
4776 -664 15212
1140 1900 13868
1036 804 15264
5696 2976 12592
3368 508 9780
1892 4376 14804
684 -1604 18776
6872 -2912 13648
4224 640 8136
3012 140 19964
2556 912 18604
4632 -3312 18004
5008 -60 17248
4864 -496 16508
4808 -1716 14444
2460 2576 17848
3140 4116 16824
752 496 15752
2776 660 20036
-2956 1044 20384
3908 808 14208
1556 4960 16908
4592 1868 12260
3344 -1440 18496
2816 1808 15936
1784 -1528 19212
4476 3572 14992
3528 3324 13844
992 3480 13628
2716 608 15940
3100 2804 18116
5244 1868 9196
4964 3904 15408
720 2764 20200
4688 -2840 18008
1160 -380 14664
4040 2596 15664
3128 1988 15460
2832 -3168 17704
4324 1380 13756
-2416 320 18748
-512 -2616 22276
4368 -1388 19060
-608 512 14104
5176 -1652 18196
5352 -1464 13492
2656 -2028 11128
804 1144 17844
6440 -2096 17872
5660 -204 10108
4800 2744 10056
2872 2736 15816
3364 328 15336
2416 1100 17560
4380 540 17116
2276 1424 13132
6748 972 14168
5308 924 15868
3660 -1156 18160
2508 -820 19232
5808 -3776 13364
2628 -996 14816
4736 -368 15428
0 1092 18304
-524 -1304 19804
4312 -856 17660
5192 -332 11756
-64 -312 19740
-2628 -1584 20240
6800 -740 12308
5376 -664 12236
-1480 748 19036
248 -148 25048
2080 72 21052
5628 344 6200
9112 2620 5700
4432 4340 6976
-4920 -1424 28484
1912 -2148 29952
5568 4508 12684
4792 2904 7508
9544 4300 15532
-152 -896 17888
2296 -2392 18424
-696 -1248 17096
3964 3056 11132
1844 1576 19684
3524 -524 19880
5880 116 13384
3776 1220 14500
1456 1268 14416
5508 368 18488
2620 1740 16696
5964 3624 13208
8412 3772 12096
1104 -588 18960
6176 -2612 20252
3408 -648 13860
3580 4388 15704
-1144 912 19344
3880 -764 21372
5512 596 8424
3280 4004 12672
672 2112 13748
5032 -692 19320
3904 -980 16120
-1284 -112 16752
1200 -680 21740
2820 456 14376
8592 2896 10956
4080 4464 12836
4056 -112 18056
6172 -3828 17332
1908 804 19804
6812 -1468 16672
4668 -584 16568
4172 -932 13548
-336 -848 21848
2284 -172 21476
6020 1532 10832
3528 512 9828
156 1664 15504
2340 -4876 17256
3144 -4132 18232
3884 -244 14356
8948 -2548 14200
4816 856 6592
2236 12 12816
1864 1244 22984
2008 272 20252
1284 -1248 16904
3424 1116 22636
-668 2928 13992
6544 648 15096
-2728 2412 18220
3016 -620 19672
5708 1576 14496
12 2700 15288
3736 -1076 18908
2732 364 17772
1700 -892 13204
3196 -600 18892
3376 3408 13788
1220 2172 18096
6608 2124 15284
2752 2052 15336
4824 276 17360
8556 -1628 16904
9120 1256 4640
3888 2036 11856
2076 3644 16960
4140 1040 14244
252 632 16988
1960 -236 20172
4956 -780 19044
3708 1172 11676
2988 3972 10696
3340 -924 15660
-240 312 16736
4352 -3032 20292
-1260 -752 17272
1584 1020 16280
3660 2268 16028
2412 2720 15916
704 972 18712
-4204 472 18464
4472 2828 11656
6588 3972 8280
2032 2180 12280
140 2140 16052
6864 -1880 13016
6480 1116 8196
5536 3396 12936
5324 1192 18892
2700 324 17908
1128 1872 19708
1112 -860 15608
7460 -1700 16308
9108 2460 10956
5828 5960 15316
240 1228 17692
3652 -1588 20896
2612 1316 20364
3368 588 13888
-1804 1384 17708
4332 -1848 15912
1484 -2156 15884
2224 388 14888
5484 -748 12532
7020 1876 8312
2808 3116 13336
4300 -2664 21488
2916 -4076 19548
9840 -4 12080
4240 2700 10768
784 1704 20732
2256 -2788 16700
1344 -2904 18708
4900 2348 12040
2424 2040 15956
3280 -212 16708
-12 -980 15016
3820 -2940 13972
1996 -104 17040
3168 2644 16656
4708 -1388 13812
2932 -2756 19112
5588 -3480 13696
4756 -684 14428
1972 1912 16008
4396 1128 19368
408 2860 21068
3840 -892 19008
3384 -1156 15956
5472 -1652 11132
1536 -716 16616
2712 1852 13632
-2940 2500 19204
-1888 -216 24256
-328 1064 20788
5064 2740 12176
952 5044 11792
1388 1600 17696
4696 -904 13604
1468 -2264 16100
4268 -3660 18812
5180 1240 9996
6420 3376 7444
5228 1920 12544
4208 196 16344
3584 -1004 16644
560 -116 18836
3668 -544 18532
904 2600 14272
3052 2376 14756
3644 2804 13768
1624 -1340 17680
2628 -3300 17592
2320 -2080 18200
3784 1296 11960
1992 2932 14232
3900 2972 15544
1036 1392 17044
4476 -536 17336
2956 1988 17684
3320 1032 15628
2608 3120 17328
5688 688 13140
4200 2124 14336
5412 2500 13556
4240 3640 15476
2424 2080 19480
12 -636 20788
1088 -416 15016
3176 -16 16020
5680 -404 14328
2152 3352 18008
-1388 468 19460
1920 -3860 15464
4332 -2028 13972
3272 2340 14348
3676 400 15716
6008 616 17904
2156 1004 13704
5216 -764 13212
2052 336 18736
1808 -1876 17840
9548 -596 9336
2756 2844 9216
2848 1388 13544
1968 -1416 19076
4756 -1968 16504
5572 212 16744
472 1652 17988
2244 1268 19292
3124 832 18848
6204 576 11244
2460 5016 9468
-180 1740 15244
1084 480 17416
4100 1312 15148
1396 3444 11444
2732 868 15064
3252 2428 15972
-392 916 23092
-1512 -144 22340
7572 1780 15816
5636 2720 16296
3960 2060 14980
9364 3608 15176
4808 1912 11768
7156 -3664 13656
2724 -4120 17748
3788 -2124 18452
3736 2504 12684
7144 2800 11320
4 528 14040
3032 236 19944
3452 -4256 19424
2940 -576 11488
4168 -396 12712
3312 304 17452
-220 200 17956
3880 -908 16664
1628 -1472 22200
976 -2480 18448
-304 -496 16188
1896 1956 17232
3572 816 15760
1548 -3040 13308
2128 -1736 17836
3332 -1244 18244
3800 -552 10384
6724 -208 8112
4396 2420 15300
4728 1516 16292
3164 1192 18204
7012 660 18324
4624 2356 15568
5264 1820 12100
3264 -2048 19964
2832 892 14752
2668 904 17176
2056 212 18948
1320 -348 14284
-64 356 17264
2392 92 17624
640 -1532 21768
2880 1716 14216
4548 4440 13260
732 2012 12264
2212 -532 16620
7404 -596 12012
3344 1608 10364
1332 -3088 20484
5364 -1340 17972
1224 1188 12816
6172 2252 13388
2736 1892 17228
2172 -1460 14860
3956 -2804 15752
4728 1592 12180
8064 2424 15404
3604 1708 16044
1664 -1268 17556
4044 1812 12828
-492 788 15864
1612 -3060 18860
1820 -1128 21548
1928 -1012 15024
2708 -1176 12544
4256 884 18656
4052 -284 17804
3036 -1836 16044
2916 -940 17364
6000 1992 13512
-704 2840 13452
3056 3852 15100
636 2600 15956
1876 1036 16268
-916 1452 20480
2488 -604 13200
4240 416 16244
1816 4620 17808
1168 676 15152
3356 -3992 16412
4820 648 13636
3364 1724 15972
6544 636 14420
884 -1692 17980
3424 244 17460
6864 1976 13340
5312 1704 7660
2336 -3696 21100
4056 -2080 18956
3704 -1264 19028
3572 720 16720
1656 1356 18952
7408 -212 14276
6824 -832 10564
4864 -2812 10492
2908 -2048 12032
-1788 -1072 15744
2672 632 18888
4656 2044 15652
3212 1664 14304
788 -76 16584
3948 -192 19312
4232 1140 13928
4808 3476 14576
944 2288 14412
2436 -2116 20464
2324 -816 17224
2988 1424 13244
4120 1412 15188
628 -520 15224
2596 3572 17596
1128 4408 19612
-1080 432 16508
2796 -12 14236
3956 1776 16608
2368 -996 13912
5440 -228 16296
1732 1784 15728
6076 872 14844
4928 3380 12776
3684 704 12076
4720 -704 13992
2832 -2500 19328
5396 -1880 11772
-760 2564 20264
1204 -220 24032
4284 1444 16152
3080 3080 14672
3396 1224 11732
3748 -196 16088
268 -976 19536
2212 1184 13044
6148 1916 8140
2996 3980 12700
-172 3076 21372
2424 -1744 19596
4300 2980 13016
8536 4168 13836
1644 2220 17248
1236 -848 16348
932 -1248 22956
6184 352 13472
8116 3308 8672
2980 1688 12336
-1612 -2200 17588
2032 528 15712
3432 3760 11720
-328 1764 14552
5024 384 15916
1528 3732 19160
3484 -324 11792
2016 -2928 19960
1276 632 15888
4740 3540 13788
2780 2572 15268
4648 -1376 15404
7384 -20 16276
2404 40 13548
2612 -720 15768
2696 1092 14480
3488 4016 14920
4832 2252 17240
1160 852 16372
2960 3492 16152
1236 2556 19820
2188 1040 14384
784 968 16432
1468 -1280 14968
3496 -1812 16900
3500 1120 20444
2576 88 13432
3008 -1048 18868
3320 -296 17460
3900 3392 16132
2324 968 10612
2920 1300 16212
-676 3300 19184
3448 1604 16264
5680 704 13800
4112 1280 14444
5492 -216 13876
1852 -1796 15300
2112 1792 17096
6032 1152 13744
2880 1820 16048
4488 -1836 13480
232 -676 17948
4608 956 13092
3900 -756 15744
12 -1504 14288
5216 1164 17472
1360 1896 15876
5572 876 16904
3824 388 17188
2396 664 15076
3332 996 15328
2756 2784 16008
1980 3572 17064
4444 1576 17296
1440 280 13676
2504 236 16548
3748 1300 18360
5344 1564 13524
1224 1984 18196
1108 836 14556
-624 20 18936
2740 2872 17172
1124 1292 15240
2128 -1372 16244
5304 -444 16028
2948 636 15204
5220 2048 12096
4964 -712 13644
2956 2928 16112
7088 1860 13244
2228 1272 17152
4336 -1008 19936
5084 -180 15520
580 2960 12592
4192 1904 13864
2688 2628 14048
3268 -1416 13016
3748 -1140 14768
1592 296 15840
2672 -788 16380
2688 -332 18128
3948 -132 12188
3432 2400 16080
4392 -1360 14660
5112 -28 18180
6076 668 11480
3204 1116 16124
3384 -4788 18888
4916 -1256 13448
2724 952 14416
3308 4348 16568
5592 312 16272
4396 1588 11844
2260 1700 16064
2044 216 18504
3512 1588 17316
7324 3292 13092
5556 3868 9324
1008 1396 14744
3920 560 18696
3868 2260 12000
1352 2736 11956
1416 3280 20036
3760 -284 16676
7728 -56 12472
1120 1040 15008
3648 2184 12264
872 1828 17712
1940 3652 21276
3508 1564 17312
3768 -520 13248
2588 40 18016
4432 -1448 12096
4740 2272 14992
2964 696 13808
4384 -3064 17500
2388 -2156 17284
5136 628 17732
4776 908 13328
3536 2072 12480
4240 1852 15548
2112 -512 18472
3260 -1108 15604
1472 1040 13940
1300 2992 15604
5748 -972 14984
4712 1404 14856
4320 1176 12796
304 1692 12628
3604 20 14828
612 548 17064
2308 1172 16040
2304 1456 16504
5824 876 14616
5092 -1076 13372
2660 156 15044
2924 -396 20096
4060 1316 14932
5896 516 13068
1644 1796 16968
2944 796 16040
4060 -144 19088
3812 1600 13600
-704 1580 12972
4132 632 17496
208 1720 16812
3992 460 12960
884 1932 11468
2112 508 16704
2740 412 16068
2060 228 14288
3936 -2304 19172
3372 -764 14496
3136 -848 17216
2196 2216 14432
3680 2392 14120
3276 1660 11952
4108 3572 19056
4572 1116 17116
3232 -996 16528
1128 1568 16172
1796 1660 18008
3392 3696 15696
4232 424 16192
3312 428 13196
2400 1916 14748
1528 3816 21116
1984 1576 17768
5832 -244 13948
5896 2056 13588
784 1772 18020
4512 -584 14948
3996 404 17124
3204 1340 15700
5852 1704 15220
5840 72 14616
5192 -408 14484
1312 1056 14516
1644 -1492 16440
-944 596 16736
4292 2004 19152
2004 780 13148
5524 -184 12088
2676 1536 16180
2276 200 12932
3536 1916 16760
2424 -632 17224
4392 1736 10524
2780 3564 12336
-584 1264 16724
5600 -2096 19924
1760 2392 20220
4608 2036 15124
3424 2152 18496
6620 -724 15960
4524 -296 13536
244 508 17104
3868 664 18148
3120 -644 16932
4984 284 11892
4424 2112 14104
876 2848 15076
724 1012 15456
2644 908 16576
3752 440 12520
2296 -572 15896
2500 -232 13148
1384 -636 16660
888 -604 17452
5556 704 18280
6636 2448 11160
5260 248 14324
4592 2480 15860
5356 2968 16376
-84 3336 16544
5096 -228 15204
2088 1520 14144
2092 3256 16528
1764 2268 14508
1300 1684 15060
1788 -1676 14936
2176 2240 15712
2188 2400 16520
5008 1244 14908
548 3428 14212
7320 1764 13292
6848 1308 12032
872 388 21088
2632 -1004 25808
5192 1328 22024
6028 -768 16496
7232 2348 14936
4444 -288 15872
1172 2104 17236
3512 -1748 15464
-172 244 13772
344 1120 16020
2048 2356 15748
2344 1964 15756
3888 556 10208
2424 -1068 13992
2900 -184 15880
3408 1288 17608
2800 2252 16240
4904 2836 16044
3868 760 12864
4984 1424 18372
6228 3188 16016
3016 2320 13812
1464 784 19712
2248 -416 18492
3236 1100 14724
4300 2248 10924
1096 1468 14188
1016 1008 15380
1980 -168 15916
2168 1968 14720
3596 2472 16360
3044 1280 14588
2716 2432 16088
4640 168 15500
3608 2480 17388
8164 -136 11708
7716 -1932 21284
2504 -140 19188
4204 12 16712
2888 856 17772
2992 2984 14008
420 1700 16692
-1504 188 17804
3428 2860 19452
1476 3016 13572
1804 1180 11988
2648 1316 15692
5132 -388 14144
1916 724 13944
6108 100 12396
3460 4 16424
88 2580 22508
5312 680 16724
5172 2172 19672
2636 892 11320
1740 2728 15576
1588 2112 21344
2776 984 20088
484 424 15860
2380 1220 17308
656 2560 19028
4108 1736 15480
3100 3604 13704
5072 532 13716
-408 -436 15024
4920 716 16336
268 192 18712
5804 -936 15604
5668 1592 12592
5288 4476 11436
2144 -332 24144
3388 -136 20352
3780 2236 16544
5420 656 12672
5800 344 7684
3384 1544 13428
1444 -804 21092
484 -1264 18344
3752 3248 14420
3396 1044 10528
2076 3420 16872
2404 96 15916
376 -640 15728
5576 -1192 19128
4644 192 14780
424 1216 14448
4088 1240 13140
7580 -1476 18264
6776 3504 14884
6296 328 13384
-712 -228 16028
3268 -2236 21280
4436 512 16408
-1412 1592 19048
3428 308 13012
4664 2836 10408
1428 1420 12860
1392 724 20612
3636 -1436 14328
4840 2052 10788
5472 2684 7912
-4776 4228 17032
1836 -856 20412
5120 -580 12148
6292 756 3108
-5888 7784 21124
-1924 1376 28160
6604 -2036 16928
6268 88 9060
8236 3780 11872
1616 3744 13420
80 252 18872
676 552 27500
628 636 26660
1976 -904 13660
7868 3624 13488
-524 2652 10368
2272 696 13128
-176 1824 16020
1024 -928 10700
4192 -636 14688
724 3208 17852
-1072 4092 22868
11088 52 16512
1080 -416 11312
9276 2576 16184
1732 2880 15524
2212 -3624 20828
1340 -152 24792
3492 -1060 15252
8736 -1596 11660
1368 940 18996
-392 16 15288
-2984 296 24524
-1688 344 17804
1472 -624 13808
4660 1628 13496
2848 3024 13784
388 480 13248
2604 -1616 18156
1796 -1916 18732
5920 -1672 17388
4708 -440 14512
6624 3620 7584
1636 3564 13516
-108 200 19976
0 -364 20500
3844 -772 15684
5520 3256 12712
1196 3340 11732
-332 552 16840
5196 1780 16632
3688 1808 13324
3468 -496 11628
1260 1668 17060
444 3792 21068
8660 -1244 19540
3452 3072 19444
4820 -3524 15452
1880 1656 13176
4200 2520 14204
2856 996 11480
1668 -2764 14352
-3452 2200 23572
3572 -2348 23168
3736 2548 19432
6340 400 13644
2684 1796 21464
6644 1080 13212
3436 3100 14068
2532 4588 17300
4196 -432 11104
6296 612 12064
1828 1684 17448
3792 1284 15104
1096 1028 17748
-1116 3400 16940
3176 2768 13772
3940 -1976 15140
1760 -60 16468
3456 -884 20132
6008 740 11464
2380 2312 15476
1360 1204 14208
2536 -1488 14280
3464 1064 17704
-152 2560 15316
1512 -892 16116
392 -1472 21220
-776 516 17532
4364 -1384 13336
5660 4172 11692
4368 1504 9896
1076 1352 18908
2616 -160 16452
3896 900 15816
5540 -536 15316
3196 -908 21092
6460 -24 18720
7672 -1288 11972
7172 1400 3512
1276 3584 7272
-84 -3808 22816
-264 -424 28232
2292 -2652 15612
4972 948 12032
1176 5240 18448
6424 -264 20840
2384 488 12856
2324 1188 10964
76 1220 17644
-4412 2160 29348
-848 248 24688
6780 -636 15992
9640 3876 6644
3636 2700 5780
-2772 3284 13860
-692 488 22268
-120 2312 24956
6796 -1352 14484
13056 3980 2760
2876 5540 8076
-48 -524 24700
7344 -1444 18704
4272 900 16080
2860 -3440 22212
6244 632 11524
136 3052 14592
-52 4136 22616
2656 -2056 18904
-2120 336 13276
-2516 -1444 15492
2128 944 15948
1764 -2276 13128
2724 952 22928
4788 -1792 23300
6364 -1696 16680
4884 -2596 13608
2700 1340 14264
6732 1680 12836
4996 3508 24060
724 -1392 18120
2444 -2240 20012
6420 -804 6564
6108 4220 6136
1252 6928 15928
3736 6536 18568
2256 2640 20712
2496 2492 14112
3232 1956 18556
2776 2308 13796
5000 -704 12548
-2960 -932 16128
1976 -1136 21292
6764 -2160 16892
7456 3796 11332
6676 4628 15024
-17108 7940 27376
-1872 -4740 28820
5336 312 11516
5976 3388 3896
7880 4796 11108
-3632 -1068 24784
5880 2584 11244
10304 2592 -1060
-932 4784 6584
-14896 -3808 32767
1940 420 26156
712 -3584 5564
768 -3360 15244
8252 -8 13792
6432 -308 8644
12056 328 8148
-5428 3296 11896
15544 3100 11300
7604 3716 20148
16168 4140 12952
-8596 -1896 -2624
10440 -128 22468
-4452 4844 -3724
10420 1332 2460
-10736 8640 22908
-6844 2084 32767
17944 -4304 24364
19392 2308 -2856
-2188 -2472 7120
-23756 15040 30140
3688 -1584 32767
-996 -3892 11992
18592 2656 2544
23980 -2012 32767
10444 388 -7040
17188 3736 15684
-676 2468 12344
-1276 -2372 620
-436 -3748 32767
-7884 -7360 6520
32767 -1060 32767
-29476 -4172 7468
14604 -2976 -3080
-13708 -1124 17036
1436 4628 23668
-5364 12588 20716
-17424 -1660 -5160
9292 -2016 32767
520 -5876 4048
1580 -840 6060
1820 4308 16944
1160 1472 10284
8880 300 9420
-416 -3156 17672
5828 -4140 18068
9444 -1752 17840
2092 -3436 21284
5072 944 15912
20 4012 16648
4824 4644 14248
4288 4600 14512
440 4080 17048
1324 2476 13172
3660 -2432 11176
-2948 -980 21036
2328 -2132 22212
4132 -3956 15060
1852 -2856 12984
5096 388 15920
5012 1808 13760
4528 -1244 13420
1400 -36 17588
1124 -488 15184
4064 336 16460
4668 816 15204
8240 -1048 8768
-2648 840 21232
-4256 3692 26140
7240 320 15408
-688 1884 9212
2608 464 14528
-1296 5788 24060
-3556 1612 15808
7776 3976 15544
-3556 1264 11424
4548 2644 19596
-3012 -2152 27344
8548 -172 12496
9804 1648 14036
5112 5056 6504
3304 6580 14672
-2052 -496 17764
6556 -2172 11648
3964 5324 9920
5528 2116 8504
-1516 3420 13896
2040 3052 21712
6804 -1036 15220
4624 -2060 17708
7148 -3588 13104
4496 612 17396
988 16 18372
4356 336 20576
3980 -2324 12956
956 4968 11104
1988 1508 17896
4320 -836 20836
6264 -780 15236
7296 2152 8044
4248 3580 5924
-8500 1600 32767
5476 5468 18860
8032 1868 15740
5140 1532 8268
4548 7672 12968
2468 3212 15268
-716 -1156 27400
3344 -300 15208
9024 -988 12304
5732 1184 7104
-4408 1804 17220
-840 -676 22640
11620 -3632 12776
3368 3772 8252
2292 3648 15148
-116 5816 16312
10856 -8556 12316
1080 1308 19456
216 1100 21724
3868 -2812 16324
3556 -1760 13988
10088 -1012 11568
2476 6316 12968
-5188 4320 15996
3540 -416 19472
3228 -1184 8224
4312 1056 17876
1256 2908 19764
7628 -788 13776
-2876 2692 13872
9336 188 14740
-1256 1880 10608
6004 -436 11180
2016 -520 14500
4324 1964 15032
5104 -348 14840
3396 -2660 12120
1956 -5068 29720
4904 -2528 21716
9652 2692 6844
6452 5128 6884
-4348 2244 14604
2240 -1796 22540
-7216 332 16920
-2848 -3948 21996
6736 124 14692
4252 2572 8948
4328 384 19200
6696 1264 19352
4116 868 16984
4252 820 17892
7524 -192 7268
4232 -1480 23664
8084 -928 13848
9764 2836 7252
-4136 1260 11004
2800 -5144 20156
-1004 -1360 22512
5076 1436 10284
6144 1356 19088
-1056 3624 14296
5348 116 16480
-172 2332 17360
4296 -876 17148
1196 3692 20120
2700 324 19160
2336 -768 15104
5344 -32 9280
7128 4076 11480
-3912 -164 25788
4124 -968 23568
600 1396 16476
6916 -1476 11992
10548 1984 10700
5504 5300 11684
1284 3892 20428
2572 -996 16696
6632 592 10948
1632 2900 13548
-2168 2568 21100
4332 2892 14964
4136 852 16396
2760 -1156 7540
-3920 4040 18636
3256 3700 19716
4852 1236 11976
-5104 2324 21472
2332 4100 25684
2440 796 18952
1452 852 16072
5844 4 11668
8060 468 12744
5740 -468 5588
-1540 4572 18100
3688 1588 19664
3456 2176 13212
-220 3824 22084
7164 -2760 17516
4668 -360 6408
2552 -1312 12484
156 2452 17972
9744 -276 16396
-144 -84 8120
2336 -1220 13860
-496 -1068 23456
4068 -1052 15552
-2820 1040 16988
-1728 4608 22452
7004 -2648 19204
5024 -4376 8232
-2216 1300 17232
4072 -2020 18868
6648 -156 9488
-1368 756 11296
4988 3552 17324
7832 -2864 9160
-2372 2220 25472
3680 504 16828
8548 -5380 9788
4228 4504 14088
5956 688 8092
-1392 3620 15848
7376 220 16404
3608 140 14688
-240 5404 12740
5032 3764 19224
4076 -324 16424
704 2164 11652
2124 -56 17020
368 796 20328
3496 152 13620
-208 3256 14028
5560 1736 16140
2512 -316 14340
3660 -880 12872
4980 2652 11788
1660 2772 17580
9452 -2260 17752
6912 2252 14864
7016 3652 11292
5812 2508 10164
-3604 2776 18104
428 -1128 20744
668 -700 19396
7088 -1752 12812
-2200 3864 10252
0 -600 26364
-2024 444 25520
3016 -5052 13412
5592 -2876 12208
4988 2352 7000
1584 2856 16512
1688 1672 24184
5480 -1668 24272
5228 868 12428
6532 3564 8216
-264 3836 16508
1896 668 20652
4544 -2216 21664
5148 -140 16156
8900 1328 10592
4604 620 1348
-3096 2776 14380
6384 608 15484
3136 -592 21040
1416 -1808 14760
6044 -584 20464
840 1432 14772
4588 928 14004
7056 1840 22416
-3140 1372 9436
-4088 -5876 30448
15000 -5968 9512
-684 88 10348
3268 7596 10264
-1556 1068 13532
-6040 4320 22560
-1348 2092 18604
8228 -1796 16600
5812 2812 692
-1828 6176 15536
5840 3044 16252
2880 -1284 15376
2436 -4084 17212
3108 -1352 24396
4144 -3156 13696
5812 1844 13636
-5128 4676 17960
660 996 22440
3664 -188 19260
6144 196 8096
416 3124 10288
4684 2864 20832
5932 4420 14776
2760 -504 9464
3864 1912 9336
2012 4196 16124
8404 -2180 14344
6656 3980 13016
4064 5428 14192
6568 4840 16780
448 1228 15536
4280 1592 16924
4956 -1488 20304
-1876 -5232 14164
492 616 18576
7460 44 16304
2280 -444 8080
-800 1508 15636
-2776 284 19772
2140 -3156 25284
3036 -3408 19580
10424 228 14504
5236 5100 11384
5532 1976 6588
-5844 36 31096
1748 328 13928
2460 2712 23124
4100 584 12616
8128 684 10728
2484 3248 13328
-4756 -616 14584
4096 1552 26324
-2616 -68 17108
6900 -2416 10544
-848 1704 15652
5520 1336 13080
6468 172 21468
4692 -2188 14292
5960 -496 7892
1052 1368 19016
2016 2012 17620
1000 3180 16976
3928 928 12772
5628 4308 19668
888 960 20564
-444 728 18452
2712 -3292 24684
2960 1428 13868
7468 1392 14300
4940 -1284 13088
2532 -340 11180
1388 336 15688
-2488 1780 21820
5312 772 29024
332 3576 18764
2968 -2080 23080
2436 324 16800
9756 424 8640
1404 560 8444
-852 -1004 13876
5608 -4136 17600
1968 -284 17764
5460 32 12908
2896 -2640 22016
2916 -616 14112
2784 164 17112
548 1560 15496
3608 -124 20392
7356 2252 17788
5444 -1164 12328
9180 -1292 14860
1264 16 4764
-60 -1224 14080
-12128 3280 26008
7892 -696 17316
-1656 1944 8216
-256 2128 12924
1156 4064 16372
4612 4 19876
5284 52 15716
8184 3388 15880
3176 1328 16024
4244 1656 16420
1556 120 14380
7096 -400 19144
3024 888 20196
2976 872 14548
-456 -308 14888
1648 3668 19320
3328 -2544 13080
5740 -2384 7944
-4172 4292 17664
668 2376 22608
6944 -5568 13956
6240 -3776 11016
2748 1768 22780
6184 2792 11436
1568 -304 11568
764 -392 14376
4180 1832 18700
1224 -3448 19224
496 980 14424
-1604 2728 21124
848 -1084 18948
4876 1272 20596
1216 -308 18224
4136 1736 8880
-2532 3600 18496
1104 596 19424
5352 -1132 11428
3872 1224 9820
4820 4284 10484
-12 1696 15772
4016 324 23524
7188 -960 13712
-1332 2580 10208
3096 504 13820
3180 7856 22392
2928 4060 20256
8600 -1756 11128
2972 4676 12428
-3688 5816 16440
4248 1180 18604
4360 -1896 11152
360 268 25112
2104 2504 21536
3400 472 15500
8716 552 7364
3584 1768 9660
3452 1936 12988
-3144 3904 24904
10296 -3424 19272
1932 408 6280
3732 3112 15996
3560 2224 19588
3336 12 18240
1540 428 16872
3404 1844 15176
1420 3308 20968
2224 -2064 16836
-1232 -836 13292
5224 4916 14008
-1644 3004 12748
4956 1572 16112
2112 -1044 15340
680 -804 19688
4860 4000 14932
5952 2420 20660
3508 3144 17184
9700 3348 13528
8160 -228 2740
-8672 1056 15328
8508 -564 13496
5728 -740 6764
-6988 1396 18380
6712 4852 32064
2508 176 25036
3172 -3896 4144
3972 2088 8996
5452 5036 13996
-112 776 16084
8208 -1068 15560
-656 1472 12216
7296 1664 14368
1008 1888 20324
-320 1912 26156
1664 -564 15808
7248 -2836 9852
9836 116 11048
-10676 5944 12048
8508 -192 22488
4828 -3216 14540
7664 -1548 16116
6328 3180 12832
4596 912 11328
2532 4476 10044
4284 -756 20384
140 -856 18844
1784 -972 21400
2384 -976 18040
5164 -1604 9720
3472 3328 10636
-6300 1704 21536
2496 2328 24484
2652 -2916 15036
1036 1572 12664
3104 1676 23268
7880 112 19060
9320 2032 6848
-1732 1980 7784
-4208 964 16212
-3676 2432 31016
3240 -2388 18464
6292 -316 11888
6200 544 13220
3948 3448 14900
1524 1660 18028
1588 856 12936
3080 -1012 17852
5620 512 10892
6960 604 8864
624 780 13728
3164 3184 15956
2144 -2344 18724
3676 -1396 21988
4500 4012 13816
9768 2332 7468
2068 316 9220
2464 1536 25268
2412 -3228 17544
568 -2476 17976
-2248 3516 13956
1268 2796 17336
436 7156 17868
3908 1556 13232
-1012 -3700 29784
2548 3456 13988
7256 720 8072
768 5460 8572
1160 -360 9240
4520 2732 16200
-52 676 25412
1104 2912 21568
8996 -1596 15232
7436 4076 4712
8100 4616 10172
-116 2132 15700
1992 -2468 20596
-1348 -4336 24864
8228 -6596 18440
8536 5772 15476
3140 5040 17500
1476 3316 17744
2148 -2696 18532
2456 1312 13952
3188 5736 15860
9724 -2432 14168
3980 8044 8744
7692 -1472 18676
-4568 -952 14124
3996 -3552 21640
8176 -5924 16788
3660 28 10688
4476 5284 20652
372 2844 23640
9112 -428 14908
2948 812 11004
2644 -1148 20552
4376 1868 14764
1284 4156 14312
-2036 3628 22100
4584 116 9520
4424 -296 3900
52 2848 21180
2576 2568 17356
7128 488 20492
2924 -920 11716
6276 -1488 18820
1156 2092 11276
7176 1180 11712
-2896 1984 21744
4528 -1404 17256
3620 3624 11652
-1340 36 20684
6068 1696 14276
7508 2344 11316
-172 288 12196
-3340 5140 23240
2420 -912 15156
-248 2596 13596
2484 1296 18568
3632 -504 15208
2620 1088 15864
3764 -252 16204
-2400 2616 10852
8280 -984 11316
-284 3228 15800
5184 2424 17048
11016 456 19632
2608 388 22004
7688 3336 9660
1116 5040 20372
-1700 6560 17656
7280 -3880 21700
2292 -1884 7708
4296 2924 13964
3892 588 12452
1976 4820 17188
7812 -1420 14860
-916 1892 16060
176 4492 13864
5020 -5116 26080
2992 -136 12408
6840 644 15448
6800 1740 15700
1812 -592 15892
2624 2096 18448
-1780 2716 20756
7708 1244 13788
-1144 2556 10848
4356 4392 13556
48 2060 21548
3696 -520 10704
6284 152 15084
-5696 2528 22268
2636 -1172 16304
-1484 -1356 19296
9732 -724 16448
4284 7188 14492
6104 188 7692
-5348 228 19060
-1480 -1104 23152
3820 1364 11628
1820 -2900 17188
1432 3680 19384
6180 2364 11004
1976 2012 17580
7432 88 15216
4752 2404 14684
-1632 572 16456
1508 -560 25496
5072 -1708 17468
12636 -1516 9364
1564 4392 9400
-2128 4040 19044
-7356 -1904 20340
6524 -8496 17084
-1608 3524 17140
5232 2172 12252
4044 2580 14460
2532 2088 17156
5944 724 8556
6708 1768 16428
92 3640 19996
6420 -1328 10640
3248 1792 25584
624 -232 12660
5056 664 13204
7996 1660 16624
1812 4748 16180
4692 -4724 13732
2736 296 8080
3732 2976 14800
10380 6544 12548
2944 -1512 17196
-1092 1212 17540
4296 -1148 17244
11524 -64 2928
2408 6296 13704
-356 3588 11656
2880 -476 13548
352 616 13816
-20 900 23208
1016 188 24884
6412 -2812 14680
3244 3320 9972
4628 5120 10652
-1304 3956 18208
5728 -1732 15364
4228 -544 13712
1860 516 12348
3600 436 11772
-944 7392 13920
-288 1020 19500
5648 -3100 16368
6652 1720 15160
560 2312 13356
1976 -680 14588
2984 -4432 20780
2928 1580 18392
8188 1288 12488
-5856 2040 16436
3952 1796 18400
-1728 1164 17620
2324 1088 12504
6456 -1232 25888
-840 -152 9140
7412 -2584 14624
3180 7588 14232
1864 3244 15156
4728 -1932 16004
844 4408 19508
3784 952 15536
-128 -244 13924
912 820 16444
828 -640 28052
3332 2464 21228
-372 2536 11416
3588 -2848 22884
5104 -5292 15600
4588 -856 13088
8212 1652 12940
5284 1000 16912
-1936 144 14560
6004 484 19172
5500 1032 12092
7844 -908 20568
4188 3216 11888
5760 -1592 3256
-6052 1456 14240
2968 2736 16748
1644 2008 13412
1476 -3116 21516
124 -68 13824
7252 -1468 7284
1200 6332 19044
3756 2672 22644
-2912 -2140 16228
9516 -2284 12964
2480 724 18652
9012 1224 6792
4220 6252 18736
1848 -1980 15616
6520 -2712 14520
-1912 3624 25580
9816 -436 10804
5068 332 16580
7060 2380 12936
9016 2568 9120
-924 6952 20284
1368 -1428 3628
1524 -2556 11512
2448 988 20000
-1040 3804 17336
10412 -1396 9012
8172 196 11868
76 8252 22036
1068 -1532 16656
10884 -4932 18932
1148 2452 15500
10324 336 11860
-164 2228 15552
2304 3360 19168
-656 2316 8996
1464 72 15852
3992 -208 10844
8980 -960 17252
-1964 4148 16988
-3388 -1256 21636
9988 -3480 18536
508 1508 11700
9688 2192 11740
-3448 5140 15688
4260 -3396 13328
3980 -556 22552
5492 2836 14904
2008 2768 20992
-452 1204 14580
7788 -2412 24932
-2140 2280 12208
2244 1920 13300
2720 -1316 12872
3824 -2292 21932
4628 3512 16748
7660 108 9580
-2048 -2792 18432
1600 -540 24840
1564 1696 15900
3372 3412 18788
8640 84 20892
6028 3720 8740
568 3792 21704
7900 -700 20692
6128 576 20232
3904 72 16152
2528 2696 12832
7048 -1488 10064
5516 2048 11856
-1120 444 21620
-216 -96 13780
8372 1732 15980
-3992 4888 12752
6560 2644 16008
536 2596 15984
9352 -3496 18512
5388 1332 15448
9900 1468 7080
728 2932 3264
712 1220 26844
-420 -52 18040
5056 -636 13616
3620 3000 15004
2532 128 17188
4028 1556 17680
536 1832 21984
5216 -1832 15400
3868 3912 10368
8000 -440 11792
-2628 3236 19364
4932 3080 12480
1660 -276 18320
3028 1452 20300
4708 -864 13352
4312 4100 14488
2688 7944 12172
6244 -756 20744
4120 -2628 12932
4596 5172 10060
3824 2908 19836
-1036 -548 15564
4120 -652 18512
104 -208 20164
3500 340 11140
3832 -2668 19532
7772 432 20160
-1544 2168 17056
4180 -3452 7748
4944 -1116 11616
4184 2616 20032
2412 296 17196
7900 1632 19020
3096 -4160 8136
6364 -1316 11328
4884 3100 19520
2416 -2820 16272
-884 -1688 14132
3596 2012 15340
2460 -3288 18572
1676 280 20952
6348 1428 6700
460 6424 19224
1540 64 7824
960 3388 20176
2984 -1208 7488
4320 1648 12524
3248 552 12396
-2908 6944 24336
-420 4996 17744
5544 -3496 13068
144 -760 11412
3632 3864 24236
256 3228 17548
3700 -3056 19348
7676 1660 12804
2368 4072 8016
5464 1968 12780
6256 2236 17004
2576 -436 9268
8184 -8 18884
1852 4528 13048
4312 -192 15944
5688 -840 5068
-1996 3960 29176
656 -424 19420
560 -1020 13564
8944 -2348 17824
576 1664 14068
-372 1016 19928
8348 -4112 19804
540 -1828 14884
8688 3024 15992
-2700 4212 11236
7032 -6448 15008
-1788 3356 17504
3828 2596 14660
172 -2928 13164
3040 -2092 12728
-260 416 16516
3180 3220 20080
2224 -2400 19788
-2516 1136 24016
5428 664 7552
2740 3040 17032
716 936 22132
3900 -2668 15108
5864 4060 16612
572 2556 14952
5340 -2864 17904
6548 840 11452
1980 4820 14276
928 2020 17692
1988 -3644 23288
4952 -2212 14852
2836 3256 12396
-2204 680 23624
6256 -2576 19892
3692 -2000 17964
2920 -1328 15104
3180 716 15900
2208 2908 13264
-3212 1912 19340
1744 -2556 18640
6664 916 19996
3772 3268 11840
704 1452 12556
5040 -4372 15412
6848 1952 12804
-3952 -360 18504
3576 672 21272
7936 -984 12496
2584 3264 16084
3964 -448 20416
7020 -1072 19356
-1312 68 16816
7652 -716 13384
348 2540 11668
1144 976 19276
6552 2104 15596
-424 3028 20044
4768 -268 11196
3896 2244 20672
1124 1308 13832
944 68 11940
4452 -348 11636
-3388 4588 13384
3556 388 13796
-4176 1596 19548
7676 828 16840
5668 1804 12104
2260 2328 14852
3036 2580 8492
2204 5244 19664
-1316 1200 16200
4508 2728 17944
4068 1796 12228
4328 1308 15552
2376 1740 15816
-1388 2028 14332
6592 2480 15400
4040 -520 9344
-2200 1488 16352
1568 2940 21112
3832 -3624 21428
6624 156 7220
5860 1844 12264
6168 -204 5744
-4236 3904 21116
8140 280 20148
6540 -1384 11312
2516 1620 7740
2188 2672 15440
4080 3412 21032
1112 524 20604
6832 -636 15448
6008 -1184 16116
4088 -2136 15080
-1820 2576 21212
8540 2360 19184
-2364 308 10488
11444 2632 11100
-1692 3576 8444
6148 -5448 20440
2900 396 12912
-2304 3460 19664
7604 1880 14560
5732 -1620 10976
2480 4452 15512
-372 1636 16132
4860 -2016 18332
436 -212 21548
2688 1344 13364
-2308 2836 15100
3096 -552 14320
4204 -432 20596
2584 1212 19140
5772 1372 14584
-908 -404 12192
5992 -912 11680
-868 868 16036
6668 -1776 16492
2528 -1816 10392
-2468 3480 18840
6660 5884 16768
3156 -1664 11112
6788 -656 16580
-4436 3208 14152
6300 -2284 19356
-532 -8 19856
2076 -256 13636
1144 4460 13208
956 1372 20248
3148 616 17776
4888 484 19492
1848 -1256 12760
6644 -120 8280
2540 2504 14812
1360 -3864 9300
7692 3832 9712
-2368 2416 12660
-1152 -2152 21368
9836 -4772 6752
2476 -1240 14140
10716 4600 14208
4584 4404 10076
6836 -1484 7628
-688 -2112 19872
1868 772 24532
4404 4052 12332
13276 -1212 8252
-10208 4152 11956
592 2512 24980
-3880 -1080 28496
1388 -4292 10204
8368 20 12344
4156 4144 10908
-208 4548 15920
2752 -3140 18868
2432 664 11480
6668 -5980 18816
6832 948 10588
2256 2424 14476
7684 -420 9364
2680 3000 10064
9464 -300 19304
-1628 5476 15928
5568 -512 21536
-1428 1660 19416
1284 -1876 15484
7012 248 23232
1436 3984 14336
7224 -860 6912
-5204 -4152 26952
5244 -452 26124
28 -108 9836
10848 -1936 11332
-296 6732 12444
160 -2068 20152
144 -1568 12448
3036 1548 15000
7252 204 13108
5248 3436 15400
-780 4376 20984
6672 -4780 24240
11028 3536 24880
5652 5676 2228
-544 2468 17468
-3960 4072 19256
4712 856 2484
-2392 1820 14252
-2608 3700 24808
2536 1260 20288
-804 176 19484
516 3812 9888
2924 -308 13632
-2292 6320 17796
7356 -2360 19800
3064 -1740 9716
7748 -1384 23128
2512 5624 19312
4712 940 18444
7972 120 7116
144 3944 18020
-4792 2704 24188
1200 -2324 14968
3008 -3616 10608
2380 3444 14748
3672 1004 19220
-144 -908 17852
2624 560 12444
2740 1748 13524
3264 600 19960
-5420 540 15236
12584 -2488 21292
1772 1376 21432
3904 5512 16204
6280 2176 17184
804 780 11616
1580 2736 20352
708 3480 16656
3356 -2124 21080
-1400 3528 12004
6384 -1956 12192
6412 2536 11512
1476 1460 13308
748 2280 16980
6888 -3008 14476
5700 -2040 23816
-2940 5228 20328
9888 -300 6484
8460 2284 13728
2532 8640 12316
-1744 1752 28128
-696 -868 19484
6100 1040 9940
116 4304 11600
412 -1328 20776
-2600 -1568 26124
1052 -4648 22996
3744 -2252 14588
1072 1812 11760
3124 8244 19704
-696 -440 25428
-508 728 19264
4488 -2248 14356
748 2876 17624
10324 1544 12288
-440 6304 18780
1388 -320 14028
2856 -856 16684
8184 -3872 12416
-2096 1344 12852
5004 6564 17448
6096 -2756 9476
6572 2764 20240
8400 440 10800
2004 2916 9096
7888 76 9448
-28 2604 23912
4720 504 17832
3852 -1216 12944
10764 2284 18552
1880 4804 7948
-492 -320 14980
-2948 -1536 21524
1276 -248 21900
1716 2224 24912
5232 -856 9632
5628 -1136 8440
6940 1392 12808
-4404 3476 18232
8416 -2628 18432
2176 -3104 17680
3232 2200 19104
8460 -3596 17840
7496 3364 10384
3216 352 18772
-272 -164 24632
-260 -6528 16828
2256 -940 22576
252 548 15752
-3144 8336 19348
-920 2428 16196
-2284 -1332 17032
1456 -672 19624
-3612 4328 18288
4608 3708 19528
3192 768 18412
7512 2792 9800
572 1040 12948
4372 552 12200
4760 2760 12788
4872 1992 11492
568 796 13140
3400 592 12784
3496 -1096 14868
3268 -224 19852
3612 3932 17552
4336 1268 18552
808 -1932 19444
436 -2704 17476
8208 -112 16924
-2216 -268 21312
2016 -56 14556
2548 1764 13240
464 2092 20024
3552 3092 15316
5700 2136 7564
4912 -5660 18364
6500 532 20512
5364 3724 12148
3996 -4884 23996
2984 3424 17268
2448 5016 17960
7972 2812 19880
4568 280 8960
-252 4080 12784
-4508 228 14916
4836 968 17872
2424 816 17600
3944 2172 12580
5572 648 15940
5208 4496 14176
1884 424 8944
1656 -2440 15808
-3788 2516 22732
7704 88 18408
1124 -648 14964
8920 1000 11040
1600 -252 20344
5976 -4612 15492
-732 1280 24624
6252 -800 12340
7060 4080 16608
1740 300 15296
1808 504 11084
4180 2296 14028
4448 -260 11360
-3504 3388 24496
864 -48 16964
-1208 -1568 24456
7352 2288 14664
3368 -892 17516
6360 -2188 14912
988 -1220 18692
6296 2392 15728
5396 3096 9996
2312 -2652 19620
2636 532 17672
8548 4460 17652
-132 2540 21544
-3256 2464 24564
2168 -5248 10832
1276 1136 11596
-1468 2952 22440
-1116 4132 26400
5000 -3612 8004
10180 -124 9672
4620 1916 9944
340 4032 16612
-3200 1364 25860
3548 2408 16648
9648 336 14860
3140 180 17720
4248 -2028 18984
-900 2192 12168
5188 -612 16968
5640 3132 17044
5928 -3456 15172
4196 2772 14372
1100 3664 14832
9652 -2140 12032
3368 -3216 8328
-2172 -1628 30528
-1212 2416 17088
1884 -1912 3636
1704 244 21400
672 7256 27652
3276 308 15892
5156 -4828 13432
2596 5064 13700
740 1412 16900
964 -3536 14924
6576 -148 11096
4104 3096 14116
6928 260 9700
8332 -1336 14304
1312 3800 15756
-1048 7244 25196
6132 724 17176
952 -1172 14320
-1996 2368 29608
6720 -232 17640
-2608 1780 21348
2780 5356 18836
-4488 -1260 7924
5852 -840 11432
3368 196 15792
308 4908 15644
-368 1752 11788
-1756 2024 21680
2928 408 25128
3172 656 14548
3160 -4040 13276
4888 1424 15252
2116 5320 18900
-420 6280 18424
7332 -1620 16996
4368 -5376 14056
2768 -1688 24276
1448 7408 23056
1140 4480 15316
6028 844 10384
-48 4144 19212
3344 1956 13792
6000 6808 19112
-252 -876 15820
864 -788 15492
6028 -2488 16368
4184 -1264 10952
1344 -548 14752
6172 976 18056
4184 -892 13032
1664 668 18192
2316 -968 18744
2412 1192 15552
5892 -772 18160
8244 760 14124
1224 4516 18660
592 1876 19072
4812 -208 10508
-2304 -1092 18276
1276 2056 15544
-264 4544 21864
3848 1924 14380
4128 -1644 13104
4676 -788 12440
4712 1404 18856
2060 2208 20124
7564 16 12692
2760 1256 9004
6668 -964 16112
6864 -880 12996
3788 2084 17896
3268 656 17820
3544 32 13736
-1976 -244 22248
4740 2772 18492
5728 -2536 11360
-268 -916 22652
6272 -140 19004
2268 624 12264
2836 -480 17340
-1696 716 19360
4548 -1908 16992
3340 96 15044
688 -3568 19616
5680 3120 12760
-892 -200 12324
3576 1060 19712
892 -2352 20096
10764 -1032 7796
2312 -2304 12968
5696 3652 14672
2656 2396 21668
-868 2188 23540
3152 -2888 15692
2092 -1048 13864
2844 72 19772
1600 -2484 11540
3764 708 16996
4400 -312 15176
1004 -2916 11864
6872 2032 14028
-728 508 15012
-2720 108 17792
6272 -1272 11820
1564 -1396 18084
7476 1508 16784
5080 516 13940
1332 -1004 10600
3596 1300 19892
3952 1648 17308
2644 144 13864
1432 2336 18152
980 -20 23464
-1636 -260 17780
-1876 -4444 19448
2052 2708 13280
-2856 2408 16684
5520 1824 14176
-1736 3108 13136
-2972 -2340 14728
5904 36 14768
-124 1260 14872
-972 776 21352
6268 -524 14932
3668 4132 14800
-848 1480 17664
9296 -2016 18104
6448 -596 10448
2356 320 10576
3540 -1260 20736
1684 -1268 12880
3400 -1772 15612
2976 -1856 17100
-2400 -968 17336
3044 -2676 17852
4976 1348 11864
840 504 17356
2428 -296 21208
1004 188 12364
-1548 -1184 16460
4068 -732 11436
-780 1652 11628
8236 272 12192
-4980 1488 15008
320 -3432 17136
2268 3808 16780
3236 1216 13732
-3416 1192 27872
-1888 -4520 31496
13360 -2308 6048
4996 588 11168
1120 1992 18472
3912 3560 27704
11144 -1212 9684
12 3196 8872
4272 -6740 22996
1368 -560 17460
8396 7200 4892
1616 3224 10900
-908 248 16812
9392 144 9496
-5388 3884 11676
-4524 -6716 32767
6656 -956 25816
10712 5088 2120
7828 3036 6788
16896 4528 4584
-6928 -708 12088
1608 -6620 28612
-4112 -428 17880
9544 4404 7548
1464 5968 17012
-2712 10656 20852
700 -3608 23044
-1008 -9640 18744
10996 6000 11708
3980 2884 4996
-3644 448 23264
5700 -5136 20548
8832 -2628 15032
6208 4432 12008
8544 284 8184
1832 -4340 18476
984 5064 22136
-1428 -4840 14500
2852 -6100 19420
3972 972 17812
3620 1552 11220
5028 1132 9780
2480 -972 10168
3968 1016 11852
5488 -4912 12160
3608 -4780 13644
5020 584 19540
-1708 -3308 25512
5528 3452 17440
6208 -1752 13988
5248 -1472 15720
3432 1076 19052
8088 1456 5696
5592 1496 11296
5072 3240 9428
3372 -4556 26712
684 2540 15400
2224 -2448 13960
2428 272 17224
696 -3456 16192
8300 -2892 11068
-2176 -1372 16016
3876 -3932 19644
8476 1564 11488
4208 -2808 16000
2744 -944 21700
4548 -1620 16928
-496 -1180 18380
1796 -1976 13908
-4680 -296 16948
5648 -404 18516
-3676 3208 18132
20 1368 16716
6388 -876 12804
3736 -1324 10488
2876 -6260 17516
6916 -2020 10336
5868 -280 9192
3360 -2548 13440
3536 364 14296
3276 -188 18096
2472 -2204 17776
5696 184 16564
1044 3760 16788
1476 -100 20724
1620 196 17500
2032 -576 13900
-2192 2312 12348
-440 -3528 21768
408 -484 24256
1568 5112 13068
796 -4580 25244
5356 2592 13016
3124 1636 11364
5012 -4600 20628
5260 -3196 11956
9528 2364 9084
-3412 1764 17100
356 -1028 22532
10808 -316 14428
7120 396 6796
8772 5120 7664
-2364 -184 28048
4680 -5080 17020
3336 192 12100
6368 5560 13064
1652 5720 16316
556 -1308 14740
732 -1572 30508
1708 -3044 11440
2348 -208 7732
1096 6356 16184
-6360 -4064 27884
8536 -24 8068
1740 -1128 10756
4976 7140 13644
4816 1320 14180
5976 -1800 12460
-6520 1312 15884
3888 2692 9868
2284 784 20184
9724 6772 10560
912 5548 16752
2392 -1488 16964
6812 -4040 17308
4200 3528 9344
4960 3976 5400
-3832 572 20104
-6060 -4104 26036
8708 -4464 22188
4816 1864 13140
6608 2596 8408
2356 -5492 15252
-536 -4412 22288
5728 -3936 19776
11392 4696 10964
3900 4708 11056
-3568 1868 22124
2396 -7408 20664
4792 -6796 15096
1476 3748 14976
3552 1116 11272
2976 2168 17700
-52 4192 15264
596 1532 14368
4532 -756 18452
2892 1640 13872
5084 1788 16392
1396 -2360 21324
7180 -1208 8332
4644 -1744 12644
6672 3024 10372
2024 -10904 21728
324 -5436 17296
916 -2600 17876
4476 1268 12956
-1512 -1812 13532
10264 -4504 19464
1272 -4172 16396
5828 228 21452
5268 1620 14732
7184 1124 4196
-7300 4708 21552
2444 -1540 20688
6432 1160 7384
-5264 3876 11464
2308 -812 23820
-1824 1244 15984
12168 2768 15668
-112 2664 11348
3608 -4608 25408
10308 -3644 11404
-872 -1316 11036
8368 -1096 18344
2388 -320 18148
4528 -1524 8404
3860 -6212 17944
-2328 1992 16568
4872 4232 14076
3976 -3216 9516
-4412 -4024 32767
7112 2408 12364
864 3140 13504
-1512 124 18884
2724 40 16320
-892 740 16432
4928 -2976 17976
3232 1044 9364
2788 -2692 19192
4112 544 15344
7404 2452 15416
2884 404 7200
4020 3396 13856
-1308 1592 13848
2372 -6664 22544
4152 1972 15032
11112 -1828 10748
3168 -4608 25836
1368 3040 18204
4016 -1292 11736
6920 -720 16228
-3756 3244 19184
4500 -1092 17060
692 -8276 19956
4508 -1652 11956
2732 3420 21288
1456 924 20176
3376 -1920 14744
2684 -1472 17632
4432 1944 16424
5524 6068 9048
536 2552 14652
5584 1848 22740
3048 -6140 16260
-588 1736 15060
2060 3884 12952
184 212 16556
2584 208 15452
-152 -5764 21104
4984 1576 17588
5228 1060 15064
480 -1936 22668
2460 -3332 17876
6216 -1100 15164
420 2792 19696
6256 820 9124
6672 -2080 15204
500 -716 20792
100 312 22396
10768 116 17264
1448 3996 13048
3128 -816 13492
11548 700 13632
-6152 644 7784
5104 1872 12616
1340 -140 15340
6028 -3352 10752
8228 4872 12856
5944 2464 17812
8696 -1288 13080
4712 -4280 19048
2596 -3104 14896
3428 -9332 26596
11884 6724 9784
7604 -1612 5980
376 -4472 15292
2856 -3116 16920
3948 -988 15368
1484 -4800 6268
360 1180 25512
620 664 19992
4604 -2816 20624
3036 3340 17356
6444 3076 16748
7648 -796 13612
10428 -824 11948
8836 276 14304
1080 1040 10656
8380 532 12524
8140 200 21564
1952 4692 19332
-528 -5148 19948
1628 -2420 14160
-6500 3160 13604
4776 500 17552
1100 -2356 17508
6312 -4548 13260
412 308 15072
-24 2060 12216
7112 -5904 20756
2612 -2564 12072
2920 5220 17716
-820 1360 20492
5736 -8824 22008
4252 448 14316
2612 2548 10500
5696 316 21460
44 -828 21456
5916 -4056 20480
5528 96 10368
1904 5512 8684
0 -1424 22084
736 4876 21384
3020 -3976 7292
4364 1216 10336
-3032 -1220 21024
8568 -2480 14864
3092 6000 8168
6736 3672 12628
2708 -2928 21412
1140 -60 13352
7948 1296 11136
3460 1968 13816
-2000 3912 19172
8376 -3540 19412
5160 -200 13616
-1240 3720 20912
4396 -1712 17832
7144 3092 9164
5528 1032 12088
-548 -1440 15504
6364 -2876 19740
2920 -3292 12352
2136 2820 22376
10488 5124 13100
9092 -1636 8944
9116 -3808 14988
-10020 -2348 19500
1336 -1344 24832
6516 2396 15824
7960 4588 7288
-7440 4760 12948
6944 -5820 19080
5288 -4024 17724
4196 -3972 14976
280 2820 20092
-1376 1076 27360
4200 -3084 15804
11656 5140 9100
-2244 5056 12076
7644 2760 20560
1936 -2604 21752
-1744 -4756 7676
10304 1348 20464
3232 4848 5236
3164 4836 10452
3024 -2304 9256
-8704 -3568 13192
3148 -4252 27116
-168 -1840 19568
9668 1488 8964
276 3528 9212
6688 -1580 13676
7272 -1032 11324
-2664 4004 11740
4040 -4140 22876
5408 1152 14996
-5908 -1404 24280
12804 324 11648
324 4072 -200
6136 2600 6616
4000 -404 24524
7524 -2468 13840
-2656 4468 13620
3472 -3316 29820
10276 1800 11232
9564 4180 7340
7576 3176 -636
-7016 1792 14128
-5016 -13504 32767
-2304 -4768 14804
5028 4228 9076
3068 9252 12572
3720 -1448 22676
13560 -2872 9088
-2740 -1448 10704
3964 -2056 24244
5888 -7348 18616
5384 -1208 4372
8960 3132 17136
-2088 2044 14484
9204 -2048 16664
-4384 -708 16168
-1728 -4820 17784
1988 4180 16004
2088 -376 14396
15388 1372 4648
8812 248 -472
896 -244 5020
5236 -8600 32767
152 -7932 24616
-3144 -156 12376
11448 5396 11424
5464 8552 8048
-9052 6648 10988
6020 -8616 29316
-2148 432 11748
-1628 6116 14172
4064 -2020 26228
6260 -976 15736
1340 3980 13640
3920 -376 16324
3348 132 20996
2864 3460 8072
3180 -288 12896
4888 -724 23248
1580 1164 18256
9016 5036 3820
-760 1784 22816
3744 -3316 14116
6172 1504 4980
8276 1944 2188
-1000 -2928 21112
3260 -2200 24924
1920 1200 6312
3468 2448 7472
4264 -664 22216
-2880 -5996 24992
3244 -6864 16568
2504 -672 16628
3148 660 15752
628 -2456 22880
292 244 12896
3688 3456 16056
5556 -396 21244
4904 1912 10212
3148 3148 16200
-5988 -1264 17512
9468 -4240 18796
3628 1028 9124
3084 4576 10784
4492 1388 10560
1620 -2900 16120
-256 -1000 16788
3568 136 19212
5288 1600 22476
3548 -452 19320
3188 -1360 14028
3660 -1120 13652
4028 -252 14064
2480 1616 20080
5108 2152 17596
672 -2000 10760
3156 -3128 14376
916 2672 17352
1548 -1392 18380
4188 -4732 13092
2412 -2120 20080
2940 -496 10584
6612 5708 14824
2620 -280 16896
4688 -2752 24624
9508 464 13520
7768 4128 4892
1152 -8148 24404
-5796 6504 26312
1148 1760 20832
10484 -4312 18352
2972 7156 18804
-1048 1632 12540
1412 -4620 20248
5856 -3864 13500
-1300 3392 15356
-568 -3564 23672
8380 -244 15288
2488 -1584 11820
3036 -1624 12000
3340 -3180 10008
5624 -3404 14224
4944 2376 13064
-1384 -904 18668
3212 -1224 17520
11076 412 9016
1724 3468 10612
-1432 -952 18932
1800 -7132 23464
8920 -5440 14988
752 6464 11628
-10380 7220 15980
3948 -6260 22384
3940 -6472 9216
756 1264 23516
2744 1816 18188
6728 -2360 11464
7444 3244 3564
-4508 5364 23384
3564 -5032 20244
6392 -276 11032
924 -588 21892
6916 1476 13596
2092 1064 9528
4436 2528 18584
-840 2356 21340
5016 -832 23384
4028 -968 20048
6072 948 10576
-1408 928 19436
3572 828 18032
4356 4040 22916
-376 1452 11200
92 -6948 31280
-600 -160 13636
1200 -680 18900
7024 3316 9176
4232 -168 7940
-1264 4192 22712
5532 936 18232
4736 696 6300
6988 4148 13448
6160 1896 14388
5540 -1508 25520
6052 340 7036
-844 5680 10324
-2800 2720 21940
2008 -6236 17080
9888 -948 11404
2784 3160 4268
-3468 -2568 24924
-3480 -3616 28140
-904 -176 14812
1996 3676 12716
4064 2552 15516
4044 -8 19068
-2036 -2804 19704
6620 -1096 4296
-3860 5528 15560
-2880 -1384 32292
11372 -1636 11628
-4988 -1616 16124
13212 -4556 10568
8660 2920 -544
-11364 -640 31736
11672 -9272 28432
4956 2632 -772
-3468 4428 19576
10752 1128 26176
3012 -2992 11204
-832 -8404 30884
636 -2232 17744
6808 1764 8444
2924 -480 2208
1456 2052 17600
3056 2876 16472
-732 -1732 20448
6432 2612 5348
6864 -164 12616
-11592 5556 32767
15380 -8396 7824
14008 5944 4404
-13676 6960 22400
17868 -4736 21340
-8648 316 12580
-752 2968 22700
10420 -2096 8228
-3584 1760 12072
5356 4084 21308
684 -632 20292
360 -4788 15960
8312 924 6756
3964 4308 4032
5084 880 20984
-1288 -2076 14408
436 -3832 24472
7380 -6812 12636
7176 920 11688
-328 6572 18708
9556 -2536 14620
8140 -172 10780
7480 1468 16568
-2780 1616 17032
-2008 -1784 22764
3580 -5080 22728
-576 -2644 11348
9848 -1236 12500
-5244 3112 11860
1792 -6580 17912
7968 -6604 19108
572 1292 12752
13120 168 17600
9996 280 14828
-1184 -1904 12876
7740 1560 13236
-2200 -280 13340
2816 2524 11988
6512 -536 9040
960 4944 11852
4200 2032 17428
-72 -6604 19956
664 -5012 16536
9368 6264 15376
-244 1004 7764
2808 2436 20196
-1500 -2328 7596
2072 288 18564
-2144 -2076 10560
7276 -1048 18260
1452 5636 21348
5896 1424 13024
5180 -304 11748
-2960 -1384 22016
1500 2620 19700
4600 2948 10728
5424 900 10744
7572 1168 18500
3668 3964 13280
5144 -5364 27868
1088 -852 16792
8592 2980 12924
2404 4756 15908
1056 -1792 20524
5540 -1736 22092
8612 1696 10136
1072 -1140 12528
404 -5092 28372
2020 -1472 20336
3084 -956 11268
8780 -1752 6648
104 812 12144
2052 -5964 23544
5876 -10920 17300
9492 -8240 7692
10728 2260 10892
2904 -2736 22548
12188 -10492 16216
-856 -4120 13384
2724 -2484 18748
-4552 -7360 26132
-1152 260 19848
732 -5180 10116
4980 2044 15216
1720 5676 17812
3824 -3396 13376
-768 532 12652
992 -624 17788
4176 3424 16556
876 4500 19460
-3056 -1536 26924
4544 976 11132
8288 2404 10480
3944 4324 7240
1084 1844 25584
6260 1020 14228
6928 -1472 10256
3436 3956 12048
6752 732 12864
1220 -8732 12928
-208 188 17976
2892 3104 18556
5524 -3160 14456
4972 -5000 12284
6120 -6200 15968
584 3220 15612
544 -6784 25104
4948 -4924 10860
4844 -4580 15700
3100 5116 15548
1844 -828 12256
-1880 -4076 25048
5368 -1304 19484
1068 1224 12852
4244 -1176 10400
-2068 -1476 11212
-3124 -496 9964
1788 900 23436
9000 -9788 14304
4932 3968 9756
-1132 2776 27228
868 -4340 16464
7708 -3140 11184
2860 2916 16008
-2228 -2404 29300
4924 448 14768
168 -2364 14864
1044 200 18972
-7064 1744 22756
8964 -28 12528
4908 4884 10060
2048 716 10508
-4028 1852 15508
3796 -2872 18688
7544 2024 5960
9772 2396 8028
-1872 3588 15216
1484 -6264 32767
8724 -1568 14820
7940 1324 7700
2900 4684 14504
-1668 -9364 19444
9428 -2296 18744
-4052 408 18396
6160 1308 17076
-420 448 18684
5280 -1468 15200
1044 -2324 9704
3880 -7004 22740
2480 -1680 13564
5112 5152 14324
2820 1288 17312
4504 108 21572
4360 -2856 10524
7152 -512 14668
964 756 15540
2588 544 15492
1188 -4628 20348
2352 3888 13336
-792 3224 18392
-388 -852 23268
4500 3084 13504
10084 3788 10840
1616 1304 13656
6088 -3588 18512
2344 -1748 15528
8404 420 8184
6164 2496 13264
4272 -636 15016
2564 -1248 22240
-1796 2916 17056
7268 -64 18152
2552 -5828 24524
820 2692 20840
6168 1756 9496
-3704 -524 20304
13212 3180 19664
-7372 4816 21252
1000 -240 18052
3656 -2616 13816
2760 1228 10208
7084 -760 20416
1032 -1488 5948
7652 2136 12044
3108 1728 15520
1088 -4384 13876
10508 -5416 7264
3992 1896 16996
184 436 19984
4024 -900 21852
-892 -2304 9720
16452 1400 9764
-5832 1708 19700
7760 -1396 28908
3888 -548 19792
3044 3376 3484
11288 156 7204
-2096 1068 15032
-200 -7856 21280
6748 -4076 19996
2344 -568 10956
4292 -240 14844
1352 776 19132
4648 -2016 11024
5312 -1540 14040
6428 3684 12964
13880 -1808 8548
364 -2428 22884
6480 -288 11764
720 -2460 24576
-3844 -20 23036
7392 -740 19064
2600 -148 7460
308 2460 16732
-2932 -1164 31044
4000 1996 8216
4016 4812 17768
-5436 264 16020
6212 -3732 22832
932 1332 16432
840 4268 12884
2468 -2584 15292
-2764 2776 17916
8552 -2456 17856
7632 868 10860
244 864 11440
5784 -2712 24060
1180 1448 16944
13200 -1352 5808
-7040 -2900 18936
11400 1512 11140
-1736 1732 10132
3708 -28 22032
7356 -2344 11416
3368 -1016 12724
7156 2380 13892
2524 4844 13912
208 -464 17632
-4228 -320 28784
7164 2256 13840
1828 -2348 11056
1072 -5288 23864
8348 1492 16392
-532 -756 12060
3624 5432 9984
4324 -2088 11324
-3636 -1180 20012
11676 888 14220
340 -2308 15516
11732 2336 8944
-2764 -2624 15644
4732 840 14828
3164 -5008 13828
7504 -3296 12296
904 -1164 18316
1908 2964 15588
1752 3676 23696
-4716 2668 19152
-76 -1416 27596
6724 -1692 21020
9308 -5412 9884
10548 -4712 -3168
9992 -3820 2696
3644 3560 8088
-4596 6880 16768
1120 4072 21260
-3420 -5504 15288
928 -1016 13276
3548 2092 26656
2920 872 17904
5908 2340 14048
5220 -720 12488
3492 -740 13664
2588 7720 25024
144 2800 18304
7864 -2856 7308
-2760 2856 17480
1824 2348 14620
-3288 1112 24568
-2144 628 21888
3564 -6028 7192
8156 2072 15292
6924 312 12488
4660 -464 17188
3120 2692 13016
1328 88 32344
4016 6944 13672
384 -676 15116
3876 1856 21260
2128 -6568 16124
4924 -1060 17664
4448 524 12096
2292 2644 17312
9596 1328 11848
-4576 -3276 11832
6164 -3640 24592
3240 -1872 14896
2624 1404 14100
-1164 836 15788
1044 3164 19692
1512 2288 18448
10008 532 17260
-1400 336 17684
10336 -2448 13804
4100 -3384 15868
8404 1308 16128
8328 3244 6328
2364 140 13540
9544 -472 12036
-3560 1548 13296
3336 2580 18164
1156 -476 19068
-4724 -1576 20212
4640 1652 16664
2700 -2516 13196
-20 1084 12972
9496 4268 15540
4604 2532 14456
8532 2256 12100
-1224 -1520 16616
700 1196 18884
-1984 3648 19676
-696 4168 21684
3536 2396 17820
6588 -2952 7668
960 -2432 13072
5768 988 12644
-2572 816 14500
10988 -1308 8532
3084 -2144 16304
8556 -2884 11804
3520 628 16968
4604 -1608 14804
5480 -5688 15072
1628 1156 20716
5356 -572 6968
-1172 4952 17492
1096 -3184 15556
7584 228 11208
672 2192 13236
-408 1368 21848
-5656 -7520 15160
3204 -752 19112
7260 3300 16656
4844 -24 1584
6364 7960 12088
-1248 680 19124
11908 116 16256
164 2644 14708
5204 -744 14316
7784 3932 15532
5808 -816 18212
4784 -2272 13072
1132 -3576 13284
6880 -4324 14528
5684 -2088 6020
1976 4616 18460
-2924 -2308 21264
1912 -368 16248
6624 668 13808
9312 2032 14264
5280 472 7080
-1324 -2280 22592
3552 2060 21052
804 664 13960
11128 228 16696
5848 3312 13876
420 -4268 17336
6896 -5828 12644
-788 -1644 9152
4452 3720 13924
-4360 152 19992
2004 -1160 17736
7932 -3528 7868
4008 20 14900
1644 1216 20488
4796 -724 21304
7488 -3508 12816
4776 -136 10776
-1244 540 21708
8700 -6000 19368
-1324 1832 13728
3560 -3388 21188
1768 7064 6588
-3168 1216 14620
956 768 16760
-2200 3200 17944
3748 -5956 20452
2440 -788 13936
6956 -876 12908
8848 1056 8968
3068 248 17940
1696 864 8248
1332 -484 17512
8952 2844 16728
3036 2676 9596
7668 -7704 26080
-1548 1328 17928
9996 -3944 5116
5944 -1480 13952
44 -172 23740
3612 -2144 24988
7012 -3652 11820
-2912 -3592 18364
5428 -564 15044
3708 2972 7708
2132 4124 11964
-1824 -1920 23688
5240 -696 24796
8392 -5944 2484
4168 7164 15540
4600 3040 13028
3256 80 20300
11208 -1700 16252
-1676 -1172 17832
6812 -1196 19196
3860 940 15368
6076 2344 12860
1868 -4464 25416
2160 -2832 11200
3856 -3436 22084
-3052 912 22636
3404 -3820 15540
-1188 -148 18220
7088 64 15984
5908 -788 17052
-3968 -1808 14852
3520 1516 22956
120 -6560 15864
6444 -2136 9040
1928 -3424 25292
7556 2396 16156
1388 -996 18980
3292 -1808 14172
4800 248 21008
1632 3256 10336
4216 1888 16144
2064 2244 14712
5856 2408 15984
1240 212 21032
1300 2044 16188
-792 -2084 14920
9004 -644 15448
4576 -772 9852
4032 -556 13656
1132 4528 16432
3600 556 21952
4380 -2444 8668
-484 -1564 12800
-4912 2736 29420
3044 -4452 18392
12060 -1396 2144
-296 -5576 31292
5064 2092 20144
4788 -3204 13048
3244 3304 9476
5760 -840 16496
504 116 18284
280 4 12736
5836 -2856 18848
356 -3276 12696
8456 -3184 14368
2136 792 14472
4112 -2936 13560
5140 -884 9268
10580 -1860 13620
-2040 2356 25140
-4828 -768 17912
364 552 22400
5664 3288 7932
-5460 -3816 25812
8044 -3972 14312
-1556 3708 11316
6848 2268 14572
2600 2772 17116
1256 2180 18144
7196 -788 16520
2012 1020 11288
1292 -6436 23544
8056 3084 9388
2308 684 10724
6412 -24 14044
-192 1200 11284
11832 1568 8416
-8876 -4724 25916
6852 -248 19084
3548 1132 2476
-1012 3048 7904
3496 2500 19596
488 -2776 21308
5336 -364 2076
7288 -1032 9204
2312 2132 13520
3524 2764 20744
9172 -1596 13316
3472 -1728 15564
3708 -3312 14964
3932 176 14284
3456 -1224 17244
-4476 152 19188
7652 -872 16024
-1544 -8 13672
-1668 1528 19644
11884 -4032 13052
-992 -1520 7772
3788 2592 20964
6256 1076 11840
7956 3644 10004
3676 -200 10700
-1220 -6284 26036
2672 -4976 20296
4132 3328 17720
13972 1664 6992
-2344 10304 7420
-2668 -8048 32767
11120 -5224 10252
5548 -2636 8572
8252 -2764 11228
-508 1580 20220
5456 3376 18076
268 3644 12200
3000 -3676 12064
1160 -1052 15308
7836 1048 8580
1968 1300 11020
-10124 -4056 32767
10420 -4660 21732
5084 3492 -1396
4180 4944 25000
2212 392 13896
4464 -1292 14768
1464 -556 13560
-2812 -2052 28320
6592 1456 20624
6084 3976 2000
1616 1032 12136
-724 -380 17612
5304 -3160 12376
7024 -1168 9056
-1372 3164 17944
8824 2852 8944
8204 3448 5812
4472 1544 22676
7312 2024 19640
4168 -972 6684
-4608 1448 19852
-1316 -80 27952
-2884 1756 23432
5292 7712 10852
5036 2664 4276
28 -508 12144
-3120 -9532 25696
3548 -244 16560
3740 5816 4616
5596 5776 14368
2292 5892 8368
6128 368 20380
-668 656 21528
3156 1744 21444
12512 -7672 9996
11380 4632 6148
4856 536 10232
1560 -2008 19448
4508 -4036 21164
1932 2816 14396
-1292 -3976 10768
140 -4272 28172
9992 904 4404
340 -816 13152
2000 552 18796
3140 -1484 14908
2068 -3408 16052
7132 -612 7492
5980 2504 10988
5572 -560 15040
-1692 -1928 32767
2572 -2788 18320
15508 3764 188
9484 6468 -5624
-7788 7528 22160
4152 -9716 30700
-2052 -4900 9336
3228 176 13636
-2236 -172 25160
7692 1776 9100
9296 10372 9100
-4636 8968 17816
4384 -4344 24976
6256 -4708 25124
1764 -2940 11548
2956 2288 21556
-3992 4480 17720
7860 -2136 12484
2468 -184 21428
8 -5724 17516
6584 -1724 13132
7796 2112 832
4216 3884 1164
5544 -3120 31704
2292 304 13176
9116 -2756 16652
-5916 -12 20752
5508 -6580 19052
4608 5640 16284
4812 12380 15348
4528 1788 19656
11648 756 9644
7412 864 6660
1048 1028 15632
-5504 -5932 30348
2972 -3132 19092
-1368 4004 11128
2808 -3628 14844
3508 3920 19772
2248 2748 23636
10268 -10672 17764
7284 -6176 9088
6908 472 18180
9536 -48 17200
6528 -1240 6440
4896 -1392 19200
-1216 3708 13728
5420 -4596 17664
2136 492 16568
448 -528 11516
1964 3172 12912
2712 -948 16092
-3292 1120 13828
1072 -2468 27572
1944 4972 10024
5384 5892 9312
-4420 1280 20816
8492 -2352 20288
3016 -1640 19648
6896 -2124 15076
-348 2056 21188
8592 1912 17812
3512 -1576 18020
-2040 -3020 24448
5548 -4604 20460
5900 2392 9192
-588 284 12736
5948 -3236 10980
3280 -6956 23040
3996 2368 11444
7588 5864 10572
-4260 -6576 27588
11752 2688 14876
92 300 6180
-3272 652 21788
8484 3896 25248
5936 -2084 15324
9604 -76 9860
8884 1408 19172
3168 596 18492
6936 1024 14932
-4736 -2652 17976
6496 -2552 20376
912 88 12236
2820 916 14836
552 2544 18516
1716 760 10504
11840 -9088 4564
-1240 -1252 8076
3064 -1384 10948
10856 3444 2072
-7172 -2228 19004
4364 -4292 19888
7492 -984 4996
-1580 -520 15108
5024 -1664 25708
4200 -636 7756
4060 40 7916
724 -936 23116
-1680 -168 15248
-3348 -4584 27148
2460 -2168 16516
-796 280 12252
4232 -972 23196
2928 3360 13896
8152 4292 6848
716 2852 2824
-1800 -1340 23596
10696 -3264 23784
5068 -2596 5236
-1340 3696 22804
1628 4640 19612
5692 -2080 20244
10580 -2016 14108
-1400 -544 16520
-308 -68 20280
3664 500 18592
1720 -1704 14924
7960 -888 13580
7312 3808 9480
12372 548 9072
-4560 -7020 23256
8320 -6600 23252
7168 4020 5552
7860 5180 5460
3180 3504 20484
4708 -1904 19856
6348 16 16412
2064 736 16364
-268 -5564 20448
2428 -2216 25844
11088 6624 11760
5804 5532 12992
-2572 -3536 22516
5108 -5280 16464
-4336 -2912 16576
-4812 4064 18500
8508 1280 20156
2152 84 13628
-3064 3104 13264
5204 -3916 14296
8692 712 11424
10188 -5052 13176
5168 -124 21264
5396 7804 10612
4132 -820 13232
-4616 -4548 20004
11532 -1664 11092
-16036 2476 25280
10788 -3576 24900
1464 2200 6344
2320 -576 14756
2488 3716 7032
3952 -496 17360
196 708 15256
-692 -544 24560
532 3520 15736
10860 508 11880
-7012 3140 25316
9740 -5460 23688
4908 -1172 13716
6280 920 12608
4356 752 21376
-2536 -3092 15084
9296 -2660 10856
2512 -332 18904
3664 612 16288
10356 3284 8288
-14192 1884 24932
13868 -6228 15908
2860 -368 13460
4724 6676 15208
1632 584 13784
8284 -3788 13520
3548 -520 20392
5716 -408 10988
492 1152 17232
1676 1596 9016
-4168 -316 10896
5676 3548 10276
-884 3412 13392
-268 -1744 21356
1976 792 18272
5272 -4180 4608
6596 1592 8540
9464 4168 8500
-7396 500 17448
10936 -9700 28400
2648 960 7976
-576 -2140 12876
-2316 6628 22964
1576 -5552 18644
8692 -4100 10928
192 888 15436
-1692 252 20660
5992 -3232 22740
1576 220 8592
9448 -2804 15440
12940 296 12256
6860 172 5404
1316 2788 14208
-7664 -3240 23500
7908 -6432 18660
576 4020 12516
1080 3524 20348
2544 -3648 27032
8044 696 10100
4560 -1248 16896
600 2832 21464
-4540 -448 21344
-1032 476 22972
-4684 1888 23856
3252 1876 13860
6592 3472 6060
-6424 3120 23296
2392 -2764 17764
2836 -1732 7320
888 1480 12168
9900 3956 8976
876 764 14588
2276 312 11188
340 -4208 26240
7348 -5308 13524
8780 500 8496
-3476 6812 14200
968 3004 20596
9876 -3184 15396
-2396 4140 11412
4132 -1116 19884
6860 -2068 15052
372 -1412 7456
8392 -4860 21912
-2976 -2492 13080
804 5948 10752
-6160 1208 13504
-1500 2200 29500
7244 3388 6056
1112 1880 13296
7716 -712 24284
7720 -3748 11388
3912 3564 6576
-2272 344 31540
1980 -1476 23044
9448 4760 11540
-1576 1348 26508
4304 -2532 15132
15144 196 5824
-4368 3420 11648
-4720 -6988 32767
3896 2720 11328
3660 152 640
7516 -40 15792
4576 5564 15204
60 980 14508
-80 -3948 30432
5592 -5240 16752
7292 764 1796
9284 2720 10904
-9556 1388 13784
13796 188 21836
-2492 -248 10200
5728 -5388 22608
4756 3448 12656
-5628 -612 12580
7728 -1340 20032
1988 3420 9492
420 -68 10248
6060 -1008 18688
3032 -6160 14932
5524 -884 12232
-5256 6760 13256
3584 -3992 18232
3528 2708 17816
-744 212 20340
7176 -6028 16516
-140 4040 13196
4180 -5444 17112
9440 2596 14988
-124 -3292 17852
3572 -3460 16140
3204 600 18828
-2632 2144 15616
5408 -2616 17172
6916 1896 6740
-608 -216 10184
-2636 -1756 22900
5944 -2520 16712
44 748 21160
4316 -4120 13572
4120 244 16700
5320 -500 15176
7584 1660 5552
5056 5296 12304
-3112 -1104 16668
6000 -2748 19384
3624 612 19420
-1344 2332 12420
11404 5996 8560
-4628 1940 19972
-1088 -2496 21396
9448 3848 7264
4412 7688 92
-3372 3176 15524
7176 1540 14348
10852 -3852 4888
-2340 10520 14136
-2856 -3256 25680
3848 -3360 18800
8976 2680 9732
-2552 2836 13200
2876 -3244 22240
8064 -6392 17200
-4212 520 17964
1772 -2444 21528
1676 2320 6264
4220 1936 12436
2236 1004 29100
536 5876 11272
3644 -684 12344
6400 -404 21340
4132 -2172 13356
10468 -1708 12172
-4244 4396 13688
20 6724 25212
6184 228 16492
4300 1640 1928
2356 -2228 13624
-2004 -1704 25292
2756 -3020 31160
3932 1792 7780
14540 6368 3960
-3892 -2500 20656
2728 -2300 26560
9640 2600 7272
-3128 5740 1264
1592 -4948 32767
3176 -1184 13688
-1620 6160 22816
6128 1480 11320
-1700 2036 10676
784 -756 24732
-192 -4288 22724
4836 -1028 7392
12304 2672 -1260
-4876 368 10328
2784 -4260 28936
-1244 -5588 24968
4484 -424 19596
4440 -1348 15772
10464 4084 10840
2412 -6924 7816
-4516 500 12484
-1760 3244 25752
-3712 -932 13740
3616 -3192 14480
7732 3864 6952
-2920 -168 13420
1724 -1036 26740
-1988 -3364 7116
8540 6304 24528
6932 6336 13460
-6140 -2856 12476
3232 1904 11616
7100 4568 17528
-4964 -4916 14884
4144 3396 26700
-4564 3672 18804
700 -5652 15996
-1564 1568 19716
-2104 3140 14264
-5492 -976 16468
4516 -4356 15844
7092 -2244 22732
-2064 2580 15664
5756 960 19256
-560 2380 18736
-5600 -3300 8308
1100 -6496 32767
-1928 4852 5484
-480 260 10620
3956 2084 22388
-684 2000 9324
-712 -612 11040
-1392 3024 22132
568 904 12244
2488 -996 19264
-5296 -888 14608
-284 -220 18856
-4408 -1584 19084
1844 -1020 16140
828 64 16556
2284 -752 13652
-3376 -3844 18208
-1252 -640 19940
-3944 -1308 13944
-3748 -912 12288
1344 -2196 16232
3624 1176 12132
1440 -472 18860
-5184 -1252 10592
1436 3472 14256
-4908 824 13852
-1744 672 12552
-6856 2084 19496
-8040 3432 14172
-1368 -364 18552
-3472 1120 11288
-1504 1828 19684
-4488 -568 14292
-100 -28 17068
-3392 -1460 13788
-1080 -232 20752
-2164 -3212 14684
-368 -604 18800
1956 -1196 14424
1252 568 17340
-772 1720 13840
-3988 -6672 16516
-1796 3208 13856
-300 -5220 16064
2600 -3720 19496
-1372 -1424 12652
-332 -768 17180
-2176 1664 17856
-3432 -168 15140
-2220 -776 16568
-5880 672 13012
-2028 3476 20568
-3028 308 15308
-312 -1076 16176
2088 -1880 16360
5228 -1780 15952
6860 -2112 15988
6656 -4372 16700
5784 -3380 14988
3876 -2892 15960
1008 -3024 16920
804 -3676 15448
6800 -2996 15120
4480 -16 19128
3668 -2064 19684
7748 -3812 23508
3340 -368 10684
5400 2484 13404
2300 1960 12688
1960 984 10324
3792 1160 15364
-2084 -704 14348
660 -6356 13668
2316 1284 16940
-960 -1048 13940
2144 -1660 19600
-136 -2984 16504
2432 -2964 15684
2592 -2368 15536
2684 -2172 14892
3416 -2624 17016
2644 -1448 14840
3660 -724 15260
2868 -1476 15664
3520 -1740 16292
3316 -1516 16256
3372 -1784 14844
3512 -1676 15584
3400 -1844 15624
3536 -1684 16024
3072 -1572 15576
3496 -1760 15484
3008 -2316 15380
2700 -2244 15580
2944 -1884 15988
2696 -1420 15336
2932 -1300 15964
2836 -1088 16108
2832 -1228 15888
2836 -1328 15604
2956 -1448 15128
3196 -1304 15928
3080 -880 15888
3076 -472 15776
2960 -208 15940
2944 -52 15928
2820 -452 15652
2848 -404 15340
3152 -448 15676
3344 -556 15900
3340 -396 15920
3372 -16 15508
3560 -196 15616
3540 -508 15884
3472 -980 15700
3828 -1224 15808
3656 -1000 15584
3548 -1124 15532
3508 -1280 15600
3336 -1196 15516
3504 -1464 15528
3344 -1620 15776
3232 -1696 15928
3088 -1788 15696
2984 -1584 15700
2936 -1472 15704
2548 -1500 15904
2424 -1484 15816
2336 -1312 15568
2528 -1224 15632
2700 -1272 15676
2972 -1332 15796
3288 -1348 15720
3264 -1444 15632
3184 -1220 15696
3328 -1236 15644
3456 -1280 15612
3320 -1308 15776
3252 -1320 15604
3156 -1280 15808
3068 -1236 15764
3228 -1252 15736
2984 -1352 15360
3200 -1408 15764
3148 -1300 15508
3176 -1336 15520
3276 -1300 15604
3368 -1660 15600
3400 -1616 15776
3176 -1664 15464
3236 -1604 15588
3088 -1708 15776
2980 -1840 15764
2928 -1600 15576
2960 -1720 15712
3032 -1824 15788
3076 -1884 15688
3140 -1852 15636
3220 -1968 15692
3244 -2056 15460
3164 -2052 15476
3236 -2076 15624
3236 -2236 15600
3284 -2268 15820
3060 -2092 15620
3040 -2068 15728
3044 -1940 15632
2992 -2048 15568
3144 -2124 15748
3152 -2012 15636
3204 -1792 15568
3148 -1780 15432
3240 -1988 15592
3140 -1992 15664
3084 -1944 15572
3096 -1852 15684
2996 -1840 15704
3068 -2036 15588
3012 -2024 15492
3196 -2168 15580
3212 -2140 15604
3072 -1880 15724
3068 -1772 15764
3104 -1872 15612
3144 -1972 15724
3244 -2116 15500
3100 -2104 15536
3204 -2224 15668
3220 -2064 15744
2980 -2048 15656
3064 -1892 15524
3108 -2092 15616
3124 -2308 15628
2936 -2272 15452
2900 -2256 15520
2940 -2020 15472
2932 -2120 15772
2984 -2604 15708
2904 -2692 15536
2988 -2380 15496
3112 -2180 15428
3132 -2204 15664
3412 -2360 15600
3308 -2600 15536
3300 -2380 15712
3120 -2564 15440
3120 -2624 15472
3152 -2580 15472
3228 -2332 15796
3192 -2296 15596
3100 -2344 15468
3108 -2476 15564
3220 -2332 15768
3100 -2276 15564
3220 -2392 15440
3176 -2076 15624
3176 -2044 15552
3124 -2100 15564
3196 -2096 15416
3004 -2196 15668
2992 -2320 15468
2988 -2284 15500
2960 -1944 15580
2940 -2484 15600
3000 -2648 15584
2992 -2508 15484
2920 -2632 15576
2952 -2788 15484
3128 -2900 15500
3296 -3020 15500
3056 -3020 15432
3164 -3004 15528
3220 -2996 15484
3268 -2772 15640
3316 -2656 15540
3172 -2468 15532
3132 -2264 15452
3200 -2356 15548
3120 -2352 15452
3160 -2548 15408
3168 -2604 15676
3080 -2468 15736
2884 -2332 15532
2928 -2248 15668
2736 -2396 15996
2724 -2240 15676
2656 -2244 15700
2548 -2340 15732
2652 -2144 15704
2672 -2000 15556
2684 -2048 15616
2728 -2212 15768
2792 -2020 15532
2908 -1996 15608
2948 -2012 15676
3088 -2060 15540
3108 -2016 15580
3136 -2076 15632
3188 -1796 15612
3092 -1860 15604
3164 -1820 15596
3244 -1804 15524
3208 -2004 15584
3292 -1936 15584
3272 -1868 15496
3172 -1936 15712
3328 -2112 15552
3304 -2152 15400
3264 -2204 15536
3076 -2132 15624
3056 -2120 15732
2968 -2096 15584
2892 -2020 15528
2892 -1892 15480
2880 -1908 15712
3116 -1912 15784
2996 -1848 15576
2960 -1828 15612
3000 -1972 15628
3052 -2064 15568
3032 -2056 15668
3000 -2196 15544
3080 -2388 15560
3044 -2424 15388
3044 -2528 15492
3012 -2656 15732
3116 -2584 15756
2996 -2596 15764
3176 -2432 15620
3216 -2304 15676
3140 -2236 15384
3328 -2096 15664
3276 -2008 15668
3308 -1948 15628
3360 -1904 15664
3344 -1896 15608
3252 -1876 15392
3300 -1944 15488
3296 -1892 15588
3284 -1936 15372
3248 -1920 15672
3236 -1804 15660
3188 -1764 15552
3100 -1832 15528
3180 -1928 15620
3052 -1832 15684
2996 -1680 15572
3024 -1612 15512
3060 -1636 15408
3040 -1744 15704
2928 -1600 15676
2980 -1748 15528
2916 -1676 15736
2916 -1680 15484
3028 -1900 15732
3048 -1924 15724
2884 -1800 15500
2896 -1688 15696
2892 -1848 15756
2964 -1896 15712
3156 -1888 15460
3048 -1772 15616
3176 -1804 15656
3084 -1768 15520
3104 -1568 15644
2984 -1564 15696
3072 -1620 15664
3084 -1888 15684
3012 -1828 15744
2996 -1708 15616
2956 -1796 15692
3020 -1788 15652
2988 -1720 15548
3076 -1792 15588
3024 -1724 15652
3064 -1736 15600
3076 -1736 15660
3100 -1932 15600
3100 -1904 15656
3124 -1752 15660
3112 -1808 15508
3120 -1828 15668
3128 -1772 15628
3112 -1692 15536
3172 -1652 15604
3076 -1608 15724
3032 -1500 15608
3108 -1516 15592
3148 -1568 15660
3048 -1580 15668
3044 -1592 15728
3148 -1728 15672
3044 -1628 15896
3092 -1672 15484
3000 -1716 15408
3200 -1812 15764
3180 -1820 15828
3140 -1760 15656
3040 -1712 15576
3164 -1712 15788
3056 -1652 15636
3136 -1664 15484
3028 -1704 15876
3104 -1720 15756
3096 -1616 15600
2996 -1464 15680
3080 -1616 15656
3028 -1676 15640
3128 -1692 15796
3164 -1720 15632
3176 -1860 15600
3100 -1824 15580
3184 -1812 15648
3072 -1756 15548
3076 -1684 15560
3148 -1704 15552
3200 -1656 15692
3100 -1704 15596
3032 -1640 15636
3128 -1560 15580
3052 -1500 15804
3056 -1532 15792
3132 -1552 15736
3052 -1688 15716
3140 -1636 15608
3048 -1732 15660
3020 -1764 15768
3156 -1816 15664
3128 -1668 15676
3076 -1628 15512
3000 -1564 15540
3008 -1632 15584
3084 -1680 15664
2980 -1680 15716
3048 -1708 15608
2944 -1732 15496