7064 -68 17276
-2376 2820 14756
1444 340 15004
4456 656 18868
-1488 1680 13872
7384 592 16100
-4528 -2000 19344
9012 -3856 19340
4412 1608 7652
4424 -3144 8916
812 -2972 17572
4376 -704 16920
3664 2544 14140
772 1616 17064
4588 -316 22068
5332 576 16032
3232 324 12672
3024 2384 14924
3688 4176 13684
5520 -1048 19008
2536 -2272 15672
6380 -2380 9240
3096 4040 10484
-172 -104 19668
6372 -3900 20200
5268 -2860 11988
2704 -524 15500
-1572 604 23576
6632 -2604 20436
4608 -4884 12504
2796 -1116 19620
188 612 21284
2916 -2576 14104
-1512 -1744 15700
1920 -160 17120
916 104 13696
3160 700 15980
2148 -1088 13960
3316 -336 12052
1612 860 15452
8352 -884 7884
6288 3692 10296
-1324 0 26968
7932 -1500 16040
5632 108 11716
5296 4552 14712
7432 2376 20004
7548 -556 14016
4596 -3416 14212
1680 -2504 17188
1816 -4456 21800
2296 -824 13148
108 484 13624
-1200 -1820 19384
6496 -464 9532
-684 2456 10096
-3392 -3592 23208
5492 -5092 19196
2524 1128 13436
5056 -484 13096
2656 1008 16020
6780 -1160 19968
7052 1396 14112
7640 36 11188
3548 660 16728
7528 1172 20320
6000 1972 16240
7236 0 9528
6832 912 11456
-3588 44 23168
-812 -1588 22104
3720 -4656 8076
-3328 -164 15352
-656 -1788 22284
184 1320 13500
-516 -1336 17348
2880 556 16428
5756 -3880 15468
6288 -1144 12408
3768 -284 15252
-336 -2656 21400
7412 -1832 13380
4320 980 16508
2248 1952 18128
1404 -3204 17464
1132 -2208 15696
4852 2968 9640
1896 2704 11228
-2284 -2100 20132
6960 -3096 10464
4948 784 7260
-1808 3960 32248
2516 936 18156
5476 -8 12372
-1340 -1252 19016
10412 544 22664
4616 2348 14892
7764 1904 12548
1676 4408 16284
296 -2120 29276
10764 -3128 17288
4184 1740 6456
-180 2236 12680
2404 -316 24408
-5336 -5844 26796
3196 -980 14516
12640 604 -1572
1180 5204 10468
3700 -2204 28208
2768 -4928 20552
2500 -2628 10784
7832 280 21252
3316 740 17428
6436 -3404 19104
3124 4136 19044
-1652 -72 19660
4484 1044 13156
-3484 3840 15728
3292 -3204 14720
2340 -788 10736
756 3448 22156
-2016 -476 15340
7540 1008 16260
148 152 11764
10748 -856 11768
908 4420 15564
4924 -3336 22756
2276 1696 17704
3564 440 13980
7336 -2632 16416
8524 520 16112
3276 44 17144
3276 -2820 17068
1580 -672 14044
-5008 -2184 13856
8548 1272 17100
5468 -1876 9944
3572 -232 14596
-6312 -3280 27056
6552 -4996 19400
-528 -1700 6792
2708 1852 23908
-7160 -2940 23828
5168 -3732 19780
2020 2536 13136
2964 2756 18612
6820 3024 9252
4096 1152 9208
324 -2732 17672
7968 2124 12732
2000 4500 6632
-5768 760 30672
1520 -5212 21732
8668 1276 9400
5172 11552 8128
2560 2164 12836
3720 -3080 21200
1084 -3404 20716
2356 -1032 19380
7476 -2776 16216
1504 4672 16128
-1404 -1024 20792
2344 -156 28268
-4080 -1752 17432
4076 -3184 9288
-2084 -756 14548
12492 2956 12400
3244 3700 14992
-2860 -2588 18680
4088 -5816 16912
4892 -1312 8456
1964 5884 13556
-1444 2380 20584
4824 -1372 27624
4236 240 13968
6024 1352 7072
-7828 -348 16448
2952 -6488 32767
436 -4172 16776
4416 3212 8452
-9340 2160 18852
-3412 -2908 25044
2744 804 10924
-12 2784 5288
-1888 4156 15476
-84 -344 21440
852 -180 22092
4112 788 10800
10256 1868 8576
5092 3832 19116
3172 -2684 25468
3580 -6236 15428
6880 756 10208
8436 184 15064
3188 -156 18472
4860 -2736 20000
-3004 -2028 16884
6300 -1016 14304
7008 -1316 12184
-3668 -4708 20184
10656 -2312 13384
8644 -812 7976
-2700 -2812 32767
8836 -3764 11440
5032 -660 4360
-4632 2660 14380
-1832 -1468 26532
804 1252 11028
-4364 2508 13696
396 5732 20792
-632 -1428 22360
1044 -212 16504
1264 2520 17664
2404 -1040 14028
5032 748 9392
860 3992 14624
2188 -604 21456
3856 -584 20852
8044 1836 7508
308 1688 13736
-3256 -4584 28692
8716 -1840 17856
6188 3892 6304
7292 2576 9328
9580 4020 13612
-2512 -5304 15812
1484 -4148 23372
-1308 1392 13888
7856 1000 17792
5420 1516 17060
2280 504 13688
1736 644 21164
2388 -3288 15064
3400 -4736 12184
-4956 -4036 25444
7496 -2780 20764
4872 3980 14420
1784 4028 11536
852 -3076 12984
-4672 -6960 15064
5528 -128 18004
4312 -600 12528
7444 712 9416
-636 -3472 25832
1140 -2560 12636
6080 3708 5268
-6432 4384 8456
1744 -1956 17152
9260 388 9056
-4936 1636 17380
2724 -2100 32767
3528 -1296 12848
5012 6040 7004
3404 4412 17916
4228 468 11888
1760 -504 8188
-3320 -492 16508
-2164 -4696 20684
2964 -1328 10548
7372 4244 8400
1704 2408 15912
-4008 -3032 22224
4844 -680 20356
-4480 -2128 12660
5004 416 16400
-2032 -192 15304
4876 -2436 25604
492 -2536 15908
1380 -648 10964
-1352 2572 20112
6260 -6280 15772
7064 2708 8956
1992 2712 9244
4384 3332 11368
1948 468 23740
-3648 -4536 21028
4656 -516 15020
-736 4160 13656
7612 1208 14848
8796 -56 13020
6876 1324 8068
6284 1372 13580
-984 256 24008
3772 -3932 25936
6144 552 16504
-2100 2616 17624
7796 2456 22880
-1020 252 17916
3124 -1596 11552
428 608 16132
-6288 -7452 17080
5272 -3720 13964
44 -336 17036
1192 260 17520
4404 -1312 14052
-828 -928 13140
-104 484 17684
2892 -928 23496
4396 680 15560
5784 3416 11008
5904 440 13132
4684 -344 19776
3180 704 18284
936 -128 15112
2164 2548 13468
2940 3864 15684
-1660 -4464 20804
-672 -1600 21748
1652 -940 12668
-128 3020 18256
-2440 -780 22716
3024 -1212 17676
3192 -208 11688
5796 2420 13052
3144 1904 12072
4220 -5992 23108
936 -4192 24368
-520 -1760 14388
9488 -2640 17580
4096 4444 11200
6584 4208 13620
3784 -344 15924
4768 -1960 12268
7448 -3656 16540
3332 -416 12972
1844 -1480 13860
8248 -1400 14832
3156 1116 16092
3688 2084 20424
1740 2716 13172
3652 -1696 15444
4984 52 14720
5612 -1368 12612
-220 -1616 14076
560 780 22140
-5056 -716 21668
-136 -1580 23716
472 -3204 18848
-3400 680 15476
3692 -40 18004
3552 3960 14468
1452 -1668 14416
3168 -1564 18576
2972 -400 15220
3940 1740 13960
4212 2488 14608
1892 -688 19008
5008 140 13964
4132 76 14184
1596 3820 15084
2612 428 18300
6416 -1324 15668
2248 -3148 12380
4504 -1800 15564
8904 1824 12560
4796 1756 16684
-2468 -924 20124
2156 -3256 19800
2380 -3920 16468
664 -64 19892
4948 1528 16488
2596 2128 14292
-796 -1408 14012
-1172 384 14856
864 -720 16172
1724 -192 10480
-2424 -1656 16332
3428 -4928 17064
4256 -1080 13940
2396 -860 16984
4708 -520 14576
6672 120 9512
7460 2832 9620
7388 3764 15848
3948 368 15304
-220 -3048 21700
2912 -3840 19476
3176 452 13760
1504 2844 16016
1132 1572 21724
2796 -656 19116
3120 -2600 10960
5860 2124 11212
1012 900 18556
4316 -3476 18812
7284 -232 12152
7472 6176 10640
2352 2916 21492
2380 -3292 23272
4824 -4016 18784
1824 -620 21780
1096 2464 24044
3140 -4332 21076
8148 -2520 11188
5040 1224 9940
1100 -776 19552
376 -3232 20664
1524 -1348 17308
2040 216 16700
4768 -2296 14356
5124 256 18652
312 -2028 15352
916 -3236 15856
6552 1300 9976
5924 4624 13596
3044 -1536 15376
3496 -1072 19536
3236 -2456 13976
1080 -1884 14428
2056 -3188 18380
-524 -2452 15948
2884 -920 15748
-468 -2484 17192
108 -1972 16976
136 1652 20052
2096 -1140 13868
4700 -908 13164
5148 576 11060
5976 3192 13788
1228 960 16624
872 -3608 18716
1840 -5740 17852
3912 -1832 16680
5416 4424 14672
2436 2608 14716
-504 748 16132
172 -144 19028
332 2056 14692
1048 -372 12760
1468 -80 14588
4044 312 15308
2768 -1492 15924
3004 -480 18148
1124 1252 17296
1224 104 21040
6800 144 16800
5472 1172 13200
4364 -892 9872
2476 -1668 18380
2516 -136 14764
3064 812 11424
1036 -624 11956
3760 -2096 14012
2788 -584 18048
-212 248 20636
4324 -3008 19844
5316 -244 14472
5040 620 15332
4560 1712 12440
3612 -1992 14216
4040 -1560 18576
316 -336 12392
3328 -1576 11904
-1496 -3668 21184
1536 -4176 20268
1108 -2652 16716
-1480 -292 16356
2676 -1360 13616
4316 -912 10564
888 -2140 15708
2388 -756 14376
1800 40 18496
2904 -4080 17704
3028 -312 15048
2796 3912 12604
4656 3396 16364
1468 3056 18048
1728 484 18588
1120 -1032 21252
4644 1684 13216
1576 -860 19272
-332 2496 16016
6204 4592 12056
232 -784 16732
1980 964 14616
636 1460 17948
1248 -984 16168
3456 -1064 13312
7684 1608 10656
3800 -124 12288
4784 -1892 20488
1528 -1492 18860
2900 -68 19752
2600 3132 18828
2576 1668 20516
5372 -3020 11840
3404 -5652 16292
4756 -2992 14660
3048 -1996 13624
-2400 -588 17600
-1824 -588 18776
-1992 1332 21452
2196 1664 15792
1112 2168 16912
2212 -5040 12244
1516 -3012 15400
1084 -2600 14168
1320 -2844 19060
2132 -1988 14480
5464 -208 15316
820 948 18048
1696 692 11268
3808 -3592 19188
-484 1864 17012
3472 688 23728
-2180 1380 17192
616 1752 16284
2540 -664 17000
1864 2340 12196
-1016 -276 17268
-196 -2652 19936
2624 -2108 10148
1920 -604 12872
3516 1544 15288
3504 352 16900
6152 -1768 18016
3288 -1056 16188
5388 -2176 20112
1464 -2572 16000
4404 -736 16200
320 -952 18272
124 -1724 17192
1472 -396 14012
2712 2128 13864
-516 724 14588
1844 -2208 16784
-780 -1704 19472
1336 -3964 20024
-1768 312 19776
-548 -1352 15888
488 1044 17488
3688 2560 13996
3092 2748 11424
1784 560 13168
872 1528 16324
-1112 44 18852
3680 -836 14852
412 856 15232
1496 2268 13088
4780 152 16200
-12 -396 12620
5704 -1600 13060
3740 -856 16596
3008 -3228 13616
3376 -780 15296
1320 52 18424
2556 -2268 14916
3480 72 13716
1804 744 13352
4636 -1416 16748
4568 -2380 16976
4168 -2608 16552
5812 356 13428
604 -2092 14824
3664 -860 18440
3368 24 15412
428 -1488 20248
2316 -1800 20712
2472 1872 15088
764 1756 14744
676 -1400 11748
332 868 12212
484 -1128 15912
-300 -1208 19304
784 1872 14496
3252 1984 16716
-144 848 12720
3108 80 13012
-380 812 22224
3948 680 17496
2264 -1572 17512
2996 1172 13452
4192 -912 17884
1408 -216 17656
2076 -2340 15668
2064 960 14072
-3304 656 14704
2496 204 18968
296 1788 18356
-1372 1812 13024
-412 644 16144
3276 -1336 18240
1580 -2260 14532
3060 -76 15504
4596 684 12456
804 432 18448
4812 248 16784
2848 796 13892
920 -704 17760
3576 -1568 19036
2832 -1416 16048
6332 -696 14220
2692 156 15156
188 -196 18196
3756 -2164 17144
2844 -516 13340
2328 -300 14168
1796 -744 16104
1340 188 13060
1924 748 16792
3120 768 18308
2504 -1880 17088
4024 -1104 15884
3408 672 14920
364 3500 13196
172 584 19440
1952 776 16568
2796 716 16008
2296 544 14332
2048 -1016 16032
848 -1616 18952
712 204 14352
1260 1252 16752
624 764 17492
340 -568 20896
3860 -1048 17352
3496 1708 14484
2664 344 13080
1188 -1560 16216
1860 -448 15892
3136 1240 17188
-2440 2192 14332
1196 344 19380
4576 1160 14280
968 -1172 16504
3812 -392 17228
4124 1512 14544
980 -2308 15924
4096 -4280 15168
2612 -1000 14400
2600 2972 16452
1444 220 15656
-68 -2856 14640
2928 -2388 16296
2348 308 13544
2752 -828 16696
4204 -1784 14172
3524 136 15544
6156 1924 16888
2852 608 13636
3684 -3004 12944
4396 -1072 14864
2508 192 14700
1872 -1020 18900
2052 -260 13292
1012 1820 17772
-1372 400 19016
1812 -992 21660
720 824 13740
1300 48 15256
1096 -36 14424
3152 -672 14888
-84 1660 12092
1576 340 13876
2204 880 14720
-344 1408 15820
1576 -1656 15128
3252 -256 13748
1128 -368 13784
884 -2104 16484
-1548 -2104 19540
3212 64 15992
2080 712 16188
4092 -328 15612
3876 600 15540
1184 1244 12724
1932 4 17152
3064 948 16168
1920 1952 18036
1200 -56 16056
-152 -1476 14900
3504 124 13948
1020 2176 14708
1520 2432 11096
816 1068 16468
456 640 15888
2356 916 18260
-1680 1564 12504
2688 -1328 18272
3352 56 16664
76 256 18068
3440 664 15264
2720 -48 15904
1808 -1840 14680
1188 -3020 14996
508 448 13812
-656 956 19948
2160 -1196 12812
564 -188 13220
-272 -2192 20608
1820 -104 16800
1376 160 19668
3432 -2124 17168
5496 -2236 15876
4016 -2548 19808
4012 868 16232
2700 1880 12300
1256 292 17020
2572 -1760 17808
564 -2096 15332
1488 -1724 17088
-1028 -68 17820
3112 -2680 14504
1404 -1884 14580
1192 -2148 15032
2448 -340 12792
1664 -2688 14428
3512 -1580 15452
-392 752 18008
3348 -644 16648
5488 -708 15124
36 2400 19204
2620 1828 14004
4308 -960 16304
4288 564 12316
3440 1908 13932
1688 -896 18908
2848 1976 14292
-172 3656 13368
-3128 -336 16296
-2184 3280 16964
-832 1864 16004
-2148 516 18512
188 280 18812
1816 -500 16028
152 -2756 19848
3848 -4712 16484
3600 -2572 18124
-372 -1340 16516
3840 2032 13400
-444 2132 14980
1536 1988 18596
1396 304 16012
4872 188 12508
3752 1432 17088
1140 -404 24124
4532 -3100 11892
-532 -2804 21700
4376 -184 20504
1548 3880 15868
-876 3256 14004
4508 -3892 14536
4564 -2660 15776
2164 -4392 16720
3520 2048 13804
3120 2420 11860
244 -3220 10432
-1428 -1284 17132
2420 -1436 15864
2672 -3116 13136
1044 -1924 17464
1408 -3252 19428
2856 -2956 11720
3288 296 15012
1536 -2936 17968
3060 -1384 14376
2708 -1104 15968
2024 -2240 14904
5504 -2804 17084
4192 -2624 17424
1856 -684 14192
2584 -896 14832
4944 -3028 15324
5392 -2996 17012
4604 -332 15504
6184 -988 15296
3192 688 17128
5144 -652 22024
-1792 2204 15892
6960 488 15088
280 636 13796
-516 -588 17580
-2020 156 20964
-1244 -1452 16456
-1916 -248 15460
1364 -1404 14020
2448 -2192 15084
3200 -2504 14728
2348 -3560 12424
2336 -2260 17472
6476 -2288 15316
3524 2732 15960
4868 2364 17664
4288 1628 15492
7524 5180 15496
4284 3544 15060
2528 3548 10936
272 -1288 23268
2812 -1688 17640
4112 -224 11524
-908 -2280 19820
704 -1008 17760
1956 -404 15604
1632 -556 15168
1416 -1928 18440
624 -1608 16432
2680 -1324 13040
-540 -752 20360
5060 -1808 17392
-1016 576 20180
6500 4980 12792
4612 7100 13176
4788 2972 15548
2544 1516 15092
312 3016 10060
5196 2576 12428
1976 1564 12116
2132 -68 14452
5280 1172 12276
3080 1628 13524
4920 1052 15644
1276 -1600 11860
1440 -2572 17932
3452 -3992 18296
1992 -3992 17608
5532 48 16428
936 2252 13540
4524 964 10008
5068 5032 9952
-1312 5508 9196
2628 3400 13076
-1020 536 12932
3728 -13908 14128
1752 -6940 23912
10028 5996 5240
4584 -4964 17772
-952 3968 14012
3736 -120 8784
10128 976 21856
3764 6304 7852
-15092 6688 27248
-948 -9612 25344
-2792 -7600 19712
1532 8324 15868
5812 512 16592
5996 628 12320
11020 3472 8392
3768 492 15432
2620 -2568 26568
5244 -3468 28164
1368 -2292 19256
2132 -4588 21280
3036 -1792 13012
8612 1868 7120
20000 3680 6436
23728 13900 7488
4228 4996 10272
-2152 -5664 12396
3888 -10120 19344
12984 -8372 18888
10572 3276 15184
-4704 4032 21436
-3928 936 20672
3264 -1128 15804
4672 -5352 15184
3548 -5312 21416
3636 -4764 15600
9740 160 9388
7488 1936 11600
2288 1828 16332
6400 4132 20632
3444 -1920 19356
4904 608 10524
2088 -4968 31492
8460 20 7064
4156 7980 10264
3056 104 17660
4008 -2916 12568
1952 -3484 11428
2980 4200 16232
1356 300 13856
1052 -4364 15656
5232 -2088 16324
3372 -892 16932
3660 -2168 19924
-1032 -5104 15456
4380 -3644 17504
4420 4696 14656
2424 2104 16744
1460 -2632 20928
4124 -2000 13532
5576 3196 12612
-3108 3624 19396
196 -3016 18924
4876 40 18504
9664 2640 3948
-4592 7320 20092
508 -9244 32767
6324 -5604 15472
11556 11924 5052
5828 4700 4268
3512 -1176 28252
2752 -1884 22624
2780 -1332 13372
3404 1204 15996
3060 -3764 26384
1984 -2316 19044
7916 7240 9956
652 2012 8572
-668 -744 27124
7452 948 22884
1096 -7532 9244
8876 -268 23240
-1316 4280 18496
3648 332 13592
3236 3424 17108
10188 4168 18028
-8200 992 17292
10740 -2412 17488
-2232 2660 13244
1084 -1740 14420
2724 -3948 18712
5760 -1540 13968
3828 -2724 10024
5388 -1692 20720
2512 -3408 18160
6360 -6356 12064
8016 -5428 12408
4604 -9404 13756
348 -9784 17840
4416 -7700 11336
6068 -676 12920
2436 -3076 14328
3440 -516 16312
3728 -1308 14220
5416 1028 16832
5628 2416 11276
6732 3820 9576
2584 -952 15120
1948 -3020 20944
4300 -2144 14280
4156 1476 15380
2448 2932 15904
1876 3504 18580
4360 1156 15136
4924 2716 12672
2532 -540 13560
5840 -1236 17668
264 -3176 12832
2688 -1784 20396
4764 -4608 13124
4048 404 20112
4420 -2000 17376
6952 -1236 13972
4528 232 11300
5368 -320 18768
3324 -1784 17064
1636 -2532 14212
4900 -160 10272
6916 1600 11092
2080 -228 15364
8376 -2808 15200
3732 -2740 13080
116 472 11400
2020 2816 13560
1232 -1152 21012
900 1740 15976
3312 232 11872
5444 -920 11212
5988 -340 8320
1884 440 10500
4356 2380 25676
-772 1636 20880
4812 752 14636
5156 2212 10100
-1712 -4188 18776
-68 -2260 25240
2812 3952 18392
-96 4144 15048
960 -2196 19416
3484 -1124 11588
3332 -2452 12724
7700 -3744 14432
3216 -2420 16504
2836 1036 15008
4844 124 16064
3636 -48 13768
1020 -2120 15508
-528 -2760 20204
5156 -3468 16328
5660 1976 18180
7932 -1520 15232
7464 5184 9824
1476 664 11500
5048 -2600 15104
2516 -4980 14796
-232 -5488 17532
3624 92 13920
2932 -5096 16424
7228 -668 19736
2980 -944 17328
3828 2652 14384
6452 -6600 17968
9336 -3068 17896
8264 2592 13392
6704 -2152 13760
1844 -2388 16628
4068 -3604 19292
4556 -1484 14804
1716 140 12948
2272 -2400 14568
3480 -456 18080
6784 -8 12436
4348 -1704 12112
6244 -4884 13008
3204 -1892 20004
8052 1756 19036
3540 908 8776
6976 -1308 17604
7540 980 8052
1832 -1024 11668
5468 -1216 23012
-2580 1412 14236
2036 1540 10928
1264 1168 11792
-3152 -312 16132
1260 -1724 13768
-2812 -1048 15960
-652 1312 19176
7904 4732 12212
4892 -708 13856
5700 2712 14732
4120 1656 12440
8428 -2824 16660
5936 208 19500
5768 1628 12140
5216 468 16036
1816 468 12676
5016 1564 8564
3552 -2420 10736
-2164 -2016 14192
5108 -1816 13436
3684 -2172 13588
2140 -2076 12448
5892 -2072 19776
3076 448 14136
3644 112 13928
768 2708 11424
2792 -284 17588
-496 2432 30360
4812 1808 11868
8124 1216 6796
3876 -3304 12224
-2844 -2448 22456
2064 -2068 20584
8776 2820 9632
5744 3456 10840
5400 928 15296
4296 744 13160
11032 -460 7588
5180 -388 7388
4668 2116 13116
-1780 672 25920
4140 -380 15480
3640 -1656 20052
4016 -1280 19924
7096 964 9796
336 -1212 7716
-6136 -8028 32767
-2404 -1976 31664
6492 4968 6008
528 8112 10556
-1820 -1708 27724
6852 -2200 14752
1136 -40 15060
7908 -3208 14932
-272 2140 14276
5200 1444 15060
7516 5172 10876
5444 1836 14120
11456 4516 16760
2688 1520 18016
-6120 -5384 20376
7320 3268 24432
9320 5424 9908
-1952 5892 13044
4532 -2160 12920
92 -3300 18016
-232 -7696 13528
740 -4140 24436
-4368 236 21736
800 -1480 15776
4444 -420 10800
5480 -208 10708
2972 -3864 19032
7184 -2484 12508
8324 -884 8068
7188 -1756 8412
3024 -7916 26356
-1964 -9388 31188
-6632 -1884 28792
-360 3932 19324
6880 1312 20348
776 -2856 8852
7508 -2924 8980
4188 804 9284
-128 264 8160
408 -1760 10964
-248 -3808 29292
6696 20 10616
6136 1916 4932
-1844 -2260 15336
-4188 -6156 24452
10448 -1480 11524
9784 1036 10420
8132 -1640 20288
-2660 -540 21736
4148 -3216 21952
2464 2084 16908
2168 3552 11996
3136 5180 9544
1756 3436 12768
1184 -596 16576
3944 868 19200
2252 -80 17244
5560 1260 11256
3428 948 11228
7956 496 16928
6300 832 13708
6656 1600 16628
5492 2088 16064
6196 -232 17936
5212 -732 9400
8440 -1584 10280
-6152 -2204 19108
1872 -3240 24208
6332 912 13364
584 292 10600
140 1148 11736
-660 -3872 21476
4792 -1780 13152
244 516 13164
1176 1608 20796
7628 3404 12044
4212 324 9872
6464 -1748 11376
7140 -2120 18360
2848 588 18864
5860 3352 11136
3248 1340 10460
-756 -4572 26856
10820 772 12024
6076 4576 7956
3552 804 13068
3808 3348 17436
-6760 -5584 27732
10792 -4292 12544
3812 1116 1280
-8920 300 15992
4076 -8524 23344
2996 380 21800
6080 -360 16760
11956 1284 7096
-4280 -1004 14476
10688 600 21540
7240 4276 6840
6224 108 5936
3480 -1284 27992
1024 -1224 13028
5772 2628 3852
-5748 1800 14148
-3264 -6180 25616
6916 -800 12280
1620 480 13244
8532 -4580 30128
6164 -1480 20136
3876 -1352 14128
4088 -2364 23280
2956 -1872 24460
6872 -1476 9704
9824 2368 5720
3300 1712 9376
-196 1452 12056
6164 716 4556
3008 -1428 1072
9444 1952 6400
-1116 672 17136
-1068 -6456 17016
9376 -4456 10380
4404 -3920 14936
-856 892 15400
5648 -592 29008
-2724 724 22964
1120 2164 20164
-3224 1248 27696
-4704 -1164 20360
-1200 -1552 22212
-876 432 16844
5156 -5108 11072
928 1772 3796
3108 3244 6716
12856 2628 13932
9280 772 13508
6604 -312 21984
9336 2800 12836
10544 5108 11384
11888 880 9932
2472 -5732 20824
5456 -4848 18796
4224 -4724 17264
-3596 364 11024
-7036 -980 22936
-10716 2220 24508
-1504 1900 18412
2868 -1032 19432
2200 -6088 19352
6468 -3928 17240
2016 800 12044
-368 -32 16276
1088 940 13848
1304 2476 15720
6908 812 16092
10432 3692 15996
6904 -612 13676
2128 -3084 16904
6868 -2088 14084
2992 -1628 20640
8164 -4832 10240
8036 -156 12916
5972 -588 13944
-532 -2108 23740
-228 -2504 21408
2052 1260 11260
584 1588 13072
-6140 -2664 19696
3152 -3820 21436
3372 -160 8212
3708 844 6232
4096 2636 18628
6412 -760 20192
6636 -2904 15668
5548 -2116 18856
8728 208 14052
2912 2816 15828
3508 3816 21332
9540 620 13572
3992 -1272 16280
9316 948 21872
4508 -1408 15264
4412 744 15408
4184 160 15108
2768 -1064 13668
-1148 -776 18312
720 -2496 16904
3684 -1824 15788
224 -1264 15524
-532 -564 16508
6032 -1612 15988
3472 -832 14996
6048 -1780 15228
1744 800 19228
6008 -124 13040
2332 140 16084
4148 224 14924
580 1624 9332
3012 876 15540
-1708 552 7712
2384 -972 23480
-632 320 16952
6636 -2204 20348
9904 1572 6848
3236 2100 9984
6392 -360 18596
4092 -3392 19456
4968 -5384 18204
9108 -3436 12052
8468 -1620 8300
-168 -2352 21316
3172 -3564 22568
2008 -1128 16204
5512 -1108 18552
5312 2632 15360
-1648 -2096 11100
3760 -2364 24060
1028 -28 18940
6960 1320 7928
6864 2868 6112
-2296 2952 16004
5476 -2512 24816
4036 100 9648
272 3684 13584
5148 3196 15072
6580 5012 13336
488 956 12364
4728 -2600 20048
-236 -752 12920
4988 -3728 11748
-3184 308 17256
10556 -2532 12440
912 1084 11360
2052 -3900 15708
4656 -1132 12108
2512 -2520 22608
5432 -2392 18676
5864 -552 9464
3712 3048 10992
5800 -5076 18348
1308 -3800 15292
2836 -2308 20612
7248 -1388 16268
2364 1884 8508
8232 1064 11784
-4412 1376 21636
1840 -3592 18556
6584 -696 11520
16 2172 10868
6404 -1116 20136
3496 1892 10320
1232 2476 14944
-892 972 24620
2888 -2072 19252
10160 2260 2880
6616 3916 1300
-3516 -2012 32767
5036 -4640 23952
4052 2424 11260
-2884 4240 16240
3948 -1804 22080
-4312 -4448 28716
7992 -4420 21256
4052 5592 8384
5880 2668 5932
5536 1492 14284
-1376 -4736 21600
2244 -5996 16740
5236 -1896 4564
5180 1752 11344
712 -1696 21392
8512 -824 17336
2888 -392 13380
6460 -2344 20144
7160 -864 20828
100 -1768 19128
2272 680 22748
3900 -3324 14164
120 -872 19120
4404 -724 13912
4152 -2868 16252
-3164 -1664 14416
420 -2108 21028
1988 -1804 17560
4140 -1608 13652
3400 2736 16504
8156 3256 15888
2600 132 19160
4612 -2040 14292
3824 712 12452
4456 968 20696
5340 532 20560
6028 -1584 18060
9444 652 14180
5108 3568 9720
2320 264 12568
2524 -2596 18016
-3636 -3872 23748
1900 -1764 12828
3548 2872 7216
5292 576 14800
1192 -2688 19136
8256 -2620 19296
2472 1600 18156
8140 2276 14300
9992 5716 10588
4212 2560 11764
76 -3412 19092
2440 -4096 17268
-564 1188 15424
7056 4204 14200
-1488 -192 16688
-764 -2416 20444
5564 64 15936
2372 928 11160
1460 3500 15324
3504 2396 17788
1260 172 19292
-372 -2772 19364
2552 -1696 16064
2256 128 18048
5564 3512 17956
4136 -968 14904
8740 1684 19580
3360 -236 14780
11088 3016 15728
3868 5628 8564
-1676 1520 17164
6516 312 10700
1760 -220 11768
3904 1128 15312
5240 -1048 20560
-10936 -2084 20668
7932 1040 14356
236 5324 13316
3904 -7332 24416
1092 -6960 20368
5452 -4068 10524
620 3728 24268
-2728 -2720 17160
-2892 -5116 22968
7756 -1968 13932
3652 1540 10052
5376 2412 12716
3608 -308 16676
2860 -3444 17176
4776 -1416 17440
4540 -2388 17176
5460 -2240 14564
1660 -2468 15832
1852 -1332 17120
1768 -64 13988
1156 1244 15608
10184 4648 13320
-2568 -396 12688
1452 -2540 19936
7648 -4232 13684
1292 856 14972
7760 -880 15544
276 1992 13592
4048 -1476 18072
1336 -1956 14124
8604 -3452 19220
5568 2180 12044
-344 4496 18496
3688 2548 15620
5716 2276 14012
2144 1160 13136
1084 3564 18604
8364 -2288 14468
-996 1320 12984
4336 -3476 15268
3628 -3204 24248
3240 -4548 16544
-2300 3572 14844
4680 820 14396
4520 176 15708
696 64 14860
-2952 -2960 26548
4356 -4908 12196
7168 4736 12372
2004 1560 13992
236 -5912 25020
-108 -3236 10988
9568 884 5724
-5512 3772 13920
2712 -4960 31996
7768 -5104 5860
8296 96 1212
864 2892 13676
796 1092 22216
6424 -4308 22280
-1724 -3448 16452
2132 -696 15620
6160 264 17036
2220 520 14924
5240 -2296 12344
944 -3308 9276
4584 1224 4172
3276 760 12344
2852 3604 15832
832 -1652 25148
9392 -3244 18628
5724 -1736 9724
3892 5096 9940
4964 1236 16872
-1676 -580 23632
4956 644 13140
-480 2436 15064
-1668 -236 22852
2132 -560 19364
2296 492 10040
5652 1080 2856
-6152 5080 12368
3232 -5292 21916
7200 -1180 17024
2880 1092 9144
6092 -240 21848
7732 1212 14476
6116 2652 13136
8424 1848 18688
-608 -2844 23020
11164 1676 8944
4912 5024 3948
-1224 2884 15076
3104 -2824 31776
-132 -1916 8896
8716 188 9160
-1316 5460 21000
4684 -1244 18268
-856 -3560 11424
4020 -7072 22072
6708 2360 14280
76 3524 17116
-2348 -2460 24648
3632 -6704 10888
6564 684 2120
-1060 4084 19804
5608 -3956 22712
2492 -2724 14572
1436 -1444 12060
3372 2656 18040
552 1196 18948
5276 60 18484
12012 1244 15632
3496 492 5108
2380 2592 10964
-3664 4060 21096
4032 1940 22404
4124 -2580 13552
6384 -352 3760
-3804 2044 13768
-4968 -4368 26628
5448 -9020 22200
5260 -724 10096
7232 2692 9124
3112 -320 22752
1904 408 20900
1076 -2868 17416
10540 -12 11648
5048 848 11876
2220 3448 17408
4896 1176 15280
1936 560 12144
4504 584 12216
3140 3784 14756
4336 2140 17452
-812 -3004 22236
2448 -4696 19652
2492 1444 13516
5900 2668 13212
5972 1388 15448
4912 1796 8540
-1692 3372 14872
1084 -2488 15840
4544 -4732 5928
-4024 312 25156
5220 144 21980
1160 -1536 17036
9240 -2032 7460
6784 5620 7280
-1952 1844 16880
652 -4380 23480
4260 -5896 20328
2032 1028 12804
5268 1388 20856
3676 2740 12372
-400 -860 16072
2624 -1312 13836
-836 -3640 19056
7308 -2892 15212
960 192 14036
-1568 216 20344
10920 -888 13248
3772 888 15312
7480 652 13068
6684 3520 8444
3028 696 9672
-168 1700 20880
-1508 -3672 25400
2820 -2736 12640
448 2932 14392
2920 5272 20704
-3012 -1396 17280
5892 -2908 21716
384 -3212 20536
5564 964 16388
-2292 880 16808
4664 -648 18188
1832 1436 11988
3896 608 7972
2976 -492 18296
4956 -932 21796
7764 -864 15020
6896 -796 2428
5908 2324 5064
-584 -3188 27188
10336 -3332 25348
2672 -1176 15600
1152 -1120 17252
372 1612 12144
-1412 2164 20620
-376 4568 23184
13444 72 2804
-6176 3476 13144
3784 2940 22716
-4 -6204 17780
-4284 -6808 18424
5460 -1160 12660
5364 3640 5516
10292 4292 3756
5152 3796 11992
1996 -3076 20548
4784 -6448 16732
4416 -3936 15528
-1896 2316 28364
14120 2720 10040
6696 7896 6484
7424 3708 13700
-2796 2160 21916
4900 -3552 20336
880 -4844 18016
-576 -1192 8812
3524 2148 12012
-2248 3496 12648
11704 -2880 8936
584 420 18180
-120 -2572 32767
-3928 -4616 32268
9324 -6056 7284
4092 5728 4384
7628 4420 23508
964 4488 23108
7112 5860 11476
1420 3600 10208
-3600 -3068 12836
-268 -2252 16432
-2464 -1528 12312
1132 1020 6756
1580 1508 8648
7128 -628 24028
12624 -1212 19012
3576 -1500 16336
1040 -1816 9692
7344 -344 14120
7100 144 16056
11408 2948 12772
-2404 1776 16848
-4084 -2668 31788
860 -5544 16728
576 908 7432
-116 1388 15996
736 -5556 13352
7692 3260 6700
1328 2508 11724
408 216 18164
2916 -4788 19244
5536 -1536 14568
5720 5036 13356
332 2128 17400
2904 -1588 16604
13116 1692 16680
11452 5976 10608
2600 1068 14844
15752 1516 15880
-1404 -6376 20264
2616 800 11768
-1932 -672 12632
-1852 -2012 17940
6108 -1600 19812
-324 464 12188
2044 -7140 17908
3008 -432 16924
-80 -2236 12584
7608 -152 9152
-2252 1668 19052
10684 712 8576
-76 3680 21596
-9492 -2216 21148
17340 2148 7028
-104 5520 3480
-5088 5808 17500
3232 1352 23460
20 -1904 15768
7368 1732 11700
3228 7840 11672
-1260 1920 18664
-1040 -1524 21576
-24 16 14584
3240 3152 10628
6704 -1540 17268
-5676 -568 23748
9312 1632 15524
3032 3664 6648
3784 3000 10252
3556 -4440 23180
8712 -8036 17644
1344 1784 6464
-112 4764 14084
3152 -4192 22824
-2136 -1896 23768
1032 460 9560
7096 5256 13092
3296 -392 15912
104 -5064 25220
3344 -2696 16936
2644 -1300 6108
1696 3244 12212
2188 2664 10172
2872 -208 17964
-4108 -3148 19140
2540 -1532 13280
-4372 936 19076
3752 -836 21668
3128 -2080 16164
3384 -1896 11368
3632 -1420 16704
6164 1360 12996
-464 2908 19200
5120 -12 15420
3204 1140 10276
-2664 -2904 13924
2024 -2728 19308
-1340 -100 17044
8972 2820 15068
2228 3456 9212
2348 -2472 15592
692 -3688 16140
-164 -2956 18152
2860 3320 19800
8648 3140 11928
3196 1540 15468
2988 -104 17520
4340 -1948 17164
588 -876 18352
1732 -3776 17280
4148 1332 8216
-104 1884 15288
1212 -212 19400
1536 788 15668
-276 -3648 15660
7840 -1668 18568
3060 2732 13184
5128 -1280 16620
5808 2896 13892
6784 1792 7616
4432 2812 16872
4908 -2408 16172
456 -2420 12464
5804 1284 10148
3072 3252 14324
-992 356 16224
6016 -4012 22048
-4608 -4304 20856
4864 -2872 16892
772 596 11184
3396 1016 11048
-452 -2572 19232
-1084 584 13612
2168 -216 14548
380 1100 11176
5412 260 9840
2300 176 10512
2604 -3036 17044
5660 -3368 13048
6336 2180 13480
4324 2460 15776
9396 416 15540
148 -3516 15060
3008 -3528 17040
5368 2152 18372
9136 968 15000
3692 -1048 13824
200 2252 13856
540 740 18904
644 -1456 13204
-128 940 13208
1836 -92 20640
-908 -2620 12940
-76 -4028 18552
1484 60 19656
3468 268 15576
7248 1928 10752
6660 1788 9912
6832 2152 15864
1472 -1068 21400
44 -2820 19376
5704 -1780 20096
1436 2076 16108
5348 524 11396
1704 -1344 18392
4104 -932 12272
360 780 13008
1712 -3684 18728
1196 -2860 15460
1076 -1872 16980
6356 -744 10548
8560 2660 12712
6152 476 12696
3932 -1200 14760
3236 -940 16132
8496 -172 15844
5756 692 18208
5388 -1132 14008
3620 -892 11184
1928 -1252 16464
2952 800 20992
3292 -1048 16048
1220 -444 15572
2376 552 23516
3580 1580 17164
748 -372 15176
3396 -1224 14304
4656 1172 14108
5664 -1020 14092
5216 -1116 17416
3856 -3428 18732
5608 -316 12928
2952 2856 17896
8440 3920 11840
3688 568 15560
4408 -436 16116
4744 -916 20864
3744 1412 9496
960 3876 16304
-5100 824 20604
8768 -3580 19884
2528 788 12648
6264 2772 15432
1752 684 11816
-340 -2756 15092
1380 -2780 21116
-1000 -1260 20732
4064 280 13096
6088 3520 9916
-3008 6120 12716
5168 -1524 13288
312 -1668 13848
1780 -4 19088
8020 -2192 16704
3764 2440 11952
4488 2852 13928
6668 944 13364
3696 -504 8956
-4248 -3472 30168
7632 -3280 22188
5324 564 7476
4124 2816 12680
4524 -1488 7932
-2136 -572 12676
-3912 -1028 24308
200 -2308 20176
7572 1872 11464
3220 4436 7304
-2760 1808 16468
504 -4256 20560
6672 -2800 9656
2272 -392 11804
3248 2000 19176
5296 1124 18480
1060 -636 14268
4616 668 16664
2000 -652 13632
6172 -1128 15144
6520 2388 17100
3036 996 18704
3696 -2216 11860
3396 -1136 10652
132 992 16724
984 2192 17588
2360 832 13512
3952 2016 14408
-4 2304 14936
4604 -4344 20660
3036 -2980 14216
4284 -812 10088
-3608 -244 22420
7816 32 17468
9508 3812 10556
1256 2488 12420
3664 -996 19324
-1908 -3872 20376
2400 -5784 14516
2532 1280 14680
3716 3748 11844
704 2372 16068
1932 628 17836
4164 -268 18968
1416 -1532 16508
1904 -1920 18880
3884 -2408 20412
5060 -1880 13144
4540 4152 8584
5328 4624 12728
8024 -352 11128
3464 -1368 12572
-2288 -3476 22060
1092 -4360 20972
3064 -2588 13820
5876 2396 12040
4144 6088 16716
648 1148 19444
1356 -4352 17732
1896 172 17464
2836 -644 18816
2220 -3440 14484
-1432 -1880 14748
5240 1304 13896
2028 -3416 14768
3456 -1876 13660
7256 4452 10296
3276 4528 13484
1004 -6072 18952
5440 -2472 14668
2008 2372 17328
4880 1544 17004
4632 1068 17368
5488 1940 10680
3524 1296 13856
1676 96 11948
36 -4020 18172
220 -4044 15812
2288 -644 15788
3320 2136 14660
-292 2592 11672
3912 -4188 16884
6740 1676 15796
3208 1540 14436
3664 1436 18700
6412 -3688 18892
6560 -2120 13640
6132 448 13076
468 1192 18364
284 -2880 23512
6368 3476 15492
7112 -116 13228
-2604 -140 16120
1136 2532 16180
-4272 1484 23556
1812 3672 12772
2528 4020 3968
736 964 9660
3116 1884 16724
7084 -4324 16188
-6500 -3284 21112
4724 -3004 25992
4896 3968 8184
5300 4308 8244
6028 3860 13220
1132 -4868 21300
-1296 -4184 13920
6652 -4776 16176
3744 320 14280
-44 3040 19196
1912 1760 15336
2608 -768 18072
1832 -988 16768
8496 2364 8860
7064 2264 8916
5320 -772 17900
-1896 -4892 31496
9372 -9052 10928
-16 2976 4280
632 8064 17480
-44 1848 22340
4952 -2216 17272
3024 -1480 3652
1688 1480 11396
-3216 -4 18992
-3840 -2968 25656
780 -4700 13224
5044 -1132 6656
7616 4808 4552
-3004 3528 16860
6528 -2376 24504
5056 -1988 16840
1084 4308 13240
4952 16 13232
8012 76 16724
2992 1948 22424
6300 -2416 14160
3736 -1844 11968
7164 2148 16356
4400 3288 15644
7752 -892 13324
1508 -68 12864
-1780 -3404 17704
-1856 -5316 17856
5556 -1880 12308
1172 1836 11400
3800 -3848 17892
148 -1428 16220
3620 936 14892
7360 2000 16016
2264 -52 19588
-972 -2312 25108
9252 1920 13268
3660 2572 10220
1392 -1420 22712
2844 -1628 17580
1716 -336 12888
1524 2520 14688
8796 2584 4516
2092 1664 5948
2604 -452 31248
2996 -2088 20276
8156 -1344 9620
1096 3088 8008
9908 5480 16028
-4640 -704 22892
6268 -8576 23520
-2064 -2464 15392
5280 5264 8656
-488 3880 23632
-3484 -3672 21856
2916 -4860 19160
-3964 -5172 14148
6836 3072 7456
4344 7296 4984
7100 4332 13144
3668 -692 14112
-3136 -5296 16128
4520 -2072 17132
5116 2372 19288
10232 528 16044
4972 2700 11800
7976 5480 7448
436 2272 20964
2256 -2976 22088
1492 -420 16808
3604 368 16184
-780 -2780 20252
-2948 -3684 22572
-2180 -376 15336
2328 -752 10684
6888 2436 7956
844 2204 16232
3392 -4956 23524
876 -6028 15292
2088 -5212 12748
6596 -200 14824
10016 2664 13764
7004 3376 11280
740 948 16964
1456 -592 17676
4004 -440 17580
696 148 19092
1972 888 16880
456 -764 22896
2424 1576 14632
4216 2772 19628
-632 1556 14176
3416 816 15612
2776 48 16680
1544 936 11512
1332 -3540 18640
-4724 -664 27580
3496 -4020 17624
10000 2080 5984
4588 7200 13896
1216 2044 18340
9148 -7548 18472
3408 2948 16792
6088 6188 17704
8572 1444 15420
-832 -2796 14408
3508 -1236 15676
848 2596 14084
4012 -5560 22356
-4104 -2916 21232
7336 240 13568
656 5508 13628
972 -1872 24220
-2548 -2436 21520
2464 -6332 21364
3708 -540 15476
9292 64 14464
3360 5680 14360
5352 2876 15156
4668 -436 15492
3520 3388 13508
6472 -108 8964
1576 -1624 14104
2948 36 18872
10984 636 14592
1952 1004 10140
4328 1744 14228
8648 -1180 16848
3244 -3988 17144
6740 1840 15904
3340 788 12168
2708 -792 23656
3716 -3376 19160
-3468 -2288 11208
2368 -6348 19168
944 -1244 15628
-636 1520 13008
3120 732 14268
2652 348 15484
1116 -1240 12820
4916 -1936 16148
3556 -1168 17056
2816 -28 20780
4580 872 13996
3548 596 18252
8400 536 19404
2604 1880 19192
3684 -564 17912
-216 -1052 17336
3152 -1064 17936
9548 444 6100
336 2700 10632
1812 -280 23864
1124 -4696 17764
5424 -288 6792
-2428 4032 15036
1140 -772 24308
-488 -2212 18360
5536 -2904 15088
10756 6492 6996
8596 5508 9968
-740 2252 16336
2408 -9052 30392
240 -5260 16972
2384 -1036 16272
4272 2916 13732
3456 840 18784
-972 576 13812
-504 -2364 17380
-1256 -2924 17912
2832 -2096 11560
4436 2456 12872
1636 -196 16252
3788 -1260 13864
736 180 13312
3524 -1208 12896
7808 -152 21560
7016 -760 20544
9100 -2624 15016
4104 2652 16368
4604 -2468 24036
224 -3480 15464
3032 560 8980
-620 2332 15148
-2496 480 18748
4656 -1440 16488
4080 -1460 18704
2508 -532 14956
6140 -16 12504
1220 -3108 15136
3760 -1652 18804
9044 -492 16128
5408 2836 8980
3920 5444 14376
4176 -1372 18056
-12 -1960 22160
4716 -420 18788
-288 680 16748
4924 3596 18640
2072 2124 17200
5460 152 12004
456 2844 13444
-1744 2144 17432
2064 -1744 18360
2592 -2416 19060
3520 -960 13420
5640 2712 9696
3136 3108 14860
6116 -56 16980
5412 720 15496
3788 1192 14676
3324 2208 13600
-92 -1156 14688
-1780 -1948 19500
7296 2424 9948
1152 684 9904
-300 -4344 23020
3608 -2096 15940
2024 348 15732
4680 332 16624
640 1284 19944
3712 -776 15348
3048 980 17260
1500 2780 20128
2956 292 19420
2096 -1616 16788
556 16 13496
5128 -512 13648
3900 2140 15520
2664 1468 14284
3076 1716 13932
-796 -916 18004
2768 -1608 15524
3344 -68 17936
4644 -1336 14996
3416 1184 13356
5552 1468 15336
3512 -876 15616
1020 -4472 19652
1460 -3656 20848
968 740 13128
2760 3068 12520
1352 1000 21316
1412 1496 13864
512 -304 11524
948 -88 16484
828 1640 14040
580 -2924 13384
4404 -1104 13076
4256 1568 15868
1340 -416 16044
7200 -3108 16412
5800 172 18472
6672 -272 13932
7884 4300 15168
2192 1996 20768
5536 -3976 20784
4452 -444 14892
5620 1344 17104
588 700 17188
-304 1008 14248
5532 2996 10956
-1268 2152 11452
2248 -2328 18100
180 -2088 15352
-644 -1528 17728
3624 -428 14996
4628 -2284 18176
6912 120 14668
5108 500 14632
4016 408 12664
4900 -1820 15700
7188 -2380 16684
3600 144 18684
5192 2652 19428
2428 -8 16292
2308 588 15520
4384 2340 17552
1520 -500 16208
1024 -1436 17468
552 -56 16168
3048 932 15480
2124 -340 16508
20 1456 14076
-1456 -3836 17080
1488 -4460 17224
6108 -168 19628
3080 4332 15908
3336 5456 20856
2808 3476 20696
5460 528 19224
6616 976 17916
3528 812 17988
1444 900 17468
3016 -592 17464
5128 1884 13908
5360 152 15220
2708 2608 14760
-2632 -3876 26920
2652 -440 21012
-36 1880 7728
1416 60 5688
1240 3864 19228
968 -4044 18972
5528 -4664 16176
1092 -1828 16604
5868 360 17104
6580 -1724 20844
5112 404 18872
4752 3084 18332
3856 3268 16720
2364 1460 17392
4204 2540 14260
5416 -3968 20888
1732 272 15992
6116 2768 17720
-976 -920 16060
5120 -1372 16256
3560 588 14100
6184 320 15520
7908 860 12180
5232 1932 17280
2332 628 19016
5364 -2040 14900
2252 1408 16128
2136 2696 13372
1796 584 15096
0 -480 21808
-284 -3928 17228
2268 -1812 15732
2780 4 11172
4980 2688 9824
2028 2296 15548
780 -432 17884
1964 -1820 19136
3452 -920 21080
3628 0 17588
1864 2828 14920
1120 -1736 18232
1020 -6052 15548
-56 -2048 14672
1292 -748 16112
1904 -264 15260
2800 -1344 14264
4000 376 13956
4712 -48 9572
3032 -756 16636
4096 -648 16504
608 1660 17268
1352 1088 23800
8468 744 12352
3724 1892 10248
-632 1628 16472
-1048 -1260 17796
3252 -408 20128
4292 12 19648
4476 2264 16044
5336 2232 10328
-1428 2536 18300
-492 1268 20968
-976 -1008 18060
2968 3828 12460
96 4896 12592
3212 -412 15152
2180 -4200 14408
3604 -2396 12592
4836 376 12948
4132 792 20964
2508 -2280 21368
4704 336 13524
9332 556 12604
5496 2904 12412
1432 -1168 19564
3160 -3788 14828
3396 -3680 11680
180 996 18432
-916 -1464 12236
1180 -1324 16616
-608 -252 20256
-116 192 19060
5592 -484 20000
4052 -3264 11608
6524 196 14204
4832 -336 12200
3020 -904 17608
4860 -6544 20180
4444 -2396 15860
5444 140 11980
2848 3556 16244
3192 -932 18640
-72 -2452 15540
5200 3120 10844
2600 3520 11980
4644 636 13940
4920 -112 16876
6108 -2284 14548
2180 -1660 18412
1384 -1712 16880
0 -3176 17352
2004 -3032 21784
3176 1312 16860
428 -1216 13088
1520 -4260 16696
3740 -3668 12660
164 -2148 15120
3188 -1980 17548
1468 -1776 19788
3768 3112 19184
5928 2696 18028
6584 5240 16716
11340 4116 9580
6652 2148 13604
608 -812 17212
7420 -3040 16868
1204 328 13140
1796 1404 13384
1880 -2636 18800
320 -3532 19536
-824 -2336 20328
-976 1272 13876
-1716 -512 17412
3068 512 14368
3136 -2612 17536
1732 -2404 19876
-740 -1832 21044
2308 876 18360
3916 1820 17052
5120 256 15832
5364 1984 9348
2332 1644 14988
-116 388 19812
468 -860 20308
4784 -668 12888
4108 1824 13404
1536 1212 18424
2488 4512 18700
1596 -352 20024
2636 2440 22068
3156 2088 21072
5992 820 20552
3620 704 20760
1804 1600 9860
-492 -448 10396
476 -2976 13680
276 -2668 17432
3000 -300 14220
2696 -472 14696
6724 2616 14336
4792 3180 15064
2352 1372 18624
4960 2576 15328
3732 5640 16644
6992 2836 15684
5220 1256 18176
916 -1940 20672
288 -4460 21040
28 -2660 19008
-2596 -2064 19936
304 -1752 18772
2676 -348 19504
1684 -32 16248
4200 1516 12596
4544 576 12804
3492 828 14952
4340 -636 13972
4708 -276 14088
5592 -1344 11756
4952 -640 12164
4684 -1200 14200
7020 -10544 11484
2576 2108 11960
4356 500 21536
-852 2976 7892
3076 -9280 10532
7328 1868 28772
-2424 -100 16656
6116 -1152 17492
2580 2560 11984
1252 2664 18804
8044 -1680 17492
4408 -792 13312
6064 368 12472
4684 -764 19108
2168 -100 13560
4288 -2096 16724
6508 -1816 13728
5308 1228 16192
2172 828 15824
3492 1772 17068
4488 1404 17156
2348 1848 16224
4400 1932 17956
4644 588 17208
4852 1424 16304
4712 2812 16788
4444 1808 21584
256 1140 19652
5316 1816 14012
3664 3712 15988
1912 3108 15756
-1836 -1120 20940
5812 -1016 17000
3684 2108 17548
7828 -264 18832
8504 916 16424
6336 1056 13068
3232 1572 16952
3908 736 18976
3880 -368 14148
5336 528 16396
7916 2800 7208
2548 1376 15716
2216 -3616 24880
-1824 -4876 21084
5792 -2328 11140
5388 2988 8120
-1460 2596 12228
-2056 -5080 27876
-1016 -4964 18556
3308 1636 18116
5176 1432 16248
1816 -2088 18708
5716 -2532 13828
3556 -2096 11464
7868 -1372 8388
1984 -1812 14912
5596 -2592 17444
7592 -2564 14960
1384 -284 15056
6952 1652 14476
7236 2280 6936
2020 -1232 17576
8672 -888 17500
1252 -768 17832
2776 -1908 19300
2284 3064 12000
-256 3924 10436
-40 2860 14968
-4736 572 20860
4680 -5152 22632
1740 -2544 11944
1964 1964 14580
2536 3844 18480
3028 -2024 19456
6052 -1548 14856
9044 -500 10816
8420 1324 9488
7156 952 16484
5232 -2620 18852
7744 -684 16404
1392 376 13424
2060 -2784 17048
3992 -3360 14764
3240 -264 16204
204 -240 15616
1776 -5036 17720
1164 -4344 17816
4456 -460 16944
4824 492 12896
2752 -880 15572
4624 -512 13724
4644 -1924 18408
3484 -944 13936
3216 1232 14660
5264 -720 18040
3664 2692 14640
-252 4772 17720
5964 2912 14628
7884 1604 9996
992 2272 11680
3424 -1192 17340
5164 -704 18496
3088 1228 15028
3380 2116 17436
-1612 -1348 22208
10572 -800 12448
6104 2268 11072
2660 2976 13444
1860 -124 18596
6216 -292 16480
1900 -248 15904
3744 -360 14960
4972 1324 12068
1488 1744 19664
120 -1432 23228
5828 -2244 15172
4148 -652 11644
11160 776 12352
-440 124 14048
-1288 -5732 24760
4540 -3492 15776
3540 660 11748
6880 5792 8188
3064 1856 8500
-3020 -2776 29680
4948 -9172 25484
3984 -936 4156
3460 5344 11964
6120 -2064 25288
972 -6776 23036
3012 -3636 15100
8544 428 8756
3808 2636 7676
5360 -416 13740
-88 -3736 12900
-368 -2052 23764
2832 -2424 12912
8404 656 3764
2020 2236 10708
3592 2960 21132
3972 -5248 22460
292 -2476 21560
3968 5600 16492
6820 7052 13200
852 -2960 21604
9984 868 21716
460 1924 14436
7952 708 14292
3564 3152 12604
-24 -2188 19844
4488 -4844 22876
1312 -1364 12348
5812 -480 5916
4808 2384 10736
1568 -1900 19324
5864 -5004 25556
2492 -96 12068
7908 3256 7576
3952 2488 10528
-1392 -2604 28476
3156 -3824 21292
3416 -1152 11680
4932 2152 9388
-1344 -792 20520
-300 256 21872
1212 -3860 13684
-784 -1016 12748
4008 2200 15384
3844 2424 13536
3384 1544 14536
5908 -768 13036
3108 40 12920
7156 -672 12688
5672 996 12248
4144 4128 14720
7120 -2900 21700
-660 -656 19924
11996 496 8988
3488 2476 7740
-8960 -1176 32767
11216 -3196 18804
-3188 572 8756
1588 3864 20208
376 664 13948
2096 -3420 12900
3476 -3068 17428
2236 512 16260
1452 756 14340
7352 756 15016
2224 -200 16568
6892 -572 15164
-3160 980 19432
8460 -3180 10604
7036 4716 10260
1464 6144 21972
9252 308 21068
5756 -1288 9304
4608 3108 7136
-348 1852 23300
548 -2148 22976
1708 -3512 14592
2432 3680 10616
1284 -600 15784
-368 -3184 20996
2696 -3580 15440
924 1092 11120
924 -2516 15220
2624 1096 15796
3316 -5640 17920
4244 -644 11060
1548 156 14616
1912 -1072 15844
7752 -1160 14688
3580 -1500 13448
6384 1012 8084
3220 568 9972
3892 -3816 22276
3732 -2728 22384
4568 -1184 10076
6344 -1760 21732
-3296 2284 25684
13348 1612 12652
8248 5088 7784
2616 4960 8504
-3532 -360 20808
5800 348 15828
-6064 44 15056
-820 -392 21280
1088 -3828 13080
860 -3940 17368
7356 -1732 15684
3320 -1284 7764
4076 -1060 18384
6216 -1932 12344
452 268 13668
304 -1276 10508
160 -3088 20460
-2280 -1756 17028
-412 -2304 20836
4244 272 17056
8100 508 10516
4612 -20 12364
3260 -336 15756
6280 -2924 11064
4088 -1672 19220
4216 708 23708
2836 4388 21352
2328 1836 13516
3244 3124 19036
-952 580 16152
9424 1552 10476
5112 3948 6664
-628 2888 22824
5480 472 19448
7132 -920 12316
-4292 1668 15476
4936 -3200 21876
1516 -3776 15892
8132 2548 7404
600 3788 13788
-2544 -2228 23676
7668 -5664 20232
2208 1264 9852
2788 256 12096
3316 -1276 15148
-1620 -3040 19684
7096 -3308 22000
3456 716 10436
7380 8480 3056
-128 3576 14468
-1632 -2136 29612
4344 -5736 17556
-4220 -2512 13188
8044 -484 16432
2060 780 13696
8300 -1524 11328
7156 1420 17704
6808 -3120 15448
5604 -1280 14568
4204 -4084 18972
1236 -3728 15500
-3632 -4356 15016
1636 3220 16300
-3732 2508 24488
2780 120 10792
4060 -5512 24660
2852 -1944 17576
2300 -384 11596
2124 -2692 20516
5656 3012 9196
2336 1700 16384
6848 840 13356
-1004 1384 18292
4748 -1864 20680
6664 1596 11848
3660 1532 7832
4324 3500 14296
676 280 25424
4788 -1064 14216
8720 196 1656
-1784 2460 17892
6172 4740 21600
652 -76 11144
3048 -4896 11304
-1168 -4488 17284
3136 516 17356
2184 128 17272
-376 2700 21144
5192 -2924 20204
1532 36 18908
4740 804 13100
1696 -740 17004
7016 3332 12100
3236 -1300 9628
4772 -884 9976
-3128 -1068 14892
6156 -2944 21004
1896 -3584 17152
2584 -1292 11900
6176 -1756 21428
2368 1636 12428
6080 -860 12744
7136 -1192 13208
3696 -232 11424
2068 1672 27740
2376 -5260 10912
1924 -1248 12792
2680 4060 13216
-1688 1596 21260
3612 1768 15692
2132 -632 14968
-260 -1528 20996
3356 -1264 18876
6576 1320 8532
-2088 496 10916
4148 7664 25372
2064 -5668 18540
7528 -2908 7952
4608 5172 7068
3580 4764 19928
2652 2348 15700
4764 -4416 15392
2292 -8632 17600
8528 744 9176
3956 3992 7872
1300 2464 24156
4916 780 22856
3792 -3452 11112
5704 -1920 15656
-1988 -1400 27844
5952 2056 14124
-2032 1256 12244
72 3844 16108
796 -1512 19176
4364 -1848 17792
10584 -116 12184
140 3444 14400
1536 -376 21384
11708 -264 8776
2136 -5264 8564
2772 2380 21980
4812 -1036 23484
4004 1180 8388
4256 1008 11280
-3252 5088 24732
1564 932 14352
3424 -5312 12908
2264 -396 14112
1548 2440 19408
2968 -2368 14200
6532 -1688 10824
6180 1064 14704
-4184 -948 12820
7820 -268 27832
2184 -1864 12976
7540 -5664 20780
-10184 -468 30268
9660 -3728 16412
10292 -1380 2484
2500 10240 15364
1864 3636 22696
6656 -4148 13208
-5760 -5540 12572
6068 -484 21880
7988 3748 9084
-1316 6876 9392
788 -2168 31264
3512 2388 11168
2688 -1584 12964
5984 -2024 16836
9352 1924 13308
-144 -3284 17440
3016 -1120 10452
4100 700 15232
684 308 17640
4152 -2096 17956
5628 136 11080
-1076 -652 16864
3560 -2244 22396
464 -2464 17584
3152 -1160 16608
-440 -276 18700
1496 1544 17924
1120 580 21764
6572 788 18252
4156 2300 16024
7848 -3016 16492
4632 -1412 14864
1708 -424 15668
8200 1184 19408
4256 1420 12084
5280 2312 10952
6672 1828 10236
2584 -2964 18404
7220 -3056 12212
5096 -2964 17124
3324 -2636 22644
3308 -372 13352
-76 -620 17860
428 1772 15172
96 -1172 20576
140 -448 13180
104 -4072 14900
932 -1512 15556
1800 80 15332
-548 -1708 15140
-420 -1168 15092
1856 836 18716
5136 -88 14044
4160 -1700 11172
4236 3252 14256
4944 4184 17580
4568 16 13676
856 832 17572
6556 3196 14184
216 760 17704
4452 -1072 18644
3424 2524 18556
3044 -100 19272
4596 -1728 20676
2312 1808 18740
4184 1220 16648
5040 3900 18660
4696 -1608 11408
-2216 -3616 14016
324 -1792 18308
4324 -3068 17580
2140 1296 11584
3240 588 17164
3108 1280 18960
4280 3488 15240
4368 308 13992
9864 -2108 19392
3760 -1488 15572
5744 -748 14936
312 1352 18076
8 -3316 21396
-2332 312 21648
-392 588 16656
4148 1064 15180
2120 2924 11004
5528 1844 10716
2692 -1252 16828
-580 -4652 16260
1848 -3800 17448
7544 -3076 14452
2248 4004 15872
4852 -332 21064
1508 2648 19128
6688 560 13944
4156 844 15128
792 -1852 18772
6008 840 15412
-176 -1020 16284
-1916 -64 14916
-408 540 22912
1724 1716 20660
5108 2972 17256
8392 -560 14380
2120 -1220 12712
2356 812 16308
6012 -652 14860
3116 1688 15916
6548 -660 9224
236 1728 12744
1432 -2468 16004
6564 556 18968
1980 -304 16904
4692 2436 14952
2316 1420 18212
3156 -3480 15168
8504 -3332 13036
168 816 16952
3852 -1536 15316
2180 356 15116
-696 -472 14852
3136 -652 20312
-328 340 14816
-340 -88 13624
4904 -848 12092
892 -1712 16224
6600 -1648 10768
76 1540 17460
4188 -2888 14728
8968 -920 11084
1696 -172 8932
3820 -6236 23188
1860 -828 13848
2532 -1960 16212
9420 3192 15092
4768 4124 15516
6820 528 17348
1336 -2248 20820
1596 -1560 18620
1700 1936 15680
5756 3488 12456
3816 5864 12496
3692 2404 14336
3092 -3036 10596
-1768 -1068 13632
2216 -1004 16088
2368 -1740 18828
3716 -612 17696
6160 240 15068
2452 2168 15412
6372 3232 15640
3724 -408 13260
-1400 -584 16916
5392 -196 20572
-1004 1144 19004
4028 -1452 14384
3836 2280 15956
3044 688 15040
3064 -1500 16132
1104 -264 13724
4156 -1060 14136
3112 -468 19660
3068 20 15460
6328 -2572 15660
-768 -1288 20044
4832 -556 13400
5872 -112 13460
1108 196 14380
12272 1948 15108
-1740 2676 16032
5280 -3848 18248
1612 -3368 13096
-668 -1208 14792
1036 3084 19300
-2548 52 15176
5452 -212 15372
1832 3076 11140
960 1432 14916
4260 -1048 15692
652 -1932 15072
-52 -612 16944
6128 44 11604
476 -720 12732
3260 -276 19596
3536 -656 16260
224 -2380 16180
6992 -3268 19708
-820 -1292 14476
6284 320 16236
1448 -428 18448
1072 624 17408
4080 -2844 15924
2388 1452 13748
4260 -1348 14492
1968 -436 23036
2364 -448 18500
6384 420 13804
5924 4152 13464
2824 6204 18596
8064 1832 16728
4132 -2872 13420
4476 -1888 16360
236 1744 14560
1872 -772 16388
3112 -3860 21168
-1256 -780 21416
3780 680 19764
4064 2652 9012
3444 2832 14172
3040 -1620 17444
4552 -6900 14372
1324 -2056 14228
-100 -856 17080
5552 -3004 16232
596 204 12772
3952 -4544 21656
6964 -3972 16320
5652 -68 14332
7640 -2332 10780
4548 484 14248
1536 3396 18640
9168 1176 17896
4452 544 14092
-592 1552 16132
2464 4628 17648
844 2044 14784
3584 1404 18644
-512 2176 18824
-1884 660 19724
-1380 2348 16964
-4140 424 20928
1312 -1384 18636
2712 -280 19044
-888 544 17572
5948 616 12748
6316 292 8028
7264 3444 7824
3732 2076 10208
-712 -2468 24856
7112 -100 18644
-120 276 15592
-840 -412 21152
2652 240 15592
-4232 -788 26656
4384 -2536 22084
2992 -1400 15848
7852 -1548 11636
5260 4696 17016
4192 -1836 13704
4788 -1252 13888
3944 1984 10308
580 1496 10880
2340 -1888 18476
1116 -1620 18864
4100 -2664 16560
6448 1464 13448
1988 4088 15276
11456 10144 17268
8016 -6140 15284
3864 2888 13788
-1912 -2088 22592
6932 396 18196
5568 -2980 16664
5984 -1644 12452
1120 2320 24744
2720 -3732 21556
7752 1716 7764
4768 3072 9008
-1568 2356 17240
7692 -1568 15404
1128 -2584 12360
6496 -2340 14820
2220 2964 18220
732 1116 19272
6360 -2244 9876
2748 2056 17084
9388 -620 12096
2236 -3876 12076
-1744 -6932 23880
12828 3144 11280
-9200 3424 12520
6752 -4256 29588
-2148 4172 16212
-4436 4204 18704
6412 1556 15264
7672 9712 1524
1692 6624 15324
-3032 -9236 32767
9848 -420 17176
3760 6400 9768
-4056 9740 22036
4140 5180 22376
5208 -380 14092
-1504 -940 18028
4936 -76 17256
5552 2684 15864
3896 -2064 29572
2880 -2668 21016
3588 2600 18464
4472 -2784 9940
9908 -400 10652
-1732 -556 16484
7760 -6188 10420
-3540 -7012 26104
6876 -6352 10908
2640 1520 2932
-10152 -7136 32767
12712 -1472 13820
6276 -1344 -3792
2000 2404 13100
8968 -3316 10268
636 -6172 10724
8712 -3096 18388
-848 288 20868
6500 2680 12692
5376 1956 12540
-1736 1400 16060
8080 -3488 24772
-2828 -640 13364
984 -4428 10176
-2456 2236 18776
-5824 948 24624
11264 -192 9248
-2548 4452 7956
-6956 -1232 32767
10640 -2044 16432
8668 3828 -4440
1660 5108 15020
-5700 -5468 32767
13292 -1780 12140
-3848 3664 8476
5188 4204 16388
14444 12860 9660
-1632 -1804 7484
3808 -3036 19928
3056 -1248 12844
2504 1764 8168
8808 1196 9536
1256 -648 5560
752 3716 21580
-8580 -6704 25268
10468 -4112 13020
6748 2060 10756
14124 5332 18948
15040 6056 7244
-8264 3868 10280
2112 -7304 30272
-9764 -700 26772
8904 2712 18228
8724 7676 5900
-7788 1276 27572
-3304 -7708 18380
464 -5972 11560
4844 -1136 4544
6852 6448 13648
6700 1932 7652
-380 1624 19060
-3308 -1936 22652
9412 1728 8716
2084 1432 8348
-4412 -292 9088
9500 -3060 18032
8144 1700 20444
2896 -5580 17624
13208 -768 9932
5744 -2476 11280
1524 -5968 27232
10916 -2276 12732
4600 812 11172
-984 -3204 18588
-2572 -2404 23764
6672 -920 14752
2140 4764 17304
4816 1800 17580
7024 -1240 8884
4520 -2564 14292
-220 -3500 27404
7752 -5172 18120
10472 -2908 3480
6804 4092 5988
-3088 -728 14024
6204 -3368 12220
-5120 1228 16720
4188 -932 18836
3144 -2292 20164
2164 692 16328
1784 1972 21116
3436 812 15104
1664 1972 9432
-348 4440 17052
-4408 -412 18932
5664 -4412 19536
-1612 2220 11400
68 972 19696
5748 -1592 9944
892 1832 11052
6040 1188 14476
-304 -5232 16300
8324 -5040 19752
9156 2060 15592
8308 736 12252
6080 3332 18100
2380 2144 24408
8224 140 17140
5892 5256 15092
1564 2720 18344
8412 4084 13384
1176 712 7996
-8624 -668 12884
2312 -3756 22068
-1636 -1488 14976
3400 -2868 16480
-204 -4272 23300
7860 -4004 15432
4172 4128 19084
10252 792 10448
772 -3780 26628
11584 -812 15500
5072 2072 5136
1796 356 10564
-296 -456 15680
1412 1544 14996
2436 2644 9428
2928 5436 12868
5872 1740 20908
6952 -2132 14104
8452 896 9840
6548 5112 8272
-1656 3560 19296
-3812 -2572 27832
9108 1252 13988
-2580 2252 15044
7040 -3084 21984
4492 -6732 15544
4728 -1692 12320
2016 -3608 17240
-3080 -3416 19720
2896 -5096 27836
11872 -1468 2120
1816 3184 5788
-2892 -7424 31208
5488 -4932 12712
6040 -3016 7480
2620 2964 13404
4276 -1196 16944
448 -6608 25028
2612 -5640 27960
8212 1180 2336
4236 5848 4328
1952 824 23892
10864 -1000 16972
-3568 -604 21152
8556 -2204 14756
-4088 3416 16980
1700 -3556 19784
-1620 2536 13988
-916 4608 20032
-44 -1748 14340
3548 -2268 14280
412 -4724 12268
4004 -4684 22032
4056 -488 12020
2272 -2656 15996
3252 5388 14456
3924 -2012 19696
6316 2144 19684
2720 -508 18772
6656 2660 13592
8560 852 13724
-1424 2620 14652
5884 -1608 19936
5308 -1176 16960
5944 -2364 5888
10760 948 6232
-6932 -956 22900
10628 -4968 20288
-2428 -1524 14376
8904 -256 14080
3580 2084 17116
6620 -884 6704
1508 920 11080
1172 -3020 30584
8028 -2920 10084
-1220 252 13144
3608 3176 18184
1396 -20 15296
1936 -2004 21124
9204 6372 8436
7020 3536 6264
-2124 1996 10688
7224 -2364 29940
7804 -632 16220
6844 6592 3300
4788 5256 8244
-5528 -1288 21524
7496 -4956 21820
2396 -1296 18284
1752 1028 14364
5944 -1596 20132
3700 -1872 16412
3468 1316 17520
1884 724 13836
4348 -3184 13232
4468 -4420 17716
5024 1088 24832
2020 5008 16556
2692 788 13700
-892 2812 18320
4844 -68 15352
4172 -1884 13144
3944 -1060 10064
7604 -1048 18812
1252 -2568 13644
-240 -2120 22140
2984 -1216 15712
6356 912 6716
1752 4044 15892
9588 -508 13084
3140 -4916 15916
124 -2908 18172
7944 -5780 20148
-1148 -3288 10676
7280 240 10776
2132 4440 9972
2448 -1436 7588
3692 -2304 6908
-2060 -3260 18788
-2644 -5040 30892
5624 -2072 15740
2704 5876 10172
4604 8612 14868
-4020 -3164 25312
2900 -588 18416
-2604 3092 20352
5732 2244 18736
2012 2964 16084
-1032 2068 17948
1100 -12 14288
-2312 1052 18528
3480 -2460 19964
5884 -1152 12316
13208 1904 9992
-1356 1864 19752
7000 -1204 19640
12580 36 11824
732 -736 15460
11252 2564 17140
1032 -1732 11112
5676 -3144 21756
3664 -3340 20168
-276 236 16956
884 -3160 19292
3828 -1784 15732
-4512 -448 15596
4476 460 15328
1396 2728 14628
8636 -20 12496
-2560 868 12776
7404 -7088 24980
3308 -4588 14624
4736 1564 12064
6956 3692 14072
2068 1900 20256
3488 -16 20912
5484 1376 15760
6112 3096 13164
3132 -1720 16044
156 -3328 24844
1416 -736 15552
1728 2196 16860
-4984 592 19028
1412 120 20072
1808 -1108 11988
2584 1544 12848
2064 3068 14080
2728 -1256 16616
7512 2000 14688
5964 -1184 15044
3248 -104 16020
4032 564 16900
5540 2412 14372
12808 -256 16208
1456 -1584 15336
6076 -2908 17304
4624 -72 15960
1056 -820 12924
652 -6112 24008
5692 -3512 11724
464 1492 14052
1012 1100 24848
6396 -4440 14448
5952 2620 3932
-6020 -1452 24244
2848 -2760 21548
864 -1320 9012
3888 -1216 15252
4144 1588 13072
4236 156 14416
3688 160 21032
6656 -1036 16612
3312 5392 10140
-1280 1088 11560
1856 -2976 18020
4776 3052 12084
-128 2412 12236
-2496 -3564 26640
5988 -2444 17028
6508 3012 7544
336 1068 12120
3416 -4324 21560
6356 -2108 17652
-8732 -3316 27992
11804 2128 8004
-2280 4836 9332
-5456 -4792 31896
14812 -3508 12772
5332 -88 5372
-1692 4556 16808
1028 -4752 17412
5408 -4396 12220
-3264 -3420 15528
8300 3356 17684
252 1784 13260
6764 2200 11376
-2856 1020 23428
-900 -6684 29468
8880 -2084 4588
3336 2892 2524
2268 5828 17960
-3452 -5488 27892
3472 -5964 18488
8768 3768 7096
3120 6108 10864
1320 576 18840
7764 -6764 18892
6540 -3628 17164
9508 452 1436
3484 4692 2368
3232 2316 9772
-2984 -4840 32767
-14216 -1644 32767
104 -4604 20072
13200 -3564 -928
4836 8788 5812
-7736 -7576 32767
3008 -7752 32767
-3896 -6520 11084
6984 3372 9636
2996 4548 14056
-624 572 18412
5100 2580 14024
-92 952 11212
2660 -4280 18304
6680 -508 10312
8572 1592 7016
8036 6904 24080
-10804 -128 29280
-2088 -6760 18360
8968 1044 5408
8312 6980 14772
-2016 6528 26204
7124 -3032 22260
3680 -4136 9108
2492 820 14752
-5864 2196 20080
7252 -3856 25524
-1564 -2664 8524
16 2648 10912
-1052 5072 19328
2596 -1732 15720
4652 -3836 19072
5040 -5400 18016
9800 -1188 9528
3048 5152 10364
6396 540 27472
9904 -68 16632
4104 1236 14144
-2620 -780 16884
6528 -1952 18844
2668 -1384 12300
-756 3236 17356
1560 700 18780
3120 -2288 18696
4800 -1304 13980
-1524 -5872 16904
3672 280 18508
3128 452 16644
-2144 -2100 18344
4004 -4188 22032
9436 -2096 12228
6812 1768 12304
4272 -928 10532
-1100 2600 21868
2912 1180 16652
684 196 12076
-1252 252 13204
1716 -1184 13692
2336 -804 20800
5184 -1676 18228
5268 540 11384
3308 -68 12328
6448 -268 20652
4868 36 15460
3728 508 15888
5240 632 16160
972 -540 5692
-2600 1492 13920
-1420 3256 20336
-1084 -2152 20720
4068 -2012 16144
5452 -2768 9856
64 200 17824
3464 -3748 16968
236 -1540 13520
4416 -1280 16604
8136 756 16912
3340 -1244 15524
8736 -1092 12072
900 1588 15452
4456 892 16372
4796 -88 14476
-2628 -1424 17764
4760 -1832 17032
-644 240 14816
3552 1244 19564
2456 2504 17664
-3180 1180 15056
3052 704 14804
-372 -1572 19284
3400 -2740 17376
2632 -80 11496
3904 2160 14804
4036 -392 12408
3740 -484 12684
5508 -1276 18116
3364 -1088 17236
5512 1056 13380
5548 440 11984
7908 292 8900
108 -2108 14856
580 -3204 22856
4972 -764 15688
2636 40 16648
7944 1160 15824
6208 964 14396
-1204 -568 17336
2136 -3448 19112
-384 -2096 17064
6904 -2124 21464
536 -2468 18632
4600 -2668 19048
2724 1152 13888
4256 1776 11504
5792 728 7884
-608 156 14860
808 228 15928
4652 -356 19232
496 1300 18132
4204 -272 18304
4796 -40 17120
3956 3320 12960
6076 3548 12224
5692 1780 12232
4816 -488 12592
4212 -2608 17164
1036 -3416 15024
3840 -3004 16820
1368 196 16456
920 -2360 15804
512 164 16476
920 -3928 14928
5212 -3476 17060
4192 2108 16172
4196 -972 20308
1812 -1044 15740
1160 848 17592
4980 916 18736
3632 3300 16752
4880 4528 16976
3608 2884 17836
2172 2528 15976
2308 3240 17944
628 2436 16876
2364 732 16852
1840 -336 19760
3904 -700 16928
5244 1232 14448
2840 2080 14380
6648 868 17788
3944 -1696 19948
4284 912 16236
2988 752 17320
4408 208 16360
1936 1204 18252
1224 344 21660
3280 -1492 14324
4088 436 13916
1560 1020 15744
2324 -2324 16388
-468 36 19004
5708 1556 11716
3144 3644 17496
1408 2312 16052
4116 -2372 16724
4872 -3516 12644
3156 -2880 16084
4416 -648 14284
3308 1892 14372
7388 904 15748
-12 500 16652
2056 -492 18420
2300 112 15036
2796 -1048 15720
4636 504 17640
-200 996 19808
4424 -1216 15132
6040 684 15372
2800 532 16236
3452 -1128 19032
-1168 2064 23792
6156 -784 13100
2952 1592 14760
3412 484 15644
5780 568 18420
5020 1628 14132
4940 -928 15704
4728 204 17824
2696 1544 14084
3600 -820 18384
3080 1696 16044
3788 4192 15252
5856 2224 9984
2692 -1076 17736
4668 -3548 14300
740 -1480 19500
1268 -2188 15824
4116 1200 14952
-1340 4412 22268
872 108 17156
-804 3840 21324
3112 712 13248
4104 1564 13540
-320 448 14176
5200 -1092 15792
3976 1036 14716
3252 2552 15468
4684 156 20200
2396 120 14812
3380 -2508 17812
4560 -1504 16952
5660 1336 10316
7716 3568 9524
3832 596 21088
3440 -3460 18988
4452 -3308 15320
1268 -2816 14832
2792 -576 13300
1392 2168 19248
4588 808 17060
2136 -708 13828
5112 -148 14952
4784 636 15980
3256 -2660 13716
2552 120 19756
3036 2652 18388
2012 -168 17540
4292 1564 10272
6876 -308 19696
4732 2868 17316
2276 -324 12256
-240 -2196 14820
1956 -2568 13088
2216 1408 16084
352 -2384 19180
4824 -2180 16676
6132 -2204 16976
7220 3288 4996
3424 1032 14196
3080 -1392 18672
2588 -2368 19264
4140 -476 11668
2312 924 17132
3708 -4384 19704
5748 -684 16152
5304 1836 10036
1284 2484 18260
2184 -1204 14048
5692 2884 12408
7060 3264 5460
-120 3412 11100
324 -5396 24732
2868 -7208 16544
668 660 15368
3132 -1452 16300
2448 2048 20012
-1068 -1008 21608
1876 -1364 13676
3868 -208 14080
1068 2756 10612
-928 -3464 15920
6240 -3504 16544
3468 6716 13816
3148 6244 21124
5444 1620 7956
5760 2404 11888
4116 -2236 21852
11292 368 11552
7896 6788 3500
1488 -384 12132
3300 -5212 32767
4188 -692 17664
6960 5276 12700
32 2976 17288
3772 40 18744
7812 -2908 12244
-3132 -956 11368
-9636 2296 32767
1976 -7612 32767
9156 -1396 2148
8852 6656 7632
1832 376 24592
7024 44 16744
2628 -3952 5384
1904 -276 7768
3292 -2272 17624
-1884 40 18392
5352 -492 14700
7420 648 1696
2476 4124 12100
-3656 320 28288
1684 -4484 29624
11496 -224 7824
9752 9324 -968
-4264 1892 20332
-2024 -10252 32767
-2416 1032 16596
5136 2480 7364
1988 1580 9824
-7596 28 23976
2292 -4424 20648
9744 2568 -5648
-1464 1852 7656
3068 472 23552
4076 -6200 15168
5428 1184 6168
12308 6760 13688
2316 3436 21628
4584 -6452 20964
8964 -2892 8396
13168 2356 12288
1884 1772 26476
-3124 -4928 26252
3884 700 10996
8396 3332 4616
-2460 24 11568
120 1520 13004
-2568 -108 11892
-6140 -3608 22308
-2432 -4900 31160
3908 976 12260
3056 5048 5056
9516 6168 12192
2524 3128 18176
2840 -88 17864
3848 -3268 15752
888 -1904 11456
4800 -284 16488
-2112 936 12420
2308 -4552 24424
-4744 -652 18968
696 1740 9368
3748 1776 5764
4100 -920 15192
11504 320 15960
10368 3272 9400
-4368 520 15816
2616 -1644 22576
5404 -1600 21328
6560 -288 11896
4552 -240 18396
1612 2036 14632
-2552 -652 24616
1956 -3840 17856
-2620 1588 15148
2252 -2288 20048
-456 -1692 19048
2380 -1796 12896
4280 -1296 8912
3120 -1592 16608
2688 696 17136
4244 2872 6332
8920 1412 11952
6052 -8 14984
2392 1672 19548
1704 -640 21644
7700 1540 10964
12812 2500 -520
5624 4584 10936
-1156 -6428 29632
5000 -6636 21848
3944 -3724 11068
2820 64 14052
944 -1256 18192
-1720 -560 19864
4096 -1692 14580
-1608 -2332 15608
3480 -2580 19108
1888 -1852 21896
-420 1128 15940
9232 -1204 14056
4820 2104 10340
5052 2992 9688
7704 880 9404
4764 112 5244
5932 -452 11820
-3484 -2108 27772
2452 -5712 27684
11484 100 7456
3240 10212 3156
2108 -1928 32767
8396 -2880 20732
8064 -196 3420
9796 3036 -1352
-6812 2340 32488
-5096 -10972 32767
2636 2556 6624
2356 7440 8508
1744 2492 27940
-3608 2368 23648
2628 -5360 3160
6728 1528 -320
4148 3968 30736
7816 836 16820
2616 -1128 5472
72 -1004 11132
10840 -1380 30748
2900 3100 15324
6988 -1364 4452
6028 1020 6684
1512 96 14456
2076 -2572 21416
1304 -7296 21592
-3912 -8180 17288
-1392 -2244 15548
-1280 1560 16604
3176 40 21384
4652 -2200 17576
488 -3992 14316
2304 140 13252
5220 -720 9072
4500 -1272 11632
2088 -1516 23992
2092 -1620 19740
3892 2120 8104
6544 4404 6172
7468 3668 10068
-340 -592 28400
2640 -1780 21512
4232 3060 14592
3320 1352 11624
2780 1860 23584
3692 3708 19752
1664 560 15752
5316 1844 13532
-508 -1364 13788
4028 -3980 16708
2380 -544 17844
2704 1940 14708
692 1656 12488
4144 1488 18924
-7404 -1584 24232
8592 324 10780
8260 4152 6788
3224 600 13912
6280 540 21644
4336 -2972 17268
4208 -96 14408
356 3456 17388
2352 212 23476
2800 -2952 25244
2004 -136 16644
7332 272 5884
-1320 3100 13500
-4840 -1608 24416
4432 -804 22608
6020 -492 11356
5756 1528 8068
692 2096 17948
-1464 -4060 19012
4768 -2868 6616
6964 532 9072
7800 5232 15948
3776 1228 14728
3968 -1864 15212
3076 -4048 16616
8048 -1400 18268
2108 748 18452
2168 -2124 11984
1996 -2388 14356
696 -2844 14040
2996 -3112 17764
1084 -1888 17132
2296 -1584 11516
2580 -1332 12620
1212 -580 15232
1084 -3036 20600
3004 -2652 14328
5820 1320 9716
3480 3492 12424
5728 2768 16900
5304 1416 13132
4364 2824 12768
1828 212 21632
2180 552 15412
4188 -1468 12784
-1676 -2752 23640
-788 3776 19620
612 840 15908
2184 3512 14060
4512 -988 13160
3356 -776 13340
3412 3168 14304
3428 2092 11756
5336 -5484 19952
2768 -4380 20960
5860 5192 8088
6728 2620 17672
1444 2568 16160
3416 -1260 18044
3520 2900 16456
4004 2844 11188
4968 -1804 16268
3312 400 18088
-1992 -1792 19652
7116 -4240 22776
3412 424 18892
5908 2052 14212
6576 1644 19672
-788 -5180 15308
4852 -6884 17400
-616 -2780 12780
-3636 -1400 16448
8904 1776 16200
2424 -272 16324
4580 -3904 19280
432 2468 19812
5292 -2456 16048