980 -544 17428
2048 -2972 14964
608 -4404 16244
1220 -1492 14640
608 -4440 14728
2488 -4024 14788
1012 -628 17580
4136 -1972 16936
2484 -1960 18840
2660 -1952 14528
4364 684 15656
4520 -156 17752
4836 -1868 12992
5776 292 14232
4700 1316 13404
3948 1312 14920
4160 2648 11860
108 3200 15940
2556 340 14952
1536 588 14928
1488 -476 15496
1104 2024 17032
-452 2124 15736
-120 1464 17308
2676 -396 15660
1740 1056 15532
4636 -1492 15992
1808 -2092 16756
3996 -2588 16572
4804 448 13300
5020 -300 13428
4104 472 14524
4632 436 14760
4600 1136 13880
3328 1004 18972
2768 -652 15652
1644 16 17972
1596 1380 16540
-1188 572 19708
-1448 -1316 18048
5204 412 15408
3488 256 12148
2224 -1288 12128
4844 -2356 15492
4320 -1936 13864
5632 -1000 14496
5552 -232 15200
8116 3448 15868
2784 -4092 14624
8644 1348 17160
3056 5340 14520
4156 1744 14864
4708 440 19652
1036 -2104 16660
3236 -1036 14252
3052 -332 17288
1832 -1512 13772
3096 -1264 13864
1280 -1652 12976
3364 -732 15928
2144 -1412 14680
3908 -1000 15024
6100 -856 13144
1256 -1548 16072
5124 -1748 15296
4728 620 12816
5804 1668 14652
3624 2044 16360
784 1740 19348
4192 1696 17316
4700 504 14140
4496 480 13616
3788 1336 14960
1492 1016 19652
2988 2108 14476
1776 2612 12916
2404 356 14208
5336 -156 15552
1180 -1492 20736
1376 -604 17064
796 776 16412
5828 -116 15256
2532 -1328 17564
4448 -1568 11492
2916 -1488 18568
4124 -192 13964
3828 2336 17032
2292 3108 14256
2980 1284 17380
6168 1052 14324
5356 844 13248
4772 -1584 18676
536 -584 18116
5912 -1524 19404
-144 612 16852
5340 -196 18032
2376 936 15312
3248 168 9328
-928 -3276 20484
-3756 -1732 15176
860 -620 19780
-48 -36 16524
2088 -2908 17692
5152 -2960 14292
2756 -1196 12476
5156 -1200 17220
4644 -3704 11188
4440 -3244 11268
5968 -3448 16036
5384 -3792 13792
5160 -880 13796
7224 -1852 14404
3008 -3484 18032
2644 -1520 19292
2312 -96 16132
-172 -132 16636
2792 1468 12052
-660 -724 14768
1928 -1200 16592
204 -2980 18896
604 20 16504
2672 1444 17916
5456 -92 15368
2728 3028 11936
-88 2340 13344
4164 332 19220
1148 472 17756
4728 3048 9380
4728 3060 15292
4240 2612 14392
6664 176 13196
6128 -1684 13664
4832 1556 13576
5280 -3616 19692
1296 636 15100
5800 4544 11384
1768 676 19560
3648 -588 20228
3956 -3648 11800
4892 -2036 19480
2928 -3288 17968
4364 -1556 15224
1916 444 15840
2424 -1232 14556
3552 -5532 15408
6340 -1772 13092
3576 -1960 13992
4368 -1408 11820
-88 -664 17600
3840 -1952 14304
3076 588 12176
-664 -1756 21976
4284 184 14628
10384 8 6584
6000 2904 9100
444 1544 14584
6048 -5780 22964
5188 932 14048
-436 1812 11700
3796 -1896 21092
2412 1260 14464
1140 784 17428
1860 -636 18220
2004 528 13252
2944 -4200 15736
1680 2128 17244
3196 1104 20756
3244 84 18364
2888 1736 14860
4968 2536 13064
4168 -288 11408
4836 -4812 18788
116 -1640 14176
5776 2992 19388
-448 1148 18284
1896 -3440 17212
6500 3448 16752
-180 548 8108
3176 2396 16308
1068 -1936 19456
5760 -3556 16436
4296 5940 12224
428 1444 14080
5148 -3496 13368
1508 -3076 16524
520 -3452 17004
5528 -1044 17304
1980 2372 13528
2972 192 16104
5148 -2456 14204
2948 -1584 12496
460 -2424 19608
5380 -4328 18084
4792 548 15216
8780 1500 10616
-1324 368 13440
4016 -1176 21948
-1876 2152 18940
2204 -1356 17944
704 -928 17260
384 3124 15992
2996 -956 12288
3868 1720 15016
4864 -736 12572
1792 -2568 16968
3652 152 11940
4232 1432 9112
3184 2440 13332
6148 168 13612
2420 -2760 16172
2216 600 19768
5980 996 14048
2816 1504 11528
2784 544 15924
5164 -4568 18656
3780 -3800 13524
664 -220 15964
1224 -336 16804
5928 820 13512
308 1668 15800
3088 -1456 18284
4000 136 16700
5000 2228 11032
3124 2616 11968
6056 2040 16052
4428 -1180 17864
2084 600 17376
5416 1692 13556
2372 1480 14752
8668 2072 14912
3036 -1180 11448
2424 -600 18308
3312 -2356 14180
1260 -2016 17908
2476 464 20776
2204 -568 14516
480 -2844 15564
3788 -5176 16992
2276 704 14440
4596 -632 16296
3588 956 13032
3984 172 11696
2104 -1240 15924
4356 -1444 17244
4228 -484 15140
1828 2016 14320
572 1308 18408
1548 384 17656
1292 -720 17496
2812 508 14680
4212 564 12928
2612 1596 18248
2480 1092 13552
3072 632 13280
6256 704 13044
316 -1964 13676
3692 656 17092
-1048 1360 15740
1256 -2552 18648
5328 -3156 16304
3232 -1860 16324
5900 -4196 16104
1796 -4324 18768
2480 -3748 17780
7352 -756 14960
7344 -2360 12828
6868 -3500 10608
2128 -196 14156
2400 -1040 18988
2740 508 18564
3656 -1900 17400
2244 -1260 18368
836 -140 15332
4660 1172 16604
6512 -1432 15524
8928 -432 10260
5028 192 12824
2360 -496 18316
4688 -752 16412
4064 1552 16376
4316 2116 17368
2288 1824 14628
-480 -1640 16496
576 -3392 18168
2772 -844 16628
4200 284 13148
1040 -660 14592
6348 1680 12732
580 800 14008
1160 440 15620
2700 -856 19812
216 744 17224
3448 4352 16332
3960 2124 17876
1796 428 13748
2872 -1284 13820
1324 -1232 14548
5404 -2520 16764
4116 736 16644
6088 672 14856
3524 -1984 14456
2100 -2424 16300
5008 -1988 14852
2848 44 18128
2084 776 16612
6432 220 14012
1704 1412 15188
2792 -84 20060
1524 -1468 19676
2832 916 16356
3784 616 16692
2080 -424 17396
2412 -488 16000
4876 -364 11096
3720 -108 16588
5220 -488 16536
1296 -636 12704
2072 -2200 17284
1936 -3112 17216
3360 -2348 15392
704 -1520 16964
2568 -3804 19704
4568 1532 13424
5604 2364 12416
4420 1740 12672
2212 -1024 19824
3356 -3332 20368
6304 -2568 17724
8708 1052 12700
1388 464 11040
1884 1000 15340
4312 -304 13444
-1332 -2000 17196
1672 1064 17024
-436 -2064 21656
6012 1588 19692
4268 2552 11788
4468 3444 12560
228 -808 18324
2900 -1936 20908
3424 232 15320
4940 1400 14092
7360 3436 19588
2904 2304 16332
4960 -3184 19788
4400 -1136 15404
84 -476 13100
4688 -2684 20652
-1784 -196 15720
444 0 15820
5004 -548 15076
6028 -500 16860
3028 -1652 11328
2888 -2716 14012
3592 1040 12916
-168 -376 21056
1204 388 15300
5972 2032 12852
4904 1648 13408
5764 -1744 14824
2408 -1232 13588
-840 -1036 14316
1876 976 16304
-312 412 19388
3228 -2024 19996
-1200 -3532 20144
224 -3400 16396
20 -1220 17804
4284 -1216 11696
2668 1920 13860
3672 1524 13664
1160 -3516 20364
2768 592 20580
5044 2616 13604
1620 4432 12424
1820 1320 18920
5168 204 20164
1100 1284 15556
1944 -1192 17432
2532 -220 16704
2712 716 13148
2376 -1868 13744
-1552 -2212 17768
-28 -2852 21808
1388 -1248 20436
3948 -648 17040
1604 -828 16300
3776 -7284 12828
3936 -6468 10680
4668 1736 17708
2612 -2588 10312
4656 -6776 19680
3436 -2356 16272
1340 996 19688
2564 -64 16668
2624 -3904 13256
4792 -1292 11068
1124 -748 18608
1740 2012 17584
1380 1184 14472
692 -1584 17088
-432 1072 22088
-2880 -928 18516
1808 1600 18548
1252 624 13160
2268 3496 13964
2820 2404 15320
628 -2808 13836
5604 -1372 15948
2248 3328 13736
3088 2624 14884
4768 -852 17292
1456 -1076 18032
2188 1600 18256
2460 1568 16284
2660 1508 17392
1720 -268 19724
5644 1232 17824
9248 3440 15784
6380 -132 14328
6148 -3640 16576
4724 -1608 15808
4620 -756 17580
2668 748 15280
1060 -1160 16984
3176 -1704 18680
4132 -1348 19300
4136 124 15816
1896 -2656 14600
4152 -2068 13540
820 -2384 13780
4224 -2364 19844
3308 -36 13820
1188 -68 13776
6680 692 18160
4844 -932 15428
228 3548 22356
9216 -3292 17360
1168 132 16864
1552 1260 18900
7460 984 15208
788 1432 10196
860 1468 11752
7288 3468 15240
-1680 852 15512
3464 -1196 20196
2428 792 19872
5144 -800 11580
6992 2148 13140
3464 4364 13904
4540 396 15908
4372 -4876 22564
5584 -4556 13764
3880 868 11288
-2368 2752 26448
4256 -3276 21120
-2952 -1716 16924
2912 3100 12028
2092 1988 17732
1656 -1752 16504
6692 -208 8892
-3584 4476 18280
5948 -1520 16112
1600 68 18068
120 236 18676
9688 240 13920
5516 3924 11564
5828 3408 16968
2892 -356 20920
1892 -2664 17100
3224 1448 20396
2788 2492 16936
8248 912 11360
3644 3076 19612
3812 -1136 15152
656 -4720 17988
4376 3076 16484
4064 2916 11220
1952 1028 15256
508 3036 22936
6136 -3736 19084
4896 600 10740
4504 384 9204
7224 1416 7628
2604 -548 16504
-1668 -4036 21572
6936 -3888 15144
4380 -572 11924
136 3648 16596
5856 -2128 17752
212 -5008 15964
2840 -2992 21560
560 608 16312
2680 -1204 13992
4364 -732 15972
324 -3828 19044
3240 -1248 12764
4216 -1564 15008
344 -2804 15504
4724 -1780 21332
1148 -1784 15116
3940 -416 9700
4212 504 14312
1396 -2968 14616
2092 -3132 19744
5660 -360 12148
2396 2956 13772
5516 2416 17572
4596 3288 16580
1236 544 15012
3900 816 23836
1096 -2296 18060
5712 -80 9516
1884 3508 13116
1912 -1828 15960
1552 -2384 20540
1824 -4 14708
5424 -1144 13156
3584 684 10472
1788 -2344 17656
296 -1924 23180
4656 -3716 13772
4672 -840 12828
-968 -2244 18776
4832 -2140 19064
7164 -156 11216
3452 4772 9052
-1236 2948 13348
4140 -1696 20276
-452 -2828 17080
6384 532 11404
4876 3540 12324
6740 3176 15728
-16 1156 16524
3684 -1600 18592
5372 816 15564
4936 2732 17964
3264 2508 14436
52 1068 17124
6868 -1956 17176
-1836 1600 20460
3876 -1320 18204
5224 -512 14704
4448 -128 9388
2784 -4744 20400
-3284 -2164 21756
6184 -1128 11852
1352 1980 9148
-824 -280 23220
4284 -1328 18084
1668 1136 13048
2000 316 11336
6600 -56 13932
3564 3408 15276
4768 -1892 21080
3652 1700 15064
2252 1672 14452
4460 2956 19680
5284 1832 17492
984 4404 20128
3324 1016 20288
5784 2904 14092
-628 2512 14084
320 -1528 20720
1416 660 12516
5400 2628 15412
2112 860 21028
900 4020 16568
3108 -1936 21464
4020 -264 14280
4424 916 7388
268 1508 16428
2984 1504 22788
732 -2400 18352
-776 -32 22632
6812 2100 12060
5188 4672 9144
2272 1876 16972
1940 -408 22924
-192 -4436 20096
3972 -1784 13880
5420 2504 4812
5536 4068 9800
1536 1052 21324
-2240 -2760 22632
792 -2444 19092
6392 -756 8220
4372 1508 9348
2160 -1932 23128
3060 -3588 22960
5304 -4276 12232
5036 2684 8168
1352 6580 17316
2696 812 17892
1000 296 19880
4408 2660 14988
3792 3388 6028
32 1584 17712
2240 -4656 23852
6968 -1108 15076
2540 2344 14824
9264 2588 10804
7320 -228 10032
3880 -1660 18420
2004 -1664 16336
-1540 -312 19112
5800 604 12916
3008 484 11744
-708 2164 13920
1464 -2048 20088
2428 1116 9784
2808 2236 10492
4460 140 11764
-3420 1624 17984
0 -5908 19980
2124 -4404 11236
2556 -2204 10784
2432 196 16684
3172 -932 19288
4364 -3876 18608
4532 -220 13888
1456 1716 16756
3280 880 17900
3208 2636 15788
5500 1184 19136
4268 -196 17724
1356 -408 20144
3788 -504 12632
628 2644 14880
2624 3036 21400
1288 -1052 19128
1328 -1844 14420
6756 -2648 12620
892 1388 12684
1160 -1356 21908
3104 -1324 13408
2316 -204 17508
-2504 2012 22500
3776 -3012 19672
-144 -1164 17528
7232 660 15068
984 12 23172
4172 -2700 15400
5864 -1304 11780
-1188 900 15744
8188 1608 19044
-144 -1312 24168
40 -356 20012
4576 760 14648
4836 2160 7216
6672 5696 7904
24 3940 15472
2940 -1056 19332
11048 444 14764
-2504 1088 12384
344 -4728 21876
3128 -816 17256
-1648 -404 15684
336 1680 18452
-1704 -464 22796
3152 -2544 16676
3036 -1600 18216
1280 -580 12452
4500 -3104 12228
-1404 -2756 19464
1660 -1932 17156
4784 -1588 9048
172 1604 11564
3036 2476 20348
228 -4152 28408
7708 -1044 13292
6316 3684 10076
7676 5488 13376
2952 2588 16652
3624 -3024 23020
5416 888 13688
5320 3840 12628
256 1508 14076
4412 3148 14632
3000 2228 14208
-1252 -2356 23000
3044 -4440 17136
4240 -2268 12360
376 -240 16248
4256 -524 18656
892 -2404 12036
2412 532 17360
1412 -1712 22652
2128 900 19348
1664 -3132 19408
4212 -2704 11888
3168 3040 12824
-4372 -2436 19192
10132 -4372 13280
2324 5292 5748
1292 4160 17744
1352 740 18952
6340 -4864 13700
6176 3920 11392
3784 -1732 16668
5440 -80 16368
720 676 18920
3516 -1832 15188
2296 2528 13156
3164 -472 14184
6748 -1748 17864
2296 180 20192
4904 -1664 12332
-3304 -2708 19144
6404 -5264 19228
-2592 1060 20028
2664 2184 16168
5192 812 7236
-3444 3576 17252
-496 -6468 21956
5720 -1000 7320
1196 1532 9916
4348 3228 18704
2976 -2816 21072
5708 -3644 17356
8416 928 12348
6980 4808 10864
-1656 2684 27172
5860 -3188 21776
5092 2632 10584
6064 760 10264
-312 3548 12804
2460 -980 22816
-280 -60 22260
-1100 2176 11664
2100 -1296 13016
4660 -1816 14548
3760 4972 13072
4448 -628 22052
-2948 -2080 16680
4184 -4976 18632
8928 -192 13764
4540 1316 13028
3444 5088 8716
6752 -240 15012
-1672 484 15740
1224 -1908 15904
3064 -260 13304
1480 964 16688
2736 -2196 14464
-212 -2328 18280
2716 1220 11696
2692 380 19632
3568 -1128 20124
5664 -2084 13728
1664 3604 15448
3836 2608 10580
2944 -388 13640
2968 -3216 17252
5096 -1992 9404
1424 684 11896
-3364 948 15644
200 -1332 18788
2320 1436 15716
7692 -808 9568
2604 1216 17240
3908 -2304 17040
11676 -1184 14604
4996 940 11244
4880 328 10680
-972 564 18516
3540 -556 17868
9884 168 9528
-2672 1844 10760
5068 2372 9920
-3112 1264 20800
2960 -4700 20892
6756 -1676 8080
2920 1252 14592
8656 672 15228
6312 632 14212
-688 -436 17268
3788 -2772 19508
1068 -244 12896
5056 -1452 23228
6344 -1196 13560
-256 -592 12276
-300 660 16412
1648 2192 14536
8160 2128 11056
6076 2772 23212
2520 852 18656
5024 -6548 8592
1064 -16 15136
852 -1188 19560
4088 -2192 15996
1288 20 14028
4384 4188 15916
5744 4180 13860
1364 596 17992
-736 -5800 21240
964 -3324 16680
1200 748 8852
5300 2896 15304
1760 36 17812
5540 460 12876
44 1368 12372
6272 -1904 22416
5556 2124 14244
-196 792 17196
4944 -1780 13968
1524 2172 14804
-4276 1276 21688
3520 784 21896
-92 304 17384
1576 1656 13420
10212 5428 8148
1256 2432 14788
-1092 -2656 20532
7896 -2900 15120
8012 3204 7288
308 2100 13568
-2040 -332 22036
6756 -4212 15752
-2964 2468 16812
6768 4208 13156
4140 4380 5972
-488 -1984 24444
1712 -4740 18548
2548 -44 12572
-2196 1576 15692
-56 -1132 24684
6748 232 15924
3776 -500 14832
4980 1572 11920
7264 1576 18168
2076 1408 16140
5148 -1496 15528
2996 -680 14280
-500 1552 15128
1192 488 16956
9160 2224 10928
5416 4100 8844
1560 3444 14500
7604 -2692 15320
2172 -7120 14812
2640 -1888 15728
-220 160 19688
-2396 -1240 26236
3316 3188 17932
-68 1764 13424
1464 2344 10956
-816 -864 16044
1960 -2092 17548
3376 -2856 18452
568 -568 11216
2748 -160 12032
3720 376 13348
552 -384 12916
2652 -2408 19984
3556 24 13404
7036 2304 13516
4456 356 20704
4196 -1828 22448
-2328 -96 20456
3396 636 13984
2024 3080 13220
5680 4384 19760
-1836 548 13976
1224 -2092 18604
96 -4640 16080
2904 -1500 9060
2196 2304 12548
-2236 452 16936
-340 -4408 21440
6136 -2764 10288
104 4668 16508
-3392 1360 26952
10256 -2832 19376
-636 156 7136
7696 2560 11836
6836 3984 5816
788 492 14536
4732 -1072 22232
-1416 2016 16928
1592 1440 14924
200 348 12912
-440 1608 22428
3268 -1516 25388
1832 -2852 14096
6392 3368 7584
4696 3340 25832
-1568 -3964 30596
11752 2420 9348
-1376 4684 7356
-1760 -408 30732
5336 -1108 14756
-1060 -6172 16768
4920 -84 8852
2840 5076 13108
1148 2444 16504
2264 -1180 22652
-280 -424 18520
6980 -1768 15820
9348 1384 9160
5808 2808 16184
1496 788 19108
-4376 -2520 22284
5520 -7676 11304
-708 3084 10220
-1492 3264 19720
-8868 -3300 21600
5528 -3080 11808
5432 1472 8376
4140 3268 13080
4212 1072 16988
2424 -7576 24512
1416 -5084 10780
1056 5184 21192
7420 2576 15664
13016 1572 9432
2168 1012 13448
2768 -4156 20348
996 -3624 15836
5896 -5988 19096
3272 -1680 15848
24 928 21368
-60 1264 19760
3540 2348 15184
7624 4236 11628
4224 1304 11456
-448 -3320 17392
-2356 -2752 17964
872 -2508 22368
2932 1460 11276
1816 6312 13968
4108 -772 16656
7472 2888 7744
4940 2116 11780
788 -3208 16500
2456 -3328 11856
-7388 -2504 21640
4072 -828 18472
4804 1496 10364
536 6420 15292
6844 96 21196
1232 -4572 12084
5912 -1824 10764
-5308 -5952 32272
3676 -232 13516
3296 248 9032
-2064 5436 14528
9708 2644 12072
-492 356 11392
-4124 -3484 30880
10672 -1136 15284
3152 1100 2804
3268 3676 11832
5204 -2088 29288
8440 -496 5420
240 1672 8584
3928 2152 28720
6832 3912 15428
2308 -1848 21724
-528 -2216 15088
-860 1748 13376
-8276 2220 21908
3348 -5068 21780
2104 -204 11016
2444 180 7456
5708 -4216 25764
8364 -1512 11700
-3860 -20 16568
4532 -4616 16868
10468 1904 17220
-2528 2760 21724
13168 544 14844
368 4044 11500
5056 -2276 22580
856 -748 13136
-2724 -3068 17896
184 -244 15976
-252 -3980 21668
296 -1060 17900
3788 -916 13748
460 3996 15564
936 -1296 24424
7492 -4108 15144
12400 -68 -732
1168 2892 5060
2864 -1720 20620
5776 -5704 22240
7972 188 8664
5028 5468 10016
3948 1688 18912
5804 -2484 17336
4348 -2772 16496
3512 -1096 16160
5012 -1772 15744
-164 1280 16372
592 92 20612
-752 716 21044
-2324 -1004 18424
9032 -680 12596
1880 2676 7132
-2800 776 18344
-1488 -2192 20456
5076 -2628 9060
6184 1308 9556
6812 2740 13268
2972 1552 16936
3860 -1348 16696
6920 -4136 18976
7244 1800 12492
4972 2684 16796
-72 28 17284
3284 52 14896
5968 2396 11620
724 1484 14392
188 -1796 20964
3216 -5304 20948
1504 -1540 13276
-2656 2204 15868
1440 -308 17748
7292 -2744 14020
1840 3412 12284
3308 -2972 18032
4452 -4788 16688
3588 -1348 14368
2744 1464 21340
2412 460 10608
7788 716 11824
72 4100 22516
6876 -2552 12896
3416 1312 12024
200 -592 14876
4800 -3460 25080
-64 -1128 12976
5072 -272 10700
7028 3508 9096
1072 4416 13080
576 2452 22056
3588 -6208 23484
1044 -4916 12420
5504 928 13064
-264 952 23508
432 -2528 24244
6368 788 7712
6012 2020 5376
6408 5764 16008
2268 1284 17152
-44 156 13228
-1352 -2664 16348
-100 -3236 16156
4884 -2424 19192
4832 3880 18644
5628 2648 10440
3100 1024 11576
3212 -684 19420
4304 -520 17116
5952 -308 9588
424 -272 16968
-220 -320 22224
2128 -64 21440
364 1672 13992
8352 2812 8676
1148 6744 18352
-2848 -3148 26312
400 -2528 13288
4148 -2332 5288
3984 3336 16580
3488 1956 16144
5928 808 11432
-2436 596 16960
7304 -240 17620
-2096 632 13756
3384 -5208 22056
-1648 -908 21344
7328 -852 7520
4828 3752 2076
-2336 2384 32767
-1012 -2832 31484
3400 -4004 7272
8876 740 5092
6116 5176 12412
3608 3952 20116
9296 -3220 10404
-3172 -2032 15456
6364 984 22804
2220 2828 14708
-4600 3688 13892
3668 -380 21600
-5628 504 16612
10844 -2004 22208
3772 2500 14488
2352 1996 7520
-900 2204 21748
-1252 -768 23072
7080 -3752 11200
1988 3248 9252
-6092 -2364 32767
3940 -5784 15084
4616 584 8524
4520 3764 11748
760 2608 16512
3124 -1788 23712
8656 -1412 17428
16 304 11220
4 3496 19488
4704 -512 18696
9836 -588 14792
-4672 5052 22828
4672 88 24780
5220 -2976 12856
-3808 5292 17296
4804 1832 21460
7564 -3476 5672
-2136 652 12532
2104 -904 17444
-1044 -2972 19880
-2212 -4340 22340
8740 -52 10556
4356 4080 9320
1656 2308 14728
7380 -4908 13436
-2132 -2264 20036
4692 -1432 19424
3984 1256 13828
1312 3708 21500
3472 -1460 17496
-4272 1376 14704
4260 2224 16736
7836 1964 8980
456 2996 20360
-144 -2320 23388
616 -1472 19648
6988 -656 14776
8716 8436 10216
2300 3592 17264
-1220 -1520 26296
8836 -3912 10212
5068 1032 14128
-4548 -380 29120
4436 -4808 24444
3536 -4 7756
9572 4996 6424
-8044 904 23412
10072 -5824 19012
288 -2076 9264
-1316 -1648 18768
3196 1940 9436
292 216 18596
-696 -1972 19332
5640 -1512 16972
5368 5372 11264
11356 -2460 22092
5120 -1444 16408
1372 -2244 18276
6712 -288 12964
-3508 1000 17204
3428 6140 16332
-928 -2040 20728
4532 -2064 10104
104 728 12828
-5448 2388 27124
11076 -7748 23596
-592 -1984 10196
4820 2364 14704
2632 4248 15656
3400 2196 10088
6480 2896 14628
-2424 216 11824
2308 -6532 20880
6984 56 10236
3196 608 17536
4500 3148 13320
5140 -896 10744
7136 2564 14332
4028 980 14896
5340 1116 10580
6900 -2028 19336
5540 -836 17556
-1692 2036 13620
4768 1812 18068
92 3944 23212
3200 4000 15912
3792 1268 14084
3372 -4708 13148
556 -2508 11448
5760 -2372 16276
3440 1988 9340
636 4256 13872
5028 3112 14860
2204 2448 21080
2556 -876 13484
5664 -3628 9576
68 -916 16860
-1248 -3904 20756
4900 -1620 14008
-380 2928 12316
5120 3628 17276
-7112 -2632 23552
11504 -6416 17296
156 1044 6432
-24 -1816 21204
2480 2152 19776
2612 -4360 9892
6892 -1192 4524
4976 832 16032
5732 -1728 21420
4108 -2444 12284
356 -776 13684
368 -3212 28156
8408 -1104 15376
4064 2148 11112
3696 5084 14508
1244 1968 18836
-1080 -132 16032
200 -2192 10064
-2444 548 14664
1504 2296 16384
2824 1116 14264
2160 1916 14952
2792 -576 13420
5976 -2036 16436
6400 4644 15352
-952 644 13084
10660 -1688 15916
-10020 -632 32767
6904 -968 18276
10228 3952 1180
-6712 8136 15828
5016 -3512 30068
2404 -1104 508
-2468 -2224 6984
2764 3152 16092
-2472 -2808 26128
6896 -1708 15328
8076 3540 -2256
8216 9012 4484
6336 -4436 28004
680 -2176 19968
1224 -9368 12432
5384 -4120 19536
11788 5044 12964
196 2224 15416
396 -968 10432
164 44 9128
-10660 -3528 27476
-2124 -3136 29956
-3504 -4444 11680
4476 -496 11612
-1900 2456 10084
2432 -1056 16024
9144 -1148 16760
3792 2416 13004
4244 -6176 15712
6540 -1976 2732
2620 1864 13236
-832 -4068 32767
15068 -632 9828
3620 6608 6392
3740 5844 16876
7916 -1908 21428
764 -1404 5604
1120 -108 8756
-576 -908 19932
-1132 -6432 24044
-3780 -2100 16944
7648 2292 3808
4268 2776 2336
2664 4800 27472
396 -848 32767
116 -10544 17580
-624 -1880 18956
8688 5512 10508
11928 7896 -1300
1624 6752 6796
-1984 -4964 31068
-100 -7936 20024
2360 -4276 11228
1180 2372 6528
2052 1944 12456
-2092 -4424 28872
11540 -3040 13876
6828 2692 5692
4324 1148 11136
-1132 -5256 23188
1828 -7576 16032
3500 -868 9700
1020 3708 13672
3476 2000 17516
-3300 1532 19596
-3700 -4404 22416
296 -1040 12732
1988 2452 12796
7292 2444 15576
1164 2960 7956
-7196 5484 15432
7824 -632 10724
2208 4200 12420
752 1392 19868
14364 -2244 5424
5040 -1672 3328
7664 -3680 17832
7944 1636 16688
-1840 2616 18192
4416 -1960 22888
-3108 -1688 25224
-172 -2352 13816
1768 2304 12436
-3772 2872 13268
-2612 -3648 19536
376 -3812 12892
-5988 -1300 13180
-984 -1132 17436
5120 -440 22256
6520 544 7936
-1252 2284 13836
7076 1940 16136
4084 1764 16748
-2048 716 25708
9492 28 14600
404 5396 12268
3052 3088 17936
4140 5216 13616
748 3232 6740
184 -4240 13412
-5928 -2784 23504
2432 -2572 3544
-10860 2456 15552
4304 -5344 24012
-968 3196 17404
-296 -1008 13392
2500 -1712 24760
464 -5380 13176
10248 -8 6692
-5976 476 13868
-4064 -1484 26188
1884 1244 18824
4824 5096 6436
2976 4968 17548
-124 4400 21180
5068 2300 11196
10096 2032 6672
3600 3280 10088
-24 1624 18084
-2452 -2696 23588
7552 -2460 15672
7736 8648 8052
96 3252 15356
6536 -4932 17072
5376 -2968 20516
1968 -7560 14836
-2352 -484 16756
-992 -912 18808
4296 3132 14424
-2104 -308 6364
4772 -2788 9744
-3248 -3132 13472
-2724 -2036 24280
3072 -1708 13112
-628 2160 17916
1540 -404 20700
4664 -732 14292
4796 0 17116
7064 4292 14672
8692 -968 14244
11276 3212 8144
3400 4020 14152
-5332 1796 25976
5992 608 19532
1356 4580 10840
3276 2124 12380
3300 828 18256
7452 -3432 11004
-1380 68 16132
-2048 -4168 23120
5496 -6692 15736
1624 -284 13268
3696 -1968 17764
-672 -2708 17164
-1620 -3452 20260
2152 1796 10568
-3148 796 18272
1580 -424 17352
1624 812 13160
-1504 -1384 15484
6172 1672 12312
-564 -200 15160
4484 16 17500
5988 -1224 9816
1104 -316 17004
7308 2460 15472
4424 2720 13396
4824 1776 13016
920 -2088 22880
3344 412 10948
-480 3096 11116
1644 648 14640
1100 -428 13852
2124 -1592 14092
-2920 -1860 15716
3060 764 16168
6216 -348 16088
1052 620 13384
1608 -4832 22728
3068 -812 13932
764 -2976 17788
5156 -936 16892
584 252 14472
2520 -500 17464
-776 2224 22412
-3016 2452 19728
5224 -316 16044
2172 -3448 10148
420 -1224 24212
4932 108 17360
3420 1892 8876
780 1296 11760
3420 1340 13348
372 -1852 14780
-20 -3708 17480
2664 -1664 19100
-332 4992 22152
1692 1684 23344
3320 -540 17916
8316 -144 15884
9992 -1988 17544
4456 104 15016
5484 -5036 15664
5380 -3648 10776
1484 2252 8096
9192 3040 14304
4200 1136 8396
1072 -3688 12332
5540 -2892 11348
2460 -6896 15872
9724 -944 8696
4384 2096 11804
-2396 -6064 22612
2796 -4596 21720
2444 -1284 16932
7832 -2016 16960
-1572 736 14880
-1468 -352 16264
-1736 2432 17020
-3464 -80 19664
3216 1528 12644
-832 4388 14448
-556 1912 16824
1180 -1656 19780
2588 -1832 16272
3540 2004 14688
4356 6108 13184
7688 3024 13888
7004 1068 15388
5288 3436 17560
2812 3608 16224
-148 -2976 16136
2664 -3508 18276
412 1016 13012
8080 -364 15444
1292 -1876 14408
-1668 -4960 20960
-916 -1144 20920
1148 1652 15988
-2440 1800 15824
-412 -1140 17460
-1940 -1968 20228
-960 -3560 15052
680 208 12632
3148 -1884 16832
1728 -3876 14676
3376 -920 9976
4056 504 12844
1620 748 15540
1292 924 14820
1620 860 16292
952 -764 14220
5380 2252 12140
744 -176 14668
-108 -3948 20276
1428 -2428 13292
4232 -72 10032
-2612 552 18372
-1092 -1304 22544
776 -716 19156
3272 -1292 16776
868 -2552 18336
1892 -868 14860
-92 -288 18320
1232 -476 15060
1048 3088 14560
-1400 2288 15132
1528 2404 10928
160 1732 10036
-4304 -1620 19584
-5052 -2504 16320
1516 -44 14988
3128 -368 13160
4352 1628 17184
3632 -1480 15268
2020 -7232 17624
4220 -4212 16868
3408 -28 17604
6396 2644 13356
3164 4060 15212
1216 -1620 16080
184 -1576 14764
1300 -1716 17396
-1440 -684 10336
-2840 -2636 24968
3552 -572 13952
3504 820 8696
4384 -2068 7064
-2104 724 18124
180 -5104 22640
5812 -2332 16464
-868 2296 12892
3492 1404 13016
1812 2364 16000
4740 88 13380
4 1700 20004
2436 1856 17804
1264 1752 12780
772 -1988 18688
-3288 -680 17476
664 -1896 18980
-2292 972 13076
-3012 -1616 15408
3600 -7040 24812
2584 -2432 15700
4928 -744 10896
2036 3064 17540
404 2340 14204
1628 -1816 13552
-1496 -912 16688
2084 484 14736
3004 2140 14496
10132 1156 8436
-3276 4564 21552
4260 -5992 16820
3752 -24 7632
10388 -488 11052
-7168 5156 25960
1840 568 25212
14244 -812 13364
5004 2192 3852
720 -216 14412
-2232 956 31400
888 -5644 23668
1760 -692 5956
-1772 2760 11656
-880 144 20416
1704 316 15256
3620 848 9260
8460 2300 9700
-1668 2924 17936
-1996 -2212 29468
2768 -2340 23396
7540 -1828 8852
10812 6860 5104
1480 7152 13844
-548 -648 32767
8500 2560 10440
7696 -628 4024
5760 1744 13692
2440 6588 24884
316 -4440 19472
5456 3920 11556
-440 3616 12576
820 -128 14464
3352 -696 19444
632 -3436 15804
-2528 -4236 9812
3916 -2496 19560
8240 -824 16668
7432 -1500 11800
5976 -1040 14076
3320 1336 18380
9600 3256 11480
84 -936 14212
3300 320 22224
1240 -756 22264
-812 1148 17348
3120 140 16132
2092 2112 13252
-2584 232 17296
3544 -1664 17432
2332 -1780 16372
2796 76 11488
6504 -148 12560
760 1572 15488
2868 -548 18496
3812 1404 16336
2092 316 17892
6232 2504 14492
2280 912 12376
2336 -6592 27680
7416 -1780 18644
176 -2020 25920
9332 3416 9272
10832 4408 2152
6316 4852 -576
-4764 -548 17024
-10264 -5544 32767
8388 -3724 8044
-1452 -7016 17764
3528 5232 11172
8324 5152 16364
3804 3036 18128
-1164 700 26252
-5392 -9840 32767
5968 -2172 12208
15232 596 -740
11232 10460 2052
3736 13120 9844
-3792 -4680 15852
-288 -6824 11676
-4124 -8020 15016
9796 -3164 14948
11784 1436 19652
13352 -716 22696
-5608 -4580 9596
9560 -4236 13292
-324 6048 26172
7928 4272 13756
1008 2888 16896
-1684 -4204 22628
-4904 -3068 19276
-4784 -1884 17084
-6328 -56 23324
-2304 1144 16932
-336 -244 9144
2380 -284 5980
3040 -288 8916
6660 -2516 20600
12152 80 13736
9008 -3764 14012
5572 -1092 13564
8616 3712 12812
10928 2684 14200
10392 1764 12592
3396 -1572 20256
5768 -876 14000
3028 -3640 19468
2616 -4172 23064
5808 5044 18132
3564 216 11996
8632 -2732 10508
-3872 -2492 11492
5564 -1528 20980
-372 1608 23816
1916 2872 13288
5492 1292 20264
2648 -552 13984
5976 1664 13264
-2968 32 19884
1232 -2708 16900
5536 -1668 15324
4020 1764 8464
3328 2604 12356
8888 1860 16300
6936 -1432 8512
12940 -1916 17344
-4020 -160 17756
1832 2512 19664
2796 704 19804
4756 9832 14536
3808 2928 12560
3176 -2092 20176
616 -5688 19408
2180 -2760 13580
3972 316 18072
2116 -100 16032
2532 -200 20724
5260 144 18692
1176 1212 12480
6000 568 17112
1088 -1820 14644
2312 -1788 16232
2256 2660 20568
2156 4396 13444
5788 3324 12048
3220 312 10444
324 2804 20224
5868 -1740 18484
-408 -68 16820
5556 -2016 16264
1892 1324 14068
4700 700 14460
1236 128 10816
5228 -1164 15464
1548 -3756 18028
2968 -96 11420
2272 1780 14276
1000 -1932 14220
8380 -2616 18748
2972 -2832 16672
3432 -3668 15372
3704 -852 17876
4944 -1584 12608
4004 -192 10984
1508 -2604 14880
-460 676 16720
5756 -196 15412
3028 616 15516
5080 -536 18112
2016 -4592 18192
1912 -376 23312
320 1108 19416
3744 2508 18740
7188 2124 16676
3608 -332 16100
952 1596 19480
9632 1732 10316
616 -732 12488
12 -28 17564
4472 1632 20676
4160 -2456 10460
5548 -556 4940
6720 -296 12872
1844 -1404 20652
4740 -2844 17024
8748 -3896 12620
3208 540 9440
7712 2688 9508
5000 2112 14728
1524 -4276 22272
-1340 -3624 18600
-3788 28 13672
1608 -1708 24740
2296 3248 20432
-4028 4464 25768
968 800 20940
3824 -720 9820
5112 -4024 9692
40 -1720 15292
-760 612 23808
1292 -2052 18580
5188 -1048 8576
4248 0 10840
328 2980 19224
4548 -4140 17988
5392 -2388 14680
7788 1652 15240
5668 228 20816
10840 -3144 11028
9400 1320 7004
912 1820 17296
836 188 26936
2768 -3648 23740
3900 -164 4852
128 4224 12372
1824 6264 23536
-2224 -2704 31348
-36 -1184 12376
7480 600 9884
1896 -2380 18576
3068 -2104 16440
1616 -3660 22564
2544 -288 13364
5996 1580 10232
7908 4752 11140
-2196 960 17400
5072 -1232 18928
1332 772 11320
1588 4428 11276
5192 1540 14832
2224 2292 20696
560 2984 21560
340 -1616 21228
5568 -2020 14184
5620 -256 6768
3000 5148 12648
4052 2564 12428
4124 -2552 14200
2188 -168 18156
-3392 760 17472
1832 -860 13360
1844 -1120 17592
5608 -160 11372
2144 -3884 31068
4460 -4088 14644
320 -608 19636
9096 136 12820
8480 2216 12896
-404 -1128 20216
1264 -1340 10988
2636 -3332 14704
5848 -148 10232
6748 520 15820
-4524 164 18932
2796 -1212 21532
3696 -1756 11216
2532 -560 19292
6784 -1060 17436
4044 -920 16620
6724 -1872 19380
5732 -1560 15472
3348 -1900 18156
3788 2060 18692
4872 432 13880
3232 -456 19244
-2244 -1464 18556
2936 -2412 20152
1004 724 15032
4648 -1096 16864
5828 -3616 16576
7480 -3636 13216
6776 -2832 8732
5092 -40 14152
-52 -208 19124
5668 -3028 12992
6628 -1196 13576
-1260 120 15540
2860 528 18860
2060 -6920 16852
-36 -1616 21112
4260 276 19696
4980 -636 16008
-200 28 18384
2740 404 18956
-1032 1048 15360
2848 2712 12668
-60 3748 17320
2312 -1268 19940
6360 2336 10512
-916 4008 13864
-524 -2484 22208
9548 1540 10056
4452 2988 9776
2912 3628 9340
6524 -1364 24740
3984 -1336 14476
3660 -3064 11860
2852 -1136 16636
2380 656 24072
1796 416 10452
3856 3552 12056
-2040 2344 21896
4056 2052 16120
3196 1488 17360
2380 -2916 18164
11464 -628 13056
280 1336 13148
4632 -696 22936
3908 1216 16852
3544 -56 11656
4436 4092 12540
6868 4544 9556
1556 1532 10828
3180 -1616 20640
3104 -4572 19740
980 -1336 15892
6052 2444 19072
5956 1336 16932
7448 2092 14208
4624 1872 21048
3124 -1700 15100
4480 464 14240
6076 1988 9072
532 3024 21660
-1048 -1268 18060
5620 -1648 16500
2380 2580 16128
-1140 4188 18072
900 -1572 13720
4332 -764 12112
4828 1648 14072
-64 -244 17704
6776 -872 12208
5372 3400 9828
1692 876 16320
6368 -1644 20540
864 152 15420
6044 944 14224
2172 2044 15296
1204 -1804 19760
2072 -2476 14252
3040 -1856 18556
6676 -504 14284
2700 -436 12760
740 312 16628
-208 -2672 21180
6544 -2508 17224
5028 2932 11948
4600 644 14184
4460 -828 16060
5540 -1392 13948
1588 -4640 18396
5708 -2184 13128
11088 -812 14204
3472 -3056 15628
5580 -3508 18424
6604 364 12704
2176 2228 10488
3396 2724 17508
2904 1880 14292
2728 -2560 16260
-388 -2312 15960
4492 -944 12896
2340 392 17476
-3144 656 17884
1248 -128 19520
5952 -420 14688
2980 16 11768
1188 -2212 21232
5816 -3068 19216
4692 -2732 12952
5624 -1280 11972
4460 740 11912
4108 2728 11940
-1592 68 24700
736 -2912 21616
8760 -2604 6856
6184 2536 5440
2032 3700 11448
-520 -2424 21864
1976 -4096 22132
2340 -2448 16344
6128 1120 12056
5512 4272 16068
4516 1472 16276
4792 -1352 13268
2336 -1872 19936
4448 -3072 20316
5116 40 14876
3112 1988 17548
4012 -2844 17788
824 400 16708
6924 192 11140
2956 -584 14620
1104 1404 17636
892 -120 18244
4924 -2648 13308
840 1944 12440
7164 -228 11420
600 1060 17844
6624 -904 20168
4452 -1364 13752
4984 -548 15184
2296 1480 17012
2204 1368 18600
6772 48 19572
3040 3124 20868
4224 1420 12948
8896 -1224 16252
-392 -3932 15544
7140 -1736 10280
388 -3648 22268
1788 -800 17040
7372 2184 12868
3288 2276 11320
-1544 -1236 11968
2392 -1740 19216
2392 656 8632
1828 460 17852
4196 1432 18564
2588 804 17768
4548 -1388 18696
4292 824 15816
2864 300 12448
4432 -956 17776
1296 1344 15400
4416 340 15868
772 -580 16260
-432 -2028 18768
2420 -2284 16612
712 584 12584
1264 560 15240
1792 -1156 18360
4224 -1768 16620
9524 -2792 9652
2748 212 11452
4732 -1880 17372
7716 824 18776
4752 2188 16168
6256 2976 16656
2576 -1236 14752
4184 -896 15164
2168 -1616 18056
2516 -1312 14904
2060 -136 19248
1132 312 15216
3264 348 14660
3088 608 13880
2576 -524 14312
7096 -2776 14896
1468 -1352 16460
7000 620 15716
3176 -668 15004
5376 732 11632
4724 -264 14116
5468 -1788 15580
860 -40 19516
3084 -776 16336
3264 4 15116
1476 684 12300
3900 416 14652
-784 -1756 20312
1752 -3052 21288
6768 344 12880
3160 1388 13648
-2672 832 19264
1732 -2528 21272
5156 848 14264
4228 4848 12628
2092 3576 16140
4324 -1552 13760
4816 -3812 14252
3600 -2520 12192
2724 744 17388
1492 236 18252
3184 40 16476
4008 84 13528
5480 996 13848
2668 320 12480
4916 -1160 16040
5432 -1260 19304
5580 -688 15216
3788 -280 15752
344 -140 12956
6052 -1248 17152
4404 1304 16508
2792 -1436 14700
6520 -2136 15076
3740 -2720 14964
2652 -2436 14780
4932 1628 15020
4532 3144 13576
2468 1792 16204
4844 -152 17612
5068 -1296 18724
3176 756 16220
5604 2948 13444
2076 2704 14288
2112 -624 20556
8172 1824 12620
1852 520 10156
3928 -2716 25132
-248 -1808 19388
-568 -3864 15804
2916 104 16572
276 296 18240
3368 1556 16936
4572 1384 12604
2096 -584 17324
4592 -288 15840
3292 -484 16456
8904 436 13004
2572 340 12944
4192 776 16428
7112 2112 17108
1964 1932 11800
5252 2000 12060
2788 -732 13860
2796 -2384 19072
3876 -984 16196
3732 304 13048
1444 2444 15200
5396 -1620 16640
2680 -2276 14564
1872 -952 14416
2116 -232 18048
1784 -112 14968
3196 -2272 13028
20 -1164 18404
3096 1024 15880
6968 1948 13828
2880 1620 13584
-152 864 18248
4536 -1940 16252
5256 -4712 16312
6392 1984 15044
3828 4452 14324
3096 -912 17168
1712 280 15264
3232 -1984 16696
3364 -116 17412
7084 32 12848
4244 2708 13392
608 -1764 15916
4956 -1524 18604
4004 628 12388
2184 -1208 13328
6200 336 14556
2188 -1048 17368
1816 -1224 19020
4164 -168 14232
3508 -1780 13364
1928 -1604 13020
6488 -1344 12236
2092 -1628 18300
4440 -1504 15144
5864 -668 12060
152 -1620 20380
4348 -1896 13280
2556 -2984 15796
1068 -1124 14548
2196 -1384 17132
2336 -1504 15680
1704 112 17344
1880 -476 13872
2136 660 16164
2368 -1360 15868
4612 -836 17848
1520 -1940 16776
2244 -1932 16448
6268 844 15264
1472 -296 13416
1444 260 20448
1656 364 19140
3348 1676 14668
2832 3128 12576
2704 4408 13772
1916 632 18424
4488 -32 16652
3936 416 13120
5696 -668 13844
5224 -1252 15852
5788 -1016 12780
1948 -2004 18120
3744 -788 18424
3400 -136 11636
888 1968 18160
1144 216 14636
4700 -1104 19136
1568 540 15228
3432 940 20732
3128 -752 16824
2804 -464 15168
5512 -196 13532
-52 -264 13004
4904 1704 11888
744 -64 19348
4960 776 17000
3512 424 18028
5260 -220 10436
5952 -128 17516
3376 -460 18396
3808 -1884 15144
2972 1260 15304
3220 2568 13964
4472 1864 15776
5360 -72 16700
2248 -304 11728
4708 -1976 14196
5292 -3288 15540
1372 -2968 18696
4244 -1240 14012
5632 800 15060
-160 3220 14808
2336 -740 20560
1696 -668 16576
2152 1340 16296
1172 796 17196
228 1848 18512
-228 -56 21228
4672 -284 15876
4376 2384 12552
5188 2304 13880
976 1144 12608
3144 -1892 21308
1232 -2180 16300
7404 1784 14296
5056 2524 11280
404 -5376 23600
3512 -408 19748
5580 1908 13440
6480 2484 8064
1560 -208 13616
3884 -5420 15708
1132 -3880 19508
1256 -1352 15580
5416 1936 14876
180 252 19840
4152 -2688 19384
2876 1016 14548
1652 1040 10196
-64 -2724 20620
4064 -1452 20392
2168 192 17660
4796 2932 11432
1988 -1124 13928
2708 -1200 15132
4344 -4088 17264
3700 304 12860
3676 1592 14880
3448 1076 14764
4508 296 16944
5228 -1532 15632
1904 -172 17028
-564 -644 22316
2408 -488 17744
4256 476 14316
3692 352 16940
3240 -660 18248
-1172 -3484 15236
2376 1116 13524
5268 2732 16372
3020 -1204 15148
3284 2032 14344
5192 3168 12384
3772 472 16400
4700 -512 14692
3828 -660 17144
1692 -296 15696
7848 -1284 15248
1472 2556 14008
3432 764 13568
2856 -3700 18132
2296 -1136 14432
-972 2532 15728
3140 92 21324
24 -2672 18168
2796 1400 13364
-116 2920 13612
-724 4080 17604
-152 -5312 19944
2500 -3024 20900
2440 3980 14896
2304 2664 14184
1120 2316 15528
3164 2264 18868
4828 408 12928
4664 2452 12520
932 -136 16936
4036 1108 16116
5080 -4848 12900
2160 -1400 17408
1204 -1592 20080
1540 536 17736
4668 736 14584
7628 684 13504
4232 1824 15060
4764 2196 14044
4220 12 18032
4828 1784 9844
1600 1924 13800
2304 1008 20444
732 -932 27624
3232 260 16992
3768 3552 11628
1772 3100 8820
4668 -4848 18356
-576 -2924 25304
3732 -1480 13732
5936 -1356 12412
6708 1180 13288
2668 304 18712
6228 -752 22276
2276 -2644 12204
6196 -1676 11528
-1348 -1896 19464
-1496 -4236 21444
10480 1044 9940
2412 -1388 11412
1540 -3128 18292
8516 476 14104
7540 -20 12268
3284 -3260 14012
5332 380 14820
948 4300 15716
4508 -392 15716
5420 3424 7764
-220 -1196 13992
340 -6604 25152
2808 1900 23236
7808 -480 10004
3352 2248 11160
-1892 2488 17712
5196 -5016 18068
1900 -1264 15860
-2532 3980 16560
4032 3332 22776
2632 -2132 14876
5300 -988 9588
6752 1328 17156
2100 272 12148
5000 -4724 17176
2552 -4508 19252
6232 -296 15012
6360 88 13276
4496 2160 10680
4164 -96 15532
6644 -1116 15444
5544 -860 16700
-1900 132 13212
4056 -2876 16972
3864 -2248 16560
1508 -3388 15132
3924 -756 16436
10824 -492 11632
1716 -1108 11280
3032 -3464 18228
4828 -1548 10920
2996 -72 12844
4560 -3796 21648
4632 -1048 21064
5884 -2740 15812
692 272 18808
1328 -1116 17316
5468 212 13532
2624 -1540 13840
2512 -24 13716
-100 -972 20328
3904 -356 11632
1148 -1228 10604
1296 -1300 18236
968 -1260 18356
960 -84 20136
4640 -2800 11308
3552 512 14324
2932 -228 17016
3924 -1456 14500
7164 -3040 19364
5028 -1036 14660
6560 -1440 12168
9964 2264 12380
1196 3948 12852
7016 -2988 21252
1552 -2536 17044
3952 -804 15464
2236 -1756 17596
1744 768 17476
2220 2360 15528
-380 848 13648
7440 -296 8360
2888 -160 9988
2096 -1264 15000
596 -2644 22932
5420 -3076 16072
7036 -512 8452
5776 528 13752
5300 408 17256
5944 2360 17628
-392 976 19012
5656 -1496 14788
3344 4056 15304
1268 2004 17956
2504 -2956 17416
2636 -2280 15512
6736 648 5852
-2144 -140 11276
-1284 -2384 18884
1740 -2964 18100
6888 2548 10024
-256 5896 13148
5088 4700 20612
1928 -1672 16884
2888 -156 17796
4168 5032 16936
3344 2496 10384
4340 2572 18616
2588 1852 14172
2628 872 16040
2464 -48 16996
1604 -1556 15804
3036 -2324 15780
4736 -72 16216
1216 1668 15820
5032 -228 16316
3060 -1492 16480
4352 -2508 12576
5596 -884 12936
2780 -100 17296
1300 852 18284
3724 -3092 19160
2916 156 20420
6668 -504 13328
6744 1796 11576
4672 -1484 15216
248 -2156 16104
2036 784 14008
5164 -684 13716
1132 1152 14472
1944 1160 15836
4316 1188 13900
2452 -256 16336
2816 160 16772
3096 -248 14160
2060 692 10344
1684 4436 18592
1864 -624 21408
468 -1524 27144
2208 1056 22444
6288 1312 13648
9236 1272 7488
5424 1520 12960
1720 -1724 12448
2128 -2864 14784
1052 -1232 14160
-668 -40 16524
-628 -2360 21588
-292 -2948 26720
3604 -4524 14980
5488 768 10300
8756 1316 12652
6032 772 11580
5456 1580 12676
5556 344 10900
1632 -320 11964
4768 -1484 10952
-160 -2644 29896
-976 -4252 28128
216 -2892 20956
-560 1324 12692
4700 1768 9372
2612 3656 19900
6052 -12 16212
4100 -584 14036
6176 -2572 11644
1976 -3076 12968
6556 -888 15196
9192 -1176 9340
4844 -3408 15676
1132 -908 15328
2512 -4664 17228
80 -1384 19764
4244 -616 19720
9540 2444 16908
5756 944 8216
4984 220 12528
4624 -964 14124
5328 -2980 17888
1376 -236 19712
-2144 -1644 21276
760 2484 18736
-1868 3764 22072
404 3072 23200
2156 1848 13776
5800 1960 19076
6160 2696 8684
1760 -1012 8224
4688 -208 14008
2736 -1688 21792
-412 -3540 25676
8536 -2708 9876
11228 332 -780
6948 -1012 9088
2652 4088 24020
2676 -2060 24744
2516 -404 9332
2380 3532 15220
7752 2916 9352
3156 1312 10388
-4080 -1304 17152
-2716 -2940 32767
360 428 14652
5260 5744 12152
3524 6368 7900
1592 2756 6876
-4060 -2124 15908
-5460 -10172 29784
4016 1812 14016
8100 7468 10288
2780 5160 14468
804 1876 20500
3112 -3152 22720
8288 -580 7816
4680 3868 9892
7428 -764 13916
3016 1348 22896
5196 -4780 20304
7240 924 11628
4832 396 11340
-1244 44 17928
12308 -1372 16052
-584 -3124 13132
3140 -2548 19640
-616 -1604 21364
3496 -2264 11488
7096 -2300 18516
2608 -436 10528
3320 -3428 13648
-2840 -1192 22356
4592 -2528 16032
6320 2444 16228
6808 192 12500
8928 -2076 12172
1252 -4844 19012
4136 -2120 16432
5388 -1372 15648
2156 -3272 15748
512 -2164 18544
5752 328 14912
-1616 2300 18576
1312 -440 15972
4260 -1040 16556
2600 -704 8836
188 2896 13100
4812 -2136 14516
-3116 332 13224
44 -1220 18948
4352 876 14592
5320 1928 7524
3036 3912 6904
-1424 552 29408
28 -2800 27516
6088 -588 14888
7636 7632 11220
-444 5860 16052
2844 -40 17132
8156 2604 10728
3488 2540 6256
1804 8240 14032
-1228 -984 22144
5200 -2388 19148
1456 5100 9472
1196 4896 13052
3088 1900 21308
1540 -4044 16624
1624 304 15872
8172 -372 18608
716 -1692 18836
5652 -1776 13572
2444 -1044 16116
3188 -1280 20192
-172 -360 19172
4156 -968 15776
5780 1736 16252
1272 2700 15024
2028 868 16840
5252 880 18524
1872 -40 15912
2748 2048 15004
-1176 1576 17352
264 -1140 20288
912 -1136 16728
1304 2476 13044
2260 3580 14840
1384 1832 14556
4 -1888 16096
4136 -1276 14616
3564 -1744 14144
-392 -1396 20856
4104 -4180 18244
12236 844 10320
-744 -488 16268
784 -5344 23868
9900 -2788 14516
4032 -192 11708
1004 1016 16176
400 -4292 22984
-676 -2848 8816
5848 -1868 16000
3136 -2324 12952
1036 -5244 11712
4684 -2960 12488
-1252 -64 13484
1632 -3312 18996
3084 -216 15196
4076 448 9204
3980 2384 13008
1764 984 12344
4996 1104 16276
5616 -1196 15348
-4828 -5204 21816
3008 -2396 20000
3272 1068 15800
1408 3512 13096
624 2600 17100
3908 24 21672
1472 264 13488
2772 -1876 11484
3344 -3532 18856
-3416 -2216 20524
1336 216 13156
3488 3880 11128
-908 2988 13472
6064 760 14476
3688 2056 11352
4604 676 9664
1604 -3624 22796
3220 -1324 19960
5948 868 12028
5852 5564 8928
4740 2992 11004
4032 -496 15908
3740 -1824 18608
5212 -896 17076
-552 -148 16256
2336 -1172 17060
4876 588 19156
376 768 15024
2300 -1092 19880
2016 1052 18440
5412 -428 16296
1536 -580 14328
2920 1436 15288
3440 1388 18872
1356 1660 13608
2440 1396 13388
2428 3176 9524
4168 2296 16504
2904 604 17688
3388 740 16456
4360 -148 15980
5536 180 17608
2676 24 12632
8136 496 8536
6780 1360 9232
960 -1340 18068
144 -1628 23452
4512 -1760 17868
4268 1132 11856
3128 -252 17552
1912 -2680 15380
3944 -196 18200
2172 560 12396
3528 1876 10968
1592 2216 18380
1292 556 16940
3400 64 12800
3836 2616 12476
3524 636 14968
868 2176 16352
3032 -992 15648
2664 660 16316
3600 3320 12972
3092 2956 13136
5676 332 16888
44 -1668 22004
-1660 -3112 22180
2524 620 16420
6092 2044 14780
5140 44 17008
4324 320 15844
3084 1764 16676
1604 2112 17648
1300 972 13856
1320 -1940 15192
512 -1140 15108
1068 -1276 18356
2940 1128 18140
1452 1592 16708
3220 496 18640
2956 1396 14324
4476 1204 12004
3680 140 16852
4708 528 15844
3160 -432 16168
5372 -144 12324
6428 1868 13664
5304 2160 17152
3764 -3608 15036
5340 268 15976
4456 -2332 16440
516 -3260 18272
2788 -2440 16040
328 -1816 17164
4808 -4288 18612
1404 40 13600
2728 -232 14328
2780 -4776 16620
-420 -5132 13928
1396 -2004 18444
2672 1688 15232
1180 1588 16828
4016 -488 12764
3084 -1452 17096
5328 96 16020
4528 2596 12584
3236 -36 13008
3844 1636 19176
2664 2412 17212
2432 704 16608
3604 456 16520
4404 1788 11660
620 -248 17152
-364 -3388 20032
1184 -2176 18932
1548 180 15116
1148 976 15564
2992 -3004 18016
2208 -1676 15372
3956 -148 12600
1872 2376 17984
1252 696 16628
640 -452 19548
3508 -516 16548
5068 948 12940
5704 192 12936
4260 2556 14760
1868 1384 15816
5336 344 14916
3968 -576 14952
3164 -1432 19136
3248 -2228 16992
4200 -1144 16348
3868 -884 14684
2764 896 10016
5036 392 15488
4816 -2876 18020
2168 -1336 15080
4032 -2368 13944
3228 -224 16680
4268 -1016 16052
4852 1516 16112
2364 1180 15996
5012 560 15796
1996 1328 16712
1216 -180 15800
20 -1692 16684
2188 -1464 20724
3700 -988 14516
3468 948 15108
3628 188 16156
3752 1732 15068
1128 2288 16424
1952 -1216 18468
44 -1992 17172
3776 -2656 13688
1536 -352 16200
2176 1084 14460
3476 556 16768
2760 464 16092
3008 448 15340
4000 572 14540
508 988 16796
3204 -3064 15952
3096 -608 14304
4148 -1516 12684
2484 -452 17712
2644 -216 14552
2644 1216 17240
3020 -1176 17108
2612 392 15936
1368 -1408 18232
4008 912 15316
2616 1564 16696
3976 -896 15324
3784 464 14348
2956 1696 18612
4380 2364 12856
1524 948 13096
3204 472 15624
1932 172 16644
288 -1744 14816
3652 -700 16028
3216 1640 16400
3152 1436 13796
1524 772 16860
4892 76 16844
4896 1592 14088
3404 912 17288
3840 -68 15248
2368 888 10552
2604 -268 16732
460 1024 16640
2412 708 16080
716 144 15016
1876 -52 18268
4656 -604 13252
3480 -1724 16452
4120 -2620 15232
2984 -2256 17612
2984 64 15644
2748 544 18284
5552 1848 14452
4460 808 16300
3024 -572 16732
3956 600 14924
3260 -1436 19384
4728 64 13516
2524 636 16524
2916 1788 14348
2720 1636 16764
916 -820 16352
3764 752 15132
2692 440 15268
1628 -628 17196
4408 -1748 12492
2292 -2212 16384
4336 -316 14968
4104 -40 16040
1132 -1268 17412
4168 -372 14544
4132 2516 14400
4496 2692 15108
3072 -316 18092
3800 -1444 18192
1892 -3112 15280
2932 160 14524
5260 -1356 17148
4596 -2844 14696
1520 -3760 15516
4132 1824 14476
1176 2896 17992
2320 2100 15544
2048 -1656 16808
2324 -1116 17576
3588 -1644 15424
3528 -1888 13860
4176 -5152 15684
4524 -4772 13804
2136 1440 13384
4872 5764 17256
1276 716 15604
3760 -7588 15160
3936 -1444 15196
2764 3264 15440
3464 1264 15156
1536 -3920 18648
1608 -3940 15032
4888 -884 15588
1204 724 18120
2140 -228 17188
5476 388 16340
5068 1644 13896
5780 1428 16564
5700 -32 17196
4736 -404 13220
6144 -68 15444
1588 -1736 14284
3916 -544 15776
1416 3932 14504
2692 228 15096
4560 -1184 14792
664 -2540 16308
2416 -2548 15480
1540 -1504 14836
728 688 12032
3260 -1504 21056
5044 -400 16708
2644 292 13516
4316 940 17072
4336 728 17004
2088 -852 13676
5036 2468 13860
3636 1904 13388
2916 1344 17268
3556 -996 18232
3416 1628 14532
3024 528 16500
4920 76 16804
2808 -184 16348
3580 -252 17292
5872 -592 16548
2628 2492 12400
2280 -1492 19988
4344 80 14964
3556 328 13452
2632 -516 17236
4952 -420 13748
1796 -2216 17068
3396 -2712 15836
3052 1204 12536
4544 896 13484
4300 64 17616
2632 -1252 16620
4824 392 12880
3320 580 12060
4144 -1824 14572
3896 392 16528
2828 1164 16832
6044 1324 15192
1992 632 13372
3696 -1960 19960
4472 1628 14824
3260 220 15440
4164 812 14576
4892 3628 11332
4528 2244 14640
2660 -656 15816
3516 -1364 14284
4068 1064 13604
4216 1080 17680
4748 1180 15156
3872 152 15924
2336 368 16292
6196 76 16592
2852 -1740 14724
4864 4 13132
3932 -340 17812
2624 -3000 15872
6448 -4624 15952
2272 -912 15032
5328 1708 15756
3672 2356 17112
2492 188 13628
4448 -1756 13900
3800 -896 15484
2340 760 16244
4024 3712 17256
2320 2356 16152
1484 544 14232
3080 1376 14728
-120 124 15808
3288 -356 16628
2636 748 14608
2420 -880 17512
4368 -308 13848
3504 980 14212
3128 -720 17544
3444 -1572 16360
3880 -224 15220
3988 324 15836
4048 -1092 16516
3356 -1456 15752
4416 -2548 17480
3552 -2384 16752
2372 -1260 15660
5112 -1532 15120
2828 -640 15680
7056 136 15040
5344 196 14796
4512 12 11868
3388 -168 15464
2340 -24 14388
3128 2648 17392
1396 2836 15732
296 184 17016
2280 408 15336
3472 140 17228
3064 -252 13712
3116 -744 17096
2588 -1464 15540
2000 -500 14560
2720 1136 15436
1532 604 15572
2576 -1656 17632
2832 -940 16008
4340 -2096 15044
4540 -2436 15312
2708 -2208 16912
5036 -48 15216
4596 732 11824
2168 -4128 18492
4836 -3244 16804
4648 -840 14756
4756 812 14524
3776 1060 14660
6356 -1652 14300
4948 -776 16072
1908 232 16304
1908 768 16780
1848 380 16192
2016 76 13928
1064 -1524 18372
2032 -2712 18540
1196 -1568 14968
3204 -1360 15480
2732 -672 16348
3048 -732 14536
3124 -2448 16868
4668 -3232 17132
4652 -2092 13584
6512 816 13288
3580 572 15360
3196 -524 14340
4372 -404 13056
3396 -868 17680
3820 168 18088
3736 120 16368
4232 -228 17880
3172 -516 17460
2852 888 14776
5028 1524 15560
3280 1000 14092
1956 784 18512
2004 1296 16548
732 664 14972
4172 448 14952
936 -1644 14940
1740 -1476 14236
1976 -2236 16040
5248 -152 15644
5880 596 15544
4032 -576 13612
4304 468 12932
4104 -1960 15644
5708 -1588 14736
4628 104 14456
2956 1516 15380
3416 1300 17740
3372 1100 15796
2092 -1816 18048
4296 748 16520
2916 -500 13592
5176 -348 13680
1892 -1228 16232
2916 -2212 16088
2220 -292 16504
3748 -484 15144
2516 248 16184
5508 -104 14464
4200 528 18068
3308 -264 14760
4752 884 16076
2608 1572 16492
3756 1284 17172
416 3196 15744
3780 3500 15616
4408 -524 17012
1860 108 15288
3916 -2016 17344
3048 -672 15600
2320 -2144 17208
2284 -548 14744
3352 2292 14316
1268 832 15940
2532 -808 14272
2292 -1996 15916
3664 -1692 17316
3124 -1804 14188
4556 -1292 14060
1756 -2436 18384
4628 -1620 13816
4116 -1840 16400
5980 -2200 15440
3272 -1148 15152
4604 -1568 17028
4372 1488 14376
4252 1228 13108
200 356 18412
4088 672 16528
3064 1364 12680
1384 -492 18144
4000 -1408 16724
712 440 16512
2856 1288 17832
4104 60 15608
3368 -1336 15216
4548 -904 17232
3768 848 16380
988 1728 15164
2276 2476 13368
-1272 1308 18576
-284 -2968 19108
1000 -2736 16432
1124 -1408 15840
2740 -1112 14484
1604 -2796 17064
4812 -3752 15756
4396 -3728 14980
5256 -2540 15192
6152 -2668 12548
4984 912 15284
3740 616 17504
1696 -1908 16308
3744 -1176 15220
4644 1400 14620
4084 232 13080
4140 -920 16528
2992 1664 18032
3176 728 14628
1548 56 16512
2116 -1596 16964
2868 1204 14008
3492 156 16028
1372 -288 16292
5248 -1736 19300
2508 -920 15708
5556 540 14968
2660 1784 15976
1944 -212 18092
2064 1292 14056
372 -52 21728
2888 -1504 16360
1192 -516 13488
2876 -232 17816
780 1868 15328
2444 -532 14652
1964 -584 15964
3732 -1820 14144
2944 692 13584
1816 4992 17488
9140 1972 14904
1984 -3720 14004
3300 2160 12196
4356 -2368 13096
3484 1760 13516
4872 1144 15672
4472 -184 13520
4784 1028 15156
4352 1472 15232
3672 2108 13220
3480 2480 16076
2492 2400 14544
2044 28 14832
5068 -892 15868
5648 1456 13344
1456 1744 15784
2340 116 19088
-2536 -184 19528
3732 -2040 19132
2828 192 10988
2072 -1492 17088
3156 -2232 20492
4096 -1924 16168
5832 -1112 13724
1220 -1916 20480
4416 -496 20104
3424 1372 14952
6256 -508 11504
7076 2816 13324
9724 2860 10248
5100 -2508 10148
5688 -3756 14900
1832 -1532 16052
-576 -224 20640
-1344 2476 23664
1344 1868 18072
4560 4160 14732
6560 1956 16028
6216 -540 12556
5016 -4268 15832
2664 -1080 18232
4220 -2172 15816
3688 -1656 10148
5208 -312 14256
4188 1140 16684
3908 1892 18088
5944 472 18716
5944 124 14396
8448 564 10532
5596 1448 12868
580 572 19480
860 -2120 20348
5632 876 15140
4092 2764 12616
5784 -268 16304
316 -2120 20664
1412 -2444 21700
4504 1724 15468
6284 2532 10936
1520 -1512 22824
4228 -4048 17716
5860 -1824 14028
6596 -208 11084
3500 -420 14688
1412 -660 19596
-48 -2368 16408
5264 -124 15756
1976 1428 16272
1504 472 17672
4252 -284 13948
5044 1436 12484
3844 472 14456
1736 -904 15808
2260 -1476 17748
1192 1016 15024
5108 1248 12256
624 2512 13344
2620 460 16132
1260 980 17460
5672 224 17812
4680 1720 17352
6312 -292 13604
5316 244 12656
6076 -1556 15372
3224 -1024 17132
3516 1264 14148
1016 -384 18404
2620 716 18184
2424 2200 17884
1576 0 18452
1716 -148 20124
4828 -1104 18620
4592 292 14188
6580 180 12580
3084 224 13068
5572 -1588 18060
3564 180 15348
7292 572 11280
6216 -1160 14356
3972 -820 13496
4888 364 11944
5616 1600 10400
3240 332 18088
7208 -2528 15700
1356 -1764 15256
7704 1276 11764
4528 1392 12544
3044 -716 20088
-3564 -2028 20020
5216 852 18380
2488 1360 15704
2444 -1012 11172
5244 1120 16908
2484 -2060 17408
3624 380 12772
1140 -676 14224
2124 952 18624
3048 -1536 16912
4396 -880 13744
5792 -212 14336
4236 816 18236
4408 -104 19056
3680 2004 17024
4448 788 11832
3224 2436 16400
840 3512 19116
3332 1320 18096
1484 -804 17564
1356 -212 11172
2380 -3016 16264
3048 -2160 13040
444 -3484 15392
6112 -348 12304
1384 20 17916
4664 -124 16576
4704 -2824 16252
3376 -780 16100
1784 3652 16424
1856 1436 15944
3180 -4472 19972
3192 -2792 19692
4504 -16 14368
4420 2136 15180
4872 596 10064
6424 -412 15400
4008 348 12164
4844 -1932 15360
1784 1412 17704
2000 640 14800
2916 2880 15200
1760 656 16124
2692 -188 14188
4656 524 15724
4916 324 14564
764 836 17216
3140 -168 15672
2164 -756 13296
5720 -8 14444
1380 1292 13724
2860 -692 18036
6376 1260 15800
1600 -1004 22092
5196 344 16392
1932 2508 14380
8140 2232 15968
6088 -1756 9464
5928 -404 11788
4424 420 16020
-656 -4876 20256
5500 76 15904
736 -400 14204
3152 2480 11596
1280 -1708 20376
2260 -1104 14256
3132 -880 17784
2836 1076 13792
6088 -3572 13528
1780 -2084 13572
4620 128 17576
3572 3036 14032
6680 1756 13036
3112 1932 14108
4484 180 13604
4976 2032 13560
4972 -1852 16192
2588 -1384 20440
3508 -224 13784
7652 2428 9928
2944 888 13488
-2712 -460 20140
1912 -4452 19036
3156 -1100 13496
4284 -1312 18596
2728 -968 14172
3176 228 12780
3632 -2596 14072
5004 -544 18188
3740 -1160 15256
2504 -2256 12148
2220 -3888 22696
5276 140 16168
3108 3716 11612
8928 -3260 15836
3440 -1160 14108
5232 -2276 14196
3596 768 16448
944 -2416 14904
3044 -2072 12272
4840 -1708 13816
1788 -864 12764
3776 -2296 15100
1940 -12 20044
936 -80 17276
3768 272 17260
1880 812 10744
60 560 23516
4300 -292 19456
5092 -776 14040
5828 464 17040
2708 1320 14376
2904 1732 12920
2716 2412 18412
3952 1384 13736
4332 1376 10920
-1816 1248 19100
3068 -644 16896
5096 -1420 8576
4320 -348 11020
2816 -768 17172
5376 -3060 18972
5288 -3016 15864
6100 236 11504
5948 -2960 14360
4412 -2792 16592
6836 -1708 15604
6108 -1588 14276
2688 -4412 17248
8236 -1400 15688
-1740 576 18164
4680 1164 18224
4764 2864 16676
-220 1544 17204
-3828 -1080 21168
-96 -1808 23320
1808 556 16752
2496 2228 13480
4240 3404 10068
3256 -1568 11048
2744 -1260 15452
264 -4208 17624
3592 -2260 16344
5168 592 11076
5100 2760 12972
2280 388 17840
5296 2032 16684
5512 1708 14596
3956 3292 16740
4348 1804 16756
6752 4584 16824
7740 -304 10988
1764 -3144 20200
2256 -840 16184
3352 552 15940
3440 -1784 14552
2056 -1056 16804
168 -1988 16740
1324 252 14156
2400 -3660 14736
972 564 15756
4796 -996 16212
5388 600 17176
3052 12 14916
5636 1320 14852
8648 1496 11888
6184 624 17380
3500 -1680 15616
4004 -1044 15976
5144 -576 15704
-104 1432 15748
3608 -88 15468
980 2668 14756
2460 1288 13832
2340 256 20312
2468 -1728 14072
3996 372 11696
3160 380 14320
792 -1388 17384
4480 -652 19432
6752 -124 15284
5752 -732 14220
5988 -2100 14456
6244 -1308 16396
3588 -2272 18780
3288 -1060 14436
5956 764 16840
1412 668 17368
3176 -1920 19480
3156 -2324 17844
3276 -544 13824
4800 -684 15328
1684 -1796 16848
1724 -1548 14908
3432 -2960 18336
1048 680 15836
1076 -1008 18272
4288 -116 14716
8528 2432 8672
2932 -168 9460
4400 -1476 20656
2900 -8 19392
2640 1200 16696
3028 1952 16636
3376 2772 14092
3332 -2600 15624
2600 -3800 16964
4900 -3256 17780
4304 -1036 10124
3536 -280 14304
1844 -524 22972
5016 -3044 12996
2568 -1576 15204
2100 -1332 15440
5620 844 18048
212 1448 11672
2516 -1860 17976
2068 -764 19532
3080 -2204 16952
3200 360 15016
3596 2980 12856
6808 3324 12792
3648 2572 18436
3948 -952 14104
3600 352 18152
3344 256 15320
1000 -1036 15036
4100 -3384 13860
4856 -236 11008
2080 -2960 16924
3684 -1360 17232
1452 -3120 17292
3204 -3700 18016
3144 -3908 13368
5928 100 6244
6180 -744 11956
2080 2276 17996
1024 -2040 21568
872 -1432 22408
4484 1972 13900
4496 3872 7004
4428 2868 13528
780 2132 18472
1688 -2228 16164
3004 1132 11952
2260 3056 14924
2568 708 18632
2768 -56 15528
2372 1004 14024
5608 4536 15956
2176 1840 22260
3840 -1572 24972
4072 1340 20808
4212 468 12136
6436 68 14600
3864 -1688 10024
1340 -5816 20900
604 -1636 16168
2744 -408 12276
52 4052 16272
-3136 1564 16436
1748 -140 20724
4456 -1416 13120
4932 -3864 16588
3372 12 12292
3116 -1596 11768
6672 -828 14020
4004 2664 17532
4156 472 10288
672 -4028 16400
1976 -3120 13824
4472 -2772 18636
820 -2620 18508
4264 -1852 19296
4352 -324 18352
4188 -36 16644
632 -3112 15868
-1192 252 21748
4024 -5064 13896
4544 -1124 11376
820 -1172 14760
1772 1992 14640
4588 2920 10404
2484 3616 10728
-2816 984 20696
3072 3164 20500
2640 1264 17476
5264 1520 16148
104 928 16644
2696 1148 23072
4120 1988 15324
-528 952 17576
7200 460 17796
5360 -12 9792
5180 3408 18776
1072 1456 16404
6708 808 22368
-304 1612 16320
5832 4084 13800
9632 -1880 12848
3712 -2280 15216
7248 -2632 16948
1956 -1248 13276
1916 -5356 18240
2536 -1496 18548
1936 -456 17528
3420 280 17560
3236 -2504 16036
2624 -3000 19108
-352 712 22196
6936 -2784 12484
-960 520 12624
-532 740 25972
116 -3056 21152
6012 -2408 12296
5928 3256 9184
2000 3240 12548
744 -1120 16388
1480 -2072 20612
2624 -572 14244
3332 188 14152
264 -952 16028
276 -2436 14984
2612 -1816 14924
388 -940 14536
-2688 -584 14328
328 -572 18504
-64 -6504 25716
9432 -448 13068
2452 -800 15796
3808 -3224 18972
4012 -748 19104
5232 -520 12200
6436 -996 13408
4228 2524 15892
5228 888 15888
3448 1204 16204
2004 412 14688
7124 -1668 10152
1200 -1284 15580
3128 1692 14288
5980 -564 17452
120 -1056 19644
7156 -5024 15648
1844 -412 12444
3192 1104 16912
-1140 3300 19196
1076 -1212 16580
2464 2360 12880
2404 -1768 15724
1296 -932 10996
3876 1796 20932
2884 1908 13292
1692 876 15560
7080 3204 15444
5784 3728 13192
6260 2708 21652
-280 292 25872
7216 -1644 19848
6268 1036 12288
7796 3748 11172
1856 992 19148
1080 116 18836
10436 244 14200
3476 5128 7992
280 3420 15232
736 -208 20916
2652 -1032 12544
1352 -2516 16216
1184 -4408 13300
3856 -1352 14180
3776 -216 14640
3612 516 17592
3884 -292 15572
2436 -328 13716
3620 616 15028
-20 1728 20300
-2080 -2276 26844
3432 2000 14656
3652 2592 10928
772 3004 17864
4944 -308 15156
5636 240 13980
7272 3316 12340
2028 3724 12492
2492 -720 17712
2872 -3824 19892
1316 68 13832
8224 2960 14464
-716 780 20372
1524 -1144 18240
10876 108 15264
7784 1080 11932
996 -1816 21628
1784 -1476 21092
3036 -2632 14064
3436 -508 15860
-196 1496 11820
-3064 -2932 19992
4316 -2692 13272
3056 -92 16760
3964 -768 14660
2644 356 15536
3500 -3884 22388
7908 -3404 22560
5192 -2684 18496
5796 2836 17096
9084 4416 15076
8788 5004 11824
5056 2296 11708
-92 1752 15996
1412 -800 15236
744 -2740 21040
2300 -356 14716
1668 3448 9440
3288 3296 6464
4576 2876 16720
3828 -2364 13180
4924 -512 17532
-2428 -1160 26308
4712 -1920 21172
4180 788 12156
5752 2548 10296
2188 -312 19568
-2956 152 15236
2668 -3000 11268
4740 -2864 14452
6436 -504 15440
-1112 -1524 10772
3284 -772 13192
3372 2616 12544
1944 -528 20116
8980 1432 16308
6680 3640 16424
1528 416 18960
2196 1276 19992
14672 1644 11588
-852 4628 18644
2792 -3060 26536
5168 -1256 16168
1524 3632 6796
-156 -604 16156
-932 -3676 20736
-1724 -3496 20004
5940 1776 12612
-2568 -1244 13888
4928 -1160 13036
320 -2500 14876
2156 -5076 20456
1292 -2780 14848
836 -220 20028
9812 1272 15876
5724 2196 9604
4160 1776 11860
-588 -556 21796
4548 -32 12952
3360 1768 12896
-4392 -2964 21312
4540 -1948 20552
-1188 916 12280
4576 2476 3408
4548 4776 15668
-3656 -2016 21384
3400 -1720 17908
8000 -2644 9224
1528 -1196 18352
6780 376 17376
3080 2920 15036
60 3712 17368
2372 824 16928
2772 2168 16356
7368 1876 15684
-2848 -256 10996
308 -2924 18492
176 -2300 19688
8200 1832 13460
-1224 3608 12988
3760 204 16324
10356 3212 13596
-1976 -1276 19424
2092 -4736 19140
8852 -1792 15760
972 4564 10108
-1168 -1108 22692
-924 -1268 12276
2876 2080 10548
2108 1544 18800
5480 -3452 15212
5880 -2960 11596
6564 -2752 17348
4608 -124 14568
4716 -688 15732
1276 624 16916
8224 -180 14388
260 -28 13768
-1600 -2300 19444
2576 -3560 19712
5292 684 13332
572 -2988 19592
-1492 -2028 16824
6188 -4080 18400
4720 -2252 11064
2432 2160 17464
3300 -236 22204
1040 -4844 17196
5516 -128 13564
3316 1276 12452
1604 2544 18400
1348 2136 14924
6600 1068 12436
2760 2552 8036
6184 3816 11784
-3612 -2396 22976
6976 -4176 12760
2244 1508 15212
2552 1792 14544
4092 1356 18636
4052 2196 9684
1924 4336 14444
6836 1416 13172
980 -3240 14176
3116 -2120 14936
-316 -5692 19228
1260 8 14216
6944 -1228 16768
1496 4340 15268
9396 1604 12216
-808 2824 15752
6404 -1308 13524
5668 1676 18656
84 332 15676
1948 712 18004
-2524 -604 15876
-472 3296 16768
7740 4856 12172
-484 1640 17884
2452 -1660 18420
3668 -4548 21584
4144 64 13472
3124 1992 12460
1272 1068 19204
1412 -100 20804
4092 -1112 16840
4384 1556 12404
5248 -1104 19000
3336 -352 16244
3000 -1864 23228
4812 -92 13176
5648 1240 14140
5536 1644 15432
1060 -1220 14656
2180 -3004 15792
2932 -216 11568
2916 -3096 17192
928 -4600 16280
1480 -2100 14188
-728 -1128 17080
5788 -928 15824
6016 2360 14084
-1428 440 15916
3580 -3760 14448
500 -2476 15524
4300 -2876 16780
2704 1592 15336
2912 1100 14824
728 4980 21380
-260 1392 15548
6148 1208 12180
3472 784 12876
1856 280 16984
2848 -740 21456
1948 2604 16512
4512 3544 15036
4132 3140 13068
3392 1108 22532
8316 -3052 16848
7484 -976 10408
6108 -1648 14668
-716 -2808 21512
-2076 -3792 18952
2468 4224 14140
1976 4876 13492
5444 248 16740
-1928 -3052 14412
-424 -1724 17252
2268 -2296 16204
1648 -1860 17424
-2324 3080 15836
3668 3388 11816
832 2556 12764
5056 2316 11324
372 1900 14628
64 -5176 20804
3564 -1028 15828
5460 4168 10324
188 1332 24752
8180 -1456 15436
6776 364 3776
5592 3128 6888
3664 -848 22100
944 -7336 23476
2124 -4956 14200
664 1196 6352
4292 1340 24000
2796 3152 19312
56 2240 12988
2760 -3708 7008
20 -5276 23748
6120 -2776 23168
216 -932 14232
4940 1424 11848
2824 7104 22944
4864 736 23228
3124 388 11384
7016 2104 8592
7348 1396 8728
868 556 19072
-9072 -3424 27908
5080 -1072 15448
3908 4300 8336
-2136 4540 19220
2880 3116 15968
3224 2164 18032
13276 -1012 13696
-2484 -1276 23972
4948 -4988 18896
136 1452 10128
1900 4608 18672
8488 5392 17648
-916 748 17672
3916 -3044 16664
3468 -5228 22288
2080 -3084 14476
4772 1460 10636
2200 7700 12928
5720 3688 11628
-1296 -4660 18336
292 -3256 14096
2860 -776 19312
5456 2168 18460
2736 1224 13644
8560 948 7792
2732 2828 10980
3516 444 16472
1080 -3108 15180
-152 -3316 13412
-176 -3896 21552
2932 -24 11056
4180 2028 14876
2936 2740 20940
1164 148 15716
7788 -432 9032
4568 -2520 7132
868 -3228 22432
3220 -4588 19544
2944 860 10244
2296 4660 12016
-1604 3024 23644
5576 -2900 18700
6128 -756 5576
1464 1332 12112
7956 2460 16496
6744 -3532 17472
1344 -1468 10528
4004 -936 20024
-160 932 19368
7696 -60 18480
3936 -116 16156
424 600 15832
4860 -2132 19792
5228 -672 11624
3824 -592 14112
4768 1436 17000
-3556 -512 13500
-3040 -2272 24104
2880 -4080 16080
8080 340 8464
2440 5420 12576
1336 2508 23744
10972 -1348 18864
3776 2712 10820
5108 -268 19592
4956 -1960 22960
1480 172 9768
2040 980 16616
3452 3076 19472
2660 -788 23020
-4548 -7540 24736
6984 -2204 10160