0 13304
3336 -8256 13260
3376 -8260 13380
3308 -8140 13240
3288 -8280 13236
3316 -8180 13364
3268 -8132 13348
3416 -8120 13408
3292 -8208 13324
3312 -8108 13384
3348 -8172 13372
3224 -8232 13220
3332 -8180 13352
3376 -8164 13332
3484 -8236 13284
3268 -8192 13320
3364 -8152 13300
3304 -8172 13188
3208 -8152 13252
3072 -8160 13380
3188 -8096 13412
3060 -8088 13328
3128 -8108 13280
3056 -7988 13452
3004 -8020 13372
3160 -8096 13284
3276 -8104 13424
3248 -8200 13384
3260 -8036 13332
3276 -8192 13300
3344 -8100 13376
3320 -8072 13516
3316 -8152 13168
3372 -8168 13340
3388 -8188 13380
3348 -8304 13248
3388 -8008 13592
3300 -8120 13124
3328 -8156 13444
3288 -8260 13384
3168 -8188 13240
3124 -8072 13316
3292 -7988 13480
3216 -7936 13476
3224 -7964 13420
3376 -7984 13332
3228 -8128 13352
3368 -8220 13240
3136 -8396 13396
3356 -8296 13464
3312 -8144 13292
3264 -8016 13304
3368 -8112 13460
3308 -7876 13340
3420 -7768 13536
3368 -7816 13476
3368 -7684 13448
3244 -7880 13292
3512 -8436 12860
3556 -8616 12772
3444 -8304 13360
3356 -8428 12860
3484 -9084 13468
3520 -8660 12896
3580 -8292 13184
3652 -8740 13252
3860 -8872 12872
3648 -8856 13044
3412 -8988 12972
3872 -8152 13076
4056 -8608 13036
3992 -9228 13400
3960 -8104 13112
3840 -7604 13228
4320 -8352 13092
4620 -8832 12660
4604 -8932 13236
4376 -8848 12908
4328 -8568 12956
4284 -8632 13108
4620 -8872 12956
4916 -8784 13176
4736 -8788 13180
4080 -8344 13368
4272 -7956 13184
4296 -7752 13364
4264 -7792 13184
4244 -7644 13288
4192 -7604 13480
4260 -7720 13196
4484 -7372 13540
5024 -7084 13376
5472 -7132 13648
5528 -7928 12672
5060 -8280 12552
5536 -8404 13408
6228 -8148 14708
6284 -7904 13436
5268 -7944 11628
5692 -7116 12224
6092 -6472 13184
5832 -7536 14084
6952 -7156 13096
6904 -7112 12404
7256 -7316 12616
7356 -6532 14968
7600 -5568 12812
7552 -4512 10912
7380 -6424 14616
6728 -7548 14136
7668 -6072 12812
6328 -3824 12072
4732 -5048 12048
6252 -4276 11520
4912 -8100 13744
5096 -8424 12060
4656 -9496 9384
4832 -13348 12772
5568 -6652 9660
5300 -10632 11976
4404 -8920 14748
4196 -8224 16984
5504 -7180 17936
10212 -3652 18484
8476 -112 14220
7112 -1756 12576
7260 -3116 14628
5884 -3884 13044
7476 -6592 14620
6120 -5888 13120
4296 -2980 13616
3180 -3436 11392
6140 -6712 13544
8516 -6648 15276
6456 -7192 13232
3776 -6296 14624
5124 -7980 10688
4172 -9648 12704
4276 -11164 15008
1144 -9108 13284
1284 -5780 13372
1768 -8348 14092
2864 -10732 11808
2956 -12052 15288
5188 -10644 12872
3924 -11788 11372
1112 -12728 11848
2244 -7852 10580
3272 -6296 15584
1120 3376 20008
1084 6992 15592
272 3372 22076
376 864 19208
-1676 -2680 16752
612 -6284 14704
540 -7064 10920
2368 -7820 15224
1400 -11220 19900
-2828 -7696 10576
4508 -8280 12804
6044 -5832 15064
4340 -4608 13232
5736 -6000 12592
4560 -3804 10588
524 -5068 18800
6256 520 22664
1852 -2800 15056
-1936 -9620 17064
4768 2472 14904
6452 -5832 11892
5428 -7824 11748
2076 -6668 15516
3068 -7192 15548
4208 -6976 14256
4472 -7956 13912
1208 -6828 15360
4128 -4620 16560
1780 -3444 14288
2948 -6916 14048
6532 -3268 11344
4120 -3540 11904
6336 -6020 13976
4632 -6364 14132
4592 -5968 15668
4692 -6288 14700
5528 -3768 14884
5716 -4840 12340
1264 -4444 16100
4620 -4640 16264
2856 -5672 19344
5908 -6168 16060
2164 -7764 14408
7212 -5872 15896
5080 -3072 8568
4228 -4508 15604
5572 -5620 12960
5760 -3044 8928
4004 -7716 18004
4716 -7532 17148
3276 -5680 13900
6316 -4616 10028
4188 -6292 12628
5044 -6704 16576
3560 -7728 15468
3460 -6632 13492
6828 -4000 12844
3580 -4572 13168
4556 -6060 15764
2112 -4008 14584
5232 -2868 13684
7776 -3764 12912
4628 -3800 14044
4376 -7016 15864
4076 -4372 13660
7868 -1624 12076
4576 -4148 18320
4536 -2444 14024
3744 -2232 16340
4940 -4580 15636
876 -5388 15212
2496 -7772 17500
3492 -5388 16092
3100 -3980 13176
6092 -4176 16044
2012 -6740 13972
2152 -5716 13088
1996 -4296 14824
1236 -4744 17264
4164 -6888 18880
792 -4964 14212
536 -4840 19444
-108 -5192 13480
4336 -6916 14632
4644 -4988 14464
5572 -6244 13512
2832 -3248 10248
5284 -1584 13960
5208 -7056 16712
1160 -6716 17948
3908 -3752 16428
4200 -7380 18228
4560 -8892 12208
3360 -7988 13396
2116 -5176 15668
1916 -3960 15680
2752 -6940 19564
3104 -7492 12152
3012 -4688 15256
3884 -5848 17000
4916 -5112 10892
3436 -7888 13316
4284 -3920 14180
6004 -7612 13168
6160 -8080 17064
2504 -7308 13328
7156 -8244 15644
3708 -6780 13868
3632 -5128 12728
5216 -6928 15360
4852 -8624 13632
4912 -6148 11008
2312 -7152 17368
3180 -4752 11128
2724 -3708 13496
3168 -9144 16404
4280 -7580 10872
3500 -4556 13672
4244 -7208 15408
6852 -7592 13876
2740 -6296 15228
3848 -7192 17636
3908 -4104 11956
3768 -7308 15032
5552 -3600 10664
1156 -6540 13336
2780 -6804 17104
5260 -4040 12164
4568 -3024 14160
4724 -1396 13484
2800 -4600 18980
2284 -4820 14944
352 -3676 14716
2324 -6356 19484
1924 -5892 18240
3596 -3604 16328
732 -5992 20568
1828 -5668 11808
4168 -2984 15384
5652 -6412 15952
5868 -4148 17228
3732 -4564 12880
6588 -5332 14900
8860 -2128 13212
2652 -6828 13200
5968 -4416 14372
4848 -5176 12404
1684 -10768 20944
5080 -2360 10532
4656 -532 13256
1484 -9224 22164
4460 -6612 15884
2764 -3428 13128
1208 -3864 15232
3360 -8268 15924
4552 -6184 19640
1068 -4636 12704
6428 -4716 15568
5692 -5756 14916
5232 -11080 11876
7348 -2616 10004
1084 -7888 16604
6484 -7628 16444
4016 -5524 11064
1672 -7152 16588
5676 -8460 14616
3272 -4728 13824
8644 -4736 10108
2160 -3272 14952
6832 -5368 11060
1248 -6796 15664
2912 -4132 13796
-1832 -8088 13940
6076 -5616 19012
160 -3912 19644
2788 -10268 18132
5656 -5136 11752
4292 -7176 16320
1440 -4168 12316
4268 -4828 15116
2932 -5532 17016
3124 -8596 12392
7496 -2832 10964
7800 -3252 11344
6228 -3472 10320
3000 -5232 12268
6372 -9544 15128
1552 -5444 14408
4636 -3380 10124
3632 -7040 18268
988 -10944 12900
2120 -11328 15428
5320 -3780 11072
1828 -2232 11616
5004 -5492 18460
3724 -7888 10584
4744 -6056 14204
3176 -4580 14944
3212 -5420 13680
7224 -6216 9972
1920 -4508 10492
-912 -9356 15732
6512 -5132 12980
2392 -3496 12056
3592 -4704 15048
3800 -7188 14988
1828 -4804 12572
6212 -4900 15380
996 -5516 12436
6036 -6432 20712
40 -11000 22024
1644 -3452 19960
6288 20 14864
664 -800 12828
1116 -4160 20032
6892 -5748 14376
2400 -6184 12384
3576 -2480 12144
2216 -3132 18760
1144 -6820 17024
1888 -4064 12112
4604 -4648 18492
4452 -4536 17368
5124 -7028 10532
8784 -848 7508
-856 -5680 12480
3132 -9940 19788
7288 -5404 15696
3876 -2348 18908
5040 -8912 19076
3940 -6228 16872
-3816 -5012 21872
376 -13584 18352
8076 -6204 6572
1628 -3768 7124
-4648 -5444 22536
7164 -6288 22008
6440 -2872 6720
3636 368 7160
4400 -6528 22620
2704 -11432 18904
1416 -8016 13856
5840 -3344 15348
7012 -2256 10448
3876 -8592 15564
8500 -9852 14800
3248 -5016 10768
6604 -8292 12168
-1484 -8840 19688
5164 -3344 10732
6272 -1452 5216
-5504 -5048 17288
-1464 -8152 21580
420 -3360 13916
4872 -416 11700
3872 -948 14112
2496 -11284 17668
9580 -6816 17856
8744 3200 9160
5280 -3476 8452
9544 -10852 15708
2192 -11984 11544
9372 -14348 17660
4300 -6840 16328
-572 -6436 18892
-844 -3520 17524
-664 -11404 16724
11284 -8444 13396
10364 8624 1668
2848 2036 10012
-1576 -12144 22152
5752 -5584 15652
-852 4388 12380
7116 -1788 17468
-1964 -11448 16064
3020 -19100 16948
5136 -5000 11828
9284 1156 6504
-2376 -4464 17396
816 -13488 25296
2684 -4440 12896
4324 -1488 10536
3512 -3440 13628
1164 -11632 12924
3372 -6988 7264
5584 196 11372
-4428 -9240 19732
8908 -6332 16944
6384 736 10204
1880 -4948 11852
4824 -6120 12752
1384 -2676 16836
3668 -3304 16244
4960 -5868 14356
7084 -7684 12760
3644 -5748 11548
-1120 -6956 15944
8308 -8184 11140
-2552 -7340 17172
3860 -8340 16476
172 -7028 19832
7308 -5544 9284
7596 -1004 4984
2072 -11388 17532
10232 -10080 15880
1788 -6960 10760
4504 -768 10604
4588 324 15180
-2856 -12944 22188
3412 -8480 18100
1484 604 8748
2336 -1512 9928
4440 40 14500
4756 -1148 14880
796 -6684 15452
2808 -10708 23532
7068 -1152 8124
-2040 6680 13532
-4816 -12300 29008
8492 -10516 17268
3732 4592 -2088
-4816 292 21168
-3240 -21356 32767
10212 -5032 6904
3784 4248 5560
4552 -1944 13628
4940 -10572 16076
-4464 -9036 23640
6892 -3824 11776
900 1448 10908
6192 -3560 13064
1748 -10792 18384
2420 -13492 21064
10868 -3128 10156
144 -2024 13776
3756 -9284 14900
1064 -11428 20696
4136 -7048 11464
2536 -3592 11892
4052 -9524 15980
3424 -11752 15392
4772 -2396 10396
760 -2716 10216
4988 -10928 21372
6088 -14668 15536
7884 -3288 5792
6384 -1452 9896
5992 -7624 15836
3008 -14368 20092
8832 -1864 6476
2232 -1976 8372
-1232 -6208 24188
4392 -7720 20372
868 -2908 11824
6224 -7660 17940
4428 -5404 15556
3548 -4532 14448
876 -5664 14116
7780 -2344 15552
4516 -2500 6596
4836 -4988 11388
1256 -10568 13384
1304 -6588 11920
5640 -5660 14968
4660 -6776 15576
3700 -5244 11572
5772 -5308 11812
3032 -7616 15200
3380 -6068 14128
6300 -1920 6636
2144 -4088 12700
1044 -8324 20672
4912 -9160 15296
1172 -6492 14428
5860 -5996 15440
4244 -5796 11820
3524 -7788 15200
6092 -7168 11872
4600 -3992 12396
6312 -2680 12428
4808 -3968 15184
1804 -4320 12612
6132 -936 14184
2416 -2680 10108
-556 -3280 17640
248 -7096 17292
6460 -1108 11808
3460 -3612 13004
6192 -1088 14848
1064 -6504 19400
1904 -3244 9960
-1580 -4052 16276
-3624 -8812 19596
2364 -8844 21556
844 -5296 12500
3944 -6560 15828
4132 -8076 13912
5752 -6256 12448
5196 -5952 13972
5492 -3020 10808
3336 -6408 20704
1616 -7876 22212
5904 -5076 13564
1284 -2716 14496
4252 -6344 17796
3968 -8940 15988
4024 -10680 11320
4188 -8644 14780
1972 -7892 16816
672 -6912 16724
-1840 -10928 19184
376 -6760 15092
2284 -4660 12948
1856 -6904 14604
2740 -6304 14184
2184 -4492 11448
1300 -2212 11384
2588 -4372 15732
3136 -1460 14332
1684 -2956 13640
5368 -6384 16324
4488 -5132 15180
4564 -3180 14616
6832 -6640 11904
10612 -5256 11024
3812 -3796 16136
3756 -8112 14956
1052 -6252 14624
1928 -2748 12824
2784 -4640 19864
1616 -4756 14756
2892 -4624 16888
3148 -2272 16024
3652 -3052 13100
4500 -3680 13004
512 -7816 14548
2384 -4732 14724
4404 -1356 13600
2572 -5036 15464
3456 -6272 15424
1356 -7488 17052
2684 -3820 15836
2460 -3988 16968
4812 -3868 13648
1244 -5280 16436
1852 -7988 17068
572 -9392 19020
3808 -5284 15860
5816 -2324 13172
4216 -2792 13424
4456 -6264 10688
2944 -9324 15580
5752 -6656 11100
2780 -3668 11020
6660 -2508 11132
3028 -6480 13976
2844 -5180 15332
1516 -4608 17260
4448 -5772 13180
2064 -7044 12100
4520 -8472 11520
1732 -7112 16520
1952 -6080 12696
5928 -4992 14696
2712 -7424 14724
6980 -3684 8644
4448 -7712 16036
1268 -7676 18108
1324 10920 13980
540 -6728 16848
4236 -8468 18148
3064 -7056 12544
5564 -2488 9052
5480 -4876 14516
668 -6032 15008
7364 -7908 14320
344 -3904 13768
5024 -3936 17036
2088 -6048 16540
5332 -5476 16992
8212 -2448 13096
3208 -1852 9556
3608 580 15628
1588 -10308 17684
-3128 -9744 19940
6284 -3132 13232
2644 -3572 15324
4996 -6888 11908
1308 -6708 15496
2684 -9748 15996
504 572 17284
4600 -4688 13112
4480 -2860 15492
5572 -4136 12876
6568 -6136 9724
3272 -3576 10016
76 -3604 15656
5196 -6288 14456
436 -3464 19988
1652 -2460 15536
7404 -4956 11516
1356 -8432 16376
3568 -8268 14140
3136 -4740 13368
2196 -2180 13996
7476 -5612 15200
-560 -4864 18060
5752 -5880 17160
4244 -3504 12356
900 -4384 12452
2684 -8160 18432
4104 -2276 12324
1828 -3212 19900
4488 -3076 12356
4604 -232 6848
3036 -5140 15376
-44 -13580 19688
7996 -9540 18576
1632 1184 15668
5164 -864 12364
3920 -9152 19424
8 -13616 17624
6284 -3872 10484
1612 -2824 16652
2648 -4224 11984
1564 -5028 12384
3600 -6188 16900
1636 -6824 15720
4920 -1436 12048
5524 -1740 11480
2476 -6016 12216
3448 -7512 14736
6344 -6872 15144
4392 -6548 12384
4912 -6116 18012
3288 -5524 17988
4100 -4088 12652
5720 -1416 12192
4240 -6868 10992
780 -12360 14568
-424 -9804 19900
1948 -6296 14088
3572 -2312 11656
5176 -2340 9580
7080 -2500 12328
-404 -8724 11884
3992 -9284 23036
716 -8856 15800
3376 -2576 11708
4180 884 13392
1220 -5956 16580
5480 -9264 17496
2644 -8260 12108
3188 -5948 9896
2460 -7072 18544
2124 -4592 11292
5220 -2248 11508
1432 -4476 19488
-2072 -12828 22368
6000 -5604 12760
2912 560 10296
1620 -3816 13016
3552 -2540 16900
2292 -6672 19564
4812 -4532 13336
5400 -3268 14760
2184 -1128 14512
7560 -3984 11304
1072 -16776 13516
8276 -7712 16892
2468 -6432 13496
2740 -6076 13568
2888 -9288 15952
2128 -8304 9952
3772 -9412 16736
-448 -12352 13416
3692 -8500 14728
5644 -5612 13220
384 -9052 14072
4860 -9128 15476
7608 -4824 15916
2828 -5988 13660
5956 -7648 15148
4364 -6860 15828
3748 -10408 17544
1900 -11748 15680
4268 -5504 12888
2000 -348 13160
2048 -5596 16780
3048 -10196 13428
864 -5568 13616
5204 -3580 11232
1496 -4728 16232
4228 -6108 15088
3624 1392 16952
4476 -356 13208
4524 -4136 13464
2944 -4060 12632
4028 -5012 17800
-272 -816 18152
4204 -1800 14444
1004 -3320 18692
3444 -116 12832
3600 -2352 10800
3108 -3060 11472
2728 -1792 18500
2684 -3972 16812
2132 -1872 15280
3444 -580 16064
1028 -1300 17840
6184 -3292 13876
5828 -148 12060
5456 -916 14468
5208 -2004 18360
1372 -3300 15416
-5408 -20872 22356
3120 3440 19928
4516 424 14808
872 2760 16440
1872 -568 19180
2084 -1624 14636
3552 -684 13956
4180 -2092 15532
1828 -1612 14308
5328 -1596 15876
2480 -1632 17860
3720 -1372 17272
4908 -80 14980
2656 -2180 13948
6848 196 14648
560 1092 16112
3112 -4648 17792
2880 -2552 17244
1548 -3272 14092
4336 -1924 13160
2848 -1080 13768
836 -5136 16888
2964 -4192 16852
2324 -1856 14924
3500 -3592 17820
4088 -2588 17096
3228 -1260 16256
5944 -1116 17256
4512 -1824 15708
7268 1140 7816
3068 2560 14200
3168 -3040 20372
-988 -320 16460
3912 1448 14088
3632 1036 10028
-3348 -3220 15544
2060 -5440 20532
2120 -6112 17336
4244 -788 12588
964 -3356 15584
5872 -1992 15332
4584 -916 10476
4116 -1676 15752
2644 -952 18292
4456 -2040 13008
4488 -2584 13516
680 -1200 15588
4260 -1940 19356
2324 64 13308
3472 -48 16252
5308 -360 14812
132 -3860 13908
3324 -3316 17064
-104 -4988 19084
2252 -5500 18492
11112 -1044 10384
5992 -2092 10384
-520 -1952 20756
8384 -1912 14844
5756 -2612 9804
8668 -28 13916
3156 -4548 19504
688 -1556 20692
5916 -1136 16024
4296 2328 11536
4432 -1276 15948
3896 -448 16756
3216 -924 16472
4200 -624 12304
-748 -1632 17968
6060 -4344 19896
2832 -264 12548
3148 -768 10748
1432 -1768 16300
5728 -3148 17144
6924 -3648 12940
-772 -1148 13784
4420 -1768 19252
5908 2012 15896
4028 -2128 9240
1036 -3384 12688
4036 -3844 16472
4096 -5972 20300
-696 -2716 16652
5624 -728 11708
2612 612 15876
4840 -4748 15660
7464 -3828 16124
2676 -1556 13508
4112 -1584 16092
2316 844 16368
1388 -3700 19412
2592 -1832 13808
1284 -292 13160
4684 1452 14040
112 -648 14636
384 -3400 16720
876 -1852 15924
-360 -1284 15352
3044 -32 15084
3988 -1440 16020
3764 -1100 16776
6592 -2984 13624
3760 -2964 18452
2072 -4032 15068
1360 -4828 14092
5408 -2400 12344
1936 136 18496
4188 -3576 12512
2472 -420 14244
1656 580 13872
3172 1720 18484
1920 272 14248
-1992 -276 21404
1568 -1748 20260
5472 -3624 10412
568 -1512 15036
4188 -3104 23636
3376 -816 15812
6596 560 15220
4960 -1616 13464
6320 -2320 12868
6448 -1912 13144
4076 -3760 15472
3128 -3452 18320
2448 -3428 14428
4364 1392 7820
3436 -1684 8844
320 -3292 12928
656 -8768 22832
1428 -5492 17232
2896 -4356 13764
2696 -1440 19180
4196 -3724 17152
3672 -264 20212
2980 -3440 16388
3368 -2888 15280
1748 -2672 18780
1256 -512 14876
1376 -1024 18692
1044 1392 14628
4024 -2808 17012
3496 -3488 14024
740 -1192 13364
2452 -1076 15992
2128 -632 17944
5048 -248 15624
6488 648 13240
2808 -404 16144
3128 -2052 19692
3456 -116 18036
4692 -2776 17044
3464 620 15800
2820 1344 13448
3432 164 14960
4044 -3416 19592
2540 -3796 12848
3060 -1164 14336
144 -732 16268
3104 -2472 15656
4768 216 14452
3588 -3308 12268
1716 -4304 17392
2228 -2832 19228
3412 -2372 14560
4960 808 11300
2328 -1340 15964
5016 -3736 24212
3604 -1624 15244
-464 -1360 15088
3332 -3496 19356
-1076 -6520 14424
692 -4536 20280
5636 748 12064
3108 2260 13020
5200 -3480 12556
3052 -2060 10884
872 -3752 18200
1248 404 18564
2996 1028 19128
5980 -460 14136
3036 -1948 14744
3748 -5400 18624
4224 -4428 13272
5092 -1700 13856
3784 228 13180
3676 -420 14600
3788 -2776 17852
2860 -2072 14904
4332 -1276 12032
-300 -1916 19836
2656 -4336 14872
3792 -852 13056
2280 -1184 11868
3928 -3264 12656
5512 -3616 15388
3832 -2436 16600
3536 -984 19064
-1008 -2252 18864
5820 -4724 16748
3176 -3040 19816
4048 -1336 18292
4348 2184 17540
2268 -2388 19276
732 -736 20708
5732 -5372 17484
6892 -2976 6828
1772 -2592 14348
2192 -3984 16852
2696 -4500 15604
3120 -484 18604
3604 -1856 17564
4388 -2640 16196
5700 -2892 16976
2316 -2892 19088
4024 -4464 16500
8648 -2588 14444
4064 -1744 14616
-520 -3300 17236
-628 -3384 20440
1844 -2984 13944
2824 -3052 14296
904 -2544 17760
-424 -1832 17488
3880 716 13412
1540 -1560 13568
5180 -1848 15512
4376 -992 16120
2704 -304 16664
7556 1244 14292
4960 -516 12172
5824 -2244 23580
3880 420 13512
2900 1072 12068
1304 140 13068
1164 -1980 18420
1644 -5852 21620
2120 -3164 19600
1160 532 14824
1044 -2836 20308
1060 -4160 16416
2756 -3076 13380
3732 164 13088
5672 -5020 16100
448 -2776 14188
736 -3744 20580
3300 -2004 17780
7572 -332 13868
7868 44 9764
4624 -764 12112
552 -3868 16768
3572 -3676 18932
5380 -3164 14316
5344 -76 12460
368 -808 17696
1052 -4980 19712
5064 -1696 15684
1596 -256 12808
6076 -4384 15760
2972 -2872 18076
2316 -2912 19124
3512 -1464 16996
1520 -652 13584
5620 -1840 14684
4956 192 15060
1924 -1428 15252
-592 -912 22712
2196 -756 15180
4304 -3284 18324
6048 -1856 12968
3584 404 15240
3252 -1004 13024
8460 -740 8300
304 1256 8656
2152 -1756 15960
1236 -2516 15748
1448 -5276 18604
7460 -432 12220
4792 672 8268
2304 -424 11280
1524 -7660 20820
4172 -5876 14808
5028 528 18828
3248 -312 18492
5424 -876 14212
4532 -2656 11048
2384 -4292 15756
1632 -1472 17416
372 -2664 17704
936 -2756 16132
5784 -516 12984
584 -1048 16436
6376 -2236 16332
2980 -1384 17188
2952 -3764 16620
6568 -976 16812
6048 -568 12104
4884 -920 16152
392 -3408 19540
1152 -4148 15036
4160 -2180 12812
-984 -1592 19536
1272 -3476 21912
5400 -2272 12348
2340 380 11684
2976 -1192 22328
3820 -1944 16836
4480 -1676 9052
1784 -416 14496
-1712 -2484 19164
1520 -5040 17028
3348 -380 13284
4504 1596 14032
3632 -1960 16596
2816 -1624 15708
3440 -628 15644
1140 -868 19584
6632 -412 17152
3432 -600 14540
2568 -1912 16192
5556 -2464 15472
4452 -2152 12196
-636 -5240 11728
1332 -5024 17400
2852 -1700 15312
232 -2208 18632
3672 -1420 18636
6320 528 12772
8012 -124 8324
2200 -1260 12076
2268 -5296 18300
2684 -1716 17364
3168 -1036 10452
4704 788 19932
2016 -560 19936
2892 -3416 16828
2864 -3040 15912
1828 -1992 12904
2500 -1568 14456
1992 -2440 16700
1664 -2864 16364
5100 -892 16528
2876 -280 14588
2520 -344 15180
2492 -1220 15284
1500 -288 16052
3532 -144 17224
5308 -1792 14204
3164 -400 13772
3576 -1936 14588
2248 -2268 13588
2572 -2844 15656
3048 -1548 16044
972 -308 15816
4372 -2716 16380
3496 -3096 16136
5652 -2788 13152
2856 -2392 16332
3192 -2684 15056
5020 -1240 15120
4692 -300 15456
3080 -1892 15352
-1208 -2436 22896
3640 -1632 15480
2216 1500 11872
2476 1296 15476
736 -4352 17848
2324 -4536 17044
3544 -2812 12440
3764 -1312 9520
4528 228 15524
4276 -2740 16668
1380 -3512 19812
6508 -2884 16312
6832 -844 11976
6136 -2636 12560
6152 -3676 15176
4088 -6388 15236
5008 -3884 14632
4148 -3280 16988
4572 -3324 13760
3736 -3084 15148
1888 -4264 13216
1828 -2348 15628
4044 -2040 13788
-172 -2000 16948
2840 -3652 16556
4812 -816 14116
3232 -1464 15948
2416 -1424 21752
3596 -3464 17956
2528 -1404 16436
1892 -2880 16456
1228 -1608 18740
-840 -1092 19364
944 -1340 12188
2772 -1756 16100
3396 -2208 14420
2920 -2528 14556
-316 -3224 17440
5220 -2120 14396
5452 -888 12800
2132 -256 15480
4932 -2400 17432
7216 -2200 16988
2940 436 14400
5792 -1212 17220
6296 -276 17044
4036 -2620 16108
5108 -4236 16936
3968 -5316 13900
6340 -3968 15448
4524 -2404 14832
4496 -4056 14392
4096 -2580 13488
4252 -4740 12556
2524 -1312 15180
2264 -4100 17620
5556 -1784 14352
4356 -1452 10720
2280 -3084 15472
3644 -3348 16296
1208 -2660 12900
5176 -3392 12648
-660 -2380 16976
2644 -3720 16860
2660 -3780 17176
2372 -4692 17252
3124 -4004 14676
1524 -4888 14552
2008 -3344 17312
4636 -3596 13136
4616 -3720 12880
-1616 -6876 18392
3632 -5196 16716
5040 -3808 14672
372 -1820 11532
3476 -3780 12940
1136 -7192 19064
7424 -2028 10976
4268 -5388 11444
2408 -4700 15028
4632 -4372 12352
3088 -4544 12628
4624 -5032 16284
3396 -6608 14164
7240 -4428 7240
-640 -6064 21540
4580 -4688 17832
8692 -2380 8104
2292 -2396 12956
3028 -4932 16848
9996 -4608 10876
8288 -1632 13732
5916 -1612 12816
1400 -2036 12996
1128 -4576 18504
2432 -5604 16372
7036 -6216 13684
5468 -3476 16088
6256 -4300 11500
5120 -1568 10956
3880 -4012 12904
-132 -5536 15224
1976 -8632 19404
-3464 -6808 22328
756 -3540 17608
584 -2456 14392
1420 -4492 12248
-752 -1968 15856
108 -4036 15044
4912 -2184 12684
7436 -2028 9312
6224 -2688 11880
4356 -3824 17744
6148 -5540 17232
5068 -2292 14704
7084 -5032 13792
7816 -3648 14124
6956 -4264 12664
6432 -3780 14412
7032 -5552 18700
-364 -7024 20388
3488 -4672 14080
3572 -9596 12448
2324 -6140 15756
4804 -5008 14424
292 -5712 15076
2540 -5556 13708
2032 -1640 12844
928 -3148 14576
2376 -4268 16196
5412 -5664 11104
4868 -572 9992
2236 -3120 14488
1892 -5912 25676
4036 -2728 20672
4988 172 10616
4836 3080 13152
-1032 -4288 18080
184 -10200 17576
956 -5732 13360
3300 -3688 9596
-160 -5736 14908
-484 -7272 16964
4156 -6228 14772
2560 -3620 12152
2736 -3272 12816
1468 -6108 20264
204 -6344 18924
3692 -3832 13688
4824 -1484 10880
8568 1220 13220
4236 -4864 18264
3528 -6744 22544
7976 -3124 14932
5172 -5312 9172
-608 -8384 17660
808 -8684 18396
2232 -7008 15036
1696 -6464 14712
2752 -3656 15368
1348 -3568 14588
216 -6228 16776
3792 -4416 13980
1964 -5540 11244
2436 -6924 19084
3488 -5888 17368
5500 -2140 12940
3492 -1644 12724
6492 -3008 13784
2628 -5180 13568
3216 -5172 14544
160 -5420 18560
2420 -5292 16384
2824 -3468 16420
3180 -4120 13852
3792 -4084 14544
3860 -7472 18032
1244 -4372 16612
264 -3804 15460
3096 -5020 15976
3624 -4436 15492
3108 -2696 12832
4860 -2236 14456
2788 -680 18016
2312 -3292 14360
4512 -3396 14036
6780 412 14428
1368 1376 14080
3140 4364 17520
3412 6392 17760
3308 7996 16908
5012 2328 12212
1892 2208 16448
1528 -932 15704
3084 2672 16960
1684 2356 14856
2628 3484 18488
2320 -64 14220
5564 1104 12552
2124 -12 16256
888 2312 18940
4208 -824 16020
2468 3364 15356
2940 3620 14900
6752 948 15428
1708 2148 12072
3200 -2212 13820
3020 7380 14700
928 -2548 19580
3812 -752 13644
2404 2936 18088
824 -1172 17448
4392 660 14752
3768 656 16204
5540 1228 14448
4268 896 12364
3348 1276 16032
3912 -240 17480
3268 932 16196
1696 2476 19700
4024 412 12072
3008 2116 16908
-676 1916 16816
1128 -1952 22308
772 284 17416
1308 2964 16412
3176 1780 17348
4356 652 15340
3252 904 11300
6988 2804 13240
4652 2840 11076
5756 1656 17264
2100 3796 17108
5500 360 12608
1956 3792 15216
928 3360 20096
3248 216 17748
2872 3792 18856
7116 1588 14152
1416 2900 14948
2656 6316 14416
2076 1708 18552
2944 -972 14284
4376 -116 14288
3180 -2332 16016
4584 1136 18188
3868 -1360 14728
1460 1412 18084
1688 -496 19488
4488 -896 15752
3644 1004 10872
2644 204 14348
712 -1412 16148
2224 -848 18644
6308 -616 14956
5236 1404 14040
5052 1396 15712
3228 1580 18188
5652 624 15440
4520 684 13760
5312 1140 17544
-128 1068 16324
-1112 -88 19200
1608 1052 18068
1496 3360 16088
700 416 16656
284 1380 16660
2496 1844 17416
692 -380 16916
4340 -452 16140
4696 -464 11460
3892 1936 12024
6020 1632 14400
3060 848 16972
7276 -1628 13624
6076 1512 15540
1576 1376 18912
4552 384 17672
3224 740 14104
2352 3348 16372
3428 -328 16636
3624 -1604 13192
2368 -976 15372
2244 760 13260
3940 460 15956
3552 -708 12680
2816 -288 15584
876 736 20408
2520 -88 18588
2424 2252 16736
3076 2012 13760
6232 992 16968
4512 2308 14752
4164 6056 14508
1316 1168 15004
4856 1784 14168
2876 1152 17680
2468 2720 17820
6524 -520 12748
4280 612 13948
4980 -264 16832
1336 -836 15464
2604 -2016 15920
2788 -28 19336
2908 -684 13276
6964 -868 16284
2936 852 17796
4296 964 16108
1720 1724 13852
3784 2328 14784
2572 2328 14428
4852 1584 13412
2840 1740 15348
4236 1128 14236
1376 2388 16528
3092 -20 15732
4748 1968 16588
1324 -184 16048
5288 840 17332
3992 1140 17812
3000 192 16352
1316 -556 16540
5432 252 15492
2752 516 14652
4988 40 15036
4088 864 16292
5164 888 15016
2604 916 15960
4984 2240 15228
3700 1688 15280
5996 1476 16568
5152 1968 14752
456 1448 15668
2712 52 17308
668 48 16372
3676 360 18404
1644 -12 16248
4448 -564 18768
3028 804 16932
3564 1176 15188
1260 2100 14632
3496 588 16104
3484 2780 16504
2376 2008 15500
3052 1748 15128
380 1276 16532
2548 -404 15396
1392 -812 14564
3008 -1440 14764
3732 280 16260
5968 -868 14288
4356 -548 17036
5832 -2076 15424
4200 -2696 15336
5032 -976 14424
5848 1396 15316
1744 1020 17836
4556 1028 16080
3640 2700 13936
2048 2088 13696
6936 600 12924
1728 2948 20752
-988 316 19220
6752 3380 13504
2588 5500 11072
1744 2396 14840
4164 2080 17864
2268 3812 14056
6148 512 15244
5620 -1176 15752
3348 -264 13784
4424 1112 19948
4984 -700 16464
3704 1788 10648
-108 1580 17224
4920 -1056 18832
3932 232 16424
2844 716 14648
2816 -412 17760
112 192 16660
6540 396 18204
500 1312 17220
5028 -1712 15040
-1764 1744 15492
920 -172 18000
2916 12 15664
132 204 17092
2608 692 15144
3328 1636 13772
2228 1084 14176
3500 -72 16832
5444 -848 15832
4324 348 17000
2640 496 16524
4456 688 14760
5732 1272 15656
2920 1228 14648
3756 1836 13300
4352 -1760 16488
2176 -124 12880
3976 1132 16220
3036 1708 15532
5108 552 13332
2860 964 16896
1096 1368 18812
4612 240 16616
6244 788 14464
2004 -48 16420
6176 124 15380
2028 340 14392
-1552 716 19292
4128 992 14420
3084 2364 14916
1240 2204 15680
1744 3176 16028
2360 1408 18000
3876 -308 15528
3324 2620 12688
4012 952 16404
5388 -660 16048
3236 1628 14812
3520 3360 17548
4712 280 17324
2772 528 16304
3040 3128 14832
3204 2448 13080
4960 2124 19028
1704 412 19212
404 -1476 15408
3160 3052 17816
2076 544 16552
4436 504 16636
1888 3844 17476
1900 592 12968
5688 952 15876
2460 148 16020
3176 788 19400
4420 1024 14944
3388 2972 12448
5396 52 14388
2736 2316 15000
448 2356 17032
3720 -264 17152
4424 820 12500
1532 3992 14224
3532 388 15552
3664 -3604 15140
924 -1676 20956
4664 -2368 17216
5508 636 12856
3800 -648 15252
2472 -724 15828
4188 1508 17160
1264 -1760 14404
4024 408 18288
4192 2064 13768
3248 1040 13548
2612 1556 15936
3220 2652 13016
3684 976 16988
3208 1180 17848
5332 -1440 14368
8816 1620 13088
2876 1264 12904
636 -3076 19624
2344 -948 20688
3428 -1480 13796
5800 3448 13788
-476 2060 17744
2036 -2768 17324
6120 -1040 11292
3084 -404 13908
2628 -1176 20028
264 -2724 18160
1020 -3412 14792
2848 -1316 16780
1288 -764 15652
2032 -1516 15156
4444 904 16228
360 -40 14084
5624 620 17468
3464 2548 13800
6196 2460 13028
4500 3172 12192
2216 1056 15552
1924 248 19896
3936 356 16904
1840 2140 13556
2152 3964 13132
1132 3584 17772
2704 1476 17924
4044 -1164 14080
236 28 16232
3648 -372 14672
2308 3000 14580
1960 1720 18728
3192 2684 16504
3800 2184 19200
6740 484 13484
5148 2484 13836
3192 864 18076
948 2436 13776
2756 4040 17680
4312 3308 11344
1620 1916 15924
1908 -428 18648
3272 636 18492
6008 -572 10980
4028 3152 11056
1700 -516 20380
2736 -1900 18108
4016 -1884 11352
1728 1300 14164
1536 -980 22176
3840 -892 18948
2664 1324 14248
5844 2924 13500
4632 1652 13880
4236 -2436 14712
3728 1728 17316
872 892 15696
1844 2008 15896
4932 2728 13392
2492 2160 12528
-1328 3072 20748
876 1128 19848
6184 1492 11928
7748 3224 5784
-820 3884 12104
-1284 -1092 23584
2312 -2252 23956
5032 2620 10500
6580 6984 13388
2236 384 19312
2356 -4128 16892
2892 -2768 16456
48 368 15328
1988 1812 16612
3260 2628 20000
3392 3436 14268
4440 -332 14752
1584 -588 12360
3648 -1808 18672
6024 412 17196
2704 1324 11792
4028 -1836 16772
4368 -236 14392
5492 772 12876
3964 1544 17956
6268 -584 17700
2228 516 16336
2680 216 16460
2904 504 22544
3080 -1384 14680
4960 1512 16064
5020 444 11528
260 -2776 17980
920 -1336 17552
-1092 -104 16000
3556 1244 16088
4196 1652 13168
3160 3320 12096
4252 -244 16100
2132 -220 17120
5060 608 14040
3976 3004 15136
2796 2268 15532
4032 1608 16104
3568 612 16212
2576 1136 13552
3492 -184 16300
-2832 436 17024
2008 480 21596
-2604 2548 16356
5184 2192 13564
3212 4932 10392
-816 588 19420
2916 -4108 20280
6760 -728 11208
4516 1548 11848
6696 2228 15900
6080 -236 17684
6724 1348 12304
4612 3372 11600
-1716 1216 26540
5104 -2408 15144
7136 3152 4844
-820 1388 13512
-500 808 23364
6160 -3312 20580
1960 2232 12880
4276 -588 19864
92 1384 16648
3772 596 18580
4160 588 12320
3380 264 12764
4760 172 18344
-248 552 19460
1856 -464 20280
7112 -1068 14692
4528 3152 13584
5384 468 13392
1884 1592 18552
1704 2824 17608
3220 1856 15596
868 1756 13476
-684 664 14964
6812 1412 8776
-736 2212 17656
-992 -112 21480
7352 -872 16104
4672 1072 8992
1236 52 18660
5984 512 17444
5004 -1076 15660
3844 732 19364
4436 -540 15428
3140 4732 12788
3904 3976 14680
176 -984 19208
5072 -3096 17388
52 28 16216
4884 2088 14544
4736 1088 16360
3880 -788 13080
1624 680 13772
1756 1744 17456
2732 -1116 25000
7012 -824 18300
6116 4852 9040
3520 3572 13232
4796 856 13968
-408 -1760 19264
1228 -1640 16372
3400 2212 15740
3376 548 13148
6776 3180 16516
2876 1604 16260
2096 -664 15744
6072 1156 14640
2248 980 11408
704 808 21812
768 -2660 15996
2536 -1484 14192
6444 -1772 18300
1228 -1748 15952
8424 1144 14608
1568 464 13444
3532 -2584 18496
1460 -2840 20772
1108 176 13012
4704 760 16968
5232 1960 12508
688 -484 14408
692 -2360 16588
1256 696 19152
232 -1016 20964
6244 -1176 12168
3428 -220 12728
4068 1860 11920
2436 1388 15460
900 -140 15404
1524 -156 19892
-252 2156 17924
3288 2192 13748
3904 3384 13776
2472 -64 15280
5676 1208 17768
1572 856 15328
4884 132 18824
5328 1220 14864
3580 5384 9452
4960 4052 13864
1700 2392 18336
4712 812 17020
3212 1524 15824
2000 -200 16068
4216 1188 17740
4128 916 19104
636 128 16536
4632 712 17448
4376 1080 14848
3700 -1888 19604
2668 -1596 14384
1692 1392 11400
2840 3220 15756
2856 3108 16176
3020 56 12312
3384 -1656 17488
1012 -172 13808
1456 1372 17828
2544 -296 18316
4900 -868 14204
6528 -1488 13096
4156 -4040 19272
6560 -888 17408
5360 1852 12948
5744 2780 15156
2112 280 16720
3220 -572 13292
1856 892 17028
776 1412 16468
1724 2364 15580
5056 2548 16432
1376 1764 13692
1112 1936 16204
3884 2384 14844
5068 1396 16160
3292 1784 11848
3580 2040 18884
3816 -240 17932
6548 1168 14364
4680 2684 14440
3684 -1284 16628
3816 -1560 18356
4532 -872 12028
2412 3096 8292
1668 968 18788
2348 1224 18336
5736 740 12392
1768 1752 10864
1248 -1792 16648
1816 2292 19980
3096 -388 14272
6908 2916 16840
6352 -224 12308
5940 -1460 15228
3292 -172 16396
2816 504 16128
5312 696 19288
6040 1188 13256
4476 -1216 12232
2184 -1248 13552
2244 -1624 15108
1248 -580 16612
80 184 15400
6284 76 14012
2712 -1016 13072
1708 -3588 14840
-468 -1424 16620
832 -484 16892
4888 504 13688
1908 1428 20128
2928 -1228 13220
3568 2188 10544
2260 1464 17552
2712 1880 18476
1288 1544 15724
1636 1004 13788
1772 480 15968
-948 396 12484
6096 340 16072
4344 -988 16776
3796 -1452 13232
5644 -212 13136
648 -2312 18580
4872 -2792 17552
6524 488 15312
2356 3904 14524
1444 3284 17480
904 -1380 17112
2120 -980 15200
532 984 16464
1940 1120 19880
3572 88 15928
1124 192 17016
4188 1480 16516
1952 1404 15204
1672 1624 14352
3528 3140 17856
1540 2884 14736
3276 1764 17540
2136 900 14332
1464 528 19388
4052 1876 16024
5112 1152 13284
2632 1120 11748
1784 1216 14588
2700 648 16472
4432 -1316 13372
1972 -1024 17300
2416 -1580 19312
2916 944 13576
2476 572 14984
4708 2292 14904
3856 1372 16640
2264 2024 12952
1784 640 16436
3148 36 16988
1696 -348 16024
2176 308 14540
3096 1124 12820
3444 3812 15824
2540 1160 17188
2548 -380 15904
2652 -396 14856
3984 3348 12560
1056 576 17040
4912 -4 15512
2364 1740 13928
4808 -168 13180
3876 -668 12532
3652 -1076 11120
1732 -1236 22232
3356 -348 22232
236 -272 15696
6788 3036 12636
-868 224 19708
2856 24 17848
1412 1344 21956
4308 -864 9804
5552 2036 11980
1856 3784 16456
872 1764 19976
2084 -340 18024
2988 3232 12832
912 1244 15808
4120 1724 13020
3400 2476 15844
3388 256 12964
6032 3012 16728
3356 -132 12992
7276 -2320 16988
5264 -2180 21232
4064 -16 15216
1000 5124 18988
4396 3032 20064
1972 -104 20300
1020 28 18436
2324 -28 15804
-560 -216 18932
1876 -24 18996
4304 1192 14584
2584 3296 12804
4120 1996 16736
2852 864 16896
1796 424 15372
4472 -1264 15868
3496 2324 13780
1676 3296 16340
1892 2216 16352
3912 2548 15944
5732 1996 16200
2072 736 19064
1752 856 16900
-1652 -2104 18800
6296 -3328 13648
1600 568 13908
816 236 20952
1404 -1548 18604
164 -1392 15816
3224 -604 16568
1332 56 19352
996 964 12816
6272 2132 16272
6832 3340 12736
2264 56 12260
2336 -644 20864
4364 -1008 14052
2720 1340 13168
2408 980 16552
864 4192 17088
5376 1736 13640
4284 2896 12592
1132 2548 15512
5000 2724 15352
2268 -52 15892
1636 -788 14036
292 1624 15552
60 1764 15632
448 -2340 20136
3472 -288 17024
5332 -568 14140
1220 1732 15380
3564 1104 15400
3040 -2016 14532
3992 -1052 18976
5396 -756 15808
2708 2300 17056
6240 1212 14276
2028 -480 19100
1756 -268 16848
3744 2048 12276
2764 2976 14156
1920 948 19968
2556 144 16616
1364 -36 13404
1072 2584 13592
4340 3420 16428
3176 3224 10400
1080 1976 14688
3680 1164 14672
2972 840 15032
2748 -1140 15972
-108 -1980 17044
2376 -616 18540
3700 -756 11812
1724 -788 21092
4036 2900 17624
264 2216 15948
4904 -1616 17704
1136 1088 18616
3392 3420 14152
4928 2016 12156
4176 -548 14512
4228 -544 18712
2572 -296 15740
5028 2048 15972
7096 788 14512
5180 3952 9984
3964 704 15052
2584 1344 17340
1036 4252 14772
4688 1864 17688
1748 -1604 17388
1204 192 17508
4832 448 17852
1176 1364 12596
3064 472 17568
5148 988 13040
2744 16 15752
3076 -360 17600
3272 64 15856
3520 252 16256
1096 904 16472
1324 2296 18756
6572 832 16120
3732 2540 13360
3992 1112 13784
2064 -1684 14760
1996 -1032 21676
4008 -604 19596
4908 1520 11100
4876 2216 12664
3468 1800 16376
4316 1772 18308
1788 1064 14016
800 316 19364
2004 1100 19364
2656 1840 14488
4244 2488 16516
3352 1156 12632
932 188 13624
1888 -56 16740
2696 -2400 20016
4216 1180 13604
4928 4072 12900
5080 2144 18260
3560 -564 13892
5396 -1368 14308
2860 480 17276
2876 120 16780
1880 1412 23928
7168 1204 12460
1820 580 13108
-388 196 13252
-1252 1096 18868
2092 960 12640
5460 -108 14736
644 2956 16756
1744 644 22508
4724 1088 11736
2740 -1244 13808
3976 2732 14116
5200 760 11000
5656 752 11760
7208 212 11796
7164 2584 10796
144 -2800 20060
-44 624 22104
3636 780 16532
4388 1564 13116
1444 1204 18844
2896 -2024 18704
764 -660 19836
3556 -864 15140
2432 628 13328
3772 156 13428
5528 928 15096
972 136 15076
2864 -3488 14312
2864 -2908 14932
8268 3780 12984
2308 4000 16228
3216 -1392 18672
4372 -1068 12572
5520 -988 12960
4232 652 16128
2196 -732 18696
1212 -664 14336
2388 3384 12036
1212 1348 15364
1688 1016 18868
2504 604 15884
5004 2328 16544
3116 2564 14432
3296 3232 12196
1396 -952 22260
4540 -320 12072
1648 2228 12800
1440 3856 15628
4596 1148 14768
-16 984 21696
3008 -628 14052
7636 1916 16860
2064 -500 11188
3808 -1384 17564
4592 -2336 13000
-692 1500 12152
68 3664 17516
276 -1312 17296
4348 -868 13568
2872 2640 23980
4536 2264 13468
3560 -1460 12936
3316 2300 17676
4936 -232 13320
3936 2276 12540
3140 36 15224
3160 2272 18428
-800 524 20400
3116 3748 18360
-3788 4360 20852
2272 2036 16136
3364 3068 15204
3300 1180 14752
3208 2884 16720
1788 1248 15340
2176 -540 16812
3556 1732 16608
4000 908 9072
4364 964 15644
1988 1896 13108
-284 -1740 16356
5368 360 19968
6972 3380 10080
888 2340 10708
5076 3164 14540
-644 2124 19172
2560 1628 17376
5672 2752 11364
-1356 1380 19588
1712 -112 21088
4220 -984 14076
3240 1176 10360
2204 2000 18592
-692 2768 20684
176 688 19340
1632 68 15100
5488 2168 15152
1676 1280 15556
7580 240 17212
4436 1136 16384
1988 -160 12988
5120 -816 16508
2744 704 14540
4216 1600 14976
2976 2720 13980
3444 3220 14804
2248 -184 17596
1932 2284 14988
2736 -2516 15388
1160 1576 16436
3796 832 18648
2680 1240 16612
2704 1184 11920
2976 1336 14928
3232 2888 19396
-832 -288 21772
6676 -1116 14552
7332 2508 14536
3624 2688 14156
4948 48 17052
3736 1876 13112
1084 1812 14020
6676 3220 13272
-32 3676 13796
1380 1616 16300
5752 -1912 17000
-3248 -2752 17588
3480 -1956 15136
2948 328 18832
780 808 14676
7956 -432 15180
3224 -1060 7612
468 808 16316
304 640 18804
1572 580 16752
1080 -408 19040
1960 1184 17540
-860 840 13160
-188 928 21040
196 3156 16568
-408 188 17568
680 2440 24044
928 676 13756
2908 1464 16548
5736 5444 12484
604 3504 13396
2968 -1076 18576
5220 -72 15724
7256 812 15220
3016 1604 15980
6316 -2376 14344
5576 -1912 13100
3216 -228 10784
3124 -2432 20172
-56 -1980 24536
3500 1224 14024
8824 -1104 11448
944 336 14576
5720 448 15276
1728 -4484 12500
1512 864 15736
700 116 20336
3500 2220 19868
1000 672 11232
2176 2080 13044
2804 1092 11976
-2840 1732 22488
1068 -2408 20796
3980 1040 13824
2616 4368 16512
3404 2908 15564
4132 2944 12136
1604 1336 17116
1224 -576 15300
2604 -2232 14444
5372 -1280 15644
2240 736 17816
5072 -504 17852
3972 -288 16820
1472 -896 16664
7504 932 13516
3316 1664 15828
4396 2848 14796
5328 1772 12968
2072 1684 15884
1344 -908 18320
2844 -912 15676
3292 -1164 13312
4228 2768 15252
3216 60 13920
3688 -704 19704
2276 24 18792
2268 -3092 14148
6772 960 15400
5524 2080 14140
1544 3368 16176
2820 2100 16808
2184 2544 18396
2064 -1992 12780
2588 108 16852
544 -196 17652
216 -64 14652
4624 1812 16180
2632 1776 15104
4564 424 17376
2964 2036 15032
1988 624 15432
4828 -116 17056
3180 1200 15552
2412 588 14632
2296 2384 17484
2832 1020 17224
3708 896 13940
892 2464 16808
4452 1964 14648
2216 2608 15208
988 1252 13280
1940 2716 14724
872 2548 15928
808 -292 19220
1536 528 16264
544 1756 17676
2356 352 15876
3968 800 17160
2280 156 20464
3648 -704 16288
4792 2272 18248
6200 2672 14472
5792 2244 13836
3944 2956 13628
3720 2628 12572
2552 2040 14024
2164 432 12836
1284 -1236 16208
2616 -4200 13328
-2808 -3744 21000
5276 -2176 23008
2520 -460 12072
5240 -1328 13528
5556 1588 17740
4736 -1944 18768
5032 -3788 10288
4964 -1596 14192
2668 4772 18556
820 656 18960
5016 3800 17104
4612 3712 14144
2652 5060 15052
1252 4800 15940
-260 1268 16340
156 304 15320
1448 1608 13344
1132 1184 16308
1760 3080 13324
464 2364 16620
2876 1064 16392
1912 -772 17732
3776 -260 15072
2020 688 18076
4936 1532 17400
3812 3856 10604
8656 2700 9344
8340 4120 12804
1848 1336 14160
6268 1976 15628
664 -1184 22632
-1836 2012 20208
1252 2088 17236
4088 1824 17416
4652 5104 12788
1516 3388 15676
2736 424 15928
4104 -372 14828
3044 -1284 16364
5552 1204 12848
3956 3664 11008
3284 1688 21352
1976 2520 19468
2760 3404 15992
6904 1920 12812
4836 2256 10680
520 3104 17492
-2576 1552 24020
6464 -472 14844
-1012 -5896 17828
1416 4148 15364
8448 5168 7100
1400 -964 11952
10660 28 14976
1292 2428 16312
984 140 17204
3604 -2000 18772
1968 -1844 15772
3864 1284 15780
1176 3560 13536
240 -968 20832
3796 1312 16788
2800 2468 13788
2908 -1012 26696
4596 1392 12120
5928 128 12088
4012 3924 12636
3920 580 13944
5032 1476 16956
4296 -804 18584
5068 608 13384
4988 2756 11132
1200 4372 14764
2172 1740 12640
3504 5472 16188
3068 888 18324
1312 -416 17824
6104 -460 13028
4260 -240 13992
2980 3236 11548
5176 2264 11208
4168 1240 13196
900 1304 14968
3320 2384 18200
2588 -220 18532
1492 560 17204
4620 1580 17748
3232 2620 18288
932 2596 14164
10744 -1756 12580
-1016 1252 12600
2760 892 18656
4912 4048 19872
-76 -604 15508
7952 -116 16484
740 3584 18944
2244 280 14272
4960 -324 17652
128 2908 15308
5132 2020 12204
6608 -148 14260
5100 132 16112
9724 444 11552
8944 1456 12884
1860 4156 20656
1932 -4188 19768
428 -3740 20428
4448 1732 17712
5948 4656 12308
3484 252 24936
6460 -252 15180
4004 -1456 13160
4848 -3740 12768
3656 116 16744
3084 -1400 11192
5176 -712 24224
2856 2296 17988
3400 2240 9052
-8 420 16972
-612 -296 18968
6504 -3588 16364
4996 -3560 15548
416 -3460 15920
3008 3020 18680
4980 4356 15136
2572 -760 12512
6328 -376 15756
2736 3000 11440
4252 232 14164
4524 -964 17704
1480 -2384 15632
3976 -3104 19816
3504 1324 16920
5016 -1908 12664
4184 964 10804
988 -660 13792
4784 -2684 16372
1712 -956 16304
3852 2264 12832
2764 144 13764
900 648 14788
4032 800 12420
-8320 304 32767
-1144 -2060 29244
8064 2796 10868
8628 5992 4016
2612 6040 12764
2576 -1144 21356
6408 -4468 14152
7752 1272 13812
1376 2984 18604
1892 164 17464
6312 -212 13108
4480 -536 8060
7704 972 5728
5792 420 9764
1872 -2964 15436
6096 -3684 21780
1348 292 12092
3372 -812 13816
8656 -1164 21872
2904 1964 13268
6480 -16 10656
-6156 2220 16044
3000 -552 19240
4308 1380 10976
3708 2284 15144
3816 -288 20712
-896 -2012 21556
1296 -1576 19020
6020 1880 14124
2676 6184 9708
2144 2004 12956
8348 -224 3124
-2172 -1708 14436
732 -964 19864
10856 676 9764
6116 4116 7168
-3632 5108 32767
9732 3776 17244
9696 4268 2376
2668 3468 5484
-3264 -5396 25656
2056 -6880 30672
9156 1624 8788
5748 4728 1276
-2724 10412 18340
2788 -2048 29852
12096 -2760 5944
3920 -1664 -2836
-11552 1564 32767
5932 -4816 16568
2992 612 18152
-308 3940 19060
14224 -80 7920
11496 -16 3656
2540 672 10064
6368 -1644 23916
-2552 -4780 16452
5588 -1200 14448
436 3040 20172
1732 4868 19232
5464 1976 11056
5484 -2388 8172
-2632 2324 23628
6080 -8044 17308
1524 1332 8436
2492 4472 13360
6076 1496 16352
3200 -5164 21056
7416 1704 24208
4480 -2980 6192
13912 -724 1568
-3784 8712 12696
-4324 -900 30248
9116 -4144 27716
7400 40 1920
15600 1132 -2984
-112 8192 6516
-5788 3036 17944
3648 -4560 22556
-36 -3176 19744
4272 -1592 15368
-944 4948 15204
-1624 2592 19360
1724 -968 16084
1992 5468 19828
10452 880 13520
2832 2632 12460
4264 -840 9596
5580 1832 16956
6996 -104 16752
2860 2784 15296
-940 4088 15504
3444 2088 13416
3520 244 10088
2172 2168 17596
4504 -1144 28108
2360 -700 17684
7380 2708 15376
1652 404 15388
6656 4416 14096
920 1828 14480
2668 5520 16296
3508 1528 13776
416 1696 15544
1868 1380 19424
-552 372 26908
6928 -3736 22888
5408 -556 17160
2684 748 16192
8220 4432 12660
8584 468 14104
9472 532 14112
3732 -4492 29572
2788 -3032 19060
-132 2128 13448
5748 48 20504
4756 3536 13036
9076 -3496 14396
2468 -2992 10572
-712 -332 16796
-4084 2184 26736
6364 1400 21548
2896 3564 15028
3172 1704 13896
3144 -2464 20288
-3068 -500 19820
2732 148 22724
1520 1288 15736
4408 3604 16488
8368 4204 12024
7272 3040 6500
2624 -1912 20980
1760 -3764 19312
7104 -1896 7616
1336 4444 15528
-344 404 22284
5440 -176 17876
8612 4652 12840
6544 4960 10280
4600 1792 14628
4380 -3308 9728
1364 -84 15300
3692 -2188 19048
2420 -312 17932
3912 5468 18840
1276 5688 18284
4196 1004 13656
7648 1924 9912
4448 -940 15608
2176 -1644 15412
8016 -2256 18160
9684 -904 8452
6256 2500 13788
2656 284 27412
-552 2460 19916
2992 -664 12532
7792 -72 19276
4268 -520 14804
6420 2308 5616
1716 -728 15564
-4424 -2796 18980
400 -2196 17804
1380 -3096 13956
3956 1132 12980
1776 3472 14228
972 -1460 18348
5980 -1244 16696
4920 2056 13768
6236 1272 9888
4672 3320 13344
2008 2220 19864
4544 -244 17204
3188 984 15112
4764 2984 15620
1408 3800 15188
3152 -544 14456
3336 3308 15928
1748 4404 18056
4828 3236 18868
3716 3824 19628
2308 1656 12488
4380 384 11440
3420 2704 16588
5124 -4500 19800
3948 -60 23040
2168 -492 14204
6404 1500 14872
3764 740 14080
4248 -2108 11996
3196 -1680 18936
2036 -2936 15328
3820 -1020 11508
24 2028 15216
6232 1068 15724
5880 400 20132
6112 -948 12812
9952 -1644 14180
6652 956 10460
5496 -1576 9328
4588 -308 15124
1180 -1212 13432
5008 -2572 14624
1704 1044 17816
4532 2872 15560
1528 5356 15368
5312 1020 6496
1436 892 12296
-376 192 23888
1080 168 26516
4364 3364 18188
776 3820 13228
4212 4788 18596
7012 3144 15464
6904 1272 11016
6404 664 14576
572 -2112 14660
672 -4520 23012
2860 2248 17344
1348 1248 12412
4172 -1480 17520
3828 3656 13848
4780 1780 15124
5036 728 13360
6540 -1232 6440
5332 1904 9484
8072 -2556 22520
5616 -624 19320
2992 -3408 17560
3164 2480 18396
456 1036 19952
4596 4144 21584
5484 228 12744
8620 2268 9432
3936 1800 13564
3128 -1944 17232
1900 -308 17068
100 2160 17124
3500 3284 17036
1696 1212 17328
2796 656 16428
7240 -876 13188
7260 1244 9264
4724 64 15004
1400 12 17704
4144 -4784 18788
5748 -2028 16296
7804 1356 12544
5824 2488 13084
-1488 -268 20212
3164 -932 10192
1244 216 10832
260 6056 17132
-1084 400 19612
996 -772 16696
3776 1448 16420
5652 3656 13184
6864 -176 15212
4472 -1716 17064
4352 -1460 17440
4760 944 10120
5784 3552 13456
4924 2700 15212
-1096 4936 16200
76 2524 18992
3512 1636 17144
2640 2400 11984
400 1044 19144
748 1244 17516
4168 216 14076
5332 1696 17772
4908 1408 12356
7616 -100 12872
5688 -1764 17392
5416 -2888 17112
5620 176 15088
976 2200 11220
3044 0 12844
3548 -412 13152
1424 1180 15464
6644 -1464 14880
7796 784 15268
6588 1336 6884
3980 -1408 12572
-36 -2388 21136
1420 -368 17440
5616 2196 19140
3176 -288 17620
6980 1748 13624
3816 2044 13052
5076 752 14828
2640 -720 19012
984 1032 18576
2072 1332 16868
-696 1920 17000
1024 2320 16912
1408 2384 15168
1952 2944 12072
1072 1132 15484
2684 1992 16124
2452 2000 18540
3564 324 14732
5556 1924 13584
5028 -628 14048
8424 -48 15048
4892 -332 16444
3896 -2520 16168
4456 568 15456
2960 -20 17968
8496 -1104 15928
3044 2560 14272
3020 624 13588
5584 -212 19668
-736 -72 14376
5396 -44 15928
2836 1128 16396
2940 1072 16144
2020 -1172 15184
3932 -384 17340
5196 -572 15608
4732 -48 14824
3536 -1100 14160
2648 -1404 14560
3696 1564 13300
1588 140 14616
2024 1968 18604
3296 484 15024
4164 -68 13408
4656 -336 14936
-276 1252 13420
3932 -740 17996
5384 796 17588
4476 428 10500
5460 -160 19496
3184 -632 16404
4072 180 15396
3416 592 17644
312 200 16708
3628 192 14300
3736 2448 16984
3884 1340 13968
2056 -860 16664
3748 1540 13796
1888 -52 19524
7160 28 14724
4092 684 14164
2476 -200 16324
5916 316 16204
1884 8 14752
7692 760 16624
4340 1340 15488
2728 620 11284
5476 -932 15952
1740 -908 16256
4288 1760 14276
1368 2596 20636
2480 120 14688
6172 -648 17020
2844 1928 13336
376 3052 13988
3288 -276 19032
6088 2120 15800
2824 1172 14188
3536 2892 15612
1456 -756 12644
3852 3816 17380
540 252 17720
2376 -144 14368
7784 296 17428
680 1604 11408
3824 604 13880
3356 264 16820
3428 -612 14416
5824 1168 12556
4500 2728 19772
4168 -596 14328
2876 -124 17428
924 1588 18532
4700 -1796 16392
5592 -824 20936
3508 -820 12612
4916 756 15564
3480 1104 15340
408 -1188 15376
4352 3296 15936
2092 2476 14908
3528 2396 14264
3600 1732 17476
428 28 15228
2052 -196 17832
4044 636 14816
3636 1156 14104
3860 -1432 15716
1172 560 18544
2472 1036 15608
5672 2288 16768
4924 196 14292
4408 0 15480
7516 -800 16188
2572 -648 12756
4616 -636 15080
3700 -1296 18252
1660 368 19044
6524 -608 14172
5316 192 15088
4236 2444 14252
2484 380 15148
3576 -680 14748
520 968 15620
5532 140 12300
144 1988 12972
2128 1364 17124
4924 1508 15844
2372 1500 11768
3452 2032 11840
908 1756 18504
5252 -3172 15684
7084 1920 12892
4444 844 11664
8704 1936 13656
4588 996 17160
2624 -40 13964
7236 680 18460
1548 -44 15668
4516 -872 15104
3324 2976 15776
1040 636 13988
3012 1944 17440
1396 1332 13728
4048 -276 16428
696 112 14928
5128 -384 14384
3588 1268 18040
2464 1744 17904
4180 1236 18028
3700 -584 15096
4772 -276 14024
2748 -12 14356
5396 1152 12600
6108 1820 14168
388 -1428 14220
5836 1420 11340
2676 712 17284
1816 420 12896
4184 232 18704
4404 536 18112
568 -1020 17700
5520 2664 15208
2976 2836 15952
6180 876 10716
4352 2748 14456
4448 2844 20116
4076 -2372 18220
3740 -228 11552
4556 4324 14024
5112 4800 17128
3356 1812 16636
4312 216 15724
5304 -352 14068
2820 628 14584
4320 724 16932
6352 16 9008
3716 1700 16212
2240 208 22360
2756 -1780 18724
4172 396 11120
5612 1872 14824
3772 2060 15640
356 -1892 20572
1020 -2008 19768
4072 -360 16700
2396 164 17496
5424 1796 14404
3400 276 15780
3980 -516 14604
6668 -644 12060
7228 1940 5884
-584 2640 12012
2032 2696 20672
6456 -2016 15372
4916 1088 12432
3772 5732 16428
5656 1088 23244
1260 -604 14920
2492 -2232 16320
-228 -640 12776
3288 648 20572
6624 368 14832
3464 2956 13176
6756 1020 14600
4648 888 14816
1044 -1664 14264
2876 -292 24104
648 2576 18016
1876 -4068 9348
2872 -684 18224
5796 -632 17660
5996 -680 13872
6744 2660 13300
5728 2896 13120
4660 -124 16376
1684 -4616 18520
4648 996 19456
1216 1844 15356
4856 3132 8360
1436 3992 14032
2820 1648 17172
6224 -2896 12208
5652 -964 12792
5792 -528 15788
5492 -1096 14584
2560 -116 23736
3320 1956 14904
8232 -2508 14736
2524 2100 10136
1956 548 14256
-32 -2716 18440
3496 -2076 18384
6588 -1388 16244
2328 -852 8808
-1128 -1640 18552
48 400 23116
-1212 -384 19944
3620 -1672 13328
504 -44 19720
1896 784 12176
3404 2428 12696
2504 3352 12296
3992 -336 14576
6140 752 12468
6268 3760 12904
5836 220 16848
-620 -1744 18972
44 -2992 18856
7140 1736 13728
3984 3256 12236
2672 3552 10996
1160 1236 19904
1696 -2204 16192
3812 -1644 16028
6016 936 19304
5020 2176 14912
1756 -1452 14656
2896 576 13980
3380 2124 15728
3392 2228 15100
2852 -412 13048
2592 236 14716
7092 2020 10684
2968 -1624 16620
6684 -872 16280
6052 -172 17492
428 1392 14496
3540 36 13440
5248 -924 15856
1192 -36 12332
3744 -776 19196
4508 1592 13100
4168 896 15744
5164 -324 14892
2340 1384 16416
2348 -3116 20604
1884 -452 17484
-1296 1488 16568
3896 776 18660
4852 2156 11792
2868 2292 11668
6084 988 13512
1608 1332 14076
-380 1820 18180
5756 1568 16440
4760 3968 11412
-1320 4256 18088
1756 648 15352
1800 -2992 20020
6036 3104 13688
5880 3344 9372
2560 1940 15604
1760 -648 14068
4156 -104 18944
-336 1628 21772
5516 -1188 15132
4340 604 15772
4404 2612 14316
5056 2492 12184
3360 -1328 13004
4220 -620 13616
40 1832 18160
2212 -1512 22712
7628 -712 17516
7988 2592 11208
2200 1284 6888
1740 2592 16576
-4052 -1848 22936
5308 1456 14392
4268 600 12308
5416 2760 10980
11020 652 11568
4616 -1956 7556
980 -1700 16280
1900 1368 25968
1056 2328 18892
1424 464 21596
5272 1320 17064
7052 2176 8632
3860 856 13460
8384 1008 13844
4884 -964 9196
792 1024 15764
-560 -380 27540
4508 -2048 19744
5772 -72 10584
8524 5836 7180
3852 1060 15688
-1344 -2144 26880
4552 -3152 14692
4132 -716 7020
2112 2176 10440
556 1112 21508
4624 -4168 17144
7856 -2796 9840
4588 5600 10436
-1100 1240 22324
2000 -4684 22936
3104 -264 21132
1836 2832 12496
4020 2048 11220
3328 1904 16548
5184 -716 13728
4952 -752 14952
652 3588 13332
2360 520 21332
2412 -1580 19536
3420 2360 14384
3748 5632 11556
2936 3772 10060
1280 1900 19528
3480 1496 19372
4596 1856 10000
4548 1936 12952
5264 1736 14148
208 1124 20380
1788 644 28700
3684 -208 20564
2020 2448 12160
5924 2456 8176
7228 2136 10164
460 180 12968
5972 -2356 17820
3164 -2788 20652
3944 -2312 17016
3900 1592 14760
4136 1340 15896
2636 528 16788
1960 -920 15360
6516 -836 14604
5532 1400 14424
3420 700 14384
3188 2244 12588
3168 2104 14592
4176 -1064 18708
6600 824 17000
3220 672 16092
4412 2176 15836
-128 2432 16240
-1236 2572 14224
2564 -2588 16296
3988 -1300 16368
2156 3128 8756
7084 2232 10352
4108 -536 10696
-1512 424 23732
-1108 -1392 24324
6116 -876 10348
5448 5276 13576
2884 632 17480
2392 -3192 21716
1680 -4016 22172
3776 1228 17420
6944 4124 17104
4752 5696 14980
4144 1604 13316
3988 -1008 18192
880 -912 16336
5948 512 12112
5024 972 9684
-1352 3764 15064
2948 348 21448
5732 1240 14180
2272 3096 10052
5976 616 11812
11496 1256 14616
1424 148 11076
6492 -3112 16452
3436 1556 17208
-468 1436 18252
7028 -220 17564
4280 3272 17444
7472 1972 11892
-220 392 20524
984 -412 27576
244 -1040 19436
3400 1312 11708
6784 404 10660
5180 2516 9564
-392 1488 14820
3376 -4080 18312
4004 -1716 11984
9704 908 6704
3856 1208 11524
0 -2312 20832
2400 -2752 21516
2940 -996 16024
7688 2384 10216
4364 3024 13048
5844 -1612 13984
1872 -2872 18092
-868 1636 16688
-5088 480 21224
3376 -396 22456
4888 -888 6888
4468 216 13352
2304 3944 22612
1792 -556 20320
9504 -540 14808
5492 4012 14012
2572 4368 16808
960 4388 17184
1012 1080 18404
4832 -1216 16524
2948 2296 14640
5436 240 19956
448 1300 20432
3176 4656 12688
4368 3668 10064
3868 3728 10340
4720 1140 12888
5428 -944 20884
4620 380 14196
7204 2412 16148
1496 -1176 15580
1396 -1096 11872
4496 -2296 16432
248 1240 24040
5268 1232 18468
3964 1600 12388
1944 -1376 19772
5664 -3076 18400
8352 -700 13812
5212 40 10412
2200 736 19188
1308 -888 18620
-88 -2148 18480
2496 2796 15160
2032 452 13048
616 2792 15800
5612 840 14060
3772 136 13600
5016 2424 10208
6444 -3668 16748
3228 1260 17740
6696 3612 16068
8928 2324 13208
5184 3564 14468
3452 88 18312
2956 -3472 15152
5880 -908 13592
308 3368 12100
-352 2444 20772
-1632 1116 26592
-1052 2068 15648
6352 1000 16584
5080 4420 8360
1392 -1816 12548
1808 -3268 23652
4816 868 19220
6972 2432 11676
5724 3388 8056
4804 1728 11284
5212 1060 13920
7136 -1996 14940
-232 2376 17976
1720 976 23196
6292 -2328 13592
5360 4552 8200
2432 2468 20812
2192 892 23356
6580 -7072 14712
10164 -196 10332
-2548 2336 9772
3168 -200 18676
3188 -132 25684
-1628 1792 23828
7692 3296 15888
3652 1128 11512
7276 -196 13096
8764 60 14756
3120 -272 15440
4312 -2676 15080
7496 944 15172
6524 3152 12244
6096 872 14056
3316 1172 11648
3592 236 12380
3776 -2076 14860
-1212 -612 16960
228 -1092 23768
3816 -40 16564
2956 1904 13560
4132 2160 13516
2952 -2820 16248
2888 -3064 20308
4972 -2100 21784
624 520 17376
-12 388 12972
1928 3432 16736
7256 2232 11740
5688 2444 10620
4684 924 13576
7236 316 15776
152 -912 16672
876 -3728 20240
3580 -116 19880
4568 1800 17120
1132 1716 17540
2748 12 17000
6956 4108 11340
2852 2988 11440
3028 2444 13660
76 3328 19744
4684 700 18656
128 1100 18652
4524 1848 12632
4408 2884 13056
228 2340 14224
2896 -1012 15592
2432 320 14872
128 4364 16728
7108 -1624 11944
1840 1168 12640
5068 560 14620
5220 608 17104
3324 212 12080
8020 -1028 13516
3740 1440 15564
5404 1812 11096
2208 40 15580
1964 -1408 21564
6320 1084 14800
3708 2164 14932
1112 -928 19764
5320 -540 18792
1936 2716 18300
6108 1580 14224
5528 344 9864
2584 2804 10808
1976 -1252 20552
2384 -1236 20260
3416 1372 13356
6176 6316 13584
3544 5116 11832
4208 1272 16672
7632 -664 14900
1428 496 17440
580 -256 17632
2508 -608 20980
2392 2768 15992
4192 2336 18172
92 1308 20840
5336 2104 18040
6092 -996 15820
5288 1892 10120
4252 2924 16200
-2260 -288 19512
408 1908 20840
6956 524 16476
4300 4424 9408
3632 2348 10312
5688 1096 14568
5372 -2212 10828
4780 1388 16868
3604 2896 20896
3732 -1340 15696
7296 320 16308
5520 3360 8720
1276 -772 17824
6456 -1072 15456
-1900 872 18688
1308 -1516 21652
3556 2872 20184
1536 1312 14028
8648 3244 8596
4568 1432 12888
4632 1972 13612
6340 -4000 20892
6852 -2512 20680
1032 -684 15572
4284 1508 13576
1284 -924 23376
5840 2580 18208
5532 1268 8936
4392 2412 9436
2912 2336 21536
1780 -460 25084
8024 -3388 14544
4696 4328 7488
4844 4928 14580
6208 -3408 11436
-3684 -2940 20248
1760 -212 19476
464 76 16072
2220 -1060 12424
3560 2836 18836
-1392 644 17256
5052 -504 18804
-708 1748 14988
2900 -1276 12948
8044 940 17200
-476 -192 17456
2572 -136 18748
1064 -5344 17864
7336 1508 13312
3424 5148 12488
3064 2572 15912
5660 -1416 15732
7964 -204 10072
4896 4112 12876
2912 1520 12532
2348 1968 15384
6736 -980 14460
7592 2280 16280
2448 944 18856
148 1268 17112
4760 -180 14560
3672 3448 12996
3376 896 17132
5404 3428 20844
6996 -2000 16476
4548 440 14616
6544 2200 14468
1456 -1476 17676
580 -1220 17324
3128 1296 16264
888 240 19820
3672 -620 14380
592 3172 16352
3100 -2536 17580
6068 -2744 14844
8756 2196 9460
2432 -540 12744
7008 120 18808
1804 -636 17612
4856 -1568 10468
7884 1512 12108
1332 2144 10984
1004 -1392 22816
3172 -68 18876
-1644 -504 16252
6844 1016 20464
2880 4080 15080
3864 328 11584
2168 -4592 18744
24 -2260 21228
3884 -3812 15112
5972 4952 8868
8408 3672 11564
3104 5116 15632
3300 -1328 21232
7348 -936 15216
5544 -116 10904
3620 -36 14804
3856 -3288 18816
2988 -2948 14824
5476 -320 12712
3148 2660 14196
2216 -748 21216
1536 -1108 23408
964 608 18908
7732 3408 16880
4532 3648 8580
10072 3268 10736
2272 1748 18948
3988 -4660 20020
-1140 2428 19108
8340 2232 14368
6528 4772 9732
4052 2600 14164
4428 780 16964
2360 2060 15060
1640 632 11108
5016 -1148 19524
2944 1500 16596
4752 976 10564
5856 4304 12940
6768 4340 14396
4292 308 18092
7376 -868 21584
4996 212 15648
1656 1580 14608
2168 -4840 18840
1752 -2592 18992
1256 -3476 17452
2828 2564 20280
6632 556 15804
2160 2568 18288
1964 1164 12724
4136 -368 11684
3984 -3392 11584
5724 -2224 12500
1624 804 17148
3880 1760 13572
6336 2576 14504
504 3788 16808
2028 -800 17420
2744 -2492 13832
1616 -204 19940
1420 -424 17392
3120 576 12804
3584 -648 12844
4660 640 16432
4356 -184 9732
4684 -996 16256
1076 -548 15676
2632 -964 16676
6200 3900 17820
-1956 4720 19496
4536 928 13424
2128 2512 12124
6172 0 15848
4120 2424 15096
268 4416 17400
7580 2012 15848
6736 1988 11496
2164 2664 9468
5036 4172 12844
4036 416 15224
1104 -836 19736
3460 -2212 21248
3148 28 15620
5660 -568 13956
3552 -1508 14136
5600 -452 14468
6380 -1048 15692
6380 -284 15184
5540 1032 13748
5796 -1844 15628
4124 -180 21576
-1448 880 15568
3532 2448 17120
3936 2660 13160
1252 508 14688
3608 -852 14744
2316 280 15796
5876 264 13404
2700 508 15200
5124 872 16288
4448 2536 11724
5432 1412 15296
2824 704 13336
3156 680 15416
472 1828 15868
1136 1896 15060
5504 2332 18100
2448 1804 13792
392 1168 18156
3608 1400 12376
1220 -312 19228
4268 -720 14628
3360 1244 14916
4464 2120 10292
3188 1676 15788
2528 1624 13024
788 2100 20164
2212 604 19564
2204 2272 18668
2288 4288 20324
3508 2572 19352
2792 -1184 17980
7192 416 19772
5828 -1152 15960
6276 -516 13228
3044 5284 14816
6204 2220 11536
6796 1176 11180
2620 3412 14492
4404 236 10696
2860 -1300 16384
1244 3332 16764
2836 476 17012
3288 340 17528
4700 -2848 16516
9464 -664 14204
8272 664 10976
9424 -852 13844
9004 -2396 18688
-4816 2036 22528
4900 -3840 19544
356 -1300 19240
-3956 3360 21796
632 724 17148
1372 -1424 19260
1552 -1896 15064
5024 160 9280
-1304 -2492 10524
5400 -3748 17432
1432 -1112 15440
4360 -4940 13768
1988 1060 19028
2904 -2364 15236
5620 -844 12508
5792 1332 14484
3064 2060 13876
-540 2336 15392
2264 456 20472
3560 -472 16824
2568 1864 16632
6260 -2176 16688
1836 -1936 16508
1904 -3488 19336
-144 -544 15504
-452 1204 22544
3520 2412 17872
1968 3020 14464
6368 1312 11744
180 -300 13984
4224 -1412 16372
1680 -3832 18604
5232 572 14348
184 4144 19344
5696 1564 16304
3356 1660 16692
4940 3664 13604
2292 3156 15480
8188 -612 17052
-1012 2156 18304
4620 336 12084
3344 3736 16412
672 692 15432
3020 2460 20680
2116 56 18012
6192 2820 15348
1808 1392 12088
1796 -1300 20596
7840 -1368 17188
732 112 12124
-612 2456 13296
5684 140 21144
4328 1696 13092
4192 3104 12188
4008 368 17688
2160 -3324 16100
4184 -380 18696
5892 5652 13164
4284 3360 14032
3236 1408 19100
6792 2792 17180
5848 -4124 13056
4900 -672 12472
1416 3320 18396
1020 760 19604
2036 196 15640
3100 5976 16588
2344 -652 18260
492 784 13348
5592 12 13604
2404 1960 10996
2052 260 18812
4740 -584 16628
2224 2240 14240
7100 568 15352
1236 3544 17208
4616 -388 18468
3496 1532 16060
4192 -1804 12032
4736 -1968 25296
4104 5260 15484
3972 1956 9324
980 888 10272
2496 -2240 14704
4712 -1904 12260
3832 2780 13256
1256 -208 19636
792 -3860 18220
4012 4020 11916
7772 5140 8792
2016 536 15592
8072 -3952 13088
6172 -2144 18500
884 576 14312
4972 1116 19444
6372 1636 13748
8424 -1764 5192
7060 828 6508
-800 -180 18664
1712 272 24544
-1044 -5488 16756
5732 -48 11352
464 292 13504
488 428 22744
3548 -4400 13008
4564 -2808 14168
-516 3560 13868
-48 168 19560
1260 -1688 17632
4788 252 15652
3092 1380 17468
540 -540 16068
8704 44 16272
3108 -788 13112
2712 3068 11980
-776 4364 21424
-208 1876 19408
3536 408 13712
1808 3284 15820
4008 -676 16316
2708 -2596 13668
3456 -52 18080
6652 -56 23856
4400 2080 9740
3804 1196 9784
8104 -1020 14868
4104 432 13224
-228 1560 14292
4088 2324 16112
-404 1176 20824
2960 -1148 16788
1960 1940 13508
1008 2912 18268
3004 2248 15056
4128 1416 19724
4188 868 16700
5968 1604 13020
7628 3984 10512
5148 2848 14236
1656 584 15996
3892 3220 20304
3784 2624 12916
4248 2208 16084
4844 5652 14100
-780 8100 16188
2692 1320 17800
2548 -964 16644
6528 632 12708
-684 1788 17592
7488 -4124 16408
3556 -936 12532
7236 3564 9944
3280 804 14660
2160 -4164 21416
5044 2984 13544
5244 4052 11312
3248 2276 12956
148 1280 19992
5640 264 16000
504 1168 12808
8532 -1400 14888
1416 -1060 16388
3772 108 19044
548 5828 15576
756 -3364 16316
3896 56 17844
3000 1312 12988
5992 2696 6436
-352 888 17776
900 -2072 20188
2116 -1476 19924
2184 4568 18384
2152 4008 15704
4668 1428 15832
2876 -4240 22952
6588 -2560 15216
9304 -2404 12660
8072 120 13092
4020 -1060 16200
3836 3000 18292
3664 3856 9432
1592 3196 15492
2468 896 16028
2772 -1468 17224
1184 -1632 11760
2148 -960 13884
640 -1996 21960
-156 1228 20968
6748 2228 18628
6188 1908 12248
11640 -3132 10464
7108 -1312 14068
-2740 -2708 18020
5132 -404 15648
4036 1572 20516
840 1324 16980
8480 3008 12488
5072 2172 7932
1104 1556 18996
-96 284 22448
4708 -3732 16152
-792 1660 20104
5484 544 16836
4376 1172 14944
5340 1656 9412
3644 -684 21160
4436 -1900 17320
7652 -2496 12132
6628 -936 9948
-120 -840 19476
-1472 100 24864
7984 -548 13848
2540 3888 12512
-496 344 13016
3952 2372 17332
2540 2128 20868
7820 3780 7716
4796 1588 12804
3472 -1124 17348
-1284 -2496 18412
5772 1216 16904
8624 5220 9572
2168 3548 9064
1084 5672 16412
2584 -392 18228
1820 -1896 19976
2964 2324 14252
3056 2268 12872
3984 -3088 19768
5160 -380 12476
7164 560 11512
2784 760 14220
3752 576 16296
4712 -1576 18248
3820 1032 14664
3424 2328 11136
4292 100 10928
252 2476 20180
360 -1516 21084
4816 -236 14600
6724 3376 9260
5788 2300 16316
-2292 3496 22212
3288 412 16788
3532 1392 15216
2048 2624 13032
6944 -804 14664
628 3124 15548
1016 -2108 17944
5752 1472 20452
6540 2400 8712
4652 1384 10920
3488 -2368 18024
5976 -2120 21572
2472 2584 13236
4200 932 12028
6076 1752 15932
156 2336 17948
6216 -2148 16624
1228 1340 15012
928 0 18436
4804 2032 17324
2664 3248 13320
5016 1636 5536
2072 2400 15576
-432 2388 16652
3656 -292 12032
2492 1644 13516
5968 1616 16788
2032 2000 16344
2744 3304 13232
2260 1664 9876
4904 -1004 15704
1328 -412 19248
3000 1420 16636
1952 3020 18512
1876 -1860 17892
5200 -3956 18300
1380 -1976 13040
200 356 15572
2184 -1420 19400
1376 1844 13692
2284 -1304 13112
2996 3996 16396
1932 976 16972
2400 2536 14196
6184 -1352 10652
4944 704 12744
912 2192 20460
4592 804 15804
5120 1084 10180
2796 3716 15540
5936 2396 16020
2016 -596 17984
5280 1576 17120
1840 2376 15756
3568 -2232 20664
2892 -588 16248
2740 -1432 16040
3988 788 19132
6196 -472 12328
6580 1104 16672
4900 -2760 11676
6512 104 14000
-880 -1464 21364
3916 -1000 19756
3616 1028 11360
9280 1248 5968
7180 2604 8364
208 -2908 15968
2068 -1480 24588
-1228 -408 20936
4988 3320 9028
9528 5184 6224
-2164 1988 14536
1392 -1956 22368
-1620 -992 20188
3704 -828 14432
3384 4740 15436
-1608 1496 18556
5172 1088 17356
240 3168 14404
5584 -960 10976
2360 240 20940
1824 964 21980
-516 492 18488
5168 1640 17892
7172 3072 11228
3908 3984 14828
7460 2152 12040
9396 1128 21496
6888 536 12608
1928 5088 16056
3704 3916 17916
1688 -1196 15196
6956 1692 7844
7696 4324 8076
2760 -696 23472
2912 -5076 20300
16 -768 7420
3248 1892 4532
-2584 -1360 27268
2960 -372 24444
4884 -2020 16980
2792 232 18060
6132 700 13832
3236 1568 13412
2972 876 16036
724 -900 15108
3084 -2632 23872
1024 -1264 20424
5048 2564 12320
8456 268 11240
1500 2860 16388
1444 -612 23292
5688 -1656 11052
6996 2228 9656
2368 5072 17996
1032 1764 19536
6508 2640 8612
6092 256 5648
-1896 4220 17824
8384 -1488 19264
7400 3192 8696
10452 4040 4576
-2976 -1468 28568
1920 -3032 21040
6868 1584 11080
6832 3556