3196 -1940 15556
3288 -2028 15404
3156 -1912 15656
3236 -1912 15688
3268 -1908 15536
3288 -1972 15644
3132 -1980 15440
3196 -1920 15528
3112 -1996 15680
3192 -1952 15644
3236 -1864 15556
3156 -1944 15640
3264 -1908 15616
3228 -1920 15440
3304 -1896 15592
3256 -1996 15540
3316 -2016 15540
3316 -1988 15812
3124 -1784 15552
3208 -1752 15580
3184 -1668 15604
3188 -1772 15568
3144 -1872 15492
3168 -1896 15700
3200 -1676 15584
3132 -1692 15504
3228 -1616 15692
3224 -1692 15664
3216 -1588 15620
3264 -1576 15620
3260 -1828 15744
3296 -1836 15580
3232 -1780 15544
3160 -1868 15604
3256 -1800 15456
3196 -1672 15488
3184 -1692 15420
3120 -1740 15676
3252 -1712 15656
3152 -1696 15580
3040 -1648 15576
3056 -1840 15568
3020 -2008 15624
3108 -1864 15604
3156 -1860 15472
3288 -1800 15676
3232 -1936 15540
3204 -1936 15596
3200 -2112 15432
3360 -2124 15608
3176 -2088 15584
3320 -2100 15448
3428 -2244 15624
3276 -2140 15440
3248 -2144 15284
3548 -2448 15532
3428 -2540 15380
3428 -2596 15436
3456 -2576 15612
3440 -2548 15596
3500 -2540 15688
3404 -3032 15636
3624 -4508 15476
3744 -3380 15536
3728 -1968 15372
3320 -1704 15048
3100 -2384 16152
3660 -3440 15820
3720 -2824 15136
2792 -2372 16168
3224 -2780 15936
4284 -3684 15132
4648 -5040 14916
4716 -2676 15988
5256 -1860 14380
5092 -2396 15408
5044 -1752 15212
5140 -868 15092
5100 -1628 15460
5084 -2440 15240
5480 -1896 15132
5664 -1360 15488
6148 -1680 14940
5684 -2432 14864
5480 -2000 14860
5804 -1360 15476
5004 -1452 15876
5872 -3296 14692
6360 -3292 13512
6116 -3264 14732
6108 -2736 15768
5784 -2728 14920
6424 -3552 14168
5984 -2200 13596
5548 -1824 16800
8600 -2852 15072
6588 -1980 11164
5564 -1048 12256
7804 -1644 17132
7528 -1744 19076
7176 -2284 12720
6616 -1316 11044
7536 -1356 19112
6020 -1584 13680
2296 -1232 12016
4724 -2888 15664
2084 -5500 16248
5400 -3632 17360
4016 -2176 16720
4116 -2504 13576
8040 -4836 13756
4696 -1744 15104
2844 -476 13308
7544 -652 23080
980 -104 13688
10596 4552 21608
3468 424 18648
5796 -4216 16680
2356 212 16052
3416 268 10572
5980 -2352 18564
3896 -5580 8968
4600 324 17520
732 -2128 16404
10300 -4444 10152
11844 -3860 16616
-1528 -6472 20032
11284 -3848 15644
5584 -2392 12200
3460 2964 18612
-1576 5136 17688
7604 740 17800
3312 204 16816
-344 1192 13668
4556 -900 20040
8016 -4576 10112
1272 -1540 16736
2852 -1376 16972
2904 -1712 13492
-2112 1976 20120
28 1768 19980
3248 1516 23780
-4720 -380 16904
-1188 6864 13628
-992 1752 16632
1040 3572 9692
7184 1444 12980
10628 -1648 15436
-1868 -6912 18032
2512 -6084 18396
4236 1848 24308
-3200 -4892 8804
5252 -388 18316
6752 2092 17600
-904 4576 10772
3740 3972 17116
2736 852 15276
3388 5396 17996
-1104 -5744 17840
5688 -5552 11188
2200 -3548 12944
1068 -4188 16936
6872 -2364 17152
-5372 -828 9180
6432 1868 22708
-3280 -1156 18768
4920 -916 11700
1724 2100 13172
5088 1132 16188
5252 -988 15228
3884 -1468 15104
4956 132 13852
2264 1168 15500
6360 1380 17428
3648 -2108 16220
7220 840 12360
-2536 -3780 17056
10616 -2332 17808
2524 -384 8324
3092 168 15136
5180 -448 12848
8312 1260 16172
3652 -872 12492
6344 -4192 9180
1880 -5012 22460
2296 -1024 13084
2656 5848 20792
4612 -3160 16764
2800 2888 14020
3856 2640 15684
8152 -348 20416
5636 -624 12060
9664 660 12420
-1784 -20 19584
3960 -1544 16544
244 1496 11744
11340 3592 20284
776 2608 18032
-276 1984 15032
11024 -1244 15192
-3756 140 14836
7732 -16 20804
4992 -52 9664
3280 1720 11592
7400 1868 12356
2948 2320 14392
2492 2428 19000
3424 -3120 13928
4160 3272 8636
5700 3452 17812
5468 3784 20392
4104 1240 11024
1472 1776 21104
5196 1592 11668
-3136 4672 19444
6272 748 11156
412 1216 17204
4344 6956 19812
6332 5752 11292
-3256 -3796 20332
4628 -3324 13824
4892 2668 9384
4272 5340 13540
3516 -6728 18696
532 -4484 16512
7500 2436 13576
-964 4956 10652
892 -10368 32767
5600 -1620 9808
1360 1864 14104
4100 -68 18160
6220 -1172 14560
5892 1824 9600
4080 -1768 20480
4964 -2752 16552
3092 2032 20024
7460 2132 9276
220 1624 21804
-868 3660 17044
-40 4656 12876
800 -4288 21340
7756 2324 13508
216 -52 14640
4508 -2016 16220
216 3376 15312
2096 1980 14660
7692 -7196 11416
-188 184 14852
-168 4216 18152
-1536 -648 15468
3228 -1700 21164
-1060 4108 14020
1912 -4584 18348
3676 -4328 21556
1972 -2136 11860
5432 1464 15548
1216 -632 19504
8396 368 7780
5948 7060 14156
3308 6468 15164
9888 -20 15756
3064 328 16912
2892 4712 13452
4592 2620 15452
-2368 -5004 16376
2120 -1248 16488
-4040 -6760 14580
4792 -1440 16460
-464 -1732 18176
1416 -108 16100
5256 944 16328
8272 -4060 13436
4024 -3752 15832
8628 3664 15048
2676 -3748 13424
8120 3160 15376
6992 -252 10792
7140 476 18892
-2100 -4824 9768
4576 84 11040
6608 -4728 20004
-552 -5444 14064
4964 4224 18176
3704 -2936 19244
3384 -392 13520
7260 3936 18476
5536 404 18200
-1264 1092 14152
9836 2860 11316
956 -716 16788
3504 280 10020
420 2572 10696
984 -5824 12712
936 -1168 15424
3280 -7100 13524
2632 -4616 14252
6328 -6000 12772
2676 -6820 18932
6520 -3936 15424
10080 1872 21544
1924 1352 11684
3480 3320 15312
7416 3440 11340
2676 8224 21356
4084 5460 17896
360 7668 20096
4588 1004 18792
6900 1416 17204
-3548 -2808 15264
3604 -5224 14256
868 -1148 14736
3604 1276 17124
-2844 -3576 23128
4480 4960 14448
5380 992 11928
-2756 3116 11380
5080 -4200 19736
1272 -500 16648
6800 -2156 21104
920 812 9168
2132 4316 10660
368 -1060 32304
6540 2252 7872
-3120 256 9440
8720 -1852 20052
3408 -456 8732
1476 -5000 20864
296 -1676 12720
-932 2688 19432
9116 -1796 21076
-5004 1988 15092
10792 732 14424
1684 -3212 16908
3328 -2868 13720
-2992 -2996 19928
7516 -5676 13404
6268 1580 13576
504 1460 11320
-2108 -1964 26852
2748 -1268 14928
2680 2136 16108
4504 64 19328
1728 -1444 24904
3824 -1548 14048
4524 -1380 16660
1236 1632 15924
3636 -20 25196
7276 636 10516
1168 2676 17108
4020 2908 20076
-1908 -732 11692
7232 4376 12900
3728 4516 12752
1536 -732 15852
3020 -3220 23384
428 -3168 16052
6432 4496 9188
8992 -9256 16728
632 -6092 25024
-3160 3672 18092
5220 1572 15288
12504 1044 9792
-8524 1856 16496
9584 -196 20324
3168 4920 20520
3708 3448 7748
3716 1840 20124
4016 -1120 16616
2224 4776 5116
4996 -1264 8536
10496 304 14764
-8080 -636 15220
11256 -5500 17108
952 -3332 15732
-1380 -1428 15336
5776 364 20584
7872 5536 12196
-4924 -5920 20408
5028 -9264 19556
4660 3172 11340
5040 156 12800
2736 -2196 25356
5668 1832 11388
-2440 -5616 19576
6368 -2444 19872
-3528 580 13480
1720 -2412 24452
3832 3408 16972
-60 3336 11800
2144 836 20484
-24 -7508 22776
768 -944 14280
3648 3152 19228
5740 3996 10048
1328 -4776 23780
6020 -928 8732
10004 1204 5580
3400 -432 2852
3628 -1824 8768
3228 -324 16096
1340 7844 15672
3824 4056 13372
7220 -472 15480
2836 112 10088
-1328 3696 22096
5844 168 18956
2776 -2808 8424
8364 1272 14380
-4592 3720 18796
108 -1256 23500
-1088 412 17496
1012 12 15380
1004 -276 28576
5844 -2192 5816
2708 456 26340
3004 4652 11032
-1156 4096 6336
3108 -1068 13576
-4536 -5800 13448
8704 460 9712
3792 1344 8508
3436 2056 11660
10308 -1672 9720
5076 -1048 22956
-2076 7692 21616
12672 1428 15936
5060 -148 12032
4240 336 16356
8336 2772 16836
-1916 -2096 12544
-3720 -756 27492
1060 608 19704
-3224 1140 18304
648 4108 14276
-1716 -4524 12008
1396 -2996 17976
6036 688 18504
-4132 -1108 7552
2720 768 12652
5368 44 9420
-5668 -1912 21172
11752 -3592 10600
3624 -3324 4872
8848 596 6432
5636 64 7368
5376 3588 12588
5436 2792 13260
6388 144 11208
-3544 3720 15068
3156 5964 21300
-348 1572 10804
6028 -7428 22656
-2268 -264 10172
1124 -4636 20972
2324 704 14348
-1972 2688 22440
7856 492 17228
-2052 472 10156
1520 2216 7452
8388 -6060 9752
-3692 1228 13704
12264 -2484 17064
3320 -5392 11952
3636 3808 19448
6860 -1744 15312
4612 -2400 11844
1584 2396 7952
3712 -900 16064
3388 4368 19744
1292 2992 26012
-1696 5312 14236
4800 -1332 13572
3088 556 15280
-20 -3780 14908
4572 3236 10616
3440 836 14764
452 -588 11936
1104 4524 19536
-504 -2872 16868
8988 -2132 11624
848 -956 5968
6428 2068 21316
248 52 3212
9628 -868 14168
11284 3068 23912
5184 3320 18256
4872 3120 10744
10560 4744 20908
100 -3208 21192
13332 3324 4428
-2400 3060 4916
6640 -772 21220
-1516 3456 17560
1088 3208 14344
5372 2196 21208
-332 1948 13708
8604 -4860 14508
3304 -2240 18808
2916 -3052 12836
6640 -1024 15400
3388 2812 14108
4780 -1008 15072
1456 640 10664
112 -8020 22188
10396 2160 16508
536 2356 14152
5588 2512 16852
3540 -6748 26780
368 -2152 18148
9220 -1260 14296
372 -1864 20348
5484 -948 11776
4308 -124 7036
4108 -932 14760
-7500 2556 11344
1284 2036 13444
-4308 -1540 14548
9168 108 15304
-1944 2440 15784
6628 -248 13816
-2152 3184 13284
4528 2556 9676
3736 -2936 19384
7804 3552 14516
6224 2240 17532
3228 -200 11900
6076 -168 22900
2788 1940 19368
208 656 20712
8820 -1704 18172
-4224 1992 18080
5860 -4884 18292
7128 -1860 12136
-2760 1880 25264
-2680 5664 14704
4852 -464 9460
13172 -128 13764
-3196 -12 31692
7328 876 17392
9496 956 15248
12396 660 1784
2436 -2804 7072
-14748 1504 32456
11432 -5408 27384
2420 -1276 10700
13304 -8716 17408
7024 700 18848
-5144 1320 15172
1380 -2708 17908
9496 -2012 19980
1448 296 18128
1460 -3616 11004
8140 1576 11136
7436 1192 16132
-1516 -1540 13088
6148 -3148 21592
3176 -676 18776
-896 3620 18248
4020 -5428 19080
2412 4128 10612
-760 1964 11228
9832 -2752 19356
208 3824 16140
6952 1348 17696
4064 -2600 7284
6164 1624 7672
9156 -620 14988
-3880 1088 9056
4160 1352 12072
868 20 19312
-4320 948 20596
868 -824 19960
11600 1820 11544
6556 -1264 10296
1264 8308 28212
48 172 19660
2624 8084 27440
5212 1144 11776
8780 -2876 44
932 1300 9260
-8264 1156 17984
6596 -2060 29620
3984 -6204 10956
-3184 6968 18332
6500 -7636 21940
2628 4412 17124
-3700 3080 7172
5156 1644 9992
10516 228 8700
932 -2868 4824
10348 -3308 19980
352 156 11488
5036 1064 19780
-2972 -796 21272
6036 1424 13496
9344 -984 9328
-5196 -2504 22348
-936 -3188 19652
324 -152 27004
4384 4936 12664
4504 -1504 4780
5028 1200 6164
5168 -6256 17924
-3708 -2764 21276
-2352 100 25120
5340 -732 16224
1112 1256 16232
4080 -472 13056
-2508 8 15240
2932 -3428 18896
888 -1924 18636
520 272 15348
4016 1628 14804
6340 644 8404
5280 -3700 23288
5192 216 15612
3516 -716 5084
2140 1624 14140
1636 -1868 13840
1396 -764 13592
5272 2864 16688
5072 3780 19184
2656 -2272 10260
8916 4100 14020
-3876 -768 14416
4400 2352 13644
-500 -376 22616
2736 252 17888
2872 -2368 12744
2488 1868 5512
6504 1848 6776
2212 1472 21332
4268 3988 18776
8452 -1584 15748
3552 -2136 22152
1084 1128 16040
332 -1256 17408
-136 2204 16504
-2032 784 11232
4552 -5952 22040
956 2992 13644
-1456 1368 12908
696 -128 17600
10792 -2756 12384
2892 -684 18604
10812 -216 6156
-1080 2276 13624
4284 -32 18524
5756 -360 8748
6860 988 10976
7712 5124 16408
-3724 -2028 9340
7608 -2696 17428
-2024 -2600 27508
2504 6084 10472
5664 144 10580
4128 2188 15100
4244 2280 19680
-1624 -1860 22332
6680 -4020 19076
6736 496 14352
408 2488 9684
4104 -332 11484
8320 2540 5588
1512 1152 11436
1072 -452 9376
10404 -2380 22092
2268 1972 17944
8300 372 11732
2364 984 18020
5664 1052 12104
5920 100 14044
-960 332 19276
8772 2048 11120
624 -1072 18880
2808 -3984 14100
8332 -4612 28972
2560 1204 12728
-3084 -2040 14944
4984 -2616 11456
5016 796 13648
3184 1488 13248
-220 2440 14184
4716 -3496 10904
12568 1652 14348
-3752 -1408 12756
6848 2152 15196
1664 2148 14440
7620 -1064 12444
3708 5044 24132
4548 -2700 9368
-384 2240 15300
7448 328 20188
-5672 2444 18768
2480 208 19356
2704 776 19400
1876 3468 9280
544 1068 12532
-2776 -668 14764
-1700 672 15176
10504 1468 20992
96 1940 22564
7256 212 12900
5308 -544 15256
1808 2560 14100
9208 -4672 16424
2892 -2656 16744
4920 -3032 11284
3536 -2612 21792
2060 3208 6660
4564 -4476 17192
-3652 -4144 19972
108 -1032 17832
6392 -2352 13944
-3780 -564 7592
1260 4152 20448
7400 -1740 17804
3900 -1148 15440
4368 3376 14468
6440 -6588 11120
-24 -496 17880
3588 316 17068
4644 1724 16252
10444 1844 10780
2856 -5764 18808
5080 -260 15896
-240 1616 19032
-1420 2864 18744
7176 -6156 13436
-1904 7564 19512
8084 -688 6616
1288 -6136 20748
9280 4984 16036
-1060 -3940 18372
7540 -1944 12616
-3092 -1060 25800
3420 2652 11944
260 -1840 12368
15420 384 4604
-11520 4544 15188
4504 -2272 20576
-4460 -124 18496
3856 -4364 14268
4740 2224 15080
6152 3096 19496
1848 200 16044
3168 -756 27372
5408 3268 14732
-52 3272 13796
20 -1332 25448
6516 2516 14496
1920 -456 19756
-912 -428 18032
3556 1316 17684
3236 3812 16712
2212 -900 10780
7028 -1656 19504
5492 -4 17396
3416 2828 16000
5392 -1696 13612
9364 -896 17560
5640 4080 18180
-4116 -1056 20308
11136 -6380 16316
708 -288 15900
8040 -8 7736
2180 1356 16324
4 1152 11960
4044 -1104 27672
-1308 1804 16088
696 -7764 8268
9572 2056 14844
4068 4744 9584
6556 -4016 9604
3084 -2012 15116
6700 1552 15984
492 -376 15700
4452 -1956 13060
-552 2708 22968
2000 -2148 19700
-3888 -3292 14128
6468 -2980 14104
7952 2464 17484
3432 -1076 19104
6232 -3668 14840
8584 -972 14300
960 1720 23768
6948 3496 15892
-320 -3868 15336
5128 888 14640
9864 2844 5172
-2948 1048 13136
2900 -4108 8052
5500 -316 18584
92 412 14736
6356 -5032 24984
3436 596 16600
2064 1612 13800
3196 -2148 19488
2880 -372 9740
5648 2020 19560
1084 2736 18544
1000 -1236 17976
5484 2996 18460
8356 668 16420
6784 2924 10016
-1820 -1948 17156
-2612 -2456 16432
6612 240 17760
8768 1264 12724
-632 -2012 11592
11804 -360 12856
3212 2840 13096
9576 1684 13312
8188 -2152 10876
4440 3176 7480
10208 1220 19628
-3684 2212 8700
44 5052 9240
-1168 1844 23196
3636 -960 16344
-424 3804 20036
-4056 -1048 15504
11392 -1068 16732
-1292 -368 15924
-2068 696 15656
6840 4336 17256
3624 -2000 10340
11928 184 17096
-632 4924 17188
5476 2232 11520
1888 3096 21208
3388 3184 14976
6040 -2108 18116
-2576 2216 19788
3148 -180 10088
6028 140 16080
2572 -3136 19760
6252 5096 11680
7556 -1444 7020
452 5264 16196
-780 1240 16812
-3260 -2144 17828
568 -628 18164
2328 -1120 17584
5272 -1872 15764
6008 -688 17324
7040 -1024 13232
2324 3620 12288
160 1492 12316
1696 -3016 19872
2868 -532 12764
8096 -2284 12592
-6024 -1532 21984
7392 -952 6820
1220 3692 7660
2788 -2980 7448
1748 -56 11320
5424 -828 11312
5252 2836 10564
12456 -1888 12160
2680 3632 14964
2548 1092 15552
-2916 -3464 14112
1284 -824 21972
3488 4276 23564
880 1004 23108
6284 -4916 12052
4392 5144 10660
2232 624 7736
5260 384 7584
2180 -5400 27116
272 1568 13804
2628 1088 16800
3140 2728 20068
1324 -2400 19836
3624 -660 13256
-428 1308 9808
3684 -860 20616
-1904 -256 12904
824 -804 20284
10772 -3240 16508
4492 752 12356
11520 -2120 16956
5228 2104 18024
756 472 14840
-792 -5792 19832
5152 4680 14576
-2424 -564 10708
9592 -2952 11576
-1868 -548 21308
4668 -2576 17040
7600 -1916 16048
260 3048 15088
5732 -4284 15432
6224 460 16832
3464 2436 15960
-3528 1096 21144
-440 -500 18820
2212 -2116 12968
-1696 -264 19388
6188 1912 18112
-2596 -1980 17280
10732 -132 7572
4732 1600 7216
-2196 -32 17948
3112 1380 13120
1584 -940 10672
2872 -2820 16416
3896 -200 13628
1636 1100 13120
-132 964 18600
3540 -752 23568
3556 2252 16980
10080 920 3856
-676 -780 9464
1516 1500 14280
3536 -3220 21632
3980 1716 14808
2204 -16 13756
-1376 784 16748
1484 1176 23304
3504 -2232 17172
13664 1960 15412
5128 3652 10776
-1236 -2696 14776
2780 -212 22728
6788 80 12016
-5712 100 11912
1156 -2064 10880
2016 -2852 20104
6228 -2428 13792
4780 -1372 18040
2948 4952 15396
2956 708 6152
10080 1228 10576
-6864 6248 15940
4708 -3008 25880
5008 -4076 11752
14116 3036 9108
11188 1032 8960
-1260 5312 10376
-3512 364 24936
-784 -2360 15224
9452 -3592 12732
-3440 596 6516
1264 3936 15848
5660 -1408 15808
-6168 7672 28296
1516 6188 19356
2312 -9960 1452
-684 -4644 13260
3904 2648 15400
5624 -5724 17352
2324 4612 17780
3276 4872 18776
-5596 664 23896
13384 -5896 13144
3312 -2816 18548
-1404 6204 15908
1820 -2128 21996
-2168 -6452 25792
7500 2696 12388
-764 536 11564
-68 -3360 16924
648 -372 16148
7112 -4020 13236
2048 3324 19028
5652 1716 10588
16800 -5768 18312
-2244 7724 8200
4004 -4332 32512
8772 3480 13692
1920 2164 17684
12620 -268 13884
4188 2168 10204
11936 1324 8736
3328 2036 14260
-5024 3568 11132
16112 -2400 4400
-4548 -3120 13864
2464 3896 17236
-3912 -3072 13708
16848 -1620 21060
11704 1276 14436
-6980 -3724 21392
4204 -3492 16636
3456 -5756 6024
6664 -2880 19752
5452 5820 6012
5772 2220 16668
-1656 -2652 29488
9556 -1448 25092
1968 3428 17084
3520 -6420 5004
-660 2244 14112
1004 1372 8828
2740 324 17236
7556 -1372 26844
-6236 3920 25076
6596 1784 12740
17476 -3236 3184
-1984 -1236 9792
19280 -1164 8432
-11712 3448 24760
7888 4192 26596
-5368 -3564 14040
9636 6544 15980
-2512 -112 7012
3136 -2492 9536
7836 2652 18116
1336 632 8972
8380 420 10216
-1088 -6436 25400
6284 -1736 30048
12560 140 12736
1112 -388 5092
1208 -1312 26544
11028 -1996 10156
524 1716 12068
9624 2200 14348
-12864 -3264 14984
-3948 -1540 30372
-452 -6544 13876
9880 548 9868
-1848 1108 12352
-372 -1312 21640
3032 792 15196
1772 -4068 20760
4476 -2372 21064
40 604 26948
3776 -256 14600
5096 1752 10920
1712 -2560 16600
-2388 -2164 17900
4172 756 23596
2520 1920 15700
8488 -4244 21436
3404 -2132 12036
4996 -784 17612
-6960 228 23220
9980 -3124 10692
8468 252 13904
8960 2756 11788
12148 6244 5832
1400 9880 4748
1124 -248 18976
7236 2196 15120
-4560 4876 24680
2504 -2604 27360
7716 1256 4228
4588 2348 5580
3356 352 16976
3960 -3672 12572
-1096 -3480 16176
11024 -3992 16540
5608 1712 17452
6584 1760 7156
10036 -124 7308
-496 3068 10604
-2892 -6832 27804
-4416 48 22956
2988 4044 16860
12712 1980 9900
4188 -3708 19240
1588 -640 17456
-2948 652 20276
5916 -840 10696
-5060 -3432 32652
2736 -1816 7740
6056 4112 12604
5548 2776 11324
1796 -2988 15772
116 -272 15392
2516 2140 16912
4220 2444 9588
5284 -1176 9760
1624 272 23096
8440 952 13352
-776 4620 17620
2436 2096 19752
12296 -2496 2228
6768 -1176 10792
276 -4420 20864
-1624 3260 17736
708 -2972 12688
5304 220 10472
-8868 -1756 18304
-6448 6412 13532
-7924 -4892 9180
12984 -5076 14160
6964 52 11040
-1248 -1324 17396
1816 -980 24392
1156 -872 16528
10852 -2528 21112
-1696 2608 17620
-6056 -1140 19388
4388 5248 10368
-5764 1040 11804
-1296 336 16672
3944 1612 10336
6508 144 9648
-5036 -1800 10316
10996 -1732 20092
7848 -2492 17088
2548 2720 5204
11316 1028 10356
-8092 240 29092
5848 2684 6800
-3768 -3788 19860
868 -2740 32767
16868 -2004 5800
6168 2268 16188
12152 -7840 4032
1588 2124 9964
700 -1688 26908
-11548 1596 26380
12428 2088 22732
12180 -4280 2412
896 -324 7488
-5452 1660 20776
10516 -2416 29580
10344 -3248 5224
8172 672 22672
-10596 3124 8552
10348 5912 20504
-10256 -1800 8992
3316 -1520 20552
-5676 4512 14672
9360 -3388 18332
4608 2224 16536
3252 -2980 19096
6692 3712 16876
-1148 2084 10512
3056 4100 7020
4788 -20 15604
9592 -2792 18988
5532 3496 16108
336 744 16096
-652 -1140 14720
6420 -968 17416
2708 -688 13300
3968 888 16756
1216 1252 15040
1200 -448 11804
4156 -2096 15004
2696 -1808 15936
7472 -1864 16228
1608 -2320 13716
332 328 19640
3552 -2572 16820
2876 -1784 12828
2576 -344 14144
1988 -872 10392
1344 -1616 21200
1224 -604 20472
5708 -2728 10092
-2372 12 9192
-9892 688 32767
15668 -3800 20828
7984 4016 4020
9096 1244 7760
332 168 24312
2404 972 19240
5844 2332 18856
2808 2000 2388
2320 -228 13388
-6196 2604 19436
-5356 64 23300
8736 -3628 13060
3968 4320 13740
3528 5808 15720
-1916 -5276 21992
9720 -364 11132
8580 -988 12296
8056 -9132 16508
-10620 6984 21112
5392 5172 19548
1484 -4904 13248
5100 -1676 9588
436 2740 29364
7992 -188 21532
6340 2160 9412
8100 -3696 10300
684 992 6496
7160 2028 14624
5160 -2752 8756
10104 -200 5428
260 -4316 13484
5220 2480 8776
3820 1660 14248
32 2188 21840
14328 -136 21556
3500 -1784 20480
11688 72 16400
10052 6156 8636
13668 -68 17256
-5044 6816 16332
3136 -2316 8364
2716 2856 10188
-2472 1324 22548
-984 604 25508
-4676 -832 16464
8584 -428 2096
-5100 4752 4760
1828 -5992 26900
9588 -1348 19368
20388 -20 23292
11088 -1240 18644
-2424 1888 5292
5080 -3280 20844
156 12096 17824
-1964 -6144 20736
-852 8900 26848
2044 1900 12968
752 -652 9344
-18492 164 11792
-2396 3400 12760
36 -5828 6840
-5280 3780 13944
14788 -6348 28736
7376 -3060 7576
20332 88 3672
8820 2784 -12004
-13700 2748 31092
-16672 -6240 32767
8752 14032 14036
1716 1720 28512
8452 8652 6792
4984 6784 20624
10792 -8188 -7044
-24 7124 1960
-5960 1436 19496
11580 -8292 11068
-4760 3940 32767
17440 -8748 20984
1672 -2272 -188
240 -568 6600
4016 7968 17084
11608 -7764 9264
-476 -272 22044
2456 3924 19604
-18168 -4132 32767
1540 -1728 4916
1064 -956 19532
-8912 3660 28532
3460 -712 26160
-1084 -4092 13308
4648 -120 24664
13636 7848 11684
-1136 240 3188
-16584 6488 32767
32767 5716 19648
-10500 -17788 4612
8040 4320 7596
-7560 -3556 32767
5148 2436 1456
12380 10268 5120
-27812 -896 11516
29852 6840 14576
-11468 504 864
-8220 -1488 31160
15004 232 32767
5188 -5808 -11840
7632 4044 8920
5364 6376 32767
11956 544 18720
-3416 6528 29804
5648 -976 10184
7980 1556 25040
4168 -5112 7796
-1960 -4776 4512
1692 928 6708
-292 -1596 26572
-2900 11176 -3068
-2220 -616 32767
11356 -4048 16660
23892 -7840 13504
-18056 -10300 5408
17140 -6776 28540
-2972 -1072 1520
6524 -8160 32767
4256 10460 -2068
-1892 7240 3540
-2100 800 19024
7776 -1984 856
-8236 7904 27648
15224 3116 25312
1308 -6324 6300
7088 92 10608
-3140 -9464 32767
17204 -3228 19224
-5620 7744 1148
-7792 2160 17692
1932 6664 32767
8672 -12652 9416
10620 3084 8832
3944 -372 10872
-3044 8844 29252
-3196 -4220 19932
9836 -368 13988
3432 932 15868
3988 -2260 30428
-600 -2520 29120
7880 6032 592
7848 4596 11168
-1260 5812 12624
-2500 4848 32767
1752 -9256 16944
12928 5908 22564
3348 4396 3728
4396 3852 13532
-17828 -296 32767
32767 -2256 -6956
-452 -1540 6884
-6028 3632 10740
4072 -652 27568
-8504 980 12700
12964 2532 20680
-5500 744 19032
-9572 2264 20588
4568 -4256 16500
6504 3160 1640
-3928 -8836 32767
10372 3156 14632
-3536 2224 14888
-1716 -3796 15344
5748 -1560 15360
1688 -2664 17352
-8120 -4304 26628
6844 -3256 8064
2776 -2052 6892
-1484 6404 32767
5808 -7832 22096
1500 3752 -5600
5000 2092 5180
4692 3104 19212
4696 3968 17080
14540 3320 4220
-6864 320 12764
-4792 -2024 8980
11160 -3664 24936
-5660 -2084 11252
3864 4600 10712
-4480 1884 21792
10180 -3928 26188
-19632 2632 29060
19904 -2420 3864
-660 -1660 16148
3340 956 17404
12732 6744 26604
1708 -1288 9624
9424 1404 11112
4180 6456 9976
-396 6616 21016
-3008 5356 19364
824 -10460 32767
1316 -1588 10456
-160 3680 12748
5488 -4908 9516
5364 -3776 12128
6032 -11120 15180
-9840 9008 32767
15236 -10636 17732
6984 -10140 952
5208 -7076 20828
-7296 3572 26836
7584 6312 22920
2364 -3412 15024
15812 -2092 -904
-8280 -572 17480
10668 2456 28740
7040 -1352 11276
14868 -7920 -7548
-16408 1272 19800
5388 14420 32767
5764 3056 19960
-7120 -2416 6312
16144 9556 5964
-7884 -700 13012
10176 11900 6580
1384 -11204 1636
3000 5528 12780
4296 -11620 32767
-2740 10004 23228
-5812 3912 22696
13168 -1420 10236
4292 -792 3672
-14160 -868 18572
12632 276 15428
14356 4904 3568
-8712 -3292 20444
6896 748 26580
-3540 -4624 21152
2408 3696 24660
9944 3152 16544
9676 1128 7180
804 -4340 -6348
-10500 7300 27004
-10020 2672 17720
26708 -9172 13048
-5888 -3096 10684
2352 6836 24452
2908 -1768 15252
3388 -3504 25624
5888 -3820 25068
10412 -5040 3516
13412 7276 26856
8904 1892 7268
6376 -2504 -492
-3408 -2100 15012
-9144 -2912 25104
1804 7096 14928
4360 2192 3640
3572 -7140 25984
8468 -3184 17148
8352 1144 8620
-1444 -4616 30660
5928 9760 7096
19100 -2744 10416
-3328 -548 8948
348 11000 17664
4988 16 1716
4608 1964 12828
6476 3652 20228
-10492 1348 15988
10676 3552 12896
-4344 5608 13348
13664 5880 -1236
-2428 936 21744
-11116 -3888 24900
7864 5140 10068
2064 -1752 3836
10000 -2444 18444
5836 -3272 16140
224 -3300 15228
4876 -2364 17792
4672 600 11476
968 6456 22832
6460 2476 13384
704 908 13496
-2068 4752 16992
4960 1392 16916
-2152 -312 15860
1192 -932 11688
4748 -2596 11724
-2464 2148 10752
2936 -2420 18208
12524 956 14336
-2596 -3016 30124
9784 -320 7856
6792 -1940 9736
-2392 188 14784
6308 552 12872
2616 -1328 17376
4152 620 14720
484 2924 25480
-3064 1908 16124
1948 -5096 18448
5080 652 10780
4144 -2796 3992
-5760 3452 8512
-2768 -1168 32767
12760 1816 17000
4108 -2528 8816
7996 -1224 14908
7564 -1416 12500
3008 -632 14112
9036 1888 16788
-1276 1136 15084
3156 3820 16288
-624 5240 17064
5976 1452 17800
6292 -1968 17036
5224 -4 9896
-6432 1112 17568
-7756 56 32628
4216 -3532 22884
6512 3292 3140
14568 -4472 3980
2388 -2748 16444
6852 848 12836
2932 624 6688
-3204 1452 15208
2556 -868 21432
8112 4508 17860
-2964 -1712 20012
11388 -5332 12944
6644 -3504 7104
-2396 -1908 25448
-3380 376 23196
-220 3896 15916
1384 352 25580
-3844 3424 10844
-10152 -1432 23524
4532 2584 16028
6760 -4 12056
-792 1780 14692
7152 2700 10240
6348 -44 8740
2588 -2196 9968
3204 248 18108
2344 -196 18588
4672 756 13596
10004 -2608 9716
-4676 -1312 13344
6476 5456 16308
-408 4860 13992
2040 -3160 18720
10704 736 10932
-2140 272 23496
-3112 500 14656
3368 -1948 25076
-1576 -2960 8408
2908 -52 20652
4528 -1704 17900
1488 -1848 13428
-244 -3824 17316
2984 1188 14192
13112 -456 13348
6100 3396 5936
6004 3368 9440
4532 1272 12560
3964 216 15952
2020 -3728 17788
7956 -964 15628
896 952 9360
9152 -800 9964
1128 4 12568
1072 -952 22924
8520 -652 17136
-164 28 15712
11604 1128 21132
-8604 2952 18144
11084 2832 18808
-1544 -956 13176
2692 -1232 17176
7840 120 17600
-2492 2876 22044
8960 -916 17196
252 -2068 17640
7336 564 14608
2420 400 17600
4820 -744 19072
12556 3292 14328
2872 2444 14772
708 596 20244
3564 292 15252
4628 2012 7484
2320 -1036 18728
3504 -2864 12244
-7896 2100 17944
1144 804 21692
8924 1664 13596
1940 -2360 14692
5716 -1844 15408
-3644 -172 11756
6524 -1036 13688
1652 1260 12448
6352 -5980 25920
6196 936 17700
3360 252 8116
4916 -732 20008
-1164 1384 16560
10172 -816 11620
-408 -96 12032
10276 1132 18076
-1428 40 18164
7092 2956 19564
2520 -2316 15192
1232 188 22644
9140 612 12356
3420 1112 16396
4848 -348 13152
1592 -1924 12700
7352 480 10896
-380 -716 11428
5404 3672 15512
-1688 -3848 19568
5292 112 15928
-872 -444 17832
8788 476 10756
6672 -3200 14448
2584 2416 18536
3080 -696 18716
-2116 -2468 15644
8816 -4484 13412
7720 924 13044
-612 3844 21468
7004 944 11320
-792 280 10456
1280 -1668 31372
3636 -192 19220
10560 -2100 11424
4128 -972 8084
-660 2552 10376
5400 1400 14104
-184 -136 8928
-888 -560 14872
1840 -2736 21112
2512 200 21192
8016 -2424 13996
7056 1112 11944
336 1480 6860
12732 1004 12344
-5904 -40 21040
5984 1888 26568
5100 24 18016
3384 4888 15212
2168 -576 16108
144 1836 22216
6040 -1928 16580
3052 220 12280
-1016 748 13960
4204 -196 18436
8096 512 12804
10396 400 11492
6404 400 10460
-1056 204 10520
-140 1872 16412
5612 1020 12856
6212 1628 10036
8764 -3368 23044
9596 -276 19624
8644 28 10616
2352 1800 16440
1784 56 19304
-264 -1884 15972
-328 -1204 12924
-1048 56 12136
1300 2764 16332
-988 1792 21100
1520 -2116 16252
1140 -468 13380
2032 124 14892
4660 3032 14348
4240 1844 17248
4588 1928 11808
5484 -1800 10776
1320 540 12460
4748 -1780 12588
1080 -1532 12440
4096 -3396 16556
1816 -816 16432
1396 -1324 13808
1596 -1780 20684
3996 -2240 18096
7436 -808 20416
6712 -1220 11092
5040 -1080 10364
544 820 15756
44 -2972 19844
-2324 -380 18100
5048 -1932 15792
2720 28 14464
2536 544 14744
6576 2332 17780
4736 3460 19856
4664 1148 17700
6524 824 11852
6260 -516 11904
6912 -416 11068
6400 580 12996
4100 -2352 13856
-616 -748 15676
592 -1220 17308
1736 -1992 19148
3312 428 18516
904 1540 18060
1724 -2176 17944
2900 -48 13120
1620 -2584 16820
3280 -392 14560
888 -200 13180
4660 172 14604
4892 1192 12084
4392 -688 16964
332 3340 14628
1692 1892 13488
3972 288 15504
5532 712 12392
1520 2288 12212
1504 -268 16428
704 -1236 18200
2068 -1424 22140
4312 -776 18964
3096 2008 20292
-964 308 20024
-524 -1552 24460
5960 -812 15284
3000 2916 14684
1148 -592 10596
276 -132 16128
2508 692 16772
7024 -876 12392
2088 312 12096
1600 520 14440
6164 1700 14204
2512 3036 12852
5520 4052 14688
5088 -860 13692
1684 3336 19388
3908 -520 15464
1468 -2184 21100
7916 1312 17068
2680 -572 20428
4744 932 23356
3004 -224 17704
6132 1396 13504
-2428 944 14976
488 88 19208
1868 -816 19528
4148 1332 17260
5628 1660 12428
1620 -196 7448
2868 -292 16016
3560 2584 15888
7784 2632 18688
3944 1988 16452
384 4152 16264
5000 2196 17332
2852 1912 16696
3360 -652 16348
-212 -2156 20892
1768 -2340 24124
5988 -1916 20136
3804 512 16040
2748 1584 11872
-1496 620 13456
3456 152 12704
-660 3304 14000
3288 476 20784
4936 32 12568
4256 -892 12052
8492 1384 14916
4700 400 20700
8312 -960 12876
7516 -520 21172
4236 -1656 16856
14476 2596 9376
6688 -312 17944
4708 1412 10224
-1820 812 13964
-2868 -292 16864
-960 -2288 28556
3992 -568 16700
-2260 1856 12108
216 -3192 21880
3264 836 10792
2344 -2332 19724
5896 -2828 17168
4052 -556 16100
4916 1528 6860
-852 3080 20500
-816 1668 16952
5636 424 16320
6700 -1600 17300
4336 -1188 9488
5048 696 17708
4076 1544 10512
1052 -980 13268
-580 452 16376
7012 -904 12024
5640 32 9640
-3492 -1248 32767
5664 -1156 17716
-1712 4604 14712
1316 -672 16680
13628 -348 12572
-1280 2160 15044
836 -3384 24880
6852 1972 15976
2212 -1336 14256
7988 2256 20904
6028 -1272 22376
4108 4692 14420
9412 292 16296
1532 4692 13128
8300 -1832 15848
568 -2696 15756
2112 -1500 10708
-52 -412 12396
-672 404 23928
2420 -2196 16132
10372 -20 19080
5256 1412 12724
8008 -964 12016
-2848 -284 16756
3608 -388 17404
-2512 -544 19744
-2776 -1296 18464
10352 -3172 9476
4808 2448 14544
3044 3316 10760
656 -4964 28004
4228 1764 14384
1484 1220 20008
7880 12 20056
3052 556 14296
4996 1224 14888
3656 -1568 8544
-1544 1704 18272
208 1020 18960
2984 1412 16516
844 2752 23980
8924 716 16512
1948 1972 16280
180 188 11736
4216 412 18008
1088 816 14196
336 -1124 16328
2524 468 11036
-7672 588 23376
-2204 1004 28552
4440 -436 17832
2704 -4040 15672
2992 -3276 20956
8844 -184 15500
2864 -2656 14820
5760 660 13344
1100 -912 13432
4024 -3164 18052
3968 -2584 13768
5540 316 8416
-4592 1704 15800
-2744 -2168 23900
7516 -3232 16720
6124 3576 8596
1124 -2152 6624
404 -1176 23552
3972 1488 16048
2996 172 13948
5988 228 18400
6824 1708 14200
5592 3148 9932
660 160 13940
5720 68 15252
2152 -540 14120
-1760 1340 13644
3300 1976 14960
4840 1920 14304
6532 2860 15624
-472 2640 17100
4612 1536 18412
1812 -48 12780
4572 340 12704
3728 3300 16492
3948 2260 16980
2516 -128 17252
5596 3912 13136
1620 -488 9996
2524 -516 13348
804 -3368 20916
3636 1648 20108
2876 -612 10872
8720 -1060 17528
9076 -2880 14832
7232 -132 18372
1216 1296 13420
292 -376 19500
5932 484 16268
512 632 14532
7664 3492 14668
5152 612 15528
3868 412 12464
1104 2068 16332
3376 1896 17772
4192 -424 17720
5460 -992 18972
5392 3236 15292
1592 1976 15912
-484 148 14896
4868 2452 14640
-1072 1896 14600
3160 -2772 17096
1480 -2040 14456
4824 3196 17840
3896 2612 24076
5680 1840 14140
2932 -1612 16956
1684 1220 17500
5652 1804 15020
428 48 18300
5612 2372 18792
2388 980 14156
5652 -2284 16660
3904 -988 12772
4620 -1904 15920
2168 656 18080
-884 -220 17128
2872 -788 16804
1712 2556 21136
7180 2432 16112
5956 1060 14572
5600 -616 13332
4692 -312 14012
948 268 19476
3704 884 18836
4128 -1488 15068
1992 1288 16996
1300 1672 15036
3280 -1224 13272
1328 -696 13380
3028 2004 13260
2780 1804 17392
4200 2060 13556
2532 480 14892
3792 1768 17064
5944 228 17868
2416 3648 17216
2988 1460 17824
2608 332 17276
4660 504 12736
6456 -452 12956
3128 496 11988
2664 -984 10368
1412 -1756 18572
1948 -1032 19312
1768 500 16760
3832 -1264 12964
5652 -288 17980
1064 1828 19300
5984 -924 20084
2876 -1656 13624
4832 800 12496
3336 -352 19104
-276 2768 17720
4780 1060 14744
2532 1064 17352
1296 1836 14836
2076 24 17348
1336 -440 12024
180 -1676 14056
2148 -3036 14816
3080 588 15492
1340 -2640 12188
5088 -2288 15328
-48 -616 16100
2900 -1104 16860
-548 208 16964
3992 -1252 17416
552 1116 16248
3620 -972 16744
2184 -1116 16772
4068 -2008 15952
2376 -216 15768
568 -256 16308
4952 36 16400
-1328 -1392 16744
5200 -2204 14248
3760 -876 15368
2844 668 16820
4808 -1172 16212
6056 -912 13496
2128 -4344 12980
4420 -1268 14972
1728 -360 16144
3464 -104 17192
4076 600 18444
3668 -684 12084
2580 -636 15468
4412 -2092 17856
3380 -1176 17676
3252 -2728 16752
2796 -580 15912
4172 -132 14716
4480 1640 16276
5524 -336 15644
4112 -208 15500
3016 -1608 13396
4772 756 16376
3196 -892 13624
2844 620 16996
584 -1292 14364
3896 -2340 14416
2120 96 16892
1764 -640 15040
1828 -2292 12304
2476 -644 14116
2120 908 14044
2320 -472 15124
4016 380 18888
4192 2936 16796
5044 1412 16120
3976 2316 17564
5300 1204 18068
2612 -436 17212
6444 224 19552
4284 960 21080
4216 96 15268
2472 160 11516
4420 2356 14480
1712 1112 17316
1380 1496 15868
3852 2116 15324
1824 1124 17396
5800 1880 18524
2972 2320 19404
4372 2008 16092
4260 4624 15392
7220 2312 19204
3704 3000 14576
5028 -1220 16604
1188 -704 18484
4576 3216 20072
1276 -976 12756
3484 -2696 20096
-280 632 18212
3680 360 12180
3284 -2276 16024
72 2428 16304
3096 36 19712
3280 1536 17208
4676 972 16944
2820 -928 13176
4780 -284 18404
5444 -296 19360
5240 -328 16360
5604 1576 16864
3300 -204 19812
-632 748 15428
5500 2792 13716
-1168 840 15108
5540 68 20176
328 -300 14092
4708 -1356 13108
2280 776 15848
2008 -944 19788
-64 -2008 12540
-280 -900 20624
6756 -288 19200
1980 -944 15912
1328 -1444 15560
6620 332 16804
5076 372 17764
2408 -532 15040
-364 -896 15000
1676 -1412 19240
2900 -228 19380
4512 -664 16016
4996 268 11880
1552 -788 12176
3248 252 18628
1852 -1312 19308
7236 -532 9208
6656 -3056 13096
1620 1184 18680
3680 1212 18700
5848 128 20172
1156 -1232 15948
7500 -1460 10500
-1544 428 12916
-2872 -3276 25456
5364 -1760 25248
4660 -3492 22540
3680 2484 13116
3800 -3308 9320
3116 2780 11704
1264 1356 18120
-136 -536 15452
2996 -1596 13976
1516 -2976 15240
3740 12 12760
4336 2680 12792
20 1412 17616
976 -84 21612
2208 2224 20060
9612 -840 11516
6072 1660 12952
5068 248 20296
6964 2408 20104
-1596 2232 13388
3752 -1124 14544
1992 -176 15804
2172 2732 14032
1808 380 18404
832 2088 11792
-1540 -836 23304
5524 2828 14736
3852 -932 14732
7212 4004 12568
5728 1476 14436
-4564 3032 12704
6028 2672 13204
7032 3424 10360
3496 1888 13380
2112 -4752 18040
3464 3948 15632
6112 204 12592
-2424 4792 13632
2536 524 20724
272 -436 16340
3576 1860 16900
4684 -372 13076
2492 1332 11196
-3292 -3208 15776
3368 1160 16636
2140 -1100 16656
2576 1660 12172
8740 1640 14824
-464 2468 14552
3516 572 21352
4660 -2584 17752
7552 136 16076
6488 52 10172
4464 -3152 15732
2384 2392 15776
2532 -3336 13576
6192 -676 13380
3344 1052 12376
4224 3596 11084
5072 -1448 16108
4296 1416 12576
6996 336 14276
3324 2312 16728
6116 -1388 25316
6940 -60 13956
3788 -1400 9716
-996 1832 18920
1756 24 16188
560 -916 19084
2760 -496 12752
-164 -668 24756
3148 3288 26092
4732 -604 12908
4956 128 14452
-236 12 11128
5928 -1004 17680
5268 1640 16920
6172 1252 12948
5592 1568 12660
1268 280 19880
1020 172 19968
6560 -1552 17120
6708 816 8160
2824 3796 9760
4308 756 15372
2268 -1012 18344
5908 2756 12632
3256 -1956 14556
4688 -1240 17852
5512 1444 15896
1776 124 11736
2820 -796 16400
4796 -3880 18244
5100 -200 10380
3564 1260 10960
1676 -1792 14812
-1320 -2980 18868
7116 -2492 14088
5820 -3924 12784
5312 824 20312
5636 -1076 20044
364 1056 18320
4480 -944 20716
1656 -168 19808
1924 -1292 16020
2472 -116 24212
2296 988 21148
6704 -2192 15508
1680 -256 14380
2584 -368 11284
2336 -2240 12960
1716 -3984 18876
1944 16 19668
504 -2256 17628
732 -988 17368
3232 712 16720
7316 160 14752
-624 2196 13848
3376 -2560 21224
2116 -1596 12832
7168 1396 6796
5580 1496 6352
-2016 1252 22400
2324 900 19560
3680 1832 19976
3920 376 18120
3884 392 14104
3452 -704 6024
1752 3600 12080
4740 36 13772
856 -1028 15556
1056 -764 28956
3892 -1968 21092
9972 3176 13128
3272 -436 7656
3136 680 17708
336 1244 18036
2876 -2340 16836
7284 -4088 13760
2640 -1976 14332
2572 -788 11080
-4112 328 20860
2628 332 19476
3488 -612 11000
4280 2028 10884
4108 -692 14964
2484 2480 14452
6824 1752 22212
-580 3888 18192
2444 1348 21632
3860 1316 18292
1864 1420 15692
4352 4584 16044
392 2540 15292
1704 1500 17996
788 2028 15580
3036 -572 15832
-2528 -444 21580
4788 2368 19252
2940 -1008 14668
6332 -128 10528
1888 -1820 15428
920 -732 15880
7116 -744 13656
3868 -2632 17028
3016 -1700 16072
4804 -1024 14952
2760 1032 12580
-1424 -1268 16404
2748 -1372 17020
4376 2468 18432
4600 2056 13900
3596 -308 21204
2184 764 12660
5168 -2828 14416
1268 88 17996
-676 1536 18988
5608 1680 13744
1208 -2268 15772
4340 -524 13560
3196 1432 11036
3560 1592 14336
3588 4292 17384
-528 2868 17672
12140 1008 15620
5120 1668 8340
4300 1440 11500
2744 -1884 19640
-1044 2208 20380
656 -824 16020
9100 -2152 18372
-1596 -2120 17420
2804 -1840 32716
920 1360 19508
9472 -952 11324
6544 3736 9036
-1692 -2692 10484
9556 -2948 14580
2036 -1364 9660
1924 -2396 19840
152 2592 16424
4244 544 19160
4576 2928 14940
5820 -656 12496
3140 3584 13944
8272 656 15916
3280 -4000 13504
2100 2844 23000
-2780 -284 19252
5788 -396 23280
1848 2012 12616
3280 208 15932
3892 -2680 14888
-712 -4864 12596
2232 -1112 13836
3132 848 13156
3520 -892 13004
-3532 -3896 21416
7944 -2536 16716
7460 -3992 11756
4776 -568 11132
6188 -3016 11088
3244 2384 19916
4728 564 16704
11448 1340 16728
2596 2212 9700
1488 5180 16164
-7120 2380 19492
2628 -3520 15756
1556 -280 23136
1092 -1912 17932
4736 560 16168
2868 2952 12812
2308 -80 12264
4724 -372 11384
3728 -1168 12184
612 716 13260
2456 -1884 15596
7188 -2900 19588
3572 -1556 11500
6080 -2008 9024
2500 916 8032
-4960 -1632 20968
4740 -1028 22788
7696 -1948 15492
4348 -2004 19560
4520 1244 18320
1320 2072 9248
3764 -1600 19064
3988 1324 14068
1996 -2392 12020
-1352 -1168 14872
5432 -1944 13812
4004 -484 14300
7940 1292 13004
3532 -432 13412
1092 320 10336
796 72 16568
8720 1372 14236
5176 704 16284
2496 1868 18024
8696 2200 18388
1532 1232 14592
3096 3244 14944
2548 1948 18088
1020 2092 16104
4216 960 16296
1072 336 15132
2952 -1080 15240
1016 -1636 17492
2044 -1464 17364
1844 -1484 15444
3092 -40 13728
1580 -2264 17172
4284 140 18572
4240 -2468 15968
3792 -1628 14636
5456 1132 14360
5984 2012 16628
3484 2024 16068
2172 -404 13932
688 3792 16148
-2132 2060 18924
-20 1236 12924
3440 2832 12772
3924 1584 13780
256 2120 13440
-988 -512 15516
588 -2436 18468
2080 928 20184
664 -1820 18168
1124 -1440 16876
576 3152 14152
784 -1168 22964
2632 -684 22380
1424 -1488 19072
3508 -1604 14400
4320 -180 15160
3528 1540 16768
3684 860 19488
3348 -1648 14020
1692 440 13996
2276 -300 11332
4560 -516 13272
3580 -724 11816
584 -1600 15064
4776 -1876 12432
796 -2520 14644
3288 -1520 23008
5308 212 20852
1640 464 16124
1940 1696 21136
5784 1460 17760
3968 2024 15000
-2252 -788 18056
972 -1148 19044
-1364 -580 22576
-2176 -1340 17432
1332 -148 20000
-4000 -1128 22784
2824 -4224 15876
8196 -5032 7136
5768 5052 11416
1780 2216 13616
2576 -3880 20908
7356 -4828 10420
436 -452 12084
152 1756 16344
5480 -2484 17760
276 3900 19416
4804 -244 10744
100 4280 11872
-2600 -468 14112
768 -2068 13452
1940 1664 13932
-2012 -1148 19856
5896 -2788 17548
3728 -1052 12128
5916 -3224 21284
2844 308 17248
4432 -548 14440
2084 772 17172
4864 132 15712
4012 -744 10960
3900 1976 13836
192 -1028 13404
480 -288 17036
3044 -344 12044
-3240 -1080 18496
6376 -1232 16860
5356 -80 13980
5448 1064 12812
7828 3500 11236
1724 2784 16100
3120 788 18564
5924 -1060 17328
4556 3060 14716
4800 1068 15104
5072 1028 18744
1652 -212 14676
3320 -204 12620
2452 -540 22548
848 -556 16696
7344 -3888 12508
5308 -2456 10500
6424 -1356 15064
6524 -640 17296
436 -232 16400
1064 88 15064
3652 -512 18888
2200 296 16688
2032 1668 14228
2900 3320 17104
2404 76 17376
2344 -504 17024
3272 -2528 13552
-616 -712 12948
2744 1180 14320
2248 -1616 18536
3980 1172 13076
3300 320 17256
2276 2944 21468
4240 -164 14164
5872 -5396 16772
5264 704 17656
8316 -812 11156
2556 -1256 18856
3692 1480 21892
4972 796 16508
-708 -1304 13188
4300 -472 15916
1628 1680 17268
1104 320 13364
2392 508 13280
3680 -1728 9264
1036 -2376 8948
3104 -1540 15200
2260 -3948 17064
4188 -3256 17512
4004 704 15892
1424 3084 11380
5180 2784 19040
3844 4124 18220
4432 3172 14392
4948 -1424 20552
4204 3640 18896
4044 1440 15156
2156 1772 18596
4376 1900 21296
344 -744 17288
5284 -520 16132
3624 1104 18624
3820 2640 17776
2516 828 16968
1944 -3476 18968
4120 -3988 12400
4996 -2672 10148
2788 3660 16388
4596 2852 20272
5956 1652 17280
4876 4796 15488
5092 1336 12360
-616 1628 13380
-380 -968 14616
800 -4 17588
-364 1980 15260
1796 2472 16192
2080 1104 18004
3760 308 21524
1884 -220 14640
4972 -320 12268
4808 2284 16616
920 3016 19696
5792 -1636 17532
6576 448 13336
2944 -3796 11768
1516 -1312 12472
5336 -2412 13092
5596 -3336 16488
4740 1752 13948
4852 940 14932
-2024 240 17900
1268 2124 21248
5044 -896 18820
3228 20 15664
2524 2348 13260
2748 1928 11408
-572 1076 17628
5324 3356 20236
6384 -956 15748
1940 -2828 12916
6456 300 17108
-1332 -1788 18416
2352 -804 16132
5120 -3844 12420
3976 -5328 13128
2876 -2908 19248
8752 856 11416
3864 -5128 15288
2232 -2032 14848
732 3108 14356
1380 -1172 10384
5452 -4552 12532
-2052 -2744 17276
-792 420 20140
1584 -2012 20652
5388 88 16140
3248 1056 18108
4448 -176 14204
-1460 2664 16740
2516 60 12304
4036 1080 15500
3472 2360 12936
512 2964 13876
4672 1872 13368
4660 -552 13508
1732 -764 14404
4980 172 12660
1948 60 16376
976 280 18516
7468 1268 17112
3868 600 19820
4544 2540 18656
-1128 1956 13904
404 1004 17656
2828 60 18024
108 344 15736
2172 -4084 15892
-1316 -736 15380
-672 760 19452
1704 -2472 16728
100 -488 15524
3896 1392 15528
6912 -1204 15980
5600 4264 15788
5236 1364 20840
4964 -1040 13008
2208 -3616 13348
576 -4308 14728
-500 -1824 20044
1808 -2220 14292
3708 -1420 16148
5528 -2176 16920
1968 1628 16040
2492 876 17824
3360 -556 17340
-324 28 16160
2756 696 15064
1960 2128 12664
3764 232 11356
3308 1640 19160
5412 2556 12064
4116 -536 11972
4372 1964 15764
5976 1336 16608
3624 2652 17872
4812 1572 11896
8356 1876 15876
4020 2704 12348
1232 -1204 10668
-5088 -2336 13052
-4864 -3768 28980
8188 -5876 18856
6872 -1656 9880
11144 6172 9932
3224 -1440 4192
-6828 2152 16672
1080 -292 25104
9256 5816 13320
1924 -2524 15576
5856 -1292 14656
1924 3032 10648
-508 304 21100
3640 -2708 14080
-1144 -4372 15440
4876 -3360 11076
-5148 2008 10532
1060 2588 32668
-3860 988 27240
8676 2516 17496
-436 2012 14004
-1096 68 6408
2472 692 9384
7752 2048 11876
7788 -1976 11144
-1588 -2588 21592
12932 -2028 16556
11096 -1620 12620
-4752 -320 6272
4144 356 6788
-3780 -312 19240
-8812 2324 28868
9292 4392 21976
-932 -1780 12308
4272 -4680 28400
864 2072 13804
4336 -2120 22460
-4856 -1468 16648
3212 -3740 13920
-1240 336 17880
1804 3180 15776
7192 -800 19708
1452 -1960 12412
10872 -696 15180
3364 -3168 9636
-44 -1620 14512
3860 -1164 19836
7128 -1800 12980
9468 -604 9052
3276 -192 12920
1340 340 12640
3660 -1364 21040
2788 -2928 17600
-304 -2432 15932
2728 3512 17472
6724 4528 15376
4028 -104 12044
3340 -308 11476
7856 -592 14352
2868 -1900 9284
2984 -1096 8724
-2316 -1932 23956
2124 1612 20420
8904 -1916 13868
3936 1224 16780
4248 -552 19688
892 8 17024
716 728 18120
6476 136 10816
5288 188 10540
1648 252 13556
1148 -1640 17008
2240 -132 21216
4904 -1076 17848
2944 1856 18100
4332 2300 9668
3132 1736 12308
4324 -436 7760
-60 -272 10268
1580 -776 12208
3180 1384 17612
5152 840 17724
3532 788 18116
1992 2336 14520
404 2616 12236
6160 -3204 15268
-260 5852 21064
664 4492 20292
7208 600 17096
7884 -2852 14760
-1280 -200 19832
6440 828 16304
2128 -132 13432
-1912 2912 18496
5164 -1460 15636
8128 -652 11032
3576 -4252 10860
5272 -1380 27148
7200 -100 13688
10892 -1340 6472
4892 -112 6632
-3028 1304 12196
4508 980 18416
10692 -2968 13192
5488 -2352 13788
3616 2156 20044
408 1324 24264
360 3076 22272
5024 -2784 24036
3180 1516 18724
5656 -420 9672
-1544 -2116 19012
-2516 -940 14640
3468 -1456 21224
5636 -988 14820
976 988 16460
6432 -1504 8636
5092 -2584 16036
8784 1144 16640
4776 -2924 12084
2452 -1592 18524
9824 820 13892
116 344 12496
1052 -1088 16768
3796 -2064 18080
2972 -1088 16504
-3916 4784 19932
424 1060 18904
5224 800 20700
-2080 5932 14892
3800 1636 20488
6764 -376 15928
10156 -2072 13288
8364 -1440 8800
1972 -560 12084
4708 -2072 13724
764 1676 7032
2492 2536 12356
-696 448 18128
9460 740 22016
2248 -364 16052
9364 2004 18276
3924 1188 7476
3060 404 16592
-1348 4384 17176
752 -2304 28312
5344 -4832 16636
800 -68 17884
3876 -280 12336
4672 2248 13596
-1808 152 18480
2348 124 19328
2468 1064 18308
7128 -504 12456
3112 -1384 16948
10528 2364 9072
8324 1220 9332
6412 -1224 20116
-1552 3524 19456
9152 48 9088
7412 -544 9740
8028 -780 10784
7016 -1140 12584
-2296 -404 13152
-1592 -1720 17700
-5508 3816 18420
4404 -348 24076
3668 2292 16016
5748 4336 9444
6552 1096 11836
348 500 14364
5764 -1084 20712
496 -5248 20932
5948 540 14712
5216 -1000 19796
7280 -2412 15856
-1044 2368 21820
4504 2068 20920
1392 -3732 12508
6856 -1016 7852
4568 -2684 9468
2940 60 10836
6696 -976 15572
1600 584 23976
-1580 696 23232
1436 -640 9456
9144 -2356 5936
4568 940 14000
1480 872 20252
4776 316 25704
3992 4424 17884
10672 664 7308
488 -1124 20852
-5768 1680 22932
2064 -1960 22512
3620 368 28604
4864 -104 7612
3524 948 4964
2820 -2956 8428
-3668 1868 20528
8188 -2292 19368
6308 -3052 16192
5596 -1128 5752
4432 -508 3548
1112 -824 14708
1148 -1124 27556
5952 -3812 24824
4264 524 11576
6868 848 3208
-492 944 6912
-5328 2920 19528
-1524 -432 26140
2676 -520 19316
-1028 536 12524
1864 -568 15932
-1360 1136 17156
5884 908 16056
8168 -1060 7204
-2716 -88 10044
-76 3992 27868
5780 -1192 18808
7756 -564 10052
8472 1308 11184
1324 1416 14472
-452 1204 20456
1196 1392 20404
1948 -416 18040
6804 -1348 14444
5884 -1176 12872
5848 3416 10500
1324 4392 15612
1768 356 15632
5988 -2044 11684
2620 796 10216
1244 1928 13460
-1456 -1816 22192
5100 800 20084
4780 -144 13296
228 1332 12584
4328 296 18724
5552 1228 17432
8332 -868 13128
4436 -1772 12124
2156 900 14136
392 2184 31968
4412 220 18888
7112 1248 9528
3864 -340 7072
2120 1808 7708
4464 -868 11228
1824 -1096 5372
4672 -1656 12484
1296 -1372 7612
6544 -3044 8444
12324 4156 28948
-3660 -1708 11336
12608 -236 11876
-1192 2108 24408
8176 -2320 17144
-2828 -260 20420
11508 260 10932
5672 -504 27600
1716 -1356 7188
-9048 3392 15864
-1620 3292 28680
-380 -2224 11384
12600 1764 7356
-1536 4980 8784
4236 1120 7580
8008 -5188 21376
2200 -2516 17040
16388 968 20012
3892 -3420 16148
5924 2060 10652
4948 -136 18780
1064 4824 16696
4484 3696 19632
8360 2380 9156
-2304 3508 15956
13880 1120 18664
-4016 -2272 17764
5956 2544 8916
-2840 2756 19016
664 -2172 6712
4228 20 21992
-36 324 8568
14236 -96 10204
-672 -2376 10164
5680 548 30344
1580 -2824 11828
6184 -3764 10232
7376 3508 5156
-2176 1304 14772
4792 292 18808
-608 -5052 16520
-8596 -332 27316
1536 -3240 18044
1956 -3272 29712
9460 2724 15984
7424 6844 10644
6348 1168 14732
4800 -2724 8468
2468 1632 13492
-2944 -100 20352
1688 1116 21492
-1252 4848 18564
9212 -2256 8204
4876 1392 6956
-996 4548 13272
1676 -2432 24932
2604 -208 26864
2476 1748 16760
12980 1312 9948
7676 6376 4548
3044 2588 10536
-412 2972 28376
1112 1424 30628
11464 -7332 8380
7968 4904 1748
1100 -2528 13120
-3476 -160 31432
4584 3160 17260
4136 -260 8404
4792 -536 8448
2816 -6592 18048
-1744 2012 18508
3320 -1624 22056
10876 -3124 10020
-4060 1368 21440
2324 1552 25984
2240 -1236 20320
1116 -924 13616
3928 -3768 9020
11764 -2800 15672
-1268 116 15660
3664 -1092 15348
3020 2232 11588
860 1112 13808
5956 1136 27984
-2224 -2496 20996
8476 -1124 10868
7256 3868 6756
5604 2452 9708
14428 -3244 10048
-1620 44 14784
12660 -1980 23680
-2176 4716 30540
-200 6400 8644
-8500 6800 13176
7416 -5024 15968
3444 540 22124
7476 2160 14820
-1972 2656 15244
8516 -3744 20896
-948 -3500 12048
8496 -1900 13968
11180 4988 1736
2932 2440 14368
1232 2184 23324
-1084 -9960 27584
4232 -4212 5844
11540 7704 2296
13384 9128 2560
-21060 4008 32767
22248 -13860 32767
4560 -1948 -11536
11076 14408 5068
-8776 11204 15580
6560 -15756 32040
-4700 -4796 9492
-508 4672 7792
6308 -7372 21952
-2148 548 13716
-184 3176 25256
2620 3728 9144
12924 -1844 4336
-24 -6952 31736
6872 944 20268
-1308 -3904 11572
-2312 1992 6592
10296 -2284 23432
8308 -4176 18404
-4952 -7348 20728
708 7108 14348
5440 -1408 12632
2536 5248 12276
9636 2892 9616
3384 1636 10708
792 -1328 14772
7648 -2764 14168
-1596 -4572 18160
9672 -1120 12920
-1540 5008 9208
3728 3832 9496
3164 2536 18524
-3664 -2692 26536
11152 -1968 12060
7520 3352 4904
3544 6244 13944
996 -2184 23320
-2264 -4892 23988
60 -1820 19216
4068 4008 8256
5844 -56 14008
-120 -1504 15896
-1624 -4000 23728
1964 636 21628
-804 776 12996
14308 -28 7684
12040 4344 1772
-1184 1096 5424
-9132 -10460 32767
5140 -1884 11760
9040 3760 -2688
10032 9680 13068
-4128 36 21584
9156 -9528 24512
2888 -3372 15936
1416 -1056 11972
8816 5920 19284
-3696 3676 18612
7040 -1132 9060
2492 -1296 14316
1160 436 14276
-488 -1316 25780
3264 208 16764
6256 984 18124
-1324 -4692 12680
10472 -104 5780
5176 3712 16600
-1568 3972 19128
8864 -3236 23800
2680 696 15844
1840 2976 12012
4480 -2628 13440
6832 1316 14852
5736 -3132 15844
6088 2036 15084
1900 2176 4380
2620 -5580 30008
2404 5700 21476
-6260 2212 11036
10768 256 10968
-1848 2844 17644
-536 2500 19064
7080 -3924 21488
6616 2212 6380
-3516 2044 15436
12736 4064 8784
-1268 -4036 17216
3628 -1684 22388
4000 1804 10292
4928 -756 15244
-380 3568 14900
7400 -80 20152
2876 1252 12708
9472 -5220 12164
1372 -884 12344
12656 -936 11692
-4152 1584 22492
2712 -968 19720
5572 2488 6336
3104 2364 15552
6616 880 11348
-7372 -532 9976
2236 -4820 18816
-1144 -5928 22340
676 6020 14560
4064 -1120 13352
7196 -1924 11604
2744 -1308 21436
2928 -2796 29144
-340 3280 9472
5280 -484 14592
2908 3924 13344
-6356 3992 29980
4040 -2748 17900
-1148 -6192 21300
1516 1436 14880
1736 1516 22552
1488 1172 13112
5536 -6624 14828
1480 1176 22124
6896 3944 18264
7272 -6264 14064
10276 116 6496
5784 520 17484
-3000 -704 24032
3812 -5008 20612
4756 -2756 10544
1304 1136 8712
2684 5428 8028
-136 -2584 20228
-2216 -4620 17420
4896 3944 17252
5004 3968 8028
2476 1988 12388
-3520 -2000 26520
3024 -1416 16240
6232 -1708 14788
2644 5788 11548
-808 -512 18488
10888 -1892 17436
-1596 -264 10732
9568 -2272 16052
10292 3792 8404
-3684 1944 26952
6960 -2592 26576
3252 0 18984
1560 1952 10504
708 944 16168
2760 964 24076
5264 -1596 8460
3456 -1544 15988
2576 -3260 17428
1396 1008 11796
6628 4024 9352
-7292 -4484 26920
10828 1244 5712
5676 6380 13764
-8044 -520 25756
6768 -2104 28216
7676 -1876 6272
1936 3392 8044
6440 5980 17872
5336 -6172 8716
9004 -828 13604
-6504 -992 29076
11868 -11220 19348
15684 -248 1896
3996 1852 3696
2792 -9468 32767
648 -5428 16336
8196 1036 7336
7092 -5360 1252
-10408 5728 18672
10920 36 16896
4148 -3576 9356
2096 -984 11456
3184 3200 32767
-2252 3620 13616
15396 -5400 6064
3840 4720 7640
8408 1240 16808
-364 648 16772
3044 -3108 11596
11184 -3644 16028
192 2064 4596
4564 988 12328
928 -660 24364
4172 -5208 24672
4228 -2828 5408
5016 3688 8168
7084 1364 14120
4892 -40 12968
964 -7820 23484
13332 -1512 6868
684 2224 13288
6388 -844 20128
7576 -24 13584
-5872 -5392 17476
3760 -3760 20916
1960 2324 19552
-2596 7144 7928
8800 -1100 27896
-2664 -2316 12056
2436 1364 9224
1220 -312 12028
3456 -2800 16220
7212 -1428 18716
816 -4256 19936
5320 -1104 12900
3108 -4252 26356
348 6280 17180
6628 1192 10812
6148 1752 12172
2424 3608 18212
-8 2364 10892
5476 -68 12136
8012 3548 15748
4768 -1604 12788
1616 -5748 17052
-36 -4160 17608
7056 -1744 17504
4844 3468 7548
1716 5068 13476
3088 -1524 24604
8020 -904 18004
5060 -1944 9800
7264 1196 13716
280 160 16824
7444 -668 14264
5080 -756 13424
-1848 -5832 25600
5432 2864 16260
4560 3244 12892
2364 4864 15624
5292 -2692 14988
4944 -2852 18192
3908 -2928 10724
7596 -5880 23016
4080 3888 13952
5580 -848 6476
-9080 1252 23588
4856 900 16468
1840 1384 18084
8184 4008 4672
2148 5596 17648
256 -4960 31036
2628 -348 3100
3668 -896 14548
5840 824 15452
1236 1652 26112
15408 2736 5976
3728 -4940 25292
-2976 -2140 9464
19360 -1264 18332
-8468 48 21404
10516 328 13552
8020 76 15028
-2580 8756 5692
8444 2716 10568
-3244 -196 15064
876 -1464 13292
8604 8 12800
-904 220 9220
2984 2608 26928
6440 1584 17564
4516 -80 21968
7900 2872 13448
4380 -1956 11172
-528 -6108 21320
-712 1748 23012
10000 124 15144
-2880 1016 18460
14664 -1812 9356
6812 2028 5648
-1972 320 27048
7068 -656 16456
-448 -3104 14236
-1492 -452 29476
9764 2608 22116
6212 -500 4268
2640 2424 16768
6988 6960 9132
8052 -4080 6164
-7276 -1172 30032
9516 -11084 19824
2328 -5016 13752
4188 4340 13920
1376 260 12980
1872 -1796 22960
8944 32 14184
1272 -3040 17984
7104 -328 9048
5832 -1508 15928
-3160 -3904 11604
11104 -2160 14692
3592 1512 16248
632 -2332 21776
2020 296 17484
5688 -536 13040
-5396 -3348 20652
12328 856 12848
-68 3184 12596
236 6524 15844
4248 -204 18420
5532 -4492 16692
-2940 -1740 12312
7700 -1416 13788
7900 -700 12040
960 -128 11200
11516 1568 11120
-852 2440 19956
4724 384 16692
1188 -5628 22004
548 -2728 15760
10144 736 10892
3296 5800 10448
2372 6124 15928
3040 -1164 15196
4468 -4564 23528
752 144 10308
4740 3028 9000
7112 1156 17628
-1768 2248 16104
7820 -1336 12756
196 -2284 21736
5068 -3196 15444
4720 2488 22156
3616 -4176 16924
5140 4300 6700
492 2148 14244
1056 -2292 16100
11568 -3424 20144
6296 192 1428
1988 1348 12396
2004 -2116 18444
1428 728 12480
2056 -476 18992
-3268 -804 23208
5704 -8 21528
9816 1436 17212
3172 4980 6992
7380 -100 17276
-2284 -1544 15432
8468 1040 17696
14460 1184 6896
-1956 5024 10252
5896 88 17708
648 -4104 28412
4052 1732 17472
340 624 15576
2692 4996 12476
-3728 3000 26740
3480 -3396 18072
10156 -416 6328
6360 7904 -5208
4956 5052 4800
-2132 -11420 32767
4716 3436 13700
6708 2164 6232
3584 11464 18232
-5948 180 17924
12444 -760 14428
-2908 -5080 18128
6656 4700 13096
9868 40 15676
-5208 -4564 15780
10884 -1728 12292
-1832 1728 19908
-4304 2804 21112
10440 -736 21140
2120 -1428 11780
-2904 -672 11880
7452 2180 14956
2572 716 14820
9488 -1048 8148
13456 -524 11732
3800 -96 18840
3316 -3172 14408
-2972 180 15544
72 -1604 26896
2168 672 23264
7200 1028 6696
14264 4380 -1368
3112 -4540 24512
-5344 -3596 20964
8060 -2396 13932
-2836 -5924 14548
-6180 -7544 26924
12612 -7524 17936
3768 6360 15896
56 5144 8492
6444 1616 6644
3684 -3640 17468
-784 -3068 16040
6568 1404 9360
-1472 3012 17940
7640 3696 7192
11108 2452 8112
-748 1320 14128
3140 -4232 26788
4212 -6940 23744
3164 -2640 5892
11544 7248 2612
-2668 4980 14760
2288 -3580 31408
11736 -4116 17088
3140 236 8916
3524 2912 11696
9140 2952 20092
2728 -1368 18756
4208 -488 13764
5264 3320 6644
6152 6168 7916
-2088 1840 14188
8380 -904 20280
-6732 -5792 12440
7536 448 15104
8780 3976 6392
-4508 3244 8028
-2220 -5600 32767
4880 -6664 29128
6216 6448 -10048
12896 11960 8512
-4420 11616 9408
6728 -3824 3720
-2020 -7132 18944
1672 -3552 18236
2628 -2192 21132
-5060 2100 19768
5088 7332 15680
-2864 5908 19316
13456 -2396 1648
-2644 -2012 19424
6452 4648 9620
6712 1024 15956
17864 4544 728
2744 -1312 10768
-8428 -2964 32767
14776 1112 23840
-3584 -4348 14120
3264 -2652 14840
-784 -5640 14748
-4648 -1784 23652
5604 1696 24852
4956 4564 11892
-4476 -1904 6472
15140 -3636 18100
-784 -3100 17700
2764 -2932 22016
2180 -92 11880
8088 1468 12060
1332 2324 13760
9236 -6732 16736
3928 -1972 12592
6604 284 8304
7584 1128 30416
3884 -2864 5168
3840 -1184 10052
1008 64 21696
-6380 -4140 14608
12268 -1208 14108
6016 3568 8556
-9068 3140 17768
20664 -3496 24408
-6480 -3860 6196
3496 -7920 32767
6964 1904 16092
728 4504 11768
10084 180 3796
7388 -504 11696
-644 2520 16728
5356 -3576 32360
264 -2196 11072
12712 -1996 3636
-4184 6920 18476
-592 1440 18152
12640 -4276 9588
2228 -4440 10348
-7540 348 25600
14984 -5136 13624
-3520 -1416 7912
3044 -308 24360
-564 -392 11964
2872 -3248 19944
456 1292 22192
6516 -3800 12628
7160 -3844 23624
1232 -208 10512
9196 -2668 19552
-1992 -2340 19208
664 -1700 14560
8464 5496 13216
-5164 368 7804
9984 1840 9032
-2216 -6304 32767
8748 216 8988
8320 -2528 14408
-2644 4836 22164
12608 -2696 8188
-748 -3824 13788
2256 7124 11184
5636 3220 22692
-140 2692 10896
-2212 4516 13420
6860 3564 20544
-6100 -1172 15416
2024 -656 8540
11004 6600 3760
4140 2288 6196
-11736 -4372 32767
9068 -5480 13976
-4752 -4220 6940
11772 9760 16312
-1344 5432 12984
8128 112 8612
4388 -7500 20544
3092 -5512 16384
12720 32 22724
1300 5188 6128
4308 1776 18344
-2252 -1056 29100
3784 -4140 8404
13240 2624 2892
-3964 6800 13108
11352 -1976 11944
-4464 -2368 30840
13888 732 -1660
1952 -2076 12404
1384 8668 17724
2460 -6160 22772
7588 -5248 15332
2848 1580 12444
10076 3012 9528
916 -7860 25412
5860 3080 25464
11896 2800 9748
-3520 4392 1848
4124 2356 20076
11264 6104 19448
-12256 -5292 13232
9004 676 32652
6392 -976 4472
-3564 3520 6864
1720 260 32756
-9136 -3568 10448
7492 -6896 31180
-552 1532 15564
-4180 28 12504
12112 9908 9748
-2068 -140 72
708 3316 32767
9924 -6176 16016
-2692 -1256 4488
5928 -2256 32564
4816 -3824 10956
8756 -3596 12992
-3924 7776 9184
10116 3420 4612
-9500 2052 14596
13848 -11720 10948
5800 -1316 14172
5396 5540 11224
-6700 -2308 25180
10620 -368 20348
3220 680 3160
1932 -608 9412
-848 2148 24724
-1316 -12024 23116
3288 -6160 8556
7728 5256 10916
10588 3176 16772
1976 -6324 4556
19836 -17052 32767
-11200 -1564 14796
11444 -1468 24844
6760 1008 10100
1868 1316 7768
12148 -176 21384
-3216 2356 20096
6160 -140 8236
-10924 -5172 32767
3964 2048 19836
9016 7340 964
6288 7676 1360
8688 12 16572
6088 -1236 24176
2220 -7868 17612
13792 -2384 10384
-7344 4604 4144
10064 9348 16956
492 616 22408
4392 -3892 14656
3132 -4340 17236
756 5196 10172
2960 6356 15776
5336 -5692 12832
-3500 -3576 23136
3848 -1440 18656
11368 416 10568
-2376 4452 12796
7040 -4460 20800
3736 -124 6016
-6740 2912 16584
-1748 -5536 19500
11928 -1740 6108
5412 6304 13980
12800 4716 6748
1028 992 236
876 56 17904
1996 -2668 28716
1220 -1180 19976
6640 -2660 9908
1700 4768 20300
11544 5108 14092
3152 3136 15380
2208 -6752 26252
-3128 -5548 20432
1608 3624 13324
13224 7628 6856
8668 3240 8632
2240 2492 12092
-1704 -6536 26656
580 -1212 10292
648 3568 14824
5128 9684 13284
-6584 7304 18208
4988 -4276 13932
6596 -1232 24528
-1228 3784 18760
5580 2116 12820
6208 3220 14932
4004 884 9576
1704 -944 14000
5692 -2588 14412
11852 -1680 15472
-828 2864 21536
4892 2116 14368
1544 -36 11948
1604 -892 13564
-884 260 22968
3984 -492 20836
5232 1348 8656
10044 -824 10024
-4840 -148 24928
12152 -3236 15776
7588 52 13912
-1144 2184 17196
2272 1052 13732
12080 -1552 13440
-5516 2956 13300
4320 -748 16368
9848 -1644 16648
2684 1076 6724
5036 -7476 11828
3852 -676 19352
-604 1348 15044
3360 -164 17532
2272 -756 19384
9048 -2360 10156
3184 1472 12696
4832 -2872 17112
4540 -2308 19260
6612 -1984 19228
-884 2804 6300
3752 -2296 24940
4400 -1496 16260
2804 -16 17520
7188 1944 7172
664 -3764 17036
1012 -4124 20252
2604 -3016 13036
5740 -872 10044
5508 992 10700
7124 3664 10408
4148 308 14812
5132 -3144 17340
10580 420 9780
9020 68 7012
-5828 7636 21292
9524 -5204 23652
4672 -348 19156
4296 -2724 16336
4148 1788 24084
5516 4596 13432
3972 -424 14332
960 -1716 12272
396 2168 21040
5092 -204 14788
4272 4688 11352
4672 3856 9004
2676 2644 18212
2676 1608 12504
6436 -2996 18828
2264 1488 16500
3164 2896 11340
9216 -2644 19660
8116 300 13836
5324 -1644 8660
4644 -3504 18272
-3004 -2060 25500
4564 -948 22156
644 4004 16232
4932 -3400 18144
5220 -1696 13032
820 -1344 19780
5504 1256 9028
4440 384 13620
2224 2096 15460
1632 -5420 22812
6148 1472 11472
6560 7724 12324
9056 3852 8224
6936 1776 13432
6520 3388 15568
3336 -6272 18076
8516 1252 8012
6072 -616 15408
988 3180 23768
7372 -8268 26416
8328 2052 12548
-5788 -1760 16892
3560 1212 25704
8672 -2192 16716
-3764 -2148 21696
7804 692 5288
332 3064 9948
2072 3540 11632
-3748 556 20784
944 -896 16700
1544 -2756 6848
10852 3876 6284
8916 -3064 15448
8484 -1464 15540
740 5952 11032
2292 -560 10460
3824 2196 25124
-1736 1308 22968
5424 -2264 16200
6300 1280 15104
7000 1232 9800
3628 -2168 9228
-844 396 25204
-7892 -2000 11728
7404 -5092 26204
-972 7380 12764
932 1732 11676
10600 -1616 9544
1860 -684 14084
-2420 -6192 32540
8524 -5996 17648
8192 -1084 3604
13828 2252 12328
9016 8616 18776
11792 -4860 16020
2756 -2948 28356
-668 -5156 20904
-304 -5372 16000
1932 4524 10152
224 5988 7744
404 -2720 12484
168 -1016 10488
5364 -664 11920
152 -1116 17268
3648 -268 16788
-168 -1036 19136
2088 -3856 17948
7392 868 15644
-1916 3460 17344
4528 1820 20156
1952 -2088 26148
888 1104 16432