12868 -4828 2240
-5952 -13440 32767
1472 -1276 14688
-640 268 12092
8556 3068 10564
3232 4300 8828
2108 5780 10112
4304 2164 10820
-8832 572 28548
10964 -656 21444
-1272 -2560 6984
12968 -4928 30904
-10844 256 16772
6520 -764 10188
-9200 780 11964
-2276 -84 17496
7856 -4372 18952
-5188 -1160 14324
-3384 -32 21656
1568 3008 15172
8096 2836 14204
-268 -656 7192
-1516 -6652 20920
1196 1460 21000
-504 2660 5340
11252 848 9384
11868 480 12644
2408 -2228 18288
1032 -5144 21668
120 2192 11384
4420 -3456 16500
7388 -1192 13068
5976 -1044 15128
2096 2560 23152
5792 3032 14488
4728 5940 3380
10536 6192 10808
1996 6052 18284
-1692 -1252 31740
11952 2596 9180
408 -212 14028
-6728 -1904 19964
-268 -3416 16112
-1084 -4524 9476
-8804 -7544 28244
1640 -1028 10460
-8120 -6192 21032
12588 2588 15200
-752 -1980 9456
-9904 -2032 6596
7768 2300 21524
13876 2968 9140
9716 5484 5484
-2792 -3332 32767
3984 -2104 8300
16340 -6552 20468
-9832 -8412 16612
11336 -1008 17052
8556 6180 16064
3108 2828 19300
-3116 1644 12876
-172 10860 7984
3292 -6704 32767
13068 -252 6756
13836 168 8020
-11236 -1976 18792
-3340 1652 23472
16240 7140 4616
-5424 220 7608
8248 1860 18292
3224 2220 18340
-5372 -2100 21156
10848 188 6912
14540 3708 4112
-14160 -276 15876
5628 -14100 19256
25740 -204 -6592
11032 -6984 16508
-8800 -11340 21584
1928 8132 18328
14520 5112 17700
11732 5828 11016
-8104 -4396 12240
7312 -6488 21132
7972 1752 13496
1296 2448 18712
-12372 -148 31752
5904 8200 10256
-1624 3000 6520
-1916 -6868 31404
-5744 1596 22320
2712 3000 9544
9452 1124 10400
1520 2080 18644
4396 1180 19800
-200 3116 14744
3940 -220 13484
12924 -4540 11720
18420 4396 5436
2724 700 12016
-8592 -8536 32767
11736 8480 6516
612 7496 15784
-2752 -936 25832
4144 456 700
2464 -1828 2064
12488 -6576 20264
12664 -256 16772
-19452 1680 30532
2800 60 23984
1500 -1328 13336
-4724 -3500 21016
5400 -1924 5720
16692 -440 10628
-8344 -80 29440
12380 -11008 19684
-7884 10440 3012
6208 -272 32767
-1228 -3712 13556
5748 1964 4456
10580 -4604 9692
8992 -7980 19000
1100 -8372 18380
3932 2116 21140
3500 2464 12104
-4468 336 11764
13532 900 24936
-4748 668 23540
1368 -3564 32767
-4504 428 20752
10976 -7196 20584
10972 -5044 2132
-300 1112 9816
11444 6888 12900
5436 3824 15440
1208 7036 10292
-932 1264 10596
-220 -5788 22488
14740 -1268 16216
4172 308 17388
5548 -11120 7280
-5048 824 6620
796 8116 14800
13048 3588 18084
11064 4360 16492
-5576 -644 17420
11940 -2772 14308
2496 -6924 32767
1240 -2536 15296
1980 -1012 13620
5520 5040 14028
10396 7404 5104
-3800 7084 18488
1844 1088 9484
-6172 -5532 17064
9700 -5644 24520
5508 -1136 3616
12732 7492 10836
11596 4120 10128
-5788 -6464 32767
716 -2864 25232
-13160 -5540 10880
17728 12672 18584
-10612 -2636 10968
10004 -2452 19940
1612 -6040 1876
-88 -6564 15996
16192 -3156 17056
-3652 -2584 -1872
4244 9644 32767
-13708 3548 32767
15464 -5800 6924
29476 1564 3860
-16336 -3340 2224
-10488 -8748 32767
8244 -7120 8044
4860 2008 416
-7296 -44 21976
-12500 -11664 26136
9164 8256 3528
8948 1912 13784
6396 -152 18888
5480 -7788 19016
1260 3824 736
19292 716 8116
4260 3492 7660
-18744 1196 32767
27508 -8844 32767
-3596 -544 -5216
13512 9960 6996
2484 4392 4356
-3784 832 11060
5388 -5620 32767
-2812 -6304 6260
15212 -1428 11388
708 4976 2520
9868 2512 5356
2132 -2552 32767
-8812 4460 28680
15344 -6224 14584
-7264 -672 13728
5312 1552 6940
11928 1196 9148
-26440 60 28636
4672 -2824 32767
2120 -3068 -1996
1444 -404 24816
8780 1552 10124
-6176 -9184 8612
20288 -3960 21504
9504 1224 -1804
-5632 1064 -44
-1636 -8132 32767
1200 2960 7220
3384 2884 -2888
-3960 1468 19588
-2244 604 29788
7392 -860 11592
3128 -7208 13216
6780 480 21748
-3360 4476 11468
4648 -9676 32767
14292 -2000 2984
18792 -124 -5584
-5224 -452 17676
11736 -6300 32767
11460 -608 -1096
-17224 4240 31520
516 5196 17860
28188 -3660 10128
22868 -884 176
-3904 -3580 12768
3872 2160 30996
12968 -8528 16228
6240 6480 15836
18652 3692 7812
-17576 -5844 32767
16016 -7460 -1740
17392 2304 -12528
-30788 -15028 22180
9128 -10780 32767
5120 4352 1520
-25268 -384 27844
4852 2316 23904
-1356 1800 32767
2916 8576 8968
4576 5792 9984
25592 -1516 -4076
19472 2460 -3524
-4180 -716 6692
-11108 -16016 32767
8516 7408 10108
17316 8400 7356
4848 6928 -5204
6908 7052 720
-6248 -6448 31696
-2784 -7056 32767
1712 -10732 -3832
16704 -1024 -1764
3624 3800 32767
-5236 -7900 28500
21296 -5396 -5780
8844 16016 0
-32768 10752 21376
9716 -6908 27956
13772 -4328 -9204
11220 15140 -14924
-4128 -1064 15788
9100 -10736 23344
-8708 1336 13544
6512 -3052 28972
1600 -5180 32767
-2364 -5388 6224
8268 8568 -7328
3516 3036 -4272
15892 2724 -2692
-14176 -5148 32767
-5864 -9152 -12768
31232 -260 21808
-10636 1168 -9936
22172 17760 15476
-2876 9548 10548
512 -12828 20564
11484 5268 15660
-32768 -3984 18484
7288 -284 22424
-1224 2076 5048
16028 6236 -4724
10220 8004 -6220
-18312 -5680 32767
15024 -3452 13612
9596 -2044 11868
7128 6576 19892
-2812 -2340 1004
-14488 -1288 24052
5484 -2344 27964
18088 3596 16444
10280 8804 32767
-4496 -9568 17680
-2648 -9132 -472
23528 -796 -3176
19972 8212 2436
-13620 7452 17936
-17972 -4072 25664
32767 76 15612
6592 -4380 -2840
-10816 648 3512
-14992 -16448 32767
12124 -10724 -7524
-4492 932 24952
7416 -1580 5148
-4104 6652 19028
7940 -10644 11568
9928 5820 -3816
19612 7628 7212
-15988 1124 10552
7652 -1208 29048
-1484 -7104 4200
236 -7936 11300
-9512 -4472 32767
9900 4516 15032
-2824 1896 17096
9288 10972 -6164
27128 -956 11316
-3816 -1188 20256
-5872 -8524 30012
6056 -11780 14148
14248 7428 -3832
-14712 10148 612
1500 -4808 32767
8280 -10744 32767
-5040 12344 -548
24572 -16 6576
-12160 11636 1684
-15396 -5592 32767
1324 -124 32767
1096 -3816 3112
19908 18156 6516
-2936 508 -15512
-1100 9200 -9600
-6528 -26192 32767
12176 -3276 -22024
-500 11700 -1004
-16140 5112 28980
22464 -11556 32148
4960 -7468 -1760
3424 9364 14340
-16544 4 1112
18924 -2156 5368
19484 9128 14280
-4016 -6756 -5280
3108 -11316 32767
-13096 -3452 640
11332 -6764 -3532
-4248 2380 27808
-2560 -6224 28612
-5916 -2012 31804
3712 -4624 -2432
16588 3376 7540
-1268 2880 32767
1908 2948 -200
28900 -4296 -432
-3144 2932 17656
-10820 -9028 32224
16056 -9844 8860
9436 2184 -18972
4080 2924 14000
1616 -9280 32767
-1276 -5696 -8196
10548 -288 -5604
-11172 5280 32767
-6552 -14116 32767
12568 500 -9368
-10324 2240 5040
5784 -14416 27244
10596 19724 19056
10552 -2516 7572
7476 4788 13464
-3264 -6680 6976
5924 -6328 32767
-21372 8888 -3696
13352 4036 17228
24820 -1892 25880
-32768 -12448 15068
22648 1364 24520
-1848 1660 -3096
5332 6500 9832
2548 1052 23900
-7600 -2080 25532
21656 -7348 13388
1680 -4012 -2804
-4652 -3844 20068
4536 3824 25160
13256 3272 15632
2392 -5012 15340
-13756 4160 24200
16020 -6408 25536
-2196 2648 7356
13620 6888 -1648
23312 3256 6988
-9736 -780 1080
-4692 -2236 16868
6492 -780 32767
500 -13264 23408
-10152 -396 17520
20240 -6036 7300
11084 11464 -8180
4236 18996 11900
-5344 -11468 32767
8864 -6124 17144
15340 6636 -972
-10952 6268 -2444
472 -9240 32767
-3428 -2636 18920
6308 9216 14792
-5852 -2116 10932
11304 -1604 4160
17476 12080 3172
-24184 -2680 28140
2728 -12608 29352
6552 1944 -4228
12760 -1164 -8404
-6136 3780 28300
-1844 -4916 32767
6016 8020 6824
-6964 -8476 16752
2324 568 6960
3072 -7800 32767
10304 1920 11860
1904 -92 5816
-14124 5628 14528
17308 -1300 22520
8904 588 10780
-3176 8756 2112
-3900 -2040 24016
1100 -1028 32767
284 -8580 -2992
6108 1064 -7388
6348 12232 -2552
-3160 -3272 5388
4004 6560 7460
11208 1096 2996
-15512 -7964 32767
2808 -10412 23560
32767 6820 -10372
-1460 8896 -19780
-15932 20460 13028
2408 -22744 32767
-3472 -1884 -18508
4836 1028 17088
9904 15168 17288
14988 12800 3580
-9820 -9584 30252
1112 -5040 26932
22932 6424 22380
-32768 -4456 31932
13940 220 25740
468 -388 16456
-3076 -2904 10052
13968 4204 6028
13544 12908 -2324
-6780 8596 11720
-4956 -3276 27984
8240 -8948 26920
-8532 -13744 16060
14024 440 96
24168 -4288 -144
-1212 18376 13616
8600 -1088 27744
3416 -8180 19280
-26244 -5732 24760
6520 -5956 32767
4032 6688 2744
-1268 480 -14240
23848 15956 -6308
2604 -764 -9328
-13348 1836 25212
17152 -3144 32767
-9376 -7472 12348
3044 -9484 -1116
19372 14192 29040
-4732 4148 30720
-5636 -4492 17544
23076 896 544
10152 -3616 -1224
-9696 -3108 15220
3604 -6964 32767
-5140 -2092 15108
15856 6912 -5160
5548 12604 10876
20308 -3664 15752
10344 -7180 20568
3424 -3044 -2724
-27884 -6124 21428
10068 632 32767
-5560 1576 16156
7172 8032 -6200
5020 1816 27232
5032 9540 9384
6068 -5120 11424
-4564 -4964 21356
468 -6320 25636
12576 -3480 20684
8704 3524 -12404
10696 12928 -7084
-18576 -7452 32767
-960 -8220 32767
6836 -7028 -5160
11188 -5176 -6388
1804 -1944 32767
-13632 -1036 32767
15696 1032 2240
1788 2076 -476
3464 4932 21968
-4216 -672 10532
8164 1160 12136
14272 8392 17732
-21468 9628 27512
-356 -15632 23768
9404 2020 2380
-10848 496 21020
3344 -9604 17500
2308 -276 15224
19016 7680 3484
15192 16344 12244
6040 -3576 620
2536 -9828 18968
324 568 21536
2864 -756 11928
14100 11176 -3084
2672 6996 20164
-3232 -11108 32767
-8040 -16280 32767
-3668 -6672 8048
9004 7620 32767
696 180 2452
7108 7068 10224
10068 4728 3572
-7096 -3556 8408
5568 2560 32736
904 -4644 18488
-1908 -948 19436
4584 -2188 21132
-664 -7096 8940
17936 -1840 2324
17160 14068 1176
-22192 -840 440
3772 -22056 32767
-8468 8748 30804
8216 -3608 -12376
-3000 -5980 32767
436 -12084 26828
9144 7140 -5236
26440 12044 10528
-9648 4688 -3132
5704 -7648 -3660
7140 -6920 32767
-13664 -684 22316
9864 1036 -4592
-14976 3188 32767
6148 -6352 21364
-5432 4420 10832
15428 -13968 32767
-4720 -1536 -2856
18912 -4208 9104
-8612 7628 27412
-4080 -15360 16456
15492 -2152 12324
29536 9460 7404
-11208 -9660 -5416
28548 6628 -2232
-18840 1096 -1580
-5936 -21632 32767
-7716 4144 11204
-1960 3012 8104
17328 -4372 21064
4080 9252 2916
-540 -3108 32767
-8512 -14552 20592
10440 -824 -5796
20516 6160 2476
-11008 5544 25768
-13028 -14144 20960
30764 4064 17948
5484 2184 16884
-20792 -8748 20308
32767 1852 24936
-520 7736 10800
836 9784 9104
972 -9740 32767
-9492 -756 5728
2800 -1720 32767
-3580 5612 6416
6844 5008 9596
26828 -3296 8304
-6244 3296 396
-9468 10188 92
4912 -6724 26212
-12252 2252 6924
12016 -1832 7128
-4076 3880 19924
5936 -1648 32767
1496 -6760 -7428
19228 100 -256
-1016 6908 -3508
2140 1472 -2988
2544 -14568 32767
-4880 -18428 -6324
10420 -1416 -22828
9508 21708 32767
-1836 -4140 30812
2888 4692 4132
4840 -7336 17444
19324 5636 12076
-30748 1360 25012
10512 -4668 19484
9628 580 8060
10536 16912 864
-256 2248 14736
3436 -2108 15364
7880 -7604 32767
-10556 -5060 9516
12952 -3844 15880
-3708 8208 22816
-11236 -1164 20048
21004 8480 21592
2088 -1864 19808
18500 -9196 24164
-6252 -1516 -10400
-1464 3804 12052
4560 -2712 14784
-13480 10700 18004
14964 6492 18160
-6260 -3408 8820
7504 240 32767
-188 -3140 9304
-2448 -6148 8540
5356 -1732 3636
-4340 6816 13852
7384 728 24188
7548 6424 15124
-6328 1204 9344
296 3920 21632
5076 -4360 21112
5484 -6096 -2796
2356 640 32767
7148 -980 8980
-724 1852 9408
13820 -9040 23756
232 2700 9736
-4184 6236 32767
2664 -1056 27356
724 3736 -200
13332 3944 -1904
8080 -252 12020
-26128 -3552 32767
6452 -17248 31932
-1392 -932 4352
-3436 12460 11696
1380 -7928 6288
11824 8100 5208
10408 4516 14344
-5960 2760 27020
-2816 -17172 19868
22384 9208 -9548
-11492 13412 14956
-5960 -14148 22100
28924 10828 3852
-2868 10376 -7868
-26784 -5100 32767
15304 -28492 32767
2976 -3704 -6316
-3760 10900 2804
4204 6904 17480
8136 1768 13364
11520 5284 -2896
-12028 124 19968
11544 -13844 32767
-64 1496 -6860
6164 2324 13372
8832 1616 18920
-14088 -9832 9604
11720 -2572 16588
-4460 356 26344
-132 -8716 29324
852 -880 22548
13416 -2876 13632
12956 10852 876
-4644 10508 3412
22196 128 1620
-4004 -11920 32767
3408 -2972 17592
18132 4460 -3784
-15776 5380 -1392
-7552 -17148 24672
6808 -2964 1556
5496 10520 -3912
-2664 17020 6228
11044 -1300 13860
-4860 -6716 9760
21948 -6560 29332
-8120 -2772 8832
-7152 -10180 22852
22520 1324 7096
-916 12288 -1440
3164 5476 30736
-9100 -20808 32767
-752 -9008 3848
7896 600 12856
4284 10300 9828
7856 6928 32767
-6396 4916 7212
3388 -7792 15224
24428 -1004 4252
-29828 304 18640
-1236 -19156 30388
-432 1376 7924
6676 6048 1168
-1156 11508 -2460
5868 13404 9968
-5192 -576 -2952
2444 -536 8280
19192 -5824 28668
-11764 -744 7840
16444 -448 4564
5748 11848 -1868
-12396 8964 6004
5432 -14832 32767
132 -5204 17648
-1468 -14740 3412
-2168 -2852 32767
18700 5388 2916
-7504 7232 10028
8532 2072 14924
4968 -11200 18860
7980 -7084 14112
-8920 -2808 10716
-12436 -8148 31560
8052 7968 9500
-9132 432 31488
21536 8528 6992
-9104 -5216 -5704
19784 -4100 9692
-6324 3044 17540
2856 -2620 29084
2864 -2396 6464
2588 5168 -424
6076 6592 4092
4404 -2716 13480
10896 -4848 7588
14120 5144 16088
-1388 176 12408
-3448 3992 32767
4544 -2572 12452
1616 -1072 13200
-6128 -5744 32767
2820 3728 18592
-4876 7088 8640
11012 19352 12368
-7952 -2996 17256
8692 -12632 13336
5328 -8044 18444
-15672 -4356 32767
4140 -5796 5356
4084 6956 3868
5140 11484 5836
17960 3144 10620
12276 4788 13260
-9324 -4604 25480
14928 -7648 22784
7816 -3720 2416
240 8856 10520
8408 -12372 32767
-18464 1768 32767
25156 -6556 22176
-7864 18692 -2500
-3808 4112 16612
-2672 -20176 32767
8756 -15792 23620
-3960 10968 -8216
2316 -1404 12448
5484 -5948 8000
12728 2356 4440
-11924 -7748 936
2604 -5792 25200
-1496 2324 32767
-9036 -5272 24700
8052 5248 -956
14820 9596 3412
-1972 8332 7620
9188 -7984 26972
8664 -2548 8176
-6996 -3300 6868
14476 7196 12520
5928 3844 32767
-9760 -2128 25660
12212 4340 -3220
-1936 1536 8184
-1700 3024 14400
10208 -1288 22408
-2376 -4760 6200
8476 -8544 11000
-632 10764 19528
-7452 -5044 23992
-1124 -348 29024
4600 3980 6364
8752 3332 3340
-2072 2068 4412
-1552 -1216 32767
4600 3864 9788
11244 -3812 10404
4672 7976 12712
-1060 -648 6112
8920 120 10196
1728 -1224 21696
6812 1576 4940
17972 5248 8632
-5284 212 7252
-784 -9624 31760
6804 -7188 26052
-10152 -4124 436
16928 -8252 32767
-13184 14248 -3432
788 3440 23048
-5380 -14764 32767
-4744 -4392 8868
18860 -10728 16940
-860 5008 -2628
-296 6588 8456
1256 -7976 32767
-4060 8732 4416
8512 -3952 14284
13532 4228 6776
-336 6464 -3300
-1372 3364 -6624
11964 -5000 4144
-2068 -4404 18520
-10368 2224 18684
14584 140 8556
2892 192 11924
-804 5916 7104
9224 1264 18140
-8676 -2308 21216
22460 -960 14348
4956 -16 340
-9880 5052 -772
4100 -6264 32767
-17548 -15092 18256
2544 548 6184
7772 2324 7252
-1444 7064 32436
6832 -3156 16396
8792 -4640 15692
4472 -3400 1532
-4324 3256 15612
-17824 -608 32767
12936 3732 20720
12104 7352 -2400
10476 6896 628
2728 3624 8216
3844 -1688 20480
4584 -4356 32767
4408 -1924 3416
13556 10684 668
-2792 6604 22764
4616 -2304 24544
13384 -240 5084
856 9888 -5776
-17372 428 15080
3504 -18844 32767
-908 -4452 13888
2776 12164 1720
5620 10876 2720
10076 -2632 10320
-9816 -15480 32767
15792 -12028 15896
11036 4956 -6588
3856 6844 27320
-1772 8288 32767
116 -2264 20208
9864 648 5904
-2868 -6488 14380
14448 -340 3732
360 5808 20740
3904 -14524 32767
8448 4032 12892
-4736 -9504 18816
-384 -2868 4896
-1208 -1328 7612
18168 2040 6788
-5004 6868 10208
17664 -15372 28572
2832 13920 -5268
2176 952 -5328
5612 -13028 32767
-17508 4060 32767
1992 -2024 28160
2692 6248 3260
19648 2504 7996
-5848 364 32767
4932 -220 2068
2068 -4340 15604
-8652 3396 14080
-396 3932 9100
2964 -1352 6556
-372 -5976 32767
-4988 2104 13140
11568 56 5308
9456 9588 1072
-144 5668 14916
17068 -220 17036
1104 3340 4800
-12228 -10220 32767
15736 1960 24152
11556 7032 -14420
1820 8684 10812
9268 1852 32767
-1820 -11556 27332
23952 2592 3628
-6088 19056 7896
-12672 -12772 30280
3988 -11320 21300
5892 -1040 3360
9372 7032 7740
-8932 1652 -4064
3496 -2684 28864
1396 -14380 32767
-12 -3612 11740
22156 1856 11040
5780 11652 -7900
-10452 4100 8028
20488 -3464 32767
-4988 -8548 7396
22736 -12924 -8036
-7576 9688 23704
-14048 -5464 32767
2464 924 30848
-9060 -13600 18432
18356 2084 28280
-17668 13352 -3156
17528 5600 17064
-8508 9176 -3180
-3512 -564 13748
3400 -24548 32767
2020 1380 -6520
11688 8312 -4248
10036 19380 1364
6252 -17136 32767
19008 -7916 12112
1592 10948 -13064
1472 812 13768
20364 -10164 32767
-3448 -2936 10192
9752 7824 23512
880 2360 11572
11924 3708 24344
8288 7112 11020
7672 2072 28188
-9628 -8500 19984
3996 -9620 28032
-2396 144 17624
10764 2928 9328
8148 13592 1392
-5208 -620 -9060
-15700 -5992 32767
19956 10140 32767
-19140 1040 -18588
32767 15732 32767
-16780 -14984 1888
26900 6092 14844
-4112 -3324 456
5140 4892 12912
-8100 -13932 32767
5708 -9020 6272
10980 3480 -1344
820 7600 9760
-2220 -4508 23588
2984 -7776 28584
-4008 -2812 7164
25588 3860 1468
7928 5520 5272
-27128 8512 21448
19388 -7136 16740
-552 -3976 32136
10672 3200 11148
19356 3264 2368
1292 -480 568
4940 -10700 30752
-9776 -224 26008
5372 -684 9544
2792 -6824 29176
14800 8792 13632
-11920 1016 13820
11296 -9268 9484
-20192 4084 21848
5332 -3016 29380
660 1804 17272
5844 8168 6948
-3304 -1564 21096
9112 -3544 25016
-5580 -3524 16232
10624 -2232 8084
13252 9216 10676
6120 6332 -1560
-9484 5420 12764
-7668 -10128 22452
29292 312 4100
1724 5704 24648
1380 -6240 19548
18184 3340 -8444
6088 3948 -4072
-22324 -12716 32767
24216 -11532 14120
-8092 -8476 15996
9884 2376 32767
4928 2460 9944
4408 -3644 12960
11876 4772 7388
4904 5276 1160
-12760 -10780 31420
15656 32 13136
-31408 -12128 25992
2792 -3216 19596
17352 -3852 6524
12900 5040 -1016
-22012 9392 32767
13720 -28048 26536
9056 -12316 -19448
18996 12980 -7032
16824 8472 -2500
-30956 -3196 32767
13200 -468 32767
3444 10496 -17088
12852 19224 -3396
-13240 13656 2040
2336 -26516 32767
2716 -17784 -7132
14188 10092 -4044
3756 -5948 8556
-924 4776 8328
13192 -828 14324
9564 36 2884
5792 1476 -7916
-9180 -17836 32767
25752 -2688 -19008
-4140 12312 5668
-688 11752 1232
20968 -10856 15288
10712 -7548 4092
-9764 -3832 32767
12688 -3252 12288
-316 -16 3128
-11976 2496 32767
23288 -8544 19528
3440 2148 -11152
24168 8472 -12972
-20116 2204 -220
-7320 -27672 32767
4548 -12876 6780
-4436 -1876 1456
15148 8812 16528
-8704 -13020 19808
24348 -6472 6752
12800 -7092 -15516
8404 9876 -11264
-2752 6796 6292
-360 -9428 32767
-2304 -6904 3092
-4804 -3940 2124
14604 10036 32767
-8120 17288 8312
3164 -2956 25796
-4212 6904 4076
-580 -4412 27340
-2648 -23876 32767
104 -1812 5556
7388 9520 180
18128 11860 -1484
8636 17672 -2084
-996 -3068 6408
-2644 -9228 32767
-2800 -19544 21372
6352 -7600 3580
18828 660 5036
-1460 10284 -2928
18940 20884 2856
-6792 -1400 22884
6116 -13816 15512
-6220 -15900 12252
-7716 -1176 32767
14924 -1040 10664
2356 3368 18568
2160 -3988 24344
-1436 -14804 32767
-5004 -8508 4228
8232 5756 -3716
13368 10408 6444
-10888 -1036 32767
5344 -18320 10620
23740 4520 3988
-15492 -8700 15300
16436 7132 2156
-9192 6268 11136
2604 -11916 32767
9804 4480 8148
7060 2284 -704
4612 10052 14804
4316 4456 12532
13752 -1312 11120
7240 10804 8464
-4144 -8444 32767
10232 -1620 20484
-6248 -9280 15172
2152 -3780 13956
3388 3372 12368
-3476 176 11552
9224 -2280 18760
1128 1592 15088
11652 -244 8308
-5000 4272 3088
3748 -560 10832
-2592 -9160 23816
-4652 -8368 17772
2120 -1568 11532
13104 3444 11020
-168 1444 12784
7924 -360 -6476
8 3416 19052
-4316 -9512 32767
12884 -10164 12324
1384 7304 10508
3764 4428 6984
10304 -1520 4476
2968 -5796 31652
-6920 -7188 12592
14712 -14032 8164
-2652 -3896 32767
8012 5712 -1732
14440 8660 7352
3888 8096 7040
-28 -11828 13104
-4356 -19944 32767
-1892 -7556 1144
15056 1744 6616
-8512 3924 22460
6352 -1648 17932
19784 -2336 10380
-3772 9288 15828
-11988 -13468 32767
-3876 -11620 27864
3592 -5692 13112
17012 10224 -544
780 18376 7100
-21208 -9732 32767
16444 -4332 11652
-6260 -6764 2932
6544 11916 10464
-2092 -2928 32767
-3380 -17708 9136
8200 -1924 18508
4152 1424 2336
-1220 -4836 12608
9544 1552 32767
-3464 -18816 14904
11992 1480 -5808
17280 10884 5728
-328 -764 17684
5048 -5096 32767
2100 -8812 26952
2548 -7400 -9252
12612 10304 14476
-22868 -3268 31584
10748 4836 5000
144 -740 9712
-17324 -4140 31488
7748 -3524 32767
-7696 -13400 6548
20992 -10948 26856
-2020 12248 384
5340 -4328 5308
19768 988 17892
-18096 -11504 12468
24992 -16604 25756
-6056 3072 6244
-2312 -2660 10728
7288 -16 32767
10816 1544 7084
10952 7864 8952
9404 -740 8300
2952 1172 7528
-12428 -11544 32767
-7168 -1892 16304
16516 -4048 3732
-1960 6340 4728
-2280 5800 16776
19892 -5844 19612
-14380 -6320 9480
11592 -8464 4868
-3464 472 16952
-2784 -764 24192
12152 76 8332
17456 2980 2432
-10820 60 18492
5216 -15912 32767
2432 -6788 4672
2596 1832 9852
-7288 48 23696
-1400 -8836 32767
10408 2916 8932
4272 8012 -3656
13348 5032 6152
-14340 -5036 32767
7720 -6160 17692
-2940 -5840 12880
12444 9744 -6416
-10428 10548 26956
-3084 -8808 24776
-5176 -15320 21692
12492 5788 15272
8180 13084 7936
11628 -3144 10320
3756 1384 15556
-2088 -7560 15936
14112 -11392 13376
-11232 -7108 27200
11888 -9184 32767
5240 -304 -3724
26812 12616 -5848
-22336 8524 32280
6300 -11288 32767
9420 -2992 -7512
-7136 6364 -16024
-11956 -10048 32767
11472 -17896 10640
-2660 5876 -11360
7700 13656 11688
-6440 -5248 31400
9324 -15540 21180
16416 12628 -3000
-23460 -2332 29392
24356 -20596 24964
-8056 12752 4288
14592 2268 17588
-1068 12160 26088
9740 -2096 8584
-9884 -4400 21452
-5156 -13704 32767
-2604 -11528 9792
9904 5628 356
4672 9876 5408
4692 -3424 28728
9848 4604 -2772
-5844 -3348 27724
-1388 -10996 32767
9268 -7356 6788
7136 -4544 7916
-5912 4016 26120
15440 -6876 32767
996 -6612 -5288
26432 9472 2124
532 11484 -9564
-28308 -13028 22528
8608 -18268 32767
-6676 7928 -11248
17452 18864 2460
-5260 12164 -5664
-3300 -15884 32767
-6820 -13308 10908
8436 -4872 -60
32767 8416 2652
-8864 11620 -18132
16792 -6280 32767
3120 -19080 -14976
13764 8208 -30268
-9476 -16660 32767
5352 1244 22796
-368 452 5904
-23852 -8760 19296
28864 -2352 25640
-2548 3464 9832
-10968 1552 1780
10032 -13528 16284
-364 -3740 8100
-1220 -7204 32767
11868 -508 10892
14604 4148 -5088
-11004 4592 -4556
-16732 -18860 32767
4592 -2484 24792
11316 10824 -9112
10908 20008 -412
4576 8752 -4228
-32768 -17752 32767
32767 -24688 18228
-6844 -10392 -23612
16636 7340 32767
-9092 2564 11832
16444 -9316 32767
-11680 6644 19052
9352 -9928 25612
-9300 -9560 6304
16760 -5856 7872
7100 -2328 23696
-18404 -13800 17308
18592 5140 4904
-3868 5748 10532
17552 3324 8688
2832 3812 728
8132 -1504 4696
-10196 -7652 18624
2820 -9632 17888
13596 5928 19156
7608 -2752 31916
11332 -7740 16852
-8284 -4648 -3164
8880 -6504 11292
5732 1708 26720
2200 -6420 13796
-6384 -7556 20320
1684 4132 11924
1284 -1292 17764
1616 -4592 14868
-2320 -356 13668
-3576 -9040 24416
10156 -692 8172
-3996 3552 -2708
-6664 1160 12608
6824 -15388 20356
7668 5276 3076
6152 11008 -7940
4732 -2408 9264
11964 -21688 32767
-8536 -6552 4924
19680 11140 -2548
14628 20200 -3128
-13740 -9376 -3392
32767 -21328 25892
-19112 14964 -8676
12116 -11200 32767
-2964 -12728 12408
10284 -8504 -6012
19560 6112 -4216
-18508 2196 -4204
7784 -19032 32767
12272 5572 -6640
-7696 -3464 11116
2644 -12032 32767
4480 -8900 13872
736 896 4284
10148 7120 -5620
9904 12724 1124
-1352 -4584 15388
10348 -12540 13684
9788 -9612 19892
-1604 4876 4976
9780 -3508 21216
7392 876 15768
8708 -4304 -2592
-2520 2372 15788
-4892 -19064 32767
4768 -3584 -2508
17052 9664 -3772
3352 13548 -2756
-23096 -10316 32767
18412 -16060 32767
-13780 -1828 -3560
5228 -3940 10388
7036 4868 7324
-2176 -3504 20764
-4424 -8268 29704
7100 -1592 14040
17200 3380 -5832
5028 7940 -4484
6888 -17520 32767
-18152 -17620 29772
18928 2500 8496
-5228 6528 -4592
8700 -2656 17516
12168 2072 21780
-6720 -8436 21132
756 -1568 19644
3516 4572 -520
-3756 -13024 32767
14440 -8232 8360
3324 -296 -10084
23376 8176 2640
-8864 8320 -3464
-15308 -32768 32767
10188 -12780 5496
4060 15996 11340
1736 -13924 31684
-284 -4144 17016
23108 -11872 25832
-11916 9512 3316
19768 -12792 11692
6984 21968 3744
-32768 -6464 31184
29372 -720 19812
-2436 -2540 -6040
4920 -3540 7956
-600 -9272 28400
516 -14004 14788
4984 -5340 26380
-6872 -4080 32767
16 -8772 22580
3416 -1840 2676
20204 5060 -3124
19228 6588 -352
-13976 -1768 6684
8084 -18140 32767
-5280 -3968 1904
5792 10144 -444
14608 5760 19620
-9172 -10528 32767
-7460 -11652 11080
15260 -5720 8824
17672 7200 8784
-29840 1136 32767
7652 -6804 23280
11380 740 -2000
12412 12840 -10756
-3124 3448 -200
-17308 -21548 32767
26364 -25116 6112
17864 4348 -4164
5332 4632 11972
-17940 5868 180
32760 -7932 856
-6624 13056 13532
6740 -8536 13444
11648 -13808 20484
-8580 -64 -6368
-4748 -7732 32767
7212 -10196 32767
-10972 1012 4488
8836 -3200 12248
9092 -1848 10732
4840 -12868 17244
14632 288 308
-5956 -1524 8808
-952 -9036 21312
8148 -3404 5596
8568 5472 5000
-3328 -10816 32767
6620 -5876 32767
7564 888 -3716
6496 -1424 -5296
-3576 -11532 32767
2380 -7992 20480
2732 5536 11548
6188 5080 14224
180 -8148 20532
-5692 -8516 12448
3432 -23200 27816
3024 -8744 17564
2844 -4392 7444
6960 204 11796
228 388 10160
-4280 -12072 24740
11660 -3312 -2624
9508 -2892 8824
6016 2900 5476
1988 4936 5856
36 -8932 32767
-232 -16892 32767
10664 -9476 4060
11340 3936 -1980
-5748 4092 11772
15636 -9816 22440
-7792 -6592 18876
1896 -11640 32767
6432 832 2940
-11180 -1244 9032
18920 -836 11256
-21372 -20496 32767
10032 -2192 20452
52 5332 -1164
-3952 10440 -1704
-17312 -15764 32767
356 -9680 22984
10512 -10220 -860
-5156 7456 12976
10628 164 8992
-4992 -2680 20328
7868 212 17912
3904 -5684 9760
5388 -10408 7660
10020 -840 3720
-9984 -1352 25936
444 -6572 16996
20772 1544 12484
3272 1896 20896
-3764 -7544 9540
10756 5592 9888
-7748 -13488 32767
2436 -7264 13140
3300 -1216 12076
312 -3564 4232
-708 3300 10576
-2580 -12936 31132
-4276 -5848 3064
18560 -3132 6088
1676 -8636 17116
-5680 -15364 21872
12628 -5340 9900
10008 5840 -1272
6804 116 8712
-7456 -16268 32767
-1748 -7388 10568
22256 -5348 4748
8108 12260 -12928
-2320 4804 9560
-19252 -19240 32767
24796 -26460 -18972
304 8880 -10748
188 16880 8404
-27072 -19708 32767
8184 -7388 13240
-2180 -932 -2348
7208 508 9396
9972 -8756 30564
-6600 -14796 26444
5792 -7024 6920
12648 1384 3800
4948 1516 13716
-2264 -5096 19000
4516 -9204 30976
-924 -1652 7228
6512 1648 9744
27440 11480 14968
-22064 7040 5284
9016 -15736 9032
5452 -12016 13048
9472 -7844 12308
-16640 -2900 28308
12452 -12676 22916
2744 -6352 13240
5284 236 -1048
12560 4220 10764
-3460 -4384 18936
5880 -11900 9236
11380 -2560 12704
4188 52 10308
-1532 -3320 13420
11084 -10400 29084
-11352 -4220 13204
12408 -14844 17012
200 -9172 8332
4096 3920 -5036
-6972 -10580 32767
1252 -3800 2864
12772 -9092 1188
-10084 -3848 6080
-5640 -19036 32767
10364 -2128 6376
10148 -256 3620
9408 648 13680
6608 -6392 10012
1456 -7944 21936
720 -14160 11892
9360 -6068 14420
-8288 -8680 32767
8384 3336 7040
13524 3216 9324
3464 3488 4544
-12512 -9224 16952
16992 -22500 29364
-4336 -5816 -5436
9148 1700 -5540
-22624 -7916 23704
9772 -26488 32767
-756 4752 -10072
23216 12776 2616
9168 2288 16956
-3684 -8988 26264
12316 -21860 32767
-6404 -4832 8324
4624 -4372 18996
-2020 1748 16508
5980 -8616 29804
800 -5728 13848
11464 1304 4792
-1840 2664 12588
-6848 -5316 4416
9060 -9716 14460
9252 -572 8508
2032 -11220 15760
3776 -2972 12744
1180 -6972 20220
6692 -4756 13064
6976 -8488 17596
2756 1644 -1920
-6748 -15224 29568
664 1260 8588
11632 764 7276
4336 9432 -4728
-708 -7836 11984
-10020 -24368 32767
3272 -4448 11392
-7452 -7408 -3272
24528 7896 -11844
-5280 13292 -4688
-4908 -16412 30920
12800 -22068 19144
-7048 -5668 -6236
5644 6152 -5208
-580 -3368 22180
4296 -16516 24812
6580 7272 4880
7900 -100 12832
152 -292 10412
-144 -9488 11096
1308 -14860 15816
4132 -5560 9708
100 -2312 11200
4776 344 10864
-5180 -2000 21768
11208 -9852 20644
4352 -5652 7320
7692 -3196 11520
-7864 -13320 25228
8432 -16968 15896
13356 4868 -5364
7816 5696 10892
552 1348 5916
9132 -5780 10024
4468 -12420 12184
-1896 -20380 32767
4392 -3100 4164
9240 -1436 8416
-7692 1668 15084
-3456 -22284 32767
5652 -9144 17440
808 -4856 5384
7500 2016 5576
3616 7356 7908
5532 1184 11072
10108 -6208 3992
2148 -3224 1736
2080 -8232 20644
788 -18792 17176
11980 -3928 3864
-276 -6028 10700
5860 -9616 15352
-468 -5548 11920
-5284 -9280 28952
13340 624 10716
7892 4540 4676
9416 8236 1992
484 -12492 28648
-7484 -26400 32767
2880 -16256 1892
12596 3856 6300
23324 12292 18212
-5192 18524 -8988
-4716 -13496 31356
-2100 -30752 21464
11548 -23456 10384
-10548 12740 3428
2640 1328 84
21720 -12652 21432
-2060 6136 4668
9136 -5780 7020
4656 -2472 7648
-6164 -9412 16780
18376 -23396 18724
596 7856 4140
2820 -2112 18460
3580 -11224 20044
13380 -9460 17240
-108 -6644 4664
-7104 -7636 12532
1264 -7540 22044
-7236 48 23136
15252 -28832 29444
6928 3712 -12484
4612 -5892 2784
-4124 -12368 32767
-880 -20592 31732
22256 -9832 -11316
7568 11804 -20252
-26352 -11880 32767
15712 -24856 22832
13128 -5668 -8556
-5836 12320 3192
-9684 -19256 32767
8860 -30440 21548
-2312 -1840 -10256
17160 10532 2684
-14132 -4276 20892
8228 -23628 23412
348 -14708 -1768
22128 7736 -1748
-22928 104 11220
18648 -19992 17184
11072 6312 2872
5468 188 -8140
-11008 3088 -5964
6960 -9712 18268
-144 -9340 26724
-1760 -18212 15772
15408 -7480 120
21988 14000 -7120
1724 17796 -11760
-16924 -31872 32767
21856 -15076 -15196
7580 -5652 160
10364 8956 26864
-6608 -7556 6000
-13648 -23760 32767
12084 -15428 6704
15164 -4984 11272
-5680 -2088 26972
7128 -22316 10836
17132 -13680 4752
-8556 -12868 15932
-2728 -20056 13336
32767 -6052 6028
2464 10372 10100
-17324 -3572 3808
-2240 -17800 15280
-5808 -21428 16840
2872 -25356 -988
8256 -27008 -7348
8132 -13308 15712
-6436 -16148 -3252
17152 -16324 2224
8392 -6828 -4240
3228 2936 -1000
-14264 -29472 22080
15920 -32768 -8224
14432 -12632 13632
-576 564 10796
-6888 -6436 9824
3084 -16508 10684
3896 -31012 -2944
15240 -8412 7176
-16192 -14236 14380
20932 -8960 1192
10996 100 15412
420 6068 2640
3780 8736 -6472
-7248 -25456 23356
-868 -32768 -28380
9020 -19496 18192
9484 -432 16200
-192 -8948 14684
2388 -23620 -3608
30676 -12936 6972
-3704 -13704 -2280
-8360 -26528 -7840
25256 -28100 344
-956 -16260 8808
7920 -11580 -3100
11532 7560 2064
-9212 5908 15004
-4196 -27756 5576
4764 -32768 -5736
10852 -14052 11424
428 5904 9180
7028 -2744 1896
22976 -8452 -12516
-4908 -9588 -9944
-628 -14072 -5652
7312 -22096 -15448
-3640 -28872 -9932
19824 -3832 4840
-4412 3408 8192
-18432 -32768 -18336
-7912 -21068 -29324
6584 -12812 12876
-124 -4528 10572
2840 -17480 956
3104 -28184 -6068
12248 -11836 7984
4628 4916 10840
-2028 -12668 -920
13932 -22504 -11328
-844 -30144 13108
1432 -14964 1736
7260 -1808 8592
7532 -1508 3292
14188 -13960 -7104
-652 -30704 -5392
9516 -18976 168
7432 -13548 3152
9900 -10296 3084
-1944 -10332 1288
3004 -22740 -1740
10172 -26484 3920
2560 -9616 3768
7988 -2196 -1040
-7420 -10976 3716
4060 -25112 -736
19528 -10304 12692
-5044 -1568 2456
-2232 -13368 9788
18224 -15012 1992
-1144 -16204 8236
-772 -19996 -2216
8944 -12060 3392
-756 -27904 84
8720 -12144 -236
9980 1272 7512
-2440 -9212 6684
-164 -32768 -5920
16640 -25328 12024
2808 784 8388
-436 10492 8348
-7432 -19748 6828
8612 -30892 -19404
3548 -30072 -6612
3812 -4840 21728
-2048 -6672 9516
16404 -14004 -14540
-1156 -18984 18076
632 -7372 -3672
6280 -16004 628
7668 -25072 1712
-7608 -30020 1280
12588 -8688 13024
1696 -1588 9804
9736 -8496 5660
8348 -17664 1216
3528 -20040 -2588
4404 -18956 -5704
4964 -11604 -3164
8960 -10124 11604
3408 -10424 7364
13244 -5608 8564
-3380 -13240 -1440
12056 -25248 -10412
-1376 -14372 7404
-4760 -23892 1144
6312 -26060 -3476
9336 -9352 4208
6976 -1740 6140
-1064 -11524 6360
8336 -22448 -4932
11644 -18928 4504
-684 -5724 1100
-3840 -15208 5552
6244 -30084 2032
7376 -12456 10228
-4036 -7632 7888
6388 -24500 -1044
13368 -8888 11872
1380 -1976 7568
6376 -2816 5748
2208 -18316 24
-692 -32768 -6744
21960 -13128 12100
-12 5708 8668
-6824 -11428 -2004
8776 -23348 -9180
9492 -26924 952
-2212 -18328 5900
224 -26888 4168
15960 -15008 5460
-2736 -11360 4844
4452 -8756 -1964
10916 -19112 -572
3036 -20376 1984
7508 -6376 4120
7860 160 4704
-1176 -2700 12
684 -20208 -4804
11228 -19208 14384
-3552 -17756 10728
10820 -13824 -1840
6960 -6564 -20
1000 -21492 -2084
10984 -26256 13140
9208 -11284 424
2680 -6296 2876
1472 -32768 3704
16480 -14488 5508
6464 1940 4396
-8020 6252 6384
-10760 -15596 10404
5500 -30496 -12568
8672 -28980 -2708
4440 -5144 1052
-2996 -440 7948
14320 -1976 5716
9184 -19872 2864
9108 -13172 3168
16312 -5684 3392
-1176 1172 6548
7364 -18708 -3944
8108 -32768 12492
10944 -5092 2856
-9252 -24628 10908
-7592 -32768 -19604
14384 -15616 1332
-3868 -18360 1252
-1708 -6880 10824
5564 -3960 6244
2868 -26264 3828
13832 -24296 -3012
6648 3184 -3820
-5200 8156 5904
1608 -15484 15868
5312 -32240 -20776
18348 -23648 32664
6856 1180 9380
6312 1548 3160
8044 980 1668
12516 -17628 -6660
7180 -26420 13648
15652 -7108 304
-7260 4728 7492
-19752 -32768 11768
15896 -32768 25404
-9312 2116 15196
664 -4628 -9732
-6944 -9452 -5496
10360 -29452 5276
8340 -19660 6244
12200 -2552 -12896
11640 5744 5360
-9520 -21432 13764
10652 -32768 5916
10168 -24460 11608
3416 -1116 -3020
15936 12676 12096
-7824 1348 16548
-2328 -18548 -5948
10268 -19856 12716
-5200 -32768 20108
6832 -16984 2496
12356 5020 -232
-13232 -1268 7916
12364 -8952 -5692
23668 -5500 32767
-1172 -6768 1692
-18984 -10072 5968
18316 -32768 -7060
4340 -32768 3700
284 -20188 6848
3912 -11304 -6612
1620 -6660 -7552
9464 -12972 32767
-14788 -24984 1324
16632 -16228 -3056
10444 -19440 7304
5312 -21244 -7896
6852 -8636 8656
4244 -1028 788
-10772 -18720 10620
-636 -32768 -15356
32767 -9764 26992
1128 11624 12604
-10824 -18444 2296
5072 -26416 -27588
5996 -10436 -19388
7752 -31032 14472
6364 -8144 12040
17064 3004 7164
-8848 10772 8272
-11220 -14740 -6360
24856 -32768 -17408
108 -21676 -8052
-16636 -18104 -1276
15080 -5700 3064
1068 -5108 16452
-15616 -20024 4128
22540 -15528 -4176
2948 -16892 -2532
384 -32768 -6452
21004 -14156 592
6444 2320 3720
1532 3260 5852
-7272 -16412 13720
-3060 -32768 -17136
16076 -23108 22804
-8956 4704 6868
2196 612 4112
12744 -9616 7072
6720 -19100 -1124
-9548 -29596 6516
12776 -21584 2224
5172 -9976 836
8332 -7148 11076
1244 -20556 -892
10720 -25616 2340
1900 -10828 3524
-560 352 7488
-3300 1456 9788
-5648 -19656 -2392
13712 -32768 -10160
6312 -15816 -4852
-1452 -1604 324
8880 -3728 3124
13196 -9536 1940
2312 -14964 1404
-5552 -28028 852
17820 -29428 -6124
16168 -6356 -5020
-5288 -15412 5600
9760 -19640 -8488
21948 -8540 -492
-10652 -10592 9260
580 -20232 6876
7372 -17476 13464
4756 -5024 -5696
-2876 -8908 5240
-9864 -32424 2900
24840 -32768 15068
-2352 -5184 7040
4672 -3884 -5808
1044 -5072 -8328
21412 -14768 8
9188 -2772 7696
-17352 -14924 12204
11440 -32768 -6220
6592 -16820 21412
-13028 -8316 1580
5544 -10528 5092
25028 -21620 -3388
-22348 -24936 -9128
18360 -9844 3504
5764 -12308 1708
-2048 -9236 -13008
9868 3828 -2116
828 -10304 4828
1552 -16996 8480
-644 -19992 -6732
18764 -25372 4840
1508 -7860 -4872
-3012 -10384 1088
14508 -21920 1848
12572 -11052 10188
-3080 -13256 9900
10720 -16228 -8068
11776 -11868 6224
-14080 -19632 -2464
4600 -32768 1904
-1072 -30584 2600
12684 -1608 712
14672 12692 9160
-6260 2824 11004
7044 -8228 -1728
-236 -14952 -4240
-6296 -31580 -7228
29380 -22796 7756
2860 -1184 5792
-6808 -13716 -6680
14672 -26392 -5288
9872 -10872 -5704
11268 5764 4912
-6748 -18492 16108
20288 -25664 -19516
11572 -27384 4632
1100 -9880 -2312
-8508 -8472 9276
-8848 -12956 -652
-4448 -32768 -11440
5444 -30456 12984
2392 5844 5028
4748 14112 36
2912 9372 -792
4404 -14068 9552
-5960 -17132 -2436
19156 -31736 -10216
632 -15584 5124
-11820 -9016 2752
12604 -25952 -5320
12276 -9388 9292
7728 3472 8108
4608 -4124 6520
-1900 -17068 -1636
23764 -19768 7036
-8224 -14692 6456
-1112 -31224 -12216
9264 -28044 13824
-10608 -17716 9464
3720 -9536 844
22340 604 -3040
700 -15888 -6184
-16144 -26748 -6652
20776 -36 4060
4072 -4372 5960
-17696 -29172 -11104
11864 -28056 -26564
-4664 -19864 1344
11480 4712 -4576
14324 704 21120
4556 -6252 -2632
-5232 -23060 -4508
14608 -32768 -13424
7676 -17828 168
-6340 -9472 4216
19760 -5704 -5116
-868 -16472 16124
-1736 -28092 -2888
2020 -10900 14572
15160 2184 -3692
-6656 -1916 1816
-8016 -32768 -10736
8644 -32768 116
-380 -13756 108
15168 6328 -7804
-4368 10488 152
-1272 -17036 -5284
6704 -29784 5548
13328 -32768 12748
22636 -9876 -12856
-872 -10540 6780
5544 -16444 -272
10580 -7540 23352
-7780 5624 8596
-7368 -11400 -1028
3128 -32768 -28076
280 -32768 6492
4712 -10444 -2348
11652 6760 2608
9136 10368 10340
9620 -16128 292
2996 -16092 7904
1788 -29804 -4004
7956 -18244 23928
4768 -17148 -4956
21464 -8200 7792
-11532 -23104 -1640
10296 -24248 4740
7560 -14124 56
16 -1476 1880
-7956 -14996 11120
-1776 -23788 -14556
22896 -24736 22572
-3708 -13912 -4052
9176 -3440 1060
18968 -5168 14436
-4028 -18992 5084
-11632 -28760 -6884
15600 -15700 -980
2288 -12388 6568
7572 48 8268
10372 10288 20408
-3276 -10108 -2236
11608 -32768 -26584
15012 -14420 11832
-4144 7264 6876
-4208 -15996 5784
2636 -9108 9864
8180 -22660 -14084
13172 -10144 23416
-11144 -20096 -2492
20388 -30004 -10048
13112 -14708 -12316
700 -8740 -3732
8468 -200 1900
8184 -12040 6048
-5760 -28660 4896
16456 -19724 1608
14564 -8176 3992
-7708 -4576 -1760
4520 -15100 -5248
11264 -31188 8148
1444 -14000 8512
3180 1328 8712
3268 -1624 -548
-1284 -18016 -120
13960 -32768 596
9120 -26068 -3340
16708 3248 -536
5876 13208 18804
-5248 -9972 2488
23420 -24004 -20912
5004 -31652 1772
-2276 -17380 2548
16432 -6488 7012
3960 -4544 5124
-6024 -5268 3592
56 -16144 -5680
2436 -30992 -84
14704 -31388 -7492
-6092 -21272 -4792
5232 -11012 -2932
15004 -12180 7220
1024 -10228 3000
14932 -3304 -620
-1352 -11236 1208
20400 -28732 -2236
-2512 -32768 96
2640 -6148 -72
5764 -13856 19056
2016 -17544 6288
6520 -20508 3464
24212 -4416 11928
-9784 3728 7344
-7972 -3768 -8168
488 -32768 -6488
12904 -32768 19100
1024 -6432 8948
12976 3692 3368
3084 4876 2516
16352 -4836 -13008
3800 -7708 -9136
-8092 -25112 -8608
8552 -14208 -12152
12808 -18504 -848
6640 -5700 7160
8156 -3748 10212
-3644 -23088 2004
14108 -25512 -676
6400 -13600 2144
-17924 -24308 -8280
8004 -12080 3696
6584 -6128 10080
8088 -17456 10256
-908 -24528 -4816
16672 -12256 -3832
10584 764 10604
-3008 -11228 -508
5484 -25476 -6832
7068 -30252 -1004
6828 -9652 11368
4372 1044 6424
19736 -976 4148
3772 -14896 112
3252 -32768 -7616
13352 -17820 15716
448 504 2556
4660 -4488 4272
-2404 -21992 2720
15048 -25712 -1824
-1236 -11868 2116
-980 -7208 -10300
7472 -32768 -9724
14208 -32768 7504
2652 -864 11292
-468 8932 13232
1072 -13132 4700
6916 -32768 -3600
8320 -32768 6532
8180 -9808 -2596
3224 -20 8992
4912 -11344 2888
4420 -18396 -1604
9092 -11932 14164
380 -19940 6564
13528 -14440 4068
9668 -8596 -4780
5236 -2240 -404
3040 -12012 4532
5740 -21368 4504
4876 -23544 1700
-820 -25912 -4192
24060 -7776 10392
-1252 -12544 3072
8944 -14656 -8744
24716 -4760 12600
-10220 -2768 1220
-692 -1860 -6088
-9008 -32768 -10508
12220 -31220 22308
-7696 7528 10652
488 -4172 2744
8272 -8648 2156
3228 -18244 -1484
-1744 -30028 -12084
7584 -22308 3992
6624 -6648 -20
9252 2388 8200
7736 6500 6716
1588 4856 2496
-2272 -20332 352
12388 -32768 -9288
20440 -18436 4084
-13996 1488 12408
14404 -2252 244
12752 -9628 -3848
-10004 -31788 -13472
18220 -14856 8624
2596 -17660 4524
15616 -10716 3732
-3116 -9916 -2288
7048 -30500 -5152
15692 -10808 444
1924 1836 -1748
-6996 -2776 1412
-604 -13268 5008
8756 -32768 -9896
-3472 -23200 2704
5064 -9996 6496
8360 -14796 -68
9616 -11520 844
4500 -19184 -244
1368 -11356 -1932
8524 -10844 -3464
14260 -2528 5916
-800 -5960 -2184
3464 -16072 -2572
8548 -22548 2344
700 -30892 4760
-3168 -21308 -668
13568 -636 4828
2072 -7964 1208
-4384 -26604 -3472
11420 -32768 2176
-4892 -17064 -3068
19208 -4552 3404
13932 8140 23960
-13704 -8496 896
13624 -26828 -18428
15296 -32768 13532
-5188 -7320 -1460
6064 2320 4096
784 -5312 13392
4940 -13356 -2052
-1648 -31684 8312
980 -24884 3728
8172 -21200 1360
11020 -30708 13440
6876 -3672 -1236
10156 5324 2224
-2908 -14220 7408
-7452 -32720 -19608
27248 -28020 32767
4928 -4988 9128
-4684 3540 1176
-1296 1476 -2764
5284 -5292 -8836
2720 -32768 1752
-6116 -32768 -4264
9484 -18792 1800
13564 2708 5188
4052 1368 -3848
1616 -6708 -6352
14164 -32768 -12908
8220 -32016 22268
8452 -1336 5540
14768 7304 188
-4200 -5080 -3464
16948 -20872 -19980
9252 -29804 23908
-3716 -32768 -11508
-2024 -21628 9260
-11268 -13664 -11144
18968 -6840 -7324
1872 -11728 -1704
12864 -3492 1088
-1964 -15104 5648
9156 -22428 -4508
12732 -25888 11768
-10932 -7764 -1792
15124 -10656 -1252
2580 -13544 13224
13628 -2588 1228
10584 -15260 -2064
-5604 -31344 -2804
4704 -15224 -2800
48 -4244 6888
20336 -10016 -8608
6968 -18868 1208
8620 -2748 -1940
-2988 -1332 836
-8724 -32768 -6224
20744 -32768 15788
7472 -6588 -7752
11044 5676 -3060
-5280 -3940 17396
2968 -18688 -27672
28204 -23928 32767
-2248 -15988 -3928
9076 -3040 2540
4348 -3420 4084
7420 -19440 -5028
1300 -32768 9816
10696 -16908 844
6192 -5940 8640
3672 -14916 8004
-1648 -25484 6108
14116 -15960 8468
9616 -6180 3364
5512 -1500 -9228
-896 -6192 3552
-4128 -11932 600
8704 -3400 5848
-2600 -1784 10448
-16392 -32768 -13560
23216 -32768 -32768
-6720 -22320 -8244
13684 5928 -4404
16796 5320 26172
-148 -6604 -1976
5844 -23932 -10616
7564 -27028 12376
4844 -13988 4180
-16272 -32768 4628
22744 -26952 -10260
1124 -3108 5100
-228 2248 -1552
2712 5592 5108
-2768 -9196 -3844
7536 -27196 -9032
4732 -13480 13556
-3808 -14280 -2516
2340 -16076 2076
18736 -19328 652
21092 -17612 -524
20160 -8940 15776
-17968 -8880 568
9064 -11276 -16588
15560 -17912 -23984
-11396 -26060 3064
6892 -12700 12932
1960 -15436 -1308
4092 -10180 -6156
-7816 -19300 -9212
10760 -29756 -2020
140 -15776 4748
12660 -2108 9060
-8568 -1324 8676
3920 -8724 -2656
14960 -12504 -19908
-1688 -24540 -7368
12868 -15408 1252
23920 -5980 4316
3816 -2872 -3212
-14472 -26012 -8472
32000 -26048 2760
7300 -17116 -8536
512 2676 2520
-5284 -22860 6080
12052 -30248 -16264
4016 -12908 -10372
-876 -4972 -10444
-1412 -7576 4936
2732 -26744 -2084
6032 -26716 7720
44 -9256 6260
1912 -14344 -3864
13368 -6516 6208
2212 -16436 4256
-2440 -16600 3604
22448 -8728 -3308
5820 284 6176
-14800 -18120 5284
29752 -32768 2556
-4436 -17112 -2728
1000 -13948 -6072
22340 -8080 27356
5108 -1688 -3356
-8468 -11912 -4368
-19840 -32768 4272
20988 -22260 32767
-12756 6228 15400
-2292 -4216 -10360
14540 -5520 -14132
10512 -15668 6052
-488 -4612 -3728
7916 -26056 -184
14900 -23236 3076
7960 -5960 4004
-10460 -508 -116
2128 -14420 772
32044 -132 16512
-17352 -7620 8560
-4200 -32768 -16668
22060 -32768 23180
-18704 -3292 2292
-100 -140 -636
10520 -7492 -1176
12500 -21384 -820
-6812 -25792 -1156
19360 -7536 -1028
-6404 -30212 10692
21924 -12212 3644
-11924 -10196 -2484
4208 -19772 -2556
6540 -28760 21312
-4780 -11488 -1292
15400 -720 8372
6540 -5176 -3240
-14812 -26148 -8656
21144 -32768 2324
8176 -9584 5732
-4572 -368 1480
9692 2488 7220
31972 200 8516
17308 -13308 1380
-5368 -19128 -8232
-1504 -32768 -1528
15904 -16508 15904
1412 4508 4352
-6880 2448 7056
-1768 -13184 5500
-3824 -32768 -12632
4644 -24776 -2976
12756 -4216 8660
-11352 -5948 4244
10252 -9896 -8336
14696 116 12276
-3608 -6508 4464
-11536 -32768 -2272
31768 -18500 31700
4316 -828 8196
1680 1452 -5692
2284 -12172 7124
5216 -16536 1552
5460 -32768 -4172
12580 -9128 17860
832 3180 3004
6104 -12160 2760
-1596 -18608 -11400
13776 -9980 -6720
-2220 -2788 8772
-7124 -32768 -4168
19900 -32740 14276
-5124 -10720 -2180
8676 -1224 -7148
17156 -11428 1800
11572 -4416 2284
1664 3028 10232
-892 -22284 5464
14480 -32768 -14136
2276 -11908 -13408
-7624 -9548 -3168
10656 -22308 -3504
1600 -32768 10080
-1240 -21772 -4968
22096 4032 4212
-3548 5812 18844
8508 1244 -12624
-1292 -19696 -8960
18020 -29688 -9248
208 -16780 -88
2020 -1180 2344
11096 -1824 6624
-8552 -24388 -6440
32176 -13644 -22260
-17904 -14220 -12524
30248 -12272 -2088
-32 -12452 6368
12464 -6000 -11480
-6812 92 5260
-6688 -24436 -1872
22472 -32768 -7920
-2632 -17692 -16464
13568 2376 -4980
-1332 236 31180
-5892 -12108 -14280
-1756 -6984 -32768
19020 -8932 4792
1772 -2404 9140
-18060 -29912 -15540
24732 -16376 16508
2984 -1900 15164
-3676 3632 1972
1292 -10164 5264
2688 -29432 -18408
-2716 -27700 -32768
9212 -14320 4724
-1520 -2264 11588
18728 5928 1220
2184 -12216 -5264
-1272 -32768 -22664
12004 -30612 29888
-7812 -3256 8344
-1348 -400 1400
5236 -6076 -5672
7248 -25032 -7804
-132 -32768 -2132
4876 -22376 -868
7152 -2332 10280
4328 2452 16284
9904 2980 3344
2504 -12572 2300
384 -23572 -8276
13764 -15204 1264
11668 -648 4808
4240 -10340 7376
4776 -31268 -3364
9044 -23192 10476
8180 -872 -248
480 6172 2060
-7384 -15056 2656
6092 -32768 2020
16928 -27352 15028
-2460 3848 -5452
-19000 -32768 -1184
31672 -20052 -10264
-752 -14472 2728
-1380 -29480 -3376
21492 -21640 10848
1264 -10732 -940
-11604 -19048 -796
14844 -3440 2244
12000 -10872 8928
-4180 -23976 -2092
14556 -10720 -836
8284 -5188 804
11136 -9800 -428
8812 -13848 8580
5936 -6172 -1732
15608 -13952 6292
-1848 -24344 -8800
17908 -9040 -3372
12084 -13844 -5368
-17436 -22600 6228
29660 -20148 2340
-7900 -24724 -6992
10496 -10940 -4996
-4332 -16908 6628
1980 -31364 -2308
8700 -20996 -2168
-612 -13628 -4164
-3132 -11364 1728
684 -31700 4716
11016 -21464 1060
2932 -5280 396
10536 4904 272
10804 7612 9364
-116 -12056 6232
14648 -32768 -1388
13812 -23460 6048
3020 -7620 -4468
11780 -104 7856
5240 -15164 8916
10540 -25520 -7848
4004 -17132 7348
-5680 -18424 -588
14380 -14328 520
-7700 -14040 2876
7308 -28052 -5576
7080 -31000 8088
5508 -6356 4696
7220 3288 3988
5888 5964 2520
-9820 -11732 -6824
-4556 -32768 -11368
12488 -21380 22492
-3680 -8 6376
2480 -3660 -5288
5436 1728 -13540
11188 -14640 -6360
888 -7244 6232
-1152 -24796 2088
18556 -19560 6740
-712 -1780 456
396 -16352 -2540
-2848 -32768 -16848
21076 -14884 14976
2060 4984 10124
-4084 904 1780
-12828 -15872 -4792
25936 -31388 -10068
10284 -15172 1960
1812 -3704 -4548
14940 968 1376
3872 -8332 -4620
9444 -30484 -11008
5504 -20444 10544
-564 -10728 4480
9260 -3656 7156
4980 -21304 -9116
23140 -14264 15636
-10308 -11424 -3280
1528 -14320 -1328
15004 -26356 11040
2560 -16164 5784
9336 -8584 4188
-10176 -12360 7680
17596 -4088 5916
-352 -3488 6160
-9404 -16984 -700
-1704 -32768 -10000
15072 -14768 888
-1492 3816 11020
-9624 -12488 2808
23584 -19296 616
10588 -21624 -5232
10676 -5116 -5640
4240 -7008 10280
-1176 -19184 272
6564 -32768 -3564
8176 -12268 2380
-388 760 4204
8972 5940 -1440
-5436 -13304 -1528
-23016 -32768 -19172
10184 -32204 -1564
4492 6012 10008
-3868 7980 10848
13256 -11256 -5888
2384 -16060 18120
15340 -17692 6544
5580 -3296 8176
-9888 -19236 -1080
14112 -32768 -5316
13532 -13916 -2640
15036 6364 8216
-3552 -8536 2400
5512 -20712 -1052
18976 -16100 21456
-20460 -14484 11916
6288 -32768 -5256
18480 -13496 32004
-5328 10736 17012
-7188 -4848 -952
9332 -24604 -6200
14304 -23724 -3016
8700 -21004 4248
-2772 -28224 10644
22828 -19000 -616
-3056 -4896 2772
-3524 -2588 904
7996 -20160 1204
-6036 -32768 -4852
11640 -14932 14180
-828 6376 4684
-2356 1976 124
16440 -5168 660
21508 -16800 -3032
-1432 -32768 -984
-8352 -32768 5732
14000 -10512 15020
5740 392 10728
15460 -932 1056
-7884 -15792 -920
9520 -28280 -2012
12964 -32768 6720
-4460 -15604 2356
16804 -16396 -4872
-5440 -14388 10480
11900 -2964 256
18004 6904 7228
-10540 -20836 3844
29348 -31140 -8548
2076 -13600 808
3968 2776 1768
8544 1616 9640
8504 -15452 -5804
9708 -30692 -7192
-3500 -27124 5688
15272 -1548 2100
-672 1004 4080
-8028 -15144 232
13788 -32652 -4136
8812 -24284 -2512
-972 -9332 -7828
1184 -18664 3908
6692 -32768 6124
15780 -14080 3552
1472 7312 6868
-1100 2560 6288
1444 -11392 -2296
5928 -23448 304
17260 -28620 -148
22808 -10228 20652
-10600 -12644 -10668
22968 -25084 -9452
4236 -16292 -5272
7884 -16740 -668
-808 -23844 10672
9576 -12980 3796
6456 -6784 10172
-1912 -1240 3608
13568 -6748 -2208
916 -2748 1704
-14488 -32768 -4544
19952 -32768 12496
-2712 -5584 -1560
568 -4220 -352
24100 -4592 9652
10524 -1976 2112
4480 4316 7384
-12968 -13796 6672
15160 -32768 -7124
6244 -32768 15116
9796 -2776 412
2712 14832 19676
-6760 -19004 -10168
576 -32768 -10464
17968 -29068 -2756
-492 -9996 -1992
-268 -5440 4628
5484 -10560 -2220
20688 -8116 560
-984 -16676 5088
8492 -23576 2936
11336 -24272 5664
3844 -10248 -9056
6488 -14852 -508
1616 -12616 15180
9104 2680 6108
-5156 -11568 6072
-3600 -32768 -14008
8640 -32768 32767
4216 -1640 8992
-5420 -2308 1076
14952 3948 -2312
4748 -22512 -9648
5888 -32768 -3528
7752 -25672 -4320
-3732 -15084 -4476
12908 -27904 19648
9744 -1020 9608
584 716 3892
7564 -12856 -6960
8124 -18492 5264
-17468 -27876 -11892
24376 -17920 -5924
7548 -2440 -3372
3080 -8864 3352
-3200 -19576 -11400
19672 -29248 6784
20792 3060 1196
-4840 -13964 -9248
-456 -27416 -6124
32767 -3572 31512
-9792 8216 17016
-24072 -28292 -8320
21644 -32508 -31608
-864 -10784 836
-14212 -1744 4692
4724 -7020 644
-7444 -20924 -588
26124 -32768 -8408
3892 -11500 9952
10864 3200 332
1772 -316 15776
-96 -9420 -7152
4976 -31452 -3712
4784 -32768 -9836
9976 -19464 -524
-4012 -5000 6764
9716 5820 3012
17968 8604 5200
-8160 -4684 1644
-992 -27880 -25848
16092 -32768 -32768
-12800 -17068 -5060
13216 -8696 -1580
10908 2884 20348
11008 -9880 5272
-6944 -21300 19140
13464 -16208 -6760
4252 -8508 17492
-5420 -1628 -3556
-3088 -16412 -9388
6632 -18440 -268
-5420 -9024 2820
-12232 -19180 2856
236 -32768 -17460
23640 -19656 -344
3624 8556 11120
476 3840 8336
13604 -5292 340
-1264 -32768 -1908
14068 -23004 -9124
14804 -3072 13736
-5636 -12756 -6220
4092 -25836 -14048
19292 -22492 7824
-5684 -1960 11352
-14852 -27588 -11636
32767 -23676 2728
7208 4148 5520
-436 9524 604
-1828 -2204 1948
17588 -32768 -15556
8892 -17180 1784
-9900 -10248 9092
-40 -15116 5780
15780 -24684 -972
-8128 -32768 2568
-1576 -26344 640
12580 -4628 5872
-3780 -18292 1632
-1736 -29116 156
15712 -10820 4576
3000 -3028 2812
-3416 -18580 -11804
16620 -22316 -2728
2688 -14544 3796
-548 -204 2632
3912 5576 7396
4892 -16772 13028
19160 -30748 -5836
-2580 -27936 1628
5584 -3472 -4044
10076 1432 3724
18228 -5824 15792
5656 -4424 4116
-6460 -21392 -17972
16760 -32768 -25176
-6708 -11816 -4896
-3596 -13788 1196
1520 -25952 10108
15788 -32768 -596
6164 -5132 10312
-10136 -8420 -7712
6564 -20480 -4680
13044 -10920 1772
1972 -2796 4020
3424 -13308 1628
6016 -29948 -9132
2044 -28408 -9296
4020 -6704 6564
13128 3324 5980
4652 -9000 -6364
18744 -12212 -552
-848 -32768 2284
11212 -32768 -8860
13936 -9648 5036
8212 15904 9264
-13264 -1484 7148
6576 -26716 -17652
1648 -32768 6148
7040 -14092 18416
5908 3800 16372
-3128 -3844 -5216
548 -13200 -7736
10204 -32768 1276
-1636 -27048 4140
14460 -4024 -1252
10824 2968 1536
-212 -4292 -1516
8220 -12460 -1768
9992 -18848 12548
4224 -32768 -2068
7372 -28128 -10076
9324 5604 7508
6332 13708 15348
1932 -12640 -496
9196 -26720 -15280
5636 -32768 3676
2128 -27356 360
12900 664 1244
12296 12888 2448
-6036 4840 1248
-4712 -13604 128
8160 -32768 -1932
8824 -32768 10724
16764 -1772 1064
3536 10576 7064
2780 -2928 -1316
7468 -19104 6232
14392 -30012 2284
3080 -26096 3980
-1436 -18476 1036
8344 -14824 -4380
14480 -5224 4496
6604 4728 13048
220 -5480 10292
-356 -25480 3172
4560 -32768 -3236
504 -22780 -5300
18808 -6692 -1528
5264 -2204 7628
15916 2632 5452
-4668 -17732 308
-7068 -32768 -23792
-964 -32768 17716
4676 -2804 3476
14648 -2784 -520
9204 3136 6092
6216 5316 772
-4324 -13932 -4532
10268 -32768 -23444
2688 -21276 -10460
-9504 -8840 1280
18480 -1124 5512
11108 -6120 1756
4384 -932 -8908
456 -8892 6032
-4256 -32768 460
20264 -32768 -14024
17228 1532 280
912 11884 8144
1624 4240 17612
4008 -9252 -4408
4920 -23860 8372
-1880 -32768 4952
9112 -18568 -3924
20708 -2052 1728
-3444 -5204 -1304
-5708 -21188 1032
16080 -20284 5424
-3452 -20836 808
2544 -17776 -1000
7128 -22452 108
13520 -12332 4620
2856 -4068 -968
20140 3212 6288
2220 -10884 2816
-992 -22308 -10992
5428 -27976 11184
6484 -21644 -456
15324 -920 6580
2072 7296 3692
-11928 -18920 -484
20192 -32768 -13380
3524 -18924 -2840
308 -9432 3056
-1236 -24748 1464
16964 -8116 5260
7444 -140 10248
-6512 -13824 -5672
10060 -30988 -7552
7648 -21104 6052
-8192 -11852 1304
11080 -10560 6788
4716 -21376 404
-3648 -22492 -1512
21172 712 8032
2324 5704 16560
-764 -11088 -6488
13484 -25428 -7980
7060 -12996 -5244
-1304 -13580 3492
14840 -22188 7036
7656 -6816 -2016
-1268 -5420 432
-4952 -30508 108
20400 -32768 -6668
-1308 -9160 8612
-6832 -5472 -3536
4880 -20792 -932
-8700 -32768 3172
17048 -19796 -4484
9064 3720 3104
-3572 11288 3968
2232 1636 -7548
-7484 -32768 -900
20288 -32768 -12240
-64 3108 11456
-11484 -9820 -4012
26976 -5756 -5588
14908 -13440 8988
6296 -12396 -572
9708 -15364 1636
18172 -11568 5932
4748 -3332 10508
10420 -10080 -3376
-3636 -17560 3460
8708 -24588 3144
-5032 -28664 -432
-8788 -19460 -9652
14840 -3684 4768
-164 -24380 6992
3352 -32768 -7604
3756 -20612 -11928
3076 -444 6984
4524 6324 7320
-2820 -6332 10348
10868 -11332 3088
-7096 -32552 -7004
15720 -32768 -7632
8616 -4732 4964
4452 3676 6604
7644 6048 7692
2556 -16120 -5496
9208 -32768 3772
7880 -11072 16920
-4748 4392 2500
-336 -15184 -2612
27344 -25328 -8180
4092 -11476 -6708
11448 8800 10096
-3508 -4332 9824
3132 -20000 -17832
-12624 -32768 -30544
1252 -29544 7568
14412 -1540 7376
-3600 6320 9248
-13236 -12852 -2168
15952 -20560 4624
-6852 -27000 -2248
3752 -32768 -3080
16572 -10684 5736
-4388 -7180 7192
9124 -18068 -72
23224 -14068 2372
-88 -6924 4612
7600 -4992 -2136
11496 -1888 9112
4056 -3056 -2392
-1000 -20300 3804
6640 -32768 -7836
19320 -12256 32
-7516 3300 10896
-12840 -22220 -8884
20836 -25924 -20376
180 -6548 6412
3888 1332 -3220
11340 -7480 5276
12176 -26132 -18156
8324 -17388 32767
1264 1356 10208
-3932 -23164 -2792
5716 -32768 -10568
12576 -17384 -1040
-4980 -656 10960
-5972 -1112 4116
10036 -15628 -1304
13340 -23748 596
8500 -21668 2904
3924 -20496 1548
13240 2284 8908
956 -1024 4492
-2680 -32768 -6568
14720 -32768 11264
8076 1872 8776
8724 6248 13460
-12528 -15036 -8768
14932 -25380 4716
8228 -10604 7848
-7500 -30432 -19956
11808 -9216 22416
6668 6356 5368
-5680 -7392 5288
-14156 -32768 -15116
27068 -21140 31208
18460 8160 14488
-1244 -1520 -8264
7708 -4976 -3560
12276 -31648 -1556
16576 -32768 -3068
14796 -9308 8384
-17424 -24944 -8080
32184 -8140 -15608
5248 8696 -3620
-10616 -5000 -12032
5576 -12272 -5040
2388 -29952 -7408
7460 -11056 40
4596 -9268 7276
0 -22560 -3800
15796 -6012 3248
8048 2720 2872
-9228 -16156 3772
23224 -32768 -12028
2808 -15652 -3012
6124 1088 3588
9456 -9888 10360
-3272 -32768 -6176
11504 -13568 -12108
-2356 1172 8836
-10124 -5856 -16
2156 -22500 -184
6052 -32768 4088
48 -16560 316
-1324 -8592 2120
16748 -6968 920
4056 -24592 13712
2208 -23080 -6536
13980 -6556 23468
6272 -764 6012
4508 800 5692
5468 -1500 4752
9592 -11764 2072
-1288 -29548 4776
22452 -30752 -1652
10788 -5936 3948
-7516 -8324 -3632
-6840 -32768 -12488
16120 -22672 17804
8116 -2452 6380
-5860 3684 4704
-1320 -16984 -10728
7624 -32768 -29088
9316 -9836 3176
-10592 -100 5484
32 -19696 -15132
16380 -25056 16484
-2416 -12956 3348
13192 5592 6384
-176 -80 5696
2128 -10200 -13660
16236 2612 -18692
-4284 -7692 8812
9368 -19988 -404
7428 -22972 2352
-8716 -32768 -5932
20656 -28356 -8140
7664 3372 3420
-5692 4620 14992
3600 -11908 4424
-3376 -32768 -21740
17104 -25720 -2836
-4060 1048 3396
-8128 -5504 1804
3792 -17164 -10684
12884 -28228 8880
3584 3100 5636
-3140 5220 6352
3260 -1940 1088
5540 -25464 -8032
5972 -32768 -17272
13364 -17996 3276
2328 -7716 -10048
22896 -1016 8036
7704 -972 6256
-24156 -17324 -9948
27272 -31964 -7024
1812 -18396 -17328
-9656 -15348 -10460
17268 -12808 10844
-17136 -21600 5184
19436 -12616 348
-6740 -13232 -6068
6064 -32768 -8584
14648 -12728 14832
2628 -8 3772
9000 -6112 5392
-4384 -24132 4180
22860 -16484 7556
20924 1088 15548
3984 8128 6288
-9940 -18172 -1152
5256 -32768 3332
27672 -32768 15628
3520 -1060 13744
4716 12036 3248
1480 -19868 20384
-8696 -32768 -24672
26540 -4752 32767
-32172 -4672 11780
11412 -15828 -5272
20028 -20856 24888
-15236 -7900 8728
10060 -11076 -1048
644 -25840 -17436
7740 -25348 700
12296 -8152 11168
920 -3512 9488
11924 -12652 -2796
11252 -28976 -1184
-5476 -17116 -8276
6688 -7932 1576
6876 -8136 13260
20284 892 20208
1896 7736 16272
-11656 -17416 -6948
24116 -32768 -30424
6968 -12064 -20764
-2580 2580 -2920
-11884 -7428 15836
25812 -17392 -6916
-5528 -21040 18072
5172 -25052 -1212
14444 -32768 -12908
7688 -14820 -8416
8104 1840 8004
-884 4184 20356
8328 -8952 -5860
7972 -15360 1384
-11248 -31936 -2144
13388 -26288 13412
8788 -4768 6320
7788 -7660 -10100
17000 -22508 17136
-4076 -31396 -10172
4744 -12480 12504
16588 -16 9040
12284 7484 4508
-6724 -19012 -12212
23844 -32768 -10756
8060 -7520 -3952
-9512 -9972 -12440
644 -18400 -10308
4604 -23396 5456
4720 -16388 2952
19364 2768 -3068
6040 2092 -968
5272 -15288 -11424
8740 -27176 -4712
4160 -10180 -5232
3108 -15292 -8388
12344 -29140 23232
8256 -6112 10552
-11952 -26748 -10804
16528 -9568 28200
-7328 -4044 10620
-632 -9004 -5128
11436 -21624 -3820
-8204 -23596 -7556
14452 -15044 664
4120 -7544 5220
-1500 -10924 -3776
17604 -28144 5476
-428 -8356 -5104
9672 6712 1968
-6736 -6696 14720
-16124 -32768 -32768
32767 -28448 32767
-11040 -520 700
5408 9344 -5920
3136 -6724 3632
8548 -6112 1128
-4356 -22944 -2260
14060 -31416 5176
-2260 -32768 -10236
5328 -8776 3736
11236 320 13172
-6816 -14052 9116
7012 -24100 -15648
17308 -13412 4272
-7340 -13440 -8356
696 -25312 -6500
24520 -25408 3388
7732 -3180 9592
5212 4552 13140
3448 -11936 -2852
2104 -29580 -2948
9660 -26308 8952
-2752 -12396 -2572
12484 -9336 -3092
-424 -21932 13184
7408 -13204 -928
7544 480 11404
-14704 -1476 -808
5584 -29984 -20052
17232 -32768 26204
5592 -2424 732
1384 3768 8192
-13484 -13336 7596
31904 -27568 10812
-16592 -10292 19052
7736 -19412 -152
15520 -23172 12980
1160 -7340 -6396
2276 2380 588
2412 -9024 2952
-2688 -32768 -11132
12608 -26920 32767
10864 4480 16916
-3760 10212 2384
2452 -10856 -11028
16008 -20500 17324
-6644 -10796 11064
6236 -26368 -14496
11560 -31560 13908
11548 -7860 5104
-8552 1144 14452
4624 -13816 -3884
12324 -16824 -13072
-2040 -20392 -10416
13608 -13648 -6032
6212 -3388 6428
-5360 -10064 1740
14504 -26696 -1380
-2692 -23236 -2452
13696 1368 -1376
-8820 -18960 300
4680 -32768 -3616
10628 -25812 32767
5468 -12780 4796
9752 -1712 16192
6120 -15212 184
-916 -9856 11072
-3536 -29516 4264
15476 -15304 5072
7608 5992 9792
-10444 -1464 7152
4368 -32768 -19872
17548 -32768 32767
1208 -1168 16956
-7756 -6116 -3024
25856 -21636 -3872
168 -14476 640
3892 -4708 -980
628 -24140 6852
4632 -32768 -19536
16144 -19160 24820
-7616 5532 7012
20272 8408 772
-3280 -2992 -11460
8380 -32768 -23852
12572 -32768 24468
-1268 -7296 -19128
13636 5860 -8012
456 68 9424
2116 -12940 -11552
3040 -32768 -14036
17652 -21364 9336
-5352 5432 3524
12684 -3724 -9356
13092 -12180 -6976
6916 -28976 4976
18800 -8488 13472
-10056 -10228 2652
-896 -32768 -12312
11116 -14920 21392
-11656 -8364 11488
7616 -11384 -2496
8020 -18028 -380
-14420 -27772 -6948
22216 -20540 2852
8520 76 14516
-10672 3344 9432
10132 -11456 2868
16520 -32768 19820
8800 -11776 4408
-4776 -7536 -704
16280 -7548 -1192
8212 -14232 17160
4164 -15892 -14924
14004 -27004 -20912
-2672 -24108 3400
4772 996 1420
13012 -1968 7736
-5696 -16144 5340
12552 -12424 2856
14160 3800 11936
-17452 -20228 -636
30776 -31356 -4676
-3396 -11352 8944
30524 -7400 -17108
3016 -11188 672
2880 -22680 -20996
17304 -22432 32767
8316 -8236 -204
2752 -9916 1680
5428 -29312 -13580
13640 -20516 10192
-1896 -4036 14824
-116 1736 12864
7760 -6048 2704
-436 -13984 588
2540 -30728 -7952
21012 -32768 1472
796 -13604 -3768
10076 7572 3344
-1972 -3352 15768
13048 -20564 -11764
13304 -32768 22112
17708 604 -3100
6444 4824 1596
-6028 -2676 5228
15684 -24180 7436
720 -30808 1268
11408 -14120 -5668
-2768 -8852 -4708
3060 -9928 -96
-11896 -31636 4720
17628 -29936 8460
24716 616 8300
-7236 6548 5904
4844 -13864 -8256
4816 -24008 -14696
5620 -26068 14880
14472 -1888 5332
-2792 4496 1640
1712 -1652 -5320
-108 -25452 -376
7128 -32768 -212
10276 -18904 8024
-3116 -2404 1184
15736 1860 -1820
-1756 -17080 22028
1496 -32768 -6196
14452 -13088 12892
10924 10228 7552
-6860 -720 -464
-1656 -10860 -11784
13840 -28484 3004
5176 -14628 4484
5772 -2112 8520
6468 -13468 428
7352 -29616 -11632
2796 -14992 9216
12100 -7880 -12312
-3504 -9132 -13824
6564 -9284 -1632
-60 -18772 -5512
-1936 -22388 -10652
11672 -420 10460
-4304 -12324 -3416
9116 -16452 -3592
-3312 -22976 -5652
2852 -28132 -7904
18908 -6400 27412
-2548 5484 8204
-264 -10228 -4336
1040 -30732 -17088
9828 -31860 -740
-4104 -752 14176
8868 5604 -4852
-188 -3908 472
-5168 -23996 -1996
17372 -32768 32767
1984 -11984 -2480
20776 1060 76
-9036 -13344 -3328
12508 -26744 -16804
20176 -4440 14500
-11972 -8332 -6376
12532 -14584 -5520
-252 -32768 6080
8696 -15148 5468
19896 3216 5436
4828 7312 256
-2532 -10488 -2444
8076 -32768 -17760
4672 -28256 17960
-152 8240 7424
64 -4636 3888
5932 -9356 -4792
8808 -16336 3484
6600 -14568 2308
3400 -13272 -1808
1632 -32604 -3076
6636 -29500 5176
3760 -12360 5064
20324 -3332 3992
-9788 -11060 1420
22812 -1848 4008
-2916 -21436 4792
-3504 -32768 -31100
5080 -24384 4512
6832 -388 6028
8992 12100 11116
-13084 -4748 11040
10560 -25144 -17096
17860 -32768 7872
10224 -23760 -7276
14228 2056 13140